q8#####[{"Plan": {"Node Type": "Sort", "Parallel Aware": false, "Startup Cost": 250787.46, "Total Cost": 250787.96, "Plan Rows": 200, "Plan Width": 61, "Actual Startup Time": 25185.391, "Actual Total Time": 25186.656, "Actual Rows": 5, "Actual Loops": 1, "Output": ["nation.n_name", "(sum((lineitem.l_extendedprice * ('1'::numeric - lineitem.l_discount))))"], "Sort Key": ["(sum((lineitem.l_extendedprice * ('1'::numeric - lineitem.l_discount)))) DESC"], "Sort Method": "quicksort", "Sort Space Used": 25, "Sort Space Type": "Memory", "Plans": [{"Node Type": "Aggregate", "Strategy": "Sorted", "Partial Mode": "Simple", "Parent Relationship": "Outer", "Parallel Aware": false, "Startup Cost": 250774.69, "Total Cost": 250779.81, "Plan Rows": 200, "Plan Width": 61, "Actual Startup Time": 25180.919, "Actual Total Time": 25185.457, "Actual Rows": 5, "Actual Loops": 1, "Output": ["nation.n_name", "sum((lineitem.l_extendedprice * ('1'::numeric - lineitem.l_discount)))"], "Group Key": ["nation.n_name"], "Plans": [{"Node Type": "Sort", "Parent Relationship": "Outer", "Parallel Aware": false, "Startup Cost": 250774.69, "Total Cost": 250775.21, "Plan Rows": 210, "Plan Width": 41, "Actual Startup Time": 25179.166, "Actual Total Time": 25181.25, "Actual Rows": 7378, "Actual Loops": 1, "Output": ["nation.n_name", "lineitem.l_extendedprice", "lineitem.l_discount"], "Sort Key": ["nation.n_name"], "Sort Method": "quicksort", "Sort Space Used": 766, "Sort Space Type": "Memory", "Plans": [{"Node Type": "Hash Join", "Parent Relationship": "Outer", "Parallel Aware": false, "Join Type": "Inner", "Startup Cost": 55650.09, "Total Cost": 250766.59, "Plan Rows": 210, "Plan Width": 41, "Actual Startup Time": 4357.962, "Actual Total Time": 25139.319, "Actual Rows": 7378, "Actual Loops": 1, "Output": ["nation.n_name", "lineitem.l_extendedprice", "lineitem.l_discount"], "Inner Unique": false, "Hash Cond": "((lineitem.l_suppkey = supplier.s_suppkey) AND (customer.c_nationkey = supplier.s_nationkey))", "Plans": [{"Node Type": "Hash Join", "Parent Relationship": "Outer", "Parallel Aware": false, "Join Type": "Inner", "Startup Cost": 55178.09, "Total Cost": 250253.09, "Plan Rows": 5253, "Plan Width": 53, "Actual Startup Time": 4260.021, "Actual Total Time": 24942.525, "Actual Rows": 183585, "Actual Loops": 1, "Output": ["customer.c_nationkey", "lineitem.l_extendedprice", "lineitem.l_discount", "lineitem.l_suppkey", "nation.n_name", "nation.n_nationkey"], "Inner Unique": false, "Hash Cond": "(lineitem.l_orderkey = orders.o_orderkey)", "Plans": [{"Node Type": "Seq Scan", "Parent Relationship": "Outer", "Parallel Aware": false, "Relation Name": "lineitem", "Schema": "public", "Alias": "lineitem", "Startup Cost": 0.0, "Total Cost": 172517.16, "Plan Rows": 6001416, "Plan Width": 20, "Actual Startup Time": 0.05, "Actual Total Time": 18774.926, "Actual Rows": 6001215, "Actual Loops": 1, "Output": ["lineitem.l_orderkey", "lineitem.l_partkey", "lineitem.l_suppkey", "lineitem.l_linenumber", "lineitem.l_quantity", "lineitem.l_extendedprice", "lineitem.l_discount", "lineitem.l_tax", "lineitem.l_returnflag", "lineitem.l_linestatus", "lineitem.l_shipdate", "lineitem.l_commitdate", "lineitem.l_receiptdate", "lineitem.l_shipinstruct", "lineitem.l_shipmode", "lineitem.l_comment"]}, {"Node Type": "Hash", "Parent Relationship": "Inner", "Parallel Aware": false, "Startup Cost": 55161.68, "Total Cost": 55161.68, "Plan Rows": 1313, "Plan Width": 41, "Actual Startup Time": 4259.609, "Actual Total Time": 4259.825, "Actual Rows": 45731, "Actual Loops": 1, "Output": ["customer.c_nationkey", "orders.o_orderkey", "nation.n_name", "nation.n_nationkey"], "Hash Buckets": 65536, "Original Hash Buckets": 2048, "Hash Batches": 1, "Original Hash Batches": 1, "Peak Memory Usage": 2871, "Plans": [{"Node Type": "Hash Join", "Parent Relationship": "Outer", "Parallel Aware": false, "Join Type": "Inner", "Startup Cost": 5700.16, "Total Cost": 55161.68, "Plan Rows": 1313, "Plan Width": 41, "Actual Startup Time": 1258.575, "Actual Total Time": 4226.868, "Actual Rows": 45731, "Actual Loops": 1, "Output": ["customer.c_nationkey", "orders.o_orderkey", "nation.n_name", "nation.n_nationkey"], "Inner Unique": false, "Hash Cond": "(orders.o_custkey = customer.c_custkey)", "Plans": [{"Node Type": "Seq Scan", "Parent Relationship": "Outer", "Parallel Aware": false, "Relation Name": "orders", "Schema": "public", "Alias": "orders", "Startup Cost": 0.0, "Total Cost": 48595.0, "Plan Rows": 227574, "Plan Width": 8, "Actual Startup Time": 0.008, "Actual Total Time": 2887.505, "Actual Rows": 228637, "Actual Loops": 1, "Output": ["orders.o_orderkey", "orders.o_custkey", "orders.o_orderstatus", "orders.o_totalprice", "orders.o_orderdate", "orders.o_orderpriority", "orders.o_clerk", "orders.o_shippriority", "orders.o_comment"], "Filter": "((orders.o_orderdate >= '1995-01-01'::date) AND (orders.o_orderdate < '1996-01-01 00:00:00'::timestamp without time zone))", "Rows Removed by Filter": 1271363}, {"Node Type": "Hash", "Parent Relationship": "Inner", "Parallel Aware": false, "Startup Cost": 5689.34, "Total Cost": 5689.34, "Plan Rows": 865, "Plan Width": 41, "Actual Startup Time": 1257.929, "Actual Total Time": 1258.115, "Actual Rows": 30183, "Actual Loops": 1, "Output": ["customer.c_custkey", "customer.c_nationkey", "nation.n_name", "nation.n_nationkey"], "Hash Buckets": 32768, "Original Hash Buckets": 1024, "Hash Batches": 1, "Original Hash Batches": 1, "Peak Memory Usage": 1813, "Plans": [{"Node Type": "Hash Join", "Parent Relationship": "Outer", "Parallel Aware": false, "Join Type": "Inner", "Startup Cost": 33.02, "Total Cost": 5689.34, "Plan Rows": 865, "Plan Width": 41, "Actual Startup Time": 1.865, "Actual Total Time": 1216.869, "Actual Rows": 30183, "Actual Loops": 1, "Output": ["customer.c_custkey", "customer.c_nationkey", "nation.n_name", "nation.n_nationkey"], "Inner Unique": false, "Hash Cond": "(customer.c_nationkey = nation.n_nationkey)", "Plans": [{"Node Type": "Seq Scan", "Parent Relationship": "Outer", "Parallel Aware": false, "Relation Name": "customer", "Schema": "public", "Alias": "customer", "Startup Cost": 0.0, "Total Cost": 5085.0, "Plan Rows": 150000, "Plan Width": 8, "Actual Startup Time": 0.012, "Actual Total Time": 128.102, "Actual Rows": 150000, "Actual Loops": 1, "Output": ["customer.c_custkey", "customer.c_name", "customer.c_address", "customer.c_nationkey", "customer.c_phone", "customer.c_acctbal", "customer.c_mktsegment", "customer.c_comment"]}, {"Node Type": "Hash", "Parent Relationship": "Inner", "Parallel Aware": false, "Startup Cost": 32.99, "Total Cost": 32.99, "Plan Rows": 3, "Plan Width": 33, "Actual Startup Time": 1.805, "Actual Total Time": 1.905, "Actual Rows": 5, "Actual Loops": 1, "Output": ["nation.n_name", "nation.n_nationkey"], "Hash Buckets": 1024, "Original Hash Buckets": 1024, "Hash Batches": 1, "Original Hash Batches": 1, "Peak Memory Usage": 9, "Plans": [{"Node Type": "Hash Join", "Parent Relationship": "Outer", "Parallel Aware": false, "Join Type": "Inner", "Startup Cost": 16.54, "Total Cost": 32.99, "Plan Rows": 3, "Plan Width": 33, "Actual Startup Time": 1.796, "Actual Total Time": 1.89, "Actual Rows": 5, "Actual Loops": 1, "Output": ["nation.n_name", "nation.n_nationkey"], "Inner Unique": true, "Hash Cond": "(nation.n_regionkey = region.r_regionkey)", "Plans": [{"Node Type": "Seq Scan", "Parent Relationship": "Outer", "Parallel Aware": false, "Relation Name": "nation", "Schema": "public", "Alias": "nation", "Startup Cost": 0.0, "Total Cost": 15.1, "Plan Rows": 510, "Plan Width": 37, "Actual Startup Time": 0.003, "Actual Total Time": 0.075, "Actual Rows": 25, "Actual Loops": 1, "Output": ["nation.n_nationkey", "nation.n_name", "nation.n_regionkey", "nation.n_comment"]}, {"Node Type": "Hash", "Parent Relationship": "Inner", "Parallel Aware": false, "Startup Cost": 16.5, "Total Cost": 16.5, "Plan Rows": 3, "Plan Width": 4, "Actual Startup Time": 0.014, "Actual Total Time": 0.018, "Actual Rows": 1, "Actual Loops": 1, "Output": ["region.r_regionkey"], "Hash Buckets": 1024, "Original Hash Buckets": 1024, "Hash Batches": 1, "Original Hash Batches": 1, "Peak Memory Usage": 9, "Plans": [{"Node Type": "Seq Scan", "Parent Relationship": "Outer", "Parallel Aware": false, "Relation Name": "region", "Schema": "public", "Alias": "region", "Startup Cost": 0.0, "Total Cost": 16.5, "Plan Rows": 3, "Plan Width": 4, "Actual Startup Time": 0.008, "Actual Total Time": 0.009, "Actual Rows": 1, "Actual Loops": 1, "Output": ["region.r_regionkey"], "Filter": "((region.r_name)::text = 'ASIA'::text)", "Rows Removed by Filter": 4}]}]}]}]}]}]}]}]}, {"Node Type": "Hash", "Parent Relationship": "Inner", "Parallel Aware": false, "Startup Cost": 322.0, "Total Cost": 322.0, "Plan Rows": 10000, "Plan Width": 8, "Actual Startup Time": 96.558, "Actual Total Time": 96.559, "Actual Rows": 10000, "Actual Loops": 1, "Output": ["supplier.s_suppkey", "supplier.s_nationkey"], "Hash Buckets": 16384, "Original Hash Buckets": 16384, "Hash Batches": 1, "Original Hash Batches": 1, "Peak Memory Usage": 519, "Plans": [{"Node Type": "Seq Scan", "Parent Relationship": "Outer", "Parallel Aware": false, "Relation Name": "supplier", "Schema": "public", "Alias": "supplier", "Startup Cost": 0.0, "Total Cost": 322.0, "Plan Rows": 10000, "Plan Width": 8, "Actual Startup Time": 0.029, "Actual Total Time": 81.857, "Actual Rows": 10000, "Actual Loops": 1, "Output": ["supplier.s_suppkey", "supplier.s_nationkey"]}]}]}]}]}]}, "Planning Time": 20.518, "Triggers": [], "Execution Time": 25207.859}]
q6#####[{"Plan": {"Node Type": "Sort", "Parallel Aware": false, "Startup Cost": 250766.85, "Total Cost": 250767.35, "Plan Rows": 200, "Plan Width": 61, "Actual Startup Time": 25180.25, "Actual Total Time": 25183.452, "Actual Rows": 5, "Actual Loops": 1, "Output": ["nation.n_name", "(sum((lineitem.l_extendedprice * ('1'::numeric - lineitem.l_discount))))"], "Sort Key": ["(sum((lineitem.l_extendedprice * ('1'::numeric - lineitem.l_discount)))) DESC"], "Sort Method": "quicksort", "Sort Space Used": 25, "Sort Space Type": "Memory", "Plans": [{"Node Type": "Aggregate", "Strategy": "Sorted", "Partial Mode": "Simple", "Parent Relationship": "Outer", "Parallel Aware": false, "Startup Cost": 250754.13, "Total Cost": 250759.21, "Plan Rows": 200, "Plan Width": 61, "Actual Startup Time": 25177.305, "Actual Total Time": 25183.286, "Actual Rows": 5, "Actual Loops": 1, "Output": ["nation.n_name", "sum((lineitem.l_extendedprice * ('1'::numeric - lineitem.l_discount)))"], "Group Key": ["nation.n_name"], "Plans": [{"Node Type": "Sort", "Parent Relationship": "Outer", "Parallel Aware": false, "Startup Cost": 250754.13, "Total Cost": 250754.65, "Plan Rows": 206, "Plan Width": 41, "Actual Startup Time": 25176.212, "Actual Total Time": 25180.004, "Actual Rows": 7380, "Actual Loops": 1, "Output": ["nation.n_name", "lineitem.l_extendedprice", "lineitem.l_discount"], "Sort Key": ["nation.n_name"], "Sort Method": "quicksort", "Sort Space Used": 769, "Sort Space Type": "Memory", "Plans": [{"Node Type": "Hash Join", "Parent Relationship": "Outer", "Parallel Aware": false, "Join Type": "Inner", "Startup Cost": 55631.66, "Total Cost": 250746.22, "Plan Rows": 206, "Plan Width": 41, "Actual Startup Time": 4356.684, "Actual Total Time": 25128.647, "Actual Rows": 7380, "Actual Loops": 1, "Output": ["nation.n_name", "lineitem.l_extendedprice", "lineitem.l_discount"], "Inner Unique": false, "Hash Cond": "((lineitem.l_suppkey = supplier.s_suppkey) AND (customer.c_nationkey = supplier.s_nationkey))", "Plans": [{"Node Type": "Hash Join", "Parent Relationship": "Outer", "Parallel Aware": false, "Join Type": "Inner", "Startup Cost": 55159.66, "Total Cost": 250233.58, "Plan Rows": 5143, "Plan Width": 53, "Actual Startup Time": 4261.948, "Actual Total Time": 24947.739, "Actual Rows": 185392, "Actual Loops": 1, "Output": ["customer.c_nationkey", "lineitem.l_extendedprice", "lineitem.l_discount", "lineitem.l_suppkey", "nation.n_name", "nation.n_nationkey"], "Inner Unique": false, "Hash Cond": "(lineitem.l_orderkey = orders.o_orderkey)", "Plans": [{"Node Type": "Seq Scan", "Parent Relationship": "Outer", "Parallel Aware": false, "Relation Name": "lineitem", "Schema": "public", "Alias": "lineitem", "Startup Cost": 0.0, "Total Cost": 172517.16, "Plan Rows": 6001416, "Plan Width": 20, "Actual Startup Time": 0.021, "Actual Total Time": 18821.283, "Actual Rows": 6001215, "Actual Loops": 1, "Output": ["lineitem.l_orderkey", "lineitem.l_partkey", "lineitem.l_suppkey", "lineitem.l_linenumber", "lineitem.l_quantity", "lineitem.l_extendedprice", "lineitem.l_discount", "lineitem.l_tax", "lineitem.l_returnflag", "lineitem.l_linestatus", "lineitem.l_shipdate", "lineitem.l_commitdate", "lineitem.l_receiptdate", "lineitem.l_shipinstruct", "lineitem.l_shipmode", "lineitem.l_comment"]}, {"Node Type": "Hash", "Parent Relationship": "Inner", "Parallel Aware": false, "Startup Cost": 55143.59, "Total Cost": 55143.59, "Plan Rows": 1286, "Plan Width": 41, "Actual Startup Time": 4261.863, "Actual Total Time": 4264.188, "Actual Rows": 46468, "Actual Loops": 1, "Output": ["customer.c_nationkey", "orders.o_orderkey", "nation.n_name", "nation.n_nationkey"], "Hash Buckets": 65536, "Original Hash Buckets": 2048, "Hash Batches": 1, "Original Hash Batches": 1, "Peak Memory Usage": 2942, "Plans": [{"Node Type": "Hash Join", "Parent Relationship": "Outer", "Parallel Aware": false, "Join Type": "Inner", "Startup Cost": 5700.16, "Total Cost": 55143.59, "Plan Rows": 1286, "Plan Width": 41, "Actual Startup Time": 1256.837, "Actual Total Time": 4222.034, "Actual Rows": 46468, "Actual Loops": 1, "Output": ["customer.c_nationkey", "orders.o_orderkey", "nation.n_name", "nation.n_nationkey"], "Inner Unique": false, "Hash Cond": "(orders.o_custkey = customer.c_custkey)", "Plans": [{"Node Type": "Seq Scan", "Parent Relationship": "Outer", "Parallel Aware": false, "Relation Name": "orders", "Schema": "public", "Alias": "orders", "Startup Cost": 0.0, "Total Cost": 48595.0, "Plan Rows": 222822, "Plan Width": 8, "Actual Startup Time": 0.013, "Actual Total Time": 2879.445, "Actual Rows": 228464, "Actual Loops": 1, "Output": ["orders.o_orderkey", "orders.o_custkey", "orders.o_orderstatus", "orders.o_totalprice", "orders.o_orderdate", "orders.o_orderpriority", "orders.o_clerk", "orders.o_shippriority", "orders.o_comment"], "Filter": "((orders.o_orderdate >= '1996-01-10'::date) AND (orders.o_orderdate < '1997-01-10 00:00:00'::timestamp without time zone))", "Rows Removed by Filter": 1271536}, {"Node Type": "Hash", "Parent Relationship": "Inner", "Parallel Aware": false, "Startup Cost": 5689.34, "Total Cost": 5689.34, "Plan Rows": 865, "Plan Width": 41, "Actual Startup Time": 1256.788, "Actual Total Time": 1256.829, "Actual Rows": 30197, "Actual Loops": 1, "Output": ["customer.c_custkey", "customer.c_nationkey", "nation.n_name", "nation.n_nationkey"], "Hash Buckets": 32768, "Original Hash Buckets": 1024, "Hash Batches": 1, "Original Hash Batches": 1, "Peak Memory Usage": 1837, "Plans": [{"Node Type": "Hash Join", "Parent Relationship": "Outer", "Parallel Aware": false, "Join Type": "Inner", "Startup Cost": 33.02, "Total Cost": 5689.34, "Plan Rows": 865, "Plan Width": 41, "Actual Startup Time": 0.569, "Actual Total Time": 1237.917, "Actual Rows": 30197, "Actual Loops": 1, "Output": ["customer.c_custkey", "customer.c_nationkey", "nation.n_name", "nation.n_nationkey"], "Inner Unique": false, "Hash Cond": "(customer.c_nationkey = nation.n_nationkey)", "Plans": [{"Node Type": "Seq Scan", "Parent Relationship": "Outer", "Parallel Aware": false, "Relation Name": "customer", "Schema": "public", "Alias": "customer", "Startup Cost": 0.0, "Total Cost": 5085.0, "Plan Rows": 150000, "Plan Width": 8, "Actual Startup Time": 0.018, "Actual Total Time": 129.726, "Actual Rows": 150000, "Actual Loops": 1, "Output": ["customer.c_custkey", "customer.c_name", "customer.c_address", "customer.c_nationkey", "customer.c_phone", "customer.c_acctbal", "customer.c_mktsegment", "customer.c_comment"]}, {"Node Type": "Hash", "Parent Relationship": "Inner", "Parallel Aware": false, "Startup Cost": 32.99, "Total Cost": 32.99, "Plan Rows": 3, "Plan Width": 33, "Actual Startup Time": 0.456, "Actual Total Time": 0.473, "Actual Rows": 5, "Actual Loops": 1, "Output": ["nation.n_name", "nation.n_nationkey"], "Hash Buckets": 1024, "Original Hash Buckets": 1024, "Hash Batches": 1, "Original Hash Batches": 1, "Peak Memory Usage": 9, "Plans": [{"Node Type": "Hash Join", "Parent Relationship": "Outer", "Parallel Aware": false, "Join Type": "Inner", "Startup Cost": 16.54, "Total Cost": 32.99, "Plan Rows": 3, "Plan Width": 33, "Actual Startup Time": 0.448, "Actual Total Time": 0.465, "Actual Rows": 5, "Actual Loops": 1, "Output": ["nation.n_name", "nation.n_nationkey"], "Inner Unique": true, "Hash Cond": "(nation.n_regionkey = region.r_regionkey)", "Plans": [{"Node Type": "Seq Scan", "Parent Relationship": "Outer", "Parallel Aware": false, "Relation Name": "nation", "Schema": "public", "Alias": "nation", "Startup Cost": 0.0, "Total Cost": 15.1, "Plan Rows": 510, "Plan Width": 37, "Actual Startup Time": 0.003, "Actual Total Time": 0.005, "Actual Rows": 25, "Actual Loops": 1, "Output": ["nation.n_nationkey", "nation.n_name", "nation.n_regionkey", "nation.n_comment"]}, {"Node Type": "Hash", "Parent Relationship": "Inner", "Parallel Aware": false, "Startup Cost": 16.5, "Total Cost": 16.5, "Plan Rows": 3, "Plan Width": 4, "Actual Startup Time": 0.424, "Actual Total Time": 0.428, "Actual Rows": 1, "Actual Loops": 1, "Output": ["region.r_regionkey"], "Hash Buckets": 1024, "Original Hash Buckets": 1024, "Hash Batches": 1, "Original Hash Batches": 1, "Peak Memory Usage": 9, "Plans": [{"Node Type": "Seq Scan", "Parent Relationship": "Outer", "Parallel Aware": false, "Relation Name": "region", "Schema": "public", "Alias": "region", "Startup Cost": 0.0, "Total Cost": 16.5, "Plan Rows": 3, "Plan Width": 4, "Actual Startup Time": 0.422, "Actual Total Time": 0.422, "Actual Rows": 1, "Actual Loops": 1, "Output": ["region.r_regionkey"], "Filter": "((region.r_name)::text = 'EUROPE'::text)", "Rows Removed by Filter": 4}]}]}]}]}]}]}]}]}, {"Node Type": "Hash", "Parent Relationship": "Inner", "Parallel Aware": false, "Startup Cost": 322.0, "Total Cost": 322.0, "Plan Rows": 10000, "Plan Width": 8, "Actual Startup Time": 91.863, "Actual Total Time": 91.863, "Actual Rows": 10000, "Actual Loops": 1, "Output": ["supplier.s_suppkey", "supplier.s_nationkey"], "Hash Buckets": 16384, "Original Hash Buckets": 16384, "Hash Batches": 1, "Original Hash Batches": 1, "Peak Memory Usage": 519, "Plans": [{"Node Type": "Seq Scan", "Parent Relationship": "Outer", "Parallel Aware": false, "Relation Name": "supplier", "Schema": "public", "Alias": "supplier", "Startup Cost": 0.0, "Total Cost": 322.0, "Plan Rows": 10000, "Plan Width": 8, "Actual Startup Time": 0.013, "Actual Total Time": 87.533, "Actual Rows": 10000, "Actual Loops": 1, "Output": ["supplier.s_suppkey", "supplier.s_nationkey"]}]}]}]}]}]}, "Planning Time": 20.547, "Triggers": [], "Execution Time": 25193.317}]
q3#####[{"Plan": {"Node Type": "Aggregate", "Strategy": "Sorted", "Partial Mode": "Simple", "Parallel Aware": false, "Startup Cost": 262636.32, "Total Cost": 262639.44, "Plan Rows": 89, "Plan Width": 98, "Actual Startup Time": 25382.238, "Actual Total Time": 25391.941, "Actual Rows": 4, "Actual Loops": 1, "Output": ["n1.n_name", "n2.n_name", "(date_part('year'::text, (lineitem.l_shipdate)::timestamp without time zone))", "sum((lineitem.l_extendedprice * ('1'::numeric - lineitem.l_discount)))"], "Group Key": ["n1.n_name", "n2.n_name", "(date_part('year'::text, (lineitem.l_shipdate)::timestamp without time zone))"], "Plans": [{"Node Type": "Sort", "Parent Relationship": "Outer", "Parallel Aware": false, "Startup Cost": 262636.32, "Total Cost": 262636.55, "Plan Rows": 89, "Plan Width": 78, "Actual Startup Time": 25371.549, "Actual Total Time": 25380.501, "Actual Rows": 6033, "Actual Loops": 1, "Output": ["n1.n_name", "n2.n_name", "(date_part('year'::text, (lineitem.l_shipdate)::timestamp without time zone))", "lineitem.l_extendedprice", "lineitem.l_discount"], "Sort Key": ["n1.n_name", "n2.n_name", "(date_part('year'::text, (lineitem.l_shipdate)::timestamp without time zone))"], "Sort Method": "quicksort", "Sort Space Used": 664, "Sort Space Type": "Memory", "Plans": [{"Node Type": "Hash Join", "Parent Relationship": "Outer", "Parallel Aware": false, "Join Type": "Inner", "Startup Cost": 52936.46, "Total Cost": 262633.44, "Plan Rows": 89, "Plan Width": 78, "Actual Startup Time": 4377.99, "Actual Total Time": 25346.056, "Actual Rows": 6033, "Actual Loops": 1, "Output": ["n1.n_name", "n2.n_name", "date_part('year'::text, (lineitem.l_shipdate)::timestamp without time zone)", "lineitem.l_extendedprice", "lineitem.l_discount"], "Inner Unique": false, "Hash Cond": "(lineitem.l_orderkey = orders.o_orderkey)", "Join Filter": "((((n1.n_name)::text = 'ALGERIA'::text) AND ((n2.n_name)::text = 'EGYPT'::text)) OR (((n1.n_name)::text = 'EGYPT'::text) AND ((n2.n_name)::text = 'ALGERIA'::text)))", "Rows Removed by Join Filter": 6071, "Plans": [{"Node Type": "Hash Join", "Parent Relationship": "Outer", "Parallel Aware": false, "Join Type": "Inner", "Startup Cost": 367.41, "Total Cost": 209992.58, "Plan Rows": 18088, "Plan Width": 49, "Actual Startup Time": 123.782, "Actual Total Time": 20660.728, "Actual Rows": 153042, "Actual Loops": 1, "Output": ["lineitem.l_shipdate", "lineitem.l_extendedprice", "lineitem.l_discount", "lineitem.l_orderkey", "n1.n_name"], "Inner Unique": false, "Hash Cond": "(lineitem.l_suppkey = supplier.s_suppkey)", "Plans": [{"Node Type": "Seq Scan", "Parent Relationship": "Outer", "Parallel Aware": false, "Relation Name": "lineitem", "Schema": "public", "Alias": "lineitem", "Startup Cost": 0.0, "Total Cost": 202524.24, "Plan Rows": 1845366, "Plan Width": 24, "Actual Startup Time": 0.293, "Actual Total Time": 20273.728, "Actual Rows": 1828450, "Actual Loops": 1, "Output": ["lineitem.l_orderkey", "lineitem.l_partkey", "lineitem.l_suppkey", "lineitem.l_linenumber", "lineitem.l_quantity", "lineitem.l_extendedprice", "lineitem.l_discount", "lineitem.l_tax", "lineitem.l_returnflag", "lineitem.l_linestatus", "lineitem.l_shipdate", "lineitem.l_commitdate", "lineitem.l_receiptdate", "lineitem.l_shipinstruct", "lineitem.l_shipmode", "lineitem.l_comment"], "Filter": "((lineitem.l_shipdate >= '1995-01-01'::date) AND (lineitem.l_shipdate <= '1996-12-31'::date))", "Rows Removed by Filter": 4172765}, {"Node Type": "Hash", "Parent Relationship": "Inner", "Parallel Aware": false, "Startup Cost": 366.18, "Total Cost": 366.18, "Plan Rows": 98, "Plan Width": 33, "Actual Startup Time": 123.456, "Actual Total Time": 123.488, "Actual Rows": 835, "Actual Loops": 1, "Output": ["supplier.s_suppkey", "n1.n_name"], "Hash Buckets": 1024, "Original Hash Buckets": 1024, "Hash Batches": 1, "Original Hash Batches": 1, "Peak Memory Usage": 44, "Plans": [{"Node Type": "Hash Join", "Parent Relationship": "Outer", "Parallel Aware": false, "Join Type": "Inner", "Startup Cost": 17.71, "Total Cost": 366.18, "Plan Rows": 98, "Plan Width": 33, "Actual Startup Time": 0.562, "Actual Total Time": 123.136, "Actual Rows": 835, "Actual Loops": 1, "Output": ["supplier.s_suppkey", "n1.n_name"], "Inner Unique": true, "Hash Cond": "(supplier.s_nationkey = n1.n_nationkey)", "Plans": [{"Node Type": "Seq Scan", "Parent Relationship": "Outer", "Parallel Aware": false, "Relation Name": "supplier", "Schema": "public", "Alias": "supplier", "Startup Cost": 0.0, "Total Cost": 322.0, "Plan Rows": 10000, "Plan Width": 8, "Actual Startup Time": 0.008, "Actual Total Time": 51.192, "Actual Rows": 10000, "Actual Loops": 1, "Output": ["supplier.s_suppkey", "supplier.s_name", "supplier.s_address", "supplier.s_nationkey", "supplier.s_phone", "supplier.s_acctbal", "supplier.s_comment"]}, {"Node Type": "Hash", "Parent Relationship": "Inner", "Parallel Aware": false, "Startup Cost": 17.65, "Total Cost": 17.65, "Plan Rows": 5, "Plan Width": 33, "Actual Startup Time": 0.536, "Actual Total Time": 0.544, "Actual Rows": 2, "Actual Loops": 1, "Output": ["n1.n_name", "n1.n_nationkey"], "Hash Buckets": 1024, "Original Hash Buckets": 1024, "Hash Batches": 1, "Original Hash Batches": 1, "Peak Memory Usage": 9, "Plans": [{"Node Type": "Seq Scan", "Parent Relationship": "Outer", "Parallel Aware": false, "Relation Name": "nation", "Schema": "public", "Alias": "n1", "Startup Cost": 0.0, "Total Cost": 17.65, "Plan Rows": 5, "Plan Width": 33, "Actual Startup Time": 0.529, "Actual Total Time": 0.532, "Actual Rows": 2, "Actual Loops": 1, "Output": ["n1.n_name", "n1.n_nationkey"], "Filter": "(((n1.n_name)::text = 'ALGERIA'::text) OR ((n1.n_name)::text = 'EGYPT'::text))", "Rows Removed by Filter": 23}]}]}]}]}, {"Node Type": "Hash", "Parent Relationship": "Inner", "Parallel Aware": false, "Startup Cost": 52385.22, "Total Cost": 52385.22, "Plan Rows": 14706, "Plan Width": 33, "Actual Startup Time": 4251.65, "Actual Total Time": 4260.238, "Actual Rows": 118733, "Actual Loops": 1, "Output": ["orders.o_orderkey", "n2.n_name"], "Hash Buckets": 131072, "Original Hash Buckets": 16384, "Hash Batches": 2, "Original Hash Batches": 1, "Peak Memory Usage": 3513, "Plans": [{"Node Type": "Hash Join", "Parent Relationship": "Outer", "Parallel Aware": false, "Join Type": "Inner", "Startup Cost": 5518.12, "Total Cost": 52385.22, "Plan Rows": 14706, "Plan Width": 33, "Actual Startup Time": 1256.753, "Actual Total Time": 4179.822, "Actual Rows": 118733, "Actual Loops": 1, "Output": ["orders.o_orderkey", "n2.n_name"], "Inner Unique": false, "Hash Cond": "(orders.o_custkey = customer.c_custkey)", "Plans": [{"Node Type": "Seq Scan", "Parent Relationship": "Outer", "Parallel Aware": false, "Relation Name": "orders", "Schema": "public", "Alias": "orders", "Startup Cost": 0.0, "Total Cost": 41095.0, "Plan Rows": 1500000, "Plan Width": 8, "Actual Startup Time": 0.142, "Actual Total Time": 2575.295, "Actual Rows": 1500000, "Actual Loops": 1, "Output": ["orders.o_orderkey", "orders.o_custkey", "orders.o_orderstatus", "orders.o_totalprice", "orders.o_orderdate", "orders.o_orderpriority", "orders.o_clerk", "orders.o_shippriority", "orders.o_comment"]}, {"Node Type": "Hash", "Parent Relationship": "Inner", "Parallel Aware": false, "Startup Cost": 5499.73, "Total Cost": 5499.73, "Plan Rows": 1471, "Plan Width": 33, "Actual Startup Time": 1256.585, "Actual Total Time": 1261.33, "Actual Rows": 11920, "Actual Loops": 1, "Output": ["customer.c_custkey", "n2.n_name"], "Hash Buckets": 16384, "Original Hash Buckets": 2048, "Hash Batches": 1, "Original Hash Batches": 1, "Peak Memory Usage": 629, "Plans": [{"Node Type": "Hash Join", "Parent Relationship": "Outer", "Parallel Aware": false, "Join Type": "Inner", "Startup Cost": 17.71, "Total Cost": 5499.73, "Plan Rows": 1471, "Plan Width": 33, "Actual Startup Time": 0.027, "Actual Total Time": 1255.84, "Actual Rows": 11920, "Actual Loops": 1, "Output": ["customer.c_custkey", "n2.n_name"], "Inner Unique": true, "Hash Cond": "(customer.c_nationkey = n2.n_nationkey)", "Plans": [{"Node Type": "Seq Scan", "Parent Relationship": "Outer", "Parallel Aware": false, "Relation Name": "customer", "Schema": "public", "Alias": "customer", "Startup Cost": 0.0, "Total Cost": 5085.0, "Plan Rows": 150000, "Plan Width": 8, "Actual Startup Time": 0.006, "Actual Total Time": 130.402, "Actual Rows": 150000, "Actual Loops": 1, "Output": ["customer.c_custkey", "customer.c_name", "customer.c_address", "customer.c_nationkey", "customer.c_phone", "customer.c_acctbal", "customer.c_mktsegment", "customer.c_comment"]}, {"Node Type": "Hash", "Parent Relationship": "Inner", "Parallel Aware": false, "Startup Cost": 17.65, "Total Cost": 17.65, "Plan Rows": 5, "Plan Width": 33, "Actual Startup Time": 0.009, "Actual Total Time": 1.503, "Actual Rows": 2, "Actual Loops": 1, "Output": ["n2.n_name", "n2.n_nationkey"], "Hash Buckets": 1024, "Original Hash Buckets": 1024, "Hash Batches": 1, "Original Hash Batches": 1, "Peak Memory Usage": 9, "Plans": [{"Node Type": "Seq Scan", "Parent Relationship": "Outer", "Parallel Aware": false, "Relation Name": "nation", "Schema": "public", "Alias": "n2", "Startup Cost": 0.0, "Total Cost": 17.65, "Plan Rows": 5, "Plan Width": 33, "Actual Startup Time": 0.006, "Actual Total Time": 0.008, "Actual Rows": 2, "Actual Loops": 1, "Output": ["n2.n_name", "n2.n_nationkey"], "Filter": "(((n2.n_name)::text = 'EGYPT'::text) OR ((n2.n_name)::text = 'ALGERIA'::text))", "Rows Removed by Filter": 23}]}]}]}]}]}]}]}]}, "Planning Time": 6.035, "Triggers": [], "Execution Time": 25413.67}]
q1#####[{"Plan": {"Node Type": "Aggregate", "Strategy": "Sorted", "Partial Mode": "Simple", "Parallel Aware": false, "Startup Cost": 262636.32, "Total Cost": 262639.44, "Plan Rows": 89, "Plan Width": 98, "Actual Startup Time": 25351.602, "Actual Total Time": 25355.505, "Actual Rows": 4, "Actual Loops": 1, "Output": ["n1.n_name", "n2.n_name", "(date_part('year'::text, (lineitem.l_shipdate)::timestamp without time zone))", "sum((lineitem.l_extendedprice * ('1'::numeric - lineitem.l_discount)))"], "Group Key": ["n1.n_name", "n2.n_name", "(date_part('year'::text, (lineitem.l_shipdate)::timestamp without time zone))"], "Plans": [{"Node Type": "Sort", "Parent Relationship": "Outer", "Parallel Aware": false, "Startup Cost": 262636.32, "Total Cost": 262636.55, "Plan Rows": 89, "Plan Width": 78, "Actual Startup Time": 25348.783, "Actual Total Time": 25351.999, "Actual Rows": 6018, "Actual Loops": 1, "Output": ["n1.n_name", "n2.n_name", "(date_part('year'::text, (lineitem.l_shipdate)::timestamp without time zone))", "lineitem.l_extendedprice", "lineitem.l_discount"], "Sort Key": ["n1.n_name", "n2.n_name", "(date_part('year'::text, (lineitem.l_shipdate)::timestamp without time zone))"], "Sort Method": "quicksort", "Sort Space Used": 663, "Sort Space Type": "Memory", "Plans": [{"Node Type": "Hash Join", "Parent Relationship": "Outer", "Parallel Aware": false, "Join Type": "Inner", "Startup Cost": 52936.46, "Total Cost": 262633.44, "Plan Rows": 89, "Plan Width": 78, "Actual Startup Time": 4329.57, "Actual Total Time": 25292.156, "Actual Rows": 6018, "Actual Loops": 1, "Output": ["n1.n_name", "n2.n_name", "date_part('year'::text, (lineitem.l_shipdate)::timestamp without time zone)", "lineitem.l_extendedprice", "lineitem.l_discount"], "Inner Unique": false, "Hash Cond": "(lineitem.l_orderkey = orders.o_orderkey)", "Join Filter": "((((n1.n_name)::text = 'ALGERIA'::text) AND ((n2.n_name)::text = 'SAUDI ARABIA'::text)) OR (((n1.n_name)::text = 'SAUDI ARABIA'::text) AND ((n2.n_name)::text = 'ALGERIA'::text)))", "Rows Removed by Join Filter": 6021, "Plans": [{"Node Type": "Hash Join", "Parent Relationship": "Outer", "Parallel Aware": false, "Join Type": "Inner", "Startup Cost": 367.41, "Total Cost": 209992.58, "Plan Rows": 18088, "Plan Width": 49, "Actual Startup Time": 77.188, "Actual Total Time": 20572.694, "Actual Rows": 152311, "Actual Loops": 1, "Output": ["lineitem.l_shipdate", "lineitem.l_extendedprice", "lineitem.l_discount", "lineitem.l_orderkey", "n1.n_name"], "Inner Unique": false, "Hash Cond": "(lineitem.l_suppkey = supplier.s_suppkey)", "Plans": [{"Node Type": "Seq Scan", "Parent Relationship": "Outer", "Parallel Aware": false, "Relation Name": "lineitem", "Schema": "public", "Alias": "lineitem", "Startup Cost": 0.0, "Total Cost": 202524.24, "Plan Rows": 1845366, "Plan Width": 24, "Actual Startup Time": 0.01, "Actual Total Time": 20225.178, "Actual Rows": 1828450, "Actual Loops": 1, "Output": ["lineitem.l_orderkey", "lineitem.l_partkey", "lineitem.l_suppkey", "lineitem.l_linenumber", "lineitem.l_quantity", "lineitem.l_extendedprice", "lineitem.l_discount", "lineitem.l_tax", "lineitem.l_returnflag", "lineitem.l_linestatus", "lineitem.l_shipdate", "lineitem.l_commitdate", "lineitem.l_receiptdate", "lineitem.l_shipinstruct", "lineitem.l_shipmode", "lineitem.l_comment"], "Filter": "((lineitem.l_shipdate >= '1995-01-01'::date) AND (lineitem.l_shipdate <= '1996-12-31'::date))", "Rows Removed by Filter": 4172765}, {"Node Type": "Hash", "Parent Relationship": "Inner", "Parallel Aware": false, "Startup Cost": 366.18, "Total Cost": 366.18, "Plan Rows": 98, "Plan Width": 33, "Actual Startup Time": 76.989, "Actual Total Time": 79.025, "Actual Rows": 831, "Actual Loops": 1, "Output": ["supplier.s_suppkey", "n1.n_name"], "Hash Buckets": 1024, "Original Hash Buckets": 1024, "Hash Batches": 1, "Original Hash Batches": 1, "Peak Memory Usage": 46, "Plans": [{"Node Type": "Hash Join", "Parent Relationship": "Outer", "Parallel Aware": false, "Join Type": "Inner", "Startup Cost": 17.71, "Total Cost": 366.18, "Plan Rows": 98, "Plan Width": 33, "Actual Startup Time": 0.311, "Actual Total Time": 78.313, "Actual Rows": 831, "Actual Loops": 1, "Output": ["supplier.s_suppkey", "n1.n_name"], "Inner Unique": true, "Hash Cond": "(supplier.s_nationkey = n1.n_nationkey)", "Plans": [{"Node Type": "Seq Scan", "Parent Relationship": "Outer", "Parallel Aware": false, "Relation Name": "supplier", "Schema": "public", "Alias": "supplier", "Startup Cost": 0.0, "Total Cost": 322.0, "Plan Rows": 10000, "Plan Width": 8, "Actual Startup Time": 0.004, "Actual Total Time": 44.651, "Actual Rows": 10000, "Actual Loops": 1, "Output": ["supplier.s_suppkey", "supplier.s_name", "supplier.s_address", "supplier.s_nationkey", "supplier.s_phone", "supplier.s_acctbal", "supplier.s_comment"]}, {"Node Type": "Hash", "Parent Relationship": "Inner", "Parallel Aware": false, "Startup Cost": 17.65, "Total Cost": 17.65, "Plan Rows": 5, "Plan Width": 33, "Actual Startup Time": 0.031, "Actual Total Time": 0.047, "Actual Rows": 2, "Actual Loops": 1, "Output": ["n1.n_name", "n1.n_nationkey"], "Hash Buckets": 1024, "Original Hash Buckets": 1024, "Hash Batches": 1, "Original Hash Batches": 1, "Peak Memory Usage": 9, "Plans": [{"Node Type": "Seq Scan", "Parent Relationship": "Outer", "Parallel Aware": false, "Relation Name": "nation", "Schema": "public", "Alias": "n1", "Startup Cost": 0.0, "Total Cost": 17.65, "Plan Rows": 5, "Plan Width": 33, "Actual Startup Time": 0.024, "Actual Total Time": 0.031, "Actual Rows": 2, "Actual Loops": 1, "Output": ["n1.n_name", "n1.n_nationkey"], "Filter": "(((n1.n_name)::text = 'ALGERIA'::text) OR ((n1.n_name)::text = 'SAUDI ARABIA'::text))", "Rows Removed by Filter": 23}]}]}]}]}, {"Node Type": "Hash", "Parent Relationship": "Inner", "Parallel Aware": false, "Startup Cost": 52385.22, "Total Cost": 52385.22, "Plan Rows": 14706, "Plan Width": 33, "Actual Startup Time": 4248.923, "Actual Total Time": 4249.077, "Actual Rows": 118075, "Actual Loops": 1, "Output": ["orders.o_orderkey", "n2.n_name"], "Hash Buckets": 131072, "Original Hash Buckets": 16384, "Hash Batches": 2, "Original Hash Batches": 1, "Peak Memory Usage": 3715, "Plans": [{"Node Type": "Hash Join", "Parent Relationship": "Outer", "Parallel Aware": false, "Join Type": "Inner", "Startup Cost": 5518.12, "Total Cost": 52385.22, "Plan Rows": 14706, "Plan Width": 33, "Actual Startup Time": 1255.544, "Actual Total Time": 4168.637, "Actual Rows": 118075, "Actual Loops": 1, "Output": ["orders.o_orderkey", "n2.n_name"], "Inner Unique": false, "Hash Cond": "(orders.o_custkey = customer.c_custkey)", "Plans": [{"Node Type": "Seq Scan", "Parent Relationship": "Outer", "Parallel Aware": false, "Relation Name": "orders", "Schema": "public", "Alias": "orders", "Startup Cost": 0.0, "Total Cost": 41095.0, "Plan Rows": 1500000, "Plan Width": 8, "Actual Startup Time": 0.007, "Actual Total Time": 2578.67, "Actual Rows": 1500000, "Actual Loops": 1, "Output": ["orders.o_orderkey", "orders.o_custkey", "orders.o_orderstatus", "orders.o_totalprice", "orders.o_orderdate", "orders.o_orderpriority", "orders.o_clerk", "orders.o_shippriority", "orders.o_comment"]}, {"Node Type": "Hash", "Parent Relationship": "Inner", "Parallel Aware": false, "Startup Cost": 5499.73, "Total Cost": 5499.73, "Plan Rows": 1471, "Plan Width": 33, "Actual Startup Time": 1255.051, "Actual Total Time": 1255.123, "Actual Rows": 11829, "Actual Loops": 1, "Output": ["customer.c_custkey", "n2.n_name"], "Hash Buckets": 16384, "Original Hash Buckets": 2048, "Hash Batches": 1, "Original Hash Batches": 1, "Peak Memory Usage": 666, "Plans": [{"Node Type": "Hash Join", "Parent Relationship": "Outer", "Parallel Aware": false, "Join Type": "Inner", "Startup Cost": 17.71, "Total Cost": 5499.73, "Plan Rows": 1471, "Plan Width": 33, "Actual Startup Time": 0.057, "Actual Total Time": 1241.159, "Actual Rows": 11829, "Actual Loops": 1, "Output": ["customer.c_custkey", "n2.n_name"], "Inner Unique": true, "Hash Cond": "(customer.c_nationkey = n2.n_nationkey)", "Plans": [{"Node Type": "Seq Scan", "Parent Relationship": "Outer", "Parallel Aware": false, "Relation Name": "customer", "Schema": "public", "Alias": "customer", "Startup Cost": 0.0, "Total Cost": 5085.0, "Plan Rows": 150000, "Plan Width": 8, "Actual Startup Time": 0.007, "Actual Total Time": 125.633, "Actual Rows": 150000, "Actual Loops": 1, "Output": ["customer.c_custkey", "customer.c_name", "customer.c_address", "customer.c_nationkey", "customer.c_phone", "customer.c_acctbal", "customer.c_mktsegment", "customer.c_comment"]}, {"Node Type": "Hash", "Parent Relationship": "Inner", "Parallel Aware": false, "Startup Cost": 17.65, "Total Cost": 17.65, "Plan Rows": 5, "Plan Width": 33, "Actual Startup Time": 0.011, "Actual Total Time": 0.014, "Actual Rows": 2, "Actual Loops": 1, "Output": ["n2.n_name", "n2.n_nationkey"], "Hash Buckets": 1024, "Original Hash Buckets": 1024, "Hash Batches": 1, "Original Hash Batches": 1, "Peak Memory Usage": 9, "Plans": [{"Node Type": "Seq Scan", "Parent Relationship": "Outer", "Parallel Aware": false, "Relation Name": "nation", "Schema": "public", "Alias": "n2", "Startup Cost": 0.0, "Total Cost": 17.65, "Plan Rows": 5, "Plan Width": 33, "Actual Startup Time": 0.004, "Actual Total Time": 0.006, "Actual Rows": 2, "Actual Loops": 1, "Output": ["n2.n_name", "n2.n_nationkey"], "Filter": "(((n2.n_name)::text = 'SAUDI ARABIA'::text) OR ((n2.n_name)::text = 'ALGERIA'::text))", "Rows Removed by Filter": 23}]}]}]}]}]}]}]}]}, "Planning Time": 8.583, "Triggers": [], "Execution Time": 25395.015}]
q7#####[{"Plan": {"Node Type": "Aggregate", "Strategy": "Sorted", "Partial Mode": "Simple", "Parallel Aware": false, "Startup Cost": 262636.32, "Total Cost": 262639.44, "Plan Rows": 89, "Plan Width": 98, "Actual Startup Time": 25398.294, "Actual Total Time": 25400.879, "Actual Rows": 4, "Actual Loops": 1, "Output": ["n1.n_name", "n2.n_name", "(date_part('year'::text, (lineitem.l_shipdate)::timestamp without time zone))", "sum((lineitem.l_extendedprice * ('1'::numeric - lineitem.l_discount)))"], "Group Key": ["n1.n_name", "n2.n_name", "(date_part('year'::text, (lineitem.l_shipdate)::timestamp without time zone))"], "Plans": [{"Node Type": "Sort", "Parent Relationship": "Outer", "Parallel Aware": false, "Startup Cost": 262636.32, "Total Cost": 262636.55, "Plan Rows": 89, "Plan Width": 78, "Actual Startup Time": 25397.763, "Actual Total Time": 25398.527, "Actual Rows": 6033, "Actual Loops": 1, "Output": ["n1.n_name", "n2.n_name", "(date_part('year'::text, (lineitem.l_shipdate)::timestamp without time zone))", "lineitem.l_extendedprice", "lineitem.l_discount"], "Sort Key": ["n1.n_name", "n2.n_name", "(date_part('year'::text, (lineitem.l_shipdate)::timestamp without time zone))"], "Sort Method": "quicksort", "Sort Space Used": 664, "Sort Space Type": "Memory", "Plans": [{"Node Type": "Hash Join", "Parent Relationship": "Outer", "Parallel Aware": false, "Join Type": "Inner", "Startup Cost": 52936.46, "Total Cost": 262633.44, "Plan Rows": 89, "Plan Width": 78, "Actual Startup Time": 4374.075, "Actual Total Time": 25342.311, "Actual Rows": 6033, "Actual Loops": 1, "Output": ["n1.n_name", "n2.n_name", "date_part('year'::text, (lineitem.l_shipdate)::timestamp without time zone)", "lineitem.l_extendedprice", "lineitem.l_discount"], "Inner Unique": false, "Hash Cond": "(lineitem.l_orderkey = orders.o_orderkey)", "Join Filter": "((((n1.n_name)::text = 'EGYPT'::text) AND ((n2.n_name)::text = 'ALGERIA'::text)) OR (((n1.n_name)::text = 'ALGERIA'::text) AND ((n2.n_name)::text = 'EGYPT'::text)))", "Rows Removed by Join Filter": 6071, "Plans": [{"Node Type": "Hash Join", "Parent Relationship": "Outer", "Parallel Aware": false, "Join Type": "Inner", "Startup Cost": 367.41, "Total Cost": 209992.58, "Plan Rows": 18088, "Plan Width": 49, "Actual Startup Time": 121.137, "Actual Total Time": 20650.63, "Actual Rows": 153042, "Actual Loops": 1, "Output": ["lineitem.l_shipdate", "lineitem.l_extendedprice", "lineitem.l_discount", "lineitem.l_orderkey", "n1.n_name"], "Inner Unique": false, "Hash Cond": "(lineitem.l_suppkey = supplier.s_suppkey)", "Plans": [{"Node Type": "Seq Scan", "Parent Relationship": "Outer", "Parallel Aware": false, "Relation Name": "lineitem", "Schema": "public", "Alias": "lineitem", "Startup Cost": 0.0, "Total Cost": 202524.24, "Plan Rows": 1845366, "Plan Width": 24, "Actual Startup Time": 0.026, "Actual Total Time": 20261.146, "Actual Rows": 1828450, "Actual Loops": 1, "Output": ["lineitem.l_orderkey", "lineitem.l_partkey", "lineitem.l_suppkey", "lineitem.l_linenumber", "lineitem.l_quantity", "lineitem.l_extendedprice", "lineitem.l_discount", "lineitem.l_tax", "lineitem.l_returnflag", "lineitem.l_linestatus", "lineitem.l_shipdate", "lineitem.l_commitdate", "lineitem.l_receiptdate", "lineitem.l_shipinstruct", "lineitem.l_shipmode", "lineitem.l_comment"], "Filter": "((lineitem.l_shipdate >= '1995-01-01'::date) AND (lineitem.l_shipdate <= '1996-12-31'::date))", "Rows Removed by Filter": 4172765}, {"Node Type": "Hash", "Parent Relationship": "Inner", "Parallel Aware": false, "Startup Cost": 366.18, "Total Cost": 366.18, "Plan Rows": 98, "Plan Width": 33, "Actual Startup Time": 121.074, "Actual Total Time": 121.125, "Actual Rows": 835, "Actual Loops": 1, "Output": ["supplier.s_suppkey", "n1.n_name"], "Hash Buckets": 1024, "Original Hash Buckets": 1024, "Hash Batches": 1, "Original Hash Batches": 1, "Peak Memory Usage": 44, "Plans": [{"Node Type": "Hash Join", "Parent Relationship": "Outer", "Parallel Aware": false, "Join Type": "Inner", "Startup Cost": 17.71, "Total Cost": 366.18, "Plan Rows": 98, "Plan Width": 33, "Actual Startup Time": 0.044, "Actual Total Time": 120.72, "Actual Rows": 835, "Actual Loops": 1, "Output": ["supplier.s_suppkey", "n1.n_name"], "Inner Unique": true, "Hash Cond": "(supplier.s_nationkey = n1.n_nationkey)", "Plans": [{"Node Type": "Seq Scan", "Parent Relationship": "Outer", "Parallel Aware": false, "Relation Name": "supplier", "Schema": "public", "Alias": "supplier", "Startup Cost": 0.0, "Total Cost": 322.0, "Plan Rows": 10000, "Plan Width": 8, "Actual Startup Time": 0.003, "Actual Total Time": 46.066, "Actual Rows": 10000, "Actual Loops": 1, "Output": ["supplier.s_suppkey", "supplier.s_name", "supplier.s_address", "supplier.s_nationkey", "supplier.s_phone", "supplier.s_acctbal", "supplier.s_comment"]}, {"Node Type": "Hash", "Parent Relationship": "Inner", "Parallel Aware": false, "Startup Cost": 17.65, "Total Cost": 17.65, "Plan Rows": 5, "Plan Width": 33, "Actual Startup Time": 0.027, "Actual Total Time": 0.05, "Actual Rows": 2, "Actual Loops": 1, "Output": ["n1.n_name", "n1.n_nationkey"], "Hash Buckets": 1024, "Original Hash Buckets": 1024, "Hash Batches": 1, "Original Hash Batches": 1, "Peak Memory Usage": 9, "Plans": [{"Node Type": "Seq Scan", "Parent Relationship": "Outer", "Parallel Aware": false, "Relation Name": "nation", "Schema": "public", "Alias": "n1", "Startup Cost": 0.0, "Total Cost": 17.65, "Plan Rows": 5, "Plan Width": 33, "Actual Startup Time": 0.017, "Actual Total Time": 0.025, "Actual Rows": 2, "Actual Loops": 1, "Output": ["n1.n_name", "n1.n_nationkey"], "Filter": "(((n1.n_name)::text = 'EGYPT'::text) OR ((n1.n_name)::text = 'ALGERIA'::text))", "Rows Removed by Filter": 23}]}]}]}]}, {"Node Type": "Hash", "Parent Relationship": "Inner", "Parallel Aware": false, "Startup Cost": 52385.22, "Total Cost": 52385.22, "Plan Rows": 14706, "Plan Width": 33, "Actual Startup Time": 4251.189, "Actual Total Time": 4251.29, "Actual Rows": 118733, "Actual Loops": 1, "Output": ["orders.o_orderkey", "n2.n_name"], "Hash Buckets": 131072, "Original Hash Buckets": 16384, "Hash Batches": 2, "Original Hash Batches": 1, "Peak Memory Usage": 3513, "Plans": [{"Node Type": "Hash Join", "Parent Relationship": "Outer", "Parallel Aware": false, "Join Type": "Inner", "Startup Cost": 5518.12, "Total Cost": 52385.22, "Plan Rows": 14706, "Plan Width": 33, "Actual Startup Time": 1257.474, "Actual Total Time": 4169.013, "Actual Rows": 118733, "Actual Loops": 1, "Output": ["orders.o_orderkey", "n2.n_name"], "Inner Unique": false, "Hash Cond": "(orders.o_custkey = customer.c_custkey)", "Plans": [{"Node Type": "Seq Scan", "Parent Relationship": "Outer", "Parallel Aware": false, "Relation Name": "orders", "Schema": "public", "Alias": "orders", "Startup Cost": 0.0, "Total Cost": 41095.0, "Plan Rows": 1500000, "Plan Width": 8, "Actual Startup Time": 0.02, "Actual Total Time": 2580.617, "Actual Rows": 1500000, "Actual Loops": 1, "Output": ["orders.o_orderkey", "orders.o_custkey", "orders.o_orderstatus", "orders.o_totalprice", "orders.o_orderdate", "orders.o_orderpriority", "orders.o_clerk", "orders.o_shippriority", "orders.o_comment"]}, {"Node Type": "Hash", "Parent Relationship": "Inner", "Parallel Aware": false, "Startup Cost": 5499.73, "Total Cost": 5499.73, "Plan Rows": 1471, "Plan Width": 33, "Actual Startup Time": 1257.418, "Actual Total Time": 1257.471, "Actual Rows": 11920, "Actual Loops": 1, "Output": ["customer.c_custkey", "n2.n_name"], "Hash Buckets": 16384, "Original Hash Buckets": 2048, "Hash Batches": 1, "Original Hash Batches": 1, "Peak Memory Usage": 629, "Plans": [{"Node Type": "Hash Join", "Parent Relationship": "Outer", "Parallel Aware": false, "Join Type": "Inner", "Startup Cost": 17.71, "Total Cost": 5499.73, "Plan Rows": 1471, "Plan Width": 33, "Actual Startup Time": 0.024, "Actual Total Time": 1249.372, "Actual Rows": 11920, "Actual Loops": 1, "Output": ["customer.c_custkey", "n2.n_name"], "Inner Unique": true, "Hash Cond": "(customer.c_nationkey = n2.n_nationkey)", "Plans": [{"Node Type": "Seq Scan", "Parent Relationship": "Outer", "Parallel Aware": false, "Relation Name": "customer", "Schema": "public", "Alias": "customer", "Startup Cost": 0.0, "Total Cost": 5085.0, "Plan Rows": 150000, "Plan Width": 8, "Actual Startup Time": 0.007, "Actual Total Time": 130.824, "Actual Rows": 150000, "Actual Loops": 1, "Output": ["customer.c_custkey", "customer.c_name", "customer.c_address", "customer.c_nationkey", "customer.c_phone", "customer.c_acctbal", "customer.c_mktsegment", "customer.c_comment"]}, {"Node Type": "Hash", "Parent Relationship": "Inner", "Parallel Aware": false, "Startup Cost": 17.65, "Total Cost": 17.65, "Plan Rows": 5, "Plan Width": 33, "Actual Startup Time": 0.007, "Actual Total Time": 0.014, "Actual Rows": 2, "Actual Loops": 1, "Output": ["n2.n_name", "n2.n_nationkey"], "Hash Buckets": 1024, "Original Hash Buckets": 1024, "Hash Batches": 1, "Original Hash Batches": 1, "Peak Memory Usage": 9, "Plans": [{"Node Type": "Seq Scan", "Parent Relationship": "Outer", "Parallel Aware": false, "Relation Name": "nation", "Schema": "public", "Alias": "n2", "Startup Cost": 0.0, "Total Cost": 17.65, "Plan Rows": 5, "Plan Width": 33, "Actual Startup Time": 0.004, "Actual Total Time": 0.005, "Actual Rows": 2, "Actual Loops": 1, "Output": ["n2.n_name", "n2.n_nationkey"], "Filter": "(((n2.n_name)::text = 'ALGERIA'::text) OR ((n2.n_name)::text = 'EGYPT'::text))", "Rows Removed by Filter": 23}]}]}]}]}]}]}]}]}, "Planning Time": 10.036, "Triggers": [], "Execution Time": 25407.255}]
q10#####[{"Plan": {"Node Type": "Aggregate", "Strategy": "Sorted", "Partial Mode": "Simple", "Parallel Aware": false, "Startup Cost": 262636.32, "Total Cost": 262639.44, "Plan Rows": 89, "Plan Width": 98, "Actual Startup Time": 25325.168, "Actual Total Time": 25335.152, "Actual Rows": 4, "Actual Loops": 1, "Output": ["n1.n_name", "n2.n_name", "(date_part('year'::text, (lineitem.l_shipdate)::timestamp without time zone))", "sum((lineitem.l_extendedprice * ('1'::numeric - lineitem.l_discount)))"], "Group Key": ["n1.n_name", "n2.n_name", "(date_part('year'::text, (lineitem.l_shipdate)::timestamp without time zone))"], "Plans": [{"Node Type": "Sort", "Parent Relationship": "Outer", "Parallel Aware": false, "Startup Cost": 262636.32, "Total Cost": 262636.55, "Plan Rows": 89, "Plan Width": 78, "Actual Startup Time": 25322.295, "Actual Total Time": 25329.979, "Actual Rows": 6012, "Actual Loops": 1, "Output": ["n1.n_name", "n2.n_name", "(date_part('year'::text, (lineitem.l_shipdate)::timestamp without time zone))", "lineitem.l_extendedprice", "lineitem.l_discount"], "Sort Key": ["n1.n_name", "n2.n_name", "(date_part('year'::text, (lineitem.l_shipdate)::timestamp without time zone))"], "Sort Method": "quicksort", "Sort Space Used": 662, "Sort Space Type": "Memory", "Plans": [{"Node Type": "Hash Join", "Parent Relationship": "Outer", "Parallel Aware": false, "Join Type": "Inner", "Startup Cost": 52936.46, "Total Cost": 262633.44, "Plan Rows": 89, "Plan Width": 78, "Actual Startup Time": 4350.169, "Actual Total Time": 25310.065, "Actual Rows": 6012, "Actual Loops": 1, "Output": ["n1.n_name", "n2.n_name", "date_part('year'::text, (lineitem.l_shipdate)::timestamp without time zone)", "lineitem.l_extendedprice", "lineitem.l_discount"], "Inner Unique": false, "Hash Cond": "(lineitem.l_orderkey = orders.o_orderkey)", "Join Filter": "((((n1.n_name)::text = 'BRAZIL'::text) AND ((n2.n_name)::text = 'CANADA'::text)) OR (((n1.n_name)::text = 'CANADA'::text) AND ((n2.n_name)::text = 'BRAZIL'::text)))", "Rows Removed by Join Filter": 5916, "Plans": [{"Node Type": "Hash Join", "Parent Relationship": "Outer", "Parallel Aware": false, "Join Type": "Inner", "Startup Cost": 367.41, "Total Cost": 209992.58, "Plan Rows": 18088, "Plan Width": 49, "Actual Startup Time": 90.744, "Actual Total Time": 20617.485, "Actual Rows": 148122, "Actual Loops": 1, "Output": ["lineitem.l_shipdate", "lineitem.l_extendedprice", "lineitem.l_discount", "lineitem.l_orderkey", "n1.n_name"], "Inner Unique": false, "Hash Cond": "(lineitem.l_suppkey = supplier.s_suppkey)", "Plans": [{"Node Type": "Seq Scan", "Parent Relationship": "Outer", "Parallel Aware": false, "Relation Name": "lineitem", "Schema": "public", "Alias": "lineitem", "Startup Cost": 0.0, "Total Cost": 202524.24, "Plan Rows": 1845366, "Plan Width": 24, "Actual Startup Time": 0.015, "Actual Total Time": 20246.682, "Actual Rows": 1828450, "Actual Loops": 1, "Output": ["lineitem.l_orderkey", "lineitem.l_partkey", "lineitem.l_suppkey", "lineitem.l_linenumber", "lineitem.l_quantity", "lineitem.l_extendedprice", "lineitem.l_discount", "lineitem.l_tax", "lineitem.l_returnflag", "lineitem.l_linestatus", "lineitem.l_shipdate", "lineitem.l_commitdate", "lineitem.l_receiptdate", "lineitem.l_shipinstruct", "lineitem.l_shipmode", "lineitem.l_comment"], "Filter": "((lineitem.l_shipdate >= '1995-01-01'::date) AND (lineitem.l_shipdate <= '1996-12-31'::date))", "Rows Removed by Filter": 4172765}, {"Node Type": "Hash", "Parent Relationship": "Inner", "Parallel Aware": false, "Startup Cost": 366.18, "Total Cost": 366.18, "Plan Rows": 98, "Plan Width": 33, "Actual Startup Time": 90.684, "Actual Total Time": 90.754, "Actual Rows": 809, "Actual Loops": 1, "Output": ["supplier.s_suppkey", "n1.n_name"], "Hash Buckets": 1024, "Original Hash Buckets": 1024, "Hash Batches": 1, "Original Hash Batches": 1, "Peak Memory Usage": 42, "Plans": [{"Node Type": "Hash Join", "Parent Relationship": "Outer", "Parallel Aware": false, "Join Type": "Inner", "Startup Cost": 17.71, "Total Cost": 366.18, "Plan Rows": 98, "Plan Width": 33, "Actual Startup Time": 0.703, "Actual Total Time": 90.455, "Actual Rows": 809, "Actual Loops": 1, "Output": ["supplier.s_suppkey", "n1.n_name"], "Inner Unique": true, "Hash Cond": "(supplier.s_nationkey = n1.n_nationkey)", "Plans": [{"Node Type": "Seq Scan", "Parent Relationship": "Outer", "Parallel Aware": false, "Relation Name": "supplier", "Schema": "public", "Alias": "supplier", "Startup Cost": 0.0, "Total Cost": 322.0, "Plan Rows": 10000, "Plan Width": 8, "Actual Startup Time": 0.002, "Actual Total Time": 38.178, "Actual Rows": 10000, "Actual Loops": 1, "Output": ["supplier.s_suppkey", "supplier.s_name", "supplier.s_address", "supplier.s_nationkey", "supplier.s_phone", "supplier.s_acctbal", "supplier.s_comment"]}, {"Node Type": "Hash", "Parent Relationship": "Inner", "Parallel Aware": false, "Startup Cost": 17.65, "Total Cost": 17.65, "Plan Rows": 5, "Plan Width": 33, "Actual Startup Time": 0.677, "Actual Total Time": 0.684, "Actual Rows": 2, "Actual Loops": 1, "Output": ["n1.n_name", "n1.n_nationkey"], "Hash Buckets": 1024, "Original Hash Buckets": 1024, "Hash Batches": 1, "Original Hash Batches": 1, "Peak Memory Usage": 9, "Plans": [{"Node Type": "Seq Scan", "Parent Relationship": "Outer", "Parallel Aware": false, "Relation Name": "nation", "Schema": "public", "Alias": "n1", "Startup Cost": 0.0, "Total Cost": 17.65, "Plan Rows": 5, "Plan Width": 33, "Actual Startup Time": 0.005, "Actual Total Time": 0.01, "Actual Rows": 2, "Actual Loops": 1, "Output": ["n1.n_name", "n1.n_nationkey"], "Filter": "(((n1.n_name)::text = 'BRAZIL'::text) OR ((n1.n_name)::text = 'CANADA'::text))", "Rows Removed by Filter": 23}]}]}]}]}, {"Node Type": "Hash", "Parent Relationship": "Inner", "Parallel Aware": false, "Startup Cost": 52385.22, "Total Cost": 52385.22, "Plan Rows": 14706, "Plan Width": 33, "Actual Startup Time": 4251.931, "Actual Total Time": 4259.157, "Actual Rows": 120617, "Actual Loops": 1, "Output": ["orders.o_orderkey", "n2.n_name"], "Hash Buckets": 131072, "Original Hash Buckets": 16384, "Hash Batches": 2, "Original Hash Batches": 1, "Peak Memory Usage": 3553, "Plans": [{"Node Type": "Hash Join", "Parent Relationship": "Outer", "Parallel Aware": false, "Join Type": "Inner", "Startup Cost": 5518.12, "Total Cost": 52385.22, "Plan Rows": 14706, "Plan Width": 33, "Actual Startup Time": 1256.849, "Actual Total Time": 4186.846, "Actual Rows": 120617, "Actual Loops": 1, "Output": ["orders.o_orderkey", "n2.n_name"], "Inner Unique": false, "Hash Cond": "(orders.o_custkey = customer.c_custkey)", "Plans": [{"Node Type": "Seq Scan", "Parent Relationship": "Outer", "Parallel Aware": false, "Relation Name": "orders", "Schema": "public", "Alias": "orders", "Startup Cost": 0.0, "Total Cost": 41095.0, "Plan Rows": 1500000, "Plan Width": 8, "Actual Startup Time": 0.769, "Actual Total Time": 2586.925, "Actual Rows": 1500000, "Actual Loops": 1, "Output": ["orders.o_orderkey", "orders.o_custkey", "orders.o_orderstatus", "orders.o_totalprice", "orders.o_orderdate", "orders.o_orderpriority", "orders.o_clerk", "orders.o_shippriority", "orders.o_comment"]}, {"Node Type": "Hash", "Parent Relationship": "Inner", "Parallel Aware": false, "Startup Cost": 5499.73, "Total Cost": 5499.73, "Plan Rows": 1471, "Plan Width": 33, "Actual Startup Time": 1254.27, "Actual Total Time": 1257.369, "Actual Rows": 12019, "Actual Loops": 1, "Output": ["customer.c_custkey", "n2.n_name"], "Hash Buckets": 16384, "Original Hash Buckets": 2048, "Hash Batches": 1, "Original Hash Batches": 1, "Peak Memory Usage": 633, "Plans": [{"Node Type": "Hash Join", "Parent Relationship": "Outer", "Parallel Aware": false, "Join Type": "Inner", "Startup Cost": 17.71, "Total Cost": 5499.73, "Plan Rows": 1471, "Plan Width": 33, "Actual Startup Time": 0.91, "Actual Total Time": 1247.03, "Actual Rows": 12019, "Actual Loops": 1, "Output": ["customer.c_custkey", "n2.n_name"], "Inner Unique": true, "Hash Cond": "(customer.c_nationkey = n2.n_nationkey)", "Plans": [{"Node Type": "Seq Scan", "Parent Relationship": "Outer", "Parallel Aware": false, "Relation Name": "customer", "Schema": "public", "Alias": "customer", "Startup Cost": 0.0, "Total Cost": 5085.0, "Plan Rows": 150000, "Plan Width": 8, "Actual Startup Time": 0.014, "Actual Total Time": 127.852, "Actual Rows": 150000, "Actual Loops": 1, "Output": ["customer.c_custkey", "customer.c_name", "customer.c_address", "customer.c_nationkey", "customer.c_phone", "customer.c_acctbal", "customer.c_mktsegment", "customer.c_comment"]}, {"Node Type": "Hash", "Parent Relationship": "Inner", "Parallel Aware": false, "Startup Cost": 17.65, "Total Cost": 17.65, "Plan Rows": 5, "Plan Width": 33, "Actual Startup Time": 0.023, "Actual Total Time": 0.994, "Actual Rows": 2, "Actual Loops": 1, "Output": ["n2.n_name", "n2.n_nationkey"], "Hash Buckets": 1024, "Original Hash Buckets": 1024, "Hash Batches": 1, "Original Hash Batches": 1, "Peak Memory Usage": 9, "Plans": [{"Node Type": "Seq Scan", "Parent Relationship": "Outer", "Parallel Aware": false, "Relation Name": "nation", "Schema": "public", "Alias": "n2", "Startup Cost": 0.0, "Total Cost": 17.65, "Plan Rows": 5, "Plan Width": 33, "Actual Startup Time": 0.005, "Actual Total Time": 0.008, "Actual Rows": 2, "Actual Loops": 1, "Output": ["n2.n_name", "n2.n_nationkey"], "Filter": "(((n2.n_name)::text = 'CANADA'::text) OR ((n2.n_name)::text = 'BRAZIL'::text))", "Rows Removed by Filter": 23}]}]}]}]}]}]}]}]}, "Planning Time": 13.309, "Triggers": [], "Execution Time": 25346.432}]
q2#####[{"Plan": {"Node Type": "Sort", "Parallel Aware": false, "Startup Cost": 276442.5, "Total Cost": 276590.13, "Plan Rows": 59051, "Plan Width": 205, "Actual Startup Time": 41560.993, "Actual Total Time": 41572.346, "Actual Rows": 37940, "Actual Loops": 1, "Output": ["customer.c_custkey", "customer.c_name", "(sum((lineitem.l_extendedprice * ('1'::numeric - lineitem.l_discount))))", "customer.c_acctbal", "nation.n_name", "customer.c_address", "customer.c_phone", "customer.c_comment"], "Sort Key": ["(sum((lineitem.l_extendedprice * ('1'::numeric - lineitem.l_discount)))) DESC"], "Sort Method": "external merge", "Sort Space Used": 6424, "Sort Space Type": "Disk", "Plans": [{"Node Type": "Aggregate", "Strategy": "Sorted", "Partial Mode": "Simple", "Parent Relationship": "Outer", "Parallel Aware": false, "Startup Cost": 263545.27, "Total Cost": 265907.31, "Plan Rows": 59051, "Plan Width": 205, "Actual Startup Time": 38061.286, "Actual Total Time": 40128.654, "Actual Rows": 37940, "Actual Loops": 1, "Output": ["customer.c_custkey", "customer.c_name", "sum((lineitem.l_extendedprice * ('1'::numeric - lineitem.l_discount)))", "customer.c_acctbal", "nation.n_name", "customer.c_address", "customer.c_phone", "customer.c_comment"], "Group Key": ["customer.c_custkey", "customer.c_name", "customer.c_acctbal", "customer.c_phone", "nation.n_name", "customer.c_address", "customer.c_comment"], "Plans": [{"Node Type": "Sort", "Parent Relationship": "Outer", "Parallel Aware": false, "Startup Cost": 263545.27, "Total Cost": 263692.89, "Plan Rows": 59051, "Plan Width": 185, "Actual Startup Time": 38055.749, "Actual Total Time": 40050.065, "Actual Rows": 114847, "Actual Loops": 1, "Output": ["customer.c_custkey", "customer.c_name", "customer.c_acctbal", "nation.n_name", "customer.c_address", "customer.c_phone", "customer.c_comment", "lineitem.l_extendedprice", "lineitem.l_discount"], "Sort Key": ["customer.c_custkey", "customer.c_name", "customer.c_acctbal", "customer.c_phone", "nation.n_name", "customer.c_address", "customer.c_comment"], "Sort Method": "external merge", "Sort Space Used": 19992, "Sort Space Type": "Disk", "Plans": [{"Node Type": "Hash Join", "Parent Relationship": "Outer", "Parallel Aware": false, "Join Type": "Inner", "Startup Cost": 243830.76, "Total Cost": 253412.57, "Plan Rows": 59051, "Plan Width": 185, "Actual Startup Time": 25190.396, "Actual Total Time": 37113.258, "Actual Rows": 114847, "Actual Loops": 1, "Output": ["customer.c_custkey", "customer.c_name", "customer.c_acctbal", "nation.n_name", "customer.c_address", "customer.c_phone", "customer.c_comment", "lineitem.l_extendedprice", "lineitem.l_discount"], "Inner Unique": true, "Hash Cond": "(customer.c_nationkey = nation.n_nationkey)", "Plans": [{"Node Type": "Hash Join", "Parent Relationship": "Outer", "Parallel Aware": false, "Join Type": "Inner", "Startup Cost": 243809.29, "Total Cost": 253234.8, "Plan Rows": 59051, "Plan Width": 160, "Actual Startup Time": 25189.31, "Actual Total Time": 37090.627, "Actual Rows": 114847, "Actual Loops": 1, "Output": ["customer.c_custkey", "customer.c_name", "customer.c_acctbal", "customer.c_address", "customer.c_phone", "customer.c_comment", "customer.c_nationkey", "lineitem.l_extendedprice", "lineitem.l_discount"], "Inner Unique": false, "Hash Cond": "(customer.c_custkey = orders.o_custkey)", "Plans": [{"Node Type": "Seq Scan", "Parent Relationship": "Outer", "Parallel Aware": false, "Relation Name": "customer", "Schema": "public", "Alias": "customer", "Startup Cost": 0.0, "Total Cost": 5085.0, "Plan Rows": 150000, "Plan Width": 148, "Actual Startup Time": 1.507, "Actual Total Time": 64.725, "Actual Rows": 150000, "Actual Loops": 1, "Output": ["customer.c_custkey", "customer.c_name", "customer.c_address", "customer.c_nationkey", "customer.c_phone", "customer.c_acctbal", "customer.c_mktsegment", "customer.c_comment"]}, {"Node Type": "Hash", "Parent Relationship": "Inner", "Parallel Aware": false, "Startup Cost": 243071.15, "Total Cost": 243071.15, "Plan Rows": 59051, "Plan Width": 16, "Actual Startup Time": 25181.463, "Actual Total Time": 25186.388, "Actual Rows": 114847, "Actual Loops": 1, "Output": ["orders.o_custkey", "lineitem.l_extendedprice", "lineitem.l_discount"], "Hash Buckets": 131072, "Original Hash Buckets": 65536, "Hash Batches": 2, "Original Hash Batches": 1, "Peak Memory Usage": 3793, "Plans": [{"Node Type": "Hash Join", "Parent Relationship": "Outer", "Parallel Aware": false, "Join Type": "Inner", "Startup Cost": 49332.86, "Total Cost": 243071.15, "Plan Rows": 59051, "Plan Width": 16, "Actual Startup Time": 4360.687, "Actual Total Time": 24962.182, "Actual Rows": 114847, "Actual Loops": 1, "Output": ["orders.o_custkey", "lineitem.l_extendedprice", "lineitem.l_discount"], "Inner Unique": false, "Hash Cond": "(lineitem.l_orderkey = orders.o_orderkey)", "Plans": [{"Node Type": "Seq Scan", "Parent Relationship": "Outer", "Parallel Aware": false, "Relation Name": "lineitem", "Schema": "public", "Alias": "lineitem", "Startup Cost": 0.0, "Total Cost": 187520.7, "Plan Rows": 1500554, "Plan Width": 16, "Actual Startup Time": 0.024, "Actual Total Time": 20131.994, "Actual Rows": 1478870, "Actual Loops": 1, "Output": ["lineitem.l_orderkey", "lineitem.l_partkey", "lineitem.l_suppkey", "lineitem.l_linenumber", "lineitem.l_quantity", "lineitem.l_extendedprice", "lineitem.l_discount", "lineitem.l_tax", "lineitem.l_returnflag", "lineitem.l_linestatus", "lineitem.l_shipdate", "lineitem.l_commitdate", "lineitem.l_receiptdate", "lineitem.l_shipinstruct", "lineitem.l_shipmode", "lineitem.l_comment"], "Filter": "(lineitem.l_returnflag = 'R'::bpchar)", "Rows Removed by Filter": 4522345}, {"Node Type": "Hash", "Parent Relationship": "Inner", "Parallel Aware": false, "Startup Cost": 48595.0, "Total Cost": 48595.0, "Plan Rows": 59029, "Plan Width": 8, "Actual Startup Time": 4360.362, "Actual Total Time": 4363.358, "Actual Rows": 57425, "Actual Loops": 1, "Output": ["orders.o_custkey", "orders.o_orderkey"], "Hash Buckets": 65536, "Original Hash Buckets": 65536, "Hash Batches": 1, "Original Hash Batches": 1, "Peak Memory Usage": 2756, "Plans": [{"Node Type": "Seq Scan", "Parent Relationship": "Outer", "Parallel Aware": false, "Relation Name": "orders", "Schema": "public", "Alias": "orders", "Startup Cost": 0.0, "Total Cost": 48595.0, "Plan Rows": 59029, "Plan Width": 8, "Actual Startup Time": 0.997, "Actual Total Time": 4311.165, "Actual Rows": 57425, "Actual Loops": 1, "Output": ["orders.o_custkey", "orders.o_orderkey"], "Filter": "((orders.o_orderdate >= '1993-06-05'::date) AND (orders.o_orderdate < '1993-09-05 00:00:00'::timestamp without time zone))", "Rows Removed by Filter": 1442575}]}]}]}]}, {"Node Type": "Hash", "Parent Relationship": "Inner", "Parallel Aware": false, "Startup Cost": 15.1, "Total Cost": 15.1, "Plan Rows": 510, "Plan Width": 33, "Actual Startup Time": 0.021, "Actual Total Time": 0.034, "Actual Rows": 25, "Actual Loops": 1, "Output": ["nation.n_name", "nation.n_nationkey"], "Hash Buckets": 1024, "Original Hash Buckets": 1024, "Hash Batches": 1, "Original Hash Batches": 1, "Peak Memory Usage": 10, "Plans": [{"Node Type": "Seq Scan", "Parent Relationship": "Outer", "Parallel Aware": false, "Relation Name": "nation", "Schema": "public", "Alias": "nation", "Startup Cost": 0.0, "Total Cost": 15.1, "Plan Rows": 510, "Plan Width": 33, "Actual Startup Time": 0.014, "Actual Total Time": 0.018, "Actual Rows": 25, "Actual Loops": 1, "Output": ["nation.n_name", "nation.n_nationkey"]}]}]}]}]}]}, "Planning Time": 7.277, "Triggers": [], "Execution Time": 41701.858}]
q4#####[{"Plan": {"Node Type": "Sort", "Parallel Aware": false, "Startup Cost": 274348.48, "Total Cost": 274484.52, "Plan Rows": 54416, "Plan Width": 205, "Actual Startup Time": 41390.1, "Actual Total Time": 41424.766, "Actual Rows": 37633, "Actual Loops": 1, "Output": ["customer.c_custkey", "customer.c_name", "(sum((lineitem.l_extendedprice * ('1'::numeric - lineitem.l_discount))))", "customer.c_acctbal", "nation.n_name", "customer.c_address", "customer.c_phone", "customer.c_comment"], "Sort Key": ["(sum((lineitem.l_extendedprice * ('1'::numeric - lineitem.l_discount)))) DESC"], "Sort Method": "external merge", "Sort Space Used": 6376, "Sort Space Type": "Disk", "Plans": [{"Node Type": "Aggregate", "Strategy": "Sorted", "Partial Mode": "Simple", "Parent Relationship": "Outer", "Parallel Aware": false, "Startup Cost": 262494.55, "Total Cost": 264671.19, "Plan Rows": 54416, "Plan Width": 205, "Actual Startup Time": 37927.301, "Actual Total Time": 38804.127, "Actual Rows": 37633, "Actual Loops": 1, "Output": ["customer.c_custkey", "customer.c_name", "sum((lineitem.l_extendedprice * ('1'::numeric - lineitem.l_discount)))", "customer.c_acctbal", "nation.n_name", "customer.c_address", "customer.c_phone", "customer.c_comment"], "Group Key": ["customer.c_custkey", "customer.c_name", "customer.c_acctbal", "customer.c_phone", "nation.n_name", "customer.c_address", "customer.c_comment"], "Plans": [{"Node Type": "Sort", "Parent Relationship": "Outer", "Parallel Aware": false, "Startup Cost": 262494.55, "Total Cost": 262630.59, "Plan Rows": 54416, "Plan Width": 185, "Actual Startup Time": 37914.432, "Actual Total Time": 38725.468, "Actual Rows": 112740, "Actual Loops": 1, "Output": ["customer.c_custkey", "customer.c_name", "customer.c_acctbal", "nation.n_name", "customer.c_address", "customer.c_phone", "customer.c_comment", "lineitem.l_extendedprice", "lineitem.l_discount"], "Sort Key": ["customer.c_custkey", "customer.c_name", "customer.c_acctbal", "customer.c_phone", "nation.n_name", "customer.c_address", "customer.c_comment"], "Sort Method": "external merge", "Sort Space Used": 19584, "Sort Space Type": "Disk", "Plans": [{"Node Type": "Hash Join", "Parent Relationship": "Outer", "Parallel Aware": false, "Join Type": "Inner", "Startup Cost": 243668.56, "Total Cost": 253191.75, "Plan Rows": 54416, "Plan Width": 185, "Actual Startup Time": 25182.247, "Actual Total Time": 37217.721, "Actual Rows": 112740, "Actual Loops": 1, "Output": ["customer.c_custkey", "customer.c_name", "customer.c_acctbal", "nation.n_name", "customer.c_address", "customer.c_phone", "customer.c_comment", "lineitem.l_extendedprice", "lineitem.l_discount"], "Inner Unique": true, "Hash Cond": "(customer.c_nationkey = nation.n_nationkey)", "Plans": [{"Node Type": "Hash Join", "Parent Relationship": "Outer", "Parallel Aware": false, "Join Type": "Inner", "Startup Cost": 243647.09, "Total Cost": 253026.25, "Plan Rows": 54416, "Plan Width": 160, "Actual Startup Time": 25178.746, "Actual Total Time": 37191.663, "Actual Rows": 112740, "Actual Loops": 1, "Output": ["customer.c_custkey", "customer.c_name", "customer.c_acctbal", "customer.c_address", "customer.c_phone", "customer.c_comment", "customer.c_nationkey", "lineitem.l_extendedprice", "lineitem.l_discount"], "Inner Unique": false, "Hash Cond": "(customer.c_custkey = orders.o_custkey)", "Plans": [{"Node Type": "Seq Scan", "Parent Relationship": "Outer", "Parallel Aware": false, "Relation Name": "customer", "Schema": "public", "Alias": "customer", "Startup Cost": 0.0, "Total Cost": 5085.0, "Plan Rows": 150000, "Plan Width": 148, "Actual Startup Time": 0.01, "Actual Total Time": 77.616, "Actual Rows": 150000, "Actual Loops": 1, "Output": ["customer.c_custkey", "customer.c_name", "customer.c_address", "customer.c_nationkey", "customer.c_phone", "customer.c_acctbal", "customer.c_mktsegment", "customer.c_comment"]}, {"Node Type": "Hash", "Parent Relationship": "Inner", "Parallel Aware": false, "Startup Cost": 242966.89, "Total Cost": 242966.89, "Plan Rows": 54416, "Plan Width": 16, "Actual Startup Time": 25161.65, "Actual Total Time": 25163.764, "Actual Rows": 112740, "Actual Loops": 1, "Output": ["orders.o_custkey", "lineitem.l_extendedprice", "lineitem.l_discount"], "Hash Buckets": 131072, "Original Hash Buckets": 65536, "Hash Batches": 2, "Original Hash Batches": 1, "Peak Memory Usage": 3747, "Plans": [{"Node Type": "Hash Join", "Parent Relationship": "Outer", "Parallel Aware": false, "Join Type": "Inner", "Startup Cost": 49274.95, "Total Cost": 242966.89, "Plan Rows": 54416, "Plan Width": 16, "Actual Startup Time": 4346.207, "Actual Total Time": 24935.133, "Actual Rows": 112740, "Actual Loops": 1, "Output": ["orders.o_custkey", "lineitem.l_extendedprice", "lineitem.l_discount"], "Inner Unique": false, "Hash Cond": "(lineitem.l_orderkey = orders.o_orderkey)", "Plans": [{"Node Type": "Seq Scan", "Parent Relationship": "Outer", "Parallel Aware": false, "Relation Name": "lineitem", "Schema": "public", "Alias": "lineitem", "Startup Cost": 0.0, "Total Cost": 187520.7, "Plan Rows": 1500554, "Plan Width": 16, "Actual Startup Time": 0.028, "Actual Total Time": 20134.408, "Actual Rows": 1478870, "Actual Loops": 1, "Output": ["lineitem.l_orderkey", "lineitem.l_partkey", "lineitem.l_suppkey", "lineitem.l_linenumber", "lineitem.l_quantity", "lineitem.l_extendedprice", "lineitem.l_discount", "lineitem.l_tax", "lineitem.l_returnflag", "lineitem.l_linestatus", "lineitem.l_shipdate", "lineitem.l_commitdate", "lineitem.l_receiptdate", "lineitem.l_shipinstruct", "lineitem.l_shipmode", "lineitem.l_comment"], "Filter": "(lineitem.l_returnflag = 'R'::bpchar)", "Rows Removed by Filter": 4522345}, {"Node Type": "Hash", "Parent Relationship": "Inner", "Parallel Aware": false, "Startup Cost": 48595.0, "Total Cost": 48595.0, "Plan Rows": 54396, "Plan Width": 8, "Actual Startup Time": 4336.933, "Actual Total Time": 4338.982, "Actual Rows": 56434, "Actual Loops": 1, "Output": ["orders.o_custkey", "orders.o_orderkey"], "Hash Buckets": 65536, "Original Hash Buckets": 65536, "Hash Batches": 1, "Original Hash Batches": 1, "Peak Memory Usage": 2717, "Plans": [{"Node Type": "Seq Scan", "Parent Relationship": "Outer", "Parallel Aware": false, "Relation Name": "orders", "Schema": "public", "Alias": "orders", "Startup Cost": 0.0, "Total Cost": 48595.0, "Plan Rows": 54396, "Plan Width": 8, "Actual Startup Time": 0.012, "Actual Total Time": 4302.892, "Actual Rows": 56434, "Actual Loops": 1, "Output": ["orders.o_custkey", "orders.o_orderkey"], "Filter": "((orders.o_orderdate >= '1993-04-01'::date) AND (orders.o_orderdate < '1993-07-01 00:00:00'::timestamp without time zone))", "Rows Removed by Filter": 1443566}]}]}]}]}, {"Node Type": "Hash", "Parent Relationship": "Inner", "Parallel Aware": false, "Startup Cost": 15.1, "Total Cost": 15.1, "Plan Rows": 510, "Plan Width": 33, "Actual Startup Time": 0.779, "Actual Total Time": 0.803, "Actual Rows": 25, "Actual Loops": 1, "Output": ["nation.n_name", "nation.n_nationkey"], "Hash Buckets": 1024, "Original Hash Buckets": 1024, "Hash Batches": 1, "Original Hash Batches": 1, "Peak Memory Usage": 10, "Plans": [{"Node Type": "Seq Scan", "Parent Relationship": "Outer", "Parallel Aware": false, "Relation Name": "nation", "Schema": "public", "Alias": "nation", "Startup Cost": 0.0, "Total Cost": 15.1, "Plan Rows": 510, "Plan Width": 33, "Actual Startup Time": 0.008, "Actual Total Time": 0.021, "Actual Rows": 25, "Actual Loops": 1, "Output": ["nation.n_name", "nation.n_nationkey"]}]}]}]}]}]}, "Planning Time": 7.364, "Triggers": [], "Execution Time": 41542.306}]
q5#####[{"Plan": {"Node Type": "Sort", "Parallel Aware": false, "Startup Cost": 275641.41, "Total Cost": 275784.6, "Plan Rows": 57278, "Plan Width": 205, "Actual Startup Time": 41605.571, "Actual Total Time": 41613.076, "Actual Rows": 38013, "Actual Loops": 1, "Output": ["customer.c_custkey", "customer.c_name", "(sum((lineitem.l_extendedprice * ('1'::numeric - lineitem.l_discount))))", "customer.c_acctbal", "nation.n_name", "customer.c_address", "customer.c_phone", "customer.c_comment"], "Sort Key": ["(sum((lineitem.l_extendedprice * ('1'::numeric - lineitem.l_discount)))) DESC"], "Sort Method": "external merge", "Sort Space Used": 6440, "Sort Space Type": "Disk", "Plans": [{"Node Type": "Aggregate", "Strategy": "Sorted", "Partial Mode": "Simple", "Parent Relationship": "Outer", "Parallel Aware": false, "Startup Cost": 263143.19, "Total Cost": 265434.31, "Plan Rows": 57278, "Plan Width": 205, "Actual Startup Time": 38134.184, "Actual Total Time": 40927.758, "Actual Rows": 38013, "Actual Loops": 1, "Output": ["customer.c_custkey", "customer.c_name", "sum((lineitem.l_extendedprice * ('1'::numeric - lineitem.l_discount)))", "customer.c_acctbal", "nation.n_name", "customer.c_address", "customer.c_phone", "customer.c_comment"], "Group Key": ["customer.c_custkey", "customer.c_name", "customer.c_acctbal", "customer.c_phone", "nation.n_name", "customer.c_address", "customer.c_comment"], "Plans": [{"Node Type": "Sort", "Parent Relationship": "Outer", "Parallel Aware": false, "Startup Cost": 263143.19, "Total Cost": 263286.39, "Plan Rows": 57278, "Plan Width": 185, "Actual Startup Time": 38131.165, "Actual Total Time": 40829.921, "Actual Rows": 114399, "Actual Loops": 1, "Output": ["customer.c_custkey", "customer.c_name", "customer.c_acctbal", "nation.n_name", "customer.c_address", "customer.c_phone", "customer.c_comment", "lineitem.l_extendedprice", "lineitem.l_discount"], "Sort Key": ["customer.c_custkey", "customer.c_name", "customer.c_acctbal", "customer.c_phone", "nation.n_name", "customer.c_address", "customer.c_comment"], "Sort Method": "external merge", "Sort Space Used": 19840, "Sort Space Type": "Disk", "Plans": [{"Node Type": "Hash Join", "Parent Relationship": "Outer", "Parallel Aware": false, "Join Type": "Inner", "Startup Cost": 243768.72, "Total Cost": 253328.1, "Plan Rows": 57278, "Plan Width": 185, "Actual Startup Time": 25177.053, "Actual Total Time": 37213.431, "Actual Rows": 114399, "Actual Loops": 1, "Output": ["customer.c_custkey", "customer.c_name", "customer.c_acctbal", "nation.n_name", "customer.c_address", "customer.c_phone", "customer.c_comment", "lineitem.l_extendedprice", "lineitem.l_discount"], "Inner Unique": true, "Hash Cond": "(customer.c_nationkey = nation.n_nationkey)", "Plans": [{"Node Type": "Hash Join", "Parent Relationship": "Outer", "Parallel Aware": false, "Join Type": "Inner", "Startup Cost": 243747.25, "Total Cost": 253155.03, "Plan Rows": 57278, "Plan Width": 160, "Actual Startup Time": 25174.218, "Actual Total Time": 37184.138, "Actual Rows": 114399, "Actual Loops": 1, "Output": ["customer.c_custkey", "customer.c_name", "customer.c_acctbal", "customer.c_address", "customer.c_phone", "customer.c_comment", "customer.c_nationkey", "lineitem.l_extendedprice", "lineitem.l_discount"], "Inner Unique": false, "Hash Cond": "(customer.c_custkey = orders.o_custkey)", "Plans": [{"Node Type": "Seq Scan", "Parent Relationship": "Outer", "Parallel Aware": false, "Relation Name": "customer", "Schema": "public", "Alias": "customer", "Startup Cost": 0.0, "Total Cost": 5085.0, "Plan Rows": 150000, "Plan Width": 148, "Actual Startup Time": 0.016, "Actual Total Time": 79.426, "Actual Rows": 150000, "Actual Loops": 1, "Output": ["customer.c_custkey", "customer.c_name", "customer.c_address", "customer.c_nationkey", "customer.c_phone", "customer.c_acctbal", "customer.c_mktsegment", "customer.c_comment"]}, {"Node Type": "Hash", "Parent Relationship": "Inner", "Parallel Aware": false, "Startup Cost": 243031.27, "Total Cost": 243031.27, "Plan Rows": 57278, "Plan Width": 16, "Actual Startup Time": 25161.949, "Actual Total Time": 25162.052, "Actual Rows": 114399, "Actual Loops": 1, "Output": ["orders.o_custkey", "lineitem.l_extendedprice", "lineitem.l_discount"], "Hash Buckets": 131072, "Original Hash Buckets": 65536, "Hash Batches": 2, "Original Hash Batches": 1, "Peak Memory Usage": 3784, "Plans": [{"Node Type": "Hash Join", "Parent Relationship": "Outer", "Parallel Aware": false, "Join Type": "Inner", "Startup Cost": 49310.71, "Total Cost": 243031.27, "Plan Rows": 57278, "Plan Width": 16, "Actual Startup Time": 4346.408, "Actual Total Time": 24981.882, "Actual Rows": 114399, "Actual Loops": 1, "Output": ["orders.o_custkey", "lineitem.l_extendedprice", "lineitem.l_discount"], "Inner Unique": false, "Hash Cond": "(lineitem.l_orderkey = orders.o_orderkey)", "Plans": [{"Node Type": "Seq Scan", "Parent Relationship": "Outer", "Parallel Aware": false, "Relation Name": "lineitem", "Schema": "public", "Alias": "lineitem", "Startup Cost": 0.0, "Total Cost": 187520.7, "Plan Rows": 1500554, "Plan Width": 16, "Actual Startup Time": 0.014, "Actual Total Time": 20192.14, "Actual Rows": 1478870, "Actual Loops": 1, "Output": ["lineitem.l_orderkey", "lineitem.l_partkey", "lineitem.l_suppkey", "lineitem.l_linenumber", "lineitem.l_quantity", "lineitem.l_extendedprice", "lineitem.l_discount", "lineitem.l_tax", "lineitem.l_returnflag", "lineitem.l_linestatus", "lineitem.l_shipdate", "lineitem.l_commitdate", "lineitem.l_receiptdate", "lineitem.l_shipinstruct", "lineitem.l_shipmode", "lineitem.l_comment"], "Filter": "(lineitem.l_returnflag = 'R'::bpchar)", "Rows Removed by Filter": 4522345}, {"Node Type": "Hash", "Parent Relationship": "Inner", "Parallel Aware": false, "Startup Cost": 48595.0, "Total Cost": 48595.0, "Plan Rows": 57257, "Plan Width": 8, "Actual Startup Time": 4342.957, "Actual Total Time": 4342.981, "Actual Rows": 57207, "Actual Loops": 1, "Output": ["orders.o_custkey", "orders.o_orderkey"], "Hash Buckets": 65536, "Original Hash Buckets": 65536, "Hash Batches": 1, "Original Hash Batches": 1, "Peak Memory Usage": 2747, "Plans": [{"Node Type": "Seq Scan", "Parent Relationship": "Outer", "Parallel Aware": false, "Relation Name": "orders", "Schema": "public", "Alias": "orders", "Startup Cost": 0.0, "Total Cost": 48595.0, "Plan Rows": 57257, "Plan Width": 8, "Actual Startup Time": 0.772, "Actual Total Time": 4300.511, "Actual Rows": 57207, "Actual Loops": 1, "Output": ["orders.o_custkey", "orders.o_orderkey"], "Filter": "((orders.o_orderdate >= '1994-10-05'::date) AND (orders.o_orderdate < '1995-01-05 00:00:00'::timestamp without time zone))", "Rows Removed by Filter": 1442793}]}]}]}]}, {"Node Type": "Hash", "Parent Relationship": "Inner", "Parallel Aware": false, "Startup Cost": 15.1, "Total Cost": 15.1, "Plan Rows": 510, "Plan Width": 33, "Actual Startup Time": 0.092, "Actual Total Time": 0.125, "Actual Rows": 25, "Actual Loops": 1, "Output": ["nation.n_name", "nation.n_nationkey"], "Hash Buckets": 1024, "Original Hash Buckets": 1024, "Hash Batches": 1, "Original Hash Batches": 1, "Peak Memory Usage": 10, "Plans": [{"Node Type": "Seq Scan", "Parent Relationship": "Outer", "Parallel Aware": false, "Relation Name": "nation", "Schema": "public", "Alias": "nation", "Startup Cost": 0.0, "Total Cost": 15.1, "Plan Rows": 510, "Plan Width": 33, "Actual Startup Time": 0.01, "Actual Total Time": 0.015, "Actual Rows": 25, "Actual Loops": 1, "Output": ["nation.n_name", "nation.n_nationkey"]}]}]}]}]}]}, "Planning Time": 6.27, "Triggers": [], "Execution Time": 41722.518}]
q9#####[{"Plan": {"Node Type": "Aggregate", "Strategy": "Sorted", "Partial Mode": "Simple", "Parallel Aware": false, "Startup Cost": 258282.64, "Total Cost": 258285.74, "Plan Rows": 69, "Plan Width": 40, "Actual Startup Time": 61781.875, "Actual Total Time": 61788.161, "Actual Rows": 2, "Actual Loops": 1, "Output": ["(date_part('year'::text, (orders.o_orderdate)::timestamp without time zone))", "(sum(CASE WHEN ((n2.n_name)::text = 'MOZAMBIQUE'::text) THEN (lineitem.l_extendedprice * ('1'::numeric - lineitem.l_discount)) ELSE '0'::numeric END) / sum((lineitem.l_extendedprice * ('1'::numeric - lineitem.l_discount))))"], "Group Key": ["(date_part('year'::text, (orders.o_orderdate)::timestamp without time zone))"], "Plans": [{"Node Type": "Sort", "Parent Relationship": "Outer", "Parallel Aware": false, "Startup Cost": 258282.64, "Total Cost": 258282.81, "Plan Rows": 69, "Plan Width": 49, "Actual Startup Time": 61771.031, "Actual Total Time": 61781.092, "Actual Rows": 2613, "Actual Loops": 1, "Output": ["(date_part('year'::text, (orders.o_orderdate)::timestamp without time zone))", "n2.n_name", "lineitem.l_extendedprice", "lineitem.l_discount"], "Sort Key": ["(date_part('year'::text, (orders.o_orderdate)::timestamp without time zone))"], "Sort Method": "quicksort", "Sort Space Used": 301, "Sort Space Type": "Memory", "Plans": [{"Node Type": "Nested Loop", "Parent Relationship": "Outer", "Parallel Aware": false, "Join Type": "Inner", "Startup Cost": 63101.7, "Total Cost": 258280.53, "Plan Rows": 69, "Plan Width": 49, "Actual Startup Time": 4501.423, "Actual Total Time": 61738.242, "Actual Rows": 2613, "Actual Loops": 1, "Output": ["date_part('year'::text, (orders.o_orderdate)::timestamp without time zone)", "n2.n_name", "lineitem.l_extendedprice", "lineitem.l_discount"], "Inner Unique": true, "Plans": [{"Node Type": "Hash Join", "Parent Relationship": "Outer", "Parallel Aware": false, "Join Type": "Inner", "Startup Cost": 63101.55, "Total Cost": 258268.47, "Plan Rows": 69, "Plan Width": 20, "Actual Startup Time": 4500.385, "Actual Total Time": 61666.165, "Actual Rows": 2613, "Actual Loops": 1, "Output": ["lineitem.l_extendedprice", "lineitem.l_discount", "supplier.s_nationkey", "orders.o_orderdate"], "Inner Unique": false, "Hash Cond": "(lineitem.l_suppkey = supplier.s_suppkey)", "Plans": [{"Node Type": "Hash Join", "Parent Relationship": "Outer", "Parallel Aware": false, "Join Type": "Inner", "Startup Cost": 62654.55, "Total Cost": 257820.52, "Plan Rows": 69, "Plan Width": 20, "Actual Startup Time": 4391.307, "Actual Total Time": 61382.004, "Actual Rows": 2613, "Actual Loops": 1, "Output": ["lineitem.l_extendedprice", "lineitem.l_discount", "lineitem.l_suppkey", "orders.o_orderdate"], "Inner Unique": false, "Hash Cond": "(lineitem.l_partkey = part.p_partkey)", "Plans": [{"Node Type": "Hash Join", "Parent Relationship": "Outer", "Parallel Aware": false, "Join Type": "Inner", "Startup Cost": 56040.94, "Total Cost": 251167.27, "Plan Rows": 10386, "Plan Width": 24, "Actual Startup Time": 3015.449, "Actual Total Time": 59895.831, "Actual Rows": 364734, "Actual Loops": 1, "Output": ["lineitem.l_extendedprice", "lineitem.l_discount", "lineitem.l_partkey", "lineitem.l_suppkey", "orders.o_orderdate"], "Inner Unique": false, "Hash Cond": "(lineitem.l_orderkey = orders.o_orderkey)", "Plans": [{"Node Type": "Seq Scan", "Parent Relationship": "Outer", "Parallel Aware": false, "Relation Name": "lineitem", "Schema": "public", "Alias": "lineitem", "Startup Cost": 0.0, "Total Cost": 172517.16, "Plan Rows": 6001416, "Plan Width": 24, "Actual Startup Time": 0.051, "Actual Total Time": 7941.565, "Actual Rows": 6001215, "Actual Loops": 1, "Output": ["lineitem.l_orderkey", "lineitem.l_partkey", "lineitem.l_suppkey", "lineitem.l_linenumber", "lineitem.l_quantity", "lineitem.l_extendedprice", "lineitem.l_discount", "lineitem.l_tax", "lineitem.l_returnflag", "lineitem.l_linestatus", "lineitem.l_shipdate", "lineitem.l_commitdate", "lineitem.l_receiptdate", "lineitem.l_shipinstruct", "lineitem.l_shipmode", "lineitem.l_comment"]}, {"Node Type": "Hash", "Parent Relationship": "Inner", "Parallel Aware": false, "Startup Cost": 56008.49, "Total Cost": 56008.49, "Plan Rows": 2596, "Plan Width": 8, "Actual Startup Time": 3014.916, "Actual Total Time": 3020.824, "Actual Rows": 91174, "Actual Loops": 1, "Output": ["orders.o_orderdate", "orders.o_orderkey"], "Hash Buckets": 131072, "Original Hash Buckets": 4096, "Hash Batches": 2, "Original Hash Batches": 1, "Peak Memory Usage": 3073, "Plans": [{"Node Type": "Hash Join", "Parent Relationship": "Outer", "Parallel Aware": false, "Join Type": "Inner", "Startup Cost": 5700.16, "Total Cost": 56008.49, "Plan Rows": 2596, "Plan Width": 8, "Actual Startup Time": 47.941, "Actual Total Time": 2965.059, "Actual Rows": 91174, "Actual Loops": 1, "Output": ["orders.o_orderdate", "orders.o_orderkey"], "Inner Unique": false, "Hash Cond": "(orders.o_custkey = customer.c_custkey)", "Plans": [{"Node Type": "Seq Scan", "Parent Relationship": "Outer", "Parallel Aware": false, "Relation Name": "orders", "Schema": "public", "Alias": "orders", "Startup Cost": 0.0, "Total Cost": 48595.0, "Plan Rows": 449969, "Plan Width": 12, "Actual Startup Time": 0.015, "Actual Total Time": 2792.923, "Actual Rows": 457263, "Actual Loops": 1, "Output": ["orders.o_orderkey", "orders.o_custkey", "orders.o_orderstatus", "orders.o_totalprice", "orders.o_orderdate", "orders.o_orderpriority", "orders.o_clerk", "orders.o_shippriority", "orders.o_comment"], "Filter": "((orders.o_orderdate >= '1995-01-01'::date) AND (orders.o_orderdate <= '1996-12-31'::date))", "Rows Removed by Filter": 1042737}, {"Node Type": "Hash", "Parent Relationship": "Inner", "Parallel Aware": false, "Startup Cost": 5689.34, "Total Cost": 5689.34, "Plan Rows": 865, "Plan Width": 4, "Actual Startup Time": 47.871, "Actual Total Time": 52.54, "Actual Rows": 29764, "Actual Loops": 1, "Output": ["customer.c_custkey"], "Hash Buckets": 32768, "Original Hash Buckets": 1024, "Hash Batches": 1, "Original Hash Batches": 1, "Peak Memory Usage": 1303, "Plans": [{"Node Type": "Hash Join", "Parent Relationship": "Outer", "Parallel Aware": false, "Join Type": "Inner", "Startup Cost": 33.02, "Total Cost": 5689.34, "Plan Rows": 865, "Plan Width": 4, "Actual Startup Time": 0.27, "Actual Total Time": 30.631, "Actual Rows": 29764, "Actual Loops": 1, "Output": ["customer.c_custkey"], "Inner Unique": false, "Hash Cond": "(customer.c_nationkey = n1.n_nationkey)", "Plans": [{"Node Type": "Seq Scan", "Parent Relationship": "Outer", "Parallel Aware": false, "Relation Name": "customer", "Schema": "public", "Alias": "customer", "Startup Cost": 0.0, "Total Cost": 5085.0, "Plan Rows": 150000, "Plan Width": 8, "Actual Startup Time": 0.031, "Actual Total Time": 8.709, "Actual Rows": 150000, "Actual Loops": 1, "Output": ["customer.c_custkey", "customer.c_name", "customer.c_address", "customer.c_nationkey", "customer.c_phone", "customer.c_acctbal", "customer.c_mktsegment", "customer.c_comment"]}, {"Node Type": "Hash", "Parent Relationship": "Inner", "Parallel Aware": false, "Startup Cost": 32.99, "Total Cost": 32.99, "Plan Rows": 3, "Plan Width": 4, "Actual Startup Time": 0.172, "Actual Total Time": 3.329, "Actual Rows": 5, "Actual Loops": 1, "Output": ["n1.n_nationkey"], "Hash Buckets": 1024, "Original Hash Buckets": 1024, "Hash Batches": 1, "Original Hash Batches": 1, "Peak Memory Usage": 9, "Plans": [{"Node Type": "Hash Join", "Parent Relationship": "Outer", "Parallel Aware": false, "Join Type": "Inner", "Startup Cost": 16.54, "Total Cost": 32.99, "Plan Rows": 3, "Plan Width": 4, "Actual Startup Time": 0.139, "Actual Total Time": 3.286, "Actual Rows": 5, "Actual Loops": 1, "Output": ["n1.n_nationkey"], "Inner Unique": true, "Hash Cond": "(n1.n_regionkey = region.r_regionkey)", "Plans": [{"Node Type": "Seq Scan", "Parent Relationship": "Outer", "Parallel Aware": false, "Relation Name": "nation", "Schema": "public", "Alias": "n1", "Startup Cost": 0.0, "Total Cost": 15.1, "Plan Rows": 510, "Plan Width": 8, "Actual Startup Time": 0.039, "Actual Total Time": 1.652, "Actual Rows": 25, "Actual Loops": 1, "Output": ["n1.n_nationkey", "n1.n_name", "n1.n_regionkey", "n1.n_comment"]}, {"Node Type": "Hash", "Parent Relationship": "Inner", "Parallel Aware": false, "Startup Cost": 16.5, "Total Cost": 16.5, "Plan Rows": 3, "Plan Width": 4, "Actual Startup Time": 0.053, "Actual Total Time": 0.063, "Actual Rows": 1, "Actual Loops": 1, "Output": ["region.r_regionkey"], "Hash Buckets": 1024, "Original Hash Buckets": 1024, "Hash Batches": 1, "Original Hash Batches": 1, "Peak Memory Usage": 9, "Plans": [{"Node Type": "Seq Scan", "Parent Relationship": "Outer", "Parallel Aware": false, "Relation Name": "region", "Schema": "public", "Alias": "region", "Startup Cost": 0.0, "Total Cost": 16.5, "Plan Rows": 3, "Plan Width": 4, "Actual Startup Time": 0.044, "Actual Total Time": 0.045, "Actual Rows": 1, "Actual Loops": 1, "Output": ["region.r_regionkey"], "Filter": "((region.r_name)::text = 'AFRICA'::text)", "Rows Removed by Filter": 4}]}]}]}]}]}]}]}]}, {"Node Type": "Hash", "Parent Relationship": "Inner", "Parallel Aware": false, "Startup Cost": 6597.0, "Total Cost": 6597.0, "Plan Rows": 1329, "Plan Width": 4, "Actual Startup Time": 1375.461, "Actual Total Time": 1375.462, "Actual Rows": 1413, "Actual Loops": 1, "Output": ["part.p_partkey"], "Hash Buckets": 2048, "Original Hash Buckets": 2048, "Hash Batches": 1, "Original Hash Batches": 1, "Peak Memory Usage": 66, "Plans": [{"Node Type": "Seq Scan", "Parent Relationship": "Outer", "Parallel Aware": false, "Relation Name": "part", "Schema": "public", "Alias": "part", "Startup Cost": 0.0, "Total Cost": 6597.0, "Plan Rows": 1329, "Plan Width": 4, "Actual Startup Time": 1.185, "Actual Total Time": 1374.278, "Actual Rows": 1413, "Actual Loops": 1, "Output": ["part.p_partkey"], "Filter": "((part.p_type)::text = 'SMALL BRUSHED TIN'::text)", "Rows Removed by Filter": 198587}]}]}, {"Node Type": "Hash", "Parent Relationship": "Inner", "Parallel Aware": false, "Startup Cost": 322.0, "Total Cost": 322.0, "Plan Rows": 10000, "Plan Width": 8, "Actual Startup Time": 107.203, "Actual Total Time": 107.203, "Actual Rows": 10000, "Actual Loops": 1, "Output": ["supplier.s_suppkey", "supplier.s_nationkey"], "Hash Buckets": 16384, "Original Hash Buckets": 16384, "Hash Batches": 1, "Original Hash Batches": 1, "Peak Memory Usage": 519, "Plans": [{"Node Type": "Seq Scan", "Parent Relationship": "Outer", "Parallel Aware": false, "Relation Name": "supplier", "Schema": "public", "Alias": "supplier", "Startup Cost": 0.0, "Total Cost": 322.0, "Plan Rows": 10000, "Plan Width": 8, "Actual Startup Time": 0.005, "Actual Total Time": 101.537, "Actual Rows": 10000, "Actual Loops": 1, "Output": ["supplier.s_suppkey", "supplier.s_nationkey"]}]}]}, {"Node Type": "Index Scan", "Parent Relationship": "Inner", "Parallel Aware": false, "Scan Direction": "Forward", "Index Name": "nation_pkey", "Relation Name": "nation", "Schema": "public", "Alias": "n2", "Startup Cost": 0.15, "Total Cost": 0.17, "Plan Rows": 1, "Plan Width": 33, "Actual Startup Time": 0.013, "Actual Total Time": 0.013, "Actual Rows": 1, "Actual Loops": 2613, "Output": ["n2.n_nationkey", "n2.n_name", "n2.n_regionkey", "n2.n_comment"], "Index Cond": "(n2.n_nationkey = supplier.s_nationkey)", "Rows Removed by Index Recheck": 0}]}]}]}, "Planning Time": 3.467, "Triggers": [], "Execution Time": 61808.535}]
q16#####[{"Plan": {"Node Type": "Sort", "Parallel Aware": false, "Startup Cost": 250811.88, "Total Cost": 250812.38, "Plan Rows": 200, "Plan Width": 61, "Actual Startup Time": 77626.22, "Actual Total Time": 77630.621, "Actual Rows": 5, "Actual Loops": 1, "Output": ["nation.n_name", "(sum((lineitem.l_extendedprice * ('1'::numeric - lineitem.l_discount))))"], "Sort Key": ["(sum((lineitem.l_extendedprice * ('1'::numeric - lineitem.l_discount)))) DESC"], "Sort Method": "quicksort", "Sort Space Used": 25, "Sort Space Type": "Memory", "Plans": [{"Node Type": "Aggregate", "Strategy": "Sorted", "Partial Mode": "Simple", "Parent Relationship": "Outer", "Parallel Aware": false, "Startup Cost": 250799.04, "Total Cost": 250804.23, "Plan Rows": 200, "Plan Width": 61, "Actual Startup Time": 77622.904, "Actual Total Time": 77628.966, "Actual Rows": 5, "Actual Loops": 1, "Output": ["nation.n_name", "sum((lineitem.l_extendedprice * ('1'::numeric - lineitem.l_discount)))"], "Group Key": ["nation.n_name"], "Plans": [{"Node Type": "Sort", "Parent Relationship": "Outer", "Parallel Aware": false, "Startup Cost": 250799.04, "Total Cost": 250799.58, "Plan Rows": 215, "Plan Width": 41, "Actual Startup Time": 77615.428, "Actual Total Time": 77619.964, "Actual Rows": 7251, "Actual Loops": 1, "Output": ["nation.n_name", "lineitem.l_extendedprice", "lineitem.l_discount"], "Sort Key": ["nation.n_name"], "Sort Method": "quicksort", "Sort Space Used": 756, "Sort Space Type": "Memory", "Plans": [{"Node Type": "Hash Join", "Parent Relationship": "Outer", "Parallel Aware": false, "Join Type": "Inner", "Startup Cost": 55671.91, "Total Cost": 250790.71, "Plan Rows": 215, "Plan Width": 41, "Actual Startup Time": 6572.428, "Actual Total Time": 77535.61, "Actual Rows": 7251, "Actual Loops": 1, "Output": ["nation.n_name", "lineitem.l_extendedprice", "lineitem.l_discount"], "Inner Unique": false, "Hash Cond": "((lineitem.l_suppkey = supplier.s_suppkey) AND (customer.c_nationkey = supplier.s_nationkey))", "Plans": [{"Node Type": "Hash Join", "Parent Relationship": "Outer", "Parallel Aware": false, "Join Type": "Inner", "Startup Cost": 55199.91, "Total Cost": 250276.19, "Plan Rows": 5383, "Plan Width": 53, "Actual Startup Time": 6455.666, "Actual Total Time": 77267.916, "Actual Rows": 179992, "Actual Loops": 1, "Output": ["customer.c_nationkey", "lineitem.l_extendedprice", "lineitem.l_discount", "lineitem.l_suppkey", "nation.n_name", "nation.n_nationkey"], "Inner Unique": false, "Hash Cond": "(lineitem.l_orderkey = orders.o_orderkey)", "Plans": [{"Node Type": "Seq Scan", "Parent Relationship": "Outer", "Parallel Aware": false, "Relation Name": "lineitem", "Schema": "public", "Alias": "lineitem", "Startup Cost": 0.0, "Total Cost": 172517.16, "Plan Rows": 6001416, "Plan Width": 20, "Actual Startup Time": 0.011, "Actual Total Time": 66993.637, "Actual Rows": 6001215, "Actual Loops": 1, "Output": ["lineitem.l_orderkey", "lineitem.l_partkey", "lineitem.l_suppkey", "lineitem.l_linenumber", "lineitem.l_quantity", "lineitem.l_extendedprice", "lineitem.l_discount", "lineitem.l_tax", "lineitem.l_returnflag", "lineitem.l_linestatus", "lineitem.l_shipdate", "lineitem.l_commitdate", "lineitem.l_receiptdate", "lineitem.l_shipinstruct", "lineitem.l_shipmode", "lineitem.l_comment"]}, {"Node Type": "Hash", "Parent Relationship": "Inner", "Parallel Aware": false, "Startup Cost": 55183.1, "Total Cost": 55183.1, "Plan Rows": 1345, "Plan Width": 41, "Actual Startup Time": 6449.379, "Actual Total Time": 6453.337, "Actual Rows": 45009, "Actual Loops": 1, "Output": ["customer.c_nationkey", "orders.o_orderkey", "nation.n_name", "nation.n_nationkey"], "Hash Buckets": 65536, "Original Hash Buckets": 2048, "Hash Batches": 1, "Original Hash Batches": 1, "Peak Memory Usage": 2868, "Plans": [{"Node Type": "Hash Join", "Parent Relationship": "Outer", "Parallel Aware": false, "Join Type": "Inner", "Startup Cost": 5700.16, "Total Cost": 55183.1, "Plan Rows": 1345, "Plan Width": 41, "Actual Startup Time": 669.004, "Actual Total Time": 6408.85, "Actual Rows": 45009, "Actual Loops": 1, "Output": ["customer.c_nationkey", "orders.o_orderkey", "nation.n_name", "nation.n_nationkey"], "Inner Unique": false, "Hash Cond": "(orders.o_custkey = customer.c_custkey)", "Plans": [{"Node Type": "Seq Scan", "Parent Relationship": "Outer", "Parallel Aware": false, "Relation Name": "orders", "Schema": "public", "Alias": "orders", "Startup Cost": 0.0, "Total Cost": 48595.0, "Plan Rows": 233198, "Plan Width": 8, "Actual Startup Time": 0.009, "Actual Total Time": 5633.256, "Actual Rows": 227597, "Actual Loops": 1, "Output": ["orders.o_orderkey", "orders.o_custkey", "orders.o_orderstatus", "orders.o_totalprice", "orders.o_orderdate", "orders.o_orderpriority", "orders.o_clerk", "orders.o_shippriority", "orders.o_comment"], "Filter": "((orders.o_orderdate >= '1994-01-01'::date) AND (orders.o_orderdate < '1995-01-01 00:00:00'::timestamp without time zone))", "Rows Removed by Filter": 1272403}, {"Node Type": "Hash", "Parent Relationship": "Inner", "Parallel Aware": false, "Startup Cost": 5689.34, "Total Cost": 5689.34, "Plan Rows": 865, "Plan Width": 41, "Actual Startup Time": 668.895, "Actual Total Time": 670.11, "Actual Rows": 29904, "Actual Loops": 1, "Output": ["customer.c_custkey", "customer.c_nationkey", "nation.n_name", "nation.n_nationkey"], "Hash Buckets": 32768, "Original Hash Buckets": 1024, "Hash Batches": 1, "Original Hash Batches": 1, "Peak Memory Usage": 1821, "Plans": [{"Node Type": "Hash Join", "Parent Relationship": "Outer", "Parallel Aware": false, "Join Type": "Inner", "Startup Cost": 33.02, "Total Cost": 5689.34, "Plan Rows": 865, "Plan Width": 41, "Actual Startup Time": 0.08, "Actual Total Time": 629.505, "Actual Rows": 29904, "Actual Loops": 1, "Output": ["customer.c_custkey", "customer.c_nationkey", "nation.n_name", "nation.n_nationkey"], "Inner Unique": false, "Hash Cond": "(customer.c_nationkey = nation.n_nationkey)", "Plans": [{"Node Type": "Seq Scan", "Parent Relationship": "Outer", "Parallel Aware": false, "Relation Name": "customer", "Schema": "public", "Alias": "customer", "Startup Cost": 0.0, "Total Cost": 5085.0, "Plan Rows": 150000, "Plan Width": 8, "Actual Startup Time": 0.005, "Actual Total Time": 44.328, "Actual Rows": 150000, "Actual Loops": 1, "Output": ["customer.c_custkey", "customer.c_name", "customer.c_address", "customer.c_nationkey", "customer.c_phone", "customer.c_acctbal", "customer.c_mktsegment", "customer.c_comment"]}, {"Node Type": "Hash", "Parent Relationship": "Inner", "Parallel Aware": false, "Startup Cost": 32.99, "Total Cost": 32.99, "Plan Rows": 3, "Plan Width": 33, "Actual Startup Time": 0.056, "Actual Total Time": 1.246, "Actual Rows": 5, "Actual Loops": 1, "Output": ["nation.n_name", "nation.n_nationkey"], "Hash Buckets": 1024, "Original Hash Buckets": 1024, "Hash Batches": 1, "Original Hash Batches": 1, "Peak Memory Usage": 9, "Plans": [{"Node Type": "Hash Join", "Parent Relationship": "Outer", "Parallel Aware": false, "Join Type": "Inner", "Startup Cost": 16.54, "Total Cost": 32.99, "Plan Rows": 3, "Plan Width": 33, "Actual Startup Time": 0.049, "Actual Total Time": 1.235, "Actual Rows": 5, "Actual Loops": 1, "Output": ["nation.n_name", "nation.n_nationkey"], "Inner Unique": true, "Hash Cond": "(nation.n_regionkey = region.r_regionkey)", "Plans": [{"Node Type": "Seq Scan", "Parent Relationship": "Outer", "Parallel Aware": false, "Relation Name": "nation", "Schema": "public", "Alias": "nation", "Startup Cost": 0.0, "Total Cost": 15.1, "Plan Rows": 510, "Plan Width": 37, "Actual Startup Time": 0.002, "Actual Total Time": 0.004, "Actual Rows": 25, "Actual Loops": 1, "Output": ["nation.n_nationkey", "nation.n_name", "nation.n_regionkey", "nation.n_comment"]}, {"Node Type": "Hash", "Parent Relationship": "Inner", "Parallel Aware": false, "Startup Cost": 16.5, "Total Cost": 16.5, "Plan Rows": 3, "Plan Width": 4, "Actual Startup Time": 0.024, "Actual Total Time": 0.025, "Actual Rows": 1, "Actual Loops": 1, "Output": ["region.r_regionkey"], "Hash Buckets": 1024, "Original Hash Buckets": 1024, "Hash Batches": 1, "Original Hash Batches": 1, "Peak Memory Usage": 9, "Plans": [{"Node Type": "Seq Scan", "Parent Relationship": "Outer", "Parallel Aware": false, "Relation Name": "region", "Schema": "public", "Alias": "region", "Startup Cost": 0.0, "Total Cost": 16.5, "Plan Rows": 3, "Plan Width": 4, "Actual Startup Time": 0.018, "Actual Total Time": 0.019, "Actual Rows": 1, "Actual Loops": 1, "Output": ["region.r_regionkey"], "Filter": "((region.r_name)::text = 'MIDDLE EAST'::text)", "Rows Removed by Filter": 4}]}]}]}]}]}]}]}]}, {"Node Type": "Hash", "Parent Relationship": "Inner", "Parallel Aware": false, "Startup Cost": 322.0, "Total Cost": 322.0, "Plan Rows": 10000, "Plan Width": 8, "Actual Startup Time": 108.724, "Actual Total Time": 108.725, "Actual Rows": 10000, "Actual Loops": 1, "Output": ["supplier.s_suppkey", "supplier.s_nationkey"], "Hash Buckets": 16384, "Original Hash Buckets": 16384, "Hash Batches": 1, "Original Hash Batches": 1, "Peak Memory Usage": 519, "Plans": [{"Node Type": "Seq Scan", "Parent Relationship": "Outer", "Parallel Aware": false, "Relation Name": "supplier", "Schema": "public", "Alias": "supplier", "Startup Cost": 0.0, "Total Cost": 322.0, "Plan Rows": 10000, "Plan Width": 8, "Actual Startup Time": 0.011, "Actual Total Time": 91.944, "Actual Rows": 10000, "Actual Loops": 1, "Output": ["supplier.s_suppkey", "supplier.s_nationkey"]}]}]}]}]}]}, "Planning Time": 3.731, "Triggers": [], "Execution Time": 77656.021}]
q12#####[{"Plan": {"Node Type": "Aggregate", "Strategy": "Sorted", "Partial Mode": "Simple", "Parallel Aware": false, "Startup Cost": 262636.32, "Total Cost": 262639.44, "Plan Rows": 89, "Plan Width": 98, "Actual Startup Time": 78304.754, "Actual Total Time": 78315.693, "Actual Rows": 4, "Actual Loops": 1, "Output": ["n1.n_name", "n2.n_name", "(date_part('year'::text, (lineitem.l_shipdate)::timestamp without time zone))", "sum((lineitem.l_extendedprice * ('1'::numeric - lineitem.l_discount)))"], "Group Key": ["n1.n_name", "n2.n_name", "(date_part('year'::text, (lineitem.l_shipdate)::timestamp without time zone))"], "Plans": [{"Node Type": "Sort", "Parent Relationship": "Outer", "Parallel Aware": false, "Startup Cost": 262636.32, "Total Cost": 262636.55, "Plan Rows": 89, "Plan Width": 78, "Actual Startup Time": 78300.154, "Actual Total Time": 78310.273, "Actual Rows": 6019, "Actual Loops": 1, "Output": ["n1.n_name", "n2.n_name", "(date_part('year'::text, (lineitem.l_shipdate)::timestamp without time zone))", "lineitem.l_extendedprice", "lineitem.l_discount"], "Sort Key": ["n1.n_name", "n2.n_name", "(date_part('year'::text, (lineitem.l_shipdate)::timestamp without time zone))"], "Sort Method": "quicksort", "Sort Space Used": 663, "Sort Space Type": "Memory", "Plans": [{"Node Type": "Hash Join", "Parent Relationship": "Outer", "Parallel Aware": false, "Join Type": "Inner", "Startup Cost": 52936.46, "Total Cost": 262633.44, "Plan Rows": 89, "Plan Width": 78, "Actual Startup Time": 11758.974, "Actual Total Time": 78165.713, "Actual Rows": 6019, "Actual Loops": 1, "Output": ["n1.n_name", "n2.n_name", "date_part('year'::text, (lineitem.l_shipdate)::timestamp without time zone)", "lineitem.l_extendedprice", "lineitem.l_discount"], "Inner Unique": false, "Hash Cond": "(lineitem.l_orderkey = orders.o_orderkey)", "Join Filter": "((((n1.n_name)::text = 'VIETNAM'::text) AND ((n2.n_name)::text = 'RUSSIA'::text)) OR (((n1.n_name)::text = 'RUSSIA'::text) AND ((n2.n_name)::text = 'VIETNAM'::text)))", "Rows Removed by Join Filter": 5989, "Plans": [{"Node Type": "Hash Join", "Parent Relationship": "Outer", "Parallel Aware": false, "Join Type": "Inner", "Startup Cost": 367.41, "Total Cost": 209992.58, "Plan Rows": 18088, "Plan Width": 49, "Actual Startup Time": 171.002, "Actual Total Time": 64939.999, "Actual Rows": 146928, "Actual Loops": 1, "Output": ["lineitem.l_shipdate", "lineitem.l_extendedprice", "lineitem.l_discount", "lineitem.l_orderkey", "n1.n_name"], "Inner Unique": false, "Hash Cond": "(lineitem.l_suppkey = supplier.s_suppkey)", "Plans": [{"Node Type": "Seq Scan", "Parent Relationship": "Outer", "Parallel Aware": false, "Relation Name": "lineitem", "Schema": "public", "Alias": "lineitem", "Startup Cost": 0.0, "Total Cost": 202524.24, "Plan Rows": 1845366, "Plan Width": 24, "Actual Startup Time": 0.011, "Actual Total Time": 64449.011, "Actual Rows": 1828450, "Actual Loops": 1, "Output": ["lineitem.l_orderkey", "lineitem.l_partkey", "lineitem.l_suppkey", "lineitem.l_linenumber", "lineitem.l_quantity", "lineitem.l_extendedprice", "lineitem.l_discount", "lineitem.l_tax", "lineitem.l_returnflag", "lineitem.l_linestatus", "lineitem.l_shipdate", "lineitem.l_commitdate", "lineitem.l_receiptdate", "lineitem.l_shipinstruct", "lineitem.l_shipmode", "lineitem.l_comment"], "Filter": "((lineitem.l_shipdate >= '1995-01-01'::date) AND (lineitem.l_shipdate <= '1996-12-31'::date))", "Rows Removed by Filter": 4172765}, {"Node Type": "Hash", "Parent Relationship": "Inner", "Parallel Aware": false, "Startup Cost": 366.18, "Total Cost": 366.18, "Plan Rows": 98, "Plan Width": 33, "Actual Startup Time": 170.969, "Actual Total Time": 170.998, "Actual Rows": 800, "Actual Loops": 1, "Output": ["supplier.s_suppkey", "n1.n_name"], "Hash Buckets": 1024, "Original Hash Buckets": 1024, "Hash Batches": 1, "Original Hash Batches": 1, "Peak Memory Usage": 42, "Plans": [{"Node Type": "Hash Join", "Parent Relationship": "Outer", "Parallel Aware": false, "Join Type": "Inner", "Startup Cost": 17.71, "Total Cost": 366.18, "Plan Rows": 98, "Plan Width": 33, "Actual Startup Time": 0.017, "Actual Total Time": 170.3, "Actual Rows": 800, "Actual Loops": 1, "Output": ["supplier.s_suppkey", "n1.n_name"], "Inner Unique": true, "Hash Cond": "(supplier.s_nationkey = n1.n_nationkey)", "Plans": [{"Node Type": "Seq Scan", "Parent Relationship": "Outer", "Parallel Aware": false, "Relation Name": "supplier", "Schema": "public", "Alias": "supplier", "Startup Cost": 0.0, "Total Cost": 322.0, "Plan Rows": 10000, "Plan Width": 8, "Actual Startup Time": 0.002, "Actual Total Time": 87.194, "Actual Rows": 10000, "Actual Loops": 1, "Output": ["supplier.s_suppkey", "supplier.s_name", "supplier.s_address", "supplier.s_nationkey", "supplier.s_phone", "supplier.s_acctbal", "supplier.s_comment"]}, {"Node Type": "Hash", "Parent Relationship": "Inner", "Parallel Aware": false, "Startup Cost": 17.65, "Total Cost": 17.65, "Plan Rows": 5, "Plan Width": 33, "Actual Startup Time": 0.006, "Actual Total Time": 0.012, "Actual Rows": 2, "Actual Loops": 1, "Output": ["n1.n_name", "n1.n_nationkey"], "Hash Buckets": 1024, "Original Hash Buckets": 1024, "Hash Batches": 1, "Original Hash Batches": 1, "Peak Memory Usage": 9, "Plans": [{"Node Type": "Seq Scan", "Parent Relationship": "Outer", "Parallel Aware": false, "Relation Name": "nation", "Schema": "public", "Alias": "n1", "Startup Cost": 0.0, "Total Cost": 17.65, "Plan Rows": 5, "Plan Width": 33, "Actual Startup Time": 0.003, "Actual Total Time": 0.006, "Actual Rows": 2, "Actual Loops": 1, "Output": ["n1.n_name", "n1.n_nationkey"], "Filter": "(((n1.n_name)::text = 'VIETNAM'::text) OR ((n1.n_name)::text = 'RUSSIA'::text))", "Rows Removed by Filter": 23}]}]}]}]}, {"Node Type": "Hash", "Parent Relationship": "Inner", "Parallel Aware": false, "Startup Cost": 52385.22, "Total Cost": 52385.22, "Plan Rows": 14706, "Plan Width": 33, "Actual Startup Time": 6439.81, "Actual Total Time": 6449.666, "Actual Rows": 121842, "Actual Loops": 1, "Output": ["orders.o_orderkey", "n2.n_name"], "Hash Buckets": 131072, "Original Hash Buckets": 16384, "Hash Batches": 2, "Original Hash Batches": 1, "Peak Memory Usage": 3617, "Plans": [{"Node Type": "Hash Join", "Parent Relationship": "Outer", "Parallel Aware": false, "Join Type": "Inner", "Startup Cost": 5518.12, "Total Cost": 52385.22, "Plan Rows": 14706, "Plan Width": 33, "Actual Startup Time": 676.169, "Actual Total Time": 5422.175, "Actual Rows": 121842, "Actual Loops": 1, "Output": ["orders.o_orderkey", "n2.n_name"], "Inner Unique": false, "Hash Cond": "(orders.o_custkey = customer.c_custkey)", "Plans": [{"Node Type": "Seq Scan", "Parent Relationship": "Outer", "Parallel Aware": false, "Relation Name": "orders", "Schema": "public", "Alias": "orders", "Startup Cost": 0.0, "Total Cost": 41095.0, "Plan Rows": 1500000, "Plan Width": 8, "Actual Startup Time": 0.013, "Actual Total Time": 3535.251, "Actual Rows": 1500000, "Actual Loops": 1, "Output": ["orders.o_orderkey", "orders.o_custkey", "orders.o_orderstatus", "orders.o_totalprice", "orders.o_orderdate", "orders.o_orderpriority", "orders.o_clerk", "orders.o_shippriority", "orders.o_comment"]}, {"Node Type": "Hash", "Parent Relationship": "Inner", "Parallel Aware": false, "Startup Cost": 5499.73, "Total Cost": 5499.73, "Plan Rows": 1471, "Plan Width": 33, "Actual Startup Time": 676.135, "Actual Total Time": 685.968, "Actual Rows": 12086, "Actual Loops": 1, "Output": ["customer.c_custkey", "n2.n_name"], "Hash Buckets": 16384, "Original Hash Buckets": 2048, "Hash Batches": 1, "Original Hash Batches": 1, "Peak Memory Usage": 642, "Plans": [{"Node Type": "Hash Join", "Parent Relationship": "Outer", "Parallel Aware": false, "Join Type": "Inner", "Startup Cost": 17.71, "Total Cost": 5499.73, "Plan Rows": 1471, "Plan Width": 33, "Actual Startup Time": 0.04, "Actual Total Time": 665.033, "Actual Rows": 12086, "Actual Loops": 1, "Output": ["customer.c_custkey", "n2.n_name"], "Inner Unique": true, "Hash Cond": "(customer.c_nationkey = n2.n_nationkey)", "Plans": [{"Node Type": "Seq Scan", "Parent Relationship": "Outer", "Parallel Aware": false, "Relation Name": "customer", "Schema": "public", "Alias": "customer", "Startup Cost": 0.0, "Total Cost": 5085.0, "Plan Rows": 150000, "Plan Width": 8, "Actual Startup Time": 0.006, "Actual Total Time": 40.605, "Actual Rows": 150000, "Actual Loops": 1, "Output": ["customer.c_custkey", "customer.c_name", "customer.c_address", "customer.c_nationkey", "customer.c_phone", "customer.c_acctbal", "customer.c_mktsegment", "customer.c_comment"]}, {"Node Type": "Hash", "Parent Relationship": "Inner", "Parallel Aware": false, "Startup Cost": 17.65, "Total Cost": 17.65, "Plan Rows": 5, "Plan Width": 33, "Actual Startup Time": 0.012, "Actual Total Time": 0.016, "Actual Rows": 2, "Actual Loops": 1, "Output": ["n2.n_name", "n2.n_nationkey"], "Hash Buckets": 1024, "Original Hash Buckets": 1024, "Hash Batches": 1, "Original Hash Batches": 1, "Peak Memory Usage": 9, "Plans": [{"Node Type": "Seq Scan", "Parent Relationship": "Outer", "Parallel Aware": false, "Relation Name": "nation", "Schema": "public", "Alias": "n2", "Startup Cost": 0.0, "Total Cost": 17.65, "Plan Rows": 5, "Plan Width": 33, "Actual Startup Time": 0.009, "Actual Total Time": 0.01, "Actual Rows": 2, "Actual Loops": 1, "Output": ["n2.n_name", "n2.n_nationkey"], "Filter": "(((n2.n_name)::text = 'RUSSIA'::text) OR ((n2.n_name)::text = 'VIETNAM'::text))", "Rows Removed by Filter": 23}]}]}]}]}]}]}]}]}, "Planning Time": 14.016, "Triggers": [], "Execution Time": 78321.805}]
q11#####[{"Plan": {"Node Type": "Aggregate", "Strategy": "Sorted", "Partial Mode": "Simple", "Parallel Aware": false, "Startup Cost": 262636.32, "Total Cost": 262639.44, "Plan Rows": 89, "Plan Width": 98, "Actual Startup Time": 78269.088, "Actual Total Time": 78278.372, "Actual Rows": 4, "Actual Loops": 1, "Output": ["n1.n_name", "n2.n_name", "(date_part('year'::text, (lineitem.l_shipdate)::timestamp without time zone))", "sum((lineitem.l_extendedprice * ('1'::numeric - lineitem.l_discount)))"], "Group Key": ["n1.n_name", "n2.n_name", "(date_part('year'::text, (lineitem.l_shipdate)::timestamp without time zone))"], "Plans": [{"Node Type": "Sort", "Parent Relationship": "Outer", "Parallel Aware": false, "Startup Cost": 262636.32, "Total Cost": 262636.55, "Plan Rows": 89, "Plan Width": 78, "Actual Startup Time": 78267.066, "Actual Total Time": 78275.594, "Actual Rows": 5900, "Actual Loops": 1, "Output": ["n1.n_name", "n2.n_name", "(date_part('year'::text, (lineitem.l_shipdate)::timestamp without time zone))", "lineitem.l_extendedprice", "lineitem.l_discount"], "Sort Key": ["n1.n_name", "n2.n_name", "(date_part('year'::text, (lineitem.l_shipdate)::timestamp without time zone))"], "Sort Method": "quicksort", "Sort Space Used": 653, "Sort Space Type": "Memory", "Plans": [{"Node Type": "Hash Join", "Parent Relationship": "Outer", "Parallel Aware": false, "Join Type": "Inner", "Startup Cost": 52936.46, "Total Cost": 262633.44, "Plan Rows": 89, "Plan Width": 78, "Actual Startup Time": 11769.459, "Actual Total Time": 78178.227, "Actual Rows": 5900, "Actual Loops": 1, "Output": ["n1.n_name", "n2.n_name", "date_part('year'::text, (lineitem.l_shipdate)::timestamp without time zone)", "lineitem.l_extendedprice", "lineitem.l_discount"], "Inner Unique": false, "Hash Cond": "(lineitem.l_orderkey = orders.o_orderkey)", "Join Filter": "((((n1.n_name)::text = 'ROMANIA'::text) AND ((n2.n_name)::text = 'INDIA'::text)) OR (((n1.n_name)::text = 'INDIA'::text) AND ((n2.n_name)::text = 'ROMANIA'::text)))", "Rows Removed by Join Filter": 5979, "Plans": [{"Node Type": "Hash Join", "Parent Relationship": "Outer", "Parallel Aware": false, "Join Type": "Inner", "Startup Cost": 367.41, "Total Cost": 209992.58, "Plan Rows": 18088, "Plan Width": 49, "Actual Startup Time": 136.547, "Actual Total Time": 65198.791, "Actual Rows": 148185, "Actual Loops": 1, "Output": ["lineitem.l_shipdate", "lineitem.l_extendedprice", "lineitem.l_discount", "lineitem.l_orderkey", "n1.n_name"], "Inner Unique": false, "Hash Cond": "(lineitem.l_suppkey = supplier.s_suppkey)", "Plans": [{"Node Type": "Seq Scan", "Parent Relationship": "Outer", "Parallel Aware": false, "Relation Name": "lineitem", "Schema": "public", "Alias": "lineitem", "Startup Cost": 0.0, "Total Cost": 202524.24, "Plan Rows": 1845366, "Plan Width": 24, "Actual Startup Time": 0.024, "Actual Total Time": 64748.149, "Actual Rows": 1828450, "Actual Loops": 1, "Output": ["lineitem.l_orderkey", "lineitem.l_partkey", "lineitem.l_suppkey", "lineitem.l_linenumber", "lineitem.l_quantity", "lineitem.l_extendedprice", "lineitem.l_discount", "lineitem.l_tax", "lineitem.l_returnflag", "lineitem.l_linestatus", "lineitem.l_shipdate", "lineitem.l_commitdate", "lineitem.l_receiptdate", "lineitem.l_shipinstruct", "lineitem.l_shipmode", "lineitem.l_comment"], "Filter": "((lineitem.l_shipdate >= '1995-01-01'::date) AND (lineitem.l_shipdate <= '1996-12-31'::date))", "Rows Removed by Filter": 4172765}, {"Node Type": "Hash", "Parent Relationship": "Inner", "Parallel Aware": false, "Startup Cost": 366.18, "Total Cost": 366.18, "Plan Rows": 98, "Plan Width": 33, "Actual Startup Time": 133.152, "Actual Total Time": 133.174, "Actual Rows": 813, "Actual Loops": 1, "Output": ["supplier.s_suppkey", "n1.n_name"], "Hash Buckets": 1024, "Original Hash Buckets": 1024, "Hash Batches": 1, "Original Hash Batches": 1, "Peak Memory Usage": 43, "Plans": [{"Node Type": "Hash Join", "Parent Relationship": "Outer", "Parallel Aware": false, "Join Type": "Inner", "Startup Cost": 17.71, "Total Cost": 366.18, "Plan Rows": 98, "Plan Width": 33, "Actual Startup Time": 0.037, "Actual Total Time": 132.733, "Actual Rows": 813, "Actual Loops": 1, "Output": ["supplier.s_suppkey", "n1.n_name"], "Inner Unique": true, "Hash Cond": "(supplier.s_nationkey = n1.n_nationkey)", "Plans": [{"Node Type": "Seq Scan", "Parent Relationship": "Outer", "Parallel Aware": false, "Relation Name": "supplier", "Schema": "public", "Alias": "supplier", "Startup Cost": 0.0, "Total Cost": 322.0, "Plan Rows": 10000, "Plan Width": 8, "Actual Startup Time": 0.003, "Actual Total Time": 85.714, "Actual Rows": 10000, "Actual Loops": 1, "Output": ["supplier.s_suppkey", "supplier.s_name", "supplier.s_address", "supplier.s_nationkey", "supplier.s_phone", "supplier.s_acctbal", "supplier.s_comment"]}, {"Node Type": "Hash", "Parent Relationship": "Inner", "Parallel Aware": false, "Startup Cost": 17.65, "Total Cost": 17.65, "Plan Rows": 5, "Plan Width": 33, "Actual Startup Time": 0.011, "Actual Total Time": 0.018, "Actual Rows": 2, "Actual Loops": 1, "Output": ["n1.n_name", "n1.n_nationkey"], "Hash Buckets": 1024, "Original Hash Buckets": 1024, "Hash Batches": 1, "Original Hash Batches": 1, "Peak Memory Usage": 9, "Plans": [{"Node Type": "Seq Scan", "Parent Relationship": "Outer", "Parallel Aware": false, "Relation Name": "nation", "Schema": "public", "Alias": "n1", "Startup Cost": 0.0, "Total Cost": 17.65, "Plan Rows": 5, "Plan Width": 33, "Actual Startup Time": 0.008, "Actual Total Time": 0.011, "Actual Rows": 2, "Actual Loops": 1, "Output": ["n1.n_name", "n1.n_nationkey"], "Filter": "(((n1.n_name)::text = 'ROMANIA'::text) OR ((n1.n_name)::text = 'INDIA'::text))", "Rows Removed by Filter": 23}]}]}]}]}, {"Node Type": "Hash", "Parent Relationship": "Inner", "Parallel Aware": false, "Startup Cost": 52385.22, "Total Cost": 52385.22, "Plan Rows": 14706, "Plan Width": 33, "Actual Startup Time": 6436.511, "Actual Total Time": 6444.789, "Actual Rows": 120839, "Actual Loops": 1, "Output": ["orders.o_orderkey", "n2.n_name"], "Hash Buckets": 131072, "Original Hash Buckets": 16384, "Hash Batches": 2, "Original Hash Batches": 1, "Peak Memory Usage": 3561, "Plans": [{"Node Type": "Hash Join", "Parent Relationship": "Outer", "Parallel Aware": false, "Join Type": "Inner", "Startup Cost": 5518.12, "Total Cost": 52385.22, "Plan Rows": 14706, "Plan Width": 33, "Actual Startup Time": 670.811, "Actual Total Time": 5384.292, "Actual Rows": 120839, "Actual Loops": 1, "Output": ["orders.o_orderkey", "n2.n_name"], "Inner Unique": false, "Hash Cond": "(orders.o_custkey = customer.c_custkey)", "Plans": [{"Node Type": "Seq Scan", "Parent Relationship": "Outer", "Parallel Aware": false, "Relation Name": "orders", "Schema": "public", "Alias": "orders", "Startup Cost": 0.0, "Total Cost": 41095.0, "Plan Rows": 1500000, "Plan Width": 8, "Actual Startup Time": 0.007, "Actual Total Time": 3507.684, "Actual Rows": 1500000, "Actual Loops": 1, "Output": ["orders.o_orderkey", "orders.o_custkey", "orders.o_orderstatus", "orders.o_totalprice", "orders.o_orderdate", "orders.o_orderpriority", "orders.o_clerk", "orders.o_shippriority", "orders.o_comment"]}, {"Node Type": "Hash", "Parent Relationship": "Inner", "Parallel Aware": false, "Startup Cost": 5499.73, "Total Cost": 5499.73, "Plan Rows": 1471, "Plan Width": 33, "Actual Startup Time": 670.783, "Actual Total Time": 679.047, "Actual Rows": 12142, "Actual Loops": 1, "Output": ["customer.c_custkey", "n2.n_name"], "Hash Buckets": 16384, "Original Hash Buckets": 2048, "Hash Batches": 1, "Original Hash Batches": 1, "Peak Memory Usage": 638, "Plans": [{"Node Type": "Hash Join", "Parent Relationship": "Outer", "Parallel Aware": false, "Join Type": "Inner", "Startup Cost": 17.71, "Total Cost": 5499.73, "Plan Rows": 1471, "Plan Width": 33, "Actual Startup Time": 0.045, "Actual Total Time": 667.44, "Actual Rows": 12142, "Actual Loops": 1, "Output": ["customer.c_custkey", "n2.n_name"], "Inner Unique": true, "Hash Cond": "(customer.c_nationkey = n2.n_nationkey)", "Plans": [{"Node Type": "Seq Scan", "Parent Relationship": "Outer", "Parallel Aware": false, "Relation Name": "customer", "Schema": "public", "Alias": "customer", "Startup Cost": 0.0, "Total Cost": 5085.0, "Plan Rows": 150000, "Plan Width": 8, "Actual Startup Time": 0.013, "Actual Total Time": 46.661, "Actual Rows": 150000, "Actual Loops": 1, "Output": ["customer.c_custkey", "customer.c_name", "customer.c_address", "customer.c_nationkey", "customer.c_phone", "customer.c_acctbal", "customer.c_mktsegment", "customer.c_comment"]}, {"Node Type": "Hash", "Parent Relationship": "Inner", "Parallel Aware": false, "Startup Cost": 17.65, "Total Cost": 17.65, "Plan Rows": 5, "Plan Width": 33, "Actual Startup Time": 0.011, "Actual Total Time": 0.019, "Actual Rows": 2, "Actual Loops": 1, "Output": ["n2.n_name", "n2.n_nationkey"], "Hash Buckets": 1024, "Original Hash Buckets": 1024, "Hash Batches": 1, "Original Hash Batches": 1, "Peak Memory Usage": 9, "Plans": [{"Node Type": "Seq Scan", "Parent Relationship": "Outer", "Parallel Aware": false, "Relation Name": "nation", "Schema": "public", "Alias": "n2", "Startup Cost": 0.0, "Total Cost": 17.65, "Plan Rows": 5, "Plan Width": 33, "Actual Startup Time": 0.006, "Actual Total Time": 0.007, "Actual Rows": 2, "Actual Loops": 1, "Output": ["n2.n_name", "n2.n_nationkey"], "Filter": "(((n2.n_name)::text = 'INDIA'::text) OR ((n2.n_name)::text = 'ROMANIA'::text))", "Rows Removed by Filter": 23}]}]}]}]}]}]}]}]}, "Planning Time": 13.879, "Triggers": [], "Execution Time": 78286.744}]
q17#####[{"Plan": {"Node Type": "Sort", "Parallel Aware": false, "Startup Cost": 250799.14, "Total Cost": 250799.64, "Plan Rows": 200, "Plan Width": 61, "Actual Startup Time": 64381.887, "Actual Total Time": 64401.239, "Actual Rows": 5, "Actual Loops": 1, "Output": ["nation.n_name", "(sum((lineitem.l_extendedprice * ('1'::numeric - lineitem.l_discount))))"], "Sort Key": ["(sum((lineitem.l_extendedprice * ('1'::numeric - lineitem.l_discount)))) DESC"], "Sort Method": "quicksort", "Sort Space Used": 25, "Sort Space Type": "Memory", "Plans": [{"Node Type": "Aggregate", "Strategy": "Sorted", "Partial Mode": "Simple", "Parent Relationship": "Outer", "Parallel Aware": false, "Startup Cost": 250786.33, "Total Cost": 250791.5, "Plan Rows": 200, "Plan Width": 61, "Actual Startup Time": 64380.629, "Actual Total Time": 64401.201, "Actual Rows": 5, "Actual Loops": 1, "Output": ["nation.n_name", "sum((lineitem.l_extendedprice * ('1'::numeric - lineitem.l_discount)))"], "Group Key": ["nation.n_name"], "Plans": [{"Node Type": "Sort", "Parent Relationship": "Outer", "Parallel Aware": false, "Startup Cost": 250786.33, "Total Cost": 250786.87, "Plan Rows": 213, "Plan Width": 41, "Actual Startup Time": 64375.367, "Actual Total Time": 64395.04, "Actual Rows": 7352, "Actual Loops": 1, "Output": ["nation.n_name", "lineitem.l_extendedprice", "lineitem.l_discount"], "Sort Key": ["nation.n_name"], "Sort Method": "quicksort", "Sort Space Used": 764, "Sort Space Type": "Memory", "Plans": [{"Node Type": "Hash Join", "Parent Relationship": "Outer", "Parallel Aware": false, "Join Type": "Inner", "Startup Cost": 55660.5, "Total Cost": 250778.1, "Plan Rows": 213, "Plan Width": 41, "Actual Startup Time": 15254.653, "Actual Total Time": 64294.047, "Actual Rows": 7352, "Actual Loops": 1, "Output": ["nation.n_name", "lineitem.l_extendedprice", "lineitem.l_discount"], "Inner Unique": false, "Hash Cond": "((lineitem.l_suppkey = supplier.s_suppkey) AND (customer.c_nationkey = supplier.s_nationkey))", "Plans": [{"Node Type": "Hash Join", "Parent Relationship": "Outer", "Parallel Aware": false, "Join Type": "Inner", "Startup Cost": 55188.5, "Total Cost": 250264.1, "Plan Rows": 5315, "Plan Width": 53, "Actual Startup Time": 15156.647, "Actual Total Time": 64082.743, "Actual Rows": 182884, "Actual Loops": 1, "Output": ["customer.c_nationkey", "lineitem.l_extendedprice", "lineitem.l_discount", "lineitem.l_suppkey", "nation.n_name", "nation.n_nationkey"], "Inner Unique": false, "Hash Cond": "(lineitem.l_orderkey = orders.o_orderkey)", "Plans": [{"Node Type": "Seq Scan", "Parent Relationship": "Outer", "Parallel Aware": false, "Relation Name": "lineitem", "Schema": "public", "Alias": "lineitem", "Startup Cost": 0.0, "Total Cost": 172517.16, "Plan Rows": 6001416, "Plan Width": 20, "Actual Startup Time": 0.045, "Actual Total Time": 45383.757, "Actual Rows": 6001215, "Actual Loops": 1, "Output": ["lineitem.l_orderkey", "lineitem.l_partkey", "lineitem.l_suppkey", "lineitem.l_linenumber", "lineitem.l_quantity", "lineitem.l_extendedprice", "lineitem.l_discount", "lineitem.l_tax", "lineitem.l_returnflag", "lineitem.l_linestatus", "lineitem.l_shipdate", "lineitem.l_commitdate", "lineitem.l_receiptdate", "lineitem.l_shipinstruct", "lineitem.l_shipmode", "lineitem.l_comment"]}, {"Node Type": "Hash", "Parent Relationship": "Inner", "Parallel Aware": false, "Startup Cost": 55171.9, "Total Cost": 55171.9, "Plan Rows": 1328, "Plan Width": 41, "Actual Startup Time": 15156.556, "Actual Total Time": 15172.896, "Actual Rows": 45831, "Actual Loops": 1, "Output": ["customer.c_nationkey", "orders.o_orderkey", "nation.n_name", "nation.n_nationkey"], "Hash Buckets": 65536, "Original Hash Buckets": 2048, "Hash Batches": 1, "Original Hash Batches": 1, "Peak Memory Usage": 2876, "Plans": [{"Node Type": "Hash Join", "Parent Relationship": "Outer", "Parallel Aware": false, "Join Type": "Inner", "Startup Cost": 5700.16, "Total Cost": 55171.9, "Plan Rows": 1328, "Plan Width": 41, "Actual Startup Time": 2539.571, "Actual Total Time": 15054.061, "Actual Rows": 45831, "Actual Loops": 1, "Output": ["customer.c_nationkey", "orders.o_orderkey", "nation.n_name", "nation.n_nationkey"], "Inner Unique": false, "Hash Cond": "(orders.o_custkey = customer.c_custkey)", "Plans": [{"Node Type": "Seq Scan", "Parent Relationship": "Outer", "Parallel Aware": false, "Relation Name": "orders", "Schema": "public", "Alias": "orders", "Startup Cost": 0.0, "Total Cost": 48595.0, "Plan Rows": 230258, "Plan Width": 8, "Actual Startup Time": 0.022, "Actual Total Time": 12362.605, "Actual Rows": 227876, "Actual Loops": 1, "Output": ["orders.o_orderkey", "orders.o_custkey", "orders.o_orderstatus", "orders.o_totalprice", "orders.o_orderdate", "orders.o_orderpriority", "orders.o_clerk", "orders.o_shippriority", "orders.o_comment"], "Filter": "((orders.o_orderdate >= '1997-01-10'::date) AND (orders.o_orderdate < '1998-01-10 00:00:00'::timestamp without time zone))", "Rows Removed by Filter": 1272124}, {"Node Type": "Hash", "Parent Relationship": "Inner", "Parallel Aware": false, "Startup Cost": 5689.34, "Total Cost": 5689.34, "Plan Rows": 865, "Plan Width": 41, "Actual Startup Time": 2539.454, "Actual Total Time": 2542.945, "Actual Rows": 30183, "Actual Loops": 1, "Output": ["customer.c_custkey", "customer.c_nationkey", "nation.n_name", "nation.n_nationkey"], "Hash Buckets": 32768, "Original Hash Buckets": 1024, "Hash Batches": 1, "Original Hash Batches": 1, "Peak Memory Usage": 1813, "Plans": [{"Node Type": "Hash Join", "Parent Relationship": "Outer", "Parallel Aware": false, "Join Type": "Inner", "Startup Cost": 33.02, "Total Cost": 5689.34, "Plan Rows": 865, "Plan Width": 41, "Actual Startup Time": 0.166, "Actual Total Time": 2525.118, "Actual Rows": 30183, "Actual Loops": 1, "Output": ["customer.c_custkey", "customer.c_nationkey", "nation.n_name", "nation.n_nationkey"], "Inner Unique": false, "Hash Cond": "(customer.c_nationkey = nation.n_nationkey)", "Plans": [{"Node Type": "Seq Scan", "Parent Relationship": "Outer", "Parallel Aware": false, "Relation Name": "customer", "Schema": "public", "Alias": "customer", "Startup Cost": 0.0, "Total Cost": 5085.0, "Plan Rows": 150000, "Plan Width": 8, "Actual Startup Time": 0.065, "Actual Total Time": 218.397, "Actual Rows": 150000, "Actual Loops": 1, "Output": ["customer.c_custkey", "customer.c_name", "customer.c_address", "customer.c_nationkey", "customer.c_phone", "customer.c_acctbal", "customer.c_mktsegment", "customer.c_comment"]}, {"Node Type": "Hash", "Parent Relationship": "Inner", "Parallel Aware": false, "Startup Cost": 32.99, "Total Cost": 32.99, "Plan Rows": 3, "Plan Width": 33, "Actual Startup Time": 0.077, "Actual Total Time": 2.677, "Actual Rows": 5, "Actual Loops": 1, "Output": ["nation.n_name", "nation.n_nationkey"], "Hash Buckets": 1024, "Original Hash Buckets": 1024, "Hash Batches": 1, "Original Hash Batches": 1, "Peak Memory Usage": 9, "Plans": [{"Node Type": "Hash Join", "Parent Relationship": "Outer", "Parallel Aware": false, "Join Type": "Inner", "Startup Cost": 16.54, "Total Cost": 32.99, "Plan Rows": 3, "Plan Width": 33, "Actual Startup Time": 0.066, "Actual Total Time": 2.607, "Actual Rows": 5, "Actual Loops": 1, "Output": ["nation.n_name", "nation.n_nationkey"], "Inner Unique": true, "Hash Cond": "(nation.n_regionkey = region.r_regionkey)", "Plans": [{"Node Type": "Seq Scan", "Parent Relationship": "Outer", "Parallel Aware": false, "Relation Name": "nation", "Schema": "public", "Alias": "nation", "Startup Cost": 0.0, "Total Cost": 15.1, "Plan Rows": 510, "Plan Width": 37, "Actual Startup Time": 0.003, "Actual Total Time": 0.018, "Actual Rows": 25, "Actual Loops": 1, "Output": ["nation.n_nationkey", "nation.n_name", "nation.n_regionkey", "nation.n_comment"]}, {"Node Type": "Hash", "Parent Relationship": "Inner", "Parallel Aware": false, "Startup Cost": 16.5, "Total Cost": 16.5, "Plan Rows": 3, "Plan Width": 4, "Actual Startup Time": 0.049, "Actual Total Time": 0.05, "Actual Rows": 1, "Actual Loops": 1, "Output": ["region.r_regionkey"], "Hash Buckets": 1024, "Original Hash Buckets": 1024, "Hash Batches": 1, "Original Hash Batches": 1, "Peak Memory Usage": 9, "Plans": [{"Node Type": "Seq Scan", "Parent Relationship": "Outer", "Parallel Aware": false, "Relation Name": "region", "Schema": "public", "Alias": "region", "Startup Cost": 0.0, "Total Cost": 16.5, "Plan Rows": 3, "Plan Width": 4, "Actual Startup Time": 0.046, "Actual Total Time": 0.047, "Actual Rows": 1, "Actual Loops": 1, "Output": ["region.r_regionkey"], "Filter": "((region.r_name)::text = 'ASIA'::text)", "Rows Removed by Filter": 4}]}]}]}]}]}]}]}]}, {"Node Type": "Hash", "Parent Relationship": "Inner", "Parallel Aware": false, "Startup Cost": 322.0, "Total Cost": 322.0, "Plan Rows": 10000, "Plan Width": 8, "Actual Startup Time": 73.025, "Actual Total Time": 73.026, "Actual Rows": 10000, "Actual Loops": 1, "Output": ["supplier.s_suppkey", "supplier.s_nationkey"], "Hash Buckets": 16384, "Original Hash Buckets": 16384, "Hash Batches": 1, "Original Hash Batches": 1, "Peak Memory Usage": 519, "Plans": [{"Node Type": "Seq Scan", "Parent Relationship": "Outer", "Parallel Aware": false, "Relation Name": "supplier", "Schema": "public", "Alias": "supplier", "Startup Cost": 0.0, "Total Cost": 322.0, "Plan Rows": 10000, "Plan Width": 8, "Actual Startup Time": 0.005, "Actual Total Time": 70.663, "Actual Rows": 10000, "Actual Loops": 1, "Output": ["supplier.s_suppkey", "supplier.s_nationkey"]}]}]}]}]}]}, "Planning Time": 33.341, "Triggers": [], "Execution Time": 64458.749}]
q18#####[{"Plan": {"Node Type": "Sort", "Parallel Aware": false, "Startup Cost": 250764.91, "Total Cost": 250765.41, "Plan Rows": 200, "Plan Width": 61, "Actual Startup Time": 64391.764, "Actual Total Time": 64393.849, "Actual Rows": 5, "Actual Loops": 1, "Output": ["nation.n_name", "(sum((lineitem.l_extendedprice * ('1'::numeric - lineitem.l_discount))))"], "Sort Key": ["(sum((lineitem.l_extendedprice * ('1'::numeric - lineitem.l_discount)))) DESC"], "Sort Method": "quicksort", "Sort Space Used": 25, "Sort Space Type": "Memory", "Plans": [{"Node Type": "Aggregate", "Strategy": "Sorted", "Partial Mode": "Simple", "Parent Relationship": "Outer", "Parallel Aware": false, "Startup Cost": 250752.21, "Total Cost": 250757.27, "Plan Rows": 200, "Plan Width": 61, "Actual Startup Time": 64387.132, "Actual Total Time": 64390.449, "Actual Rows": 5, "Actual Loops": 1, "Output": ["nation.n_name", "sum((lineitem.l_extendedprice * ('1'::numeric - lineitem.l_discount)))"], "Group Key": ["nation.n_name"], "Plans": [{"Node Type": "Sort", "Parent Relationship": "Outer", "Parallel Aware": false, "Startup Cost": 250752.21, "Total Cost": 250752.72, "Plan Rows": 205, "Plan Width": 41, "Actual Startup Time": 64382.927, "Actual Total Time": 64386.408, "Actual Rows": 7406, "Actual Loops": 1, "Output": ["nation.n_name", "lineitem.l_extendedprice", "lineitem.l_discount"], "Sort Key": ["nation.n_name"], "Sort Method": "quicksort", "Sort Space Used": 769, "Sort Space Type": "Memory", "Plans": [{"Node Type": "Hash Join", "Parent Relationship": "Outer", "Parallel Aware": false, "Join Type": "Inner", "Startup Cost": 55629.99, "Total Cost": 250744.34, "Plan Rows": 205, "Plan Width": 41, "Actual Startup Time": 15256.15, "Actual Total Time": 64300.345, "Actual Rows": 7406, "Actual Loops": 1, "Output": ["nation.n_name", "lineitem.l_extendedprice", "lineitem.l_discount"], "Inner Unique": false, "Hash Cond": "((lineitem.l_suppkey = supplier.s_suppkey) AND (customer.c_nationkey = supplier.s_nationkey))", "Plans": [{"Node Type": "Hash Join", "Parent Relationship": "Outer", "Parallel Aware": false, "Join Type": "Inner", "Startup Cost": 55157.99, "Total Cost": 250231.79, "Plan Rows": 5133, "Plan Width": 53, "Actual Startup Time": 15171.937, "Actual Total Time": 64017.628, "Actual Rows": 181938, "Actual Loops": 1, "Output": ["customer.c_nationkey", "lineitem.l_extendedprice", "lineitem.l_discount", "lineitem.l_suppkey", "nation.n_name", "nation.n_nationkey"], "Inner Unique": false, "Hash Cond": "(lineitem.l_orderkey = orders.o_orderkey)", "Plans": [{"Node Type": "Seq Scan", "Parent Relationship": "Outer", "Parallel Aware": false, "Relation Name": "lineitem", "Schema": "public", "Alias": "lineitem", "Startup Cost": 0.0, "Total Cost": 172517.16, "Plan Rows": 6001416, "Plan Width": 20, "Actual Startup Time": 0.021, "Actual Total Time": 45238.287, "Actual Rows": 6001215, "Actual Loops": 1, "Output": ["lineitem.l_orderkey", "lineitem.l_partkey", "lineitem.l_suppkey", "lineitem.l_linenumber", "lineitem.l_quantity", "lineitem.l_extendedprice", "lineitem.l_discount", "lineitem.l_tax", "lineitem.l_returnflag", "lineitem.l_linestatus", "lineitem.l_shipdate", "lineitem.l_commitdate", "lineitem.l_receiptdate", "lineitem.l_shipinstruct", "lineitem.l_shipmode", "lineitem.l_comment"]}, {"Node Type": "Hash", "Parent Relationship": "Inner", "Parallel Aware": false, "Startup Cost": 55141.95, "Total Cost": 55141.95, "Plan Rows": 1283, "Plan Width": 41, "Actual Startup Time": 15170.44, "Actual Total Time": 15172.515, "Actual Rows": 45231, "Actual Loops": 1, "Output": ["customer.c_nationkey", "orders.o_orderkey", "nation.n_name", "nation.n_nationkey"], "Hash Buckets": 65536, "Original Hash Buckets": 2048, "Hash Batches": 1, "Original Hash Batches": 1, "Peak Memory Usage": 2878, "Plans": [{"Node Type": "Hash Join", "Parent Relationship": "Outer", "Parallel Aware": false, "Join Type": "Inner", "Startup Cost": 5700.16, "Total Cost": 55141.95, "Plan Rows": 1283, "Plan Width": 41, "Actual Startup Time": 2539.865, "Actual Total Time": 15015.189, "Actual Rows": 45231, "Actual Loops": 1, "Output": ["customer.c_nationkey", "orders.o_orderkey", "nation.n_name", "nation.n_nationkey"], "Inner Unique": false, "Hash Cond": "(orders.o_custkey = customer.c_custkey)", "Plans": [{"Node Type": "Seq Scan", "Parent Relationship": "Outer", "Parallel Aware": false, "Relation Name": "orders", "Schema": "public", "Alias": "orders", "Startup Cost": 0.0, "Total Cost": 48595.0, "Plan Rows": 222393, "Plan Width": 8, "Actual Startup Time": 0.005, "Actual Total Time": 12319.467, "Actual Rows": 228626, "Actual Loops": 1, "Output": ["orders.o_orderkey", "orders.o_custkey", "orders.o_orderstatus", "orders.o_totalprice", "orders.o_orderdate", "orders.o_orderpriority", "orders.o_clerk", "orders.o_shippriority", "orders.o_comment"], "Filter": "((orders.o_orderdate >= '1996-01-01'::date) AND (orders.o_orderdate < '1997-01-01 00:00:00'::timestamp without time zone))", "Rows Removed by Filter": 1271374}, {"Node Type": "Hash", "Parent Relationship": "Inner", "Parallel Aware": false, "Startup Cost": 5689.34, "Total Cost": 5689.34, "Plan Rows": 865, "Plan Width": 41, "Actual Startup Time": 2536.821, "Actual Total Time": 2538.803, "Actual Rows": 29904, "Actual Loops": 1, "Output": ["customer.c_custkey", "customer.c_nationkey", "nation.n_name", "nation.n_nationkey"], "Hash Buckets": 32768, "Original Hash Buckets": 1024, "Hash Batches": 1, "Original Hash Batches": 1, "Peak Memory Usage": 1821, "Plans": [{"Node Type": "Hash Join", "Parent Relationship": "Outer", "Parallel Aware": false, "Join Type": "Inner", "Startup Cost": 33.02, "Total Cost": 5689.34, "Plan Rows": 865, "Plan Width": 41, "Actual Startup Time": 7.845, "Actual Total Time": 2489.257, "Actual Rows": 29904, "Actual Loops": 1, "Output": ["customer.c_custkey", "customer.c_nationkey", "nation.n_name", "nation.n_nationkey"], "Inner Unique": false, "Hash Cond": "(customer.c_nationkey = nation.n_nationkey)", "Plans": [{"Node Type": "Seq Scan", "Parent Relationship": "Outer", "Parallel Aware": false, "Relation Name": "customer", "Schema": "public", "Alias": "customer", "Startup Cost": 0.0, "Total Cost": 5085.0, "Plan Rows": 150000, "Plan Width": 8, "Actual Startup Time": 4.411, "Actual Total Time": 226.899, "Actual Rows": 150000, "Actual Loops": 1, "Output": ["customer.c_custkey", "customer.c_name", "customer.c_address", "customer.c_nationkey", "customer.c_phone", "customer.c_acctbal", "customer.c_mktsegment", "customer.c_comment"]}, {"Node Type": "Hash", "Parent Relationship": "Inner", "Parallel Aware": false, "Startup Cost": 32.99, "Total Cost": 32.99, "Plan Rows": 3, "Plan Width": 33, "Actual Startup Time": 3.391, "Actual Total Time": 5.314, "Actual Rows": 5, "Actual Loops": 1, "Output": ["nation.n_name", "nation.n_nationkey"], "Hash Buckets": 1024, "Original Hash Buckets": 1024, "Hash Batches": 1, "Original Hash Batches": 1, "Peak Memory Usage": 9, "Plans": [{"Node Type": "Hash Join", "Parent Relationship": "Outer", "Parallel Aware": false, "Join Type": "Inner", "Startup Cost": 16.54, "Total Cost": 32.99, "Plan Rows": 3, "Plan Width": 33, "Actual Startup Time": 3.352, "Actual Total Time": 5.279, "Actual Rows": 5, "Actual Loops": 1, "Output": ["nation.n_name", "nation.n_nationkey"], "Inner Unique": true, "Hash Cond": "(nation.n_regionkey = region.r_regionkey)", "Plans": [{"Node Type": "Seq Scan", "Parent Relationship": "Outer", "Parallel Aware": false, "Relation Name": "nation", "Schema": "public", "Alias": "nation", "Startup Cost": 0.0, "Total Cost": 15.1, "Plan Rows": 510, "Plan Width": 37, "Actual Startup Time": 0.005, "Actual Total Time": 0.009, "Actual Rows": 25, "Actual Loops": 1, "Output": ["nation.n_nationkey", "nation.n_name", "nation.n_regionkey", "nation.n_comment"]}, {"Node Type": "Hash", "Parent Relationship": "Inner", "Parallel Aware": false, "Startup Cost": 16.5, "Total Cost": 16.5, "Plan Rows": 3, "Plan Width": 4, "Actual Startup Time": 0.061, "Actual Total Time": 0.066, "Actual Rows": 1, "Actual Loops": 1, "Output": ["region.r_regionkey"], "Hash Buckets": 1024, "Original Hash Buckets": 1024, "Hash Batches": 1, "Original Hash Batches": 1, "Peak Memory Usage": 9, "Plans": [{"Node Type": "Seq Scan", "Parent Relationship": "Outer", "Parallel Aware": false, "Relation Name": "region", "Schema": "public", "Alias": "region", "Startup Cost": 0.0, "Total Cost": 16.5, "Plan Rows": 3, "Plan Width": 4, "Actual Startup Time": 0.045, "Actual Total Time": 0.045, "Actual Rows": 1, "Actual Loops": 1, "Output": ["region.r_regionkey"], "Filter": "((region.r_name)::text = 'MIDDLE EAST'::text)", "Rows Removed by Filter": 4}]}]}]}]}]}]}]}]}, {"Node Type": "Hash", "Parent Relationship": "Inner", "Parallel Aware": false, "Startup Cost": 322.0, "Total Cost": 322.0, "Plan Rows": 10000, "Plan Width": 8, "Actual Startup Time": 82.794, "Actual Total Time": 82.794, "Actual Rows": 10000, "Actual Loops": 1, "Output": ["supplier.s_suppkey", "supplier.s_nationkey"], "Hash Buckets": 16384, "Original Hash Buckets": 16384, "Hash Batches": 1, "Original Hash Batches": 1, "Peak Memory Usage": 519, "Plans": [{"Node Type": "Seq Scan", "Parent Relationship": "Outer", "Parallel Aware": false, "Relation Name": "supplier", "Schema": "public", "Alias": "supplier", "Startup Cost": 0.0, "Total Cost": 322.0, "Plan Rows": 10000, "Plan Width": 8, "Actual Startup Time": 0.387, "Actual Total Time": 76.078, "Actual Rows": 10000, "Actual Loops": 1, "Output": ["supplier.s_suppkey", "supplier.s_nationkey"]}]}]}]}]}]}, "Planning Time": 38.048, "Triggers": [], "Execution Time": 64428.298}]
q19#####[{"Plan": {"Node Type": "Aggregate", "Strategy": "Sorted", "Partial Mode": "Simple", "Parallel Aware": false, "Startup Cost": 262626.76, "Total Cost": 262629.88, "Plan Rows": 89, "Plan Width": 98, "Actual Startup Time": 65363.33, "Actual Total Time": 65368.115, "Actual Rows": 4, "Actual Loops": 1, "Output": ["n1.n_name", "n2.n_name", "(date_part('year'::text, (lineitem.l_shipdate)::timestamp without time zone))", "sum((lineitem.l_extendedprice * ('1'::numeric - lineitem.l_discount)))"], "Group Key": ["n1.n_name", "n2.n_name", "(date_part('year'::text, (lineitem.l_shipdate)::timestamp without time zone))"], "Plans": [{"Node Type": "Sort", "Parent Relationship": "Outer", "Parallel Aware": false, "Startup Cost": 262626.76, "Total Cost": 262626.98, "Plan Rows": 89, "Plan Width": 78, "Actual Startup Time": 65361.487, "Actual Total Time": 65362.725, "Actual Rows": 6023, "Actual Loops": 1, "Output": ["n1.n_name", "n2.n_name", "(date_part('year'::text, (lineitem.l_shipdate)::timestamp without time zone))", "lineitem.l_extendedprice", "lineitem.l_discount"], "Sort Key": ["n1.n_name", "n2.n_name", "(date_part('year'::text, (lineitem.l_shipdate)::timestamp without time zone))"], "Sort Method": "quicksort", "Sort Space Used": 663, "Sort Space Type": "Memory", "Plans": [{"Node Type": "Hash Join", "Parent Relationship": "Outer", "Parallel Aware": false, "Join Type": "Inner", "Startup Cost": 52936.46, "Total Cost": 262623.88, "Plan Rows": 89, "Plan Width": 78, "Actual Startup Time": 15226.848, "Actual Total Time": 65331.426, "Actual Rows": 6023, "Actual Loops": 1, "Output": ["n1.n_name", "n2.n_name", "date_part('year'::text, (lineitem.l_shipdate)::timestamp without time zone)", "lineitem.l_extendedprice", "lineitem.l_discount"], "Inner Unique": false, "Hash Cond": "(lineitem.l_orderkey = orders.o_orderkey)", "Join Filter": "((((n1.n_name)::text = 'IRAN'::text) AND ((n2.n_name)::text = 'IRAQ'::text)) OR (((n1.n_name)::text = 'IRAQ'::text) AND ((n2.n_name)::text = 'IRAN'::text)))", "Rows Removed by Join Filter": 5962, "Plans": [{"Node Type": "Hash Join", "Parent Relationship": "Outer", "Parallel Aware": false, "Join Type": "Inner", "Startup Cost": 367.41, "Total Cost": 209983.11, "Plan Rows": 18064, "Plan Width": 49, "Actual Startup Time": 53.321, "Actual Total Time": 48533.664, "Actual Rows": 151500, "Actual Loops": 1, "Output": ["lineitem.l_shipdate", "lineitem.l_extendedprice", "lineitem.l_discount", "lineitem.l_orderkey", "n1.n_name"], "Inner Unique": false, "Hash Cond": "(lineitem.l_suppkey = supplier.s_suppkey)", "Plans": [{"Node Type": "Seq Scan", "Parent Relationship": "Outer", "Parallel Aware": false, "Relation Name": "lineitem", "Schema": "public", "Alias": "lineitem", "Startup Cost": 0.0, "Total Cost": 202524.24, "Plan Rows": 1842904, "Plan Width": 24, "Actual Startup Time": 0.011, "Actual Total Time": 48177.132, "Actual Rows": 1825959, "Actual Loops": 1, "Output": ["lineitem.l_orderkey", "lineitem.l_partkey", "lineitem.l_suppkey", "lineitem.l_linenumber", "lineitem.l_quantity", "lineitem.l_extendedprice", "lineitem.l_discount", "lineitem.l_tax", "lineitem.l_returnflag", "lineitem.l_linestatus", "lineitem.l_shipdate", "lineitem.l_commitdate", "lineitem.l_receiptdate", "lineitem.l_shipinstruct", "lineitem.l_shipmode", "lineitem.l_comment"], "Filter": "((lineitem.l_shipdate >= '1995-01-02'::date) AND (lineitem.l_shipdate <= '1996-12-31'::date))", "Rows Removed by Filter": 4175256}, {"Node Type": "Hash", "Parent Relationship": "Inner", "Parallel Aware": false, "Startup Cost": 366.18, "Total Cost": 366.18, "Plan Rows": 98, "Plan Width": 33, "Actual Startup Time": 53.291, "Actual Total Time": 53.332, "Actual Rows": 831, "Actual Loops": 1, "Output": ["supplier.s_suppkey", "n1.n_name"], "Hash Buckets": 1024, "Original Hash Buckets": 1024, "Hash Batches": 1, "Original Hash Batches": 1, "Peak Memory Usage": 42, "Plans": [{"Node Type": "Hash Join", "Parent Relationship": "Outer", "Parallel Aware": false, "Join Type": "Inner", "Startup Cost": 17.71, "Total Cost": 366.18, "Plan Rows": 98, "Plan Width": 33, "Actual Startup Time": 0.024, "Actual Total Time": 53.112, "Actual Rows": 831, "Actual Loops": 1, "Output": ["supplier.s_suppkey", "n1.n_name"], "Inner Unique": true, "Hash Cond": "(supplier.s_nationkey = n1.n_nationkey)", "Plans": [{"Node Type": "Seq Scan", "Parent Relationship": "Outer", "Parallel Aware": false, "Relation Name": "supplier", "Schema": "public", "Alias": "supplier", "Startup Cost": 0.0, "Total Cost": 322.0, "Plan Rows": 10000, "Plan Width": 8, "Actual Startup Time": 0.002, "Actual Total Time": 28.07, "Actual Rows": 10000, "Actual Loops": 1, "Output": ["supplier.s_suppkey", "supplier.s_name", "supplier.s_address", "supplier.s_nationkey", "supplier.s_phone", "supplier.s_acctbal", "supplier.s_comment"]}, {"Node Type": "Hash", "Parent Relationship": "Inner", "Parallel Aware": false, "Startup Cost": 17.65, "Total Cost": 17.65, "Plan Rows": 5, "Plan Width": 33, "Actual Startup Time": 0.011, "Actual Total Time": 0.029, "Actual Rows": 2, "Actual Loops": 1, "Output": ["n1.n_name", "n1.n_nationkey"], "Hash Buckets": 1024, "Original Hash Buckets": 1024, "Hash Batches": 1, "Original Hash Batches": 1, "Peak Memory Usage": 9, "Plans": [{"Node Type": "Seq Scan", "Parent Relationship": "Outer", "Parallel Aware": false, "Relation Name": "nation", "Schema": "public", "Alias": "n1", "Startup Cost": 0.0, "Total Cost": 17.65, "Plan Rows": 5, "Plan Width": 33, "Actual Startup Time": 0.008, "Actual Total Time": 0.012, "Actual Rows": 2, "Actual Loops": 1, "Output": ["n1.n_name", "n1.n_nationkey"], "Filter": "(((n1.n_name)::text = 'IRAN'::text) OR ((n1.n_name)::text = 'IRAQ'::text))", "Rows Removed by Filter": 23}]}]}]}]}, {"Node Type": "Hash", "Parent Relationship": "Inner", "Parallel Aware": false, "Startup Cost": 52385.22, "Total Cost": 52385.22, "Plan Rows": 14706, "Plan Width": 33, "Actual Startup Time": 15129.514, "Actual Total Time": 15129.543, "Actual Rows": 118577, "Actual Loops": 1, "Output": ["orders.o_orderkey", "n2.n_name"], "Hash Buckets": 131072, "Original Hash Buckets": 16384, "Hash Batches": 2, "Original Hash Batches": 1, "Peak Memory Usage": 3403, "Plans": [{"Node Type": "Hash Join", "Parent Relationship": "Outer", "Parallel Aware": false, "Join Type": "Inner", "Startup Cost": 5518.12, "Total Cost": 52385.22, "Plan Rows": 14706, "Plan Width": 33, "Actual Startup Time": 2537.744, "Actual Total Time": 14805.898, "Actual Rows": 118577, "Actual Loops": 1, "Output": ["orders.o_orderkey", "n2.n_name"], "Inner Unique": false, "Hash Cond": "(orders.o_custkey = customer.c_custkey)", "Plans": [{"Node Type": "Seq Scan", "Parent Relationship": "Outer", "Parallel Aware": false, "Relation Name": "orders", "Schema": "public", "Alias": "orders", "Startup Cost": 0.0, "Total Cost": 41095.0, "Plan Rows": 1500000, "Plan Width": 8, "Actual Startup Time": 0.006, "Actual Total Time": 10629.161, "Actual Rows": 1500000, "Actual Loops": 1, "Output": ["orders.o_orderkey", "orders.o_custkey", "orders.o_orderstatus", "orders.o_totalprice", "orders.o_orderdate", "orders.o_orderpriority", "orders.o_clerk", "orders.o_shippriority", "orders.o_comment"]}, {"Node Type": "Hash", "Parent Relationship": "Inner", "Parallel Aware": false, "Startup Cost": 5499.73, "Total Cost": 5499.73, "Plan Rows": 1471, "Plan Width": 33, "Actual Startup Time": 2537.7, "Actual Total Time": 2537.702, "Actual Rows": 11972, "Actual Loops": 1, "Output": ["customer.c_custkey", "n2.n_name"], "Hash Buckets": 16384, "Original Hash Buckets": 2048, "Hash Batches": 1, "Original Hash Batches": 1, "Peak Memory Usage": 608, "Plans": [{"Node Type": "Hash Join", "Parent Relationship": "Outer", "Parallel Aware": false, "Join Type": "Inner", "Startup Cost": 17.71, "Total Cost": 5499.73, "Plan Rows": 1471, "Plan Width": 33, "Actual Startup Time": 0.083, "Actual Total Time": 2531.085, "Actual Rows": 11972, "Actual Loops": 1, "Output": ["customer.c_custkey", "n2.n_name"], "Inner Unique": true, "Hash Cond": "(customer.c_nationkey = n2.n_nationkey)", "Plans": [{"Node Type": "Seq Scan", "Parent Relationship": "Outer", "Parallel Aware": false, "Relation Name": "customer", "Schema": "public", "Alias": "customer", "Startup Cost": 0.0, "Total Cost": 5085.0, "Plan Rows": 150000, "Plan Width": 8, "Actual Startup Time": 0.043, "Actual Total Time": 221.428, "Actual Rows": 150000, "Actual Loops": 1, "Output": ["customer.c_custkey", "customer.c_name", "customer.c_address", "customer.c_nationkey", "customer.c_phone", "customer.c_acctbal", "customer.c_mktsegment", "customer.c_comment"]}, {"Node Type": "Hash", "Parent Relationship": "Inner", "Parallel Aware": false, "Startup Cost": 17.65, "Total Cost": 17.65, "Plan Rows": 5, "Plan Width": 33, "Actual Startup Time": 0.009, "Actual Total Time": 0.009, "Actual Rows": 2, "Actual Loops": 1, "Output": ["n2.n_name", "n2.n_nationkey"], "Hash Buckets": 1024, "Original Hash Buckets": 1024, "Hash Batches": 1, "Original Hash Batches": 1, "Peak Memory Usage": 9, "Plans": [{"Node Type": "Seq Scan", "Parent Relationship": "Outer", "Parallel Aware": false, "Relation Name": "nation", "Schema": "public", "Alias": "n2", "Startup Cost": 0.0, "Total Cost": 17.65, "Plan Rows": 5, "Plan Width": 33, "Actual Startup Time": 0.006, "Actual Total Time": 0.007, "Actual Rows": 2, "Actual Loops": 1, "Output": ["n2.n_name", "n2.n_nationkey"], "Filter": "(((n2.n_name)::text = 'IRAQ'::text) OR ((n2.n_name)::text = 'IRAN'::text))", "Rows Removed by Filter": 23}]}]}]}]}]}]}]}]}, "Planning Time": 67.801, "Triggers": [], "Execution Time": 65376.423}]
q14#####[{"Plan": {"Node Type": "Sort", "Parallel Aware": false, "Startup Cost": 274719.28, "Total Cost": 274857.38, "Plan Rows": 55238, "Plan Width": 205, "Actual Startup Time": 87148.038, "Actual Total Time": 87156.482, "Actual Rows": 35593, "Actual Loops": 1, "Output": ["customer.c_custkey", "customer.c_name", "(sum((lineitem.l_extendedprice * ('1'::numeric - lineitem.l_discount))))", "customer.c_acctbal", "nation.n_name", "customer.c_address", "customer.c_phone", "customer.c_comment"], "Sort Key": ["(sum((lineitem.l_extendedprice * ('1'::numeric - lineitem.l_discount)))) DESC"], "Sort Method": "external merge", "Sort Space Used": 6016, "Sort Space Type": "Disk", "Plans": [{"Node Type": "Aggregate", "Strategy": "Sorted", "Partial Mode": "Simple", "Parent Relationship": "Outer", "Parallel Aware": false, "Startup Cost": 262681.34, "Total Cost": 264890.86, "Plan Rows": 55238, "Plan Width": 205, "Actual Startup Time": 85362.187, "Actual Total Time": 87030.172, "Actual Rows": 35593, "Actual Loops": 1, "Output": ["customer.c_custkey", "customer.c_name", "sum((lineitem.l_extendedprice * ('1'::numeric - lineitem.l_discount)))", "customer.c_acctbal", "nation.n_name", "customer.c_address", "customer.c_phone", "customer.c_comment"], "Group Key": ["customer.c_custkey", "customer.c_name", "customer.c_acctbal", "customer.c_phone", "nation.n_name", "customer.c_address", "customer.c_comment"], "Plans": [{"Node Type": "Sort", "Parent Relationship": "Outer", "Parallel Aware": false, "Startup Cost": 262681.34, "Total Cost": 262819.43, "Plan Rows": 55238, "Plan Width": 185, "Actual Startup Time": 85359.684, "Actual Total Time": 86979.438, "Actual Rows": 94907, "Actual Loops": 1, "Output": ["customer.c_custkey", "customer.c_name", "customer.c_acctbal", "nation.n_name", "customer.c_address", "customer.c_phone", "customer.c_comment", "lineitem.l_extendedprice", "lineitem.l_discount"], "Sort Key": ["customer.c_custkey", "customer.c_name", "customer.c_acctbal", "customer.c_phone", "nation.n_name", "customer.c_address", "customer.c_comment"], "Sort Method": "external merge", "Sort Space Used": 16440, "Sort Space Type": "Disk", "Plans": [{"Node Type": "Hash Join", "Parent Relationship": "Outer", "Parallel Aware": false, "Join Type": "Inner", "Startup Cost": 243697.33, "Total Cost": 253230.91, "Plan Rows": 55238, "Plan Width": 185, "Actual Startup Time": 77652.052, "Actual Total Time": 81304.979, "Actual Rows": 94907, "Actual Loops": 1, "Output": ["customer.c_custkey", "customer.c_name", "customer.c_acctbal", "nation.n_name", "customer.c_address", "customer.c_phone", "customer.c_comment", "lineitem.l_extendedprice", "lineitem.l_discount"], "Inner Unique": true, "Hash Cond": "(customer.c_nationkey = nation.n_nationkey)", "Plans": [{"Node Type": "Hash Join", "Parent Relationship": "Outer", "Parallel Aware": false, "Join Type": "Inner", "Startup Cost": 243675.86, "Total Cost": 253063.24, "Plan Rows": 55238, "Plan Width": 160, "Actual Startup Time": 77651.869, "Actual Total Time": 81281.267, "Actual Rows": 94907, "Actual Loops": 1, "Output": ["customer.c_custkey", "customer.c_name", "customer.c_acctbal", "customer.c_address", "customer.c_phone", "customer.c_comment", "customer.c_nationkey", "lineitem.l_extendedprice", "lineitem.l_discount"], "Inner Unique": false, "Hash Cond": "(customer.c_custkey = orders.o_custkey)", "Plans": [{"Node Type": "Seq Scan", "Parent Relationship": "Outer", "Parallel Aware": false, "Relation Name": "customer", "Schema": "public", "Alias": "customer", "Startup Cost": 0.0, "Total Cost": 5085.0, "Plan Rows": 150000, "Plan Width": 148, "Actual Startup Time": 0.006, "Actual Total Time": 92.509, "Actual Rows": 150000, "Actual Loops": 1, "Output": ["customer.c_custkey", "customer.c_name", "customer.c_address", "customer.c_nationkey", "customer.c_phone", "customer.c_acctbal", "customer.c_mktsegment", "customer.c_comment"]}, {"Node Type": "Hash", "Parent Relationship": "Inner", "Parallel Aware": false, "Startup Cost": 242985.38, "Total Cost": 242985.38, "Plan Rows": 55238, "Plan Width": 16, "Actual Startup Time": 77640.334, "Actual Total Time": 77642.707, "Actual Rows": 94907, "Actual Loops": 1, "Output": ["orders.o_custkey", "lineitem.l_extendedprice", "lineitem.l_discount"], "Hash Buckets": 131072, "Original Hash Buckets": 65536, "Hash Batches": 2, "Original Hash Batches": 1, "Peak Memory Usage": 3324, "Plans": [{"Node Type": "Hash Join", "Parent Relationship": "Outer", "Parallel Aware": false, "Join Type": "Inner", "Startup Cost": 49285.22, "Total Cost": 242985.38, "Plan Rows": 55238, "Plan Width": 16, "Actual Startup Time": 6600.8, "Actual Total Time": 77111.137, "Actual Rows": 94907, "Actual Loops": 1, "Output": ["orders.o_custkey", "lineitem.l_extendedprice", "lineitem.l_discount"], "Inner Unique": false, "Hash Cond": "(lineitem.l_orderkey = orders.o_orderkey)", "Plans": [{"Node Type": "Seq Scan", "Parent Relationship": "Outer", "Parallel Aware": false, "Relation Name": "lineitem", "Schema": "public", "Alias": "lineitem", "Startup Cost": 0.0, "Total Cost": 187520.7, "Plan Rows": 1500554, "Plan Width": 16, "Actual Startup Time": 0.007, "Actual Total Time": 69647.803, "Actual Rows": 1478870, "Actual Loops": 1, "Output": ["lineitem.l_orderkey", "lineitem.l_partkey", "lineitem.l_suppkey", "lineitem.l_linenumber", "lineitem.l_quantity", "lineitem.l_extendedprice", "lineitem.l_discount", "lineitem.l_tax", "lineitem.l_returnflag", "lineitem.l_linestatus", "lineitem.l_shipdate", "lineitem.l_commitdate", "lineitem.l_receiptdate", "lineitem.l_shipinstruct", "lineitem.l_shipmode", "lineitem.l_comment"], "Filter": "(lineitem.l_returnflag = 'R'::bpchar)", "Rows Removed by Filter": 4522345}, {"Node Type": "Hash", "Parent Relationship": "Inner", "Parallel Aware": false, "Startup Cost": 48595.0, "Total Cost": 48595.0, "Plan Rows": 55218, "Plan Width": 8, "Actual Startup Time": 6600.395, "Actual Total Time": 6600.41, "Actual Rows": 56506, "Actual Loops": 1, "Output": ["orders.o_custkey", "orders.o_orderkey"], "Hash Buckets": 65536, "Original Hash Buckets": 65536, "Hash Batches": 1, "Original Hash Batches": 1, "Peak Memory Usage": 2720, "Plans": [{"Node Type": "Seq Scan", "Parent Relationship": "Outer", "Parallel Aware": false, "Relation Name": "orders", "Schema": "public", "Alias": "orders", "Startup Cost": 0.0, "Total Cost": 48595.0, "Plan Rows": 55218, "Plan Width": 8, "Actual Startup Time": 0.017, "Actual Total Time": 6566.632, "Actual Rows": 56506, "Actual Loops": 1, "Output": ["orders.o_custkey", "orders.o_orderkey"], "Filter": "((orders.o_orderdate >= '1995-01-01'::date) AND (orders.o_orderdate < '1995-04-01 00:00:00'::timestamp without time zone))", "Rows Removed by Filter": 1443494}]}]}]}]}, {"Node Type": "Hash", "Parent Relationship": "Inner", "Parallel Aware": false, "Startup Cost": 15.1, "Total Cost": 15.1, "Plan Rows": 510, "Plan Width": 33, "Actual Startup Time": 0.007, "Actual Total Time": 0.13, "Actual Rows": 25, "Actual Loops": 1, "Output": ["nation.n_name", "nation.n_nationkey"], "Hash Buckets": 1024, "Original Hash Buckets": 1024, "Hash Batches": 1, "Original Hash Batches": 1, "Peak Memory Usage": 10, "Plans": [{"Node Type": "Seq Scan", "Parent Relationship": "Outer", "Parallel Aware": false, "Relation Name": "nation", "Schema": "public", "Alias": "nation", "Startup Cost": 0.0, "Total Cost": 15.1, "Plan Rows": 510, "Plan Width": 33, "Actual Startup Time": 0.003, "Actual Total Time": 0.006, "Actual Rows": 25, "Actual Loops": 1, "Output": ["nation.n_name", "nation.n_nationkey"]}]}]}]}]}]}, "Planning Time": 10.029, "Triggers": [], "Execution Time": 87287.468}]
q13#####[{"Plan": {"Node Type": "Sort", "Parallel Aware": false, "Startup Cost": 275503.1, "Total Cost": 275645.54, "Plan Rows": 56975, "Plan Width": 205, "Actual Startup Time": 87508.67, "Actual Total Time": 87517.626, "Actual Rows": 37614, "Actual Loops": 1, "Output": ["customer.c_custkey", "customer.c_name", "(sum((lineitem.l_extendedprice * ('1'::numeric - lineitem.l_discount))))", "customer.c_acctbal", "nation.n_name", "customer.c_address", "customer.c_phone", "customer.c_comment"], "Sort Key": ["(sum((lineitem.l_extendedprice * ('1'::numeric - lineitem.l_discount)))) DESC"], "Sort Method": "external merge", "Sort Space Used": 6368, "Sort Space Type": "Disk", "Plans": [{"Node Type": "Aggregate", "Strategy": "Sorted", "Partial Mode": "Simple", "Parent Relationship": "Outer", "Parallel Aware": false, "Startup Cost": 263074.64, "Total Cost": 265353.64, "Plan Rows": 56975, "Plan Width": 205, "Actual Startup Time": 86703.998, "Actual Total Time": 87348.195, "Actual Rows": 37614, "Actual Loops": 1, "Output": ["customer.c_custkey", "customer.c_name", "sum((lineitem.l_extendedprice * ('1'::numeric - lineitem.l_discount)))", "customer.c_acctbal", "nation.n_name", "customer.c_address", "customer.c_phone", "customer.c_comment"], "Group Key": ["customer.c_custkey", "customer.c_name", "customer.c_acctbal", "customer.c_phone", "nation.n_name", "customer.c_address", "customer.c_comment"], "Plans": [{"Node Type": "Sort", "Parent Relationship": "Outer", "Parallel Aware": false, "Startup Cost": 263074.64, "Total Cost": 263217.07, "Plan Rows": 56975, "Plan Width": 185, "Actual Startup Time": 86699.778, "Actual Total Time": 87286.245, "Actual Rows": 112954, "Actual Loops": 1, "Output": ["customer.c_custkey", "customer.c_name", "customer.c_acctbal", "nation.n_name", "customer.c_address", "customer.c_phone", "customer.c_comment", "lineitem.l_extendedprice", "lineitem.l_discount"], "Sort Key": ["customer.c_custkey", "customer.c_name", "customer.c_acctbal", "customer.c_phone", "nation.n_name", "customer.c_address", "customer.c_comment"], "Sort Method": "external merge", "Sort Space Used": 19600, "Sort Space Type": "Disk", "Plans": [{"Node Type": "Hash Join", "Parent Relationship": "Outer", "Parallel Aware": false, "Join Type": "Inner", "Startup Cost": 243758.12, "Total Cost": 253313.67, "Plan Rows": 56975, "Plan Width": 185, "Actual Startup Time": 77663.792, "Actual Total Time": 81468.851, "Actual Rows": 112954, "Actual Loops": 1, "Output": ["customer.c_custkey", "customer.c_name", "customer.c_acctbal", "nation.n_name", "customer.c_address", "customer.c_phone", "customer.c_comment", "lineitem.l_extendedprice", "lineitem.l_discount"], "Inner Unique": true, "Hash Cond": "(customer.c_nationkey = nation.n_nationkey)", "Plans": [{"Node Type": "Hash Join", "Parent Relationship": "Outer", "Parallel Aware": false, "Join Type": "Inner", "Startup Cost": 243736.64, "Total Cost": 253141.39, "Plan Rows": 56975, "Plan Width": 160, "Actual Startup Time": 77659.259, "Actual Total Time": 81431.815, "Actual Rows": 112954, "Actual Loops": 1, "Output": ["customer.c_custkey", "customer.c_name", "customer.c_acctbal", "customer.c_address", "customer.c_phone", "customer.c_comment", "customer.c_nationkey", "lineitem.l_extendedprice", "lineitem.l_discount"], "Inner Unique": false, "Hash Cond": "(customer.c_custkey = orders.o_custkey)", "Plans": [{"Node Type": "Seq Scan", "Parent Relationship": "Outer", "Parallel Aware": false, "Relation Name": "customer", "Schema": "public", "Alias": "customer", "Startup Cost": 0.0, "Total Cost": 5085.0, "Plan Rows": 150000, "Plan Width": 148, "Actual Startup Time": 0.017, "Actual Total Time": 112.598, "Actual Rows": 150000, "Actual Loops": 1, "Output": ["customer.c_custkey", "customer.c_name", "customer.c_address", "customer.c_nationkey", "customer.c_phone", "customer.c_acctbal", "customer.c_mktsegment", "customer.c_comment"]}, {"Node Type": "Hash", "Parent Relationship": "Inner", "Parallel Aware": false, "Startup Cost": 243024.45, "Total Cost": 243024.45, "Plan Rows": 56975, "Plan Width": 16, "Actual Startup Time": 77615.647, "Actual Total Time": 77616.317, "Actual Rows": 112954, "Actual Loops": 1, "Output": ["orders.o_custkey", "lineitem.l_extendedprice", "lineitem.l_discount"], "Hash Buckets": 131072, "Original Hash Buckets": 65536, "Hash Batches": 2, "Original Hash Batches": 1, "Peak Memory Usage": 3750, "Plans": [{"Node Type": "Hash Join", "Parent Relationship": "Outer", "Parallel Aware": false, "Join Type": "Inner", "Startup Cost": 49306.93, "Total Cost": 243024.45, "Plan Rows": 56975, "Plan Width": 16, "Actual Startup Time": 6580.344, "Actual Total Time": 77063.807, "Actual Rows": 112954, "Actual Loops": 1, "Output": ["orders.o_custkey", "lineitem.l_extendedprice", "lineitem.l_discount"], "Inner Unique": false, "Hash Cond": "(lineitem.l_orderkey = orders.o_orderkey)", "Plans": [{"Node Type": "Seq Scan", "Parent Relationship": "Outer", "Parallel Aware": false, "Relation Name": "lineitem", "Schema": "public", "Alias": "lineitem", "Startup Cost": 0.0, "Total Cost": 187520.7, "Plan Rows": 1500554, "Plan Width": 16, "Actual Startup Time": 0.057, "Actual Total Time": 69757.026, "Actual Rows": 1478870, "Actual Loops": 1, "Output": ["lineitem.l_orderkey", "lineitem.l_partkey", "lineitem.l_suppkey", "lineitem.l_linenumber", "lineitem.l_quantity", "lineitem.l_extendedprice", "lineitem.l_discount", "lineitem.l_tax", "lineitem.l_returnflag", "lineitem.l_linestatus", "lineitem.l_shipdate", "lineitem.l_commitdate", "lineitem.l_receiptdate", "lineitem.l_shipinstruct", "lineitem.l_shipmode", "lineitem.l_comment"], "Filter": "(lineitem.l_returnflag = 'R'::bpchar)", "Rows Removed by Filter": 4522345}, {"Node Type": "Hash", "Parent Relationship": "Inner", "Parallel Aware": false, "Startup Cost": 48595.0, "Total Cost": 48595.0, "Plan Rows": 56954, "Plan Width": 8, "Actual Startup Time": 6570.668, "Actual Total Time": 6571.285, "Actual Rows": 56468, "Actual Loops": 1, "Output": ["orders.o_custkey", "orders.o_orderkey"], "Hash Buckets": 65536, "Original Hash Buckets": 65536, "Hash Batches": 1, "Original Hash Batches": 1, "Peak Memory Usage": 2718, "Plans": [{"Node Type": "Seq Scan", "Parent Relationship": "Outer", "Parallel Aware": false, "Relation Name": "orders", "Schema": "public", "Alias": "orders", "Startup Cost": 0.0, "Total Cost": 48595.0, "Plan Rows": 56954, "Plan Width": 8, "Actual Startup Time": 0.016, "Actual Total Time": 6471.287, "Actual Rows": 56468, "Actual Loops": 1, "Output": ["orders.o_custkey", "orders.o_orderkey"], "Filter": "((orders.o_orderdate >= '1994-09-02'::date) AND (orders.o_orderdate < '1994-12-02 00:00:00'::timestamp without time zone))", "Rows Removed by Filter": 1443532}]}]}]}]}, {"Node Type": "Hash", "Parent Relationship": "Inner", "Parallel Aware": false, "Startup Cost": 15.1, "Total Cost": 15.1, "Plan Rows": 510, "Plan Width": 33, "Actual Startup Time": 0.01, "Actual Total Time": 0.02, "Actual Rows": 25, "Actual Loops": 1, "Output": ["nation.n_name", "nation.n_nationkey"], "Hash Buckets": 1024, "Original Hash Buckets": 1024, "Hash Batches": 1, "Original Hash Batches": 1, "Peak Memory Usage": 10, "Plans": [{"Node Type": "Seq Scan", "Parent Relationship": "Outer", "Parallel Aware": false, "Relation Name": "nation", "Schema": "public", "Alias": "nation", "Startup Cost": 0.0, "Total Cost": 15.1, "Plan Rows": 510, "Plan Width": 33, "Actual Startup Time": 0.004, "Actual Total Time": 0.005, "Actual Rows": 25, "Actual Loops": 1, "Output": ["nation.n_name", "nation.n_nationkey"]}]}]}]}]}]}, "Planning Time": 11.051, "Triggers": [], "Execution Time": 87550.077}]
q15#####[{"Plan": {"Node Type": "Aggregate", "Strategy": "Sorted", "Partial Mode": "Simple", "Parallel Aware": false, "Startup Cost": 258282.64, "Total Cost": 258285.74, "Plan Rows": 69, "Plan Width": 40, "Actual Startup Time": 93912.002, "Actual Total Time": 93935.174, "Actual Rows": 2, "Actual Loops": 1, "Output": ["(date_part('year'::text, (orders.o_orderdate)::timestamp without time zone))", "(sum(CASE WHEN ((n2.n_name)::text = 'EGYPT'::text) THEN (lineitem.l_extendedprice * ('1'::numeric - lineitem.l_discount)) ELSE '0'::numeric END) / sum((lineitem.l_extendedprice * ('1'::numeric - lineitem.l_discount))))"], "Group Key": ["(date_part('year'::text, (orders.o_orderdate)::timestamp without time zone))"], "Plans": [{"Node Type": "Sort", "Parent Relationship": "Outer", "Parallel Aware": false, "Startup Cost": 258282.64, "Total Cost": 258282.81, "Plan Rows": 69, "Plan Width": 49, "Actual Startup Time": 93896.787, "Actual Total Time": 93926.627, "Actual Rows": 2493, "Actual Loops": 1, "Output": ["(date_part('year'::text, (orders.o_orderdate)::timestamp without time zone))", "n2.n_name", "lineitem.l_extendedprice", "lineitem.l_discount"], "Sort Key": ["(date_part('year'::text, (orders.o_orderdate)::timestamp without time zone))"], "Sort Method": "quicksort", "Sort Space Used": 291, "Sort Space Type": "Memory", "Plans": [{"Node Type": "Nested Loop", "Parent Relationship": "Outer", "Parallel Aware": false, "Join Type": "Inner", "Startup Cost": 63101.7, "Total Cost": 258280.53, "Plan Rows": 69, "Plan Width": 49, "Actual Startup Time": 16054.891, "Actual Total Time": 93896.634, "Actual Rows": 2493, "Actual Loops": 1, "Output": ["date_part('year'::text, (orders.o_orderdate)::timestamp without time zone)", "n2.n_name", "lineitem.l_extendedprice", "lineitem.l_discount"], "Inner Unique": true, "Plans": [{"Node Type": "Hash Join", "Parent Relationship": "Outer", "Parallel Aware": false, "Join Type": "Inner", "Startup Cost": 63101.55, "Total Cost": 258268.47, "Plan Rows": 69, "Plan Width": 20, "Actual Startup Time": 16052.268, "Actual Total Time": 93777.45, "Actual Rows": 2493, "Actual Loops": 1, "Output": ["lineitem.l_extendedprice", "lineitem.l_discount", "supplier.s_nationkey", "orders.o_orderdate"], "Inner Unique": false, "Hash Cond": "(lineitem.l_suppkey = supplier.s_suppkey)", "Plans": [{"Node Type": "Hash Join", "Parent Relationship": "Outer", "Parallel Aware": false, "Join Type": "Inner", "Startup Cost": 62654.55, "Total Cost": 257820.52, "Plan Rows": 69, "Plan Width": 20, "Actual Startup Time": 15994.06, "Actual Total Time": 93624.5, "Actual Rows": 2493, "Actual Loops": 1, "Output": ["lineitem.l_extendedprice", "lineitem.l_discount", "lineitem.l_suppkey", "orders.o_orderdate"], "Inner Unique": false, "Hash Cond": "(lineitem.l_partkey = part.p_partkey)", "Plans": [{"Node Type": "Hash Join", "Parent Relationship": "Outer", "Parallel Aware": false, "Join Type": "Inner", "Startup Cost": 56040.94, "Total Cost": 251167.27, "Plan Rows": 10386, "Plan Width": 24, "Actual Startup Time": 15199.208, "Actual Total Time": 92792.864, "Actual Rows": 362344, "Actual Loops": 1, "Output": ["lineitem.l_extendedprice", "lineitem.l_discount", "lineitem.l_partkey", "lineitem.l_suppkey", "orders.o_orderdate"], "Inner Unique": false, "Hash Cond": "(lineitem.l_orderkey = orders.o_orderkey)", "Plans": [{"Node Type": "Seq Scan", "Parent Relationship": "Outer", "Parallel Aware": false, "Relation Name": "lineitem", "Schema": "public", "Alias": "lineitem", "Startup Cost": 0.0, "Total Cost": 172517.16, "Plan Rows": 6001416, "Plan Width": 24, "Actual Startup Time": 0.112, "Actual Total Time": 39856.737, "Actual Rows": 6001215, "Actual Loops": 1, "Output": ["lineitem.l_orderkey", "lineitem.l_partkey", "lineitem.l_suppkey", "lineitem.l_linenumber", "lineitem.l_quantity", "lineitem.l_extendedprice", "lineitem.l_discount", "lineitem.l_tax", "lineitem.l_returnflag", "lineitem.l_linestatus", "lineitem.l_shipdate", "lineitem.l_commitdate", "lineitem.l_receiptdate", "lineitem.l_shipinstruct", "lineitem.l_shipmode", "lineitem.l_comment"]}, {"Node Type": "Hash", "Parent Relationship": "Inner", "Parallel Aware": false, "Startup Cost": 56008.49, "Total Cost": 56008.49, "Plan Rows": 2596, "Plan Width": 8, "Actual Startup Time": 15198.962, "Actual Total Time": 15221.811, "Actual Rows": 90488, "Actual Loops": 1, "Output": ["orders.o_orderdate", "orders.o_orderkey"], "Hash Buckets": 131072, "Original Hash Buckets": 4096, "Hash Batches": 2, "Original Hash Batches": 1, "Peak Memory Usage": 3073, "Plans": [{"Node Type": "Hash Join", "Parent Relationship": "Outer", "Parallel Aware": false, "Join Type": "Inner", "Startup Cost": 5700.16, "Total Cost": 56008.49, "Plan Rows": 2596, "Plan Width": 8, "Actual Startup Time": 34.626, "Actual Total Time": 9518.219, "Actual Rows": 90488, "Actual Loops": 1, "Output": ["orders.o_orderdate", "orders.o_orderkey"], "Inner Unique": false, "Hash Cond": "(orders.o_custkey = customer.c_custkey)", "Plans": [{"Node Type": "Seq Scan", "Parent Relationship": "Outer", "Parallel Aware": false, "Relation Name": "orders", "Schema": "public", "Alias": "orders", "Startup Cost": 0.0, "Total Cost": 48595.0, "Plan Rows": 449969, "Plan Width": 12, "Actual Startup Time": 0.312, "Actual Total Time": 9260.054, "Actual Rows": 457263, "Actual Loops": 1, "Output": ["orders.o_orderkey", "orders.o_custkey", "orders.o_orderstatus", "orders.o_totalprice", "orders.o_orderdate", "orders.o_orderpriority", "orders.o_clerk", "orders.o_shippriority", "orders.o_comment"], "Filter": "((orders.o_orderdate >= '1995-01-01'::date) AND (orders.o_orderdate <= '1996-12-31'::date))", "Rows Removed by Filter": 1042737}, {"Node Type": "Hash", "Parent Relationship": "Inner", "Parallel Aware": false, "Startup Cost": 5689.34, "Total Cost": 5689.34, "Plan Rows": 865, "Plan Width": 4, "Actual Startup Time": 34.203, "Actual Total Time": 57.042, "Actual Rows": 29904, "Actual Loops": 1, "Output": ["customer.c_custkey"], "Hash Buckets": 32768, "Original Hash Buckets": 1024, "Hash Batches": 1, "Original Hash Batches": 1, "Peak Memory Usage": 1308, "Plans": [{"Node Type": "Hash Join", "Parent Relationship": "Outer", "Parallel Aware": false, "Join Type": "Inner", "Startup Cost": 33.02, "Total Cost": 5689.34, "Plan Rows": 865, "Plan Width": 4, "Actual Startup Time": 0.218, "Actual Total Time": 45.799, "Actual Rows": 29904, "Actual Loops": 1, "Output": ["customer.c_custkey"], "Inner Unique": false, "Hash Cond": "(customer.c_nationkey = n1.n_nationkey)", "Plans": [{"Node Type": "Seq Scan", "Parent Relationship": "Outer", "Parallel Aware": false, "Relation Name": "customer", "Schema": "public", "Alias": "customer", "Startup Cost": 0.0, "Total Cost": 5085.0, "Plan Rows": 150000, "Plan Width": 8, "Actual Startup Time": 0.045, "Actual Total Time": 9.184, "Actual Rows": 150000, "Actual Loops": 1, "Output": ["customer.c_custkey", "customer.c_name", "customer.c_address", "customer.c_nationkey", "customer.c_phone", "customer.c_acctbal", "customer.c_mktsegment", "customer.c_comment"]}, {"Node Type": "Hash", "Parent Relationship": "Inner", "Parallel Aware": false, "Startup Cost": 32.99, "Total Cost": 32.99, "Plan Rows": 3, "Plan Width": 4, "Actual Startup Time": 0.129, "Actual Total Time": 0.162, "Actual Rows": 5, "Actual Loops": 1, "Output": ["n1.n_nationkey"], "Hash Buckets": 1024, "Original Hash Buckets": 1024, "Hash Batches": 1, "Original Hash Batches": 1, "Peak Memory Usage": 9, "Plans": [{"Node Type": "Hash Join", "Parent Relationship": "Outer", "Parallel Aware": false, "Join Type": "Inner", "Startup Cost": 16.54, "Total Cost": 32.99, "Plan Rows": 3, "Plan Width": 4, "Actual Startup Time": 0.119, "Actual Total Time": 0.151, "Actual Rows": 5, "Actual Loops": 1, "Output": ["n1.n_nationkey"], "Inner Unique": true, "Hash Cond": "(n1.n_regionkey = region.r_regionkey)", "Plans": [{"Node Type": "Seq Scan", "Parent Relationship": "Outer", "Parallel Aware": false, "Relation Name": "nation", "Schema": "public", "Alias": "n1", "Startup Cost": 0.0, "Total Cost": 15.1, "Plan Rows": 510, "Plan Width": 8, "Actual Startup Time": 0.04, "Actual Total Time": 0.044, "Actual Rows": 25, "Actual Loops": 1, "Output": ["n1.n_nationkey", "n1.n_name", "n1.n_regionkey", "n1.n_comment"]}, {"Node Type": "Hash", "Parent Relationship": "Inner", "Parallel Aware": false, "Startup Cost": 16.5, "Total Cost": 16.5, "Plan Rows": 3, "Plan Width": 4, "Actual Startup Time": 0.035, "Actual Total Time": 0.036, "Actual Rows": 1, "Actual Loops": 1, "Output": ["region.r_regionkey"], "Hash Buckets": 1024, "Original Hash Buckets": 1024, "Hash Batches": 1, "Original Hash Batches": 1, "Peak Memory Usage": 9, "Plans": [{"Node Type": "Seq Scan", "Parent Relationship": "Outer", "Parallel Aware": false, "Relation Name": "region", "Schema": "public", "Alias": "region", "Startup Cost": 0.0, "Total Cost": 16.5, "Plan Rows": 3, "Plan Width": 4, "Actual Startup Time": 0.029, "Actual Total Time": 0.029, "Actual Rows": 1, "Actual Loops": 1, "Output": ["region.r_regionkey"], "Filter": "((region.r_name)::text = 'MIDDLE EAST'::text)", "Rows Removed by Filter": 4}]}]}]}]}]}]}]}]}, {"Node Type": "Hash", "Parent Relationship": "Inner", "Parallel Aware": false, "Startup Cost": 6597.0, "Total Cost": 6597.0, "Plan Rows": 1329, "Plan Width": 4, "Actual Startup Time": 737.332, "Actual Total Time": 737.333, "Actual Rows": 1359, "Actual Loops": 1, "Output": ["part.p_partkey"], "Hash Buckets": 2048, "Original Hash Buckets": 2048, "Hash Batches": 1, "Original Hash Batches": 1, "Peak Memory Usage": 64, "Plans": [{"Node Type": "Seq Scan", "Parent Relationship": "Outer", "Parallel Aware": false, "Relation Name": "part", "Schema": "public", "Alias": "part", "Startup Cost": 0.0, "Total Cost": 6597.0, "Plan Rows": 1329, "Plan Width": 4, "Actual Startup Time": 0.223, "Actual Total Time": 736.183, "Actual Rows": 1359, "Actual Loops": 1, "Output": ["part.p_partkey"], "Filter": "((part.p_type)::text = 'STANDARD ANODIZED STEEL'::text)", "Rows Removed by Filter": 198641}]}]}, {"Node Type": "Hash", "Parent Relationship": "Inner", "Parallel Aware": false, "Startup Cost": 322.0, "Total Cost": 322.0, "Plan Rows": 10000, "Plan Width": 8, "Actual Startup Time": 57.625, "Actual Total Time": 57.625, "Actual Rows": 10000, "Actual Loops": 1, "Output": ["supplier.s_suppkey", "supplier.s_nationkey"], "Hash Buckets": 16384, "Original Hash Buckets": 16384, "Hash Batches": 1, "Original Hash Batches": 1, "Peak Memory Usage": 519, "Plans": [{"Node Type": "Seq Scan", "Parent Relationship": "Outer", "Parallel Aware": false, "Relation Name": "supplier", "Schema": "public", "Alias": "supplier", "Startup Cost": 0.0, "Total Cost": 322.0, "Plan Rows": 10000, "Plan Width": 8, "Actual Startup Time": 0.013, "Actual Total Time": 18.973, "Actual Rows": 10000, "Actual Loops": 1, "Output": ["supplier.s_suppkey", "supplier.s_nationkey"]}]}]}, {"Node Type": "Index Scan", "Parent Relationship": "Inner", "Parallel Aware": false, "Scan Direction": "Forward", "Index Name": "nation_pkey", "Relation Name": "nation", "Schema": "public", "Alias": "n2", "Startup Cost": 0.15, "Total Cost": 0.17, "Plan Rows": 1, "Plan Width": 33, "Actual Startup Time": 0.006, "Actual Total Time": 0.006, "Actual Rows": 1, "Actual Loops": 2493, "Output": ["n2.n_nationkey", "n2.n_name", "n2.n_regionkey", "n2.n_comment"], "Index Cond": "(n2.n_nationkey = supplier.s_nationkey)", "Rows Removed by Index Recheck": 0}]}]}]}, "Planning Time": 10.743, "Triggers": [], "Execution Time": 93970.785}]
q21#####[{"Plan": {"Node Type": "Aggregate", "Strategy": "Sorted", "Partial Mode": "Simple", "Parallel Aware": false, "Startup Cost": 262636.32, "Total Cost": 262639.44, "Plan Rows": 89, "Plan Width": 98, "Actual Startup Time": 32256.699, "Actual Total Time": 32258.357, "Actual Rows": 4, "Actual Loops": 1, "Output": ["n1.n_name", "n2.n_name", "(date_part('year'::text, (lineitem.l_shipdate)::timestamp without time zone))", "sum((lineitem.l_extendedprice * ('1'::numeric - lineitem.l_discount)))"], "Group Key": ["n1.n_name", "n2.n_name", "(date_part('year'::text, (lineitem.l_shipdate)::timestamp without time zone))"], "Plans": [{"Node Type": "Sort", "Parent Relationship": "Outer", "Parallel Aware": false, "Startup Cost": 262636.32, "Total Cost": 262636.55, "Plan Rows": 89, "Plan Width": 78, "Actual Startup Time": 32254.855, "Actual Total Time": 32255.713, "Actual Rows": 5950, "Actual Loops": 1, "Output": ["n1.n_name", "n2.n_name", "(date_part('year'::text, (lineitem.l_shipdate)::timestamp without time zone))", "lineitem.l_extendedprice", "lineitem.l_discount"], "Sort Key": ["n1.n_name", "n2.n_name", "(date_part('year'::text, (lineitem.l_shipdate)::timestamp without time zone))"], "Sort Method": "quicksort", "Sort Space Used": 657, "Sort Space Type": "Memory", "Plans": [{"Node Type": "Hash Join", "Parent Relationship": "Outer", "Parallel Aware": false, "Join Type": "Inner", "Startup Cost": 52936.46, "Total Cost": 262633.44, "Plan Rows": 89, "Plan Width": 78, "Actual Startup Time": 22559.582, "Actual Total Time": 32247.197, "Actual Rows": 5950, "Actual Loops": 1, "Output": ["n1.n_name", "n2.n_name", "date_part('year'::text, (lineitem.l_shipdate)::timestamp without time zone)", "lineitem.l_extendedprice", "lineitem.l_discount"], "Inner Unique": false, "Hash Cond": "(lineitem.l_orderkey = orders.o_orderkey)", "Join Filter": "((((n1.n_name)::text = 'MOZAMBIQUE'::text) AND ((n2.n_name)::text = 'GERMANY'::text)) OR (((n1.n_name)::text = 'GERMANY'::text) AND ((n2.n_name)::text = 'MOZAMBIQUE'::text)))", "Rows Removed by Join Filter": 5885, "Plans": [{"Node Type": "Hash Join", "Parent Relationship": "Outer", "Parallel Aware": false, "Join Type": "Inner", "Startup Cost": 367.41, "Total Cost": 209992.58, "Plan Rows": 18088, "Plan Width": 49, "Actual Startup Time": 95.256, "Actual Total Time": 7948.709, "Actual Rows": 147298, "Actual Loops": 1, "Output": ["lineitem.l_shipdate", "lineitem.l_extendedprice", "lineitem.l_discount", "lineitem.l_orderkey", "n1.n_name"], "Inner Unique": false, "Hash Cond": "(lineitem.l_suppkey = supplier.s_suppkey)", "Plans": [{"Node Type": "Seq Scan", "Parent Relationship": "Outer", "Parallel Aware": false, "Relation Name": "lineitem", "Schema": "public", "Alias": "lineitem", "Startup Cost": 0.0, "Total Cost": 202524.24, "Plan Rows": 1845366, "Plan Width": 24, "Actual Startup Time": 0.121, "Actual Total Time": 7690.481, "Actual Rows": 1828450, "Actual Loops": 1, "Output": ["lineitem.l_orderkey", "lineitem.l_partkey", "lineitem.l_suppkey", "lineitem.l_linenumber", "lineitem.l_quantity", "lineitem.l_extendedprice", "lineitem.l_discount", "lineitem.l_tax", "lineitem.l_returnflag", "lineitem.l_linestatus", "lineitem.l_shipdate", "lineitem.l_commitdate", "lineitem.l_receiptdate", "lineitem.l_shipinstruct", "lineitem.l_shipmode", "lineitem.l_comment"], "Filter": "((lineitem.l_shipdate >= '1995-01-01'::date) AND (lineitem.l_shipdate <= '1996-12-31'::date))", "Rows Removed by Filter": 4172765}, {"Node Type": "Hash", "Parent Relationship": "Inner", "Parallel Aware": false, "Startup Cost": 366.18, "Total Cost": 366.18, "Plan Rows": 98, "Plan Width": 33, "Actual Startup Time": 94.22, "Actual Total Time": 94.254, "Actual Rows": 802, "Actual Loops": 1, "Output": ["supplier.s_suppkey", "n1.n_name"], "Hash Buckets": 1024, "Original Hash Buckets": 1024, "Hash Batches": 1, "Original Hash Batches": 1, "Peak Memory Usage": 44, "Plans": [{"Node Type": "Hash Join", "Parent Relationship": "Outer", "Parallel Aware": false, "Join Type": "Inner", "Startup Cost": 17.71, "Total Cost": 366.18, "Plan Rows": 98, "Plan Width": 33, "Actual Startup Time": 3.879, "Actual Total Time": 92.923, "Actual Rows": 802, "Actual Loops": 1, "Output": ["supplier.s_suppkey", "n1.n_name"], "Inner Unique": true, "Hash Cond": "(supplier.s_nationkey = n1.n_nationkey)", "Plans": [{"Node Type": "Seq Scan", "Parent Relationship": "Outer", "Parallel Aware": false, "Relation Name": "supplier", "Schema": "public", "Alias": "supplier", "Startup Cost": 0.0, "Total Cost": 322.0, "Plan Rows": 10000, "Plan Width": 8, "Actual Startup Time": 0.018, "Actual Total Time": 29.158, "Actual Rows": 10000, "Actual Loops": 1, "Output": ["supplier.s_suppkey", "supplier.s_name", "supplier.s_address", "supplier.s_nationkey", "supplier.s_phone", "supplier.s_acctbal", "supplier.s_comment"]}, {"Node Type": "Hash", "Parent Relationship": "Inner", "Parallel Aware": false, "Startup Cost": 17.65, "Total Cost": 17.65, "Plan Rows": 5, "Plan Width": 33, "Actual Startup Time": 0.046, "Actual Total Time": 0.056, "Actual Rows": 2, "Actual Loops": 1, "Output": ["n1.n_name", "n1.n_nationkey"], "Hash Buckets": 1024, "Original Hash Buckets": 1024, "Hash Batches": 1, "Original Hash Batches": 1, "Peak Memory Usage": 9, "Plans": [{"Node Type": "Seq Scan", "Parent Relationship": "Outer", "Parallel Aware": false, "Relation Name": "nation", "Schema": "public", "Alias": "n1", "Startup Cost": 0.0, "Total Cost": 17.65, "Plan Rows": 5, "Plan Width": 33, "Actual Startup Time": 0.008, "Actual Total Time": 0.012, "Actual Rows": 2, "Actual Loops": 1, "Output": ["n1.n_name", "n1.n_nationkey"], "Filter": "(((n1.n_name)::text = 'MOZAMBIQUE'::text) OR ((n1.n_name)::text = 'GERMANY'::text))", "Rows Removed by Filter": 23}]}]}]}]}, {"Node Type": "Hash", "Parent Relationship": "Inner", "Parallel Aware": false, "Startup Cost": 52385.22, "Total Cost": 52385.22, "Plan Rows": 14706, "Plan Width": 33, "Actual Startup Time": 22451.472, "Actual Total Time": 22452.072, "Actual Rows": 120991, "Actual Loops": 1, "Output": ["orders.o_orderkey", "n2.n_name"], "Hash Buckets": 131072, "Original Hash Buckets": 16384, "Hash Batches": 2, "Original Hash Batches": 1, "Peak Memory Usage": 3719, "Plans": [{"Node Type": "Hash Join", "Parent Relationship": "Outer", "Parallel Aware": false, "Join Type": "Inner", "Startup Cost": 5518.12, "Total Cost": 52385.22, "Plan Rows": 14706, "Plan Width": 33, "Actual Startup Time": 1356.943, "Actual Total Time": 22121.046, "Actual Rows": 120991, "Actual Loops": 1, "Output": ["orders.o_orderkey", "n2.n_name"], "Inner Unique": false, "Hash Cond": "(orders.o_custkey = customer.c_custkey)", "Plans": [{"Node Type": "Seq Scan", "Parent Relationship": "Outer", "Parallel Aware": false, "Relation Name": "orders", "Schema": "public", "Alias": "orders", "Startup Cost": 0.0, "Total Cost": 41095.0, "Plan Rows": 1500000, "Plan Width": 8, "Actual Startup Time": 0.085, "Actual Total Time": 18518.634, "Actual Rows": 1500000, "Actual Loops": 1, "Output": ["orders.o_orderkey", "orders.o_custkey", "orders.o_orderstatus", "orders.o_totalprice", "orders.o_orderdate", "orders.o_orderpriority", "orders.o_clerk", "orders.o_shippriority", "orders.o_comment"]}, {"Node Type": "Hash", "Parent Relationship": "Inner", "Parallel Aware": false, "Startup Cost": 5499.73, "Total Cost": 5499.73, "Plan Rows": 1471, "Plan Width": 33, "Actual Startup Time": 1356.698, "Actual Total Time": 1356.801, "Actual Rows": 11882, "Actual Loops": 1, "Output": ["customer.c_custkey", "n2.n_name"], "Hash Buckets": 16384, "Original Hash Buckets": 2048, "Hash Batches": 1, "Original Hash Batches": 1, "Peak Memory Usage": 657, "Plans": [{"Node Type": "Hash Join", "Parent Relationship": "Outer", "Parallel Aware": false, "Join Type": "Inner", "Startup Cost": 17.71, "Total Cost": 5499.73, "Plan Rows": 1471, "Plan Width": 33, "Actual Startup Time": 0.591, "Actual Total Time": 1328.375, "Actual Rows": 11882, "Actual Loops": 1, "Output": ["customer.c_custkey", "n2.n_name"], "Inner Unique": true, "Hash Cond": "(customer.c_nationkey = n2.n_nationkey)", "Plans": [{"Node Type": "Seq Scan", "Parent Relationship": "Outer", "Parallel Aware": false, "Relation Name": "customer", "Schema": "public", "Alias": "customer", "Startup Cost": 0.0, "Total Cost": 5085.0, "Plan Rows": 150000, "Plan Width": 8, "Actual Startup Time": 0.161, "Actual Total Time": 157.376, "Actual Rows": 150000, "Actual Loops": 1, "Output": ["customer.c_custkey", "customer.c_name", "customer.c_address", "customer.c_nationkey", "customer.c_phone", "customer.c_acctbal", "customer.c_mktsegment", "customer.c_comment"]}, {"Node Type": "Hash", "Parent Relationship": "Inner", "Parallel Aware": false, "Startup Cost": 17.65, "Total Cost": 17.65, "Plan Rows": 5, "Plan Width": 33, "Actual Startup Time": 0.045, "Actual Total Time": 0.053, "Actual Rows": 2, "Actual Loops": 1, "Output": ["n2.n_name", "n2.n_nationkey"], "Hash Buckets": 1024, "Original Hash Buckets": 1024, "Hash Batches": 1, "Original Hash Batches": 1, "Peak Memory Usage": 9, "Plans": [{"Node Type": "Seq Scan", "Parent Relationship": "Outer", "Parallel Aware": false, "Relation Name": "nation", "Schema": "public", "Alias": "n2", "Startup Cost": 0.0, "Total Cost": 17.65, "Plan Rows": 5, "Plan Width": 33, "Actual Startup Time": 0.038, "Actual Total Time": 0.039, "Actual Rows": 2, "Actual Loops": 1, "Output": ["n2.n_name", "n2.n_nationkey"], "Filter": "(((n2.n_name)::text = 'GERMANY'::text) OR ((n2.n_name)::text = 'MOZAMBIQUE'::text))", "Rows Removed by Filter": 23}]}]}]}]}]}]}]}]}, "Planning Time": 30.86, "Triggers": [], "Execution Time": 32261.964}]
q20#####[{"Plan": {"Node Type": "Aggregate", "Strategy": "Sorted", "Partial Mode": "Simple", "Parallel Aware": false, "Startup Cost": 258282.64, "Total Cost": 258285.74, "Plan Rows": 69, "Plan Width": 40, "Actual Startup Time": 75729.222, "Actual Total Time": 75730.232, "Actual Rows": 2, "Actual Loops": 1, "Output": ["(date_part('year'::text, (orders.o_orderdate)::timestamp without time zone))", "(sum(CASE WHEN ((n2.n_name)::text = 'GERMANY'::text) THEN (lineitem.l_extendedprice * ('1'::numeric - lineitem.l_discount)) ELSE '0'::numeric END) / sum((lineitem.l_extendedprice * ('1'::numeric - lineitem.l_discount))))"], "Group Key": ["(date_part('year'::text, (orders.o_orderdate)::timestamp without time zone))"], "Plans": [{"Node Type": "Sort", "Parent Relationship": "Outer", "Parallel Aware": false, "Startup Cost": 258282.64, "Total Cost": 258282.81, "Plan Rows": 69, "Plan Width": 49, "Actual Startup Time": 75726.359, "Actual Total Time": 75729.373, "Actual Rows": 2415, "Actual Loops": 1, "Output": ["(date_part('year'::text, (orders.o_orderdate)::timestamp without time zone))", "n2.n_name", "lineitem.l_extendedprice", "lineitem.l_discount"], "Sort Key": ["(date_part('year'::text, (orders.o_orderdate)::timestamp without time zone))"], "Sort Method": "quicksort", "Sort Space Used": 285, "Sort Space Type": "Memory", "Plans": [{"Node Type": "Nested Loop", "Parent Relationship": "Outer", "Parallel Aware": false, "Join Type": "Inner", "Startup Cost": 63101.7, "Total Cost": 258280.53, "Plan Rows": 69, "Plan Width": 49, "Actual Startup Time": 20646.721, "Actual Total Time": 75712.733, "Actual Rows": 2415, "Actual Loops": 1, "Output": ["date_part('year'::text, (orders.o_orderdate)::timestamp without time zone)", "n2.n_name", "lineitem.l_extendedprice", "lineitem.l_discount"], "Inner Unique": true, "Plans": [{"Node Type": "Hash Join", "Parent Relationship": "Outer", "Parallel Aware": false, "Join Type": "Inner", "Startup Cost": 63101.55, "Total Cost": 258268.47, "Plan Rows": 69, "Plan Width": 20, "Actual Startup Time": 20640.948, "Actual Total Time": 75683.776, "Actual Rows": 2415, "Actual Loops": 1, "Output": ["lineitem.l_extendedprice", "lineitem.l_discount", "supplier.s_nationkey", "orders.o_orderdate"], "Inner Unique": false, "Hash Cond": "(lineitem.l_suppkey = supplier.s_suppkey)", "Plans": [{"Node Type": "Hash Join", "Parent Relationship": "Outer", "Parallel Aware": false, "Join Type": "Inner", "Startup Cost": 62654.55, "Total Cost": 257820.52, "Plan Rows": 69, "Plan Width": 20, "Actual Startup Time": 20560.534, "Actual Total Time": 75500.482, "Actual Rows": 2415, "Actual Loops": 1, "Output": ["lineitem.l_extendedprice", "lineitem.l_discount", "lineitem.l_suppkey", "orders.o_orderdate"], "Inner Unique": false, "Hash Cond": "(lineitem.l_partkey = part.p_partkey)", "Plans": [{"Node Type": "Hash Join", "Parent Relationship": "Outer", "Parallel Aware": false, "Join Type": "Inner", "Startup Cost": 56040.94, "Total Cost": 251167.27, "Plan Rows": 10386, "Plan Width": 24, "Actual Startup Time": 18472.78, "Actual Total Time": 73440.443, "Actual Rows": 370103, "Actual Loops": 1, "Output": ["lineitem.l_extendedprice", "lineitem.l_discount", "lineitem.l_partkey", "lineitem.l_suppkey", "orders.o_orderdate"], "Inner Unique": false, "Hash Cond": "(lineitem.l_orderkey = orders.o_orderkey)", "Plans": [{"Node Type": "Seq Scan", "Parent Relationship": "Outer", "Parallel Aware": false, "Relation Name": "lineitem", "Schema": "public", "Alias": "lineitem", "Startup Cost": 0.0, "Total Cost": 172517.16, "Plan Rows": 6001416, "Plan Width": 24, "Actual Startup Time": 0.053, "Actual Total Time": 30937.597, "Actual Rows": 6001215, "Actual Loops": 1, "Output": ["lineitem.l_orderkey", "lineitem.l_partkey", "lineitem.l_suppkey", "lineitem.l_linenumber", "lineitem.l_quantity", "lineitem.l_extendedprice", "lineitem.l_discount", "lineitem.l_tax", "lineitem.l_returnflag", "lineitem.l_linestatus", "lineitem.l_shipdate", "lineitem.l_commitdate", "lineitem.l_receiptdate", "lineitem.l_shipinstruct", "lineitem.l_shipmode", "lineitem.l_comment"]}, {"Node Type": "Hash", "Parent Relationship": "Inner", "Parallel Aware": false, "Startup Cost": 56008.49, "Total Cost": 56008.49, "Plan Rows": 2596, "Plan Width": 8, "Actual Startup Time": 18456.653, "Actual Total Time": 18457.309, "Actual Rows": 92715, "Actual Loops": 1, "Output": ["orders.o_orderdate", "orders.o_orderkey"], "Hash Buckets": 131072, "Original Hash Buckets": 4096, "Hash Batches": 2, "Original Hash Batches": 1, "Peak Memory Usage": 3073, "Plans": [{"Node Type": "Hash Join", "Parent Relationship": "Outer", "Parallel Aware": false, "Join Type": "Inner", "Startup Cost": 5700.16, "Total Cost": 56008.49, "Plan Rows": 2596, "Plan Width": 8, "Actual Startup Time": 1295.299, "Actual Total Time": 17929.784, "Actual Rows": 92715, "Actual Loops": 1, "Output": ["orders.o_orderdate", "orders.o_orderkey"], "Inner Unique": false, "Hash Cond": "(orders.o_custkey = customer.c_custkey)", "Plans": [{"Node Type": "Seq Scan", "Parent Relationship": "Outer", "Parallel Aware": false, "Relation Name": "orders", "Schema": "public", "Alias": "orders", "Startup Cost": 0.0, "Total Cost": 48595.0, "Plan Rows": 449969, "Plan Width": 12, "Actual Startup Time": 0.059, "Actual Total Time": 16301.4, "Actual Rows": 457263, "Actual Loops": 1, "Output": ["orders.o_orderkey", "orders.o_custkey", "orders.o_orderstatus", "orders.o_totalprice", "orders.o_orderdate", "orders.o_orderpriority", "orders.o_clerk", "orders.o_shippriority", "orders.o_comment"], "Filter": "((orders.o_orderdate >= '1995-01-01'::date) AND (orders.o_orderdate <= '1996-12-31'::date))", "Rows Removed by Filter": 1042737}, {"Node Type": "Hash", "Parent Relationship": "Inner", "Parallel Aware": false, "Startup Cost": 5689.34, "Total Cost": 5689.34, "Plan Rows": 865, "Plan Width": 4, "Actual Startup Time": 1295.175, "Actual Total Time": 1295.817, "Actual Rows": 30197, "Actual Loops": 1, "Output": ["customer.c_custkey"], "Hash Buckets": 32768, "Original Hash Buckets": 1024, "Hash Batches": 1, "Original Hash Batches": 1, "Peak Memory Usage": 1318, "Plans": [{"Node Type": "Hash Join", "Parent Relationship": "Outer", "Parallel Aware": false, "Join Type": "Inner", "Startup Cost": 33.02, "Total Cost": 5689.34, "Plan Rows": 865, "Plan Width": 4, "Actual Startup Time": 4.65, "Actual Total Time": 1259.064, "Actual Rows": 30197, "Actual Loops": 1, "Output": ["customer.c_custkey"], "Inner Unique": false, "Hash Cond": "(customer.c_nationkey = n1.n_nationkey)", "Plans": [{"Node Type": "Seq Scan", "Parent Relationship": "Outer", "Parallel Aware": false, "Relation Name": "customer", "Schema": "public", "Alias": "customer", "Startup Cost": 0.0, "Total Cost": 5085.0, "Plan Rows": 150000, "Plan Width": 8, "Actual Startup Time": 0.931, "Actual Total Time": 94.3, "Actual Rows": 150000, "Actual Loops": 1, "Output": ["customer.c_custkey", "customer.c_name", "customer.c_address", "customer.c_nationkey", "customer.c_phone", "customer.c_acctbal", "customer.c_mktsegment", "customer.c_comment"]}, {"Node Type": "Hash", "Parent Relationship": "Inner", "Parallel Aware": false, "Startup Cost": 32.99, "Total Cost": 32.99, "Plan Rows": 3, "Plan Width": 4, "Actual Startup Time": 3.246, "Actual Total Time": 3.332, "Actual Rows": 5, "Actual Loops": 1, "Output": ["n1.n_nationkey"], "Hash Buckets": 1024, "Original Hash Buckets": 1024, "Hash Batches": 1, "Original Hash Batches": 1, "Peak Memory Usage": 9, "Plans": [{"Node Type": "Hash Join", "Parent Relationship": "Outer", "Parallel Aware": false, "Join Type": "Inner", "Startup Cost": 16.54, "Total Cost": 32.99, "Plan Rows": 3, "Plan Width": 4, "Actual Startup Time": 1.585, "Actual Total Time": 1.646, "Actual Rows": 5, "Actual Loops": 1, "Output": ["n1.n_nationkey"], "Inner Unique": true, "Hash Cond": "(n1.n_regionkey = region.r_regionkey)", "Plans": [{"Node Type": "Seq Scan", "Parent Relationship": "Outer", "Parallel Aware": false, "Relation Name": "nation", "Schema": "public", "Alias": "n1", "Startup Cost": 0.0, "Total Cost": 15.1, "Plan Rows": 510, "Plan Width": 8, "Actual Startup Time": 0.021, "Actual Total Time": 0.032, "Actual Rows": 25, "Actual Loops": 1, "Output": ["n1.n_nationkey", "n1.n_name", "n1.n_regionkey", "n1.n_comment"]}, {"Node Type": "Hash", "Parent Relationship": "Inner", "Parallel Aware": false, "Startup Cost": 16.5, "Total Cost": 16.5, "Plan Rows": 3, "Plan Width": 4, "Actual Startup Time": 0.112, "Actual Total Time": 0.113, "Actual Rows": 1, "Actual Loops": 1, "Output": ["region.r_regionkey"], "Hash Buckets": 1024, "Original Hash Buckets": 1024, "Hash Batches": 1, "Original Hash Batches": 1, "Peak Memory Usage": 9, "Plans": [{"Node Type": "Seq Scan", "Parent Relationship": "Outer", "Parallel Aware": false, "Relation Name": "region", "Schema": "public", "Alias": "region", "Startup Cost": 0.0, "Total Cost": 16.5, "Plan Rows": 3, "Plan Width": 4, "Actual Startup Time": 0.094, "Actual Total Time": 0.094, "Actual Rows": 1, "Actual Loops": 1, "Output": ["region.r_regionkey"], "Filter": "((region.r_name)::text = 'EUROPE'::text)", "Rows Removed by Filter": 4}]}]}]}]}]}]}]}]}, {"Node Type": "Hash", "Parent Relationship": "Inner", "Parallel Aware": false, "Startup Cost": 6597.0, "Total Cost": 6597.0, "Plan Rows": 1329, "Plan Width": 4, "Actual Startup Time": 1977.707, "Actual Total Time": 1977.708, "Actual Rows": 1308, "Actual Loops": 1, "Output": ["part.p_partkey"], "Hash Buckets": 2048, "Original Hash Buckets": 2048, "Hash Batches": 1, "Original Hash Batches": 1, "Peak Memory Usage": 62, "Plans": [{"Node Type": "Seq Scan", "Parent Relationship": "Outer", "Parallel Aware": false, "Relation Name": "part", "Schema": "public", "Alias": "part", "Startup Cost": 0.0, "Total Cost": 6597.0, "Plan Rows": 1329, "Plan Width": 4, "Actual Startup Time": 8.347, "Actual Total Time": 1976.694, "Actual Rows": 1308, "Actual Loops": 1, "Output": ["part.p_partkey"], "Filter": "((part.p_type)::text = 'MEDIUM PLATED COPPER'::text)", "Rows Removed by Filter": 198692}]}]}, {"Node Type": "Hash", "Parent Relationship": "Inner", "Parallel Aware": false, "Startup Cost": 322.0, "Total Cost": 322.0, "Plan Rows": 10000, "Plan Width": 8, "Actual Startup Time": 76.715, "Actual Total Time": 76.716, "Actual Rows": 10000, "Actual Loops": 1, "Output": ["supplier.s_suppkey", "supplier.s_nationkey"], "Hash Buckets": 16384, "Original Hash Buckets": 16384, "Hash Batches": 1, "Original Hash Batches": 1, "Peak Memory Usage": 519, "Plans": [{"Node Type": "Seq Scan", "Parent Relationship": "Outer", "Parallel Aware": false, "Relation Name": "supplier", "Schema": "public", "Alias": "supplier", "Startup Cost": 0.0, "Total Cost": 322.0, "Plan Rows": 10000, "Plan Width": 8, "Actual Startup Time": 0.695, "Actual Total Time": 74.179, "Actual Rows": 10000, "Actual Loops": 1, "Output": ["supplier.s_suppkey", "supplier.s_nationkey"]}]}]}, {"Node Type": "Index Scan", "Parent Relationship": "Inner", "Parallel Aware": false, "Scan Direction": "Forward", "Index Name": "nation_pkey", "Relation Name": "nation", "Schema": "public", "Alias": "n2", "Startup Cost": 0.15, "Total Cost": 0.17, "Plan Rows": 1, "Plan Width": 33, "Actual Startup Time": 0.006, "Actual Total Time": 0.006, "Actual Rows": 1, "Actual Loops": 2415, "Output": ["n2.n_nationkey", "n2.n_name", "n2.n_regionkey", "n2.n_comment"], "Index Cond": "(n2.n_nationkey = supplier.s_nationkey)", "Rows Removed by Index Recheck": 0}]}]}]}, "Planning Time": 46.697, "Triggers": [], "Execution Time": 75737.472}]
q22#####[{"Plan": {"Node Type": "Aggregate", "Strategy": "Sorted", "Partial Mode": "Simple", "Parallel Aware": false, "Startup Cost": 258282.64, "Total Cost": 258285.74, "Plan Rows": 69, "Plan Width": 40, "Actual Startup Time": 34592.649, "Actual Total Time": 34593.376, "Actual Rows": 2, "Actual Loops": 1, "Output": ["(date_part('year'::text, (orders.o_orderdate)::timestamp without time zone))", "(sum(CASE WHEN ((n2.n_name)::text = 'CANADA'::text) THEN (lineitem.l_extendedprice * ('1'::numeric - lineitem.l_discount)) ELSE '0'::numeric END) / sum((lineitem.l_extendedprice * ('1'::numeric - lineitem.l_discount))))"], "Group Key": ["(date_part('year'::text, (orders.o_orderdate)::timestamp without time zone))"], "Plans": [{"Node Type": "Sort", "Parent Relationship": "Outer", "Parallel Aware": false, "Startup Cost": 258282.64, "Total Cost": 258282.81, "Plan Rows": 69, "Plan Width": 49, "Actual Startup Time": 34592.157, "Actual Total Time": 34592.728, "Actual Rows": 2592, "Actual Loops": 1, "Output": ["(date_part('year'::text, (orders.o_orderdate)::timestamp without time zone))", "n2.n_name", "lineitem.l_extendedprice", "lineitem.l_discount"], "Sort Key": ["(date_part('year'::text, (orders.o_orderdate)::timestamp without time zone))"], "Sort Method": "quicksort", "Sort Space Used": 299, "Sort Space Type": "Memory", "Plans": [{"Node Type": "Nested Loop", "Parent Relationship": "Outer", "Parallel Aware": false, "Join Type": "Inner", "Startup Cost": 63101.7, "Total Cost": 258280.53, "Plan Rows": 69, "Plan Width": 49, "Actual Startup Time": 22889.13, "Actual Total Time": 34590.313, "Actual Rows": 2592, "Actual Loops": 1, "Output": ["date_part('year'::text, (orders.o_orderdate)::timestamp without time zone)", "n2.n_name", "lineitem.l_extendedprice", "lineitem.l_discount"], "Inner Unique": true, "Plans": [{"Node Type": "Hash Join", "Parent Relationship": "Outer", "Parallel Aware": false, "Join Type": "Inner", "Startup Cost": 63101.55, "Total Cost": 258268.47, "Plan Rows": 69, "Plan Width": 20, "Actual Startup Time": 22886.829, "Actual Total Time": 34577.834, "Actual Rows": 2592, "Actual Loops": 1, "Output": ["lineitem.l_extendedprice", "lineitem.l_discount", "supplier.s_nationkey", "orders.o_orderdate"], "Inner Unique": false, "Hash Cond": "(lineitem.l_suppkey = supplier.s_suppkey)", "Plans": [{"Node Type": "Hash Join", "Parent Relationship": "Outer", "Parallel Aware": false, "Join Type": "Inner", "Startup Cost": 62654.55, "Total Cost": 257820.52, "Plan Rows": 69, "Plan Width": 20, "Actual Startup Time": 22799.447, "Actual Total Time": 34483.747, "Actual Rows": 2592, "Actual Loops": 1, "Output": ["lineitem.l_extendedprice", "lineitem.l_discount", "lineitem.l_suppkey", "orders.o_orderdate"], "Inner Unique": false, "Hash Cond": "(lineitem.l_partkey = part.p_partkey)", "Plans": [{"Node Type": "Hash Join", "Parent Relationship": "Outer", "Parallel Aware": false, "Join Type": "Inner", "Startup Cost": 56040.94, "Total Cost": 251167.27, "Plan Rows": 10386, "Plan Width": 24, "Actual Startup Time": 20073.705, "Actual Total Time": 31736.418, "Actual Rows": 365091, "Actual Loops": 1, "Output": ["lineitem.l_extendedprice", "lineitem.l_discount", "lineitem.l_partkey", "lineitem.l_suppkey", "orders.o_orderdate"], "Inner Unique": false, "Hash Cond": "(lineitem.l_orderkey = orders.o_orderkey)", "Plans": [{"Node Type": "Seq Scan", "Parent Relationship": "Outer", "Parallel Aware": false, "Relation Name": "lineitem", "Schema": "public", "Alias": "lineitem", "Startup Cost": 0.0, "Total Cost": 172517.16, "Plan Rows": 6001416, "Plan Width": 24, "Actual Startup Time": 0.208, "Actual Total Time": 4181.826, "Actual Rows": 6001215, "Actual Loops": 1, "Output": ["lineitem.l_orderkey", "lineitem.l_partkey", "lineitem.l_suppkey", "lineitem.l_linenumber", "lineitem.l_quantity", "lineitem.l_extendedprice", "lineitem.l_discount", "lineitem.l_tax", "lineitem.l_returnflag", "lineitem.l_linestatus", "lineitem.l_shipdate", "lineitem.l_commitdate", "lineitem.l_receiptdate", "lineitem.l_shipinstruct", "lineitem.l_shipmode", "lineitem.l_comment"]}, {"Node Type": "Hash", "Parent Relationship": "Inner", "Parallel Aware": false, "Startup Cost": 56008.49, "Total Cost": 56008.49, "Plan Rows": 2596, "Plan Width": 8, "Actual Startup Time": 20067.192, "Actual Total Time": 20067.61, "Actual Rows": 91179, "Actual Loops": 1, "Output": ["orders.o_orderdate", "orders.o_orderkey"], "Hash Buckets": 131072, "Original Hash Buckets": 4096, "Hash Batches": 2, "Original Hash Batches": 1, "Peak Memory Usage": 3073, "Plans": [{"Node Type": "Hash Join", "Parent Relationship": "Outer", "Parallel Aware": false, "Join Type": "Inner", "Startup Cost": 5700.16, "Total Cost": 56008.49, "Plan Rows": 2596, "Plan Width": 8, "Actual Startup Time": 81.642, "Actual Total Time": 19847.213, "Actual Rows": 91179, "Actual Loops": 1, "Output": ["orders.o_orderdate", "orders.o_orderkey"], "Inner Unique": false, "Hash Cond": "(orders.o_custkey = customer.c_custkey)", "Plans": [{"Node Type": "Seq Scan", "Parent Relationship": "Outer", "Parallel Aware": false, "Relation Name": "orders", "Schema": "public", "Alias": "orders", "Startup Cost": 0.0, "Total Cost": 48595.0, "Plan Rows": 449969, "Plan Width": 12, "Actual Startup Time": 0.131, "Actual Total Time": 19556.178, "Actual Rows": 457263, "Actual Loops": 1, "Output": ["orders.o_orderkey", "orders.o_custkey", "orders.o_orderstatus", "orders.o_totalprice", "orders.o_orderdate", "orders.o_orderpriority", "orders.o_clerk", "orders.o_shippriority", "orders.o_comment"], "Filter": "((orders.o_orderdate >= '1995-01-01'::date) AND (orders.o_orderdate <= '1996-12-31'::date))", "Rows Removed by Filter": 1042737}, {"Node Type": "Hash", "Parent Relationship": "Inner", "Parallel Aware": false, "Startup Cost": 5689.34, "Total Cost": 5689.34, "Plan Rows": 865, "Plan Width": 4, "Actual Startup Time": 81.221, "Actual Total Time": 81.447, "Actual Rows": 29952, "Actual Loops": 1, "Output": ["customer.c_custkey"], "Hash Buckets": 32768, "Original Hash Buckets": 1024, "Hash Batches": 1, "Original Hash Batches": 1, "Peak Memory Usage": 1309, "Plans": [{"Node Type": "Hash Join", "Parent Relationship": "Outer", "Parallel Aware": false, "Join Type": "Inner", "Startup Cost": 33.02, "Total Cost": 5689.34, "Plan Rows": 865, "Plan Width": 4, "Actual Startup Time": 3.603, "Actual Total Time": 75.838, "Actual Rows": 29952, "Actual Loops": 1, "Output": ["customer.c_custkey"], "Inner Unique": false, "Hash Cond": "(customer.c_nationkey = n1.n_nationkey)", "Plans": [{"Node Type": "Seq Scan", "Parent Relationship": "Outer", "Parallel Aware": false, "Relation Name": "customer", "Schema": "public", "Alias": "customer", "Startup Cost": 0.0, "Total Cost": 5085.0, "Plan Rows": 150000, "Plan Width": 8, "Actual Startup Time": 0.1, "Actual Total Time": 16.913, "Actual Rows": 150000, "Actual Loops": 1, "Output": ["customer.c_custkey", "customer.c_name", "customer.c_address", "customer.c_nationkey", "customer.c_phone", "customer.c_acctbal", "customer.c_mktsegment", "customer.c_comment"]}, {"Node Type": "Hash", "Parent Relationship": "Inner", "Parallel Aware": false, "Startup Cost": 32.99, "Total Cost": 32.99, "Plan Rows": 3, "Plan Width": 4, "Actual Startup Time": 3.436, "Actual Total Time": 3.647, "Actual Rows": 5, "Actual Loops": 1, "Output": ["n1.n_nationkey"], "Hash Buckets": 1024, "Original Hash Buckets": 1024, "Hash Batches": 1, "Original Hash Batches": 1, "Peak Memory Usage": 9, "Plans": [{"Node Type": "Hash Join", "Parent Relationship": "Outer", "Parallel Aware": false, "Join Type": "Inner", "Startup Cost": 16.54, "Total Cost": 32.99, "Plan Rows": 3, "Plan Width": 4, "Actual Startup Time": 3.426, "Actual Total Time": 3.64, "Actual Rows": 5, "Actual Loops": 1, "Output": ["n1.n_nationkey"], "Inner Unique": true, "Hash Cond": "(n1.n_regionkey = region.r_regionkey)", "Plans": [{"Node Type": "Seq Scan", "Parent Relationship": "Outer", "Parallel Aware": false, "Relation Name": "nation", "Schema": "public", "Alias": "n1", "Startup Cost": 0.0, "Total Cost": 15.1, "Plan Rows": 510, "Plan Width": 8, "Actual Startup Time": 0.043, "Actual Total Time": 0.249, "Actual Rows": 25, "Actual Loops": 1, "Output": ["n1.n_nationkey", "n1.n_name", "n1.n_regionkey", "n1.n_comment"]}, {"Node Type": "Hash", "Parent Relationship": "Inner", "Parallel Aware": false, "Startup Cost": 16.5, "Total Cost": 16.5, "Plan Rows": 3, "Plan Width": 4, "Actual Startup Time": 3.261, "Actual Total Time": 3.262, "Actual Rows": 1, "Actual Loops": 1, "Output": ["region.r_regionkey"], "Hash Buckets": 1024, "Original Hash Buckets": 1024, "Hash Batches": 1, "Original Hash Batches": 1, "Peak Memory Usage": 9, "Plans": [{"Node Type": "Seq Scan", "Parent Relationship": "Outer", "Parallel Aware": false, "Relation Name": "region", "Schema": "public", "Alias": "region", "Startup Cost": 0.0, "Total Cost": 16.5, "Plan Rows": 3, "Plan Width": 4, "Actual Startup Time": 3.23, "Actual Total Time": 3.23, "Actual Rows": 1, "Actual Loops": 1, "Output": ["region.r_regionkey"], "Filter": "((region.r_name)::text = 'AMERICA'::text)", "Rows Removed by Filter": 4}]}]}]}]}]}]}]}]}, {"Node Type": "Hash", "Parent Relationship": "Inner", "Parallel Aware": false, "Startup Cost": 6597.0, "Total Cost": 6597.0, "Plan Rows": 1329, "Plan Width": 4, "Actual Startup Time": 2698.987, "Actual Total Time": 2698.987, "Actual Rows": 1415, "Actual Loops": 1, "Output": ["part.p_partkey"], "Hash Buckets": 2048, "Original Hash Buckets": 2048, "Hash Batches": 1, "Original Hash Batches": 1, "Peak Memory Usage": 66, "Plans": [{"Node Type": "Seq Scan", "Parent Relationship": "Outer", "Parallel Aware": false, "Relation Name": "part", "Schema": "public", "Alias": "part", "Startup Cost": 0.0, "Total Cost": 6597.0, "Plan Rows": 1329, "Plan Width": 4, "Actual Startup Time": 2.725, "Actual Total Time": 2696.781, "Actual Rows": 1415, "Actual Loops": 1, "Output": ["part.p_partkey"], "Filter": "((part.p_type)::text = 'LARGE PLATED BRASS'::text)", "Rows Removed by Filter": 198585}]}]}, {"Node Type": "Hash", "Parent Relationship": "Inner", "Parallel Aware": false, "Startup Cost": 322.0, "Total Cost": 322.0, "Plan Rows": 10000, "Plan Width": 8, "Actual Startup Time": 87.161, "Actual Total Time": 87.161, "Actual Rows": 10000, "Actual Loops": 1, "Output": ["supplier.s_suppkey", "supplier.s_nationkey"], "Hash Buckets": 16384, "Original Hash Buckets": 16384, "Hash Batches": 1, "Original Hash Batches": 1, "Peak Memory Usage": 519, "Plans": [{"Node Type": "Seq Scan", "Parent Relationship": "Outer", "Parallel Aware": false, "Relation Name": "supplier", "Schema": "public", "Alias": "supplier", "Startup Cost": 0.0, "Total Cost": 322.0, "Plan Rows": 10000, "Plan Width": 8, "Actual Startup Time": 0.007, "Actual Total Time": 81.954, "Actual Rows": 10000, "Actual Loops": 1, "Output": ["supplier.s_suppkey", "supplier.s_nationkey"]}]}]}, {"Node Type": "Index Scan", "Parent Relationship": "Inner", "Parallel Aware": false, "Scan Direction": "Forward", "Index Name": "nation_pkey", "Relation Name": "nation", "Schema": "public", "Alias": "n2", "Startup Cost": 0.15, "Total Cost": 0.17, "Plan Rows": 1, "Plan Width": 33, "Actual Startup Time": 0.002, "Actual Total Time": 0.002, "Actual Rows": 1, "Actual Loops": 2592, "Output": ["n2.n_nationkey", "n2.n_name", "n2.n_regionkey", "n2.n_comment"], "Index Cond": "(n2.n_nationkey = supplier.s_nationkey)", "Rows Removed by Index Recheck": 0}]}]}]}, "Planning Time": 32.383, "Triggers": [], "Execution Time": 34598.117}]
