q1#####[{"Plan": {"Node Type": "Aggregate", "Strategy": "Sorted", "Partial Mode": "Simple", "Parallel Aware": false, "Startup Cost": 26293.93, "Total Cost": 26294.25, "Plan Rows": 9, "Plan Width": 98, "Actual Startup Time": 846.477, "Actual Total Time": 846.681, "Actual Rows": 4, "Actual Loops": 1, "Output": ["n1.n_name", "n2.n_name", "(date_part('year'::text, (lineitem.l_shipdate)::timestamp without time zone))", "sum((lineitem.l_extendedprice * ('1'::numeric - lineitem.l_discount)))"], "Group Key": ["n1.n_name", "n2.n_name", "(date_part('year'::text, (lineitem.l_shipdate)::timestamp without time zone))"], "Plans": [{"Node Type": "Sort", "Parent Relationship": "Outer", "Parallel Aware": false, "Startup Cost": 26293.93, "Total Cost": 26293.95, "Plan Rows": 9, "Plan Width": 78, "Actual Startup Time": 846.392, "Actual Total Time": 846.471, "Actual Rows": 573, "Actual Loops": 1, "Output": ["n1.n_name", "n2.n_name", "(date_part('year'::text, (lineitem.l_shipdate)::timestamp without time zone))", "lineitem.l_extendedprice", "lineitem.l_discount"], "Sort Key": ["n1.n_name", "n2.n_name", "(date_part('year'::text, (lineitem.l_shipdate)::timestamp without time zone))"], "Sort Method": "quicksort", "Sort Space Used": 69, "Sort Space Type": "Memory", "Plans": [{"Node Type": "Hash Join", "Parent Relationship": "Outer", "Parallel Aware": false, "Join Type": "Inner", "Startup Cost": 5327.32, "Total Cost": 26293.79, "Plan Rows": 9, "Plan Width": 78, "Actual Startup Time": 445.81, "Actual Total Time": 845.726, "Actual Rows": 573, "Actual Loops": 1, "Output": ["n1.n_name", "n2.n_name", "date_part('year'::text, (lineitem.l_shipdate)::timestamp without time zone)", "lineitem.l_extendedprice", "lineitem.l_discount"], "Inner Unique": false, "Hash Cond": "(lineitem.l_suppkey = supplier.s_suppkey)", "Join Filter": "((((n1.n_name)::text = 'ALGERIA'::text) AND ((n2.n_name)::text = 'SAUDI ARABIA'::text)) OR (((n1.n_name)::text = 'SAUDI ARABIA'::text) AND ((n2.n_name)::text = 'ALGERIA'::text)))", "Rows Removed by Join Filter": 591, "Plans": [{"Node Type": "Hash Join", "Parent Relationship": "Outer", "Parallel Aware": false, "Join Type": "Inner", "Startup Cost": 5273.84, "Total Cost": 26233.09, "Plan Rows": 1815, "Plan Width": 49, "Actual Startup Time": 438.246, "Actual Total Time": 835.947, "Actual Rows": 13927, "Actual Loops": 1, "Output": ["lineitem.l_shipdate", "lineitem.l_extendedprice", "lineitem.l_discount", "lineitem.l_suppkey", "n2.n_name"], "Inner Unique": false, "Hash Cond": "(lineitem.l_orderkey = orders.o_orderkey)", "Plans": [{"Node Type": "Seq Scan", "Parent Relationship": "Outer", "Parallel Aware": false, "Relation Name": "lineitem", "Schema": "public", "Alias": "lineitem", "Startup Cost": 0.0, "Total Cost": 20247.0, "Plan Rows": 185095, "Plan Width": 24, "Actual Startup Time": 1.627, "Actual Total Time": 376.134, "Actual Rows": 182585, "Actual Loops": 1, "Output": ["lineitem.l_orderkey", "lineitem.l_partkey", "lineitem.l_suppkey", "lineitem.l_linenumber", "lineitem.l_quantity", "lineitem.l_extendedprice", "lineitem.l_discount", "lineitem.l_tax", "lineitem.l_returnflag", "lineitem.l_linestatus", "lineitem.l_shipdate", "lineitem.l_commitdate", "lineitem.l_receiptdate", "lineitem.l_shipinstruct", "lineitem.l_shipmode", "lineitem.l_comment"], "Filter": "((lineitem.l_shipdate >= '1995-01-01'::date) AND (lineitem.l_shipdate <= '1996-12-31'::date))", "Rows Removed by Filter": 417415}, {"Node Type": "Hash", "Parent Relationship": "Inner", "Parallel Aware": false, "Startup Cost": 5255.45, "Total Cost": 5255.45, "Plan Rows": 1471, "Plan Width": 33, "Actual Startup Time": 435.137, "Actual Total Time": 435.166, "Actual Rows": 11269, "Actual Loops": 1, "Output": ["orders.o_orderkey", "n2.n_name"], "Hash Buckets": 16384, "Original Hash Buckets": 2048, "Hash Batches": 1, "Original Hash Batches": 1, "Peak Memory Usage": 639, "Plans": [{"Node Type": "Hash Join", "Parent Relationship": "Outer", "Parallel Aware": false, "Join Type": "Inner", "Startup Cost": 568.25, "Total Cost": 5255.45, "Plan Rows": 1471, "Plan Width": 33, "Actual Startup Time": 78.53, "Actual Total Time": 430.658, "Actual Rows": 11269, "Actual Loops": 1, "Output": ["orders.o_orderkey", "n2.n_name"], "Inner Unique": false, "Hash Cond": "(orders.o_custkey = customer.c_custkey)", "Plans": [{"Node Type": "Seq Scan", "Parent Relationship": "Outer", "Parallel Aware": false, "Relation Name": "orders", "Schema": "public", "Alias": "orders", "Startup Cost": 0.0, "Total Cost": 4110.0, "Plan Rows": 150000, "Plan Width": 8, "Actual Startup Time": 0.76, "Actual Total Time": 338.034, "Actual Rows": 150000, "Actual Loops": 1, "Output": ["orders.o_orderkey", "orders.o_custkey", "orders.o_orderstatus", "orders.o_totalprice", "orders.o_orderdate", "orders.o_orderpriority", "orders.o_clerk", "orders.o_shippriority", "orders.o_comment"]}, {"Node Type": "Hash", "Parent Relationship": "Inner", "Parallel Aware": false, "Startup Cost": 566.41, "Total Cost": 566.41, "Plan Rows": 147, "Plan Width": 33, "Actual Startup Time": 77.668, "Actual Total Time": 77.685, "Actual Rows": 1146, "Actual Loops": 1, "Output": ["customer.c_custkey", "n2.n_name"], "Hash Buckets": 2048, "Original Hash Buckets": 1024, "Hash Batches": 1, "Original Hash Batches": 1, "Peak Memory Usage": 68, "Plans": [{"Node Type": "Hash Join", "Parent Relationship": "Outer", "Parallel Aware": false, "Join Type": "Inner", "Startup Cost": 17.71, "Total Cost": 566.41, "Plan Rows": 147, "Plan Width": 33, "Actual Startup Time": 0.48, "Actual Total Time": 76.514, "Actual Rows": 1146, "Actual Loops": 1, "Output": ["customer.c_custkey", "n2.n_name"], "Inner Unique": true, "Hash Cond": "(customer.c_nationkey = n2.n_nationkey)", "Plans": [{"Node Type": "Seq Scan", "Parent Relationship": "Outer", "Parallel Aware": false, "Relation Name": "customer", "Schema": "public", "Alias": "customer", "Startup Cost": 0.0, "Total Cost": 509.0, "Plan Rows": 15000, "Plan Width": 8, "Actual Startup Time": 0.003, "Actual Total Time": 74.194, "Actual Rows": 15000, "Actual Loops": 1, "Output": ["customer.c_custkey", "customer.c_name", "customer.c_address", "customer.c_nationkey", "customer.c_phone", "customer.c_acctbal", "customer.c_mktsegment", "customer.c_comment"]}, {"Node Type": "Hash", "Parent Relationship": "Inner", "Parallel Aware": false, "Startup Cost": 17.65, "Total Cost": 17.65, "Plan Rows": 5, "Plan Width": 33, "Actual Startup Time": 0.014, "Actual Total Time": 0.018, "Actual Rows": 2, "Actual Loops": 1, "Output": ["n2.n_name", "n2.n_nationkey"], "Hash Buckets": 1024, "Original Hash Buckets": 1024, "Hash Batches": 1, "Original Hash Batches": 1, "Peak Memory Usage": 9, "Plans": [{"Node Type": "Seq Scan", "Parent Relationship": "Outer", "Parallel Aware": false, "Relation Name": "nation", "Schema": "public", "Alias": "n2", "Startup Cost": 0.0, "Total Cost": 17.65, "Plan Rows": 5, "Plan Width": 33, "Actual Startup Time": 0.005, "Actual Total Time": 0.007, "Actual Rows": 2, "Actual Loops": 1, "Output": ["n2.n_name", "n2.n_nationkey"], "Filter": "(((n2.n_name)::text = 'SAUDI ARABIA'::text) OR ((n2.n_name)::text = 'ALGERIA'::text))", "Rows Removed by Filter": 23}]}]}]}]}]}]}, {"Node Type": "Hash", "Parent Relationship": "Inner", "Parallel Aware": false, "Startup Cost": 53.36, "Total Cost": 53.36, "Plan Rows": 10, "Plan Width": 33, "Actual Startup Time": 7.272, "Actual Total Time": 7.283, "Actual Rows": 83, "Actual Loops": 1, "Output": ["supplier.s_suppkey", "n1.n_name"], "Hash Buckets": 1024, "Original Hash Buckets": 1024, "Hash Batches": 1, "Original Hash Batches": 1, "Peak Memory Usage": 12, "Plans": [{"Node Type": "Hash Join", "Parent Relationship": "Outer", "Parallel Aware": false, "Join Type": "Inner", "Startup Cost": 17.71, "Total Cost": 53.36, "Plan Rows": 10, "Plan Width": 33, "Actual Startup Time": 0.019, "Actual Total Time": 7.192, "Actual Rows": 83, "Actual Loops": 1, "Output": ["supplier.s_suppkey", "n1.n_name"], "Inner Unique": true, "Hash Cond": "(supplier.s_nationkey = n1.n_nationkey)", "Plans": [{"Node Type": "Seq Scan", "Parent Relationship": "Outer", "Parallel Aware": false, "Relation Name": "supplier", "Schema": "public", "Alias": "supplier", "Startup Cost": 0.0, "Total Cost": 33.0, "Plan Rows": 1000, "Plan Width": 8, "Actual Startup Time": 0.004, "Actual Total Time": 7.013, "Actual Rows": 1000, "Actual Loops": 1, "Output": ["supplier.s_suppkey", "supplier.s_name", "supplier.s_address", "supplier.s_nationkey", "supplier.s_phone", "supplier.s_acctbal", "supplier.s_comment"]}, {"Node Type": "Hash", "Parent Relationship": "Inner", "Parallel Aware": false, "Startup Cost": 17.65, "Total Cost": 17.65, "Plan Rows": 5, "Plan Width": 33, "Actual Startup Time": 0.007, "Actual Total Time": 0.01, "Actual Rows": 2, "Actual Loops": 1, "Output": ["n1.n_name", "n1.n_nationkey"], "Hash Buckets": 1024, "Original Hash Buckets": 1024, "Hash Batches": 1, "Original Hash Batches": 1, "Peak Memory Usage": 9, "Plans": [{"Node Type": "Seq Scan", "Parent Relationship": "Outer", "Parallel Aware": false, "Relation Name": "nation", "Schema": "public", "Alias": "n1", "Startup Cost": 0.0, "Total Cost": 17.65, "Plan Rows": 5, "Plan Width": 33, "Actual Startup Time": 0.003, "Actual Total Time": 0.004, "Actual Rows": 2, "Actual Loops": 1, "Output": ["n1.n_name", "n1.n_nationkey"], "Filter": "(((n1.n_name)::text = 'ALGERIA'::text) OR ((n1.n_name)::text = 'SAUDI ARABIA'::text))", "Rows Removed by Filter": 23}]}]}]}]}]}]}, "Planning Time": 1.773, "Triggers": [], "Execution Time": 847.048}]
q2#####[{"Plan": {"Node Type": "Sort", "Parallel Aware": false, "Startup Cost": 1348979.72, "Total Cost": 1356500.72, "Plan Rows": 3008400, "Plan Width": 205, "Actual Startup Time": 11563.679, "Actual Total Time": 11565.9, "Actual Rows": 18974, "Actual Loops": 1, "Output": ["customer.c_custkey", "customer.c_name", "(sum((lineitem.l_extendedprice * ('1'::numeric - lineitem.l_discount))))", "customer.c_acctbal", "nation.n_name", "customer.c_address", "customer.c_phone", "customer.c_comment"], "Sort Key": ["(sum((lineitem.l_extendedprice * ('1'::numeric - lineitem.l_discount)))) DESC"], "Sort Method": "external merge", "Sort Space Used": 3216, "Sort Space Type": "Disk", "Plans": [{"Node Type": "Aggregate", "Strategy": "Sorted", "Partial Mode": "Simple", "Parent Relationship": "Outer", "Parallel Aware": false, "Startup Cost": 139001.3, "Total Cost": 428874.38, "Plan Rows": 3008400, "Plan Width": 205, "Actual Startup Time": 11269.631, "Actual Total Time": 11512.107, "Actual Rows": 18974, "Actual Loops": 1, "Output": ["customer.c_custkey", "customer.c_name", "sum((lineitem.l_extendedprice * ('1'::numeric - lineitem.l_discount)))", "customer.c_acctbal", "nation.n_name", "customer.c_address", "customer.c_phone", "customer.c_comment"], "Group Key": ["customer.c_custkey", "customer.c_name", "customer.c_acctbal", "customer.c_phone", "nation.n_name", "customer.c_address", "customer.c_comment"], "Plans": [{"Node Type": "Incremental Sort", "Parent Relationship": "Outer", "Parallel Aware": false, "Startup Cost": 139001.3, "Total Cost": 316059.38, "Plan Rows": 3008400, "Plan Width": 185, "Actual Startup Time": 11264.856, "Actual Total Time": 11443.356, "Actual Rows": 56973, "Actual Loops": 1, "Output": ["customer.c_custkey", "customer.c_name", "customer.c_acctbal", "nation.n_name", "customer.c_address", "customer.c_phone", "customer.c_comment", "lineitem.l_extendedprice", "lineitem.l_discount"], "Sort Key": ["customer.c_custkey", "customer.c_name", "customer.c_acctbal", "customer.c_phone", "nation.n_name", "customer.c_address", "customer.c_comment"], "Presorted Key": ["customer.c_custkey"], "Full-sort Groups": {"Group Count": 1692, "Sort Methods Used": ["quicksort"], "Sort Space Memory": {"Average Sort Space Used": 34, "Peak Sort Space Used": 34}}, "Plans": [{"Node Type": "Merge Join", "Parent Relationship": "Outer", "Parallel Aware": false, "Join Type": "Inner", "Startup Cost": 138999.51, "Total Cost": 139825.69, "Plan Rows": 3008400, "Plan Width": 185, "Actual Startup Time": 11264.449, "Actual Total Time": 11402.279, "Actual Rows": 56973, "Actual Loops": 1, "Output": ["customer.c_custkey", "customer.c_name", "customer.c_acctbal", "nation.n_name", "customer.c_address", "customer.c_phone", "customer.c_comment", "lineitem.l_extendedprice", "lineitem.l_discount"], "Inner Unique": false, "Merge Cond": "(customer.c_custkey = orders.o_custkey)", "Plans": [{"Node Type": "Sort", "Parent Relationship": "Outer", "Parallel Aware": false, "Startup Cost": 15247.96, "Total Cost": 15435.46, "Plan Rows": 75000, "Plan Width": 173, "Actual Startup Time": 479.171, "Actual Total Time": 588.756, "Actual Rows": 74996, "Actual Loops": 1, "Output": ["customer.c_custkey", "customer.c_name", "customer.c_acctbal", "customer.c_address", "customer.c_phone", "customer.c_comment", "nation.n_name"], "Sort Key": ["customer.c_custkey"], "Sort Method": "external merge", "Sort Space Used": 12024, "Sort Space Type": "Disk", "Plans": [{"Node Type": "Hash Join", "Parent Relationship": "Outer", "Parallel Aware": false, "Join Type": "Inner", "Startup Cost": 21.48, "Total Cost": 2762.99, "Plan Rows": 75000, "Plan Width": 173, "Actual Startup Time": 2.445, "Actual Total Time": 164.134, "Actual Rows": 75000, "Actual Loops": 1, "Output": ["customer.c_custkey", "customer.c_name", "customer.c_acctbal", "customer.c_address", "customer.c_phone", "customer.c_comment", "nation.n_name"], "Inner Unique": true, "Hash Cond": "(customer.c_nationkey = nation.n_nationkey)", "Plans": [{"Node Type": "Seq Scan", "Parent Relationship": "Outer", "Parallel Aware": false, "Relation Name": "customer", "Schema": "public", "Alias": "customer", "Startup Cost": 0.0, "Total Cost": 2543.0, "Plan Rows": 75000, "Plan Width": 148, "Actual Startup Time": 0.666, "Actual Total Time": 146.04, "Actual Rows": 75000, "Actual Loops": 1, "Output": ["customer.c_custkey", "customer.c_name", "customer.c_address", "customer.c_nationkey", "customer.c_phone", "customer.c_acctbal", "customer.c_mktsegment", "customer.c_comment"]}, {"Node Type": "Hash", "Parent Relationship": "Inner", "Parallel Aware": false, "Startup Cost": 15.1, "Total Cost": 15.1, "Plan Rows": 510, "Plan Width": 33, "Actual Startup Time": 0.841, "Actual Total Time": 0.85, "Actual Rows": 25, "Actual Loops": 1, "Output": ["nation.n_name", "nation.n_nationkey"], "Hash Buckets": 1024, "Original Hash Buckets": 1024, "Hash Batches": 1, "Original Hash Batches": 1, "Peak Memory Usage": 10, "Plans": [{"Node Type": "Seq Scan", "Parent Relationship": "Outer", "Parallel Aware": false, "Relation Name": "nation", "Schema": "public", "Alias": "nation", "Startup Cost": 0.0, "Total Cost": 15.1, "Plan Rows": 510, "Plan Width": 33, "Actual Startup Time": 0.007, "Actual Total Time": 0.011, "Actual Rows": 25, "Actual Loops": 1, "Output": ["nation.n_name", "nation.n_nationkey"]}]}]}]}, {"Node Type": "Sort", "Parent Relationship": "Inner", "Parallel Aware": false, "Startup Cost": 123751.51, "Total Cost": 123826.72, "Plan Rows": 30084, "Plan Width": 16, "Actual Startup Time": 10784.601, "Actual Total Time": 10793.994, "Actual Rows": 56973, "Actual Loops": 1, "Output": ["orders.o_custkey", "lineitem.l_extendedprice", "lineitem.l_discount"], "Sort Key": ["orders.o_custkey"], "Sort Method": "external sort", "Sort Space Used": 1768, "Sort Space Type": "Disk", "Plans": [{"Node Type": "Hash Join", "Parent Relationship": "Outer", "Parallel Aware": false, "Join Type": "Inner", "Startup Cost": 24677.03, "Total Cost": 121513.76, "Plan Rows": 30084, "Plan Width": 16, "Actual Startup Time": 1939.955, "Actual Total Time": 10431.11, "Actual Rows": 56973, "Actual Loops": 1, "Output": ["orders.o_custkey", "lineitem.l_extendedprice", "lineitem.l_discount"], "Inner Unique": false, "Hash Cond": "(lineitem.l_orderkey = orders.o_orderkey)", "Plans": [{"Node Type": "Seq Scan", "Parent Relationship": "Outer", "Parallel Aware": false, "Relation Name": "lineitem", "Schema": "public", "Alias": "lineitem", "Startup Cost": 0.0, "Total Cost": 93730.69, "Plan Rows": 748054, "Plan Width": 16, "Actual Startup Time": 0.014, "Actual Total Time": 8231.096, "Actual Rows": 739563, "Actual Loops": 1, "Output": ["lineitem.l_orderkey", "lineitem.l_partkey", "lineitem.l_suppkey", "lineitem.l_linenumber", "lineitem.l_quantity", "lineitem.l_extendedprice", "lineitem.l_discount", "lineitem.l_tax", "lineitem.l_returnflag", "lineitem.l_linestatus", "lineitem.l_shipdate", "lineitem.l_commitdate", "lineitem.l_receiptdate", "lineitem.l_shipinstruct", "lineitem.l_shipmode", "lineitem.l_comment"], "Filter": "(lineitem.l_returnflag = 'R'::bpchar)", "Rows Removed by Filter": 2260108}, {"Node Type": "Hash", "Parent Relationship": "Inner", "Parallel Aware": false, "Startup Cost": 24300.0, "Total Cost": 24300.0, "Plan Rows": 30162, "Plan Width": 8, "Actual Startup Time": 1939.782, "Actual Total Time": 1939.786, "Actual Rows": 28646, "Actual Loops": 1, "Output": ["orders.o_custkey", "orders.o_orderkey"], "Hash Buckets": 32768, "Original Hash Buckets": 32768, "Hash Batches": 1, "Original Hash Batches": 1, "Peak Memory Usage": 1375, "Plans": [{"Node Type": "Seq Scan", "Parent Relationship": "Outer", "Parallel Aware": false, "Relation Name": "orders", "Schema": "public", "Alias": "orders", "Startup Cost": 0.0, "Total Cost": 24300.0, "Plan Rows": 30162, "Plan Width": 8, "Actual Startup Time": 0.006, "Actual Total Time": 1901.064, "Actual Rows": 28646, "Actual Loops": 1, "Output": ["orders.o_custkey", "orders.o_orderkey"], "Filter": "((orders.o_orderdate >= '1993-06-05'::date) AND (orders.o_orderdate < '1993-09-05 00:00:00'::timestamp without time zone))", "Rows Removed by Filter": 721354}]}]}]}]}]}]}]}, "Planning Time": 1.321, "Triggers": [], "Execution Time": 11574.782}]
q3#####[{"Plan": {"Node Type": "Aggregate", "Strategy": "Sorted", "Partial Mode": "Simple", "Parallel Aware": false, "Startup Cost": 26293.93, "Total Cost": 26294.25, "Plan Rows": 9, "Plan Width": 98, "Actual Startup Time": 847.807, "Actual Total Time": 847.964, "Actual Rows": 4, "Actual Loops": 1, "Output": ["n1.n_name", "n2.n_name", "(date_part('year'::text, (lineitem.l_shipdate)::timestamp without time zone))", "sum((lineitem.l_extendedprice * ('1'::numeric - lineitem.l_discount)))"], "Group Key": ["n1.n_name", "n2.n_name", "(date_part('year'::text, (lineitem.l_shipdate)::timestamp without time zone))"], "Plans": [{"Node Type": "Sort", "Parent Relationship": "Outer", "Parallel Aware": false, "Startup Cost": 26293.93, "Total Cost": 26293.95, "Plan Rows": 9, "Plan Width": 78, "Actual Startup Time": 847.759, "Actual Total Time": 847.816, "Actual Rows": 597, "Actual Loops": 1, "Output": ["n1.n_name", "n2.n_name", "(date_part('year'::text, (lineitem.l_shipdate)::timestamp without time zone))", "lineitem.l_extendedprice", "lineitem.l_discount"], "Sort Key": ["n1.n_name", "n2.n_name", "(date_part('year'::text, (lineitem.l_shipdate)::timestamp without time zone))"], "Sort Method": "quicksort", "Sort Space Used": 71, "Sort Space Type": "Memory", "Plans": [{"Node Type": "Hash Join", "Parent Relationship": "Outer", "Parallel Aware": false, "Join Type": "Inner", "Startup Cost": 5327.32, "Total Cost": 26293.79, "Plan Rows": 9, "Plan Width": 78, "Actual Startup Time": 453.909, "Actual Total Time": 847.082, "Actual Rows": 597, "Actual Loops": 1, "Output": ["n1.n_name", "n2.n_name", "date_part('year'::text, (lineitem.l_shipdate)::timestamp without time zone)", "lineitem.l_extendedprice", "lineitem.l_discount"], "Inner Unique": false, "Hash Cond": "(lineitem.l_suppkey = supplier.s_suppkey)", "Join Filter": "((((n1.n_name)::text = 'ALGERIA'::text) AND ((n2.n_name)::text = 'EGYPT'::text)) OR (((n1.n_name)::text = 'EGYPT'::text) AND ((n2.n_name)::text = 'ALGERIA'::text)))", "Rows Removed by Join Filter": 565, "Plans": [{"Node Type": "Hash Join", "Parent Relationship": "Outer", "Parallel Aware": false, "Join Type": "Inner", "Startup Cost": 5273.84, "Total Cost": 26233.09, "Plan Rows": 1815, "Plan Width": 49, "Actual Startup Time": 436.537, "Actual Total Time": 834.986, "Actual Rows": 14854, "Actual Loops": 1, "Output": ["lineitem.l_shipdate", "lineitem.l_extendedprice", "lineitem.l_discount", "lineitem.l_suppkey", "n2.n_name"], "Inner Unique": false, "Hash Cond": "(lineitem.l_orderkey = orders.o_orderkey)", "Plans": [{"Node Type": "Seq Scan", "Parent Relationship": "Outer", "Parallel Aware": false, "Relation Name": "lineitem", "Schema": "public", "Alias": "lineitem", "Startup Cost": 0.0, "Total Cost": 20247.0, "Plan Rows": 185095, "Plan Width": 24, "Actual Startup Time": 1.672, "Actual Total Time": 376.941, "Actual Rows": 182585, "Actual Loops": 1, "Output": ["lineitem.l_orderkey", "lineitem.l_partkey", "lineitem.l_suppkey", "lineitem.l_linenumber", "lineitem.l_quantity", "lineitem.l_extendedprice", "lineitem.l_discount", "lineitem.l_tax", "lineitem.l_returnflag", "lineitem.l_linestatus", "lineitem.l_shipdate", "lineitem.l_commitdate", "lineitem.l_receiptdate", "lineitem.l_shipinstruct", "lineitem.l_shipmode", "lineitem.l_comment"], "Filter": "((lineitem.l_shipdate >= '1995-01-01'::date) AND (lineitem.l_shipdate <= '1996-12-31'::date))", "Rows Removed by Filter": 417415}, {"Node Type": "Hash", "Parent Relationship": "Inner", "Parallel Aware": false, "Startup Cost": 5255.45, "Total Cost": 5255.45, "Plan Rows": 1471, "Plan Width": 33, "Actual Startup Time": 434.64, "Actual Total Time": 434.659, "Actual Rows": 12082, "Actual Loops": 1, "Output": ["orders.o_orderkey", "n2.n_name"], "Hash Buckets": 16384, "Original Hash Buckets": 2048, "Hash Batches": 1, "Original Hash Batches": 1, "Peak Memory Usage": 635, "Plans": [{"Node Type": "Hash Join", "Parent Relationship": "Outer", "Parallel Aware": false, "Join Type": "Inner", "Startup Cost": 568.25, "Total Cost": 5255.45, "Plan Rows": 1471, "Plan Width": 33, "Actual Startup Time": 78.26, "Actual Total Time": 430.096, "Actual Rows": 12082, "Actual Loops": 1, "Output": ["orders.o_orderkey", "n2.n_name"], "Inner Unique": false, "Hash Cond": "(orders.o_custkey = customer.c_custkey)", "Plans": [{"Node Type": "Seq Scan", "Parent Relationship": "Outer", "Parallel Aware": false, "Relation Name": "orders", "Schema": "public", "Alias": "orders", "Startup Cost": 0.0, "Total Cost": 4110.0, "Plan Rows": 150000, "Plan Width": 8, "Actual Startup Time": 0.565, "Actual Total Time": 337.238, "Actual Rows": 150000, "Actual Loops": 1, "Output": ["orders.o_orderkey", "orders.o_custkey", "orders.o_orderstatus", "orders.o_totalprice", "orders.o_orderdate", "orders.o_orderpriority", "orders.o_clerk", "orders.o_shippriority", "orders.o_comment"]}, {"Node Type": "Hash", "Parent Relationship": "Inner", "Parallel Aware": false, "Startup Cost": 566.41, "Total Cost": 566.41, "Plan Rows": 147, "Plan Width": 33, "Actual Startup Time": 77.516, "Actual Total Time": 77.524, "Actual Rows": 1226, "Actual Loops": 1, "Output": ["customer.c_custkey", "n2.n_name"], "Hash Buckets": 2048, "Original Hash Buckets": 1024, "Hash Batches": 1, "Original Hash Batches": 1, "Peak Memory Usage": 68, "Plans": [{"Node Type": "Hash Join", "Parent Relationship": "Outer", "Parallel Aware": false, "Join Type": "Inner", "Startup Cost": 17.71, "Total Cost": 566.41, "Plan Rows": 147, "Plan Width": 33, "Actual Startup Time": 0.387, "Actual Total Time": 73.492, "Actual Rows": 1226, "Actual Loops": 1, "Output": ["customer.c_custkey", "n2.n_name"], "Inner Unique": true, "Hash Cond": "(customer.c_nationkey = n2.n_nationkey)", "Plans": [{"Node Type": "Seq Scan", "Parent Relationship": "Outer", "Parallel Aware": false, "Relation Name": "customer", "Schema": "public", "Alias": "customer", "Startup Cost": 0.0, "Total Cost": 509.0, "Plan Rows": 15000, "Plan Width": 8, "Actual Startup Time": 0.02, "Actual Total Time": 71.04, "Actual Rows": 15000, "Actual Loops": 1, "Output": ["customer.c_custkey", "customer.c_name", "customer.c_address", "customer.c_nationkey", "customer.c_phone", "customer.c_acctbal", "customer.c_mktsegment", "customer.c_comment"]}, {"Node Type": "Hash", "Parent Relationship": "Inner", "Parallel Aware": false, "Startup Cost": 17.65, "Total Cost": 17.65, "Plan Rows": 5, "Plan Width": 33, "Actual Startup Time": 0.154, "Actual Total Time": 0.154, "Actual Rows": 2, "Actual Loops": 1, "Output": ["n2.n_name", "n2.n_nationkey"], "Hash Buckets": 1024, "Original Hash Buckets": 1024, "Hash Batches": 1, "Original Hash Batches": 1, "Peak Memory Usage": 9, "Plans": [{"Node Type": "Seq Scan", "Parent Relationship": "Outer", "Parallel Aware": false, "Relation Name": "nation", "Schema": "public", "Alias": "n2", "Startup Cost": 0.0, "Total Cost": 17.65, "Plan Rows": 5, "Plan Width": 33, "Actual Startup Time": 0.12, "Actual Total Time": 0.126, "Actual Rows": 2, "Actual Loops": 1, "Output": ["n2.n_name", "n2.n_nationkey"], "Filter": "(((n2.n_name)::text = 'EGYPT'::text) OR ((n2.n_name)::text = 'ALGERIA'::text))", "Rows Removed by Filter": 23}]}]}]}]}]}]}, {"Node Type": "Hash", "Parent Relationship": "Inner", "Parallel Aware": false, "Startup Cost": 53.36, "Total Cost": 53.36, "Plan Rows": 10, "Plan Width": 33, "Actual Startup Time": 9.834, "Actual Total Time": 9.841, "Actual Rows": 76, "Actual Loops": 1, "Output": ["supplier.s_suppkey", "n1.n_name"], "Hash Buckets": 1024, "Original Hash Buckets": 1024, "Hash Batches": 1, "Original Hash Batches": 1, "Peak Memory Usage": 12, "Plans": [{"Node Type": "Hash Join", "Parent Relationship": "Outer", "Parallel Aware": false, "Join Type": "Inner", "Startup Cost": 17.71, "Total Cost": 53.36, "Plan Rows": 10, "Plan Width": 33, "Actual Startup Time": 4.316, "Actual Total Time": 9.808, "Actual Rows": 76, "Actual Loops": 1, "Output": ["supplier.s_suppkey", "n1.n_name"], "Inner Unique": true, "Hash Cond": "(supplier.s_nationkey = n1.n_nationkey)", "Plans": [{"Node Type": "Seq Scan", "Parent Relationship": "Outer", "Parallel Aware": false, "Relation Name": "supplier", "Schema": "public", "Alias": "supplier", "Startup Cost": 0.0, "Total Cost": 33.0, "Plan Rows": 1000, "Plan Width": 8, "Actual Startup Time": 0.007, "Actual Total Time": 5.344, "Actual Rows": 1000, "Actual Loops": 1, "Output": ["supplier.s_suppkey", "supplier.s_name", "supplier.s_address", "supplier.s_nationkey", "supplier.s_phone", "supplier.s_acctbal", "supplier.s_comment"]}, {"Node Type": "Hash", "Parent Relationship": "Inner", "Parallel Aware": false, "Startup Cost": 17.65, "Total Cost": 17.65, "Plan Rows": 5, "Plan Width": 33, "Actual Startup Time": 4.299, "Actual Total Time": 4.302, "Actual Rows": 2, "Actual Loops": 1, "Output": ["n1.n_name", "n1.n_nationkey"], "Hash Buckets": 1024, "Original Hash Buckets": 1024, "Hash Batches": 1, "Original Hash Batches": 1, "Peak Memory Usage": 9, "Plans": [{"Node Type": "Seq Scan", "Parent Relationship": "Outer", "Parallel Aware": false, "Relation Name": "nation", "Schema": "public", "Alias": "n1", "Startup Cost": 0.0, "Total Cost": 17.65, "Plan Rows": 5, "Plan Width": 33, "Actual Startup Time": 4.294, "Actual Total Time": 4.295, "Actual Rows": 2, "Actual Loops": 1, "Output": ["n1.n_name", "n1.n_nationkey"], "Filter": "(((n1.n_name)::text = 'ALGERIA'::text) OR ((n1.n_name)::text = 'EGYPT'::text))", "Rows Removed by Filter": 23}]}]}]}]}]}]}, "Planning Time": 1.74, "Triggers": [], "Execution Time": 848.231}]
q4#####[{"Plan": {"Node Type": "Sort", "Parallel Aware": false, "Startup Cost": 1316316.81, "Total Cost": 1323643.56, "Plan Rows": 2930700, "Plan Width": 205, "Actual Startup Time": 10572.414, "Actual Total Time": 10575.284, "Actual Rows": 18790, "Actual Loops": 1, "Output": ["customer.c_custkey", "customer.c_name", "(sum((lineitem.l_extendedprice * ('1'::numeric - lineitem.l_discount))))", "customer.c_acctbal", "nation.n_name", "customer.c_address", "customer.c_phone", "customer.c_comment"], "Sort Key": ["(sum((lineitem.l_extendedprice * ('1'::numeric - lineitem.l_discount)))) DESC"], "Sort Method": "external merge", "Sort Space Used": 3184, "Sort Space Type": "Disk", "Plans": [{"Node Type": "Aggregate", "Strategy": "Sorted", "Partial Mode": "Simple", "Parent Relationship": "Outer", "Parallel Aware": false, "Startup Cost": 138920.41, "Total Cost": 420525.4, "Plan Rows": 2930700, "Plan Width": 205, "Actual Startup Time": 10398.901, "Actual Total Time": 10545.379, "Actual Rows": 18790, "Actual Loops": 1, "Output": ["customer.c_custkey", "customer.c_name", "sum((lineitem.l_extendedprice * ('1'::numeric - lineitem.l_discount)))", "customer.c_acctbal", "nation.n_name", "customer.c_address", "customer.c_phone", "customer.c_comment"], "Group Key": ["customer.c_custkey", "customer.c_name", "customer.c_acctbal", "customer.c_phone", "nation.n_name", "customer.c_address", "customer.c_comment"], "Plans": [{"Node Type": "Incremental Sort", "Parent Relationship": "Outer", "Parallel Aware": false, "Startup Cost": 138920.41, "Total Cost": 310624.15, "Plan Rows": 2930700, "Plan Width": 185, "Actual Startup Time": 10398.884, "Actual Total Time": 10508.341, "Actual Rows": 56250, "Actual Loops": 1, "Output": ["customer.c_custkey", "customer.c_name", "customer.c_acctbal", "nation.n_name", "customer.c_address", "customer.c_phone", "customer.c_comment", "lineitem.l_extendedprice", "lineitem.l_discount"], "Sort Key": ["customer.c_custkey", "customer.c_name", "customer.c_acctbal", "customer.c_phone", "nation.n_name", "customer.c_address", "customer.c_comment"], "Presorted Key": ["customer.c_custkey"], "Full-sort Groups": {"Group Count": 1673, "Sort Methods Used": ["quicksort"], "Sort Space Memory": {"Average Sort Space Used": 35, "Peak Sort Space Used": 35}}, "Plans": [{"Node Type": "Merge Join", "Parent Relationship": "Outer", "Parallel Aware": false, "Join Type": "Inner", "Startup Cost": 138918.68, "Total Cost": 139733.2, "Plan Rows": 2930700, "Plan Width": 185, "Actual Startup Time": 10398.598, "Actual Total Time": 10476.653, "Actual Rows": 56250, "Actual Loops": 1, "Output": ["customer.c_custkey", "customer.c_name", "customer.c_acctbal", "nation.n_name", "customer.c_address", "customer.c_phone", "customer.c_comment", "lineitem.l_extendedprice", "lineitem.l_discount"], "Inner Unique": false, "Merge Cond": "(customer.c_custkey = orders.o_custkey)", "Plans": [{"Node Type": "Sort", "Parent Relationship": "Outer", "Parallel Aware": false, "Startup Cost": 15247.96, "Total Cost": 15435.46, "Plan Rows": 75000, "Plan Width": 173, "Actual Startup Time": 289.293, "Actual Total Time": 344.853, "Actual Rows": 74996, "Actual Loops": 1, "Output": ["customer.c_custkey", "customer.c_name", "customer.c_acctbal", "customer.c_address", "customer.c_phone", "customer.c_comment", "nation.n_name"], "Sort Key": ["customer.c_custkey"], "Sort Method": "external merge", "Sort Space Used": 12024, "Sort Space Type": "Disk", "Plans": [{"Node Type": "Hash Join", "Parent Relationship": "Outer", "Parallel Aware": false, "Join Type": "Inner", "Startup Cost": 21.48, "Total Cost": 2762.99, "Plan Rows": 75000, "Plan Width": 173, "Actual Startup Time": 0.447, "Actual Total Time": 49.458, "Actual Rows": 75000, "Actual Loops": 1, "Output": ["customer.c_custkey", "customer.c_name", "customer.c_acctbal", "customer.c_address", "customer.c_phone", "customer.c_comment", "nation.n_name"], "Inner Unique": true, "Hash Cond": "(customer.c_nationkey = nation.n_nationkey)", "Plans": [{"Node Type": "Seq Scan", "Parent Relationship": "Outer", "Parallel Aware": false, "Relation Name": "customer", "Schema": "public", "Alias": "customer", "Startup Cost": 0.0, "Total Cost": 2543.0, "Plan Rows": 75000, "Plan Width": 148, "Actual Startup Time": 0.419, "Actual Total Time": 10.767, "Actual Rows": 75000, "Actual Loops": 1, "Output": ["customer.c_custkey", "customer.c_name", "customer.c_address", "customer.c_nationkey", "customer.c_phone", "customer.c_acctbal", "customer.c_mktsegment", "customer.c_comment"]}, {"Node Type": "Hash", "Parent Relationship": "Inner", "Parallel Aware": false, "Startup Cost": 15.1, "Total Cost": 15.1, "Plan Rows": 510, "Plan Width": 33, "Actual Startup Time": 0.016, "Actual Total Time": 0.025, "Actual Rows": 25, "Actual Loops": 1, "Output": ["nation.n_name", "nation.n_nationkey"], "Hash Buckets": 1024, "Original Hash Buckets": 1024, "Hash Batches": 1, "Original Hash Batches": 1, "Peak Memory Usage": 10, "Plans": [{"Node Type": "Seq Scan", "Parent Relationship": "Outer", "Parallel Aware": false, "Relation Name": "nation", "Schema": "public", "Alias": "nation", "Startup Cost": 0.0, "Total Cost": 15.1, "Plan Rows": 510, "Plan Width": 33, "Actual Startup Time": 0.006, "Actual Total Time": 0.007, "Actual Rows": 25, "Actual Loops": 1, "Output": ["nation.n_name", "nation.n_nationkey"]}]}]}]}, {"Node Type": "Sort", "Parent Relationship": "Inner", "Parallel Aware": false, "Startup Cost": 123670.67, "Total Cost": 123743.94, "Plan Rows": 29307, "Plan Width": 16, "Actual Startup Time": 10109.244, "Actual Total Time": 10115.709, "Actual Rows": 56250, "Actual Loops": 1, "Output": ["orders.o_custkey", "lineitem.l_extendedprice", "lineitem.l_discount"], "Sort Key": ["orders.o_custkey"], "Sort Method": "external sort", "Sort Space Used": 1744, "Sort Space Type": "Disk", "Plans": [{"Node Type": "Hash Join", "Parent Relationship": "Outer", "Parallel Aware": false, "Join Type": "Inner", "Startup Cost": 24667.29, "Total Cost": 121496.25, "Plan Rows": 29307, "Plan Width": 16, "Actual Startup Time": 2456.105, "Actual Total Time": 9771.114, "Actual Rows": 56250, "Actual Loops": 1, "Output": ["orders.o_custkey", "lineitem.l_extendedprice", "lineitem.l_discount"], "Inner Unique": false, "Hash Cond": "(lineitem.l_orderkey = orders.o_orderkey)", "Plans": [{"Node Type": "Seq Scan", "Parent Relationship": "Outer", "Parallel Aware": false, "Relation Name": "lineitem", "Schema": "public", "Alias": "lineitem", "Startup Cost": 0.0, "Total Cost": 93730.69, "Plan Rows": 748054, "Plan Width": 16, "Actual Startup Time": 0.026, "Actual Total Time": 7097.184, "Actual Rows": 739563, "Actual Loops": 1, "Output": ["lineitem.l_orderkey", "lineitem.l_partkey", "lineitem.l_suppkey", "lineitem.l_linenumber", "lineitem.l_quantity", "lineitem.l_extendedprice", "lineitem.l_discount", "lineitem.l_tax", "lineitem.l_returnflag", "lineitem.l_linestatus", "lineitem.l_shipdate", "lineitem.l_commitdate", "lineitem.l_receiptdate", "lineitem.l_shipinstruct", "lineitem.l_shipmode", "lineitem.l_comment"], "Filter": "(lineitem.l_returnflag = 'R'::bpchar)", "Rows Removed by Filter": 2260108}, {"Node Type": "Hash", "Parent Relationship": "Inner", "Parallel Aware": false, "Startup Cost": 24300.0, "Total Cost": 24300.0, "Plan Rows": 29383, "Plan Width": 8, "Actual Startup Time": 2455.86, "Actual Total Time": 2455.861, "Actual Rows": 28153, "Actual Loops": 1, "Output": ["orders.o_custkey", "orders.o_orderkey"], "Hash Buckets": 32768, "Original Hash Buckets": 32768, "Hash Batches": 1, "Original Hash Batches": 1, "Peak Memory Usage": 1356, "Plans": [{"Node Type": "Seq Scan", "Parent Relationship": "Outer", "Parallel Aware": false, "Relation Name": "orders", "Schema": "public", "Alias": "orders", "Startup Cost": 0.0, "Total Cost": 24300.0, "Plan Rows": 29383, "Plan Width": 8, "Actual Startup Time": 0.008, "Actual Total Time": 2405.042, "Actual Rows": 28153, "Actual Loops": 1, "Output": ["orders.o_custkey", "orders.o_orderkey"], "Filter": "((orders.o_orderdate >= '1993-04-01'::date) AND (orders.o_orderdate < '1993-07-01 00:00:00'::timestamp without time zone))", "Rows Removed by Filter": 721847}]}]}]}]}]}]}]}, "Planning Time": 6.903, "Triggers": [], "Execution Time": 10581.017}]
q5#####[{"Plan": {"Node Type": "Sort", "Parallel Aware": false, "Startup Cost": 1271560.97, "Total Cost": 1278621.22, "Plan Rows": 2824100, "Plan Width": 205, "Actual Startup Time": 9838.337, "Actual Total Time": 9841.206, "Actual Rows": 19024, "Actual Loops": 1, "Output": ["customer.c_custkey", "customer.c_name", "(sum((lineitem.l_extendedprice * ('1'::numeric - lineitem.l_discount))))", "customer.c_acctbal", "nation.n_name", "customer.c_address", "customer.c_phone", "customer.c_comment"], "Sort Key": ["(sum((lineitem.l_extendedprice * ('1'::numeric - lineitem.l_discount)))) DESC"], "Sort Method": "external merge", "Sort Space Used": 3224, "Sort Space Type": "Disk", "Plans": [{"Node Type": "Aggregate", "Strategy": "Sorted", "Partial Mode": "Simple", "Parent Relationship": "Outer", "Parallel Aware": false, "Startup Cost": 138809.67, "Total Cost": 409107.69, "Plan Rows": 2824100, "Plan Width": 205, "Actual Startup Time": 9545.622, "Actual Total Time": 9785.343, "Actual Rows": 19024, "Actual Loops": 1, "Output": ["customer.c_custkey", "customer.c_name", "sum((lineitem.l_extendedprice * ('1'::numeric - lineitem.l_discount)))", "customer.c_acctbal", "nation.n_name", "customer.c_address", "customer.c_phone", "customer.c_comment"], "Group Key": ["customer.c_custkey", "customer.c_name", "customer.c_acctbal", "customer.c_phone", "nation.n_name", "customer.c_address", "customer.c_comment"], "Plans": [{"Node Type": "Incremental Sort", "Parent Relationship": "Outer", "Parallel Aware": false, "Startup Cost": 138809.67, "Total Cost": 303203.94, "Plan Rows": 2824100, "Plan Width": 185, "Actual Startup Time": 9545.569, "Actual Total Time": 9743.681, "Actual Rows": 57685, "Actual Loops": 1, "Output": ["customer.c_custkey", "customer.c_name", "customer.c_acctbal", "nation.n_name", "customer.c_address", "customer.c_phone", "customer.c_comment", "lineitem.l_extendedprice", "lineitem.l_discount"], "Sort Key": ["customer.c_custkey", "customer.c_name", "customer.c_acctbal", "customer.c_phone", "nation.n_name", "customer.c_address", "customer.c_comment"], "Presorted Key": ["customer.c_custkey"], "Full-sort Groups": {"Group Count": 1713, "Sort Methods Used": ["quicksort"], "Sort Space Memory": {"Average Sort Space Used": 33, "Peak Sort Space Used": 33}}, "Plans": [{"Node Type": "Merge Join", "Parent Relationship": "Outer", "Parallel Aware": false, "Join Type": "Inner", "Startup Cost": 138808.01, "Total Cost": 139606.55, "Plan Rows": 2824100, "Plan Width": 185, "Actual Startup Time": 9545.179, "Actual Total Time": 9695.101, "Actual Rows": 57685, "Actual Loops": 1, "Output": ["customer.c_custkey", "customer.c_name", "customer.c_acctbal", "nation.n_name", "customer.c_address", "customer.c_phone", "customer.c_comment", "lineitem.l_extendedprice", "lineitem.l_discount"], "Inner Unique": false, "Merge Cond": "(customer.c_custkey = orders.o_custkey)", "Plans": [{"Node Type": "Sort", "Parent Relationship": "Outer", "Parallel Aware": false, "Startup Cost": 15247.96, "Total Cost": 15435.46, "Plan Rows": 75000, "Plan Width": 173, "Actual Startup Time": 390.402, "Actual Total Time": 498.671, "Actual Rows": 75000, "Actual Loops": 1, "Output": ["customer.c_custkey", "customer.c_name", "customer.c_acctbal", "customer.c_address", "customer.c_phone", "customer.c_comment", "nation.n_name"], "Sort Key": ["customer.c_custkey"], "Sort Method": "external merge", "Sort Space Used": 12024, "Sort Space Type": "Disk", "Plans": [{"Node Type": "Hash Join", "Parent Relationship": "Outer", "Parallel Aware": false, "Join Type": "Inner", "Startup Cost": 21.48, "Total Cost": 2762.99, "Plan Rows": 75000, "Plan Width": 173, "Actual Startup Time": 0.027, "Actual Total Time": 34.585, "Actual Rows": 75000, "Actual Loops": 1, "Output": ["customer.c_custkey", "customer.c_name", "customer.c_acctbal", "customer.c_address", "customer.c_phone", "customer.c_comment", "nation.n_name"], "Inner Unique": true, "Hash Cond": "(customer.c_nationkey = nation.n_nationkey)", "Plans": [{"Node Type": "Seq Scan", "Parent Relationship": "Outer", "Parallel Aware": false, "Relation Name": "customer", "Schema": "public", "Alias": "customer", "Startup Cost": 0.0, "Total Cost": 2543.0, "Plan Rows": 75000, "Plan Width": 148, "Actual Startup Time": 0.007, "Actual Total Time": 8.64, "Actual Rows": 75000, "Actual Loops": 1, "Output": ["customer.c_custkey", "customer.c_name", "customer.c_address", "customer.c_nationkey", "customer.c_phone", "customer.c_acctbal", "customer.c_mktsegment", "customer.c_comment"]}, {"Node Type": "Hash", "Parent Relationship": "Inner", "Parallel Aware": false, "Startup Cost": 15.1, "Total Cost": 15.1, "Plan Rows": 510, "Plan Width": 33, "Actual Startup Time": 0.013, "Actual Total Time": 0.024, "Actual Rows": 25, "Actual Loops": 1, "Output": ["nation.n_name", "nation.n_nationkey"], "Hash Buckets": 1024, "Original Hash Buckets": 1024, "Hash Batches": 1, "Original Hash Batches": 1, "Peak Memory Usage": 10, "Plans": [{"Node Type": "Seq Scan", "Parent Relationship": "Outer", "Parallel Aware": false, "Relation Name": "nation", "Schema": "public", "Alias": "nation", "Startup Cost": 0.0, "Total Cost": 15.1, "Plan Rows": 510, "Plan Width": 33, "Actual Startup Time": 0.007, "Actual Total Time": 0.014, "Actual Rows": 25, "Actual Loops": 1, "Output": ["nation.n_name", "nation.n_nationkey"]}]}]}]}, {"Node Type": "Sort", "Parent Relationship": "Inner", "Parallel Aware": false, "Startup Cost": 123560.01, "Total Cost": 123630.61, "Plan Rows": 28241, "Plan Width": 16, "Actual Startup Time": 9154.367, "Actual Total Time": 9173.795, "Actual Rows": 57685, "Actual Loops": 1, "Output": ["orders.o_custkey", "lineitem.l_extendedprice", "lineitem.l_discount"], "Sort Key": ["orders.o_custkey"], "Sort Method": "external sort", "Sort Space Used": 1784, "Sort Space Type": "Disk", "Plans": [{"Node Type": "Hash Join", "Parent Relationship": "Outer", "Parallel Aware": false, "Join Type": "Inner", "Startup Cost": 24653.92, "Total Cost": 121472.23, "Plan Rows": 28241, "Plan Width": 16, "Actual Startup Time": 1587.915, "Actual Total Time": 8898.93, "Actual Rows": 57685, "Actual Loops": 1, "Output": ["orders.o_custkey", "lineitem.l_extendedprice", "lineitem.l_discount"], "Inner Unique": false, "Hash Cond": "(lineitem.l_orderkey = orders.o_orderkey)", "Plans": [{"Node Type": "Seq Scan", "Parent Relationship": "Outer", "Parallel Aware": false, "Relation Name": "lineitem", "Schema": "public", "Alias": "lineitem", "Startup Cost": 0.0, "Total Cost": 93730.69, "Plan Rows": 748054, "Plan Width": 16, "Actual Startup Time": 0.011, "Actual Total Time": 7089.686, "Actual Rows": 739563, "Actual Loops": 1, "Output": ["lineitem.l_orderkey", "lineitem.l_partkey", "lineitem.l_suppkey", "lineitem.l_linenumber", "lineitem.l_quantity", "lineitem.l_extendedprice", "lineitem.l_discount", "lineitem.l_tax", "lineitem.l_returnflag", "lineitem.l_linestatus", "lineitem.l_shipdate", "lineitem.l_commitdate", "lineitem.l_receiptdate", "lineitem.l_shipinstruct", "lineitem.l_shipmode", "lineitem.l_comment"], "Filter": "(lineitem.l_returnflag = 'R'::bpchar)", "Rows Removed by Filter": 2260108}, {"Node Type": "Hash", "Parent Relationship": "Inner", "Parallel Aware": false, "Startup Cost": 24300.0, "Total Cost": 24300.0, "Plan Rows": 28314, "Plan Width": 8, "Actual Startup Time": 1586.803, "Actual Total Time": 1586.803, "Actual Rows": 28777, "Actual Loops": 1, "Output": ["orders.o_custkey", "orders.o_orderkey"], "Hash Buckets": 32768, "Original Hash Buckets": 32768, "Hash Batches": 1, "Original Hash Batches": 1, "Peak Memory Usage": 1381, "Plans": [{"Node Type": "Seq Scan", "Parent Relationship": "Outer", "Parallel Aware": false, "Relation Name": "orders", "Schema": "public", "Alias": "orders", "Startup Cost": 0.0, "Total Cost": 24300.0, "Plan Rows": 28314, "Plan Width": 8, "Actual Startup Time": 0.004, "Actual Total Time": 1511.473, "Actual Rows": 28777, "Actual Loops": 1, "Output": ["orders.o_custkey", "orders.o_orderkey"], "Filter": "((orders.o_orderdate >= '1994-10-05'::date) AND (orders.o_orderdate < '1995-01-05 00:00:00'::timestamp without time zone))", "Rows Removed by Filter": 721223}]}]}]}]}]}]}]}, "Planning Time": 17.293, "Triggers": [], "Execution Time": 9856.259}]
q6#####[{"Plan": {"Node Type": "Sort", "Parallel Aware": false, "Startup Cost": 125323.45, "Total Cost": 125323.72, "Plan Rows": 106, "Plan Width": 61, "Actual Startup Time": 7358.871, "Actual Total Time": 7359.432, "Actual Rows": 5, "Actual Loops": 1, "Output": ["nation.n_name", "(sum((lineitem.l_extendedprice * ('1'::numeric - lineitem.l_discount))))"], "Sort Key": ["(sum((lineitem.l_extendedprice * ('1'::numeric - lineitem.l_discount)))) DESC"], "Sort Method": "quicksort", "Sort Space Used": 25, "Sort Space Type": "Memory", "Plans": [{"Node Type": "Aggregate", "Strategy": "Sorted", "Partial Mode": "Simple", "Parent Relationship": "Outer", "Parallel Aware": false, "Startup Cost": 125317.24, "Total Cost": 125319.89, "Plan Rows": 106, "Plan Width": 61, "Actual Startup Time": 7353.89, "Actual Total Time": 7359.373, "Actual Rows": 5, "Actual Loops": 1, "Output": ["nation.n_name", "sum((lineitem.l_extendedprice * ('1'::numeric - lineitem.l_discount)))"], "Group Key": ["nation.n_name"], "Plans": [{"Node Type": "Sort", "Parent Relationship": "Outer", "Parallel Aware": false, "Startup Cost": 125317.24, "Total Cost": 125317.5, "Plan Rows": 106, "Plan Width": 41, "Actual Startup Time": 7353.645, "Actual Total Time": 7358.296, "Actual Rows": 3648, "Actual Loops": 1, "Output": ["nation.n_name", "lineitem.l_extendedprice", "lineitem.l_discount"], "Sort Key": ["nation.n_name"], "Sort Method": "quicksort", "Sort Space Used": 381, "Sort Space Type": "Memory", "Plans": [{"Node Type": "Hash Join", "Parent Relationship": "Outer", "Parallel Aware": false, "Join Type": "Inner", "Startup Cost": 27785.82, "Total Cost": 125313.67, "Plan Rows": 106, "Plan Width": 41, "Actual Startup Time": 898.836, "Actual Total Time": 7340.988, "Actual Rows": 3648, "Actual Loops": 1, "Output": ["nation.n_name", "lineitem.l_extendedprice", "lineitem.l_discount"], "Inner Unique": false, "Hash Cond": "((lineitem.l_suppkey = supplier.s_suppkey) AND (customer.c_nationkey = supplier.s_nationkey))", "Plans": [{"Node Type": "Hash Join", "Parent Relationship": "Outer", "Parallel Aware": false, "Join Type": "Inner", "Startup Cost": 27549.82, "Total Cost": 125056.76, "Plan Rows": 2647, "Plan Width": 53, "Actual Startup Time": 876.943, "Actual Total Time": 7282.273, "Actual Rows": 92470, "Actual Loops": 1, "Output": ["customer.c_nationkey", "lineitem.l_extendedprice", "lineitem.l_discount", "lineitem.l_suppkey", "nation.n_name", "nation.n_nationkey"], "Inner Unique": false, "Hash Cond": "(lineitem.l_orderkey = orders.o_orderkey)", "Plans": [{"Node Type": "Seq Scan", "Parent Relationship": "Outer", "Parallel Aware": false, "Relation Name": "lineitem", "Schema": "public", "Alias": "lineitem", "Startup Cost": 0.0, "Total Cost": 86231.15, "Plan Rows": 2999815, "Plan Width": 20, "Actual Startup Time": 2.877, "Actual Total Time": 5502.085, "Actual Rows": 2999671, "Actual Loops": 1, "Output": ["lineitem.l_orderkey", "lineitem.l_partkey", "lineitem.l_suppkey", "lineitem.l_linenumber", "lineitem.l_quantity", "lineitem.l_extendedprice", "lineitem.l_discount", "lineitem.l_tax", "lineitem.l_returnflag", "lineitem.l_linestatus", "lineitem.l_shipdate", "lineitem.l_commitdate", "lineitem.l_receiptdate", "lineitem.l_shipinstruct", "lineitem.l_shipmode", "lineitem.l_comment"]}, {"Node Type": "Hash", "Parent Relationship": "Inner", "Parallel Aware": false, "Startup Cost": 27541.55, "Total Cost": 27541.55, "Plan Rows": 662, "Plan Width": 41, "Actual Startup Time": 873.817, "Actual Total Time": 874.361, "Actual Rows": 22974, "Actual Loops": 1, "Output": ["customer.c_nationkey", "orders.o_orderkey", "nation.n_name", "nation.n_nationkey"], "Hash Buckets": 32768, "Original Hash Buckets": 1024, "Hash Batches": 1, "Original Hash Batches": 1, "Peak Memory Usage": 1459, "Plans": [{"Node Type": "Hash Join", "Parent Relationship": "Outer", "Parallel Aware": false, "Join Type": "Inner", "Startup Cost": 2804.78, "Total Cost": 27541.55, "Plan Rows": 662, "Plan Width": 41, "Actual Startup Time": 230.93, "Actual Total Time": 866.321, "Actual Rows": 22974, "Actual Loops": 1, "Output": ["customer.c_nationkey", "orders.o_orderkey", "nation.n_name", "nation.n_nationkey"], "Inner Unique": false, "Hash Cond": "(orders.o_custkey = customer.c_custkey)", "Plans": [{"Node Type": "Seq Scan", "Parent Relationship": "Outer", "Parallel Aware": false, "Relation Name": "orders", "Schema": "public", "Alias": "orders", "Startup Cost": 0.0, "Total Cost": 24300.0, "Plan Rows": 114706, "Plan Width": 8, "Actual Startup Time": 0.303, "Actual Total Time": 594.237, "Actual Rows": 114174, "Actual Loops": 1, "Output": ["orders.o_orderkey", "orders.o_custkey", "orders.o_orderstatus", "orders.o_totalprice", "orders.o_orderdate", "orders.o_orderpriority", "orders.o_clerk", "orders.o_shippriority", "orders.o_comment"], "Filter": "((orders.o_orderdate >= '1996-01-10'::date) AND (orders.o_orderdate < '1997-01-10 00:00:00'::timestamp without time zone))", "Rows Removed by Filter": 635826}, {"Node Type": "Hash", "Parent Relationship": "Inner", "Parallel Aware": false, "Startup Cost": 2799.37, "Total Cost": 2799.37, "Plan Rows": 433, "Plan Width": 41, "Actual Startup Time": 230.616, "Actual Total Time": 231.138, "Actual Rows": 14993, "Actual Loops": 1, "Output": ["customer.c_custkey", "customer.c_nationkey", "nation.n_name", "nation.n_nationkey"], "Hash Buckets": 16384, "Original Hash Buckets": 1024, "Hash Batches": 1, "Original Hash Batches": 1, "Peak Memory Usage": 913, "Plans": [{"Node Type": "Hash Join", "Parent Relationship": "Outer", "Parallel Aware": false, "Join Type": "Inner", "Startup Cost": 38.01, "Total Cost": 2799.37, "Plan Rows": 433, "Plan Width": 41, "Actual Startup Time": 10.543, "Actual Total Time": 228.552, "Actual Rows": 14993, "Actual Loops": 1, "Output": ["customer.c_custkey", "customer.c_nationkey", "nation.n_name", "nation.n_nationkey"], "Inner Unique": true, "Hash Cond": "(nation.n_regionkey = region.r_regionkey)", "Plans": [{"Node Type": "Hash Join", "Parent Relationship": "Outer", "Parallel Aware": false, "Join Type": "Inner", "Startup Cost": 21.48, "Total Cost": 2762.99, "Plan Rows": 7500, "Plan Width": 45, "Actual Startup Time": 0.097, "Actual Total Time": 213.585, "Actual Rows": 75000, "Actual Loops": 1, "Output": ["customer.c_custkey", "customer.c_nationkey", "nation.n_name", "nation.n_nationkey", "nation.n_regionkey"], "Inner Unique": true, "Hash Cond": "(customer.c_nationkey = nation.n_nationkey)", "Plans": [{"Node Type": "Seq Scan", "Parent Relationship": "Outer", "Parallel Aware": false, "Relation Name": "customer", "Schema": "public", "Alias": "customer", "Startup Cost": 0.0, "Total Cost": 2543.0, "Plan Rows": 75000, "Plan Width": 8, "Actual Startup Time": 0.059, "Actual Total Time": 25.818, "Actual Rows": 75000, "Actual Loops": 1, "Output": ["customer.c_custkey", "customer.c_name", "customer.c_address", "customer.c_nationkey", "customer.c_phone", "customer.c_acctbal", "customer.c_mktsegment", "customer.c_comment"]}, {"Node Type": "Hash", "Parent Relationship": "Inner", "Parallel Aware": false, "Startup Cost": 15.1, "Total Cost": 15.1, "Plan Rows": 510, "Plan Width": 37, "Actual Startup Time": 0.02, "Actual Total Time": 0.03, "Actual Rows": 25, "Actual Loops": 1, "Output": ["nation.n_name", "nation.n_nationkey", "nation.n_regionkey"], "Hash Buckets": 1024, "Original Hash Buckets": 1024, "Hash Batches": 1, "Original Hash Batches": 1, "Peak Memory Usage": 10, "Plans": [{"Node Type": "Seq Scan", "Parent Relationship": "Outer", "Parallel Aware": false, "Relation Name": "nation", "Schema": "public", "Alias": "nation", "Startup Cost": 0.0, "Total Cost": 15.1, "Plan Rows": 510, "Plan Width": 37, "Actual Startup Time": 0.014, "Actual Total Time": 0.018, "Actual Rows": 25, "Actual Loops": 1, "Output": ["nation.n_name", "nation.n_nationkey", "nation.n_regionkey"]}]}]}, {"Node Type": "Hash", "Parent Relationship": "Inner", "Parallel Aware": false, "Startup Cost": 16.5, "Total Cost": 16.5, "Plan Rows": 3, "Plan Width": 4, "Actual Startup Time": 10.433, "Actual Total Time": 10.443, "Actual Rows": 1, "Actual Loops": 1, "Output": ["region.r_regionkey"], "Hash Buckets": 1024, "Original Hash Buckets": 1024, "Hash Batches": 1, "Original Hash Batches": 1, "Peak Memory Usage": 9, "Plans": [{"Node Type": "Seq Scan", "Parent Relationship": "Outer", "Parallel Aware": false, "Relation Name": "region", "Schema": "public", "Alias": "region", "Startup Cost": 0.0, "Total Cost": 16.5, "Plan Rows": 3, "Plan Width": 4, "Actual Startup Time": 10.42, "Actual Total Time": 10.423, "Actual Rows": 1, "Actual Loops": 1, "Output": ["region.r_regionkey"], "Filter": "((region.r_name)::text = 'EUROPE'::text)", "Rows Removed by Filter": 4}]}]}]}]}]}]}, {"Node Type": "Hash", "Parent Relationship": "Inner", "Parallel Aware": false, "Startup Cost": 161.0, "Total Cost": 161.0, "Plan Rows": 5000, "Plan Width": 8, "Actual Startup Time": 21.63, "Actual Total Time": 21.63, "Actual Rows": 5000, "Actual Loops": 1, "Output": ["supplier.s_suppkey", "supplier.s_nationkey"], "Hash Buckets": 8192, "Original Hash Buckets": 8192, "Hash Batches": 1, "Original Hash Batches": 1, "Peak Memory Usage": 260, "Plans": [{"Node Type": "Seq Scan", "Parent Relationship": "Outer", "Parallel Aware": false, "Relation Name": "supplier", "Schema": "public", "Alias": "supplier", "Startup Cost": 0.0, "Total Cost": 161.0, "Plan Rows": 5000, "Plan Width": 8, "Actual Startup Time": 0.009, "Actual Total Time": 21.111, "Actual Rows": 5000, "Actual Loops": 1, "Output": ["supplier.s_suppkey", "supplier.s_nationkey"]}]}]}]}]}]}, "Planning Time": 2.889, "Triggers": [], "Execution Time": 7360.698}]
q7#####[{"Plan": {"Node Type": "Aggregate", "Strategy": "Sorted", "Partial Mode": "Simple", "Parallel Aware": false, "Startup Cost": 26293.93, "Total Cost": 26294.25, "Plan Rows": 9, "Plan Width": 98, "Actual Startup Time": 850.15, "Actual Total Time": 850.569, "Actual Rows": 4, "Actual Loops": 1, "Output": ["n1.n_name", "n2.n_name", "(date_part('year'::text, (lineitem.l_shipdate)::timestamp without time zone))", "sum((lineitem.l_extendedprice * ('1'::numeric - lineitem.l_discount)))"], "Group Key": ["n1.n_name", "n2.n_name", "(date_part('year'::text, (lineitem.l_shipdate)::timestamp without time zone))"], "Plans": [{"Node Type": "Sort", "Parent Relationship": "Outer", "Parallel Aware": false, "Startup Cost": 26293.93, "Total Cost": 26293.95, "Plan Rows": 9, "Plan Width": 78, "Actual Startup Time": 849.993, "Actual Total Time": 850.113, "Actual Rows": 597, "Actual Loops": 1, "Output": ["n1.n_name", "n2.n_name", "(date_part('year'::text, (lineitem.l_shipdate)::timestamp without time zone))", "lineitem.l_extendedprice", "lineitem.l_discount"], "Sort Key": ["n1.n_name", "n2.n_name", "(date_part('year'::text, (lineitem.l_shipdate)::timestamp without time zone))"], "Sort Method": "quicksort", "Sort Space Used": 71, "Sort Space Type": "Memory", "Plans": [{"Node Type": "Hash Join", "Parent Relationship": "Outer", "Parallel Aware": false, "Join Type": "Inner", "Startup Cost": 5327.32, "Total Cost": 26293.79, "Plan Rows": 9, "Plan Width": 78, "Actual Startup Time": 455.792, "Actual Total Time": 849.322, "Actual Rows": 597, "Actual Loops": 1, "Output": ["n1.n_name", "n2.n_name", "date_part('year'::text, (lineitem.l_shipdate)::timestamp without time zone)", "lineitem.l_extendedprice", "lineitem.l_discount"], "Inner Unique": false, "Hash Cond": "(lineitem.l_suppkey = supplier.s_suppkey)", "Join Filter": "((((n1.n_name)::text = 'EGYPT'::text) AND ((n2.n_name)::text = 'ALGERIA'::text)) OR (((n1.n_name)::text = 'ALGERIA'::text) AND ((n2.n_name)::text = 'EGYPT'::text)))", "Rows Removed by Join Filter": 565, "Plans": [{"Node Type": "Hash Join", "Parent Relationship": "Outer", "Parallel Aware": false, "Join Type": "Inner", "Startup Cost": 5273.84, "Total Cost": 26233.09, "Plan Rows": 1815, "Plan Width": 49, "Actual Startup Time": 436.809, "Actual Total Time": 835.325, "Actual Rows": 14854, "Actual Loops": 1, "Output": ["lineitem.l_shipdate", "lineitem.l_extendedprice", "lineitem.l_discount", "lineitem.l_suppkey", "n2.n_name"], "Inner Unique": false, "Hash Cond": "(lineitem.l_orderkey = orders.o_orderkey)", "Plans": [{"Node Type": "Seq Scan", "Parent Relationship": "Outer", "Parallel Aware": false, "Relation Name": "lineitem", "Schema": "public", "Alias": "lineitem", "Startup Cost": 0.0, "Total Cost": 20247.0, "Plan Rows": 185095, "Plan Width": 24, "Actual Startup Time": 1.719, "Actual Total Time": 375.508, "Actual Rows": 182585, "Actual Loops": 1, "Output": ["lineitem.l_orderkey", "lineitem.l_partkey", "lineitem.l_suppkey", "lineitem.l_linenumber", "lineitem.l_quantity", "lineitem.l_extendedprice", "lineitem.l_discount", "lineitem.l_tax", "lineitem.l_returnflag", "lineitem.l_linestatus", "lineitem.l_shipdate", "lineitem.l_commitdate", "lineitem.l_receiptdate", "lineitem.l_shipinstruct", "lineitem.l_shipmode", "lineitem.l_comment"], "Filter": "((lineitem.l_shipdate >= '1995-01-01'::date) AND (lineitem.l_shipdate <= '1996-12-31'::date))", "Rows Removed by Filter": 417415}, {"Node Type": "Hash", "Parent Relationship": "Inner", "Parallel Aware": false, "Startup Cost": 5255.45, "Total Cost": 5255.45, "Plan Rows": 1471, "Plan Width": 33, "Actual Startup Time": 434.767, "Actual Total Time": 434.805, "Actual Rows": 12082, "Actual Loops": 1, "Output": ["orders.o_orderkey", "n2.n_name"], "Hash Buckets": 16384, "Original Hash Buckets": 2048, "Hash Batches": 1, "Original Hash Batches": 1, "Peak Memory Usage": 635, "Plans": [{"Node Type": "Hash Join", "Parent Relationship": "Outer", "Parallel Aware": false, "Join Type": "Inner", "Startup Cost": 568.25, "Total Cost": 5255.45, "Plan Rows": 1471, "Plan Width": 33, "Actual Startup Time": 78.638, "Actual Total Time": 430.434, "Actual Rows": 12082, "Actual Loops": 1, "Output": ["orders.o_orderkey", "n2.n_name"], "Inner Unique": false, "Hash Cond": "(orders.o_custkey = customer.c_custkey)", "Plans": [{"Node Type": "Seq Scan", "Parent Relationship": "Outer", "Parallel Aware": false, "Relation Name": "orders", "Schema": "public", "Alias": "orders", "Startup Cost": 0.0, "Total Cost": 4110.0, "Plan Rows": 150000, "Plan Width": 8, "Actual Startup Time": 0.484, "Actual Total Time": 337.355, "Actual Rows": 150000, "Actual Loops": 1, "Output": ["orders.o_orderkey", "orders.o_custkey", "orders.o_orderstatus", "orders.o_totalprice", "orders.o_orderdate", "orders.o_orderpriority", "orders.o_clerk", "orders.o_shippriority", "orders.o_comment"]}, {"Node Type": "Hash", "Parent Relationship": "Inner", "Parallel Aware": false, "Startup Cost": 566.41, "Total Cost": 566.41, "Plan Rows": 147, "Plan Width": 33, "Actual Startup Time": 77.655, "Actual Total Time": 77.676, "Actual Rows": 1226, "Actual Loops": 1, "Output": ["customer.c_custkey", "n2.n_name"], "Hash Buckets": 2048, "Original Hash Buckets": 1024, "Hash Batches": 1, "Original Hash Batches": 1, "Peak Memory Usage": 68, "Plans": [{"Node Type": "Hash Join", "Parent Relationship": "Outer", "Parallel Aware": false, "Join Type": "Inner", "Startup Cost": 17.71, "Total Cost": 566.41, "Plan Rows": 147, "Plan Width": 33, "Actual Startup Time": 0.222, "Actual Total Time": 77.035, "Actual Rows": 1226, "Actual Loops": 1, "Output": ["customer.c_custkey", "n2.n_name"], "Inner Unique": true, "Hash Cond": "(customer.c_nationkey = n2.n_nationkey)", "Plans": [{"Node Type": "Seq Scan", "Parent Relationship": "Outer", "Parallel Aware": false, "Relation Name": "customer", "Schema": "public", "Alias": "customer", "Startup Cost": 0.0, "Total Cost": 509.0, "Plan Rows": 15000, "Plan Width": 8, "Actual Startup Time": 0.003, "Actual Total Time": 74.34, "Actual Rows": 15000, "Actual Loops": 1, "Output": ["customer.c_custkey", "customer.c_name", "customer.c_address", "customer.c_nationkey", "customer.c_phone", "customer.c_acctbal", "customer.c_mktsegment", "customer.c_comment"]}, {"Node Type": "Hash", "Parent Relationship": "Inner", "Parallel Aware": false, "Startup Cost": 17.65, "Total Cost": 17.65, "Plan Rows": 5, "Plan Width": 33, "Actual Startup Time": 0.022, "Actual Total Time": 0.026, "Actual Rows": 2, "Actual Loops": 1, "Output": ["n2.n_name", "n2.n_nationkey"], "Hash Buckets": 1024, "Original Hash Buckets": 1024, "Hash Batches": 1, "Original Hash Batches": 1, "Peak Memory Usage": 9, "Plans": [{"Node Type": "Seq Scan", "Parent Relationship": "Outer", "Parallel Aware": false, "Relation Name": "nation", "Schema": "public", "Alias": "n2", "Startup Cost": 0.0, "Total Cost": 17.65, "Plan Rows": 5, "Plan Width": 33, "Actual Startup Time": 0.004, "Actual Total Time": 0.006, "Actual Rows": 2, "Actual Loops": 1, "Output": ["n2.n_name", "n2.n_nationkey"], "Filter": "(((n2.n_name)::text = 'ALGERIA'::text) OR ((n2.n_name)::text = 'EGYPT'::text))", "Rows Removed by Filter": 23}]}]}]}]}]}]}, {"Node Type": "Hash", "Parent Relationship": "Inner", "Parallel Aware": false, "Startup Cost": 53.36, "Total Cost": 53.36, "Plan Rows": 10, "Plan Width": 33, "Actual Startup Time": 11.701, "Actual Total Time": 11.71, "Actual Rows": 76, "Actual Loops": 1, "Output": ["supplier.s_suppkey", "n1.n_name"], "Hash Buckets": 1024, "Original Hash Buckets": 1024, "Hash Batches": 1, "Original Hash Batches": 1, "Peak Memory Usage": 12, "Plans": [{"Node Type": "Hash Join", "Parent Relationship": "Outer", "Parallel Aware": false, "Join Type": "Inner", "Startup Cost": 17.71, "Total Cost": 53.36, "Plan Rows": 10, "Plan Width": 33, "Actual Startup Time": 3.65, "Actual Total Time": 11.628, "Actual Rows": 76, "Actual Loops": 1, "Output": ["supplier.s_suppkey", "n1.n_name"], "Inner Unique": true, "Hash Cond": "(supplier.s_nationkey = n1.n_nationkey)", "Plans": [{"Node Type": "Seq Scan", "Parent Relationship": "Outer", "Parallel Aware": false, "Relation Name": "supplier", "Schema": "public", "Alias": "supplier", "Startup Cost": 0.0, "Total Cost": 33.0, "Plan Rows": 1000, "Plan Width": 8, "Actual Startup Time": 1.273, "Actual Total Time": 9.062, "Actual Rows": 1000, "Actual Loops": 1, "Output": ["supplier.s_suppkey", "supplier.s_name", "supplier.s_address", "supplier.s_nationkey", "supplier.s_phone", "supplier.s_acctbal", "supplier.s_comment"]}, {"Node Type": "Hash", "Parent Relationship": "Inner", "Parallel Aware": false, "Startup Cost": 17.65, "Total Cost": 17.65, "Plan Rows": 5, "Plan Width": 33, "Actual Startup Time": 2.361, "Actual Total Time": 2.365, "Actual Rows": 2, "Actual Loops": 1, "Output": ["n1.n_name", "n1.n_nationkey"], "Hash Buckets": 1024, "Original Hash Buckets": 1024, "Hash Batches": 1, "Original Hash Batches": 1, "Peak Memory Usage": 9, "Plans": [{"Node Type": "Seq Scan", "Parent Relationship": "Outer", "Parallel Aware": false, "Relation Name": "nation", "Schema": "public", "Alias": "n1", "Startup Cost": 0.0, "Total Cost": 17.65, "Plan Rows": 5, "Plan Width": 33, "Actual Startup Time": 2.356, "Actual Total Time": 2.358, "Actual Rows": 2, "Actual Loops": 1, "Output": ["n1.n_name", "n1.n_nationkey"], "Filter": "(((n1.n_name)::text = 'EGYPT'::text) OR ((n1.n_name)::text = 'ALGERIA'::text))", "Rows Removed by Filter": 23}]}]}]}]}]}]}, "Planning Time": 2.614, "Triggers": [], "Execution Time": 850.717}]
q8#####[{"Plan": {"Node Type": "Sort", "Parallel Aware": false, "Startup Cost": 125303.41, "Total Cost": 125303.66, "Plan Rows": 102, "Plan Width": 61, "Actual Startup Time": 3059.294, "Actual Total Time": 3059.586, "Actual Rows": 5, "Actual Loops": 1, "Output": ["nation.n_name", "(sum((lineitem.l_extendedprice * ('1'::numeric - lineitem.l_discount))))"], "Sort Key": ["(sum((lineitem.l_extendedprice * ('1'::numeric - lineitem.l_discount)))) DESC"], "Sort Method": "quicksort", "Sort Space Used": 25, "Sort Space Type": "Memory", "Plans": [{"Node Type": "Aggregate", "Strategy": "Sorted", "Partial Mode": "Simple", "Parent Relationship": "Outer", "Parallel Aware": false, "Startup Cost": 125297.45, "Total Cost": 125300.0, "Plan Rows": 102, "Plan Width": 61, "Actual Startup Time": 3058.305, "Actual Total Time": 3059.36, "Actual Rows": 5, "Actual Loops": 1, "Output": ["nation.n_name", "sum((lineitem.l_extendedprice * ('1'::numeric - lineitem.l_discount)))"], "Group Key": ["nation.n_name"], "Plans": [{"Node Type": "Sort", "Parent Relationship": "Outer", "Parallel Aware": false, "Startup Cost": 125297.45, "Total Cost": 125297.71, "Plan Rows": 102, "Plan Width": 41, "Actual Startup Time": 3057.932, "Actual Total Time": 3058.496, "Actual Rows": 3717, "Actual Loops": 1, "Output": ["nation.n_name", "lineitem.l_extendedprice", "lineitem.l_discount"], "Sort Key": ["nation.n_name"], "Sort Method": "quicksort", "Sort Space Used": 385, "Sort Space Type": "Memory", "Plans": [{"Node Type": "Hash Join", "Parent Relationship": "Outer", "Parallel Aware": false, "Join Type": "Inner", "Startup Cost": 27768.11, "Total Cost": 125294.05, "Plan Rows": 102, "Plan Width": 41, "Actual Startup Time": 317.464, "Actual Total Time": 3046.568, "Actual Rows": 3717, "Actual Loops": 1, "Output": ["nation.n_name", "lineitem.l_extendedprice", "lineitem.l_discount"], "Inner Unique": false, "Hash Cond": "((lineitem.l_suppkey = supplier.s_suppkey) AND (customer.c_nationkey = supplier.s_nationkey))", "Plans": [{"Node Type": "Hash Join", "Parent Relationship": "Outer", "Parallel Aware": false, "Join Type": "Inner", "Startup Cost": 27532.11, "Total Cost": 125037.96, "Plan Rows": 2542, "Plan Width": 53, "Actual Startup Time": 308.169, "Actual Total Time": 2996.863, "Actual Rows": 91992, "Actual Loops": 1, "Output": ["customer.c_nationkey", "lineitem.l_extendedprice", "lineitem.l_discount", "lineitem.l_suppkey", "nation.n_name", "nation.n_nationkey"], "Inner Unique": false, "Hash Cond": "(lineitem.l_orderkey = orders.o_orderkey)", "Plans": [{"Node Type": "Seq Scan", "Parent Relationship": "Outer", "Parallel Aware": false, "Relation Name": "lineitem", "Schema": "public", "Alias": "lineitem", "Startup Cost": 0.0, "Total Cost": 86231.15, "Plan Rows": 2999815, "Plan Width": 20, "Actual Startup Time": 0.034, "Actual Total Time": 2190.55, "Actual Rows": 2999671, "Actual Loops": 1, "Output": ["lineitem.l_orderkey", "lineitem.l_partkey", "lineitem.l_suppkey", "lineitem.l_linenumber", "lineitem.l_quantity", "lineitem.l_extendedprice", "lineitem.l_discount", "lineitem.l_tax", "lineitem.l_returnflag", "lineitem.l_linestatus", "lineitem.l_shipdate", "lineitem.l_commitdate", "lineitem.l_receiptdate", "lineitem.l_shipinstruct", "lineitem.l_shipmode", "lineitem.l_comment"]}, {"Node Type": "Hash", "Parent Relationship": "Inner", "Parallel Aware": false, "Startup Cost": 27524.17, "Total Cost": 27524.17, "Plan Rows": 635, "Plan Width": 41, "Actual Startup Time": 306.054, "Actual Total Time": 306.326, "Actual Rows": 22993, "Actual Loops": 1, "Output": ["customer.c_nationkey", "orders.o_orderkey", "nation.n_name", "nation.n_nationkey"], "Hash Buckets": 32768, "Original Hash Buckets": 1024, "Hash Batches": 1, "Original Hash Batches": 1, "Peak Memory Usage": 1442, "Plans": [{"Node Type": "Hash Join", "Parent Relationship": "Outer", "Parallel Aware": false, "Join Type": "Inner", "Startup Cost": 2804.78, "Total Cost": 27524.17, "Plan Rows": 635, "Plan Width": 41, "Actual Startup Time": 65.989, "Actual Total Time": 284.248, "Actual Rows": 22993, "Actual Loops": 1, "Output": ["customer.c_nationkey", "orders.o_orderkey", "nation.n_name", "nation.n_nationkey"], "Inner Unique": false, "Hash Cond": "(orders.o_custkey = customer.c_custkey)", "Plans": [{"Node Type": "Seq Scan", "Parent Relationship": "Outer", "Parallel Aware": false, "Relation Name": "orders", "Schema": "public", "Alias": "orders", "Startup Cost": 0.0, "Total Cost": 24300.0, "Plan Rows": 110142, "Plan Width": 8, "Actual Startup Time": 0.032, "Actual Total Time": 186.612, "Actual Rows": 114234, "Actual Loops": 1, "Output": ["orders.o_orderkey", "orders.o_custkey", "orders.o_orderstatus", "orders.o_totalprice", "orders.o_orderdate", "orders.o_orderpriority", "orders.o_clerk", "orders.o_shippriority", "orders.o_comment"], "Filter": "((orders.o_orderdate >= '1995-01-01'::date) AND (orders.o_orderdate < '1996-01-01 00:00:00'::timestamp without time zone))", "Rows Removed by Filter": 635766}, {"Node Type": "Hash", "Parent Relationship": "Inner", "Parallel Aware": false, "Startup Cost": 2799.37, "Total Cost": 2799.37, "Plan Rows": 433, "Plan Width": 41, "Actual Startup Time": 65.938, "Actual Total Time": 66.183, "Actual Rows": 15053, "Actual Loops": 1, "Output": ["customer.c_custkey", "customer.c_nationkey", "nation.n_name", "nation.n_nationkey"], "Hash Buckets": 16384, "Original Hash Buckets": 1024, "Hash Batches": 1, "Original Hash Batches": 1, "Peak Memory Usage": 905, "Plans": [{"Node Type": "Hash Join", "Parent Relationship": "Outer", "Parallel Aware": false, "Join Type": "Inner", "Startup Cost": 38.01, "Total Cost": 2799.37, "Plan Rows": 433, "Plan Width": 41, "Actual Startup Time": 0.105, "Actual Total Time": 62.633, "Actual Rows": 15053, "Actual Loops": 1, "Output": ["customer.c_custkey", "customer.c_nationkey", "nation.n_name", "nation.n_nationkey"], "Inner Unique": true, "Hash Cond": "(nation.n_regionkey = region.r_regionkey)", "Plans": [{"Node Type": "Hash Join", "Parent Relationship": "Outer", "Parallel Aware": false, "Join Type": "Inner", "Startup Cost": 21.48, "Total Cost": 2762.99, "Plan Rows": 7500, "Plan Width": 45, "Actual Startup Time": 0.046, "Actual Total Time": 51.904, "Actual Rows": 75000, "Actual Loops": 1, "Output": ["customer.c_custkey", "customer.c_nationkey", "nation.n_name", "nation.n_nationkey", "nation.n_regionkey"], "Inner Unique": true, "Hash Cond": "(customer.c_nationkey = nation.n_nationkey)", "Plans": [{"Node Type": "Seq Scan", "Parent Relationship": "Outer", "Parallel Aware": false, "Relation Name": "customer", "Schema": "public", "Alias": "customer", "Startup Cost": 0.0, "Total Cost": 2543.0, "Plan Rows": 75000, "Plan Width": 8, "Actual Startup Time": 0.012, "Actual Total Time": 7.581, "Actual Rows": 75000, "Actual Loops": 1, "Output": ["customer.c_custkey", "customer.c_name", "customer.c_address", "customer.c_nationkey", "customer.c_phone", "customer.c_acctbal", "customer.c_mktsegment", "customer.c_comment"]}, {"Node Type": "Hash", "Parent Relationship": "Inner", "Parallel Aware": false, "Startup Cost": 15.1, "Total Cost": 15.1, "Plan Rows": 510, "Plan Width": 37, "Actual Startup Time": 0.015, "Actual Total Time": 0.031, "Actual Rows": 25, "Actual Loops": 1, "Output": ["nation.n_name", "nation.n_nationkey", "nation.n_regionkey"], "Hash Buckets": 1024, "Original Hash Buckets": 1024, "Hash Batches": 1, "Original Hash Batches": 1, "Peak Memory Usage": 10, "Plans": [{"Node Type": "Seq Scan", "Parent Relationship": "Outer", "Parallel Aware": false, "Relation Name": "nation", "Schema": "public", "Alias": "nation", "Startup Cost": 0.0, "Total Cost": 15.1, "Plan Rows": 510, "Plan Width": 37, "Actual Startup Time": 0.006, "Actual Total Time": 0.012, "Actual Rows": 25, "Actual Loops": 1, "Output": ["nation.n_name", "nation.n_nationkey", "nation.n_regionkey"]}]}]}, {"Node Type": "Hash", "Parent Relationship": "Inner", "Parallel Aware": false, "Startup Cost": 16.5, "Total Cost": 16.5, "Plan Rows": 3, "Plan Width": 4, "Actual Startup Time": 0.032, "Actual Total Time": 0.048, "Actual Rows": 1, "Actual Loops": 1, "Output": ["region.r_regionkey"], "Hash Buckets": 1024, "Original Hash Buckets": 1024, "Hash Batches": 1, "Original Hash Batches": 1, "Peak Memory Usage": 9, "Plans": [{"Node Type": "Seq Scan", "Parent Relationship": "Outer", "Parallel Aware": false, "Relation Name": "region", "Schema": "public", "Alias": "region", "Startup Cost": 0.0, "Total Cost": 16.5, "Plan Rows": 3, "Plan Width": 4, "Actual Startup Time": 0.028, "Actual Total Time": 0.033, "Actual Rows": 1, "Actual Loops": 1, "Output": ["region.r_regionkey"], "Filter": "((region.r_name)::text = 'ASIA'::text)", "Rows Removed by Filter": 4}]}]}]}]}]}]}, {"Node Type": "Hash", "Parent Relationship": "Inner", "Parallel Aware": false, "Startup Cost": 161.0, "Total Cost": 161.0, "Plan Rows": 5000, "Plan Width": 8, "Actual Startup Time": 7.7, "Actual Total Time": 7.701, "Actual Rows": 5000, "Actual Loops": 1, "Output": ["supplier.s_suppkey", "supplier.s_nationkey"], "Hash Buckets": 8192, "Original Hash Buckets": 8192, "Hash Batches": 1, "Original Hash Batches": 1, "Peak Memory Usage": 260, "Plans": [{"Node Type": "Seq Scan", "Parent Relationship": "Outer", "Parallel Aware": false, "Relation Name": "supplier", "Schema": "public", "Alias": "supplier", "Startup Cost": 0.0, "Total Cost": 161.0, "Plan Rows": 5000, "Plan Width": 8, "Actual Startup Time": 0.011, "Actual Total Time": 6.787, "Actual Rows": 5000, "Actual Loops": 1, "Output": ["supplier.s_suppkey", "supplier.s_nationkey"]}]}]}]}]}]}, "Planning Time": 5.384, "Triggers": [], "Execution Time": 3060.187}]
q9#####[{"Plan": {"Node Type": "Aggregate", "Strategy": "Sorted", "Partial Mode": "Simple", "Parallel Aware": false, "Startup Cost": 129376.78, "Total Cost": 129378.58, "Plan Rows": 40, "Plan Width": 40, "Actual Startup Time": 2194.705, "Actual Total Time": 2195.138, "Actual Rows": 2, "Actual Loops": 1, "Output": ["(date_part('year'::text, (orders.o_orderdate)::timestamp without time zone))", "(sum(CASE WHEN ((n2.n_name)::text = 'MOZAMBIQUE'::text) THEN (lineitem.l_extendedprice * ('1'::numeric - lineitem.l_discount)) ELSE '0'::numeric END) / sum((lineitem.l_extendedprice * ('1'::numeric - lineitem.l_discount))))"], "Group Key": ["(date_part('year'::text, (orders.o_orderdate)::timestamp without time zone))"], "Plans": [{"Node Type": "Sort", "Parent Relationship": "Outer", "Parallel Aware": false, "Startup Cost": 129376.78, "Total Cost": 129376.88, "Plan Rows": 40, "Plan Width": 49, "Actual Startup Time": 2194.167, "Actual Total Time": 2194.411, "Actual Rows": 1297, "Actual Loops": 1, "Output": ["(date_part('year'::text, (orders.o_orderdate)::timestamp without time zone))", "n2.n_name", "lineitem.l_extendedprice", "lineitem.l_discount"], "Sort Key": ["(date_part('year'::text, (orders.o_orderdate)::timestamp without time zone))"], "Sort Method": "quicksort", "Sort Space Used": 150, "Sort Space Type": "Memory", "Plans": [{"Node Type": "Nested Loop", "Parent Relationship": "Outer", "Parallel Aware": false, "Join Type": "Inner", "Startup Cost": 31572.55, "Total Cost": 129375.72, "Plan Rows": 40, "Plan Width": 49, "Actual Startup Time": 770.91, "Actual Total Time": 2192.759, "Actual Rows": 1297, "Actual Loops": 1, "Output": ["date_part('year'::text, (orders.o_orderdate)::timestamp without time zone)", "n2.n_name", "lineitem.l_extendedprice", "lineitem.l_discount"], "Inner Unique": true, "Plans": [{"Node Type": "Hash Join", "Parent Relationship": "Outer", "Parallel Aware": false, "Join Type": "Inner", "Startup Cost": 31572.4, "Total Cost": 129368.53, "Plan Rows": 40, "Plan Width": 20, "Actual Startup Time": 770.782, "Actual Total Time": 2184.702, "Actual Rows": 1297, "Actual Loops": 1, "Output": ["lineitem.l_extendedprice", "lineitem.l_discount", "supplier.s_nationkey", "orders.o_orderdate"], "Inner Unique": false, "Hash Cond": "(lineitem.l_suppkey = supplier.s_suppkey)", "Plans": [{"Node Type": "Hash Join", "Parent Relationship": "Outer", "Parallel Aware": false, "Join Type": "Inner", "Startup Cost": 31348.9, "Total Cost": 129144.48, "Plan Rows": 40, "Plan Width": 20, "Actual Startup Time": 769.191, "Actual Total Time": 2181.458, "Actual Rows": 1297, "Actual Loops": 1, "Output": ["lineitem.l_extendedprice", "lineitem.l_discount", "lineitem.l_suppkey", "orders.o_orderdate"], "Inner Unique": false, "Hash Cond": "(lineitem.l_orderkey = orders.o_orderkey)", "Plans": [{"Node Type": "Hash Join", "Parent Relationship": "Outer", "Parallel Aware": false, "Join Type": "Inner", "Startup Cost": 3307.54, "Total Cost": 101016.88, "Plan Rows": 22889, "Plan Width": 20, "Actual Startup Time": 418.785, "Actual Total Time": 1813.032, "Actual Rows": 21434, "Actual Loops": 1, "Output": ["lineitem.l_extendedprice", "lineitem.l_discount", "lineitem.l_suppkey", "lineitem.l_orderkey"], "Inner Unique": false, "Hash Cond": "(lineitem.l_partkey = part.p_partkey)", "Plans": [{"Node Type": "Seq Scan", "Parent Relationship": "Outer", "Parallel Aware": false, "Relation Name": "lineitem", "Schema": "public", "Alias": "lineitem", "Startup Cost": 0.0, "Total Cost": 86231.15, "Plan Rows": 2999815, "Plan Width": 24, "Actual Startup Time": 0.009, "Actual Total Time": 1020.548, "Actual Rows": 2999671, "Actual Loops": 1, "Output": ["lineitem.l_orderkey", "lineitem.l_partkey", "lineitem.l_suppkey", "lineitem.l_linenumber", "lineitem.l_quantity", "lineitem.l_extendedprice", "lineitem.l_discount", "lineitem.l_tax", "lineitem.l_returnflag", "lineitem.l_linestatus", "lineitem.l_shipdate", "lineitem.l_commitdate", "lineitem.l_receiptdate", "lineitem.l_shipinstruct", "lineitem.l_shipmode", "lineitem.l_comment"]}, {"Node Type": "Hash", "Parent Relationship": "Inner", "Parallel Aware": false, "Startup Cost": 3298.0, "Total Cost": 3298.0, "Plan Rows": 763, "Plan Width": 4, "Actual Startup Time": 418.722, "Actual Total Time": 418.726, "Actual Rows": 721, "Actual Loops": 1, "Output": ["part.p_partkey"], "Hash Buckets": 1024, "Original Hash Buckets": 1024, "Hash Batches": 1, "Original Hash Batches": 1, "Peak Memory Usage": 34, "Plans": [{"Node Type": "Seq Scan", "Parent Relationship": "Outer", "Parallel Aware": false, "Relation Name": "part", "Schema": "public", "Alias": "part", "Startup Cost": 0.0, "Total Cost": 3298.0, "Plan Rows": 763, "Plan Width": 4, "Actual Startup Time": 0.01, "Actual Total Time": 417.736, "Actual Rows": 721, "Actual Loops": 1, "Output": ["part.p_partkey"], "Filter": "((part.p_type)::text = 'SMALL BRUSHED TIN'::text)", "Rows Removed by Filter": 99279}]}]}, {"Node Type": "Hash", "Parent Relationship": "Inner", "Parallel Aware": false, "Startup Cost": 28025.12, "Total Cost": 28025.12, "Plan Rows": 1300, "Plan Width": 8, "Actual Startup Time": 347.839, "Actual Total Time": 347.903, "Actual Rows": 45528, "Actual Loops": 1, "Output": ["orders.o_orderdate", "orders.o_orderkey"], "Hash Buckets": 65536, "Original Hash Buckets": 2048, "Hash Batches": 1, "Original Hash Batches": 1, "Peak Memory Usage": 2291, "Plans": [{"Node Type": "Hash Join", "Parent Relationship": "Outer", "Parallel Aware": false, "Join Type": "Inner", "Startup Cost": 2867.1, "Total Cost": 28025.12, "Plan Rows": 1300, "Plan Width": 8, "Actual Startup Time": 31.083, "Actual Total Time": 316.865, "Actual Rows": 45528, "Actual Loops": 1, "Output": ["orders.o_orderdate", "orders.o_orderkey"], "Inner Unique": false, "Hash Cond": "(orders.o_custkey = customer.c_custkey)", "Plans": [{"Node Type": "Seq Scan", "Parent Relationship": "Outer", "Parallel Aware": false, "Relation Name": "orders", "Schema": "public", "Alias": "orders", "Startup Cost": 0.0, "Total Cost": 24300.0, "Plan Rows": 225336, "Plan Width": 12, "Actual Startup Time": 0.041, "Actual Total Time": 232.761, "Actual Rows": 228641, "Actual Loops": 1, "Output": ["orders.o_orderkey", "orders.o_custkey", "orders.o_orderstatus", "orders.o_totalprice", "orders.o_orderdate", "orders.o_orderpriority", "orders.o_clerk", "orders.o_shippriority", "orders.o_comment"], "Filter": "((orders.o_orderdate >= '1995-01-01'::date) AND (orders.o_orderdate <= '1996-12-31'::date))", "Rows Removed by Filter": 521359}, {"Node Type": "Hash", "Parent Relationship": "Inner", "Parallel Aware": false, "Startup Cost": 2861.68, "Total Cost": 2861.68, "Plan Rows": 433, "Plan Width": 4, "Actual Startup Time": 30.95, "Actual Total Time": 30.99, "Actual Rows": 14960, "Actual Loops": 1, "Output": ["customer.c_custkey"], "Hash Buckets": 16384, "Original Hash Buckets": 1024, "Hash Batches": 1, "Original Hash Batches": 1, "Peak Memory Usage": 654, "Plans": [{"Node Type": "Hash Join", "Parent Relationship": "Outer", "Parallel Aware": false, "Join Type": "Inner", "Startup Cost": 33.02, "Total Cost": 2861.68, "Plan Rows": 433, "Plan Width": 4, "Actual Startup Time": 0.219, "Actual Total Time": 27.405, "Actual Rows": 14960, "Actual Loops": 1, "Output": ["customer.c_custkey"], "Inner Unique": false, "Hash Cond": "(customer.c_nationkey = n1.n_nationkey)", "Plans": [{"Node Type": "Seq Scan", "Parent Relationship": "Outer", "Parallel Aware": false, "Relation Name": "customer", "Schema": "public", "Alias": "customer", "Startup Cost": 0.0, "Total Cost": 2543.0, "Plan Rows": 75000, "Plan Width": 8, "Actual Startup Time": 0.019, "Actual Total Time": 12.791, "Actual Rows": 75000, "Actual Loops": 1, "Output": ["customer.c_custkey", "customer.c_name", "customer.c_address", "customer.c_nationkey", "customer.c_phone", "customer.c_acctbal", "customer.c_mktsegment", "customer.c_comment"]}, {"Node Type": "Hash", "Parent Relationship": "Inner", "Parallel Aware": false, "Startup Cost": 32.99, "Total Cost": 32.99, "Plan Rows": 3, "Plan Width": 4, "Actual Startup Time": 0.157, "Actual Total Time": 0.186, "Actual Rows": 5, "Actual Loops": 1, "Output": ["n1.n_nationkey"], "Hash Buckets": 1024, "Original Hash Buckets": 1024, "Hash Batches": 1, "Original Hash Batches": 1, "Peak Memory Usage": 9, "Plans": [{"Node Type": "Hash Join", "Parent Relationship": "Outer", "Parallel Aware": false, "Join Type": "Inner", "Startup Cost": 16.54, "Total Cost": 32.99, "Plan Rows": 3, "Plan Width": 4, "Actual Startup Time": 0.142, "Actual Total Time": 0.164, "Actual Rows": 5, "Actual Loops": 1, "Output": ["n1.n_nationkey"], "Inner Unique": true, "Hash Cond": "(n1.n_regionkey = region.r_regionkey)", "Plans": [{"Node Type": "Seq Scan", "Parent Relationship": "Outer", "Parallel Aware": false, "Relation Name": "nation", "Schema": "public", "Alias": "n1", "Startup Cost": 0.0, "Total Cost": 15.1, "Plan Rows": 510, "Plan Width": 8, "Actual Startup Time": 0.012, "Actual Total Time": 0.014, "Actual Rows": 25, "Actual Loops": 1, "Output": ["n1.n_nationkey", "n1.n_name", "n1.n_regionkey", "n1.n_comment"]}, {"Node Type": "Hash", "Parent Relationship": "Inner", "Parallel Aware": false, "Startup Cost": 16.5, "Total Cost": 16.5, "Plan Rows": 3, "Plan Width": 4, "Actual Startup Time": 0.042, "Actual Total Time": 0.052, "Actual Rows": 1, "Actual Loops": 1, "Output": ["region.r_regionkey"], "Hash Buckets": 1024, "Original Hash Buckets": 1024, "Hash Batches": 1, "Original Hash Batches": 1, "Peak Memory Usage": 9, "Plans": [{"Node Type": "Seq Scan", "Parent Relationship": "Outer", "Parallel Aware": false, "Relation Name": "region", "Schema": "public", "Alias": "region", "Startup Cost": 0.0, "Total Cost": 16.5, "Plan Rows": 3, "Plan Width": 4, "Actual Startup Time": 0.031, "Actual Total Time": 0.035, "Actual Rows": 1, "Actual Loops": 1, "Output": ["region.r_regionkey"], "Filter": "((region.r_name)::text = 'AFRICA'::text)", "Rows Removed by Filter": 4}]}]}]}]}]}]}]}]}, {"Node Type": "Hash", "Parent Relationship": "Inner", "Parallel Aware": false, "Startup Cost": 161.0, "Total Cost": 161.0, "Plan Rows": 5000, "Plan Width": 8, "Actual Startup Time": 1.555, "Actual Total Time": 1.556, "Actual Rows": 5000, "Actual Loops": 1, "Output": ["supplier.s_suppkey", "supplier.s_nationkey"], "Hash Buckets": 8192, "Original Hash Buckets": 8192, "Hash Batches": 1, "Original Hash Batches": 1, "Peak Memory Usage": 260, "Plans": [{"Node Type": "Seq Scan", "Parent Relationship": "Outer", "Parallel Aware": false, "Relation Name": "supplier", "Schema": "public", "Alias": "supplier", "Startup Cost": 0.0, "Total Cost": 161.0, "Plan Rows": 5000, "Plan Width": 8, "Actual Startup Time": 0.004, "Actual Total Time": 0.847, "Actual Rows": 5000, "Actual Loops": 1, "Output": ["supplier.s_suppkey", "supplier.s_nationkey"]}]}]}, {"Node Type": "Index Scan", "Parent Relationship": "Inner", "Parallel Aware": false, "Scan Direction": "Forward", "Index Name": "nation_pkey", "Relation Name": "nation", "Schema": "public", "Alias": "n2", "Startup Cost": 0.15, "Total Cost": 0.17, "Plan Rows": 1, "Plan Width": 33, "Actual Startup Time": 0.004, "Actual Total Time": 0.004, "Actual Rows": 1, "Actual Loops": 1297, "Output": ["n2.n_nationkey", "n2.n_name", "n2.n_regionkey", "n2.n_comment"], "Index Cond": "(n2.n_nationkey = supplier.s_nationkey)", "Rows Removed by Index Recheck": 0}]}]}]}, "Planning Time": 2.986, "Triggers": [], "Execution Time": 2196.154}]
q10#####[{"Plan": {"Node Type": "Aggregate", "Strategy": "Sorted", "Partial Mode": "Simple", "Parallel Aware": false, "Startup Cost": 26293.93, "Total Cost": 26294.25, "Plan Rows": 9, "Plan Width": 98, "Actual Startup Time": 850.314, "Actual Total Time": 850.745, "Actual Rows": 4, "Actual Loops": 1, "Output": ["n1.n_name", "n2.n_name", "(date_part('year'::text, (lineitem.l_shipdate)::timestamp without time zone))", "sum((lineitem.l_extendedprice * ('1'::numeric - lineitem.l_discount)))"], "Group Key": ["n1.n_name", "n2.n_name", "(date_part('year'::text, (lineitem.l_shipdate)::timestamp without time zone))"], "Plans": [{"Node Type": "Sort", "Parent Relationship": "Outer", "Parallel Aware": false, "Startup Cost": 26293.93, "Total Cost": 26293.95, "Plan Rows": 9, "Plan Width": 78, "Actual Startup Time": 850.163, "Actual Total Time": 850.289, "Actual Rows": 658, "Actual Loops": 1, "Output": ["n1.n_name", "n2.n_name", "(date_part('year'::text, (lineitem.l_shipdate)::timestamp without time zone))", "lineitem.l_extendedprice", "lineitem.l_discount"], "Sort Key": ["n1.n_name", "n2.n_name", "(date_part('year'::text, (lineitem.l_shipdate)::timestamp without time zone))"], "Sort Method": "quicksort", "Sort Space Used": 76, "Sort Space Type": "Memory", "Plans": [{"Node Type": "Hash Join", "Parent Relationship": "Outer", "Parallel Aware": false, "Join Type": "Inner", "Startup Cost": 5327.32, "Total Cost": 26293.79, "Plan Rows": 9, "Plan Width": 78, "Actual Startup Time": 450.514, "Actual Total Time": 849.131, "Actual Rows": 658, "Actual Loops": 1, "Output": ["n1.n_name", "n2.n_name", "date_part('year'::text, (lineitem.l_shipdate)::timestamp without time zone)", "lineitem.l_extendedprice", "lineitem.l_discount"], "Inner Unique": false, "Hash Cond": "(lineitem.l_suppkey = supplier.s_suppkey)", "Join Filter": "((((n1.n_name)::text = 'BRAZIL'::text) AND ((n2.n_name)::text = 'CANADA'::text)) OR (((n1.n_name)::text = 'CANADA'::text) AND ((n2.n_name)::text = 'BRAZIL'::text)))", "Rows Removed by Join Filter": 581, "Plans": [{"Node Type": "Hash Join", "Parent Relationship": "Outer", "Parallel Aware": false, "Join Type": "Inner", "Startup Cost": 5273.84, "Total Cost": 26233.09, "Plan Rows": 1815, "Plan Width": 49, "Actual Startup Time": 437.145, "Actual Total Time": 834.729, "Actual Rows": 14507, "Actual Loops": 1, "Output": ["lineitem.l_shipdate", "lineitem.l_extendedprice", "lineitem.l_discount", "lineitem.l_suppkey", "n2.n_name"], "Inner Unique": false, "Hash Cond": "(lineitem.l_orderkey = orders.o_orderkey)", "Plans": [{"Node Type": "Seq Scan", "Parent Relationship": "Outer", "Parallel Aware": false, "Relation Name": "lineitem", "Schema": "public", "Alias": "lineitem", "Startup Cost": 0.0, "Total Cost": 20247.0, "Plan Rows": 185095, "Plan Width": 24, "Actual Startup Time": 1.647, "Actual Total Time": 376.271, "Actual Rows": 182585, "Actual Loops": 1, "Output": ["lineitem.l_orderkey", "lineitem.l_partkey", "lineitem.l_suppkey", "lineitem.l_linenumber", "lineitem.l_quantity", "lineitem.l_extendedprice", "lineitem.l_discount", "lineitem.l_tax", "lineitem.l_returnflag", "lineitem.l_linestatus", "lineitem.l_shipdate", "lineitem.l_commitdate", "lineitem.l_receiptdate", "lineitem.l_shipinstruct", "lineitem.l_shipmode", "lineitem.l_comment"], "Filter": "((lineitem.l_shipdate >= '1995-01-01'::date) AND (lineitem.l_shipdate <= '1996-12-31'::date))", "Rows Removed by Filter": 417415}, {"Node Type": "Hash", "Parent Relationship": "Inner", "Parallel Aware": false, "Startup Cost": 5255.45, "Total Cost": 5255.45, "Plan Rows": 1471, "Plan Width": 33, "Actual Startup Time": 434.413, "Actual Total Time": 434.446, "Actual Rows": 12220, "Actual Loops": 1, "Output": ["orders.o_orderkey", "n2.n_name"], "Hash Buckets": 16384, "Original Hash Buckets": 2048, "Hash Batches": 1, "Original Hash Batches": 1, "Peak Memory Usage": 642, "Plans": [{"Node Type": "Hash Join", "Parent Relationship": "Outer", "Parallel Aware": false, "Join Type": "Inner", "Startup Cost": 568.25, "Total Cost": 5255.45, "Plan Rows": 1471, "Plan Width": 33, "Actual Startup Time": 77.972, "Actual Total Time": 429.858, "Actual Rows": 12220, "Actual Loops": 1, "Output": ["orders.o_orderkey", "n2.n_name"], "Inner Unique": false, "Hash Cond": "(orders.o_custkey = customer.c_custkey)", "Plans": [{"Node Type": "Seq Scan", "Parent Relationship": "Outer", "Parallel Aware": false, "Relation Name": "orders", "Schema": "public", "Alias": "orders", "Startup Cost": 0.0, "Total Cost": 4110.0, "Plan Rows": 150000, "Plan Width": 8, "Actual Startup Time": 1.118, "Actual Total Time": 337.598, "Actual Rows": 150000, "Actual Loops": 1, "Output": ["orders.o_orderkey", "orders.o_custkey", "orders.o_orderstatus", "orders.o_totalprice", "orders.o_orderdate", "orders.o_orderpriority", "orders.o_clerk", "orders.o_shippriority", "orders.o_comment"]}, {"Node Type": "Hash", "Parent Relationship": "Inner", "Parallel Aware": false, "Startup Cost": 566.41, "Total Cost": 566.41, "Plan Rows": 147, "Plan Width": 33, "Actual Startup Time": 75.892, "Actual Total Time": 75.91, "Actual Rows": 1202, "Actual Loops": 1, "Output": ["customer.c_custkey", "n2.n_name"], "Hash Buckets": 2048, "Original Hash Buckets": 1024, "Hash Batches": 1, "Original Hash Batches": 1, "Peak Memory Usage": 67, "Plans": [{"Node Type": "Hash Join", "Parent Relationship": "Outer", "Parallel Aware": false, "Join Type": "Inner", "Startup Cost": 17.71, "Total Cost": 566.41, "Plan Rows": 147, "Plan Width": 33, "Actual Startup Time": 1.475, "Actual Total Time": 73.896, "Actual Rows": 1202, "Actual Loops": 1, "Output": ["customer.c_custkey", "n2.n_name"], "Inner Unique": true, "Hash Cond": "(customer.c_nationkey = n2.n_nationkey)", "Plans": [{"Node Type": "Seq Scan", "Parent Relationship": "Outer", "Parallel Aware": false, "Relation Name": "customer", "Schema": "public", "Alias": "customer", "Startup Cost": 0.0, "Total Cost": 509.0, "Plan Rows": 15000, "Plan Width": 8, "Actual Startup Time": 0.003, "Actual Total Time": 69.981, "Actual Rows": 15000, "Actual Loops": 1, "Output": ["customer.c_custkey", "customer.c_name", "customer.c_address", "customer.c_nationkey", "customer.c_phone", "customer.c_acctbal", "customer.c_mktsegment", "customer.c_comment"]}, {"Node Type": "Hash", "Parent Relationship": "Inner", "Parallel Aware": false, "Startup Cost": 17.65, "Total Cost": 17.65, "Plan Rows": 5, "Plan Width": 33, "Actual Startup Time": 0.009, "Actual Total Time": 0.012, "Actual Rows": 2, "Actual Loops": 1, "Output": ["n2.n_name", "n2.n_nationkey"], "Hash Buckets": 1024, "Original Hash Buckets": 1024, "Hash Batches": 1, "Original Hash Batches": 1, "Peak Memory Usage": 9, "Plans": [{"Node Type": "Seq Scan", "Parent Relationship": "Outer", "Parallel Aware": false, "Relation Name": "nation", "Schema": "public", "Alias": "n2", "Startup Cost": 0.0, "Total Cost": 17.65, "Plan Rows": 5, "Plan Width": 33, "Actual Startup Time": 0.005, "Actual Total Time": 0.007, "Actual Rows": 2, "Actual Loops": 1, "Output": ["n2.n_name", "n2.n_nationkey"], "Filter": "(((n2.n_name)::text = 'CANADA'::text) OR ((n2.n_name)::text = 'BRAZIL'::text))", "Rows Removed by Filter": 23}]}]}]}]}]}]}, {"Node Type": "Hash", "Parent Relationship": "Inner", "Parallel Aware": false, "Startup Cost": 53.36, "Total Cost": 53.36, "Plan Rows": 10, "Plan Width": 33, "Actual Startup Time": 11.931, "Actual Total Time": 11.952, "Actual Rows": 80, "Actual Loops": 1, "Output": ["supplier.s_suppkey", "n1.n_name"], "Hash Buckets": 1024, "Original Hash Buckets": 1024, "Hash Batches": 1, "Original Hash Batches": 1, "Peak Memory Usage": 12, "Plans": [{"Node Type": "Hash Join", "Parent Relationship": "Outer", "Parallel Aware": false, "Join Type": "Inner", "Startup Cost": 17.71, "Total Cost": 53.36, "Plan Rows": 10, "Plan Width": 33, "Actual Startup Time": 3.677, "Actual Total Time": 11.915, "Actual Rows": 80, "Actual Loops": 1, "Output": ["supplier.s_suppkey", "n1.n_name"], "Inner Unique": true, "Hash Cond": "(supplier.s_nationkey = n1.n_nationkey)", "Plans": [{"Node Type": "Seq Scan", "Parent Relationship": "Outer", "Parallel Aware": false, "Relation Name": "supplier", "Schema": "public", "Alias": "supplier", "Startup Cost": 0.0, "Total Cost": 33.0, "Plan Rows": 1000, "Plan Width": 8, "Actual Startup Time": 1.208, "Actual Total Time": 9.09, "Actual Rows": 1000, "Actual Loops": 1, "Output": ["supplier.s_suppkey", "supplier.s_name", "supplier.s_address", "supplier.s_nationkey", "supplier.s_phone", "supplier.s_acctbal", "supplier.s_comment"]}, {"Node Type": "Hash", "Parent Relationship": "Inner", "Parallel Aware": false, "Startup Cost": 17.65, "Total Cost": 17.65, "Plan Rows": 5, "Plan Width": 33, "Actual Startup Time": 2.451, "Actual Total Time": 2.455, "Actual Rows": 2, "Actual Loops": 1, "Output": ["n1.n_name", "n1.n_nationkey"], "Hash Buckets": 1024, "Original Hash Buckets": 1024, "Hash Batches": 1, "Original Hash Batches": 1, "Peak Memory Usage": 9, "Plans": [{"Node Type": "Seq Scan", "Parent Relationship": "Outer", "Parallel Aware": false, "Relation Name": "nation", "Schema": "public", "Alias": "n1", "Startup Cost": 0.0, "Total Cost": 17.65, "Plan Rows": 5, "Plan Width": 33, "Actual Startup Time": 2.443, "Actual Total Time": 2.446, "Actual Rows": 2, "Actual Loops": 1, "Output": ["n1.n_name", "n1.n_nationkey"], "Filter": "(((n1.n_name)::text = 'BRAZIL'::text) OR ((n1.n_name)::text = 'CANADA'::text))", "Rows Removed by Filter": 23}]}]}]}]}]}]}, "Planning Time": 3.658, "Triggers": [], "Execution Time": 851.009}]
q11#####[{"Plan": {"Node Type": "Aggregate", "Strategy": "Sorted", "Partial Mode": "Simple", "Parallel Aware": false, "Startup Cost": 26293.93, "Total Cost": 26294.25, "Plan Rows": 9, "Plan Width": 98, "Actual Startup Time": 812.534, "Actual Total Time": 812.666, "Actual Rows": 4, "Actual Loops": 1, "Output": ["n1.n_name", "n2.n_name", "(date_part('year'::text, (lineitem.l_shipdate)::timestamp without time zone))", "sum((lineitem.l_extendedprice * ('1'::numeric - lineitem.l_discount)))"], "Group Key": ["n1.n_name", "n2.n_name", "(date_part('year'::text, (lineitem.l_shipdate)::timestamp without time zone))"], "Plans": [{"Node Type": "Sort", "Parent Relationship": "Outer", "Parallel Aware": false, "Startup Cost": 26293.93, "Total Cost": 26293.95, "Plan Rows": 9, "Plan Width": 78, "Actual Startup Time": 812.489, "Actual Total Time": 812.532, "Actual Rows": 566, "Actual Loops": 1, "Output": ["n1.n_name", "n2.n_name", "(date_part('year'::text, (lineitem.l_shipdate)::timestamp without time zone))", "lineitem.l_extendedprice", "lineitem.l_discount"], "Sort Key": ["n1.n_name", "n2.n_name", "(date_part('year'::text, (lineitem.l_shipdate)::timestamp without time zone))"], "Sort Method": "quicksort", "Sort Space Used": 69, "Sort Space Type": "Memory", "Plans": [{"Node Type": "Hash Join", "Parent Relationship": "Outer", "Parallel Aware": false, "Join Type": "Inner", "Startup Cost": 5327.32, "Total Cost": 26293.79, "Plan Rows": 9, "Plan Width": 78, "Actual Startup Time": 412.825, "Actual Total Time": 811.748, "Actual Rows": 566, "Actual Loops": 1, "Output": ["n1.n_name", "n2.n_name", "date_part('year'::text, (lineitem.l_shipdate)::timestamp without time zone)", "lineitem.l_extendedprice", "lineitem.l_discount"], "Inner Unique": false, "Hash Cond": "(lineitem.l_suppkey = supplier.s_suppkey)", "Join Filter": "((((n1.n_name)::text = 'ROMANIA'::text) AND ((n2.n_name)::text = 'INDIA'::text)) OR (((n1.n_name)::text = 'INDIA'::text) AND ((n2.n_name)::text = 'ROMANIA'::text)))", "Rows Removed by Join Filter": 604, "Plans": [{"Node Type": "Hash Join", "Parent Relationship": "Outer", "Parallel Aware": false, "Join Type": "Inner", "Startup Cost": 5273.84, "Total Cost": 26233.09, "Plan Rows": 1815, "Plan Width": 49, "Actual Startup Time": 410.733, "Actual Total Time": 809.091, "Actual Rows": 14746, "Actual Loops": 1, "Output": ["lineitem.l_shipdate", "lineitem.l_extendedprice", "lineitem.l_discount", "lineitem.l_suppkey", "n2.n_name"], "Inner Unique": false, "Hash Cond": "(lineitem.l_orderkey = orders.o_orderkey)", "Plans": [{"Node Type": "Seq Scan", "Parent Relationship": "Outer", "Parallel Aware": false, "Relation Name": "lineitem", "Schema": "public", "Alias": "lineitem", "Startup Cost": 0.0, "Total Cost": 20247.0, "Plan Rows": 185095, "Plan Width": 24, "Actual Startup Time": 0.012, "Actual Total Time": 375.874, "Actual Rows": 182585, "Actual Loops": 1, "Output": ["lineitem.l_orderkey", "lineitem.l_partkey", "lineitem.l_suppkey", "lineitem.l_linenumber", "lineitem.l_quantity", "lineitem.l_extendedprice", "lineitem.l_discount", "lineitem.l_tax", "lineitem.l_returnflag", "lineitem.l_linestatus", "lineitem.l_shipdate", "lineitem.l_commitdate", "lineitem.l_receiptdate", "lineitem.l_shipinstruct", "lineitem.l_shipmode", "lineitem.l_comment"], "Filter": "((lineitem.l_shipdate >= '1995-01-01'::date) AND (lineitem.l_shipdate <= '1996-12-31'::date))", "Rows Removed by Filter": 417415}, {"Node Type": "Hash", "Parent Relationship": "Inner", "Parallel Aware": false, "Startup Cost": 5255.45, "Total Cost": 5255.45, "Plan Rows": 1471, "Plan Width": 33, "Actual Startup Time": 410.668, "Actual Total Time": 410.683, "Actual Rows": 11932, "Actual Loops": 1, "Output": ["orders.o_orderkey", "n2.n_name"], "Hash Buckets": 16384, "Original Hash Buckets": 2048, "Hash Batches": 1, "Original Hash Batches": 1, "Peak Memory Usage": 630, "Plans": [{"Node Type": "Hash Join", "Parent Relationship": "Outer", "Parallel Aware": false, "Join Type": "Inner", "Startup Cost": 568.25, "Total Cost": 5255.45, "Plan Rows": 1471, "Plan Width": 33, "Actual Startup Time": 54.395, "Actual Total Time": 406.086, "Actual Rows": 11932, "Actual Loops": 1, "Output": ["orders.o_orderkey", "n2.n_name"], "Inner Unique": false, "Hash Cond": "(orders.o_custkey = customer.c_custkey)", "Plans": [{"Node Type": "Seq Scan", "Parent Relationship": "Outer", "Parallel Aware": false, "Relation Name": "orders", "Schema": "public", "Alias": "orders", "Startup Cost": 0.0, "Total Cost": 4110.0, "Plan Rows": 150000, "Plan Width": 8, "Actual Startup Time": 0.002, "Actual Total Time": 336.843, "Actual Rows": 150000, "Actual Loops": 1, "Output": ["orders.o_orderkey", "orders.o_custkey", "orders.o_orderstatus", "orders.o_totalprice", "orders.o_orderdate", "orders.o_orderpriority", "orders.o_clerk", "orders.o_shippriority", "orders.o_comment"]}, {"Node Type": "Hash", "Parent Relationship": "Inner", "Parallel Aware": false, "Startup Cost": 566.41, "Total Cost": 566.41, "Plan Rows": 147, "Plan Width": 33, "Actual Startup Time": 54.357, "Actual Total Time": 54.371, "Actual Rows": 1185, "Actual Loops": 1, "Output": ["customer.c_custkey", "n2.n_name"], "Hash Buckets": 2048, "Original Hash Buckets": 1024, "Hash Batches": 1, "Original Hash Batches": 1, "Peak Memory Usage": 66, "Plans": [{"Node Type": "Hash Join", "Parent Relationship": "Outer", "Parallel Aware": false, "Join Type": "Inner", "Startup Cost": 17.71, "Total Cost": 566.41, "Plan Rows": 147, "Plan Width": 33, "Actual Startup Time": 0.058, "Actual Total Time": 53.758, "Actual Rows": 1185, "Actual Loops": 1, "Output": ["customer.c_custkey", "n2.n_name"], "Inner Unique": true, "Hash Cond": "(customer.c_nationkey = n2.n_nationkey)", "Plans": [{"Node Type": "Seq Scan", "Parent Relationship": "Outer", "Parallel Aware": false, "Relation Name": "customer", "Schema": "public", "Alias": "customer", "Startup Cost": 0.0, "Total Cost": 509.0, "Plan Rows": 15000, "Plan Width": 8, "Actual Startup Time": 0.001, "Actual Total Time": 52.1, "Actual Rows": 15000, "Actual Loops": 1, "Output": ["customer.c_custkey", "customer.c_name", "customer.c_address", "customer.c_nationkey", "customer.c_phone", "customer.c_acctbal", "customer.c_mktsegment", "customer.c_comment"]}, {"Node Type": "Hash", "Parent Relationship": "Inner", "Parallel Aware": false, "Startup Cost": 17.65, "Total Cost": 17.65, "Plan Rows": 5, "Plan Width": 33, "Actual Startup Time": 0.012, "Actual Total Time": 0.013, "Actual Rows": 2, "Actual Loops": 1, "Output": ["n2.n_name", "n2.n_nationkey"], "Hash Buckets": 1024, "Original Hash Buckets": 1024, "Hash Batches": 1, "Original Hash Batches": 1, "Peak Memory Usage": 9, "Plans": [{"Node Type": "Seq Scan", "Parent Relationship": "Outer", "Parallel Aware": false, "Relation Name": "nation", "Schema": "public", "Alias": "n2", "Startup Cost": 0.0, "Total Cost": 17.65, "Plan Rows": 5, "Plan Width": 33, "Actual Startup Time": 0.002, "Actual Total Time": 0.004, "Actual Rows": 2, "Actual Loops": 1, "Output": ["n2.n_name", "n2.n_nationkey"], "Filter": "(((n2.n_name)::text = 'INDIA'::text) OR ((n2.n_name)::text = 'ROMANIA'::text))", "Rows Removed by Filter": 23}]}]}]}]}]}]}, {"Node Type": "Hash", "Parent Relationship": "Inner", "Parallel Aware": false, "Startup Cost": 53.36, "Total Cost": 53.36, "Plan Rows": 10, "Plan Width": 33, "Actual Startup Time": 0.233, "Actual Total Time": 0.234, "Actual Rows": 80, "Actual Loops": 1, "Output": ["supplier.s_suppkey", "n1.n_name"], "Hash Buckets": 1024, "Original Hash Buckets": 1024, "Hash Batches": 1, "Original Hash Batches": 1, "Peak Memory Usage": 12, "Plans": [{"Node Type": "Hash Join", "Parent Relationship": "Outer", "Parallel Aware": false, "Join Type": "Inner", "Startup Cost": 17.71, "Total Cost": 53.36, "Plan Rows": 10, "Plan Width": 33, "Actual Startup Time": 0.061, "Actual Total Time": 0.216, "Actual Rows": 80, "Actual Loops": 1, "Output": ["supplier.s_suppkey", "n1.n_name"], "Inner Unique": true, "Hash Cond": "(supplier.s_nationkey = n1.n_nationkey)", "Plans": [{"Node Type": "Seq Scan", "Parent Relationship": "Outer", "Parallel Aware": false, "Relation Name": "supplier", "Schema": "public", "Alias": "supplier", "Startup Cost": 0.0, "Total Cost": 33.0, "Plan Rows": 1000, "Plan Width": 8, "Actual Startup Time": 0.005, "Actual Total Time": 0.097, "Actual Rows": 1000, "Actual Loops": 1, "Output": ["supplier.s_suppkey", "supplier.s_name", "supplier.s_address", "supplier.s_nationkey", "supplier.s_phone", "supplier.s_acctbal", "supplier.s_comment"]}, {"Node Type": "Hash", "Parent Relationship": "Inner", "Parallel Aware": false, "Startup Cost": 17.65, "Total Cost": 17.65, "Plan Rows": 5, "Plan Width": 33, "Actual Startup Time": 0.014, "Actual Total Time": 0.015, "Actual Rows": 2, "Actual Loops": 1, "Output": ["n1.n_name", "n1.n_nationkey"], "Hash Buckets": 1024, "Original Hash Buckets": 1024, "Hash Batches": 1, "Original Hash Batches": 1, "Peak Memory Usage": 9, "Plans": [{"Node Type": "Seq Scan", "Parent Relationship": "Outer", "Parallel Aware": false, "Relation Name": "nation", "Schema": "public", "Alias": "n1", "Startup Cost": 0.0, "Total Cost": 17.65, "Plan Rows": 5, "Plan Width": 33, "Actual Startup Time": 0.006, "Actual Total Time": 0.007, "Actual Rows": 2, "Actual Loops": 1, "Output": ["n1.n_name", "n1.n_nationkey"], "Filter": "(((n1.n_name)::text = 'ROMANIA'::text) OR ((n1.n_name)::text = 'INDIA'::text))", "Rows Removed by Filter": 23}]}]}]}]}]}]}, "Planning Time": 19.859, "Triggers": [], "Execution Time": 813.096}]
q12#####[{"Plan": {"Node Type": "Aggregate", "Strategy": "Sorted", "Partial Mode": "Simple", "Parallel Aware": false, "Startup Cost": 26293.93, "Total Cost": 26294.25, "Plan Rows": 9, "Plan Width": 98, "Actual Startup Time": 821.976, "Actual Total Time": 822.323, "Actual Rows": 4, "Actual Loops": 1, "Output": ["n1.n_name", "n2.n_name", "(date_part('year'::text, (lineitem.l_shipdate)::timestamp without time zone))", "sum((lineitem.l_extendedprice * ('1'::numeric - lineitem.l_discount)))"], "Group Key": ["n1.n_name", "n2.n_name", "(date_part('year'::text, (lineitem.l_shipdate)::timestamp without time zone))"], "Plans": [{"Node Type": "Sort", "Parent Relationship": "Outer", "Parallel Aware": false, "Startup Cost": 26293.93, "Total Cost": 26293.95, "Plan Rows": 9, "Plan Width": 78, "Actual Startup Time": 821.879, "Actual Total Time": 821.945, "Actual Rows": 595, "Actual Loops": 1, "Output": ["n1.n_name", "n2.n_name", "(date_part('year'::text, (lineitem.l_shipdate)::timestamp without time zone))", "lineitem.l_extendedprice", "lineitem.l_discount"], "Sort Key": ["n1.n_name", "n2.n_name", "(date_part('year'::text, (lineitem.l_shipdate)::timestamp without time zone))"], "Sort Method": "quicksort", "Sort Space Used": 71, "Sort Space Type": "Memory", "Plans": [{"Node Type": "Hash Join", "Parent Relationship": "Outer", "Parallel Aware": false, "Join Type": "Inner", "Startup Cost": 5327.32, "Total Cost": 26293.79, "Plan Rows": 9, "Plan Width": 78, "Actual Startup Time": 431.387, "Actual Total Time": 821.108, "Actual Rows": 595, "Actual Loops": 1, "Output": ["n1.n_name", "n2.n_name", "date_part('year'::text, (lineitem.l_shipdate)::timestamp without time zone)", "lineitem.l_extendedprice", "lineitem.l_discount"], "Inner Unique": false, "Hash Cond": "(lineitem.l_suppkey = supplier.s_suppkey)", "Join Filter": "((((n1.n_name)::text = 'VIETNAM'::text) AND ((n2.n_name)::text = 'RUSSIA'::text)) OR (((n1.n_name)::text = 'RUSSIA'::text) AND ((n2.n_name)::text = 'VIETNAM'::text)))", "Rows Removed by Join Filter": 574, "Plans": [{"Node Type": "Hash Join", "Parent Relationship": "Outer", "Parallel Aware": false, "Join Type": "Inner", "Startup Cost": 5273.84, "Total Cost": 26233.09, "Plan Rows": 1815, "Plan Width": 49, "Actual Startup Time": 419.966, "Actual Total Time": 817.713, "Actual Rows": 13969, "Actual Loops": 1, "Output": ["lineitem.l_shipdate", "lineitem.l_extendedprice", "lineitem.l_discount", "lineitem.l_suppkey", "n2.n_name"], "Inner Unique": false, "Hash Cond": "(lineitem.l_orderkey = orders.o_orderkey)", "Plans": [{"Node Type": "Seq Scan", "Parent Relationship": "Outer", "Parallel Aware": false, "Relation Name": "lineitem", "Schema": "public", "Alias": "lineitem", "Startup Cost": 0.0, "Total Cost": 20247.0, "Plan Rows": 185095, "Plan Width": 24, "Actual Startup Time": 0.022, "Actual Total Time": 374.882, "Actual Rows": 182585, "Actual Loops": 1, "Output": ["lineitem.l_orderkey", "lineitem.l_partkey", "lineitem.l_suppkey", "lineitem.l_linenumber", "lineitem.l_quantity", "lineitem.l_extendedprice", "lineitem.l_discount", "lineitem.l_tax", "lineitem.l_returnflag", "lineitem.l_linestatus", "lineitem.l_shipdate", "lineitem.l_commitdate", "lineitem.l_receiptdate", "lineitem.l_shipinstruct", "lineitem.l_shipmode", "lineitem.l_comment"], "Filter": "((lineitem.l_shipdate >= '1995-01-01'::date) AND (lineitem.l_shipdate <= '1996-12-31'::date))", "Rows Removed by Filter": 417415}, {"Node Type": "Hash", "Parent Relationship": "Inner", "Parallel Aware": false, "Startup Cost": 5255.45, "Total Cost": 5255.45, "Plan Rows": 1471, "Plan Width": 33, "Actual Startup Time": 419.418, "Actual Total Time": 419.424, "Actual Rows": 11634, "Actual Loops": 1, "Output": ["orders.o_orderkey", "n2.n_name"], "Hash Buckets": 16384, "Original Hash Buckets": 2048, "Hash Batches": 1, "Original Hash Batches": 1, "Peak Memory Usage": 623, "Plans": [{"Node Type": "Hash Join", "Parent Relationship": "Outer", "Parallel Aware": false, "Join Type": "Inner", "Startup Cost": 568.25, "Total Cost": 5255.45, "Plan Rows": 1471, "Plan Width": 33, "Actual Startup Time": 62.988, "Actual Total Time": 414.824, "Actual Rows": 11634, "Actual Loops": 1, "Output": ["orders.o_orderkey", "n2.n_name"], "Inner Unique": false, "Hash Cond": "(orders.o_custkey = customer.c_custkey)", "Plans": [{"Node Type": "Seq Scan", "Parent Relationship": "Outer", "Parallel Aware": false, "Relation Name": "orders", "Schema": "public", "Alias": "orders", "Startup Cost": 0.0, "Total Cost": 4110.0, "Plan Rows": 150000, "Plan Width": 8, "Actual Startup Time": 0.003, "Actual Total Time": 336.204, "Actual Rows": 150000, "Actual Loops": 1, "Output": ["orders.o_orderkey", "orders.o_custkey", "orders.o_orderstatus", "orders.o_totalprice", "orders.o_orderdate", "orders.o_orderpriority", "orders.o_clerk", "orders.o_shippriority", "orders.o_comment"]}, {"Node Type": "Hash", "Parent Relationship": "Inner", "Parallel Aware": false, "Startup Cost": 566.41, "Total Cost": 566.41, "Plan Rows": 147, "Plan Width": 33, "Actual Startup Time": 62.935, "Actual Total Time": 62.938, "Actual Rows": 1172, "Actual Loops": 1, "Output": ["customer.c_custkey", "n2.n_name"], "Hash Buckets": 2048, "Original Hash Buckets": 1024, "Hash Batches": 1, "Original Hash Batches": 1, "Peak Memory Usage": 66, "Plans": [{"Node Type": "Hash Join", "Parent Relationship": "Outer", "Parallel Aware": false, "Join Type": "Inner", "Startup Cost": 17.71, "Total Cost": 566.41, "Plan Rows": 147, "Plan Width": 33, "Actual Startup Time": 0.087, "Actual Total Time": 61.444, "Actual Rows": 1172, "Actual Loops": 1, "Output": ["customer.c_custkey", "n2.n_name"], "Inner Unique": true, "Hash Cond": "(customer.c_nationkey = n2.n_nationkey)", "Plans": [{"Node Type": "Seq Scan", "Parent Relationship": "Outer", "Parallel Aware": false, "Relation Name": "customer", "Schema": "public", "Alias": "customer", "Startup Cost": 0.0, "Total Cost": 509.0, "Plan Rows": 15000, "Plan Width": 8, "Actual Startup Time": 0.002, "Actual Total Time": 59.539, "Actual Rows": 15000, "Actual Loops": 1, "Output": ["customer.c_custkey", "customer.c_name", "customer.c_address", "customer.c_nationkey", "customer.c_phone", "customer.c_acctbal", "customer.c_mktsegment", "customer.c_comment"]}, {"Node Type": "Hash", "Parent Relationship": "Inner", "Parallel Aware": false, "Startup Cost": 17.65, "Total Cost": 17.65, "Plan Rows": 5, "Plan Width": 33, "Actual Startup Time": 0.015, "Actual Total Time": 0.016, "Actual Rows": 2, "Actual Loops": 1, "Output": ["n2.n_name", "n2.n_nationkey"], "Hash Buckets": 1024, "Original Hash Buckets": 1024, "Hash Batches": 1, "Original Hash Batches": 1, "Peak Memory Usage": 9, "Plans": [{"Node Type": "Seq Scan", "Parent Relationship": "Outer", "Parallel Aware": false, "Relation Name": "nation", "Schema": "public", "Alias": "n2", "Startup Cost": 0.0, "Total Cost": 17.65, "Plan Rows": 5, "Plan Width": 33, "Actual Startup Time": 0.005, "Actual Total Time": 0.006, "Actual Rows": 2, "Actual Loops": 1, "Output": ["n2.n_name", "n2.n_nationkey"], "Filter": "(((n2.n_name)::text = 'RUSSIA'::text) OR ((n2.n_name)::text = 'VIETNAM'::text))", "Rows Removed by Filter": 23}]}]}]}]}]}]}, {"Node Type": "Hash", "Parent Relationship": "Inner", "Parallel Aware": false, "Startup Cost": 53.36, "Total Cost": 53.36, "Plan Rows": 10, "Plan Width": 33, "Actual Startup Time": 0.854, "Actual Total Time": 0.857, "Actual Rows": 86, "Actual Loops": 1, "Output": ["supplier.s_suppkey", "n1.n_name"], "Hash Buckets": 1024, "Original Hash Buckets": 1024, "Hash Batches": 1, "Original Hash Batches": 1, "Peak Memory Usage": 12, "Plans": [{"Node Type": "Hash Join", "Parent Relationship": "Outer", "Parallel Aware": false, "Join Type": "Inner", "Startup Cost": 17.71, "Total Cost": 53.36, "Plan Rows": 10, "Plan Width": 33, "Actual Startup Time": 0.33, "Actual Total Time": 0.658, "Actual Rows": 86, "Actual Loops": 1, "Output": ["supplier.s_suppkey", "n1.n_name"], "Inner Unique": true, "Hash Cond": "(supplier.s_nationkey = n1.n_nationkey)", "Plans": [{"Node Type": "Seq Scan", "Parent Relationship": "Outer", "Parallel Aware": false, "Relation Name": "supplier", "Schema": "public", "Alias": "supplier", "Startup Cost": 0.0, "Total Cost": 33.0, "Plan Rows": 1000, "Plan Width": 8, "Actual Startup Time": 0.006, "Actual Total Time": 0.203, "Actual Rows": 1000, "Actual Loops": 1, "Output": ["supplier.s_suppkey", "supplier.s_name", "supplier.s_address", "supplier.s_nationkey", "supplier.s_phone", "supplier.s_acctbal", "supplier.s_comment"]}, {"Node Type": "Hash", "Parent Relationship": "Inner", "Parallel Aware": false, "Startup Cost": 17.65, "Total Cost": 17.65, "Plan Rows": 5, "Plan Width": 33, "Actual Startup Time": 0.019, "Actual Total Time": 0.02, "Actual Rows": 2, "Actual Loops": 1, "Output": ["n1.n_name", "n1.n_nationkey"], "Hash Buckets": 1024, "Original Hash Buckets": 1024, "Hash Batches": 1, "Original Hash Batches": 1, "Peak Memory Usage": 9, "Plans": [{"Node Type": "Seq Scan", "Parent Relationship": "Outer", "Parallel Aware": false, "Relation Name": "nation", "Schema": "public", "Alias": "n1", "Startup Cost": 0.0, "Total Cost": 17.65, "Plan Rows": 5, "Plan Width": 33, "Actual Startup Time": 0.006, "Actual Total Time": 0.007, "Actual Rows": 2, "Actual Loops": 1, "Output": ["n1.n_name", "n1.n_nationkey"], "Filter": "(((n1.n_name)::text = 'VIETNAM'::text) OR ((n1.n_name)::text = 'RUSSIA'::text))", "Rows Removed by Filter": 23}]}]}]}]}]}]}, "Planning Time": 4.946, "Triggers": [], "Execution Time": 824.156}]
q13#####[{"Plan": {"Node Type": "Sort", "Parallel Aware": false, "Startup Cost": 1248329.79, "Total Cost": 1255251.54, "Plan Rows": 2768700, "Plan Width": 205, "Actual Startup Time": 1661.301, "Actual Total Time": 1664.985, "Actual Rows": 18769, "Actual Loops": 1, "Output": ["customer.c_custkey", "customer.c_name", "(sum((lineitem.l_extendedprice * ('1'::numeric - lineitem.l_discount))))", "customer.c_acctbal", "nation.n_name", "customer.c_address", "customer.c_phone", "customer.c_comment"], "Sort Key": ["(sum((lineitem.l_extendedprice * ('1'::numeric - lineitem.l_discount)))) DESC"], "Sort Method": "external merge", "Sort Space Used": 3184, "Sort Space Type": "Disk", "Plans": [{"Node Type": "Aggregate", "Strategy": "Sorted", "Partial Mode": "Simple", "Parent Relationship": "Outer", "Parallel Aware": false, "Startup Cost": 138752.24, "Total Cost": 403191.13, "Plan Rows": 2768700, "Plan Width": 205, "Actual Startup Time": 1494.133, "Actual Total Time": 1630.346, "Actual Rows": 18769, "Actual Loops": 1, "Output": ["customer.c_custkey", "customer.c_name", "sum((lineitem.l_extendedprice * ('1'::numeric - lineitem.l_discount)))", "customer.c_acctbal", "nation.n_name", "customer.c_address", "customer.c_phone", "customer.c_comment"], "Group Key": ["customer.c_custkey", "customer.c_name", "customer.c_acctbal", "customer.c_phone", "nation.n_name", "customer.c_address", "customer.c_comment"], "Plans": [{"Node Type": "Incremental Sort", "Parent Relationship": "Outer", "Parallel Aware": false, "Startup Cost": 138752.24, "Total Cost": 299364.88, "Plan Rows": 2768700, "Plan Width": 185, "Actual Startup Time": 1494.064, "Actual Total Time": 1587.161, "Actual Rows": 56621, "Actual Loops": 1, "Output": ["customer.c_custkey", "customer.c_name", "customer.c_acctbal", "nation.n_name", "customer.c_address", "customer.c_phone", "customer.c_comment", "lineitem.l_extendedprice", "lineitem.l_discount"], "Sort Key": ["customer.c_custkey", "customer.c_name", "customer.c_acctbal", "customer.c_phone", "nation.n_name", "customer.c_address", "customer.c_comment"], "Presorted Key": ["customer.c_custkey"], "Full-sort Groups": {"Group Count": 1683, "Sort Methods Used": ["quicksort"], "Sort Space Memory": {"Average Sort Space Used": 34, "Peak Sort Space Used": 34}}, "Plans": [{"Node Type": "Merge Join", "Parent Relationship": "Outer", "Parallel Aware": false, "Join Type": "Inner", "Startup Cost": 138750.62, "Total Cost": 139540.85, "Plan Rows": 2768700, "Plan Width": 185, "Actual Startup Time": 1493.927, "Actual Total Time": 1549.204, "Actual Rows": 56621, "Actual Loops": 1, "Output": ["customer.c_custkey", "customer.c_name", "customer.c_acctbal", "nation.n_name", "customer.c_address", "customer.c_phone", "customer.c_comment", "lineitem.l_extendedprice", "lineitem.l_discount"], "Inner Unique": false, "Merge Cond": "(customer.c_custkey = orders.o_custkey)", "Plans": [{"Node Type": "Sort", "Parent Relationship": "Outer", "Parallel Aware": false, "Startup Cost": 15247.96, "Total Cost": 15435.46, "Plan Rows": 75000, "Plan Width": 173, "Actual Startup Time": 149.777, "Actual Total Time": 181.336, "Actual Rows": 75000, "Actual Loops": 1, "Output": ["customer.c_custkey", "customer.c_name", "customer.c_acctbal", "customer.c_address", "customer.c_phone", "customer.c_comment", "nation.n_name"], "Sort Key": ["customer.c_custkey"], "Sort Method": "external merge", "Sort Space Used": 12024, "Sort Space Type": "Disk", "Plans": [{"Node Type": "Hash Join", "Parent Relationship": "Outer", "Parallel Aware": false, "Join Type": "Inner", "Startup Cost": 21.48, "Total Cost": 2762.99, "Plan Rows": 75000, "Plan Width": 173, "Actual Startup Time": 0.099, "Actual Total Time": 43.691, "Actual Rows": 75000, "Actual Loops": 1, "Output": ["customer.c_custkey", "customer.c_name", "customer.c_acctbal", "customer.c_address", "customer.c_phone", "customer.c_comment", "nation.n_name"], "Inner Unique": true, "Hash Cond": "(customer.c_nationkey = nation.n_nationkey)", "Plans": [{"Node Type": "Seq Scan", "Parent Relationship": "Outer", "Parallel Aware": false, "Relation Name": "customer", "Schema": "public", "Alias": "customer", "Startup Cost": 0.0, "Total Cost": 2543.0, "Plan Rows": 75000, "Plan Width": 148, "Actual Startup Time": 0.014, "Actual Total Time": 8.126, "Actual Rows": 75000, "Actual Loops": 1, "Output": ["customer.c_custkey", "customer.c_name", "customer.c_address", "customer.c_nationkey", "customer.c_phone", "customer.c_acctbal", "customer.c_mktsegment", "customer.c_comment"]}, {"Node Type": "Hash", "Parent Relationship": "Inner", "Parallel Aware": false, "Startup Cost": 15.1, "Total Cost": 15.1, "Plan Rows": 510, "Plan Width": 33, "Actual Startup Time": 0.032, "Actual Total Time": 0.033, "Actual Rows": 25, "Actual Loops": 1, "Output": ["nation.n_name", "nation.n_nationkey"], "Hash Buckets": 1024, "Original Hash Buckets": 1024, "Hash Batches": 1, "Original Hash Batches": 1, "Peak Memory Usage": 10, "Plans": [{"Node Type": "Seq Scan", "Parent Relationship": "Outer", "Parallel Aware": false, "Relation Name": "nation", "Schema": "public", "Alias": "nation", "Startup Cost": 0.0, "Total Cost": 15.1, "Plan Rows": 510, "Plan Width": 33, "Actual Startup Time": 0.011, "Actual Total Time": 0.013, "Actual Rows": 25, "Actual Loops": 1, "Output": ["nation.n_name", "nation.n_nationkey"]}]}]}]}, {"Node Type": "Sort", "Parent Relationship": "Inner", "Parallel Aware": false, "Startup Cost": 123502.62, "Total Cost": 123571.84, "Plan Rows": 27687, "Plan Width": 16, "Actual Startup Time": 1344.08, "Actual Total Time": 1352.81, "Actual Rows": 56621, "Actual Loops": 1, "Output": ["orders.o_custkey", "lineitem.l_extendedprice", "lineitem.l_discount"], "Sort Key": ["orders.o_custkey"], "Sort Method": "external sort", "Sort Space Used": 1752, "Sort Space Type": "Disk", "Plans": [{"Node Type": "Hash Join", "Parent Relationship": "Outer", "Parallel Aware": false, "Join Type": "Inner", "Startup Cost": 24646.99, "Total Cost": 121459.75, "Plan Rows": 27687, "Plan Width": 16, "Actual Startup Time": 145.433, "Actual Total Time": 1258.602, "Actual Rows": 56621, "Actual Loops": 1, "Output": ["orders.o_custkey", "lineitem.l_extendedprice", "lineitem.l_discount"], "Inner Unique": false, "Hash Cond": "(lineitem.l_orderkey = orders.o_orderkey)", "Plans": [{"Node Type": "Seq Scan", "Parent Relationship": "Outer", "Parallel Aware": false, "Relation Name": "lineitem", "Schema": "public", "Alias": "lineitem", "Startup Cost": 0.0, "Total Cost": 93730.69, "Plan Rows": 748054, "Plan Width": 16, "Actual Startup Time": 0.017, "Actual Total Time": 977.162, "Actual Rows": 739563, "Actual Loops": 1, "Output": ["lineitem.l_orderkey", "lineitem.l_partkey", "lineitem.l_suppkey", "lineitem.l_linenumber", "lineitem.l_quantity", "lineitem.l_extendedprice", "lineitem.l_discount", "lineitem.l_tax", "lineitem.l_returnflag", "lineitem.l_linestatus", "lineitem.l_shipdate", "lineitem.l_commitdate", "lineitem.l_receiptdate", "lineitem.l_shipinstruct", "lineitem.l_shipmode", "lineitem.l_comment"], "Filter": "(lineitem.l_returnflag = 'R'::bpchar)", "Rows Removed by Filter": 2260108}, {"Node Type": "Hash", "Parent Relationship": "Inner", "Parallel Aware": false, "Startup Cost": 24300.0, "Total Cost": 24300.0, "Plan Rows": 27759, "Plan Width": 8, "Actual Startup Time": 145.355, "Actual Total Time": 145.355, "Actual Rows": 28243, "Actual Loops": 1, "Output": ["orders.o_custkey", "orders.o_orderkey"], "Hash Buckets": 32768, "Original Hash Buckets": 32768, "Hash Batches": 1, "Original Hash Batches": 1, "Peak Memory Usage": 1360, "Plans": [{"Node Type": "Seq Scan", "Parent Relationship": "Outer", "Parallel Aware": false, "Relation Name": "orders", "Schema": "public", "Alias": "orders", "Startup Cost": 0.0, "Total Cost": 24300.0, "Plan Rows": 27759, "Plan Width": 8, "Actual Startup Time": 0.007, "Actual Total Time": 135.879, "Actual Rows": 28243, "Actual Loops": 1, "Output": ["orders.o_custkey", "orders.o_orderkey"], "Filter": "((orders.o_orderdate >= '1994-09-02'::date) AND (orders.o_orderdate < '1994-12-02 00:00:00'::timestamp without time zone))", "Rows Removed by Filter": 721757}]}]}]}]}]}]}]}, "Planning Time": 64.953, "Triggers": [], "Execution Time": 1672.76}]
q14#####[{"Plan": {"Node Type": "Sort", "Parallel Aware": false, "Startup Cost": 1190631.03, "Total Cost": 1197208.28, "Plan Rows": 2630900, "Plan Width": 205, "Actual Startup Time": 1547.705, "Actual Total Time": 1551.207, "Actual Rows": 17789, "Actual Loops": 1, "Output": ["customer.c_custkey", "customer.c_name", "(sum((lineitem.l_extendedprice * ('1'::numeric - lineitem.l_discount))))", "customer.c_acctbal", "nation.n_name", "customer.c_address", "customer.c_phone", "customer.c_comment"], "Sort Key": ["(sum((lineitem.l_extendedprice * ('1'::numeric - lineitem.l_discount)))) DESC"], "Sort Method": "external merge", "Sort Space Used": 3024, "Sort Space Type": "Disk", "Plans": [{"Node Type": "Aggregate", "Strategy": "Sorted", "Partial Mode": "Simple", "Parent Relationship": "Outer", "Parallel Aware": false, "Startup Cost": 138609.72, "Total Cost": 388527.36, "Plan Rows": 2630900, "Plan Width": 205, "Actual Startup Time": 1391.674, "Actual Total Time": 1517.719, "Actual Rows": 17789, "Actual Loops": 1, "Output": ["customer.c_custkey", "customer.c_name", "sum((lineitem.l_extendedprice * ('1'::numeric - lineitem.l_discount)))", "customer.c_acctbal", "nation.n_name", "customer.c_address", "customer.c_phone", "customer.c_comment"], "Group Key": ["customer.c_custkey", "customer.c_name", "customer.c_acctbal", "customer.c_phone", "nation.n_name", "customer.c_address", "customer.c_comment"], "Plans": [{"Node Type": "Incremental Sort", "Parent Relationship": "Outer", "Parallel Aware": false, "Startup Cost": 138609.72, "Total Cost": 289868.61, "Plan Rows": 2630900, "Plan Width": 185, "Actual Startup Time": 1391.628, "Actual Total Time": 1478.662, "Actual Rows": 47368, "Actual Loops": 1, "Output": ["customer.c_custkey", "customer.c_name", "customer.c_acctbal", "nation.n_name", "customer.c_address", "customer.c_phone", "customer.c_comment", "lineitem.l_extendedprice", "lineitem.l_discount"], "Sort Key": ["customer.c_custkey", "customer.c_name", "customer.c_acctbal", "customer.c_phone", "nation.n_name", "customer.c_address", "customer.c_comment"], "Presorted Key": ["customer.c_custkey"], "Full-sort Groups": {"Group Count": 1419, "Sort Methods Used": ["quicksort"], "Sort Space Memory": {"Average Sort Space Used": 33, "Peak Sort Space Used": 33}}, "Plans": [{"Node Type": "Merge Join", "Parent Relationship": "Outer", "Parallel Aware": false, "Join Type": "Inner", "Startup Cost": 138608.2, "Total Cost": 139377.76, "Plan Rows": 2630900, "Plan Width": 185, "Actual Startup Time": 1391.519, "Actual Total Time": 1455.354, "Actual Rows": 47368, "Actual Loops": 1, "Output": ["customer.c_custkey", "customer.c_name", "customer.c_acctbal", "nation.n_name", "customer.c_address", "customer.c_phone", "customer.c_comment", "lineitem.l_extendedprice", "lineitem.l_discount"], "Inner Unique": false, "Merge Cond": "(customer.c_custkey = orders.o_custkey)", "Plans": [{"Node Type": "Sort", "Parent Relationship": "Outer", "Parallel Aware": false, "Startup Cost": 15247.96, "Total Cost": 15435.46, "Plan Rows": 75000, "Plan Width": 173, "Actual Startup Time": 73.155, "Actual Total Time": 119.585, "Actual Rows": 75000, "Actual Loops": 1, "Output": ["customer.c_custkey", "customer.c_name", "customer.c_acctbal", "customer.c_address", "customer.c_phone", "customer.c_comment", "nation.n_name"], "Sort Key": ["customer.c_custkey"], "Sort Method": "external merge", "Sort Space Used": 12024, "Sort Space Type": "Disk", "Plans": [{"Node Type": "Hash Join", "Parent Relationship": "Outer", "Parallel Aware": false, "Join Type": "Inner", "Startup Cost": 21.48, "Total Cost": 2762.99, "Plan Rows": 75000, "Plan Width": 173, "Actual Startup Time": 0.144, "Actual Total Time": 38.731, "Actual Rows": 75000, "Actual Loops": 1, "Output": ["customer.c_custkey", "customer.c_name", "customer.c_acctbal", "customer.c_address", "customer.c_phone", "customer.c_comment", "nation.n_name"], "Inner Unique": true, "Hash Cond": "(customer.c_nationkey = nation.n_nationkey)", "Plans": [{"Node Type": "Seq Scan", "Parent Relationship": "Outer", "Parallel Aware": false, "Relation Name": "customer", "Schema": "public", "Alias": "customer", "Startup Cost": 0.0, "Total Cost": 2543.0, "Plan Rows": 75000, "Plan Width": 148, "Actual Startup Time": 0.019, "Actual Total Time": 7.206, "Actual Rows": 75000, "Actual Loops": 1, "Output": ["customer.c_custkey", "customer.c_name", "customer.c_address", "customer.c_nationkey", "customer.c_phone", "customer.c_acctbal", "customer.c_mktsegment", "customer.c_comment"]}, {"Node Type": "Hash", "Parent Relationship": "Inner", "Parallel Aware": false, "Startup Cost": 15.1, "Total Cost": 15.1, "Plan Rows": 510, "Plan Width": 33, "Actual Startup Time": 0.01, "Actual Total Time": 0.016, "Actual Rows": 25, "Actual Loops": 1, "Output": ["nation.n_name", "nation.n_nationkey"], "Hash Buckets": 1024, "Original Hash Buckets": 1024, "Hash Batches": 1, "Original Hash Batches": 1, "Peak Memory Usage": 10, "Plans": [{"Node Type": "Seq Scan", "Parent Relationship": "Outer", "Parallel Aware": false, "Relation Name": "nation", "Schema": "public", "Alias": "nation", "Startup Cost": 0.0, "Total Cost": 15.1, "Plan Rows": 510, "Plan Width": 33, "Actual Startup Time": 0.005, "Actual Total Time": 0.006, "Actual Rows": 25, "Actual Loops": 1, "Output": ["nation.n_name", "nation.n_nationkey"]}]}]}]}, {"Node Type": "Sort", "Parent Relationship": "Inner", "Parallel Aware": false, "Startup Cost": 123360.2, "Total Cost": 123425.98, "Plan Rows": 26309, "Plan Width": 16, "Actual Startup Time": 1318.327, "Actual Total Time": 1322.776, "Actual Rows": 47368, "Actual Loops": 1, "Output": ["orders.o_custkey", "lineitem.l_extendedprice", "lineitem.l_discount"], "Sort Key": ["orders.o_custkey"], "Sort Method": "external sort", "Sort Space Used": 1472, "Sort Space Type": "Disk", "Plans": [{"Node Type": "Hash Join", "Parent Relationship": "Outer", "Parallel Aware": false, "Join Type": "Inner", "Startup Cost": 24629.71, "Total Cost": 121428.69, "Plan Rows": 26309, "Plan Width": 16, "Actual Startup Time": 246.039, "Actual Total Time": 1274.028, "Actual Rows": 47368, "Actual Loops": 1, "Output": ["orders.o_custkey", "lineitem.l_extendedprice", "lineitem.l_discount"], "Inner Unique": false, "Hash Cond": "(lineitem.l_orderkey = orders.o_orderkey)", "Plans": [{"Node Type": "Seq Scan", "Parent Relationship": "Outer", "Parallel Aware": false, "Relation Name": "lineitem", "Schema": "public", "Alias": "lineitem", "Startup Cost": 0.0, "Total Cost": 93730.69, "Plan Rows": 748054, "Plan Width": 16, "Actual Startup Time": 0.035, "Actual Total Time": 909.658, "Actual Rows": 739563, "Actual Loops": 1, "Output": ["lineitem.l_orderkey", "lineitem.l_partkey", "lineitem.l_suppkey", "lineitem.l_linenumber", "lineitem.l_quantity", "lineitem.l_extendedprice", "lineitem.l_discount", "lineitem.l_tax", "lineitem.l_returnflag", "lineitem.l_linestatus", "lineitem.l_shipdate", "lineitem.l_commitdate", "lineitem.l_receiptdate", "lineitem.l_shipinstruct", "lineitem.l_shipmode", "lineitem.l_comment"], "Filter": "(lineitem.l_returnflag = 'R'::bpchar)", "Rows Removed by Filter": 2260108}, {"Node Type": "Hash", "Parent Relationship": "Inner", "Parallel Aware": false, "Startup Cost": 24300.0, "Total Cost": 24300.0, "Plan Rows": 26377, "Plan Width": 8, "Actual Startup Time": 245.984, "Actual Total Time": 245.984, "Actual Rows": 28396, "Actual Loops": 1, "Output": ["orders.o_custkey", "orders.o_orderkey"], "Hash Buckets": 32768, "Original Hash Buckets": 32768, "Hash Batches": 1, "Original Hash Batches": 1, "Peak Memory Usage": 1366, "Plans": [{"Node Type": "Seq Scan", "Parent Relationship": "Outer", "Parallel Aware": false, "Relation Name": "orders", "Schema": "public", "Alias": "orders", "Startup Cost": 0.0, "Total Cost": 24300.0, "Plan Rows": 26377, "Plan Width": 8, "Actual Startup Time": 0.028, "Actual Total Time": 233.188, "Actual Rows": 28396, "Actual Loops": 1, "Output": ["orders.o_custkey", "orders.o_orderkey"], "Filter": "((orders.o_orderdate >= '1995-01-01'::date) AND (orders.o_orderdate < '1995-04-01 00:00:00'::timestamp without time zone))", "Rows Removed by Filter": 721604}]}]}]}]}]}]}]}, "Planning Time": 28.319, "Triggers": [], "Execution Time": 1564.336}]
q15#####[{"Plan": {"Node Type": "Aggregate", "Strategy": "Sorted", "Partial Mode": "Simple", "Parallel Aware": false, "Startup Cost": 129332.86, "Total Cost": 129334.39, "Plan Rows": 34, "Plan Width": 40, "Actual Startup Time": 1111.148, "Actual Total Time": 1111.45, "Actual Rows": 2, "Actual Loops": 1, "Output": ["(date_part('year'::text, (orders.o_orderdate)::timestamp without time zone))", "(sum(CASE WHEN ((n2.n_name)::text = 'EGYPT'::text) THEN (lineitem.l_extendedprice * ('1'::numeric - lineitem.l_discount)) ELSE '0'::numeric END) / sum((lineitem.l_extendedprice * ('1'::numeric - lineitem.l_discount))))"], "Group Key": ["(date_part('year'::text, (orders.o_orderdate)::timestamp without time zone))"], "Plans": [{"Node Type": "Sort", "Parent Relationship": "Outer", "Parallel Aware": false, "Startup Cost": 129332.86, "Total Cost": 129332.95, "Plan Rows": 34, "Plan Width": 49, "Actual Startup Time": 1110.781, "Actual Total Time": 1110.882, "Actual Rows": 1208, "Actual Loops": 1, "Output": ["(date_part('year'::text, (orders.o_orderdate)::timestamp without time zone))", "n2.n_name", "lineitem.l_extendedprice", "lineitem.l_discount"], "Sort Key": ["(date_part('year'::text, (orders.o_orderdate)::timestamp without time zone))"], "Sort Method": "quicksort", "Sort Space Used": 143, "Sort Space Type": "Memory", "Plans": [{"Node Type": "Nested Loop", "Parent Relationship": "Outer", "Parallel Aware": false, "Join Type": "Inner", "Startup Cost": 31571.3, "Total Cost": 129332.0, "Plan Rows": 34, "Plan Width": 49, "Actual Startup Time": 346.142, "Actual Total Time": 1109.991, "Actual Rows": 1208, "Actual Loops": 1, "Output": ["date_part('year'::text, (orders.o_orderdate)::timestamp without time zone)", "n2.n_name", "lineitem.l_extendedprice", "lineitem.l_discount"], "Inner Unique": true, "Plans": [{"Node Type": "Hash Join", "Parent Relationship": "Outer", "Parallel Aware": false, "Join Type": "Inner", "Startup Cost": 31571.15, "Total Cost": 129325.89, "Plan Rows": 34, "Plan Width": 20, "Actual Startup Time": 346.106, "Actual Total Time": 1102.933, "Actual Rows": 1208, "Actual Loops": 1, "Output": ["lineitem.l_extendedprice", "lineitem.l_discount", "supplier.s_nationkey", "orders.o_orderdate"], "Inner Unique": false, "Hash Cond": "(lineitem.l_suppkey = supplier.s_suppkey)", "Plans": [{"Node Type": "Hash Join", "Parent Relationship": "Outer", "Parallel Aware": false, "Join Type": "Inner", "Startup Cost": 31347.65, "Total Cost": 129101.92, "Plan Rows": 34, "Plan Width": 20, "Actual Startup Time": 344.82, "Actual Total Time": 1100.766, "Actual Rows": 1208, "Actual Loops": 1, "Output": ["lineitem.l_extendedprice", "lineitem.l_discount", "lineitem.l_suppkey", "orders.o_orderdate"], "Inner Unique": false, "Hash Cond": "(lineitem.l_orderkey = orders.o_orderkey)", "Plans": [{"Node Type": "Hash Join", "Parent Relationship": "Outer", "Parallel Aware": false, "Join Type": "Inner", "Startup Cost": 3306.29, "Total Cost": 100985.63, "Plan Rows": 19889, "Plan Width": 20, "Actual Startup Time": 136.957, "Actual Total Time": 885.089, "Actual Rows": 19632, "Actual Loops": 1, "Output": ["lineitem.l_extendedprice", "lineitem.l_discount", "lineitem.l_suppkey", "lineitem.l_orderkey"], "Inner Unique": false, "Hash Cond": "(lineitem.l_partkey = part.p_partkey)", "Plans": [{"Node Type": "Seq Scan", "Parent Relationship": "Outer", "Parallel Aware": false, "Relation Name": "lineitem", "Schema": "public", "Alias": "lineitem", "Startup Cost": 0.0, "Total Cost": 86231.15, "Plan Rows": 2999815, "Plan Width": 24, "Actual Startup Time": 0.016, "Actual Total Time": 464.205, "Actual Rows": 2999671, "Actual Loops": 1, "Output": ["lineitem.l_orderkey", "lineitem.l_partkey", "lineitem.l_suppkey", "lineitem.l_linenumber", "lineitem.l_quantity", "lineitem.l_extendedprice", "lineitem.l_discount", "lineitem.l_tax", "lineitem.l_returnflag", "lineitem.l_linestatus", "lineitem.l_shipdate", "lineitem.l_commitdate", "lineitem.l_receiptdate", "lineitem.l_shipinstruct", "lineitem.l_shipmode", "lineitem.l_comment"]}, {"Node Type": "Hash", "Parent Relationship": "Inner", "Parallel Aware": false, "Startup Cost": 3298.0, "Total Cost": 3298.0, "Plan Rows": 663, "Plan Width": 4, "Actual Startup Time": 136.859, "Actual Total Time": 136.86, "Actual Rows": 660, "Actual Loops": 1, "Output": ["part.p_partkey"], "Hash Buckets": 1024, "Original Hash Buckets": 1024, "Hash Batches": 1, "Original Hash Batches": 1, "Peak Memory Usage": 32, "Plans": [{"Node Type": "Seq Scan", "Parent Relationship": "Outer", "Parallel Aware": false, "Relation Name": "part", "Schema": "public", "Alias": "part", "Startup Cost": 0.0, "Total Cost": 3298.0, "Plan Rows": 663, "Plan Width": 4, "Actual Startup Time": 0.025, "Actual Total Time": 136.3, "Actual Rows": 660, "Actual Loops": 1, "Output": ["part.p_partkey"], "Filter": "((part.p_type)::text = 'STANDARD ANODIZED STEEL'::text)", "Rows Removed by Filter": 99340}]}]}, {"Node Type": "Hash", "Parent Relationship": "Inner", "Parallel Aware": false, "Startup Cost": 28025.12, "Total Cost": 28025.12, "Plan Rows": 1300, "Plan Width": 8, "Actual Startup Time": 207.79, "Actual Total Time": 207.804, "Actual Rows": 45208, "Actual Loops": 1, "Output": ["orders.o_orderdate", "orders.o_orderkey"], "Hash Buckets": 65536, "Original Hash Buckets": 2048, "Hash Batches": 1, "Original Hash Batches": 1, "Peak Memory Usage": 2278, "Plans": [{"Node Type": "Hash Join", "Parent Relationship": "Outer", "Parallel Aware": false, "Join Type": "Inner", "Startup Cost": 2867.1, "Total Cost": 28025.12, "Plan Rows": 1300, "Plan Width": 8, "Actual Startup Time": 24.481, "Actual Total Time": 200.114, "Actual Rows": 45208, "Actual Loops": 1, "Output": ["orders.o_orderdate", "orders.o_orderkey"], "Inner Unique": false, "Hash Cond": "(orders.o_custkey = customer.c_custkey)", "Plans": [{"Node Type": "Seq Scan", "Parent Relationship": "Outer", "Parallel Aware": false, "Relation Name": "orders", "Schema": "public", "Alias": "orders", "Startup Cost": 0.0, "Total Cost": 24300.0, "Plan Rows": 225336, "Plan Width": 12, "Actual Startup Time": 0.026, "Actual Total Time": 135.012, "Actual Rows": 228641, "Actual Loops": 1, "Output": ["orders.o_orderkey", "orders.o_custkey", "orders.o_orderstatus", "orders.o_totalprice", "orders.o_orderdate", "orders.o_orderpriority", "orders.o_clerk", "orders.o_shippriority", "orders.o_comment"], "Filter": "((orders.o_orderdate >= '1995-01-01'::date) AND (orders.o_orderdate <= '1996-12-31'::date))", "Rows Removed by Filter": 521359}, {"Node Type": "Hash", "Parent Relationship": "Inner", "Parallel Aware": false, "Startup Cost": 2861.68, "Total Cost": 2861.68, "Plan Rows": 433, "Plan Width": 4, "Actual Startup Time": 24.402, "Actual Total Time": 24.41, "Actual Rows": 14946, "Actual Loops": 1, "Output": ["customer.c_custkey"], "Hash Buckets": 16384, "Original Hash Buckets": 1024, "Hash Batches": 1, "Original Hash Batches": 1, "Peak Memory Usage": 654, "Plans": [{"Node Type": "Hash Join", "Parent Relationship": "Outer", "Parallel Aware": false, "Join Type": "Inner", "Startup Cost": 33.02, "Total Cost": 2861.68, "Plan Rows": 433, "Plan Width": 4, "Actual Startup Time": 0.111, "Actual Total Time": 19.603, "Actual Rows": 14946, "Actual Loops": 1, "Output": ["customer.c_custkey"], "Inner Unique": false, "Hash Cond": "(customer.c_nationkey = n1.n_nationkey)", "Plans": [{"Node Type": "Seq Scan", "Parent Relationship": "Outer", "Parallel Aware": false, "Relation Name": "customer", "Schema": "public", "Alias": "customer", "Startup Cost": 0.0, "Total Cost": 2543.0, "Plan Rows": 75000, "Plan Width": 8, "Actual Startup Time": 0.008, "Actual Total Time": 7.006, "Actual Rows": 75000, "Actual Loops": 1, "Output": ["customer.c_custkey", "customer.c_name", "customer.c_address", "customer.c_nationkey", "customer.c_phone", "customer.c_acctbal", "customer.c_mktsegment", "customer.c_comment"]}, {"Node Type": "Hash", "Parent Relationship": "Inner", "Parallel Aware": false, "Startup Cost": 32.99, "Total Cost": 32.99, "Plan Rows": 3, "Plan Width": 4, "Actual Startup Time": 0.078, "Actual Total Time": 0.083, "Actual Rows": 5, "Actual Loops": 1, "Output": ["n1.n_nationkey"], "Hash Buckets": 1024, "Original Hash Buckets": 1024, "Hash Batches": 1, "Original Hash Batches": 1, "Peak Memory Usage": 9, "Plans": [{"Node Type": "Hash Join", "Parent Relationship": "Outer", "Parallel Aware": false, "Join Type": "Inner", "Startup Cost": 16.54, "Total Cost": 32.99, "Plan Rows": 3, "Plan Width": 4, "Actual Startup Time": 0.07, "Actual Total Time": 0.077, "Actual Rows": 5, "Actual Loops": 1, "Output": ["n1.n_nationkey"], "Inner Unique": true, "Hash Cond": "(n1.n_regionkey = region.r_regionkey)", "Plans": [{"Node Type": "Seq Scan", "Parent Relationship": "Outer", "Parallel Aware": false, "Relation Name": "nation", "Schema": "public", "Alias": "n1", "Startup Cost": 0.0, "Total Cost": 15.1, "Plan Rows": 510, "Plan Width": 8, "Actual Startup Time": 0.004, "Actual Total Time": 0.006, "Actual Rows": 25, "Actual Loops": 1, "Output": ["n1.n_nationkey", "n1.n_name", "n1.n_regionkey", "n1.n_comment"]}, {"Node Type": "Hash", "Parent Relationship": "Inner", "Parallel Aware": false, "Startup Cost": 16.5, "Total Cost": 16.5, "Plan Rows": 3, "Plan Width": 4, "Actual Startup Time": 0.027, "Actual Total Time": 0.028, "Actual Rows": 1, "Actual Loops": 1, "Output": ["region.r_regionkey"], "Hash Buckets": 1024, "Original Hash Buckets": 1024, "Hash Batches": 1, "Original Hash Batches": 1, "Peak Memory Usage": 9, "Plans": [{"Node Type": "Seq Scan", "Parent Relationship": "Outer", "Parallel Aware": false, "Relation Name": "region", "Schema": "public", "Alias": "region", "Startup Cost": 0.0, "Total Cost": 16.5, "Plan Rows": 3, "Plan Width": 4, "Actual Startup Time": 0.019, "Actual Total Time": 0.019, "Actual Rows": 1, "Actual Loops": 1, "Output": ["region.r_regionkey"], "Filter": "((region.r_name)::text = 'MIDDLE EAST'::text)", "Rows Removed by Filter": 4}]}]}]}]}]}]}]}]}, {"Node Type": "Hash", "Parent Relationship": "Inner", "Parallel Aware": false, "Startup Cost": 161.0, "Total Cost": 161.0, "Plan Rows": 5000, "Plan Width": 8, "Actual Startup Time": 1.218, "Actual Total Time": 1.219, "Actual Rows": 5000, "Actual Loops": 1, "Output": ["supplier.s_suppkey", "supplier.s_nationkey"], "Hash Buckets": 8192, "Original Hash Buckets": 8192, "Hash Batches": 1, "Original Hash Batches": 1, "Peak Memory Usage": 260, "Plans": [{"Node Type": "Seq Scan", "Parent Relationship": "Outer", "Parallel Aware": false, "Relation Name": "supplier", "Schema": "public", "Alias": "supplier", "Startup Cost": 0.0, "Total Cost": 161.0, "Plan Rows": 5000, "Plan Width": 8, "Actual Startup Time": 0.004, "Actual Total Time": 0.589, "Actual Rows": 5000, "Actual Loops": 1, "Output": ["supplier.s_suppkey", "supplier.s_nationkey"]}]}]}, {"Node Type": "Index Scan", "Parent Relationship": "Inner", "Parallel Aware": false, "Scan Direction": "Forward", "Index Name": "nation_pkey", "Relation Name": "nation", "Schema": "public", "Alias": "n2", "Startup Cost": 0.15, "Total Cost": 0.17, "Plan Rows": 1, "Plan Width": 33, "Actual Startup Time": 0.005, "Actual Total Time": 0.005, "Actual Rows": 1, "Actual Loops": 1208, "Output": ["n2.n_nationkey", "n2.n_name", "n2.n_regionkey", "n2.n_comment"], "Index Cond": "(n2.n_nationkey = supplier.s_nationkey)", "Rows Removed by Index Recheck": 0}]}]}]}, "Planning Time": 9.262, "Triggers": [], "Execution Time": 1111.834}]
q16#####[{"Plan": {"Node Type": "Sort", "Parallel Aware": false, "Startup Cost": 125310.21, "Total Cost": 125310.47, "Plan Rows": 103, "Plan Width": 61, "Actual Startup Time": 1393.571, "Actual Total Time": 1393.648, "Actual Rows": 5, "Actual Loops": 1, "Output": ["nation.n_name", "(sum((lineitem.l_extendedprice * ('1'::numeric - lineitem.l_discount))))"], "Sort Key": ["(sum((lineitem.l_extendedprice * ('1'::numeric - lineitem.l_discount)))) DESC"], "Sort Method": "quicksort", "Sort Space Used": 25, "Sort Space Type": "Memory", "Plans": [{"Node Type": "Aggregate", "Strategy": "Sorted", "Partial Mode": "Simple", "Parent Relationship": "Outer", "Parallel Aware": false, "Startup Cost": 125304.19, "Total Cost": 125306.77, "Plan Rows": 103, "Plan Width": 61, "Actual Startup Time": 1392.976, "Actual Total Time": 1393.613, "Actual Rows": 5, "Actual Loops": 1, "Output": ["nation.n_name", "sum((lineitem.l_extendedprice * ('1'::numeric - lineitem.l_discount)))"], "Group Key": ["nation.n_name"], "Plans": [{"Node Type": "Sort", "Parent Relationship": "Outer", "Parallel Aware": false, "Startup Cost": 125304.19, "Total Cost": 125304.45, "Plan Rows": 103, "Plan Width": 41, "Actual Startup Time": 1392.757, "Actual Total Time": 1392.953, "Actual Rows": 3551, "Actual Loops": 1, "Output": ["nation.n_name", "lineitem.l_extendedprice", "lineitem.l_discount"], "Sort Key": ["nation.n_name"], "Sort Method": "quicksort", "Sort Space Used": 373, "Sort Space Type": "Memory", "Plans": [{"Node Type": "Hash Join", "Parent Relationship": "Outer", "Parallel Aware": false, "Join Type": "Inner", "Startup Cost": 27774.17, "Total Cost": 125300.75, "Plan Rows": 103, "Plan Width": 41, "Actual Startup Time": 178.918, "Actual Total Time": 1386.026, "Actual Rows": 3551, "Actual Loops": 1, "Output": ["nation.n_name", "lineitem.l_extendedprice", "lineitem.l_discount"], "Inner Unique": false, "Hash Cond": "((lineitem.l_suppkey = supplier.s_suppkey) AND (customer.c_nationkey = supplier.s_nationkey))", "Plans": [{"Node Type": "Hash Join", "Parent Relationship": "Outer", "Parallel Aware": false, "Join Type": "Inner", "Startup Cost": 27538.17, "Total Cost": 125044.38, "Plan Rows": 2578, "Plan Width": 53, "Actual Startup Time": 173.634, "Actual Total Time": 1364.764, "Actual Rows": 90143, "Actual Loops": 1, "Output": ["customer.c_nationkey", "lineitem.l_extendedprice", "lineitem.l_discount", "lineitem.l_suppkey", "nation.n_name", "nation.n_nationkey"], "Inner Unique": false, "Hash Cond": "(lineitem.l_orderkey = orders.o_orderkey)", "Plans": [{"Node Type": "Seq Scan", "Parent Relationship": "Outer", "Parallel Aware": false, "Relation Name": "lineitem", "Schema": "public", "Alias": "lineitem", "Startup Cost": 0.0, "Total Cost": 86231.15, "Plan Rows": 2999815, "Plan Width": 20, "Actual Startup Time": 0.019, "Actual Total Time": 844.071, "Actual Rows": 2999671, "Actual Loops": 1, "Output": ["lineitem.l_orderkey", "lineitem.l_partkey", "lineitem.l_suppkey", "lineitem.l_linenumber", "lineitem.l_quantity", "lineitem.l_extendedprice", "lineitem.l_discount", "lineitem.l_tax", "lineitem.l_returnflag", "lineitem.l_linestatus", "lineitem.l_shipdate", "lineitem.l_commitdate", "lineitem.l_receiptdate", "lineitem.l_shipinstruct", "lineitem.l_shipmode", "lineitem.l_comment"]}, {"Node Type": "Hash", "Parent Relationship": "Inner", "Parallel Aware": false, "Startup Cost": 27530.12, "Total Cost": 27530.12, "Plan Rows": 644, "Plan Width": 41, "Actual Startup Time": 173.558, "Actual Total Time": 173.63, "Actual Rows": 22550, "Actual Loops": 1, "Output": ["customer.c_nationkey", "orders.o_orderkey", "nation.n_name", "nation.n_nationkey"], "Hash Buckets": 32768, "Original Hash Buckets": 1024, "Hash Batches": 1, "Original Hash Batches": 1, "Peak Memory Usage": 1437, "Plans": [{"Node Type": "Hash Join", "Parent Relationship": "Outer", "Parallel Aware": false, "Join Type": "Inner", "Startup Cost": 2804.78, "Total Cost": 27530.12, "Plan Rows": 644, "Plan Width": 41, "Actual Startup Time": 40.095, "Actual Total Time": 156.904, "Actual Rows": 22550, "Actual Loops": 1, "Output": ["customer.c_nationkey", "orders.o_orderkey", "nation.n_name", "nation.n_nationkey"], "Inner Unique": false, "Hash Cond": "(orders.o_custkey = customer.c_custkey)", "Plans": [{"Node Type": "Seq Scan", "Parent Relationship": "Outer", "Parallel Aware": false, "Relation Name": "orders", "Schema": "public", "Alias": "orders", "Startup Cost": 0.0, "Total Cost": 24300.0, "Plan Rows": 111704, "Plan Width": 8, "Actual Startup Time": 0.011, "Actual Total Time": 92.953, "Actual Rows": 113997, "Actual Loops": 1, "Output": ["orders.o_orderkey", "orders.o_custkey", "orders.o_orderstatus", "orders.o_totalprice", "orders.o_orderdate", "orders.o_orderpriority", "orders.o_clerk", "orders.o_shippriority", "orders.o_comment"], "Filter": "((orders.o_orderdate >= '1994-01-01'::date) AND (orders.o_orderdate < '1995-01-01 00:00:00'::timestamp without time zone))", "Rows Removed by Filter": 636003}, {"Node Type": "Hash", "Parent Relationship": "Inner", "Parallel Aware": false, "Startup Cost": 2799.37, "Total Cost": 2799.37, "Plan Rows": 433, "Plan Width": 41, "Actual Startup Time": 40.073, "Actual Total Time": 40.128, "Actual Rows": 14946, "Actual Loops": 1, "Output": ["customer.c_custkey", "customer.c_nationkey", "nation.n_name", "nation.n_nationkey"], "Hash Buckets": 16384, "Original Hash Buckets": 1024, "Hash Batches": 1, "Original Hash Batches": 1, "Peak Memory Usage": 911, "Plans": [{"Node Type": "Hash Join", "Parent Relationship": "Outer", "Parallel Aware": false, "Join Type": "Inner", "Startup Cost": 38.01, "Total Cost": 2799.37, "Plan Rows": 433, "Plan Width": 41, "Actual Startup Time": 0.039, "Actual Total Time": 33.463, "Actual Rows": 14946, "Actual Loops": 1, "Output": ["customer.c_custkey", "customer.c_nationkey", "nation.n_name", "nation.n_nationkey"], "Inner Unique": true, "Hash Cond": "(nation.n_regionkey = region.r_regionkey)", "Plans": [{"Node Type": "Hash Join", "Parent Relationship": "Outer", "Parallel Aware": false, "Join Type": "Inner", "Startup Cost": 21.48, "Total Cost": 2762.99, "Plan Rows": 7500, "Plan Width": 45, "Actual Startup Time": 0.015, "Actual Total Time": 26.989, "Actual Rows": 75000, "Actual Loops": 1, "Output": ["customer.c_custkey", "customer.c_nationkey", "nation.n_name", "nation.n_nationkey", "nation.n_regionkey"], "Inner Unique": true, "Hash Cond": "(customer.c_nationkey = nation.n_nationkey)", "Plans": [{"Node Type": "Seq Scan", "Parent Relationship": "Outer", "Parallel Aware": false, "Relation Name": "customer", "Schema": "public", "Alias": "customer", "Startup Cost": 0.0, "Total Cost": 2543.0, "Plan Rows": 75000, "Plan Width": 8, "Actual Startup Time": 0.004, "Actual Total Time": 11.41, "Actual Rows": 75000, "Actual Loops": 1, "Output": ["customer.c_custkey", "customer.c_name", "customer.c_address", "customer.c_nationkey", "customer.c_phone", "customer.c_acctbal", "customer.c_mktsegment", "customer.c_comment"]}, {"Node Type": "Hash", "Parent Relationship": "Inner", "Parallel Aware": false, "Startup Cost": 15.1, "Total Cost": 15.1, "Plan Rows": 510, "Plan Width": 37, "Actual Startup Time": 0.006, "Actual Total Time": 0.014, "Actual Rows": 25, "Actual Loops": 1, "Output": ["nation.n_name", "nation.n_nationkey", "nation.n_regionkey"], "Hash Buckets": 1024, "Original Hash Buckets": 1024, "Hash Batches": 1, "Original Hash Batches": 1, "Peak Memory Usage": 10, "Plans": [{"Node Type": "Seq Scan", "Parent Relationship": "Outer", "Parallel Aware": false, "Relation Name": "nation", "Schema": "public", "Alias": "nation", "Startup Cost": 0.0, "Total Cost": 15.1, "Plan Rows": 510, "Plan Width": 37, "Actual Startup Time": 0.002, "Actual Total Time": 0.005, "Actual Rows": 25, "Actual Loops": 1, "Output": ["nation.n_name", "nation.n_nationkey", "nation.n_regionkey"]}]}]}, {"Node Type": "Hash", "Parent Relationship": "Inner", "Parallel Aware": false, "Startup Cost": 16.5, "Total Cost": 16.5, "Plan Rows": 3, "Plan Width": 4, "Actual Startup Time": 0.017, "Actual Total Time": 0.018, "Actual Rows": 1, "Actual Loops": 1, "Output": ["region.r_regionkey"], "Hash Buckets": 1024, "Original Hash Buckets": 1024, "Hash Batches": 1, "Original Hash Batches": 1, "Peak Memory Usage": 9, "Plans": [{"Node Type": "Seq Scan", "Parent Relationship": "Outer", "Parallel Aware": false, "Relation Name": "region", "Schema": "public", "Alias": "region", "Startup Cost": 0.0, "Total Cost": 16.5, "Plan Rows": 3, "Plan Width": 4, "Actual Startup Time": 0.016, "Actual Total Time": 0.016, "Actual Rows": 1, "Actual Loops": 1, "Output": ["region.r_regionkey"], "Filter": "((region.r_name)::text = 'MIDDLE EAST'::text)", "Rows Removed by Filter": 4}]}]}]}]}]}]}, {"Node Type": "Hash", "Parent Relationship": "Inner", "Parallel Aware": false, "Startup Cost": 161.0, "Total Cost": 161.0, "Plan Rows": 5000, "Plan Width": 8, "Actual Startup Time": 1.138, "Actual Total Time": 1.138, "Actual Rows": 5000, "Actual Loops": 1, "Output": ["supplier.s_suppkey", "supplier.s_nationkey"], "Hash Buckets": 8192, "Original Hash Buckets": 8192, "Hash Batches": 1, "Original Hash Batches": 1, "Peak Memory Usage": 260, "Plans": [{"Node Type": "Seq Scan", "Parent Relationship": "Outer", "Parallel Aware": false, "Relation Name": "supplier", "Schema": "public", "Alias": "supplier", "Startup Cost": 0.0, "Total Cost": 161.0, "Plan Rows": 5000, "Plan Width": 8, "Actual Startup Time": 0.005, "Actual Total Time": 0.579, "Actual Rows": 5000, "Actual Loops": 1, "Output": ["supplier.s_suppkey", "supplier.s_nationkey"]}]}]}]}]}]}, "Planning Time": 3.178, "Triggers": [], "Execution Time": 1394.035}]
q17#####[{"Plan": {"Node Type": "Sort", "Parallel Aware": false, "Startup Cost": 125319.75, "Total Cost": 125320.01, "Plan Rows": 105, "Plan Width": 61, "Actual Startup Time": 1104.23, "Actual Total Time": 1104.246, "Actual Rows": 5, "Actual Loops": 1, "Output": ["nation.n_name", "(sum((lineitem.l_extendedprice * ('1'::numeric - lineitem.l_discount))))"], "Sort Key": ["(sum((lineitem.l_extendedprice * ('1'::numeric - lineitem.l_discount)))) DESC"], "Sort Method": "quicksort", "Sort Space Used": 25, "Sort Space Type": "Memory", "Plans": [{"Node Type": "Aggregate", "Strategy": "Sorted", "Partial Mode": "Simple", "Parent Relationship": "Outer", "Parallel Aware": false, "Startup Cost": 125313.6, "Total Cost": 125316.22, "Plan Rows": 105, "Plan Width": 61, "Actual Startup Time": 1098.547, "Actual Total Time": 1104.227, "Actual Rows": 5, "Actual Loops": 1, "Output": ["nation.n_name", "sum((lineitem.l_extendedprice * ('1'::numeric - lineitem.l_discount)))"], "Group Key": ["nation.n_name"], "Plans": [{"Node Type": "Sort", "Parent Relationship": "Outer", "Parallel Aware": false, "Startup Cost": 125313.6, "Total Cost": 125313.86, "Plan Rows": 105, "Plan Width": 41, "Actual Startup Time": 1098.159, "Actual Total Time": 1098.406, "Actual Rows": 3732, "Actual Loops": 1, "Output": ["nation.n_name", "lineitem.l_extendedprice", "lineitem.l_discount"], "Sort Key": ["nation.n_name"], "Sort Method": "quicksort", "Sort Space Used": 387, "Sort Space Type": "Memory", "Plans": [{"Node Type": "Hash Join", "Parent Relationship": "Outer", "Parallel Aware": false, "Join Type": "Inner", "Startup Cost": 27782.58, "Total Cost": 125310.07, "Plan Rows": 105, "Plan Width": 41, "Actual Startup Time": 325.14, "Actual Total Time": 1095.662, "Actual Rows": 3732, "Actual Loops": 1, "Output": ["nation.n_name", "lineitem.l_extendedprice", "lineitem.l_discount"], "Inner Unique": false, "Hash Cond": "((lineitem.l_suppkey = supplier.s_suppkey) AND (customer.c_nationkey = supplier.s_nationkey))", "Plans": [{"Node Type": "Hash Join", "Parent Relationship": "Outer", "Parallel Aware": false, "Join Type": "Inner", "Startup Cost": 27546.58, "Total Cost": 125053.31, "Plan Rows": 2628, "Plan Width": 53, "Actual Startup Time": 320.764, "Actual Total Time": 1080.49, "Actual Rows": 91016, "Actual Loops": 1, "Output": ["customer.c_nationkey", "lineitem.l_extendedprice", "lineitem.l_discount", "lineitem.l_suppkey", "nation.n_name", "nation.n_nationkey"], "Inner Unique": false, "Hash Cond": "(lineitem.l_orderkey = orders.o_orderkey)", "Plans": [{"Node Type": "Seq Scan", "Parent Relationship": "Outer", "Parallel Aware": false, "Relation Name": "lineitem", "Schema": "public", "Alias": "lineitem", "Startup Cost": 0.0, "Total Cost": 86231.15, "Plan Rows": 2999815, "Plan Width": 20, "Actual Startup Time": 0.016, "Actual Total Time": 526.974, "Actual Rows": 2999671, "Actual Loops": 1, "Output": ["lineitem.l_orderkey", "lineitem.l_partkey", "lineitem.l_suppkey", "lineitem.l_linenumber", "lineitem.l_quantity", "lineitem.l_extendedprice", "lineitem.l_discount", "lineitem.l_tax", "lineitem.l_returnflag", "lineitem.l_linestatus", "lineitem.l_shipdate", "lineitem.l_commitdate", "lineitem.l_receiptdate", "lineitem.l_shipinstruct", "lineitem.l_shipmode", "lineitem.l_comment"]}, {"Node Type": "Hash", "Parent Relationship": "Inner", "Parallel Aware": false, "Startup Cost": 27538.36, "Total Cost": 27538.36, "Plan Rows": 657, "Plan Width": 41, "Actual Startup Time": 319.633, "Actual Total Time": 319.646, "Actual Rows": 22761, "Actual Loops": 1, "Output": ["customer.c_nationkey", "orders.o_orderkey", "nation.n_name", "nation.n_nationkey"], "Hash Buckets": 32768, "Original Hash Buckets": 1024, "Hash Batches": 1, "Original Hash Batches": 1, "Peak Memory Usage": 1430, "Plans": [{"Node Type": "Hash Join", "Parent Relationship": "Outer", "Parallel Aware": false, "Join Type": "Inner", "Startup Cost": 2804.78, "Total Cost": 27538.36, "Plan Rows": 657, "Plan Width": 41, "Actual Startup Time": 101.199, "Actual Total Time": 306.245, "Actual Rows": 22761, "Actual Loops": 1, "Output": ["customer.c_nationkey", "orders.o_orderkey", "nation.n_name", "nation.n_nationkey"], "Inner Unique": false, "Hash Cond": "(orders.o_custkey = customer.c_custkey)", "Plans": [{"Node Type": "Seq Scan", "Parent Relationship": "Outer", "Parallel Aware": false, "Relation Name": "orders", "Schema": "public", "Alias": "orders", "Startup Cost": 0.0, "Total Cost": 24300.0, "Plan Rows": 113871, "Plan Width": 8, "Actual Startup Time": 0.007, "Actual Total Time": 187.581, "Actual Rows": 113599, "Actual Loops": 1, "Output": ["orders.o_orderkey", "orders.o_custkey", "orders.o_orderstatus", "orders.o_totalprice", "orders.o_orderdate", "orders.o_orderpriority", "orders.o_clerk", "orders.o_shippriority", "orders.o_comment"], "Filter": "((orders.o_orderdate >= '1997-01-10'::date) AND (orders.o_orderdate < '1998-01-10 00:00:00'::timestamp without time zone))", "Rows Removed by Filter": 636401}, {"Node Type": "Hash", "Parent Relationship": "Inner", "Parallel Aware": false, "Startup Cost": 2799.37, "Total Cost": 2799.37, "Plan Rows": 433, "Plan Width": 41, "Actual Startup Time": 101.161, "Actual Total Time": 101.17, "Actual Rows": 15053, "Actual Loops": 1, "Output": ["customer.c_custkey", "customer.c_nationkey", "nation.n_name", "nation.n_nationkey"], "Hash Buckets": 16384, "Original Hash Buckets": 1024, "Hash Batches": 1, "Original Hash Batches": 1, "Peak Memory Usage": 905, "Plans": [{"Node Type": "Hash Join", "Parent Relationship": "Outer", "Parallel Aware": false, "Join Type": "Inner", "Startup Cost": 38.01, "Total Cost": 2799.37, "Plan Rows": 433, "Plan Width": 41, "Actual Startup Time": 0.359, "Actual Total Time": 89.801, "Actual Rows": 15053, "Actual Loops": 1, "Output": ["customer.c_custkey", "customer.c_nationkey", "nation.n_name", "nation.n_nationkey"], "Inner Unique": true, "Hash Cond": "(nation.n_regionkey = region.r_regionkey)", "Plans": [{"Node Type": "Hash Join", "Parent Relationship": "Outer", "Parallel Aware": false, "Join Type": "Inner", "Startup Cost": 21.48, "Total Cost": 2762.99, "Plan Rows": 7500, "Plan Width": 45, "Actual Startup Time": 0.052, "Actual Total Time": 84.307, "Actual Rows": 75000, "Actual Loops": 1, "Output": ["customer.c_custkey", "customer.c_nationkey", "nation.n_name", "nation.n_nationkey", "nation.n_regionkey"], "Inner Unique": true, "Hash Cond": "(customer.c_nationkey = nation.n_nationkey)", "Plans": [{"Node Type": "Seq Scan", "Parent Relationship": "Outer", "Parallel Aware": false, "Relation Name": "customer", "Schema": "public", "Alias": "customer", "Startup Cost": 0.0, "Total Cost": 2543.0, "Plan Rows": 75000, "Plan Width": 8, "Actual Startup Time": 0.013, "Actual Total Time": 9.439, "Actual Rows": 75000, "Actual Loops": 1, "Output": ["customer.c_custkey", "customer.c_name", "customer.c_address", "customer.c_nationkey", "customer.c_phone", "customer.c_acctbal", "customer.c_mktsegment", "customer.c_comment"]}, {"Node Type": "Hash", "Parent Relationship": "Inner", "Parallel Aware": false, "Startup Cost": 15.1, "Total Cost": 15.1, "Plan Rows": 510, "Plan Width": 37, "Actual Startup Time": 0.012, "Actual Total Time": 0.013, "Actual Rows": 25, "Actual Loops": 1, "Output": ["nation.n_name", "nation.n_nationkey", "nation.n_regionkey"], "Hash Buckets": 1024, "Original Hash Buckets": 1024, "Hash Batches": 1, "Original Hash Batches": 1, "Peak Memory Usage": 10, "Plans": [{"Node Type": "Seq Scan", "Parent Relationship": "Outer", "Parallel Aware": false, "Relation Name": "nation", "Schema": "public", "Alias": "nation", "Startup Cost": 0.0, "Total Cost": 15.1, "Plan Rows": 510, "Plan Width": 37, "Actual Startup Time": 0.002, "Actual Total Time": 0.003, "Actual Rows": 25, "Actual Loops": 1, "Output": ["nation.n_name", "nation.n_nationkey", "nation.n_regionkey"]}]}]}, {"Node Type": "Hash", "Parent Relationship": "Inner", "Parallel Aware": false, "Startup Cost": 16.5, "Total Cost": 16.5, "Plan Rows": 3, "Plan Width": 4, "Actual Startup Time": 0.041, "Actual Total Time": 0.041, "Actual Rows": 1, "Actual Loops": 1, "Output": ["region.r_regionkey"], "Hash Buckets": 1024, "Original Hash Buckets": 1024, "Hash Batches": 1, "Original Hash Batches": 1, "Peak Memory Usage": 9, "Plans": [{"Node Type": "Seq Scan", "Parent Relationship": "Outer", "Parallel Aware": false, "Relation Name": "region", "Schema": "public", "Alias": "region", "Startup Cost": 0.0, "Total Cost": 16.5, "Plan Rows": 3, "Plan Width": 4, "Actual Startup Time": 0.034, "Actual Total Time": 0.034, "Actual Rows": 1, "Actual Loops": 1, "Output": ["region.r_regionkey"], "Filter": "((region.r_name)::text = 'ASIA'::text)", "Rows Removed by Filter": 4}]}]}]}]}]}]}, {"Node Type": "Hash", "Parent Relationship": "Inner", "Parallel Aware": false, "Startup Cost": 161.0, "Total Cost": 161.0, "Plan Rows": 5000, "Plan Width": 8, "Actual Startup Time": 1.97, "Actual Total Time": 1.97, "Actual Rows": 5000, "Actual Loops": 1, "Output": ["supplier.s_suppkey", "supplier.s_nationkey"], "Hash Buckets": 8192, "Original Hash Buckets": 8192, "Hash Batches": 1, "Original Hash Batches": 1, "Peak Memory Usage": 260, "Plans": [{"Node Type": "Seq Scan", "Parent Relationship": "Outer", "Parallel Aware": false, "Relation Name": "supplier", "Schema": "public", "Alias": "supplier", "Startup Cost": 0.0, "Total Cost": 161.0, "Plan Rows": 5000, "Plan Width": 8, "Actual Startup Time": 0.012, "Actual Total Time": 1.43, "Actual Rows": 5000, "Actual Loops": 1, "Output": ["supplier.s_suppkey", "supplier.s_nationkey"]}]}]}]}]}]}, "Planning Time": 13.148, "Triggers": [], "Execution Time": 1104.37}]
q18#####[{"Plan": {"Node Type": "Sort", "Parallel Aware": false, "Startup Cost": 125325.51, "Total Cost": 125325.77, "Plan Rows": 106, "Plan Width": 61, "Actual Startup Time": 1578.505, "Actual Total Time": 1578.57, "Actual Rows": 5, "Actual Loops": 1, "Output": ["nation.n_name", "(sum((lineitem.l_extendedprice * ('1'::numeric - lineitem.l_discount))))"], "Sort Key": ["(sum((lineitem.l_extendedprice * ('1'::numeric - lineitem.l_discount)))) DESC"], "Sort Method": "quicksort", "Sort Space Used": 25, "Sort Space Type": "Memory", "Plans": [{"Node Type": "Aggregate", "Strategy": "Sorted", "Partial Mode": "Simple", "Parent Relationship": "Outer", "Parallel Aware": false, "Startup Cost": 125319.29, "Total Cost": 125321.94, "Plan Rows": 106, "Plan Width": 61, "Actual Startup Time": 1577.876, "Actual Total Time": 1578.536, "Actual Rows": 5, "Actual Loops": 1, "Output": ["nation.n_name", "sum((lineitem.l_extendedprice * ('1'::numeric - lineitem.l_discount)))"], "Group Key": ["nation.n_name"], "Plans": [{"Node Type": "Sort", "Parent Relationship": "Outer", "Parallel Aware": false, "Startup Cost": 125319.29, "Total Cost": 125319.56, "Plan Rows": 106, "Plan Width": 41, "Actual Startup Time": 1577.489, "Actual Total Time": 1577.718, "Actual Rows": 3424, "Actual Loops": 1, "Output": ["nation.n_name", "lineitem.l_extendedprice", "lineitem.l_discount"], "Sort Key": ["nation.n_name"], "Sort Method": "quicksort", "Sort Space Used": 363, "Sort Space Type": "Memory", "Plans": [{"Node Type": "Hash Join", "Parent Relationship": "Outer", "Parallel Aware": false, "Join Type": "Inner", "Startup Cost": 27787.67, "Total Cost": 125315.72, "Plan Rows": 106, "Plan Width": 41, "Actual Startup Time": 216.848, "Actual Total Time": 1573.519, "Actual Rows": 3424, "Actual Loops": 1, "Output": ["nation.n_name", "lineitem.l_extendedprice", "lineitem.l_discount"], "Inner Unique": false, "Hash Cond": "((lineitem.l_suppkey = supplier.s_suppkey) AND (customer.c_nationkey = supplier.s_nationkey))", "Plans": [{"Node Type": "Hash Join", "Parent Relationship": "Outer", "Parallel Aware": false, "Join Type": "Inner", "Startup Cost": 27551.67, "Total Cost": 125058.73, "Plan Rows": 2658, "Plan Width": 53, "Actual Startup Time": 213.574, "Actual Total Time": 1552.982, "Actual Rows": 90071, "Actual Loops": 1, "Output": ["customer.c_nationkey", "lineitem.l_extendedprice", "lineitem.l_discount", "lineitem.l_suppkey", "nation.n_name", "nation.n_nationkey"], "Inner Unique": false, "Hash Cond": "(lineitem.l_orderkey = orders.o_orderkey)", "Plans": [{"Node Type": "Seq Scan", "Parent Relationship": "Outer", "Parallel Aware": false, "Relation Name": "lineitem", "Schema": "public", "Alias": "lineitem", "Startup Cost": 0.0, "Total Cost": 86231.15, "Plan Rows": 2999815, "Plan Width": 20, "Actual Startup Time": 0.021, "Actual Total Time": 948.416, "Actual Rows": 2999671, "Actual Loops": 1, "Output": ["lineitem.l_orderkey", "lineitem.l_partkey", "lineitem.l_suppkey", "lineitem.l_linenumber", "lineitem.l_quantity", "lineitem.l_extendedprice", "lineitem.l_discount", "lineitem.l_tax", "lineitem.l_returnflag", "lineitem.l_linestatus", "lineitem.l_shipdate", "lineitem.l_commitdate", "lineitem.l_receiptdate", "lineitem.l_shipinstruct", "lineitem.l_shipmode", "lineitem.l_comment"]}, {"Node Type": "Hash", "Parent Relationship": "Inner", "Parallel Aware": false, "Startup Cost": 27543.36, "Total Cost": 27543.36, "Plan Rows": 665, "Plan Width": 41, "Actual Startup Time": 213.265, "Actual Total Time": 213.321, "Actual Rows": 22564, "Actual Loops": 1, "Output": ["customer.c_nationkey", "orders.o_orderkey", "nation.n_name", "nation.n_nationkey"], "Hash Buckets": 32768, "Original Hash Buckets": 1024, "Hash Batches": 1, "Original Hash Batches": 1, "Peak Memory Usage": 1438, "Plans": [{"Node Type": "Hash Join", "Parent Relationship": "Outer", "Parallel Aware": false, "Join Type": "Inner", "Startup Cost": 2804.78, "Total Cost": 27543.36, "Plan Rows": 665, "Plan Width": 41, "Actual Startup Time": 46.084, "Actual Total Time": 204.597, "Actual Rows": 22564, "Actual Loops": 1, "Output": ["customer.c_nationkey", "orders.o_orderkey", "nation.n_name", "nation.n_nationkey"], "Inner Unique": false, "Hash Cond": "(orders.o_custkey = customer.c_custkey)", "Plans": [{"Node Type": "Seq Scan", "Parent Relationship": "Outer", "Parallel Aware": false, "Relation Name": "orders", "Schema": "public", "Alias": "orders", "Startup Cost": 0.0, "Total Cost": 24300.0, "Plan Rows": 115182, "Plan Width": 8, "Actual Startup Time": 0.011, "Actual Total Time": 142.664, "Actual Rows": 114407, "Actual Loops": 1, "Output": ["orders.o_orderkey", "orders.o_custkey", "orders.o_orderstatus", "orders.o_totalprice", "orders.o_orderdate", "orders.o_orderpriority", "orders.o_clerk", "orders.o_shippriority", "orders.o_comment"], "Filter": "((orders.o_orderdate >= '1996-01-01'::date) AND (orders.o_orderdate < '1997-01-01 00:00:00'::timestamp without time zone))", "Rows Removed by Filter": 635593}, {"Node Type": "Hash", "Parent Relationship": "Inner", "Parallel Aware": false, "Startup Cost": 2799.37, "Total Cost": 2799.37, "Plan Rows": 433, "Plan Width": 41, "Actual Startup Time": 46.053, "Actual Total Time": 46.095, "Actual Rows": 14946, "Actual Loops": 1, "Output": ["customer.c_custkey", "customer.c_nationkey", "nation.n_name", "nation.n_nationkey"], "Hash Buckets": 16384, "Original Hash Buckets": 1024, "Hash Batches": 1, "Original Hash Batches": 1, "Peak Memory Usage": 911, "Plans": [{"Node Type": "Hash Join", "Parent Relationship": "Outer", "Parallel Aware": false, "Join Type": "Inner", "Startup Cost": 38.01, "Total Cost": 2799.37, "Plan Rows": 433, "Plan Width": 41, "Actual Startup Time": 0.339, "Actual Total Time": 42.164, "Actual Rows": 14946, "Actual Loops": 1, "Output": ["customer.c_custkey", "customer.c_nationkey", "nation.n_name", "nation.n_nationkey"], "Inner Unique": true, "Hash Cond": "(nation.n_regionkey = region.r_regionkey)", "Plans": [{"Node Type": "Hash Join", "Parent Relationship": "Outer", "Parallel Aware": false, "Join Type": "Inner", "Startup Cost": 21.48, "Total Cost": 2762.99, "Plan Rows": 7500, "Plan Width": 45, "Actual Startup Time": 0.285, "Actual Total Time": 35.625, "Actual Rows": 75000, "Actual Loops": 1, "Output": ["customer.c_custkey", "customer.c_nationkey", "nation.n_name", "nation.n_nationkey", "nation.n_regionkey"], "Inner Unique": true, "Hash Cond": "(customer.c_nationkey = nation.n_nationkey)", "Plans": [{"Node Type": "Seq Scan", "Parent Relationship": "Outer", "Parallel Aware": false, "Relation Name": "customer", "Schema": "public", "Alias": "customer", "Startup Cost": 0.0, "Total Cost": 2543.0, "Plan Rows": 75000, "Plan Width": 8, "Actual Startup Time": 0.011, "Actual Total Time": 7.45, "Actual Rows": 75000, "Actual Loops": 1, "Output": ["customer.c_custkey", "customer.c_name", "customer.c_address", "customer.c_nationkey", "customer.c_phone", "customer.c_acctbal", "customer.c_mktsegment", "customer.c_comment"]}, {"Node Type": "Hash", "Parent Relationship": "Inner", "Parallel Aware": false, "Startup Cost": 15.1, "Total Cost": 15.1, "Plan Rows": 510, "Plan Width": 37, "Actual Startup Time": 0.015, "Actual Total Time": 0.016, "Actual Rows": 25, "Actual Loops": 1, "Output": ["nation.n_name", "nation.n_nationkey", "nation.n_regionkey"], "Hash Buckets": 1024, "Original Hash Buckets": 1024, "Hash Batches": 1, "Original Hash Batches": 1, "Peak Memory Usage": 10, "Plans": [{"Node Type": "Seq Scan", "Parent Relationship": "Outer", "Parallel Aware": false, "Relation Name": "nation", "Schema": "public", "Alias": "nation", "Startup Cost": 0.0, "Total Cost": 15.1, "Plan Rows": 510, "Plan Width": 37, "Actual Startup Time": 0.004, "Actual Total Time": 0.006, "Actual Rows": 25, "Actual Loops": 1, "Output": ["nation.n_name", "nation.n_nationkey", "nation.n_regionkey"]}]}]}, {"Node Type": "Hash", "Parent Relationship": "Inner", "Parallel Aware": false, "Startup Cost": 16.5, "Total Cost": 16.5, "Plan Rows": 3, "Plan Width": 4, "Actual Startup Time": 0.033, "Actual Total Time": 0.039, "Actual Rows": 1, "Actual Loops": 1, "Output": ["region.r_regionkey"], "Hash Buckets": 1024, "Original Hash Buckets": 1024, "Hash Batches": 1, "Original Hash Batches": 1, "Peak Memory Usage": 9, "Plans": [{"Node Type": "Seq Scan", "Parent Relationship": "Outer", "Parallel Aware": false, "Relation Name": "region", "Schema": "public", "Alias": "region", "Startup Cost": 0.0, "Total Cost": 16.5, "Plan Rows": 3, "Plan Width": 4, "Actual Startup Time": 0.031, "Actual Total Time": 0.033, "Actual Rows": 1, "Actual Loops": 1, "Output": ["region.r_regionkey"], "Filter": "((region.r_name)::text = 'MIDDLE EAST'::text)", "Rows Removed by Filter": 4}]}]}]}]}]}]}, {"Node Type": "Hash", "Parent Relationship": "Inner", "Parallel Aware": false, "Startup Cost": 161.0, "Total Cost": 161.0, "Plan Rows": 5000, "Plan Width": 8, "Actual Startup Time": 1.482, "Actual Total Time": 1.483, "Actual Rows": 5000, "Actual Loops": 1, "Output": ["supplier.s_suppkey", "supplier.s_nationkey"], "Hash Buckets": 8192, "Original Hash Buckets": 8192, "Hash Batches": 1, "Original Hash Batches": 1, "Peak Memory Usage": 260, "Plans": [{"Node Type": "Seq Scan", "Parent Relationship": "Outer", "Parallel Aware": false, "Relation Name": "supplier", "Schema": "public", "Alias": "supplier", "Startup Cost": 0.0, "Total Cost": 161.0, "Plan Rows": 5000, "Plan Width": 8, "Actual Startup Time": 0.01, "Actual Total Time": 1.053, "Actual Rows": 5000, "Actual Loops": 1, "Output": ["supplier.s_suppkey", "supplier.s_nationkey"]}]}]}]}]}]}, "Planning Time": 5.372, "Triggers": [], "Execution Time": 1580.2}]
q19#####[{"Plan": {"Node Type": "Aggregate", "Strategy": "Sorted", "Partial Mode": "Simple", "Parallel Aware": false, "Startup Cost": 26292.89, "Total Cost": 26293.21, "Plan Rows": 9, "Plan Width": 98, "Actual Startup Time": 214.032, "Actual Total Time": 214.152, "Actual Rows": 4, "Actual Loops": 1, "Output": ["n1.n_name", "n2.n_name", "(date_part('year'::text, (lineitem.l_shipdate)::timestamp without time zone))", "sum((lineitem.l_extendedprice * ('1'::numeric - lineitem.l_discount)))"], "Group Key": ["n1.n_name", "n2.n_name", "(date_part('year'::text, (lineitem.l_shipdate)::timestamp without time zone))"], "Plans": [{"Node Type": "Sort", "Parent Relationship": "Outer", "Parallel Aware": false, "Startup Cost": 26292.89, "Total Cost": 26292.92, "Plan Rows": 9, "Plan Width": 78, "Actual Startup Time": 213.987, "Actual Total Time": 214.017, "Actual Rows": 620, "Actual Loops": 1, "Output": ["n1.n_name", "n2.n_name", "(date_part('year'::text, (lineitem.l_shipdate)::timestamp without time zone))", "lineitem.l_extendedprice", "lineitem.l_discount"], "Sort Key": ["n1.n_name", "n2.n_name", "(date_part('year'::text, (lineitem.l_shipdate)::timestamp without time zone))"], "Sort Method": "quicksort", "Sort Space Used": 73, "Sort Space Type": "Memory", "Plans": [{"Node Type": "Hash Join", "Parent Relationship": "Outer", "Parallel Aware": false, "Join Type": "Inner", "Startup Cost": 5327.32, "Total Cost": 26292.75, "Plan Rows": 9, "Plan Width": 78, "Actual Startup Time": 82.678, "Actual Total Time": 213.442, "Actual Rows": 620, "Actual Loops": 1, "Output": ["n1.n_name", "n2.n_name", "date_part('year'::text, (lineitem.l_shipdate)::timestamp without time zone)", "lineitem.l_extendedprice", "lineitem.l_discount"], "Inner Unique": false, "Hash Cond": "(lineitem.l_suppkey = supplier.s_suppkey)", "Join Filter": "((((n1.n_name)::text = 'IRAN'::text) AND ((n2.n_name)::text = 'IRAQ'::text)) OR (((n1.n_name)::text = 'IRAQ'::text) AND ((n2.n_name)::text = 'IRAN'::text)))", "Rows Removed by Join Filter": 640, "Plans": [{"Node Type": "Hash Join", "Parent Relationship": "Outer", "Parallel Aware": false, "Join Type": "Inner", "Startup Cost": 5273.84, "Total Cost": 26232.07, "Plan Rows": 1812, "Plan Width": 49, "Actual Startup Time": 82.244, "Actual Total Time": 211.311, "Actual Rows": 15085, "Actual Loops": 1, "Output": ["lineitem.l_shipdate", "lineitem.l_extendedprice", "lineitem.l_discount", "lineitem.l_suppkey", "n2.n_name"], "Inner Unique": false, "Hash Cond": "(lineitem.l_orderkey = orders.o_orderkey)", "Plans": [{"Node Type": "Seq Scan", "Parent Relationship": "Outer", "Parallel Aware": false, "Relation Name": "lineitem", "Schema": "public", "Alias": "lineitem", "Startup Cost": 0.0, "Total Cost": 20247.0, "Plan Rows": 184827, "Plan Width": 24, "Actual Startup Time": 0.088, "Actual Total Time": 111.085, "Actual Rows": 182360, "Actual Loops": 1, "Output": ["lineitem.l_orderkey", "lineitem.l_partkey", "lineitem.l_suppkey", "lineitem.l_linenumber", "lineitem.l_quantity", "lineitem.l_extendedprice", "lineitem.l_discount", "lineitem.l_tax", "lineitem.l_returnflag", "lineitem.l_linestatus", "lineitem.l_shipdate", "lineitem.l_commitdate", "lineitem.l_receiptdate", "lineitem.l_shipinstruct", "lineitem.l_shipmode", "lineitem.l_comment"], "Filter": "((lineitem.l_shipdate >= '1995-01-02'::date) AND (lineitem.l_shipdate <= '1996-12-31'::date))", "Rows Removed by Filter": 417640}, {"Node Type": "Hash", "Parent Relationship": "Inner", "Parallel Aware": false, "Startup Cost": 5255.45, "Total Cost": 5255.45, "Plan Rows": 1471, "Plan Width": 33, "Actual Startup Time": 82.126, "Actual Total Time": 82.13, "Actual Rows": 12594, "Actual Loops": 1, "Output": ["orders.o_orderkey", "n2.n_name"], "Hash Buckets": 16384, "Original Hash Buckets": 2048, "Hash Batches": 1, "Original Hash Batches": 1, "Peak Memory Usage": 633, "Plans": [{"Node Type": "Hash Join", "Parent Relationship": "Outer", "Parallel Aware": false, "Join Type": "Inner", "Startup Cost": 568.25, "Total Cost": 5255.45, "Plan Rows": 1471, "Plan Width": 33, "Actual Startup Time": 8.49, "Actual Total Time": 78.83, "Actual Rows": 12594, "Actual Loops": 1, "Output": ["orders.o_orderkey", "n2.n_name"], "Inner Unique": false, "Hash Cond": "(orders.o_custkey = customer.c_custkey)", "Plans": [{"Node Type": "Seq Scan", "Parent Relationship": "Outer", "Parallel Aware": false, "Relation Name": "orders", "Schema": "public", "Alias": "orders", "Startup Cost": 0.0, "Total Cost": 4110.0, "Plan Rows": 150000, "Plan Width": 8, "Actual Startup Time": 0.005, "Actual Total Time": 27.058, "Actual Rows": 150000, "Actual Loops": 1, "Output": ["orders.o_orderkey", "orders.o_custkey", "orders.o_orderstatus", "orders.o_totalprice", "orders.o_orderdate", "orders.o_orderpriority", "orders.o_clerk", "orders.o_shippriority", "orders.o_comment"]}, {"Node Type": "Hash", "Parent Relationship": "Inner", "Parallel Aware": false, "Startup Cost": 566.41, "Total Cost": 566.41, "Plan Rows": 147, "Plan Width": 33, "Actual Startup Time": 8.469, "Actual Total Time": 8.471, "Actual Rows": 1263, "Actual Loops": 1, "Output": ["customer.c_custkey", "n2.n_name"], "Hash Buckets": 2048, "Original Hash Buckets": 1024, "Hash Batches": 1, "Original Hash Batches": 1, "Peak Memory Usage": 67, "Plans": [{"Node Type": "Hash Join", "Parent Relationship": "Outer", "Parallel Aware": false, "Join Type": "Inner", "Startup Cost": 17.71, "Total Cost": 566.41, "Plan Rows": 147, "Plan Width": 33, "Actual Startup Time": 0.017, "Actual Total Time": 8.052, "Actual Rows": 1263, "Actual Loops": 1, "Output": ["customer.c_custkey", "n2.n_name"], "Inner Unique": true, "Hash Cond": "(customer.c_nationkey = n2.n_nationkey)", "Plans": [{"Node Type": "Seq Scan", "Parent Relationship": "Outer", "Parallel Aware": false, "Relation Name": "customer", "Schema": "public", "Alias": "customer", "Startup Cost": 0.0, "Total Cost": 509.0, "Plan Rows": 15000, "Plan Width": 8, "Actual Startup Time": 0.003, "Actual Total Time": 3.366, "Actual Rows": 15000, "Actual Loops": 1, "Output": ["customer.c_custkey", "customer.c_name", "customer.c_address", "customer.c_nationkey", "customer.c_phone", "customer.c_acctbal", "customer.c_mktsegment", "customer.c_comment"]}, {"Node Type": "Hash", "Parent Relationship": "Inner", "Parallel Aware": false, "Startup Cost": 17.65, "Total Cost": 17.65, "Plan Rows": 5, "Plan Width": 33, "Actual Startup Time": 0.006, "Actual Total Time": 0.006, "Actual Rows": 2, "Actual Loops": 1, "Output": ["n2.n_name", "n2.n_nationkey"], "Hash Buckets": 1024, "Original Hash Buckets": 1024, "Hash Batches": 1, "Original Hash Batches": 1, "Peak Memory Usage": 9, "Plans": [{"Node Type": "Seq Scan", "Parent Relationship": "Outer", "Parallel Aware": false, "Relation Name": "nation", "Schema": "public", "Alias": "n2", "Startup Cost": 0.0, "Total Cost": 17.65, "Plan Rows": 5, "Plan Width": 33, "Actual Startup Time": 0.003, "Actual Total Time": 0.004, "Actual Rows": 2, "Actual Loops": 1, "Output": ["n2.n_name", "n2.n_nationkey"], "Filter": "(((n2.n_name)::text = 'IRAQ'::text) OR ((n2.n_name)::text = 'IRAN'::text))", "Rows Removed by Filter": 23}]}]}]}]}]}]}, {"Node Type": "Hash", "Parent Relationship": "Inner", "Parallel Aware": false, "Startup Cost": 53.36, "Total Cost": 53.36, "Plan Rows": 10, "Plan Width": 33, "Actual Startup Time": 0.377, "Actual Total Time": 0.379, "Actual Rows": 83, "Actual Loops": 1, "Output": ["supplier.s_suppkey", "n1.n_name"], "Hash Buckets": 1024, "Original Hash Buckets": 1024, "Hash Batches": 1, "Original Hash Batches": 1, "Peak Memory Usage": 12, "Plans": [{"Node Type": "Hash Join", "Parent Relationship": "Outer", "Parallel Aware": false, "Join Type": "Inner", "Startup Cost": 17.71, "Total Cost": 53.36, "Plan Rows": 10, "Plan Width": 33, "Actual Startup Time": 0.028, "Actual Total Time": 0.355, "Actual Rows": 83, "Actual Loops": 1, "Output": ["supplier.s_suppkey", "n1.n_name"], "Inner Unique": true, "Hash Cond": "(supplier.s_nationkey = n1.n_nationkey)", "Plans": [{"Node Type": "Seq Scan", "Parent Relationship": "Outer", "Parallel Aware": false, "Relation Name": "supplier", "Schema": "public", "Alias": "supplier", "Startup Cost": 0.0, "Total Cost": 33.0, "Plan Rows": 1000, "Plan Width": 8, "Actual Startup Time": 0.009, "Actual Total Time": 0.266, "Actual Rows": 1000, "Actual Loops": 1, "Output": ["supplier.s_suppkey", "supplier.s_name", "supplier.s_address", "supplier.s_nationkey", "supplier.s_phone", "supplier.s_acctbal", "supplier.s_comment"]}, {"Node Type": "Hash", "Parent Relationship": "Inner", "Parallel Aware": false, "Startup Cost": 17.65, "Total Cost": 17.65, "Plan Rows": 5, "Plan Width": 33, "Actual Startup Time": 0.012, "Actual Total Time": 0.013, "Actual Rows": 2, "Actual Loops": 1, "Output": ["n1.n_name", "n1.n_nationkey"], "Hash Buckets": 1024, "Original Hash Buckets": 1024, "Hash Batches": 1, "Original Hash Batches": 1, "Peak Memory Usage": 9, "Plans": [{"Node Type": "Seq Scan", "Parent Relationship": "Outer", "Parallel Aware": false, "Relation Name": "nation", "Schema": "public", "Alias": "n1", "Startup Cost": 0.0, "Total Cost": 17.65, "Plan Rows": 5, "Plan Width": 33, "Actual Startup Time": 0.008, "Actual Total Time": 0.009, "Actual Rows": 2, "Actual Loops": 1, "Output": ["n1.n_name", "n1.n_nationkey"], "Filter": "(((n1.n_name)::text = 'IRAN'::text) OR ((n1.n_name)::text = 'IRAQ'::text))", "Rows Removed by Filter": 23}]}]}]}]}]}]}, "Planning Time": 9.191, "Triggers": [], "Execution Time": 214.246}]
q20#####[{"Plan": {"Node Type": "Aggregate", "Strategy": "Sorted", "Partial Mode": "Simple", "Parallel Aware": false, "Startup Cost": 129332.86, "Total Cost": 129334.39, "Plan Rows": 34, "Plan Width": 40, "Actual Startup Time": 1052.301, "Actual Total Time": 1052.531, "Actual Rows": 2, "Actual Loops": 1, "Output": ["(date_part('year'::text, (orders.o_orderdate)::timestamp without time zone))", "(sum(CASE WHEN ((n2.n_name)::text = 'GERMANY'::text) THEN (lineitem.l_extendedprice * ('1'::numeric - lineitem.l_discount)) ELSE '0'::numeric END) / sum((lineitem.l_extendedprice * ('1'::numeric - lineitem.l_discount))))"], "Group Key": ["(date_part('year'::text, (orders.o_orderdate)::timestamp without time zone))"], "Plans": [{"Node Type": "Sort", "Parent Relationship": "Outer", "Parallel Aware": false, "Startup Cost": 129332.86, "Total Cost": 129332.95, "Plan Rows": 34, "Plan Width": 49, "Actual Startup Time": 1052.004, "Actual Total Time": 1052.163, "Actual Rows": 1156, "Actual Loops": 1, "Output": ["(date_part('year'::text, (orders.o_orderdate)::timestamp without time zone))", "n2.n_name", "lineitem.l_extendedprice", "lineitem.l_discount"], "Sort Key": ["(date_part('year'::text, (orders.o_orderdate)::timestamp without time zone))"], "Sort Method": "quicksort", "Sort Space Used": 139, "Sort Space Type": "Memory", "Plans": [{"Node Type": "Nested Loop", "Parent Relationship": "Outer", "Parallel Aware": false, "Join Type": "Inner", "Startup Cost": 31571.3, "Total Cost": 129332.0, "Plan Rows": 34, "Plan Width": 49, "Actual Startup Time": 274.637, "Actual Total Time": 1050.633, "Actual Rows": 1156, "Actual Loops": 1, "Output": ["date_part('year'::text, (orders.o_orderdate)::timestamp without time zone)", "n2.n_name", "lineitem.l_extendedprice", "lineitem.l_discount"], "Inner Unique": true, "Plans": [{"Node Type": "Hash Join", "Parent Relationship": "Outer", "Parallel Aware": false, "Join Type": "Inner", "Startup Cost": 31571.15, "Total Cost": 129325.89, "Plan Rows": 34, "Plan Width": 20, "Actual Startup Time": 274.617, "Actual Total Time": 1047.465, "Actual Rows": 1156, "Actual Loops": 1, "Output": ["lineitem.l_extendedprice", "lineitem.l_discount", "supplier.s_nationkey", "orders.o_orderdate"], "Inner Unique": false, "Hash Cond": "(lineitem.l_suppkey = supplier.s_suppkey)", "Plans": [{"Node Type": "Hash Join", "Parent Relationship": "Outer", "Parallel Aware": false, "Join Type": "Inner", "Startup Cost": 31347.65, "Total Cost": 129101.92, "Plan Rows": 34, "Plan Width": 20, "Actual Startup Time": 272.235, "Actual Total Time": 1044.02, "Actual Rows": 1156, "Actual Loops": 1, "Output": ["lineitem.l_extendedprice", "lineitem.l_discount", "lineitem.l_suppkey", "orders.o_orderdate"], "Inner Unique": false, "Hash Cond": "(lineitem.l_orderkey = orders.o_orderkey)", "Plans": [{"Node Type": "Hash Join", "Parent Relationship": "Outer", "Parallel Aware": false, "Join Type": "Inner", "Startup Cost": 3306.29, "Total Cost": 100985.63, "Plan Rows": 19889, "Plan Width": 20, "Actual Startup Time": 74.115, "Actual Total Time": 837.537, "Actual Rows": 18705, "Actual Loops": 1, "Output": ["lineitem.l_extendedprice", "lineitem.l_discount", "lineitem.l_suppkey", "lineitem.l_orderkey"], "Inner Unique": false, "Hash Cond": "(lineitem.l_partkey = part.p_partkey)", "Plans": [{"Node Type": "Seq Scan", "Parent Relationship": "Outer", "Parallel Aware": false, "Relation Name": "lineitem", "Schema": "public", "Alias": "lineitem", "Startup Cost": 0.0, "Total Cost": 86231.15, "Plan Rows": 2999815, "Plan Width": 24, "Actual Startup Time": 0.02, "Actual Total Time": 537.642, "Actual Rows": 2999671, "Actual Loops": 1, "Output": ["lineitem.l_orderkey", "lineitem.l_partkey", "lineitem.l_suppkey", "lineitem.l_linenumber", "lineitem.l_quantity", "lineitem.l_extendedprice", "lineitem.l_discount", "lineitem.l_tax", "lineitem.l_returnflag", "lineitem.l_linestatus", "lineitem.l_shipdate", "lineitem.l_commitdate", "lineitem.l_receiptdate", "lineitem.l_shipinstruct", "lineitem.l_shipmode", "lineitem.l_comment"]}, {"Node Type": "Hash", "Parent Relationship": "Inner", "Parallel Aware": false, "Startup Cost": 3298.0, "Total Cost": 3298.0, "Plan Rows": 663, "Plan Width": 4, "Actual Startup Time": 73.499, "Actual Total Time": 73.499, "Actual Rows": 622, "Actual Loops": 1, "Output": ["part.p_partkey"], "Hash Buckets": 1024, "Original Hash Buckets": 1024, "Hash Batches": 1, "Original Hash Batches": 1, "Peak Memory Usage": 30, "Plans": [{"Node Type": "Seq Scan", "Parent Relationship": "Outer", "Parallel Aware": false, "Relation Name": "part", "Schema": "public", "Alias": "part", "Startup Cost": 0.0, "Total Cost": 3298.0, "Plan Rows": 663, "Plan Width": 4, "Actual Startup Time": 0.028, "Actual Total Time": 73.108, "Actual Rows": 622, "Actual Loops": 1, "Output": ["part.p_partkey"], "Filter": "((part.p_type)::text = 'MEDIUM PLATED COPPER'::text)", "Rows Removed by Filter": 99378}]}]}, {"Node Type": "Hash", "Parent Relationship": "Inner", "Parallel Aware": false, "Startup Cost": 28025.12, "Total Cost": 28025.12, "Plan Rows": 1300, "Plan Width": 8, "Actual Startup Time": 197.394, "Actual Total Time": 197.465, "Actual Rows": 46000, "Actual Loops": 1, "Output": ["orders.o_orderdate", "orders.o_orderkey"], "Hash Buckets": 65536, "Original Hash Buckets": 2048, "Hash Batches": 1, "Original Hash Batches": 1, "Peak Memory Usage": 2309, "Plans": [{"Node Type": "Hash Join", "Parent Relationship": "Outer", "Parallel Aware": false, "Join Type": "Inner", "Startup Cost": 2867.1, "Total Cost": 28025.12, "Plan Rows": 1300, "Plan Width": 8, "Actual Startup Time": 22.683, "Actual Total Time": 186.989, "Actual Rows": 46000, "Actual Loops": 1, "Output": ["orders.o_orderdate", "orders.o_orderkey"], "Inner Unique": false, "Hash Cond": "(orders.o_custkey = customer.c_custkey)", "Plans": [{"Node Type": "Seq Scan", "Parent Relationship": "Outer", "Parallel Aware": false, "Relation Name": "orders", "Schema": "public", "Alias": "orders", "Startup Cost": 0.0, "Total Cost": 24300.0, "Plan Rows": 225336, "Plan Width": 12, "Actual Startup Time": 0.014, "Actual Total Time": 126.122, "Actual Rows": 228641, "Actual Loops": 1, "Output": ["orders.o_orderkey", "orders.o_custkey", "orders.o_orderstatus", "orders.o_totalprice", "orders.o_orderdate", "orders.o_orderpriority", "orders.o_clerk", "orders.o_shippriority", "orders.o_comment"], "Filter": "((orders.o_orderdate >= '1995-01-01'::date) AND (orders.o_orderdate <= '1996-12-31'::date))", "Rows Removed by Filter": 521359}, {"Node Type": "Hash", "Parent Relationship": "Inner", "Parallel Aware": false, "Startup Cost": 2861.68, "Total Cost": 2861.68, "Plan Rows": 433, "Plan Width": 4, "Actual Startup Time": 22.646, "Actual Total Time": 22.694, "Actual Rows": 14993, "Actual Loops": 1, "Output": ["customer.c_custkey"], "Hash Buckets": 16384, "Original Hash Buckets": 1024, "Hash Batches": 1, "Original Hash Batches": 1, "Peak Memory Usage": 656, "Plans": [{"Node Type": "Hash Join", "Parent Relationship": "Outer", "Parallel Aware": false, "Join Type": "Inner", "Startup Cost": 33.02, "Total Cost": 2861.68, "Plan Rows": 433, "Plan Width": 4, "Actual Startup Time": 0.102, "Actual Total Time": 20.082, "Actual Rows": 14993, "Actual Loops": 1, "Output": ["customer.c_custkey"], "Inner Unique": false, "Hash Cond": "(customer.c_nationkey = n1.n_nationkey)", "Plans": [{"Node Type": "Seq Scan", "Parent Relationship": "Outer", "Parallel Aware": false, "Relation Name": "customer", "Schema": "public", "Alias": "customer", "Startup Cost": 0.0, "Total Cost": 2543.0, "Plan Rows": 75000, "Plan Width": 8, "Actual Startup Time": 0.006, "Actual Total Time": 10.486, "Actual Rows": 75000, "Actual Loops": 1, "Output": ["customer.c_custkey", "customer.c_name", "customer.c_address", "customer.c_nationkey", "customer.c_phone", "customer.c_acctbal", "customer.c_mktsegment", "customer.c_comment"]}, {"Node Type": "Hash", "Parent Relationship": "Inner", "Parallel Aware": false, "Startup Cost": 32.99, "Total Cost": 32.99, "Plan Rows": 3, "Plan Width": 4, "Actual Startup Time": 0.068, "Actual Total Time": 0.103, "Actual Rows": 5, "Actual Loops": 1, "Output": ["n1.n_nationkey"], "Hash Buckets": 1024, "Original Hash Buckets": 1024, "Hash Batches": 1, "Original Hash Batches": 1, "Peak Memory Usage": 9, "Plans": [{"Node Type": "Hash Join", "Parent Relationship": "Outer", "Parallel Aware": false, "Join Type": "Inner", "Startup Cost": 16.54, "Total Cost": 32.99, "Plan Rows": 3, "Plan Width": 4, "Actual Startup Time": 0.06, "Actual Total Time": 0.087, "Actual Rows": 5, "Actual Loops": 1, "Output": ["n1.n_nationkey"], "Inner Unique": true, "Hash Cond": "(n1.n_regionkey = region.r_regionkey)", "Plans": [{"Node Type": "Seq Scan", "Parent Relationship": "Outer", "Parallel Aware": false, "Relation Name": "nation", "Schema": "public", "Alias": "n1", "Startup Cost": 0.0, "Total Cost": 15.1, "Plan Rows": 510, "Plan Width": 8, "Actual Startup Time": 0.004, "Actual Total Time": 0.011, "Actual Rows": 25, "Actual Loops": 1, "Output": ["n1.n_nationkey", "n1.n_name", "n1.n_regionkey", "n1.n_comment"]}, {"Node Type": "Hash", "Parent Relationship": "Inner", "Parallel Aware": false, "Startup Cost": 16.5, "Total Cost": 16.5, "Plan Rows": 3, "Plan Width": 4, "Actual Startup Time": 0.021, "Actual Total Time": 0.023, "Actual Rows": 1, "Actual Loops": 1, "Output": ["region.r_regionkey"], "Hash Buckets": 1024, "Original Hash Buckets": 1024, "Hash Batches": 1, "Original Hash Batches": 1, "Peak Memory Usage": 9, "Plans": [{"Node Type": "Seq Scan", "Parent Relationship": "Outer", "Parallel Aware": false, "Relation Name": "region", "Schema": "public", "Alias": "region", "Startup Cost": 0.0, "Total Cost": 16.5, "Plan Rows": 3, "Plan Width": 4, "Actual Startup Time": 0.012, "Actual Total Time": 0.012, "Actual Rows": 1, "Actual Loops": 1, "Output": ["region.r_regionkey"], "Filter": "((region.r_name)::text = 'EUROPE'::text)", "Rows Removed by Filter": 4}]}]}]}]}]}]}]}]}, {"Node Type": "Hash", "Parent Relationship": "Inner", "Parallel Aware": false, "Startup Cost": 161.0, "Total Cost": 161.0, "Plan Rows": 5000, "Plan Width": 8, "Actual Startup Time": 2.316, "Actual Total Time": 2.316, "Actual Rows": 5000, "Actual Loops": 1, "Output": ["supplier.s_suppkey", "supplier.s_nationkey"], "Hash Buckets": 8192, "Original Hash Buckets": 8192, "Hash Batches": 1, "Original Hash Batches": 1, "Peak Memory Usage": 260, "Plans": [{"Node Type": "Seq Scan", "Parent Relationship": "Outer", "Parallel Aware": false, "Relation Name": "supplier", "Schema": "public", "Alias": "supplier", "Startup Cost": 0.0, "Total Cost": 161.0, "Plan Rows": 5000, "Plan Width": 8, "Actual Startup Time": 0.007, "Actual Total Time": 0.852, "Actual Rows": 5000, "Actual Loops": 1, "Output": ["supplier.s_suppkey", "supplier.s_nationkey"]}]}]}, {"Node Type": "Index Scan", "Parent Relationship": "Inner", "Parallel Aware": false, "Scan Direction": "Forward", "Index Name": "nation_pkey", "Relation Name": "nation", "Schema": "public", "Alias": "n2", "Startup Cost": 0.15, "Total Cost": 0.17, "Plan Rows": 1, "Plan Width": 33, "Actual Startup Time": 0.002, "Actual Total Time": 0.002, "Actual Rows": 1, "Actual Loops": 1156, "Output": ["n2.n_nationkey", "n2.n_name", "n2.n_regionkey", "n2.n_comment"], "Index Cond": "(n2.n_nationkey = supplier.s_nationkey)", "Rows Removed by Index Recheck": 0}]}]}]}, "Planning Time": 1.134, "Triggers": [], "Execution Time": 1053.715}]
q21#####[{"Plan": {"Node Type": "Aggregate", "Strategy": "Sorted", "Partial Mode": "Simple", "Parallel Aware": false, "Startup Cost": 26293.93, "Total Cost": 26294.25, "Plan Rows": 9, "Plan Width": 98, "Actual Startup Time": 210.395, "Actual Total Time": 210.507, "Actual Rows": 4, "Actual Loops": 1, "Output": ["n1.n_name", "n2.n_name", "(date_part('year'::text, (lineitem.l_shipdate)::timestamp without time zone))", "sum((lineitem.l_extendedprice * ('1'::numeric - lineitem.l_discount)))"], "Group Key": ["n1.n_name", "n2.n_name", "(date_part('year'::text, (lineitem.l_shipdate)::timestamp without time zone))"], "Plans": [{"Node Type": "Sort", "Parent Relationship": "Outer", "Parallel Aware": false, "Startup Cost": 26293.93, "Total Cost": 26293.95, "Plan Rows": 9, "Plan Width": 78, "Actual Startup Time": 210.347, "Actual Total Time": 210.377, "Actual Rows": 599, "Actual Loops": 1, "Output": ["n1.n_name", "n2.n_name", "(date_part('year'::text, (lineitem.l_shipdate)::timestamp without time zone))", "lineitem.l_extendedprice", "lineitem.l_discount"], "Sort Key": ["n1.n_name", "n2.n_name", "(date_part('year'::text, (lineitem.l_shipdate)::timestamp without time zone))"], "Sort Method": "quicksort", "Sort Space Used": 71, "Sort Space Type": "Memory", "Plans": [{"Node Type": "Hash Join", "Parent Relationship": "Outer", "Parallel Aware": false, "Join Type": "Inner", "Startup Cost": 5327.32, "Total Cost": 26293.79, "Plan Rows": 9, "Plan Width": 78, "Actual Startup Time": 78.722, "Actual Total Time": 209.914, "Actual Rows": 599, "Actual Loops": 1, "Output": ["n1.n_name", "n2.n_name", "date_part('year'::text, (lineitem.l_shipdate)::timestamp without time zone)", "lineitem.l_extendedprice", "lineitem.l_discount"], "Inner Unique": false, "Hash Cond": "(lineitem.l_suppkey = supplier.s_suppkey)", "Join Filter": "((((n1.n_name)::text = 'MOZAMBIQUE'::text) AND ((n2.n_name)::text = 'GERMANY'::text)) OR (((n1.n_name)::text = 'GERMANY'::text) AND ((n2.n_name)::text = 'MOZAMBIQUE'::text)))", "Rows Removed by Join Filter": 579, "Plans": [{"Node Type": "Hash Join", "Parent Relationship": "Outer", "Parallel Aware": false, "Join Type": "Inner", "Startup Cost": 5273.84, "Total Cost": 26233.09, "Plan Rows": 1815, "Plan Width": 49, "Actual Startup Time": 76.948, "Actual Total Time": 207.046, "Actual Rows": 14780, "Actual Loops": 1, "Output": ["lineitem.l_shipdate", "lineitem.l_extendedprice", "lineitem.l_discount", "lineitem.l_suppkey", "n2.n_name"], "Inner Unique": false, "Hash Cond": "(lineitem.l_orderkey = orders.o_orderkey)", "Plans": [{"Node Type": "Seq Scan", "Parent Relationship": "Outer", "Parallel Aware": false, "Relation Name": "lineitem", "Schema": "public", "Alias": "lineitem", "Startup Cost": 0.0, "Total Cost": 20247.0, "Plan Rows": 185095, "Plan Width": 24, "Actual Startup Time": 0.028, "Actual Total Time": 112.517, "Actual Rows": 182585, "Actual Loops": 1, "Output": ["lineitem.l_orderkey", "lineitem.l_partkey", "lineitem.l_suppkey", "lineitem.l_linenumber", "lineitem.l_quantity", "lineitem.l_extendedprice", "lineitem.l_discount", "lineitem.l_tax", "lineitem.l_returnflag", "lineitem.l_linestatus", "lineitem.l_shipdate", "lineitem.l_commitdate", "lineitem.l_receiptdate", "lineitem.l_shipinstruct", "lineitem.l_shipmode", "lineitem.l_comment"], "Filter": "((lineitem.l_shipdate >= '1995-01-01'::date) AND (lineitem.l_shipdate <= '1996-12-31'::date))", "Rows Removed by Filter": 417415}, {"Node Type": "Hash", "Parent Relationship": "Inner", "Parallel Aware": false, "Startup Cost": 5255.45, "Total Cost": 5255.45, "Plan Rows": 1471, "Plan Width": 33, "Actual Startup Time": 76.885, "Actual Total Time": 76.889, "Actual Rows": 12058, "Actual Loops": 1, "Output": ["orders.o_orderkey", "n2.n_name"], "Hash Buckets": 16384, "Original Hash Buckets": 2048, "Hash Batches": 1, "Original Hash Batches": 1, "Peak Memory Usage": 664, "Plans": [{"Node Type": "Hash Join", "Parent Relationship": "Outer", "Parallel Aware": false, "Join Type": "Inner", "Startup Cost": 568.25, "Total Cost": 5255.45, "Plan Rows": 1471, "Plan Width": 33, "Actual Startup Time": 3.677, "Actual Total Time": 72.112, "Actual Rows": 12058, "Actual Loops": 1, "Output": ["orders.o_orderkey", "n2.n_name"], "Inner Unique": false, "Hash Cond": "(orders.o_custkey = customer.c_custkey)", "Plans": [{"Node Type": "Seq Scan", "Parent Relationship": "Outer", "Parallel Aware": false, "Relation Name": "orders", "Schema": "public", "Alias": "orders", "Startup Cost": 0.0, "Total Cost": 4110.0, "Plan Rows": 150000, "Plan Width": 8, "Actual Startup Time": 0.004, "Actual Total Time": 23.44, "Actual Rows": 150000, "Actual Loops": 1, "Output": ["orders.o_orderkey", "orders.o_custkey", "orders.o_orderstatus", "orders.o_totalprice", "orders.o_orderdate", "orders.o_orderpriority", "orders.o_clerk", "orders.o_shippriority", "orders.o_comment"]}, {"Node Type": "Hash", "Parent Relationship": "Inner", "Parallel Aware": false, "Startup Cost": 566.41, "Total Cost": 566.41, "Plan Rows": 147, "Plan Width": 33, "Actual Startup Time": 3.608, "Actual Total Time": 3.611, "Actual Rows": 1206, "Actual Loops": 1, "Output": ["customer.c_custkey", "n2.n_name"], "Hash Buckets": 2048, "Original Hash Buckets": 1024, "Hash Batches": 1, "Original Hash Batches": 1, "Peak Memory Usage": 70, "Plans": [{"Node Type": "Hash Join", "Parent Relationship": "Outer", "Parallel Aware": false, "Join Type": "Inner", "Startup Cost": 17.71, "Total Cost": 566.41, "Plan Rows": 147, "Plan Width": 33, "Actual Startup Time": 0.1, "Actual Total Time": 3.323, "Actual Rows": 1206, "Actual Loops": 1, "Output": ["customer.c_custkey", "n2.n_name"], "Inner Unique": true, "Hash Cond": "(customer.c_nationkey = n2.n_nationkey)", "Plans": [{"Node Type": "Seq Scan", "Parent Relationship": "Outer", "Parallel Aware": false, "Relation Name": "customer", "Schema": "public", "Alias": "customer", "Startup Cost": 0.0, "Total Cost": 509.0, "Plan Rows": 15000, "Plan Width": 8, "Actual Startup Time": 0.004, "Actual Total Time": 1.028, "Actual Rows": 15000, "Actual Loops": 1, "Output": ["customer.c_custkey", "customer.c_name", "customer.c_address", "customer.c_nationkey", "customer.c_phone", "customer.c_acctbal", "customer.c_mktsegment", "customer.c_comment"]}, {"Node Type": "Hash", "Parent Relationship": "Inner", "Parallel Aware": false, "Startup Cost": 17.65, "Total Cost": 17.65, "Plan Rows": 5, "Plan Width": 33, "Actual Startup Time": 0.026, "Actual Total Time": 0.027, "Actual Rows": 2, "Actual Loops": 1, "Output": ["n2.n_name", "n2.n_nationkey"], "Hash Buckets": 1024, "Original Hash Buckets": 1024, "Hash Batches": 1, "Original Hash Batches": 1, "Peak Memory Usage": 9, "Plans": [{"Node Type": "Seq Scan", "Parent Relationship": "Outer", "Parallel Aware": false, "Relation Name": "nation", "Schema": "public", "Alias": "n2", "Startup Cost": 0.0, "Total Cost": 17.65, "Plan Rows": 5, "Plan Width": 33, "Actual Startup Time": 0.007, "Actual Total Time": 0.01, "Actual Rows": 2, "Actual Loops": 1, "Output": ["n2.n_name", "n2.n_nationkey"], "Filter": "(((n2.n_name)::text = 'GERMANY'::text) OR ((n2.n_name)::text = 'MOZAMBIQUE'::text))", "Rows Removed by Filter": 23}]}]}]}]}]}]}, {"Node Type": "Hash", "Parent Relationship": "Inner", "Parallel Aware": false, "Startup Cost": 53.36, "Total Cost": 53.36, "Plan Rows": 10, "Plan Width": 33, "Actual Startup Time": 0.539, "Actual Total Time": 0.541, "Actual Rows": 84, "Actual Loops": 1, "Output": ["supplier.s_suppkey", "n1.n_name"], "Hash Buckets": 1024, "Original Hash Buckets": 1024, "Hash Batches": 1, "Original Hash Batches": 1, "Peak Memory Usage": 12, "Plans": [{"Node Type": "Hash Join", "Parent Relationship": "Outer", "Parallel Aware": false, "Join Type": "Inner", "Startup Cost": 17.71, "Total Cost": 53.36, "Plan Rows": 10, "Plan Width": 33, "Actual Startup Time": 0.103, "Actual Total Time": 0.509, "Actual Rows": 84, "Actual Loops": 1, "Output": ["supplier.s_suppkey", "n1.n_name"], "Inner Unique": true, "Hash Cond": "(supplier.s_nationkey = n1.n_nationkey)", "Plans": [{"Node Type": "Seq Scan", "Parent Relationship": "Outer", "Parallel Aware": false, "Relation Name": "supplier", "Schema": "public", "Alias": "supplier", "Startup Cost": 0.0, "Total Cost": 33.0, "Plan Rows": 1000, "Plan Width": 8, "Actual Startup Time": 0.006, "Actual Total Time": 0.288, "Actual Rows": 1000, "Actual Loops": 1, "Output": ["supplier.s_suppkey", "supplier.s_name", "supplier.s_address", "supplier.s_nationkey", "supplier.s_phone", "supplier.s_acctbal", "supplier.s_comment"]}, {"Node Type": "Hash", "Parent Relationship": "Inner", "Parallel Aware": false, "Startup Cost": 17.65, "Total Cost": 17.65, "Plan Rows": 5, "Plan Width": 33, "Actual Startup Time": 0.066, "Actual Total Time": 0.066, "Actual Rows": 2, "Actual Loops": 1, "Output": ["n1.n_name", "n1.n_nationkey"], "Hash Buckets": 1024, "Original Hash Buckets": 1024, "Hash Batches": 1, "Original Hash Batches": 1, "Peak Memory Usage": 9, "Plans": [{"Node Type": "Seq Scan", "Parent Relationship": "Outer", "Parallel Aware": false, "Relation Name": "nation", "Schema": "public", "Alias": "n1", "Startup Cost": 0.0, "Total Cost": 17.65, "Plan Rows": 5, "Plan Width": 33, "Actual Startup Time": 0.051, "Actual Total Time": 0.054, "Actual Rows": 2, "Actual Loops": 1, "Output": ["n1.n_name", "n1.n_nationkey"], "Filter": "(((n1.n_name)::text = 'MOZAMBIQUE'::text) OR ((n1.n_name)::text = 'GERMANY'::text))", "Rows Removed by Filter": 23}]}]}]}]}]}]}, "Planning Time": 1.744, "Triggers": [], "Execution Time": 210.629}]
q22#####[{"Plan": {"Node Type": "Aggregate", "Strategy": "Sorted", "Partial Mode": "Simple", "Parallel Aware": false, "Startup Cost": 129332.86, "Total Cost": 129334.39, "Plan Rows": 34, "Plan Width": 40, "Actual Startup Time": 607.244, "Actual Total Time": 607.404, "Actual Rows": 2, "Actual Loops": 1, "Output": ["(date_part('year'::text, (orders.o_orderdate)::timestamp without time zone))", "(sum(CASE WHEN ((n2.n_name)::text = 'CANADA'::text) THEN (lineitem.l_extendedprice * ('1'::numeric - lineitem.l_discount)) ELSE '0'::numeric END) / sum((lineitem.l_extendedprice * ('1'::numeric - lineitem.l_discount))))"], "Group Key": ["(date_part('year'::text, (orders.o_orderdate)::timestamp without time zone))"], "Plans": [{"Node Type": "Sort", "Parent Relationship": "Outer", "Parallel Aware": false, "Startup Cost": 129332.86, "Total Cost": 129332.95, "Plan Rows": 34, "Plan Width": 49, "Actual Startup Time": 607.073, "Actual Total Time": 607.126, "Actual Rows": 1263, "Actual Loops": 1, "Output": ["(date_part('year'::text, (orders.o_orderdate)::timestamp without time zone))", "n2.n_name", "lineitem.l_extendedprice", "lineitem.l_discount"], "Sort Key": ["(date_part('year'::text, (orders.o_orderdate)::timestamp without time zone))"], "Sort Method": "quicksort", "Sort Space Used": 147, "Sort Space Type": "Memory", "Plans": [{"Node Type": "Nested Loop", "Parent Relationship": "Outer", "Parallel Aware": false, "Join Type": "Inner", "Startup Cost": 31571.3, "Total Cost": 129332.0, "Plan Rows": 34, "Plan Width": 49, "Actual Startup Time": 179.345, "Actual Total Time": 606.767, "Actual Rows": 1263, "Actual Loops": 1, "Output": ["date_part('year'::text, (orders.o_orderdate)::timestamp without time zone)", "n2.n_name", "lineitem.l_extendedprice", "lineitem.l_discount"], "Inner Unique": true, "Plans": [{"Node Type": "Hash Join", "Parent Relationship": "Outer", "Parallel Aware": false, "Join Type": "Inner", "Startup Cost": 31571.15, "Total Cost": 129325.89, "Plan Rows": 34, "Plan Width": 20, "Actual Startup Time": 179.331, "Actual Total Time": 605.441, "Actual Rows": 1263, "Actual Loops": 1, "Output": ["lineitem.l_extendedprice", "lineitem.l_discount", "supplier.s_nationkey", "orders.o_orderdate"], "Inner Unique": false, "Hash Cond": "(lineitem.l_suppkey = supplier.s_suppkey)", "Plans": [{"Node Type": "Hash Join", "Parent Relationship": "Outer", "Parallel Aware": false, "Join Type": "Inner", "Startup Cost": 31347.65, "Total Cost": 129101.92, "Plan Rows": 34, "Plan Width": 20, "Actual Startup Time": 178.379, "Actual Total Time": 603.957, "Actual Rows": 1263, "Actual Loops": 1, "Output": ["lineitem.l_extendedprice", "lineitem.l_discount", "lineitem.l_suppkey", "orders.o_orderdate"], "Inner Unique": false, "Hash Cond": "(lineitem.l_orderkey = orders.o_orderkey)", "Plans": [{"Node Type": "Hash Join", "Parent Relationship": "Outer", "Parallel Aware": false, "Join Type": "Inner", "Startup Cost": 3306.29, "Total Cost": 100985.63, "Plan Rows": 19889, "Plan Width": 20, "Actual Startup Time": 74.523, "Actual Total Time": 494.639, "Actual Rows": 21230, "Actual Loops": 1, "Output": ["lineitem.l_extendedprice", "lineitem.l_discount", "lineitem.l_suppkey", "lineitem.l_orderkey"], "Inner Unique": false, "Hash Cond": "(lineitem.l_partkey = part.p_partkey)", "Plans": [{"Node Type": "Seq Scan", "Parent Relationship": "Outer", "Parallel Aware": false, "Relation Name": "lineitem", "Schema": "public", "Alias": "lineitem", "Startup Cost": 0.0, "Total Cost": 86231.15, "Plan Rows": 2999815, "Plan Width": 24, "Actual Startup Time": 0.01, "Actual Total Time": 252.765, "Actual Rows": 2999671, "Actual Loops": 1, "Output": ["lineitem.l_orderkey", "lineitem.l_partkey", "lineitem.l_suppkey", "lineitem.l_linenumber", "lineitem.l_quantity", "lineitem.l_extendedprice", "lineitem.l_discount", "lineitem.l_tax", "lineitem.l_returnflag", "lineitem.l_linestatus", "lineitem.l_shipdate", "lineitem.l_commitdate", "lineitem.l_receiptdate", "lineitem.l_shipinstruct", "lineitem.l_shipmode", "lineitem.l_comment"]}, {"Node Type": "Hash", "Parent Relationship": "Inner", "Parallel Aware": false, "Startup Cost": 3298.0, "Total Cost": 3298.0, "Plan Rows": 663, "Plan Width": 4, "Actual Startup Time": 74.464, "Actual Total Time": 74.465, "Actual Rows": 709, "Actual Loops": 1, "Output": ["part.p_partkey"], "Hash Buckets": 1024, "Original Hash Buckets": 1024, "Hash Batches": 1, "Original Hash Batches": 1, "Peak Memory Usage": 33, "Plans": [{"Node Type": "Seq Scan", "Parent Relationship": "Outer", "Parallel Aware": false, "Relation Name": "part", "Schema": "public", "Alias": "part", "Startup Cost": 0.0, "Total Cost": 3298.0, "Plan Rows": 663, "Plan Width": 4, "Actual Startup Time": 0.023, "Actual Total Time": 74.24, "Actual Rows": 709, "Actual Loops": 1, "Output": ["part.p_partkey"], "Filter": "((part.p_type)::text = 'LARGE PLATED BRASS'::text)", "Rows Removed by Filter": 99291}]}]}, {"Node Type": "Hash", "Parent Relationship": "Inner", "Parallel Aware": false, "Startup Cost": 28025.12, "Total Cost": 28025.12, "Plan Rows": 1300, "Plan Width": 8, "Actual Startup Time": 103.625, "Actual Total Time": 103.629, "Actual Rows": 45875, "Actual Loops": 1, "Output": ["orders.o_orderdate", "orders.o_orderkey"], "Hash Buckets": 65536, "Original Hash Buckets": 2048, "Hash Batches": 1, "Original Hash Batches": 1, "Peak Memory Usage": 2304, "Plans": [{"Node Type": "Hash Join", "Parent Relationship": "Outer", "Parallel Aware": false, "Join Type": "Inner", "Startup Cost": 2867.1, "Total Cost": 28025.12, "Plan Rows": 1300, "Plan Width": 8, "Actual Startup Time": 10.306, "Actual Total Time": 99.672, "Actual Rows": 45875, "Actual Loops": 1, "Output": ["orders.o_orderdate", "orders.o_orderkey"], "Inner Unique": false, "Hash Cond": "(orders.o_custkey = customer.c_custkey)", "Plans": [{"Node Type": "Seq Scan", "Parent Relationship": "Outer", "Parallel Aware": false, "Relation Name": "orders", "Schema": "public", "Alias": "orders", "Startup Cost": 0.0, "Total Cost": 24300.0, "Plan Rows": 225336, "Plan Width": 12, "Actual Startup Time": 0.013, "Actual Total Time": 72.185, "Actual Rows": 228641, "Actual Loops": 1, "Output": ["orders.o_orderkey", "orders.o_custkey", "orders.o_orderstatus", "orders.o_totalprice", "orders.o_orderdate", "orders.o_orderpriority", "orders.o_clerk", "orders.o_shippriority", "orders.o_comment"], "Filter": "((orders.o_orderdate >= '1995-01-01'::date) AND (orders.o_orderdate <= '1996-12-31'::date))", "Rows Removed by Filter": 521359}, {"Node Type": "Hash", "Parent Relationship": "Inner", "Parallel Aware": false, "Startup Cost": 2861.68, "Total Cost": 2861.68, "Plan Rows": 433, "Plan Width": 4, "Actual Startup Time": 10.286, "Actual Total Time": 10.288, "Actual Rows": 15048, "Actual Loops": 1, "Output": ["customer.c_custkey"], "Hash Buckets": 16384, "Original Hash Buckets": 1024, "Hash Batches": 1, "Original Hash Batches": 1, "Peak Memory Usage": 658, "Plans": [{"Node Type": "Hash Join", "Parent Relationship": "Outer", "Parallel Aware": false, "Join Type": "Inner", "Startup Cost": 33.02, "Total Cost": 2861.68, "Plan Rows": 433, "Plan Width": 4, "Actual Startup Time": 0.04, "Actual Total Time": 9.239, "Actual Rows": 15048, "Actual Loops": 1, "Output": ["customer.c_custkey"], "Inner Unique": false, "Hash Cond": "(customer.c_nationkey = n1.n_nationkey)", "Plans": [{"Node Type": "Seq Scan", "Parent Relationship": "Outer", "Parallel Aware": false, "Relation Name": "customer", "Schema": "public", "Alias": "customer", "Startup Cost": 0.0, "Total Cost": 2543.0, "Plan Rows": 75000, "Plan Width": 8, "Actual Startup Time": 0.002, "Actual Total Time": 3.348, "Actual Rows": 75000, "Actual Loops": 1, "Output": ["customer.c_custkey", "customer.c_name", "customer.c_address", "customer.c_nationkey", "customer.c_phone", "customer.c_acctbal", "customer.c_mktsegment", "customer.c_comment"]}, {"Node Type": "Hash", "Parent Relationship": "Inner", "Parallel Aware": false, "Startup Cost": 32.99, "Total Cost": 32.99, "Plan Rows": 3, "Plan Width": 4, "Actual Startup Time": 0.033, "Actual Total Time": 0.034, "Actual Rows": 5, "Actual Loops": 1, "Output": ["n1.n_nationkey"], "Hash Buckets": 1024, "Original Hash Buckets": 1024, "Hash Batches": 1, "Original Hash Batches": 1, "Peak Memory Usage": 9, "Plans": [{"Node Type": "Hash Join", "Parent Relationship": "Outer", "Parallel Aware": false, "Join Type": "Inner", "Startup Cost": 16.54, "Total Cost": 32.99, "Plan Rows": 3, "Plan Width": 4, "Actual Startup Time": 0.029, "Actual Total Time": 0.032, "Actual Rows": 5, "Actual Loops": 1, "Output": ["n1.n_nationkey"], "Inner Unique": true, "Hash Cond": "(n1.n_regionkey = region.r_regionkey)", "Plans": [{"Node Type": "Seq Scan", "Parent Relationship": "Outer", "Parallel Aware": false, "Relation Name": "nation", "Schema": "public", "Alias": "n1", "Startup Cost": 0.0, "Total Cost": 15.1, "Plan Rows": 510, "Plan Width": 8, "Actual Startup Time": 0.001, "Actual Total Time": 0.002, "Actual Rows": 25, "Actual Loops": 1, "Output": ["n1.n_nationkey", "n1.n_name", "n1.n_regionkey", "n1.n_comment"]}, {"Node Type": "Hash", "Parent Relationship": "Inner", "Parallel Aware": false, "Startup Cost": 16.5, "Total Cost": 16.5, "Plan Rows": 3, "Plan Width": 4, "Actual Startup Time": 0.005, "Actual Total Time": 0.006, "Actual Rows": 1, "Actual Loops": 1, "Output": ["region.r_regionkey"], "Hash Buckets": 1024, "Original Hash Buckets": 1024, "Hash Batches": 1, "Original Hash Batches": 1, "Peak Memory Usage": 9, "Plans": [{"Node Type": "Seq Scan", "Parent Relationship": "Outer", "Parallel Aware": false, "Relation Name": "region", "Schema": "public", "Alias": "region", "Startup Cost": 0.0, "Total Cost": 16.5, "Plan Rows": 3, "Plan Width": 4, "Actual Startup Time": 0.003, "Actual Total Time": 0.004, "Actual Rows": 1, "Actual Loops": 1, "Output": ["region.r_regionkey"], "Filter": "((region.r_name)::text = 'AMERICA'::text)", "Rows Removed by Filter": 4}]}]}]}]}]}]}]}]}, {"Node Type": "Hash", "Parent Relationship": "Inner", "Parallel Aware": false, "Startup Cost": 161.0, "Total Cost": 161.0, "Plan Rows": 5000, "Plan Width": 8, "Actual Startup Time": 0.938, "Actual Total Time": 0.939, "Actual Rows": 5000, "Actual Loops": 1, "Output": ["supplier.s_suppkey", "supplier.s_nationkey"], "Hash Buckets": 8192, "Original Hash Buckets": 8192, "Hash Batches": 1, "Original Hash Batches": 1, "Peak Memory Usage": 260, "Plans": [{"Node Type": "Seq Scan", "Parent Relationship": "Outer", "Parallel Aware": false, "Relation Name": "supplier", "Schema": "public", "Alias": "supplier", "Startup Cost": 0.0, "Total Cost": 161.0, "Plan Rows": 5000, "Plan Width": 8, "Actual Startup Time": 0.002, "Actual Total Time": 0.454, "Actual Rows": 5000, "Actual Loops": 1, "Output": ["supplier.s_suppkey", "supplier.s_nationkey"]}]}]}, {"Node Type": "Index Scan", "Parent Relationship": "Inner", "Parallel Aware": false, "Scan Direction": "Forward", "Index Name": "nation_pkey", "Relation Name": "nation", "Schema": "public", "Alias": "n2", "Startup Cost": 0.15, "Total Cost": 0.17, "Plan Rows": 1, "Plan Width": 33, "Actual Startup Time": 0.001, "Actual Total Time": 0.001, "Actual Rows": 1, "Actual Loops": 1263, "Output": ["n2.n_nationkey", "n2.n_name", "n2.n_regionkey", "n2.n_comment"], "Index Cond": "(n2.n_nationkey = supplier.s_nationkey)", "Rows Removed by Index Recheck": 0}]}]}]}, "Planning Time": 3.677, "Triggers": [], "Execution Time": 607.519}]
q1#####[{"Plan": {"Node Type": "Aggregate", "Strategy": "Sorted", "Partial Mode": "Simple", "Parallel Aware": false, "Startup Cost": 26293.93, "Total Cost": 26294.25, "Plan Rows": 9, "Plan Width": 98, "Actual Startup Time": 846.477, "Actual Total Time": 846.681, "Actual Rows": 4, "Actual Loops": 1, "Output": ["n1.n_name", "n2.n_name", "(date_part('year'::text, (lineitem.l_shipdate)::timestamp without time zone))", "sum((lineitem.l_extendedprice * ('1'::numeric - lineitem.l_discount)))"], "Group Key": ["n1.n_name", "n2.n_name", "(date_part('year'::text, (lineitem.l_shipdate)::timestamp without time zone))"], "Plans": [{"Node Type": "Sort", "Parent Relationship": "Outer", "Parallel Aware": false, "Startup Cost": 26293.93, "Total Cost": 26293.95, "Plan Rows": 9, "Plan Width": 78, "Actual Startup Time": 846.392, "Actual Total Time": 846.471, "Actual Rows": 573, "Actual Loops": 1, "Output": ["n1.n_name", "n2.n_name", "(date_part('year'::text, (lineitem.l_shipdate)::timestamp without time zone))", "lineitem.l_extendedprice", "lineitem.l_discount"], "Sort Key": ["n1.n_name", "n2.n_name", "(date_part('year'::text, (lineitem.l_shipdate)::timestamp without time zone))"], "Sort Method": "quicksort", "Sort Space Used": 69, "Sort Space Type": "Memory", "Plans": [{"Node Type": "Hash Join", "Parent Relationship": "Outer", "Parallel Aware": false, "Join Type": "Inner", "Startup Cost": 5327.32, "Total Cost": 26293.79, "Plan Rows": 9, "Plan Width": 78, "Actual Startup Time": 445.81, "Actual Total Time": 845.726, "Actual Rows": 573, "Actual Loops": 1, "Output": ["n1.n_name", "n2.n_name", "date_part('year'::text, (lineitem.l_shipdate)::timestamp without time zone)", "lineitem.l_extendedprice", "lineitem.l_discount"], "Inner Unique": false, "Hash Cond": "(lineitem.l_suppkey = supplier.s_suppkey)", "Join Filter": "((((n1.n_name)::text = 'ALGERIA'::text) AND ((n2.n_name)::text = 'SAUDI ARABIA'::text)) OR (((n1.n_name)::text = 'SAUDI ARABIA'::text) AND ((n2.n_name)::text = 'ALGERIA'::text)))", "Rows Removed by Join Filter": 591, "Plans": [{"Node Type": "Hash Join", "Parent Relationship": "Outer", "Parallel Aware": false, "Join Type": "Inner", "Startup Cost": 5273.84, "Total Cost": 26233.09, "Plan Rows": 1815, "Plan Width": 49, "Actual Startup Time": 438.246, "Actual Total Time": 835.947, "Actual Rows": 13927, "Actual Loops": 1, "Output": ["lineitem.l_shipdate", "lineitem.l_extendedprice", "lineitem.l_discount", "lineitem.l_suppkey", "n2.n_name"], "Inner Unique": false, "Hash Cond": "(lineitem.l_orderkey = orders.o_orderkey)", "Plans": [{"Node Type": "Seq Scan", "Parent Relationship": "Outer", "Parallel Aware": false, "Relation Name": "lineitem", "Schema": "public", "Alias": "lineitem", "Startup Cost": 0.0, "Total Cost": 20247.0, "Plan Rows": 185095, "Plan Width": 24, "Actual Startup Time": 1.627, "Actual Total Time": 376.134, "Actual Rows": 182585, "Actual Loops": 1, "Output": ["lineitem.l_orderkey", "lineitem.l_partkey", "lineitem.l_suppkey", "lineitem.l_linenumber", "lineitem.l_quantity", "lineitem.l_extendedprice", "lineitem.l_discount", "lineitem.l_tax", "lineitem.l_returnflag", "lineitem.l_linestatus", "lineitem.l_shipdate", "lineitem.l_commitdate", "lineitem.l_receiptdate", "lineitem.l_shipinstruct", "lineitem.l_shipmode", "lineitem.l_comment"], "Filter": "((lineitem.l_shipdate >= '1995-01-01'::date) AND (lineitem.l_shipdate <= '1996-12-31'::date))", "Rows Removed by Filter": 417415}, {"Node Type": "Hash", "Parent Relationship": "Inner", "Parallel Aware": false, "Startup Cost": 5255.45, "Total Cost": 5255.45, "Plan Rows": 1471, "Plan Width": 33, "Actual Startup Time": 435.137, "Actual Total Time": 435.166, "Actual Rows": 11269, "Actual Loops": 1, "Output": ["orders.o_orderkey", "n2.n_name"], "Hash Buckets": 16384, "Original Hash Buckets": 2048, "Hash Batches": 1, "Original Hash Batches": 1, "Peak Memory Usage": 639, "Plans": [{"Node Type": "Hash Join", "Parent Relationship": "Outer", "Parallel Aware": false, "Join Type": "Inner", "Startup Cost": 568.25, "Total Cost": 5255.45, "Plan Rows": 1471, "Plan Width": 33, "Actual Startup Time": 78.53, "Actual Total Time": 430.658, "Actual Rows": 11269, "Actual Loops": 1, "Output": ["orders.o_orderkey", "n2.n_name"], "Inner Unique": false, "Hash Cond": "(orders.o_custkey = customer.c_custkey)", "Plans": [{"Node Type": "Seq Scan", "Parent Relationship": "Outer", "Parallel Aware": false, "Relation Name": "orders", "Schema": "public", "Alias": "orders", "Startup Cost": 0.0, "Total Cost": 4110.0, "Plan Rows": 150000, "Plan Width": 8, "Actual Startup Time": 0.76, "Actual Total Time": 338.034, "Actual Rows": 150000, "Actual Loops": 1, "Output": ["orders.o_orderkey", "orders.o_custkey", "orders.o_orderstatus", "orders.o_totalprice", "orders.o_orderdate", "orders.o_orderpriority", "orders.o_clerk", "orders.o_shippriority", "orders.o_comment"]}, {"Node Type": "Hash", "Parent Relationship": "Inner", "Parallel Aware": false, "Startup Cost": 566.41, "Total Cost": 566.41, "Plan Rows": 147, "Plan Width": 33, "Actual Startup Time": 77.668, "Actual Total Time": 77.685, "Actual Rows": 1146, "Actual Loops": 1, "Output": ["customer.c_custkey", "n2.n_name"], "Hash Buckets": 2048, "Original Hash Buckets": 1024, "Hash Batches": 1, "Original Hash Batches": 1, "Peak Memory Usage": 68, "Plans": [{"Node Type": "Hash Join", "Parent Relationship": "Outer", "Parallel Aware": false, "Join Type": "Inner", "Startup Cost": 17.71, "Total Cost": 566.41, "Plan Rows": 147, "Plan Width": 33, "Actual Startup Time": 0.48, "Actual Total Time": 76.514, "Actual Rows": 1146, "Actual Loops": 1, "Output": ["customer.c_custkey", "n2.n_name"], "Inner Unique": true, "Hash Cond": "(customer.c_nationkey = n2.n_nationkey)", "Plans": [{"Node Type": "Seq Scan", "Parent Relationship": "Outer", "Parallel Aware": false, "Relation Name": "customer", "Schema": "public", "Alias": "customer", "Startup Cost": 0.0, "Total Cost": 509.0, "Plan Rows": 15000, "Plan Width": 8, "Actual Startup Time": 0.003, "Actual Total Time": 74.194, "Actual Rows": 15000, "Actual Loops": 1, "Output": ["customer.c_custkey", "customer.c_name", "customer.c_address", "customer.c_nationkey", "customer.c_phone", "customer.c_acctbal", "customer.c_mktsegment", "customer.c_comment"]}, {"Node Type": "Hash", "Parent Relationship": "Inner", "Parallel Aware": false, "Startup Cost": 17.65, "Total Cost": 17.65, "Plan Rows": 5, "Plan Width": 33, "Actual Startup Time": 0.014, "Actual Total Time": 0.018, "Actual Rows": 2, "Actual Loops": 1, "Output": ["n2.n_name", "n2.n_nationkey"], "Hash Buckets": 1024, "Original Hash Buckets": 1024, "Hash Batches": 1, "Original Hash Batches": 1, "Peak Memory Usage": 9, "Plans": [{"Node Type": "Seq Scan", "Parent Relationship": "Outer", "Parallel Aware": false, "Relation Name": "nation", "Schema": "public", "Alias": "n2", "Startup Cost": 0.0, "Total Cost": 17.65, "Plan Rows": 5, "Plan Width": 33, "Actual Startup Time": 0.005, "Actual Total Time": 0.007, "Actual Rows": 2, "Actual Loops": 1, "Output": ["n2.n_name", "n2.n_nationkey"], "Filter": "(((n2.n_name)::text = 'SAUDI ARABIA'::text) OR ((n2.n_name)::text = 'ALGERIA'::text))", "Rows Removed by Filter": 23}]}]}]}]}]}]}, {"Node Type": "Hash", "Parent Relationship": "Inner", "Parallel Aware": false, "Startup Cost": 53.36, "Total Cost": 53.36, "Plan Rows": 10, "Plan Width": 33, "Actual Startup Time": 7.272, "Actual Total Time": 7.283, "Actual Rows": 83, "Actual Loops": 1, "Output": ["supplier.s_suppkey", "n1.n_name"], "Hash Buckets": 1024, "Original Hash Buckets": 1024, "Hash Batches": 1, "Original Hash Batches": 1, "Peak Memory Usage": 12, "Plans": [{"Node Type": "Hash Join", "Parent Relationship": "Outer", "Parallel Aware": false, "Join Type": "Inner", "Startup Cost": 17.71, "Total Cost": 53.36, "Plan Rows": 10, "Plan Width": 33, "Actual Startup Time": 0.019, "Actual Total Time": 7.192, "Actual Rows": 83, "Actual Loops": 1, "Output": ["supplier.s_suppkey", "n1.n_name"], "Inner Unique": true, "Hash Cond": "(supplier.s_nationkey = n1.n_nationkey)", "Plans": [{"Node Type": "Seq Scan", "Parent Relationship": "Outer", "Parallel Aware": false, "Relation Name": "supplier", "Schema": "public", "Alias": "supplier", "Startup Cost": 0.0, "Total Cost": 33.0, "Plan Rows": 1000, "Plan Width": 8, "Actual Startup Time": 0.004, "Actual Total Time": 7.013, "Actual Rows": 1000, "Actual Loops": 1, "Output": ["supplier.s_suppkey", "supplier.s_name", "supplier.s_address", "supplier.s_nationkey", "supplier.s_phone", "supplier.s_acctbal", "supplier.s_comment"]}, {"Node Type": "Hash", "Parent Relationship": "Inner", "Parallel Aware": false, "Startup Cost": 17.65, "Total Cost": 17.65, "Plan Rows": 5, "Plan Width": 33, "Actual Startup Time": 0.007, "Actual Total Time": 0.01, "Actual Rows": 2, "Actual Loops": 1, "Output": ["n1.n_name", "n1.n_nationkey"], "Hash Buckets": 1024, "Original Hash Buckets": 1024, "Hash Batches": 1, "Original Hash Batches": 1, "Peak Memory Usage": 9, "Plans": [{"Node Type": "Seq Scan", "Parent Relationship": "Outer", "Parallel Aware": false, "Relation Name": "nation", "Schema": "public", "Alias": "n1", "Startup Cost": 0.0, "Total Cost": 17.65, "Plan Rows": 5, "Plan Width": 33, "Actual Startup Time": 0.003, "Actual Total Time": 0.004, "Actual Rows": 2, "Actual Loops": 1, "Output": ["n1.n_name", "n1.n_nationkey"], "Filter": "(((n1.n_name)::text = 'ALGERIA'::text) OR ((n1.n_name)::text = 'SAUDI ARABIA'::text))", "Rows Removed by Filter": 23}]}]}]}]}]}]}, "Planning Time": 11.542, "Triggers": [], "Execution Time": 847.048}]
q2#####[{"Plan": {"Node Type": "Sort", "Parallel Aware": false, "Startup Cost": 280732.17, "Total Cost": 280877.83, "Plan Rows": 58261, "Plan Width": 205, "Actual Startup Time": 14176.164, "Actual Total Time": 14182.447, "Actual Rows": 37940, "Actual Loops": 1, "Output": ["customer.c_custkey", "customer.c_name", "(sum((lineitem.l_extendedprice * ('1'::numeric - lineitem.l_discount))))", "customer.c_acctbal", "nation.n_name", "customer.c_address", "customer.c_phone", "customer.c_comment"], "Sort Key": ["(sum((lineitem.l_extendedprice * ('1'::numeric - lineitem.l_discount)))) DESC"], "Sort Method": "external merge", "Sort Space Used": 6424, "Sort Space Type": "Disk", "Plans": [{"Node Type": "Aggregate", "Strategy": "Sorted", "Partial Mode": "Simple", "Parent Relationship": "Outer", "Parallel Aware": false, "Startup Cost": 268015.31, "Total Cost": 270345.75, "Plan Rows": 58261, "Plan Width": 205, "Actual Startup Time": 14036.707, "Actual Total Time": 14131.225, "Actual Rows": 37940, "Actual Loops": 1, "Output": ["customer.c_custkey", "customer.c_name", "sum((lineitem.l_extendedprice * ('1'::numeric - lineitem.l_discount)))", "customer.c_acctbal", "nation.n_name", "customer.c_address", "customer.c_phone", "customer.c_comment"], "Group Key": ["customer.c_custkey", "customer.c_name", "customer.c_acctbal", "customer.c_phone", "nation.n_name", "customer.c_address", "customer.c_comment"], "Plans": [{"Node Type": "Sort", "Parent Relationship": "Outer", "Parallel Aware": false, "Startup Cost": 268015.31, "Total Cost": 268160.96, "Plan Rows": 58261, "Plan Width": 185, "Actual Startup Time": 14036.637, "Actual Total Time": 14069.61, "Actual Rows": 114847, "Actual Loops": 1, "Output": ["customer.c_custkey", "customer.c_name", "customer.c_acctbal", "nation.n_name", "customer.c_address", "customer.c_phone", "customer.c_comment", "lineitem.l_extendedprice", "lineitem.l_discount"], "Sort Key": ["customer.c_custkey", "customer.c_name", "customer.c_acctbal", "customer.c_phone", "nation.n_name", "customer.c_address", "customer.c_comment"], "Sort Method": "external merge", "Sort Space Used": 19984, "Sort Space Type": "Disk", "Plans": [{"Node Type": "Hash Join", "Parent Relationship": "Outer", "Parallel Aware": false, "Join Type": "Inner", "Startup Cost": 59524.22, "Total Cost": 258024.38, "Plan Rows": 58261, "Plan Width": 185, "Actual Startup Time": 4430.652, "Actual Total Time": 13811.587, "Actual Rows": 114847, "Actual Loops": 1, "Output": ["customer.c_custkey", "customer.c_name", "customer.c_acctbal", "nation.n_name", "customer.c_address", "customer.c_phone", "customer.c_comment", "lineitem.l_extendedprice", "lineitem.l_discount"], "Inner Unique": true, "Hash Cond": "(customer.c_nationkey = nation.n_nationkey)", "Plans": [{"Node Type": "Hash Join", "Parent Relationship": "Outer", "Parallel Aware": false, "Join Type": "Inner", "Startup Cost": 59502.75, "Total Cost": 257848.7, "Plan Rows": 58261, "Plan Width": 160, "Actual Startup Time": 4430.375, "Actual Total Time": 13785.389, "Actual Rows": 114847, "Actual Loops": 1, "Output": ["customer.c_custkey", "customer.c_name", "customer.c_acctbal", "customer.c_address", "customer.c_phone", "customer.c_comment", "customer.c_nationkey", "lineitem.l_extendedprice", "lineitem.l_discount"], "Inner Unique": false, "Hash Cond": "(orders.o_custkey = customer.c_custkey)", "Plans": [{"Node Type": "Hash Join", "Parent Relationship": "Outer", "Parallel Aware": false, "Join Type": "Inner", "Startup Cost": 49319.75, "Total Cost": 243071.61, "Plan Rows": 58261, "Plan Width": 16, "Actual Startup Time": 2245.24, "Actual Total Time": 11253.31, "Actual Rows": 114847, "Actual Loops": 1, "Output": ["orders.o_custkey", "lineitem.l_extendedprice", "lineitem.l_discount"], "Inner Unique": false, "Hash Cond": "(lineitem.l_orderkey = orders.o_orderkey)", "Plans": [{"Node Type": "Seq Scan", "Parent Relationship": "Outer", "Parallel Aware": false, "Relation Name": "lineitem", "Schema": "public", "Alias": "lineitem", "Startup Cost": 0.0, "Total Cost": 187516.95, "Plan Rows": 1507280, "Plan Width": 16, "Actual Startup Time": 5.726, "Actual Total Time": 8719.773, "Actual Rows": 1478870, "Actual Loops": 1, "Output": ["lineitem.l_orderkey", "lineitem.l_partkey", "lineitem.l_suppkey", "lineitem.l_linenumber", "lineitem.l_quantity", "lineitem.l_extendedprice", "lineitem.l_discount", "lineitem.l_tax", "lineitem.l_returnflag", "lineitem.l_linestatus", "lineitem.l_shipdate", "lineitem.l_commitdate", "lineitem.l_receiptdate", "lineitem.l_shipinstruct", "lineitem.l_shipmode", "lineitem.l_comment"], "Filter": "(lineitem.l_returnflag = 'R'::bpchar)", "Rows Removed by Filter": 4522345}, {"Node Type": "Hash", "Parent Relationship": "Inner", "Parallel Aware": false, "Startup Cost": 48595.0, "Total Cost": 48595.0, "Plan Rows": 57980, "Plan Width": 8, "Actual Startup Time": 2234.419, "Actual Total Time": 2234.423, "Actual Rows": 57425, "Actual Loops": 1, "Output": ["orders.o_custkey", "orders.o_orderkey"], "Hash Buckets": 65536, "Original Hash Buckets": 65536, "Hash Batches": 1, "Original Hash Batches": 1, "Peak Memory Usage": 2756, "Plans": [{"Node Type": "Seq Scan", "Parent Relationship": "Outer", "Parallel Aware": false, "Relation Name": "orders", "Schema": "public", "Alias": "orders", "Startup Cost": 0.0, "Total Cost": 48595.0, "Plan Rows": 57980, "Plan Width": 8, "Actual Startup Time": 1.309, "Actual Total Time": 2195.887, "Actual Rows": 57425, "Actual Loops": 1, "Output": ["orders.o_custkey", "orders.o_orderkey"], "Filter": "((orders.o_orderdate >= '1993-06-05'::date) AND (orders.o_orderdate < '1993-09-05 00:00:00'::timestamp without time zone))", "Rows Removed by Filter": 1442575}]}]}, {"Node Type": "Hash", "Parent Relationship": "Inner", "Parallel Aware": false, "Startup Cost": 5085.0, "Total Cost": 5085.0, "Plan Rows": 150000, "Plan Width": 148, "Actual Startup Time": 2178.965, "Actual Total Time": 2178.966, "Actual Rows": 150000, "Actual Loops": 1, "Output": ["customer.c_custkey", "customer.c_name", "customer.c_acctbal", "customer.c_address", "customer.c_phone", "customer.c_comment", "customer.c_nationkey"], "Hash Buckets": 32768, "Original Hash Buckets": 32768, "Hash Batches": 8, "Original Hash Batches": 8, "Peak Memory Usage": 3655, "Plans": [{"Node Type": "Seq Scan", "Parent Relationship": "Outer", "Parallel Aware": false, "Relation Name": "customer", "Schema": "public", "Alias": "customer", "Startup Cost": 0.0, "Total Cost": 5085.0, "Plan Rows": 150000, "Plan Width": 148, "Actual Startup Time": 7.038, "Actual Total Time": 932.498, "Actual Rows": 150000, "Actual Loops": 1, "Output": ["customer.c_custkey", "customer.c_name", "customer.c_acctbal", "customer.c_address", "customer.c_phone", "customer.c_comment", "customer.c_nationkey"]}]}]}, {"Node Type": "Hash", "Parent Relationship": "Inner", "Parallel Aware": false, "Startup Cost": 15.1, "Total Cost": 15.1, "Plan Rows": 510, "Plan Width": 33, "Actual Startup Time": 0.236, "Actual Total Time": 0.236, "Actual Rows": 25, "Actual Loops": 1, "Output": ["nation.n_name", "nation.n_nationkey"], "Hash Buckets": 1024, "Original Hash Buckets": 1024, "Hash Batches": 1, "Original Hash Batches": 1, "Peak Memory Usage": 10, "Plans": [{"Node Type": "Seq Scan", "Parent Relationship": "Outer", "Parallel Aware": false, "Relation Name": "nation", "Schema": "public", "Alias": "nation", "Startup Cost": 0.0, "Total Cost": 15.1, "Plan Rows": 510, "Plan Width": 33, "Actual Startup Time": 0.21, "Actual Total Time": 0.213, "Actual Rows": 25, "Actual Loops": 1, "Output": ["nation.n_name", "nation.n_nationkey"]}]}]}]}]}]}, "Planning Time": 10.31, "Triggers": [], "Execution Time": 14189.132}]
q3#####[{"Plan": {"Node Type": "Aggregate", "Strategy": "Sorted", "Partial Mode": "Simple", "Parallel Aware": false, "Startup Cost": 26293.93, "Total Cost": 26294.25, "Plan Rows": 9, "Plan Width": 98, "Actual Startup Time": 847.807, "Actual Total Time": 847.964, "Actual Rows": 4, "Actual Loops": 1, "Output": ["n1.n_name", "n2.n_name", "(date_part('year'::text, (lineitem.l_shipdate)::timestamp without time zone))", "sum((lineitem.l_extendedprice * ('1'::numeric - lineitem.l_discount)))"], "Group Key": ["n1.n_name", "n2.n_name", "(date_part('year'::text, (lineitem.l_shipdate)::timestamp without time zone))"], "Plans": [{"Node Type": "Sort", "Parent Relationship": "Outer", "Parallel Aware": false, "Startup Cost": 26293.93, "Total Cost": 26293.95, "Plan Rows": 9, "Plan Width": 78, "Actual Startup Time": 847.759, "Actual Total Time": 847.816, "Actual Rows": 597, "Actual Loops": 1, "Output": ["n1.n_name", "n2.n_name", "(date_part('year'::text, (lineitem.l_shipdate)::timestamp without time zone))", "lineitem.l_extendedprice", "lineitem.l_discount"], "Sort Key": ["n1.n_name", "n2.n_name", "(date_part('year'::text, (lineitem.l_shipdate)::timestamp without time zone))"], "Sort Method": "quicksort", "Sort Space Used": 71, "Sort Space Type": "Memory", "Plans": [{"Node Type": "Hash Join", "Parent Relationship": "Outer", "Parallel Aware": false, "Join Type": "Inner", "Startup Cost": 5327.32, "Total Cost": 26293.79, "Plan Rows": 9, "Plan Width": 78, "Actual Startup Time": 453.909, "Actual Total Time": 847.082, "Actual Rows": 597, "Actual Loops": 1, "Output": ["n1.n_name", "n2.n_name", "date_part('year'::text, (lineitem.l_shipdate)::timestamp without time zone)", "lineitem.l_extendedprice", "lineitem.l_discount"], "Inner Unique": false, "Hash Cond": "(lineitem.l_suppkey = supplier.s_suppkey)", "Join Filter": "((((n1.n_name)::text = 'ALGERIA'::text) AND ((n2.n_name)::text = 'EGYPT'::text)) OR (((n1.n_name)::text = 'EGYPT'::text) AND ((n2.n_name)::text = 'ALGERIA'::text)))", "Rows Removed by Join Filter": 565, "Plans": [{"Node Type": "Hash Join", "Parent Relationship": "Outer", "Parallel Aware": false, "Join Type": "Inner", "Startup Cost": 5273.84, "Total Cost": 26233.09, "Plan Rows": 1815, "Plan Width": 49, "Actual Startup Time": 436.537, "Actual Total Time": 834.986, "Actual Rows": 14854, "Actual Loops": 1, "Output": ["lineitem.l_shipdate", "lineitem.l_extendedprice", "lineitem.l_discount", "lineitem.l_suppkey", "n2.n_name"], "Inner Unique": false, "Hash Cond": "(lineitem.l_orderkey = orders.o_orderkey)", "Plans": [{"Node Type": "Seq Scan", "Parent Relationship": "Outer", "Parallel Aware": false, "Relation Name": "lineitem", "Schema": "public", "Alias": "lineitem", "Startup Cost": 0.0, "Total Cost": 20247.0, "Plan Rows": 185095, "Plan Width": 24, "Actual Startup Time": 1.672, "Actual Total Time": 376.941, "Actual Rows": 182585, "Actual Loops": 1, "Output": ["lineitem.l_orderkey", "lineitem.l_partkey", "lineitem.l_suppkey", "lineitem.l_linenumber", "lineitem.l_quantity", "lineitem.l_extendedprice", "lineitem.l_discount", "lineitem.l_tax", "lineitem.l_returnflag", "lineitem.l_linestatus", "lineitem.l_shipdate", "lineitem.l_commitdate", "lineitem.l_receiptdate", "lineitem.l_shipinstruct", "lineitem.l_shipmode", "lineitem.l_comment"], "Filter": "((lineitem.l_shipdate >= '1995-01-01'::date) AND (lineitem.l_shipdate <= '1996-12-31'::date))", "Rows Removed by Filter": 417415}, {"Node Type": "Hash", "Parent Relationship": "Inner", "Parallel Aware": false, "Startup Cost": 5255.45, "Total Cost": 5255.45, "Plan Rows": 1471, "Plan Width": 33, "Actual Startup Time": 434.64, "Actual Total Time": 434.659, "Actual Rows": 12082, "Actual Loops": 1, "Output": ["orders.o_orderkey", "n2.n_name"], "Hash Buckets": 16384, "Original Hash Buckets": 2048, "Hash Batches": 1, "Original Hash Batches": 1, "Peak Memory Usage": 635, "Plans": [{"Node Type": "Hash Join", "Parent Relationship": "Outer", "Parallel Aware": false, "Join Type": "Inner", "Startup Cost": 568.25, "Total Cost": 5255.45, "Plan Rows": 1471, "Plan Width": 33, "Actual Startup Time": 78.26, "Actual Total Time": 430.096, "Actual Rows": 12082, "Actual Loops": 1, "Output": ["orders.o_orderkey", "n2.n_name"], "Inner Unique": false, "Hash Cond": "(orders.o_custkey = customer.c_custkey)", "Plans": [{"Node Type": "Seq Scan", "Parent Relationship": "Outer", "Parallel Aware": false, "Relation Name": "orders", "Schema": "public", "Alias": "orders", "Startup Cost": 0.0, "Total Cost": 4110.0, "Plan Rows": 150000, "Plan Width": 8, "Actual Startup Time": 0.565, "Actual Total Time": 337.238, "Actual Rows": 150000, "Actual Loops": 1, "Output": ["orders.o_orderkey", "orders.o_custkey", "orders.o_orderstatus", "orders.o_totalprice", "orders.o_orderdate", "orders.o_orderpriority", "orders.o_clerk", "orders.o_shippriority", "orders.o_comment"]}, {"Node Type": "Hash", "Parent Relationship": "Inner", "Parallel Aware": false, "Startup Cost": 566.41, "Total Cost": 566.41, "Plan Rows": 147, "Plan Width": 33, "Actual Startup Time": 77.516, "Actual Total Time": 77.524, "Actual Rows": 1226, "Actual Loops": 1, "Output": ["customer.c_custkey", "n2.n_name"], "Hash Buckets": 2048, "Original Hash Buckets": 1024, "Hash Batches": 1, "Original Hash Batches": 1, "Peak Memory Usage": 68, "Plans": [{"Node Type": "Hash Join", "Parent Relationship": "Outer", "Parallel Aware": false, "Join Type": "Inner", "Startup Cost": 17.71, "Total Cost": 566.41, "Plan Rows": 147, "Plan Width": 33, "Actual Startup Time": 0.387, "Actual Total Time": 73.492, "Actual Rows": 1226, "Actual Loops": 1, "Output": ["customer.c_custkey", "n2.n_name"], "Inner Unique": true, "Hash Cond": "(customer.c_nationkey = n2.n_nationkey)", "Plans": [{"Node Type": "Seq Scan", "Parent Relationship": "Outer", "Parallel Aware": false, "Relation Name": "customer", "Schema": "public", "Alias": "customer", "Startup Cost": 0.0, "Total Cost": 509.0, "Plan Rows": 15000, "Plan Width": 8, "Actual Startup Time": 0.02, "Actual Total Time": 71.04, "Actual Rows": 15000, "Actual Loops": 1, "Output": ["customer.c_custkey", "customer.c_name", "customer.c_address", "customer.c_nationkey", "customer.c_phone", "customer.c_acctbal", "customer.c_mktsegment", "customer.c_comment"]}, {"Node Type": "Hash", "Parent Relationship": "Inner", "Parallel Aware": false, "Startup Cost": 17.65, "Total Cost": 17.65, "Plan Rows": 5, "Plan Width": 33, "Actual Startup Time": 0.154, "Actual Total Time": 0.154, "Actual Rows": 2, "Actual Loops": 1, "Output": ["n2.n_name", "n2.n_nationkey"], "Hash Buckets": 1024, "Original Hash Buckets": 1024, "Hash Batches": 1, "Original Hash Batches": 1, "Peak Memory Usage": 9, "Plans": [{"Node Type": "Seq Scan", "Parent Relationship": "Outer", "Parallel Aware": false, "Relation Name": "nation", "Schema": "public", "Alias": "n2", "Startup Cost": 0.0, "Total Cost": 17.65, "Plan Rows": 5, "Plan Width": 33, "Actual Startup Time": 0.12, "Actual Total Time": 0.126, "Actual Rows": 2, "Actual Loops": 1, "Output": ["n2.n_name", "n2.n_nationkey"], "Filter": "(((n2.n_name)::text = 'EGYPT'::text) OR ((n2.n_name)::text = 'ALGERIA'::text))", "Rows Removed by Filter": 23}]}]}]}]}]}]}, {"Node Type": "Hash", "Parent Relationship": "Inner", "Parallel Aware": false, "Startup Cost": 53.36, "Total Cost": 53.36, "Plan Rows": 10, "Plan Width": 33, "Actual Startup Time": 9.834, "Actual Total Time": 9.841, "Actual Rows": 76, "Actual Loops": 1, "Output": ["supplier.s_suppkey", "n1.n_name"], "Hash Buckets": 1024, "Original Hash Buckets": 1024, "Hash Batches": 1, "Original Hash Batches": 1, "Peak Memory Usage": 12, "Plans": [{"Node Type": "Hash Join", "Parent Relationship": "Outer", "Parallel Aware": false, "Join Type": "Inner", "Startup Cost": 17.71, "Total Cost": 53.36, "Plan Rows": 10, "Plan Width": 33, "Actual Startup Time": 4.316, "Actual Total Time": 9.808, "Actual Rows": 76, "Actual Loops": 1, "Output": ["supplier.s_suppkey", "n1.n_name"], "Inner Unique": true, "Hash Cond": "(supplier.s_nationkey = n1.n_nationkey)", "Plans": [{"Node Type": "Seq Scan", "Parent Relationship": "Outer", "Parallel Aware": false, "Relation Name": "supplier", "Schema": "public", "Alias": "supplier", "Startup Cost": 0.0, "Total Cost": 33.0, "Plan Rows": 1000, "Plan Width": 8, "Actual Startup Time": 0.007, "Actual Total Time": 5.344, "Actual Rows": 1000, "Actual Loops": 1, "Output": ["supplier.s_suppkey", "supplier.s_name", "supplier.s_address", "supplier.s_nationkey", "supplier.s_phone", "supplier.s_acctbal", "supplier.s_comment"]}, {"Node Type": "Hash", "Parent Relationship": "Inner", "Parallel Aware": false, "Startup Cost": 17.65, "Total Cost": 17.65, "Plan Rows": 5, "Plan Width": 33, "Actual Startup Time": 4.299, "Actual Total Time": 4.302, "Actual Rows": 2, "Actual Loops": 1, "Output": ["n1.n_name", "n1.n_nationkey"], "Hash Buckets": 1024, "Original Hash Buckets": 1024, "Hash Batches": 1, "Original Hash Batches": 1, "Peak Memory Usage": 9, "Plans": [{"Node Type": "Seq Scan", "Parent Relationship": "Outer", "Parallel Aware": false, "Relation Name": "nation", "Schema": "public", "Alias": "n1", "Startup Cost": 0.0, "Total Cost": 17.65, "Plan Rows": 5, "Plan Width": 33, "Actual Startup Time": 4.294, "Actual Total Time": 4.295, "Actual Rows": 2, "Actual Loops": 1, "Output": ["n1.n_name", "n1.n_nationkey"], "Filter": "(((n1.n_name)::text = 'ALGERIA'::text) OR ((n1.n_name)::text = 'EGYPT'::text))", "Rows Removed by Filter": 23}]}]}]}]}]}]}, "Planning Time": 4.107, "Triggers": [], "Execution Time": 848.231}]
q4#####[{"Plan": {"Node Type": "Sort", "Parallel Aware": false, "Startup Cost": 280742.96, "Total Cost": 280888.68, "Plan Rows": 58290, "Plan Width": 205, "Actual Startup Time": 14167.593, "Actual Total Time": 14175.504, "Actual Rows": 37633, "Actual Loops": 1, "Output": ["customer.c_custkey", "customer.c_name", "(sum((lineitem.l_extendedprice * ('1'::numeric - lineitem.l_discount))))", "customer.c_acctbal", "nation.n_name", "customer.c_address", "customer.c_phone", "customer.c_comment"], "Sort Key": ["(sum((lineitem.l_extendedprice * ('1'::numeric - lineitem.l_discount)))) DESC"], "Sort Method": "external merge", "Sort Space Used": 6376, "Sort Space Type": "Disk", "Plans": [{"Node Type": "Aggregate", "Strategy": "Sorted", "Partial Mode": "Simple", "Parent Relationship": "Outer", "Parallel Aware": false, "Startup Cost": 268018.93, "Total Cost": 270350.53, "Plan Rows": 58290, "Plan Width": 205, "Actual Startup Time": 14012.114, "Actual Total Time": 14097.365, "Actual Rows": 37633, "Actual Loops": 1, "Output": ["customer.c_custkey", "customer.c_name", "sum((lineitem.l_extendedprice * ('1'::numeric - lineitem.l_discount)))", "customer.c_acctbal", "nation.n_name", "customer.c_address", "customer.c_phone", "customer.c_comment"], "Group Key": ["customer.c_custkey", "customer.c_name", "customer.c_acctbal", "customer.c_phone", "nation.n_name", "customer.c_address", "customer.c_comment"], "Plans": [{"Node Type": "Sort", "Parent Relationship": "Outer", "Parallel Aware": false, "Startup Cost": 268018.93, "Total Cost": 268164.65, "Plan Rows": 58290, "Plan Width": 185, "Actual Startup Time": 14011.928, "Actual Total Time": 14035.533, "Actual Rows": 112740, "Actual Loops": 1, "Output": ["customer.c_custkey", "customer.c_name", "customer.c_acctbal", "nation.n_name", "customer.c_address", "customer.c_phone", "customer.c_comment", "lineitem.l_extendedprice", "lineitem.l_discount"], "Sort Key": ["customer.c_custkey", "customer.c_name", "customer.c_acctbal", "customer.c_phone", "nation.n_name", "customer.c_address", "customer.c_comment"], "Sort Method": "external merge", "Sort Space Used": 19584, "Sort Space Type": "Disk", "Plans": [{"Node Type": "Hash Join", "Parent Relationship": "Outer", "Parallel Aware": false, "Join Type": "Inner", "Startup Cost": 59524.57, "Total Cost": 258025.49, "Plan Rows": 58290, "Plan Width": 185, "Actual Startup Time": 4431.346, "Actual Total Time": 13765.791, "Actual Rows": 112740, "Actual Loops": 1, "Output": ["customer.c_custkey", "customer.c_name", "customer.c_acctbal", "nation.n_name", "customer.c_address", "customer.c_phone", "customer.c_comment", "lineitem.l_extendedprice", "lineitem.l_discount"], "Inner Unique": true, "Hash Cond": "(customer.c_nationkey = nation.n_nationkey)", "Plans": [{"Node Type": "Hash Join", "Parent Relationship": "Outer", "Parallel Aware": false, "Join Type": "Inner", "Startup Cost": 59503.1, "Total Cost": 257849.74, "Plan Rows": 58290, "Plan Width": 160, "Actual Startup Time": 4430.063, "Actual Total Time": 13741.232, "Actual Rows": 112740, "Actual Loops": 1, "Output": ["customer.c_custkey", "customer.c_name", "customer.c_acctbal", "customer.c_address", "customer.c_phone", "customer.c_comment", "customer.c_nationkey", "lineitem.l_extendedprice", "lineitem.l_discount"], "Inner Unique": false, "Hash Cond": "(orders.o_custkey = customer.c_custkey)", "Plans": [{"Node Type": "Hash Join", "Parent Relationship": "Outer", "Parallel Aware": false, "Join Type": "Inner", "Startup Cost": 49320.1, "Total Cost": 243072.25, "Plan Rows": 58290, "Plan Width": 16, "Actual Startup Time": 2245.174, "Actual Total Time": 11243.821, "Actual Rows": 112740, "Actual Loops": 1, "Output": ["orders.o_custkey", "lineitem.l_extendedprice", "lineitem.l_discount"], "Inner Unique": false, "Hash Cond": "(lineitem.l_orderkey = orders.o_orderkey)", "Plans": [{"Node Type": "Seq Scan", "Parent Relationship": "Outer", "Parallel Aware": false, "Relation Name": "lineitem", "Schema": "public", "Alias": "lineitem", "Startup Cost": 0.0, "Total Cost": 187516.95, "Plan Rows": 1507280, "Plan Width": 16, "Actual Startup Time": 5.513, "Actual Total Time": 8708.016, "Actual Rows": 1478870, "Actual Loops": 1, "Output": ["lineitem.l_orderkey", "lineitem.l_partkey", "lineitem.l_suppkey", "lineitem.l_linenumber", "lineitem.l_quantity", "lineitem.l_extendedprice", "lineitem.l_discount", "lineitem.l_tax", "lineitem.l_returnflag", "lineitem.l_linestatus", "lineitem.l_shipdate", "lineitem.l_commitdate", "lineitem.l_receiptdate", "lineitem.l_shipinstruct", "lineitem.l_shipmode", "lineitem.l_comment"], "Filter": "(lineitem.l_returnflag = 'R'::bpchar)", "Rows Removed by Filter": 4522345}, {"Node Type": "Hash", "Parent Relationship": "Inner", "Parallel Aware": false, "Startup Cost": 48595.0, "Total Cost": 48595.0, "Plan Rows": 58008, "Plan Width": 8, "Actual Startup Time": 2236.027, "Actual Total Time": 2236.055, "Actual Rows": 56434, "Actual Loops": 1, "Output": ["orders.o_custkey", "orders.o_orderkey"], "Hash Buckets": 65536, "Original Hash Buckets": 65536, "Hash Batches": 1, "Original Hash Batches": 1, "Peak Memory Usage": 2717, "Plans": [{"Node Type": "Seq Scan", "Parent Relationship": "Outer", "Parallel Aware": false, "Relation Name": "orders", "Schema": "public", "Alias": "orders", "Startup Cost": 0.0, "Total Cost": 48595.0, "Plan Rows": 58008, "Plan Width": 8, "Actual Startup Time": 2.753, "Actual Total Time": 2198.617, "Actual Rows": 56434, "Actual Loops": 1, "Output": ["orders.o_custkey", "orders.o_orderkey"], "Filter": "((orders.o_orderdate >= '1993-04-01'::date) AND (orders.o_orderdate < '1993-07-01 00:00:00'::timestamp without time zone))", "Rows Removed by Filter": 1443566}]}]}, {"Node Type": "Hash", "Parent Relationship": "Inner", "Parallel Aware": false, "Startup Cost": 5085.0, "Total Cost": 5085.0, "Plan Rows": 150000, "Plan Width": 148, "Actual Startup Time": 2177.876, "Actual Total Time": 2177.968, "Actual Rows": 150000, "Actual Loops": 1, "Output": ["customer.c_custkey", "customer.c_name", "customer.c_acctbal", "customer.c_address", "customer.c_phone", "customer.c_comment", "customer.c_nationkey"], "Hash Buckets": 32768, "Original Hash Buckets": 32768, "Hash Batches": 8, "Original Hash Batches": 8, "Peak Memory Usage": 3655, "Plans": [{"Node Type": "Seq Scan", "Parent Relationship": "Outer", "Parallel Aware": false, "Relation Name": "customer", "Schema": "public", "Alias": "customer", "Startup Cost": 0.0, "Total Cost": 5085.0, "Plan Rows": 150000, "Plan Width": 148, "Actual Startup Time": 9.565, "Actual Total Time": 927.277, "Actual Rows": 150000, "Actual Loops": 1, "Output": ["customer.c_custkey", "customer.c_name", "customer.c_acctbal", "customer.c_address", "customer.c_phone", "customer.c_comment", "customer.c_nationkey"]}]}]}, {"Node Type": "Hash", "Parent Relationship": "Inner", "Parallel Aware": false, "Startup Cost": 15.1, "Total Cost": 15.1, "Plan Rows": 510, "Plan Width": 33, "Actual Startup Time": 1.042, "Actual Total Time": 1.042, "Actual Rows": 25, "Actual Loops": 1, "Output": ["nation.n_name", "nation.n_nationkey"], "Hash Buckets": 1024, "Original Hash Buckets": 1024, "Hash Batches": 1, "Original Hash Batches": 1, "Peak Memory Usage": 10, "Plans": [{"Node Type": "Seq Scan", "Parent Relationship": "Outer", "Parallel Aware": false, "Relation Name": "nation", "Schema": "public", "Alias": "nation", "Startup Cost": 0.0, "Total Cost": 15.1, "Plan Rows": 510, "Plan Width": 33, "Actual Startup Time": 1.024, "Actual Total Time": 1.026, "Actual Rows": 25, "Actual Loops": 1, "Output": ["nation.n_name", "nation.n_nationkey"]}]}]}]}]}]}, "Planning Time": 0.557, "Triggers": [], "Execution Time": 14180.79}]
q5#####[{"Plan": {"Node Type": "Sort", "Parallel Aware": false, "Startup Cost": 280687.01, "Total Cost": 280832.41, "Plan Rows": 58159, "Plan Width": 205, "Actual Startup Time": 14123.971, "Actual Total Time": 14129.266, "Actual Rows": 38013, "Actual Loops": 1, "Output": ["customer.c_custkey", "customer.c_name", "(sum((lineitem.l_extendedprice * ('1'::numeric - lineitem.l_discount))))", "customer.c_acctbal", "nation.n_name", "customer.c_address", "customer.c_phone", "customer.c_comment"], "Sort Key": ["(sum((lineitem.l_extendedprice * ('1'::numeric - lineitem.l_discount)))) DESC"], "Sort Method": "external merge", "Sort Space Used": 6440, "Sort Space Type": "Disk", "Plans": [{"Node Type": "Aggregate", "Strategy": "Sorted", "Partial Mode": "Simple", "Parent Relationship": "Outer", "Parallel Aware": false, "Startup Cost": 267990.03, "Total Cost": 270316.39, "Plan Rows": 58159, "Plan Width": 205, "Actual Startup Time": 13959.549, "Actual Total Time": 14073.249, "Actual Rows": 38013, "Actual Loops": 1, "Output": ["customer.c_custkey", "customer.c_name", "sum((lineitem.l_extendedprice * ('1'::numeric - lineitem.l_discount)))", "customer.c_acctbal", "nation.n_name", "customer.c_address", "customer.c_phone", "customer.c_comment"], "Group Key": ["customer.c_custkey", "customer.c_name", "customer.c_acctbal", "customer.c_phone", "nation.n_name", "customer.c_address", "customer.c_comment"], "Plans": [{"Node Type": "Sort", "Parent Relationship": "Outer", "Parallel Aware": false, "Startup Cost": 267990.03, "Total Cost": 268135.43, "Plan Rows": 58159, "Plan Width": 185, "Actual Startup Time": 13959.47, "Actual Total Time": 13994.453, "Actual Rows": 114399, "Actual Loops": 1, "Output": ["customer.c_custkey", "customer.c_name", "customer.c_acctbal", "nation.n_name", "customer.c_address", "customer.c_phone", "customer.c_comment", "lineitem.l_extendedprice", "lineitem.l_discount"], "Sort Key": ["customer.c_custkey", "customer.c_name", "customer.c_acctbal", "customer.c_phone", "nation.n_name", "customer.c_address", "customer.c_comment"], "Sort Method": "external merge", "Sort Space Used": 19848, "Sort Space Type": "Disk", "Plans": [{"Node Type": "Hash Join", "Parent Relationship": "Outer", "Parallel Aware": false, "Join Type": "Inner", "Startup Cost": 59522.95, "Total Cost": 258018.41, "Plan Rows": 58159, "Plan Width": 185, "Actual Startup Time": 4440.392, "Actual Total Time": 13734.569, "Actual Rows": 114399, "Actual Loops": 1, "Output": ["customer.c_custkey", "customer.c_name", "customer.c_acctbal", "nation.n_name", "customer.c_address", "customer.c_phone", "customer.c_comment", "lineitem.l_extendedprice", "lineitem.l_discount"], "Inner Unique": true, "Hash Cond": "(customer.c_nationkey = nation.n_nationkey)", "Plans": [{"Node Type": "Hash Join", "Parent Relationship": "Outer", "Parallel Aware": false, "Join Type": "Inner", "Startup Cost": 59501.47, "Total Cost": 257843.0, "Plan Rows": 58159, "Plan Width": 160, "Actual Startup Time": 4440.134, "Actual Total Time": 13709.502, "Actual Rows": 114399, "Actual Loops": 1, "Output": ["customer.c_custkey", "customer.c_name", "customer.c_acctbal", "customer.c_address", "customer.c_phone", "customer.c_comment", "customer.c_nationkey", "lineitem.l_extendedprice", "lineitem.l_discount"], "Inner Unique": false, "Hash Cond": "(orders.o_custkey = customer.c_custkey)", "Plans": [{"Node Type": "Hash Join", "Parent Relationship": "Outer", "Parallel Aware": false, "Join Type": "Inner", "Startup Cost": 49318.47, "Total Cost": 243069.32, "Plan Rows": 58159, "Plan Width": 16, "Actual Startup Time": 2243.834, "Actual Total Time": 11264.98, "Actual Rows": 114399, "Actual Loops": 1, "Output": ["orders.o_custkey", "lineitem.l_extendedprice", "lineitem.l_discount"], "Inner Unique": false, "Hash Cond": "(lineitem.l_orderkey = orders.o_orderkey)", "Plans": [{"Node Type": "Seq Scan", "Parent Relationship": "Outer", "Parallel Aware": false, "Relation Name": "lineitem", "Schema": "public", "Alias": "lineitem", "Startup Cost": 0.0, "Total Cost": 187516.95, "Plan Rows": 1507280, "Plan Width": 16, "Actual Startup Time": 5.572, "Actual Total Time": 8726.516, "Actual Rows": 1478870, "Actual Loops": 1, "Output": ["lineitem.l_orderkey", "lineitem.l_partkey", "lineitem.l_suppkey", "lineitem.l_linenumber", "lineitem.l_quantity", "lineitem.l_extendedprice", "lineitem.l_discount", "lineitem.l_tax", "lineitem.l_returnflag", "lineitem.l_linestatus", "lineitem.l_shipdate", "lineitem.l_commitdate", "lineitem.l_receiptdate", "lineitem.l_shipinstruct", "lineitem.l_shipmode", "lineitem.l_comment"], "Filter": "(lineitem.l_returnflag = 'R'::bpchar)", "Rows Removed by Filter": 4522345}, {"Node Type": "Hash", "Parent Relationship": "Inner", "Parallel Aware": false, "Startup Cost": 48595.0, "Total Cost": 48595.0, "Plan Rows": 57878, "Plan Width": 8, "Actual Startup Time": 2231.944, "Actual Total Time": 2231.975, "Actual Rows": 57207, "Actual Loops": 1, "Output": ["orders.o_custkey", "orders.o_orderkey"], "Hash Buckets": 65536, "Original Hash Buckets": 65536, "Hash Batches": 1, "Original Hash Batches": 1, "Peak Memory Usage": 2747, "Plans": [{"Node Type": "Seq Scan", "Parent Relationship": "Outer", "Parallel Aware": false, "Relation Name": "orders", "Schema": "public", "Alias": "orders", "Startup Cost": 0.0, "Total Cost": 48595.0, "Plan Rows": 57878, "Plan Width": 8, "Actual Startup Time": 0.014, "Actual Total Time": 2185.897, "Actual Rows": 57207, "Actual Loops": 1, "Output": ["orders.o_custkey", "orders.o_orderkey"], "Filter": "((orders.o_orderdate >= '1994-10-05'::date) AND (orders.o_orderdate < '1995-01-05 00:00:00'::timestamp without time zone))", "Rows Removed by Filter": 1442793}]}]}, {"Node Type": "Hash", "Parent Relationship": "Inner", "Parallel Aware": false, "Startup Cost": 5085.0, "Total Cost": 5085.0, "Plan Rows": 150000, "Plan Width": 148, "Actual Startup Time": 2152.847, "Actual Total Time": 2152.851, "Actual Rows": 150000, "Actual Loops": 1, "Output": ["customer.c_custkey", "customer.c_name", "customer.c_acctbal", "customer.c_address", "customer.c_phone", "customer.c_comment", "customer.c_nationkey"], "Hash Buckets": 32768, "Original Hash Buckets": 32768, "Hash Batches": 8, "Original Hash Batches": 8, "Peak Memory Usage": 3655, "Plans": [{"Node Type": "Seq Scan", "Parent Relationship": "Outer", "Parallel Aware": false, "Relation Name": "customer", "Schema": "public", "Alias": "customer", "Startup Cost": 0.0, "Total Cost": 5085.0, "Plan Rows": 150000, "Plan Width": 148, "Actual Startup Time": 0.004, "Actual Total Time": 914.723, "Actual Rows": 150000, "Actual Loops": 1, "Output": ["customer.c_custkey", "customer.c_name", "customer.c_acctbal", "customer.c_address", "customer.c_phone", "customer.c_comment", "customer.c_nationkey"]}]}]}, {"Node Type": "Hash", "Parent Relationship": "Inner", "Parallel Aware": false, "Startup Cost": 15.1, "Total Cost": 15.1, "Plan Rows": 510, "Plan Width": 33, "Actual Startup Time": 0.043, "Actual Total Time": 0.044, "Actual Rows": 25, "Actual Loops": 1, "Output": ["nation.n_name", "nation.n_nationkey"], "Hash Buckets": 1024, "Original Hash Buckets": 1024, "Hash Batches": 1, "Original Hash Batches": 1, "Peak Memory Usage": 10, "Plans": [{"Node Type": "Seq Scan", "Parent Relationship": "Outer", "Parallel Aware": false, "Relation Name": "nation", "Schema": "public", "Alias": "nation", "Startup Cost": 0.0, "Total Cost": 15.1, "Plan Rows": 510, "Plan Width": 33, "Actual Startup Time": 0.014, "Actual Total Time": 0.019, "Actual Rows": 25, "Actual Loops": 1, "Output": ["nation.n_name", "nation.n_nationkey"]}]}]}]}]}]}, "Planning Time": 1.243, "Triggers": [], "Execution Time": 14134.008}]
q6#####[{"Plan": {"Node Type": "Sort", "Parallel Aware": false, "Startup Cost": 125323.45, "Total Cost": 125323.72, "Plan Rows": 106, "Plan Width": 61, "Actual Startup Time": 7358.871, "Actual Total Time": 7359.432, "Actual Rows": 5, "Actual Loops": 1, "Output": ["nation.n_name", "(sum((lineitem.l_extendedprice * ('1'::numeric - lineitem.l_discount))))"], "Sort Key": ["(sum((lineitem.l_extendedprice * ('1'::numeric - lineitem.l_discount)))) DESC"], "Sort Method": "quicksort", "Sort Space Used": 25, "Sort Space Type": "Memory", "Plans": [{"Node Type": "Aggregate", "Strategy": "Sorted", "Partial Mode": "Simple", "Parent Relationship": "Outer", "Parallel Aware": false, "Startup Cost": 125317.24, "Total Cost": 125319.89, "Plan Rows": 106, "Plan Width": 61, "Actual Startup Time": 7353.89, "Actual Total Time": 7359.373, "Actual Rows": 5, "Actual Loops": 1, "Output": ["nation.n_name", "sum((lineitem.l_extendedprice * ('1'::numeric - lineitem.l_discount)))"], "Group Key": ["nation.n_name"], "Plans": [{"Node Type": "Sort", "Parent Relationship": "Outer", "Parallel Aware": false, "Startup Cost": 125317.24, "Total Cost": 125317.5, "Plan Rows": 106, "Plan Width": 41, "Actual Startup Time": 7353.645, "Actual Total Time": 7358.296, "Actual Rows": 3648, "Actual Loops": 1, "Output": ["nation.n_name", "lineitem.l_extendedprice", "lineitem.l_discount"], "Sort Key": ["nation.n_name"], "Sort Method": "quicksort", "Sort Space Used": 381, "Sort Space Type": "Memory", "Plans": [{"Node Type": "Hash Join", "Parent Relationship": "Outer", "Parallel Aware": false, "Join Type": "Inner", "Startup Cost": 27785.82, "Total Cost": 125313.67, "Plan Rows": 106, "Plan Width": 41, "Actual Startup Time": 898.836, "Actual Total Time": 7340.988, "Actual Rows": 3648, "Actual Loops": 1, "Output": ["nation.n_name", "lineitem.l_extendedprice", "lineitem.l_discount"], "Inner Unique": false, "Hash Cond": "((lineitem.l_suppkey = supplier.s_suppkey) AND (customer.c_nationkey = supplier.s_nationkey))", "Plans": [{"Node Type": "Hash Join", "Parent Relationship": "Outer", "Parallel Aware": false, "Join Type": "Inner", "Startup Cost": 27549.82, "Total Cost": 125056.76, "Plan Rows": 2647, "Plan Width": 53, "Actual Startup Time": 876.943, "Actual Total Time": 7282.273, "Actual Rows": 92470, "Actual Loops": 1, "Output": ["customer.c_nationkey", "lineitem.l_extendedprice", "lineitem.l_discount", "lineitem.l_suppkey", "nation.n_name", "nation.n_nationkey"], "Inner Unique": false, "Hash Cond": "(lineitem.l_orderkey = orders.o_orderkey)", "Plans": [{"Node Type": "Seq Scan", "Parent Relationship": "Outer", "Parallel Aware": false, "Relation Name": "lineitem", "Schema": "public", "Alias": "lineitem", "Startup Cost": 0.0, "Total Cost": 86231.15, "Plan Rows": 2999815, "Plan Width": 20, "Actual Startup Time": 2.877, "Actual Total Time": 5502.085, "Actual Rows": 2999671, "Actual Loops": 1, "Output": ["lineitem.l_orderkey", "lineitem.l_partkey", "lineitem.l_suppkey", "lineitem.l_linenumber", "lineitem.l_quantity", "lineitem.l_extendedprice", "lineitem.l_discount", "lineitem.l_tax", "lineitem.l_returnflag", "lineitem.l_linestatus", "lineitem.l_shipdate", "lineitem.l_commitdate", "lineitem.l_receiptdate", "lineitem.l_shipinstruct", "lineitem.l_shipmode", "lineitem.l_comment"]}, {"Node Type": "Hash", "Parent Relationship": "Inner", "Parallel Aware": false, "Startup Cost": 27541.55, "Total Cost": 27541.55, "Plan Rows": 662, "Plan Width": 41, "Actual Startup Time": 873.817, "Actual Total Time": 874.361, "Actual Rows": 22974, "Actual Loops": 1, "Output": ["customer.c_nationkey", "orders.o_orderkey", "nation.n_name", "nation.n_nationkey"], "Hash Buckets": 32768, "Original Hash Buckets": 1024, "Hash Batches": 1, "Original Hash Batches": 1, "Peak Memory Usage": 1459, "Plans": [{"Node Type": "Hash Join", "Parent Relationship": "Outer", "Parallel Aware": false, "Join Type": "Inner", "Startup Cost": 2804.78, "Total Cost": 27541.55, "Plan Rows": 662, "Plan Width": 41, "Actual Startup Time": 230.93, "Actual Total Time": 866.321, "Actual Rows": 22974, "Actual Loops": 1, "Output": ["customer.c_nationkey", "orders.o_orderkey", "nation.n_name", "nation.n_nationkey"], "Inner Unique": false, "Hash Cond": "(orders.o_custkey = customer.c_custkey)", "Plans": [{"Node Type": "Seq Scan", "Parent Relationship": "Outer", "Parallel Aware": false, "Relation Name": "orders", "Schema": "public", "Alias": "orders", "Startup Cost": 0.0, "Total Cost": 24300.0, "Plan Rows": 114706, "Plan Width": 8, "Actual Startup Time": 0.303, "Actual Total Time": 594.237, "Actual Rows": 114174, "Actual Loops": 1, "Output": ["orders.o_orderkey", "orders.o_custkey", "orders.o_orderstatus", "orders.o_totalprice", "orders.o_orderdate", "orders.o_orderpriority", "orders.o_clerk", "orders.o_shippriority", "orders.o_comment"], "Filter": "((orders.o_orderdate >= '1996-01-10'::date) AND (orders.o_orderdate < '1997-01-10 00:00:00'::timestamp without time zone))", "Rows Removed by Filter": 635826}, {"Node Type": "Hash", "Parent Relationship": "Inner", "Parallel Aware": false, "Startup Cost": 2799.37, "Total Cost": 2799.37, "Plan Rows": 433, "Plan Width": 41, "Actual Startup Time": 230.616, "Actual Total Time": 231.138, "Actual Rows": 14993, "Actual Loops": 1, "Output": ["customer.c_custkey", "customer.c_nationkey", "nation.n_name", "nation.n_nationkey"], "Hash Buckets": 16384, "Original Hash Buckets": 1024, "Hash Batches": 1, "Original Hash Batches": 1, "Peak Memory Usage": 913, "Plans": [{"Node Type": "Hash Join", "Parent Relationship": "Outer", "Parallel Aware": false, "Join Type": "Inner", "Startup Cost": 38.01, "Total Cost": 2799.37, "Plan Rows": 433, "Plan Width": 41, "Actual Startup Time": 10.543, "Actual Total Time": 228.552, "Actual Rows": 14993, "Actual Loops": 1, "Output": ["customer.c_custkey", "customer.c_nationkey", "nation.n_name", "nation.n_nationkey"], "Inner Unique": true, "Hash Cond": "(nation.n_regionkey = region.r_regionkey)", "Plans": [{"Node Type": "Hash Join", "Parent Relationship": "Outer", "Parallel Aware": false, "Join Type": "Inner", "Startup Cost": 21.48, "Total Cost": 2762.99, "Plan Rows": 7500, "Plan Width": 45, "Actual Startup Time": 0.097, "Actual Total Time": 213.585, "Actual Rows": 75000, "Actual Loops": 1, "Output": ["customer.c_custkey", "customer.c_nationkey", "nation.n_name", "nation.n_nationkey", "nation.n_regionkey"], "Inner Unique": true, "Hash Cond": "(customer.c_nationkey = nation.n_nationkey)", "Plans": [{"Node Type": "Seq Scan", "Parent Relationship": "Outer", "Parallel Aware": false, "Relation Name": "customer", "Schema": "public", "Alias": "customer", "Startup Cost": 0.0, "Total Cost": 2543.0, "Plan Rows": 75000, "Plan Width": 8, "Actual Startup Time": 0.059, "Actual Total Time": 25.818, "Actual Rows": 75000, "Actual Loops": 1, "Output": ["customer.c_custkey", "customer.c_name", "customer.c_address", "customer.c_nationkey", "customer.c_phone", "customer.c_acctbal", "customer.c_mktsegment", "customer.c_comment"]}, {"Node Type": "Hash", "Parent Relationship": "Inner", "Parallel Aware": false, "Startup Cost": 15.1, "Total Cost": 15.1, "Plan Rows": 510, "Plan Width": 37, "Actual Startup Time": 0.02, "Actual Total Time": 0.03, "Actual Rows": 25, "Actual Loops": 1, "Output": ["nation.n_name", "nation.n_nationkey", "nation.n_regionkey"], "Hash Buckets": 1024, "Original Hash Buckets": 1024, "Hash Batches": 1, "Original Hash Batches": 1, "Peak Memory Usage": 10, "Plans": [{"Node Type": "Seq Scan", "Parent Relationship": "Outer", "Parallel Aware": false, "Relation Name": "nation", "Schema": "public", "Alias": "nation", "Startup Cost": 0.0, "Total Cost": 15.1, "Plan Rows": 510, "Plan Width": 37, "Actual Startup Time": 0.014, "Actual Total Time": 0.018, "Actual Rows": 25, "Actual Loops": 1, "Output": ["nation.n_name", "nation.n_nationkey", "nation.n_regionkey"]}]}]}, {"Node Type": "Hash", "Parent Relationship": "Inner", "Parallel Aware": false, "Startup Cost": 16.5, "Total Cost": 16.5, "Plan Rows": 3, "Plan Width": 4, "Actual Startup Time": 10.433, "Actual Total Time": 10.443, "Actual Rows": 1, "Actual Loops": 1, "Output": ["region.r_regionkey"], "Hash Buckets": 1024, "Original Hash Buckets": 1024, "Hash Batches": 1, "Original Hash Batches": 1, "Peak Memory Usage": 9, "Plans": [{"Node Type": "Seq Scan", "Parent Relationship": "Outer", "Parallel Aware": false, "Relation Name": "region", "Schema": "public", "Alias": "region", "Startup Cost": 0.0, "Total Cost": 16.5, "Plan Rows": 3, "Plan Width": 4, "Actual Startup Time": 10.42, "Actual Total Time": 10.423, "Actual Rows": 1, "Actual Loops": 1, "Output": ["region.r_regionkey"], "Filter": "((region.r_name)::text = 'EUROPE'::text)", "Rows Removed by Filter": 4}]}]}]}]}]}]}, {"Node Type": "Hash", "Parent Relationship": "Inner", "Parallel Aware": false, "Startup Cost": 161.0, "Total Cost": 161.0, "Plan Rows": 5000, "Plan Width": 8, "Actual Startup Time": 21.63, "Actual Total Time": 21.63, "Actual Rows": 5000, "Actual Loops": 1, "Output": ["supplier.s_suppkey", "supplier.s_nationkey"], "Hash Buckets": 8192, "Original Hash Buckets": 8192, "Hash Batches": 1, "Original Hash Batches": 1, "Peak Memory Usage": 260, "Plans": [{"Node Type": "Seq Scan", "Parent Relationship": "Outer", "Parallel Aware": false, "Relation Name": "supplier", "Schema": "public", "Alias": "supplier", "Startup Cost": 0.0, "Total Cost": 161.0, "Plan Rows": 5000, "Plan Width": 8, "Actual Startup Time": 0.009, "Actual Total Time": 21.111, "Actual Rows": 5000, "Actual Loops": 1, "Output": ["supplier.s_suppkey", "supplier.s_nationkey"]}]}]}]}]}]}, "Planning Time": 2.017, "Triggers": [], "Execution Time": 7360.698}]
q7#####[{"Plan": {"Node Type": "Aggregate", "Strategy": "Sorted", "Partial Mode": "Simple", "Parallel Aware": false, "Startup Cost": 26293.93, "Total Cost": 26294.25, "Plan Rows": 9, "Plan Width": 98, "Actual Startup Time": 850.15, "Actual Total Time": 850.569, "Actual Rows": 4, "Actual Loops": 1, "Output": ["n1.n_name", "n2.n_name", "(date_part('year'::text, (lineitem.l_shipdate)::timestamp without time zone))", "sum((lineitem.l_extendedprice * ('1'::numeric - lineitem.l_discount)))"], "Group Key": ["n1.n_name", "n2.n_name", "(date_part('year'::text, (lineitem.l_shipdate)::timestamp without time zone))"], "Plans": [{"Node Type": "Sort", "Parent Relationship": "Outer", "Parallel Aware": false, "Startup Cost": 26293.93, "Total Cost": 26293.95, "Plan Rows": 9, "Plan Width": 78, "Actual Startup Time": 849.993, "Actual Total Time": 850.113, "Actual Rows": 597, "Actual Loops": 1, "Output": ["n1.n_name", "n2.n_name", "(date_part('year'::text, (lineitem.l_shipdate)::timestamp without time zone))", "lineitem.l_extendedprice", "lineitem.l_discount"], "Sort Key": ["n1.n_name", "n2.n_name", "(date_part('year'::text, (lineitem.l_shipdate)::timestamp without time zone))"], "Sort Method": "quicksort", "Sort Space Used": 71, "Sort Space Type": "Memory", "Plans": [{"Node Type": "Hash Join", "Parent Relationship": "Outer", "Parallel Aware": false, "Join Type": "Inner", "Startup Cost": 5327.32, "Total Cost": 26293.79, "Plan Rows": 9, "Plan Width": 78, "Actual Startup Time": 455.792, "Actual Total Time": 849.322, "Actual Rows": 597, "Actual Loops": 1, "Output": ["n1.n_name", "n2.n_name", "date_part('year'::text, (lineitem.l_shipdate)::timestamp without time zone)", "lineitem.l_extendedprice", "lineitem.l_discount"], "Inner Unique": false, "Hash Cond": "(lineitem.l_suppkey = supplier.s_suppkey)", "Join Filter": "((((n1.n_name)::text = 'EGYPT'::text) AND ((n2.n_name)::text = 'ALGERIA'::text)) OR (((n1.n_name)::text = 'ALGERIA'::text) AND ((n2.n_name)::text = 'EGYPT'::text)))", "Rows Removed by Join Filter": 565, "Plans": [{"Node Type": "Hash Join", "Parent Relationship": "Outer", "Parallel Aware": false, "Join Type": "Inner", "Startup Cost": 5273.84, "Total Cost": 26233.09, "Plan Rows": 1815, "Plan Width": 49, "Actual Startup Time": 436.809, "Actual Total Time": 835.325, "Actual Rows": 14854, "Actual Loops": 1, "Output": ["lineitem.l_shipdate", "lineitem.l_extendedprice", "lineitem.l_discount", "lineitem.l_suppkey", "n2.n_name"], "Inner Unique": false, "Hash Cond": "(lineitem.l_orderkey = orders.o_orderkey)", "Plans": [{"Node Type": "Seq Scan", "Parent Relationship": "Outer", "Parallel Aware": false, "Relation Name": "lineitem", "Schema": "public", "Alias": "lineitem", "Startup Cost": 0.0, "Total Cost": 20247.0, "Plan Rows": 185095, "Plan Width": 24, "Actual Startup Time": 1.719, "Actual Total Time": 375.508, "Actual Rows": 182585, "Actual Loops": 1, "Output": ["lineitem.l_orderkey", "lineitem.l_partkey", "lineitem.l_suppkey", "lineitem.l_linenumber", "lineitem.l_quantity", "lineitem.l_extendedprice", "lineitem.l_discount", "lineitem.l_tax", "lineitem.l_returnflag", "lineitem.l_linestatus", "lineitem.l_shipdate", "lineitem.l_commitdate", "lineitem.l_receiptdate", "lineitem.l_shipinstruct", "lineitem.l_shipmode", "lineitem.l_comment"], "Filter": "((lineitem.l_shipdate >= '1995-01-01'::date) AND (lineitem.l_shipdate <= '1996-12-31'::date))", "Rows Removed by Filter": 417415}, {"Node Type": "Hash", "Parent Relationship": "Inner", "Parallel Aware": false, "Startup Cost": 5255.45, "Total Cost": 5255.45, "Plan Rows": 1471, "Plan Width": 33, "Actual Startup Time": 434.767, "Actual Total Time": 434.805, "Actual Rows": 12082, "Actual Loops": 1, "Output": ["orders.o_orderkey", "n2.n_name"], "Hash Buckets": 16384, "Original Hash Buckets": 2048, "Hash Batches": 1, "Original Hash Batches": 1, "Peak Memory Usage": 635, "Plans": [{"Node Type": "Hash Join", "Parent Relationship": "Outer", "Parallel Aware": false, "Join Type": "Inner", "Startup Cost": 568.25, "Total Cost": 5255.45, "Plan Rows": 1471, "Plan Width": 33, "Actual Startup Time": 78.638, "Actual Total Time": 430.434, "Actual Rows": 12082, "Actual Loops": 1, "Output": ["orders.o_orderkey", "n2.n_name"], "Inner Unique": false, "Hash Cond": "(orders.o_custkey = customer.c_custkey)", "Plans": [{"Node Type": "Seq Scan", "Parent Relationship": "Outer", "Parallel Aware": false, "Relation Name": "orders", "Schema": "public", "Alias": "orders", "Startup Cost": 0.0, "Total Cost": 4110.0, "Plan Rows": 150000, "Plan Width": 8, "Actual Startup Time": 0.484, "Actual Total Time": 337.355, "Actual Rows": 150000, "Actual Loops": 1, "Output": ["orders.o_orderkey", "orders.o_custkey", "orders.o_orderstatus", "orders.o_totalprice", "orders.o_orderdate", "orders.o_orderpriority", "orders.o_clerk", "orders.o_shippriority", "orders.o_comment"]}, {"Node Type": "Hash", "Parent Relationship": "Inner", "Parallel Aware": false, "Startup Cost": 566.41, "Total Cost": 566.41, "Plan Rows": 147, "Plan Width": 33, "Actual Startup Time": 77.655, "Actual Total Time": 77.676, "Actual Rows": 1226, "Actual Loops": 1, "Output": ["customer.c_custkey", "n2.n_name"], "Hash Buckets": 2048, "Original Hash Buckets": 1024, "Hash Batches": 1, "Original Hash Batches": 1, "Peak Memory Usage": 68, "Plans": [{"Node Type": "Hash Join", "Parent Relationship": "Outer", "Parallel Aware": false, "Join Type": "Inner", "Startup Cost": 17.71, "Total Cost": 566.41, "Plan Rows": 147, "Plan Width": 33, "Actual Startup Time": 0.222, "Actual Total Time": 77.035, "Actual Rows": 1226, "Actual Loops": 1, "Output": ["customer.c_custkey", "n2.n_name"], "Inner Unique": true, "Hash Cond": "(customer.c_nationkey = n2.n_nationkey)", "Plans": [{"Node Type": "Seq Scan", "Parent Relationship": "Outer", "Parallel Aware": false, "Relation Name": "customer", "Schema": "public", "Alias": "customer", "Startup Cost": 0.0, "Total Cost": 509.0, "Plan Rows": 15000, "Plan Width": 8, "Actual Startup Time": 0.003, "Actual Total Time": 74.34, "Actual Rows": 15000, "Actual Loops": 1, "Output": ["customer.c_custkey", "customer.c_name", "customer.c_address", "customer.c_nationkey", "customer.c_phone", "customer.c_acctbal", "customer.c_mktsegment", "customer.c_comment"]}, {"Node Type": "Hash", "Parent Relationship": "Inner", "Parallel Aware": false, "Startup Cost": 17.65, "Total Cost": 17.65, "Plan Rows": 5, "Plan Width": 33, "Actual Startup Time": 0.022, "Actual Total Time": 0.026, "Actual Rows": 2, "Actual Loops": 1, "Output": ["n2.n_name", "n2.n_nationkey"], "Hash Buckets": 1024, "Original Hash Buckets": 1024, "Hash Batches": 1, "Original Hash Batches": 1, "Peak Memory Usage": 9, "Plans": [{"Node Type": "Seq Scan", "Parent Relationship": "Outer", "Parallel Aware": false, "Relation Name": "nation", "Schema": "public", "Alias": "n2", "Startup Cost": 0.0, "Total Cost": 17.65, "Plan Rows": 5, "Plan Width": 33, "Actual Startup Time": 0.004, "Actual Total Time": 0.006, "Actual Rows": 2, "Actual Loops": 1, "Output": ["n2.n_name", "n2.n_nationkey"], "Filter": "(((n2.n_name)::text = 'ALGERIA'::text) OR ((n2.n_name)::text = 'EGYPT'::text))", "Rows Removed by Filter": 23}]}]}]}]}]}]}, {"Node Type": "Hash", "Parent Relationship": "Inner", "Parallel Aware": false, "Startup Cost": 53.36, "Total Cost": 53.36, "Plan Rows": 10, "Plan Width": 33, "Actual Startup Time": 11.701, "Actual Total Time": 11.71, "Actual Rows": 76, "Actual Loops": 1, "Output": ["supplier.s_suppkey", "n1.n_name"], "Hash Buckets": 1024, "Original Hash Buckets": 1024, "Hash Batches": 1, "Original Hash Batches": 1, "Peak Memory Usage": 12, "Plans": [{"Node Type": "Hash Join", "Parent Relationship": "Outer", "Parallel Aware": false, "Join Type": "Inner", "Startup Cost": 17.71, "Total Cost": 53.36, "Plan Rows": 10, "Plan Width": 33, "Actual Startup Time": 3.65, "Actual Total Time": 11.628, "Actual Rows": 76, "Actual Loops": 1, "Output": ["supplier.s_suppkey", "n1.n_name"], "Inner Unique": true, "Hash Cond": "(supplier.s_nationkey = n1.n_nationkey)", "Plans": [{"Node Type": "Seq Scan", "Parent Relationship": "Outer", "Parallel Aware": false, "Relation Name": "supplier", "Schema": "public", "Alias": "supplier", "Startup Cost": 0.0, "Total Cost": 33.0, "Plan Rows": 1000, "Plan Width": 8, "Actual Startup Time": 1.273, "Actual Total Time": 9.062, "Actual Rows": 1000, "Actual Loops": 1, "Output": ["supplier.s_suppkey", "supplier.s_name", "supplier.s_address", "supplier.s_nationkey", "supplier.s_phone", "supplier.s_acctbal", "supplier.s_comment"]}, {"Node Type": "Hash", "Parent Relationship": "Inner", "Parallel Aware": false, "Startup Cost": 17.65, "Total Cost": 17.65, "Plan Rows": 5, "Plan Width": 33, "Actual Startup Time": 2.361, "Actual Total Time": 2.365, "Actual Rows": 2, "Actual Loops": 1, "Output": ["n1.n_name", "n1.n_nationkey"], "Hash Buckets": 1024, "Original Hash Buckets": 1024, "Hash Batches": 1, "Original Hash Batches": 1, "Peak Memory Usage": 9, "Plans": [{"Node Type": "Seq Scan", "Parent Relationship": "Outer", "Parallel Aware": false, "Relation Name": "nation", "Schema": "public", "Alias": "n1", "Startup Cost": 0.0, "Total Cost": 17.65, "Plan Rows": 5, "Plan Width": 33, "Actual Startup Time": 2.356, "Actual Total Time": 2.358, "Actual Rows": 2, "Actual Loops": 1, "Output": ["n1.n_name", "n1.n_nationkey"], "Filter": "(((n1.n_name)::text = 'EGYPT'::text) OR ((n1.n_name)::text = 'ALGERIA'::text))", "Rows Removed by Filter": 23}]}]}]}]}]}]}, "Planning Time": 3.313, "Triggers": [], "Execution Time": 850.717}]
q8#####[{"Plan": {"Node Type": "Sort", "Parallel Aware": false, "Startup Cost": 125303.41, "Total Cost": 125303.66, "Plan Rows": 102, "Plan Width": 61, "Actual Startup Time": 3059.294, "Actual Total Time": 3059.586, "Actual Rows": 5, "Actual Loops": 1, "Output": ["nation.n_name", "(sum((lineitem.l_extendedprice * ('1'::numeric - lineitem.l_discount))))"], "Sort Key": ["(sum((lineitem.l_extendedprice * ('1'::numeric - lineitem.l_discount)))) DESC"], "Sort Method": "quicksort", "Sort Space Used": 25, "Sort Space Type": "Memory", "Plans": [{"Node Type": "Aggregate", "Strategy": "Sorted", "Partial Mode": "Simple", "Parent Relationship": "Outer", "Parallel Aware": false, "Startup Cost": 125297.45, "Total Cost": 125300.0, "Plan Rows": 102, "Plan Width": 61, "Actual Startup Time": 3058.305, "Actual Total Time": 3059.36, "Actual Rows": 5, "Actual Loops": 1, "Output": ["nation.n_name", "sum((lineitem.l_extendedprice * ('1'::numeric - lineitem.l_discount)))"], "Group Key": ["nation.n_name"], "Plans": [{"Node Type": "Sort", "Parent Relationship": "Outer", "Parallel Aware": false, "Startup Cost": 125297.45, "Total Cost": 125297.71, "Plan Rows": 102, "Plan Width": 41, "Actual Startup Time": 3057.932, "Actual Total Time": 3058.496, "Actual Rows": 3717, "Actual Loops": 1, "Output": ["nation.n_name", "lineitem.l_extendedprice", "lineitem.l_discount"], "Sort Key": ["nation.n_name"], "Sort Method": "quicksort", "Sort Space Used": 385, "Sort Space Type": "Memory", "Plans": [{"Node Type": "Hash Join", "Parent Relationship": "Outer", "Parallel Aware": false, "Join Type": "Inner", "Startup Cost": 27768.11, "Total Cost": 125294.05, "Plan Rows": 102, "Plan Width": 41, "Actual Startup Time": 317.464, "Actual Total Time": 3046.568, "Actual Rows": 3717, "Actual Loops": 1, "Output": ["nation.n_name", "lineitem.l_extendedprice", "lineitem.l_discount"], "Inner Unique": false, "Hash Cond": "((lineitem.l_suppkey = supplier.s_suppkey) AND (customer.c_nationkey = supplier.s_nationkey))", "Plans": [{"Node Type": "Hash Join", "Parent Relationship": "Outer", "Parallel Aware": false, "Join Type": "Inner", "Startup Cost": 27532.11, "Total Cost": 125037.96, "Plan Rows": 2542, "Plan Width": 53, "Actual Startup Time": 308.169, "Actual Total Time": 2996.863, "Actual Rows": 91992, "Actual Loops": 1, "Output": ["customer.c_nationkey", "lineitem.l_extendedprice", "lineitem.l_discount", "lineitem.l_suppkey", "nation.n_name", "nation.n_nationkey"], "Inner Unique": false, "Hash Cond": "(lineitem.l_orderkey = orders.o_orderkey)", "Plans": [{"Node Type": "Seq Scan", "Parent Relationship": "Outer", "Parallel Aware": false, "Relation Name": "lineitem", "Schema": "public", "Alias": "lineitem", "Startup Cost": 0.0, "Total Cost": 86231.15, "Plan Rows": 2999815, "Plan Width": 20, "Actual Startup Time": 0.034, "Actual Total Time": 2190.55, "Actual Rows": 2999671, "Actual Loops": 1, "Output": ["lineitem.l_orderkey", "lineitem.l_partkey", "lineitem.l_suppkey", "lineitem.l_linenumber", "lineitem.l_quantity", "lineitem.l_extendedprice", "lineitem.l_discount", "lineitem.l_tax", "lineitem.l_returnflag", "lineitem.l_linestatus", "lineitem.l_shipdate", "lineitem.l_commitdate", "lineitem.l_receiptdate", "lineitem.l_shipinstruct", "lineitem.l_shipmode", "lineitem.l_comment"]}, {"Node Type": "Hash", "Parent Relationship": "Inner", "Parallel Aware": false, "Startup Cost": 27524.17, "Total Cost": 27524.17, "Plan Rows": 635, "Plan Width": 41, "Actual Startup Time": 306.054, "Actual Total Time": 306.326, "Actual Rows": 22993, "Actual Loops": 1, "Output": ["customer.c_nationkey", "orders.o_orderkey", "nation.n_name", "nation.n_nationkey"], "Hash Buckets": 32768, "Original Hash Buckets": 1024, "Hash Batches": 1, "Original Hash Batches": 1, "Peak Memory Usage": 1442, "Plans": [{"Node Type": "Hash Join", "Parent Relationship": "Outer", "Parallel Aware": false, "Join Type": "Inner", "Startup Cost": 2804.78, "Total Cost": 27524.17, "Plan Rows": 635, "Plan Width": 41, "Actual Startup Time": 65.989, "Actual Total Time": 284.248, "Actual Rows": 22993, "Actual Loops": 1, "Output": ["customer.c_nationkey", "orders.o_orderkey", "nation.n_name", "nation.n_nationkey"], "Inner Unique": false, "Hash Cond": "(orders.o_custkey = customer.c_custkey)", "Plans": [{"Node Type": "Seq Scan", "Parent Relationship": "Outer", "Parallel Aware": false, "Relation Name": "orders", "Schema": "public", "Alias": "orders", "Startup Cost": 0.0, "Total Cost": 24300.0, "Plan Rows": 110142, "Plan Width": 8, "Actual Startup Time": 0.032, "Actual Total Time": 186.612, "Actual Rows": 114234, "Actual Loops": 1, "Output": ["orders.o_orderkey", "orders.o_custkey", "orders.o_orderstatus", "orders.o_totalprice", "orders.o_orderdate", "orders.o_orderpriority", "orders.o_clerk", "orders.o_shippriority", "orders.o_comment"], "Filter": "((orders.o_orderdate >= '1995-01-01'::date) AND (orders.o_orderdate < '1996-01-01 00:00:00'::timestamp without time zone))", "Rows Removed by Filter": 635766}, {"Node Type": "Hash", "Parent Relationship": "Inner", "Parallel Aware": false, "Startup Cost": 2799.37, "Total Cost": 2799.37, "Plan Rows": 433, "Plan Width": 41, "Actual Startup Time": 65.938, "Actual Total Time": 66.183, "Actual Rows": 15053, "Actual Loops": 1, "Output": ["customer.c_custkey", "customer.c_nationkey", "nation.n_name", "nation.n_nationkey"], "Hash Buckets": 16384, "Original Hash Buckets": 1024, "Hash Batches": 1, "Original Hash Batches": 1, "Peak Memory Usage": 905, "Plans": [{"Node Type": "Hash Join", "Parent Relationship": "Outer", "Parallel Aware": false, "Join Type": "Inner", "Startup Cost": 38.01, "Total Cost": 2799.37, "Plan Rows": 433, "Plan Width": 41, "Actual Startup Time": 0.105, "Actual Total Time": 62.633, "Actual Rows": 15053, "Actual Loops": 1, "Output": ["customer.c_custkey", "customer.c_nationkey", "nation.n_name", "nation.n_nationkey"], "Inner Unique": true, "Hash Cond": "(nation.n_regionkey = region.r_regionkey)", "Plans": [{"Node Type": "Hash Join", "Parent Relationship": "Outer", "Parallel Aware": false, "Join Type": "Inner", "Startup Cost": 21.48, "Total Cost": 2762.99, "Plan Rows": 7500, "Plan Width": 45, "Actual Startup Time": 0.046, "Actual Total Time": 51.904, "Actual Rows": 75000, "Actual Loops": 1, "Output": ["customer.c_custkey", "customer.c_nationkey", "nation.n_name", "nation.n_nationkey", "nation.n_regionkey"], "Inner Unique": true, "Hash Cond": "(customer.c_nationkey = nation.n_nationkey)", "Plans": [{"Node Type": "Seq Scan", "Parent Relationship": "Outer", "Parallel Aware": false, "Relation Name": "customer", "Schema": "public", "Alias": "customer", "Startup Cost": 0.0, "Total Cost": 2543.0, "Plan Rows": 75000, "Plan Width": 8, "Actual Startup Time": 0.012, "Actual Total Time": 7.581, "Actual Rows": 75000, "Actual Loops": 1, "Output": ["customer.c_custkey", "customer.c_name", "customer.c_address", "customer.c_nationkey", "customer.c_phone", "customer.c_acctbal", "customer.c_mktsegment", "customer.c_comment"]}, {"Node Type": "Hash", "Parent Relationship": "Inner", "Parallel Aware": false, "Startup Cost": 15.1, "Total Cost": 15.1, "Plan Rows": 510, "Plan Width": 37, "Actual Startup Time": 0.015, "Actual Total Time": 0.031, "Actual Rows": 25, "Actual Loops": 1, "Output": ["nation.n_name", "nation.n_nationkey", "nation.n_regionkey"], "Hash Buckets": 1024, "Original Hash Buckets": 1024, "Hash Batches": 1, "Original Hash Batches": 1, "Peak Memory Usage": 10, "Plans": [{"Node Type": "Seq Scan", "Parent Relationship": "Outer", "Parallel Aware": false, "Relation Name": "nation", "Schema": "public", "Alias": "nation", "Startup Cost": 0.0, "Total Cost": 15.1, "Plan Rows": 510, "Plan Width": 37, "Actual Startup Time": 0.006, "Actual Total Time": 0.012, "Actual Rows": 25, "Actual Loops": 1, "Output": ["nation.n_name", "nation.n_nationkey", "nation.n_regionkey"]}]}]}, {"Node Type": "Hash", "Parent Relationship": "Inner", "Parallel Aware": false, "Startup Cost": 16.5, "Total Cost": 16.5, "Plan Rows": 3, "Plan Width": 4, "Actual Startup Time": 0.032, "Actual Total Time": 0.048, "Actual Rows": 1, "Actual Loops": 1, "Output": ["region.r_regionkey"], "Hash Buckets": 1024, "Original Hash Buckets": 1024, "Hash Batches": 1, "Original Hash Batches": 1, "Peak Memory Usage": 9, "Plans": [{"Node Type": "Seq Scan", "Parent Relationship": "Outer", "Parallel Aware": false, "Relation Name": "region", "Schema": "public", "Alias": "region", "Startup Cost": 0.0, "Total Cost": 16.5, "Plan Rows": 3, "Plan Width": 4, "Actual Startup Time": 0.028, "Actual Total Time": 0.033, "Actual Rows": 1, "Actual Loops": 1, "Output": ["region.r_regionkey"], "Filter": "((region.r_name)::text = 'ASIA'::text)", "Rows Removed by Filter": 4}]}]}]}]}]}]}, {"Node Type": "Hash", "Parent Relationship": "Inner", "Parallel Aware": false, "Startup Cost": 161.0, "Total Cost": 161.0, "Plan Rows": 5000, "Plan Width": 8, "Actual Startup Time": 7.7, "Actual Total Time": 7.701, "Actual Rows": 5000, "Actual Loops": 1, "Output": ["supplier.s_suppkey", "supplier.s_nationkey"], "Hash Buckets": 8192, "Original Hash Buckets": 8192, "Hash Batches": 1, "Original Hash Batches": 1, "Peak Memory Usage": 260, "Plans": [{"Node Type": "Seq Scan", "Parent Relationship": "Outer", "Parallel Aware": false, "Relation Name": "supplier", "Schema": "public", "Alias": "supplier", "Startup Cost": 0.0, "Total Cost": 161.0, "Plan Rows": 5000, "Plan Width": 8, "Actual Startup Time": 0.011, "Actual Total Time": 6.787, "Actual Rows": 5000, "Actual Loops": 1, "Output": ["supplier.s_suppkey", "supplier.s_nationkey"]}]}]}]}]}]}, "Planning Time": 0.802, "Triggers": [], "Execution Time": 3060.187}]
q9#####[{"Plan": {"Node Type": "Aggregate", "Strategy": "Sorted", "Partial Mode": "Simple", "Parallel Aware": false, "Startup Cost": 129376.78, "Total Cost": 129378.58, "Plan Rows": 40, "Plan Width": 40, "Actual Startup Time": 2194.705, "Actual Total Time": 2195.138, "Actual Rows": 2, "Actual Loops": 1, "Output": ["(date_part('year'::text, (orders.o_orderdate)::timestamp without time zone))", "(sum(CASE WHEN ((n2.n_name)::text = 'MOZAMBIQUE'::text) THEN (lineitem.l_extendedprice * ('1'::numeric - lineitem.l_discount)) ELSE '0'::numeric END) / sum((lineitem.l_extendedprice * ('1'::numeric - lineitem.l_discount))))"], "Group Key": ["(date_part('year'::text, (orders.o_orderdate)::timestamp without time zone))"], "Plans": [{"Node Type": "Sort", "Parent Relationship": "Outer", "Parallel Aware": false, "Startup Cost": 129376.78, "Total Cost": 129376.88, "Plan Rows": 40, "Plan Width": 49, "Actual Startup Time": 2194.167, "Actual Total Time": 2194.411, "Actual Rows": 1297, "Actual Loops": 1, "Output": ["(date_part('year'::text, (orders.o_orderdate)::timestamp without time zone))", "n2.n_name", "lineitem.l_extendedprice", "lineitem.l_discount"], "Sort Key": ["(date_part('year'::text, (orders.o_orderdate)::timestamp without time zone))"], "Sort Method": "quicksort", "Sort Space Used": 150, "Sort Space Type": "Memory", "Plans": [{"Node Type": "Nested Loop", "Parent Relationship": "Outer", "Parallel Aware": false, "Join Type": "Inner", "Startup Cost": 31572.55, "Total Cost": 129375.72, "Plan Rows": 40, "Plan Width": 49, "Actual Startup Time": 770.91, "Actual Total Time": 2192.759, "Actual Rows": 1297, "Actual Loops": 1, "Output": ["date_part('year'::text, (orders.o_orderdate)::timestamp without time zone)", "n2.n_name", "lineitem.l_extendedprice", "lineitem.l_discount"], "Inner Unique": true, "Plans": [{"Node Type": "Hash Join", "Parent Relationship": "Outer", "Parallel Aware": false, "Join Type": "Inner", "Startup Cost": 31572.4, "Total Cost": 129368.53, "Plan Rows": 40, "Plan Width": 20, "Actual Startup Time": 770.782, "Actual Total Time": 2184.702, "Actual Rows": 1297, "Actual Loops": 1, "Output": ["lineitem.l_extendedprice", "lineitem.l_discount", "supplier.s_nationkey", "orders.o_orderdate"], "Inner Unique": false, "Hash Cond": "(lineitem.l_suppkey = supplier.s_suppkey)", "Plans": [{"Node Type": "Hash Join", "Parent Relationship": "Outer", "Parallel Aware": false, "Join Type": "Inner", "Startup Cost": 31348.9, "Total Cost": 129144.48, "Plan Rows": 40, "Plan Width": 20, "Actual Startup Time": 769.191, "Actual Total Time": 2181.458, "Actual Rows": 1297, "Actual Loops": 1, "Output": ["lineitem.l_extendedprice", "lineitem.l_discount", "lineitem.l_suppkey", "orders.o_orderdate"], "Inner Unique": false, "Hash Cond": "(lineitem.l_orderkey = orders.o_orderkey)", "Plans": [{"Node Type": "Hash Join", "Parent Relationship": "Outer", "Parallel Aware": false, "Join Type": "Inner", "Startup Cost": 3307.54, "Total Cost": 101016.88, "Plan Rows": 22889, "Plan Width": 20, "Actual Startup Time": 418.785, "Actual Total Time": 1813.032, "Actual Rows": 21434, "Actual Loops": 1, "Output": ["lineitem.l_extendedprice", "lineitem.l_discount", "lineitem.l_suppkey", "lineitem.l_orderkey"], "Inner Unique": false, "Hash Cond": "(lineitem.l_partkey = part.p_partkey)", "Plans": [{"Node Type": "Seq Scan", "Parent Relationship": "Outer", "Parallel Aware": false, "Relation Name": "lineitem", "Schema": "public", "Alias": "lineitem", "Startup Cost": 0.0, "Total Cost": 86231.15, "Plan Rows": 2999815, "Plan Width": 24, "Actual Startup Time": 0.009, "Actual Total Time": 1020.548, "Actual Rows": 2999671, "Actual Loops": 1, "Output": ["lineitem.l_orderkey", "lineitem.l_partkey", "lineitem.l_suppkey", "lineitem.l_linenumber", "lineitem.l_quantity", "lineitem.l_extendedprice", "lineitem.l_discount", "lineitem.l_tax", "lineitem.l_returnflag", "lineitem.l_linestatus", "lineitem.l_shipdate", "lineitem.l_commitdate", "lineitem.l_receiptdate", "lineitem.l_shipinstruct", "lineitem.l_shipmode", "lineitem.l_comment"]}, {"Node Type": "Hash", "Parent Relationship": "Inner", "Parallel Aware": false, "Startup Cost": 3298.0, "Total Cost": 3298.0, "Plan Rows": 763, "Plan Width": 4, "Actual Startup Time": 418.722, "Actual Total Time": 418.726, "Actual Rows": 721, "Actual Loops": 1, "Output": ["part.p_partkey"], "Hash Buckets": 1024, "Original Hash Buckets": 1024, "Hash Batches": 1, "Original Hash Batches": 1, "Peak Memory Usage": 34, "Plans": [{"Node Type": "Seq Scan", "Parent Relationship": "Outer", "Parallel Aware": false, "Relation Name": "part", "Schema": "public", "Alias": "part", "Startup Cost": 0.0, "Total Cost": 3298.0, "Plan Rows": 763, "Plan Width": 4, "Actual Startup Time": 0.01, "Actual Total Time": 417.736, "Actual Rows": 721, "Actual Loops": 1, "Output": ["part.p_partkey"], "Filter": "((part.p_type)::text = 'SMALL BRUSHED TIN'::text)", "Rows Removed by Filter": 99279}]}]}, {"Node Type": "Hash", "Parent Relationship": "Inner", "Parallel Aware": false, "Startup Cost": 28025.12, "Total Cost": 28025.12, "Plan Rows": 1300, "Plan Width": 8, "Actual Startup Time": 347.839, "Actual Total Time": 347.903, "Actual Rows": 45528, "Actual Loops": 1, "Output": ["orders.o_orderdate", "orders.o_orderkey"], "Hash Buckets": 65536, "Original Hash Buckets": 2048, "Hash Batches": 1, "Original Hash Batches": 1, "Peak Memory Usage": 2291, "Plans": [{"Node Type": "Hash Join", "Parent Relationship": "Outer", "Parallel Aware": false, "Join Type": "Inner", "Startup Cost": 2867.1, "Total Cost": 28025.12, "Plan Rows": 1300, "Plan Width": 8, "Actual Startup Time": 31.083, "Actual Total Time": 316.865, "Actual Rows": 45528, "Actual Loops": 1, "Output": ["orders.o_orderdate", "orders.o_orderkey"], "Inner Unique": false, "Hash Cond": "(orders.o_custkey = customer.c_custkey)", "Plans": [{"Node Type": "Seq Scan", "Parent Relationship": "Outer", "Parallel Aware": false, "Relation Name": "orders", "Schema": "public", "Alias": "orders", "Startup Cost": 0.0, "Total Cost": 24300.0, "Plan Rows": 225336, "Plan Width": 12, "Actual Startup Time": 0.041, "Actual Total Time": 232.761, "Actual Rows": 228641, "Actual Loops": 1, "Output": ["orders.o_orderkey", "orders.o_custkey", "orders.o_orderstatus", "orders.o_totalprice", "orders.o_orderdate", "orders.o_orderpriority", "orders.o_clerk", "orders.o_shippriority", "orders.o_comment"], "Filter": "((orders.o_orderdate >= '1995-01-01'::date) AND (orders.o_orderdate <= '1996-12-31'::date))", "Rows Removed by Filter": 521359}, {"Node Type": "Hash", "Parent Relationship": "Inner", "Parallel Aware": false, "Startup Cost": 2861.68, "Total Cost": 2861.68, "Plan Rows": 433, "Plan Width": 4, "Actual Startup Time": 30.95, "Actual Total Time": 30.99, "Actual Rows": 14960, "Actual Loops": 1, "Output": ["customer.c_custkey"], "Hash Buckets": 16384, "Original Hash Buckets": 1024, "Hash Batches": 1, "Original Hash Batches": 1, "Peak Memory Usage": 654, "Plans": [{"Node Type": "Hash Join", "Parent Relationship": "Outer", "Parallel Aware": false, "Join Type": "Inner", "Startup Cost": 33.02, "Total Cost": 2861.68, "Plan Rows": 433, "Plan Width": 4, "Actual Startup Time": 0.219, "Actual Total Time": 27.405, "Actual Rows": 14960, "Actual Loops": 1, "Output": ["customer.c_custkey"], "Inner Unique": false, "Hash Cond": "(customer.c_nationkey = n1.n_nationkey)", "Plans": [{"Node Type": "Seq Scan", "Parent Relationship": "Outer", "Parallel Aware": false, "Relation Name": "customer", "Schema": "public", "Alias": "customer", "Startup Cost": 0.0, "Total Cost": 2543.0, "Plan Rows": 75000, "Plan Width": 8, "Actual Startup Time": 0.019, "Actual Total Time": 12.791, "Actual Rows": 75000, "Actual Loops": 1, "Output": ["customer.c_custkey", "customer.c_name", "customer.c_address", "customer.c_nationkey", "customer.c_phone", "customer.c_acctbal", "customer.c_mktsegment", "customer.c_comment"]}, {"Node Type": "Hash", "Parent Relationship": "Inner", "Parallel Aware": false, "Startup Cost": 32.99, "Total Cost": 32.99, "Plan Rows": 3, "Plan Width": 4, "Actual Startup Time": 0.157, "Actual Total Time": 0.186, "Actual Rows": 5, "Actual Loops": 1, "Output": ["n1.n_nationkey"], "Hash Buckets": 1024, "Original Hash Buckets": 1024, "Hash Batches": 1, "Original Hash Batches": 1, "Peak Memory Usage": 9, "Plans": [{"Node Type": "Hash Join", "Parent Relationship": "Outer", "Parallel Aware": false, "Join Type": "Inner", "Startup Cost": 16.54, "Total Cost": 32.99, "Plan Rows": 3, "Plan Width": 4, "Actual Startup Time": 0.142, "Actual Total Time": 0.164, "Actual Rows": 5, "Actual Loops": 1, "Output": ["n1.n_nationkey"], "Inner Unique": true, "Hash Cond": "(n1.n_regionkey = region.r_regionkey)", "Plans": [{"Node Type": "Seq Scan", "Parent Relationship": "Outer", "Parallel Aware": false, "Relation Name": "nation", "Schema": "public", "Alias": "n1", "Startup Cost": 0.0, "Total Cost": 15.1, "Plan Rows": 510, "Plan Width": 8, "Actual Startup Time": 0.012, "Actual Total Time": 0.014, "Actual Rows": 25, "Actual Loops": 1, "Output": ["n1.n_nationkey", "n1.n_name", "n1.n_regionkey", "n1.n_comment"]}, {"Node Type": "Hash", "Parent Relationship": "Inner", "Parallel Aware": false, "Startup Cost": 16.5, "Total Cost": 16.5, "Plan Rows": 3, "Plan Width": 4, "Actual Startup Time": 0.042, "Actual Total Time": 0.052, "Actual Rows": 1, "Actual Loops": 1, "Output": ["region.r_regionkey"], "Hash Buckets": 1024, "Original Hash Buckets": 1024, "Hash Batches": 1, "Original Hash Batches": 1, "Peak Memory Usage": 9, "Plans": [{"Node Type": "Seq Scan", "Parent Relationship": "Outer", "Parallel Aware": false, "Relation Name": "region", "Schema": "public", "Alias": "region", "Startup Cost": 0.0, "Total Cost": 16.5, "Plan Rows": 3, "Plan Width": 4, "Actual Startup Time": 0.031, "Actual Total Time": 0.035, "Actual Rows": 1, "Actual Loops": 1, "Output": ["region.r_regionkey"], "Filter": "((region.r_name)::text = 'AFRICA'::text)", "Rows Removed by Filter": 4}]}]}]}]}]}]}]}]}, {"Node Type": "Hash", "Parent Relationship": "Inner", "Parallel Aware": false, "Startup Cost": 161.0, "Total Cost": 161.0, "Plan Rows": 5000, "Plan Width": 8, "Actual Startup Time": 1.555, "Actual Total Time": 1.556, "Actual Rows": 5000, "Actual Loops": 1, "Output": ["supplier.s_suppkey", "supplier.s_nationkey"], "Hash Buckets": 8192, "Original Hash Buckets": 8192, "Hash Batches": 1, "Original Hash Batches": 1, "Peak Memory Usage": 260, "Plans": [{"Node Type": "Seq Scan", "Parent Relationship": "Outer", "Parallel Aware": false, "Relation Name": "supplier", "Schema": "public", "Alias": "supplier", "Startup Cost": 0.0, "Total Cost": 161.0, "Plan Rows": 5000, "Plan Width": 8, "Actual Startup Time": 0.004, "Actual Total Time": 0.847, "Actual Rows": 5000, "Actual Loops": 1, "Output": ["supplier.s_suppkey", "supplier.s_nationkey"]}]}]}, {"Node Type": "Index Scan", "Parent Relationship": "Inner", "Parallel Aware": false, "Scan Direction": "Forward", "Index Name": "nation_pkey", "Relation Name": "nation", "Schema": "public", "Alias": "n2", "Startup Cost": 0.15, "Total Cost": 0.17, "Plan Rows": 1, "Plan Width": 33, "Actual Startup Time": 0.004, "Actual Total Time": 0.004, "Actual Rows": 1, "Actual Loops": 1297, "Output": ["n2.n_nationkey", "n2.n_name", "n2.n_regionkey", "n2.n_comment"], "Index Cond": "(n2.n_nationkey = supplier.s_nationkey)", "Rows Removed by Index Recheck": 0}]}]}]}, "Planning Time": 7.172, "Triggers": [], "Execution Time": 2196.154}]
q10#####[{"Plan": {"Node Type": "Aggregate", "Strategy": "Sorted", "Partial Mode": "Simple", "Parallel Aware": false, "Startup Cost": 26293.93, "Total Cost": 26294.25, "Plan Rows": 9, "Plan Width": 98, "Actual Startup Time": 850.314, "Actual Total Time": 850.745, "Actual Rows": 4, "Actual Loops": 1, "Output": ["n1.n_name", "n2.n_name", "(date_part('year'::text, (lineitem.l_shipdate)::timestamp without time zone))", "sum((lineitem.l_extendedprice * ('1'::numeric - lineitem.l_discount)))"], "Group Key": ["n1.n_name", "n2.n_name", "(date_part('year'::text, (lineitem.l_shipdate)::timestamp without time zone))"], "Plans": [{"Node Type": "Sort", "Parent Relationship": "Outer", "Parallel Aware": false, "Startup Cost": 26293.93, "Total Cost": 26293.95, "Plan Rows": 9, "Plan Width": 78, "Actual Startup Time": 850.163, "Actual Total Time": 850.289, "Actual Rows": 658, "Actual Loops": 1, "Output": ["n1.n_name", "n2.n_name", "(date_part('year'::text, (lineitem.l_shipdate)::timestamp without time zone))", "lineitem.l_extendedprice", "lineitem.l_discount"], "Sort Key": ["n1.n_name", "n2.n_name", "(date_part('year'::text, (lineitem.l_shipdate)::timestamp without time zone))"], "Sort Method": "quicksort", "Sort Space Used": 76, "Sort Space Type": "Memory", "Plans": [{"Node Type": "Hash Join", "Parent Relationship": "Outer", "Parallel Aware": false, "Join Type": "Inner", "Startup Cost": 5327.32, "Total Cost": 26293.79, "Plan Rows": 9, "Plan Width": 78, "Actual Startup Time": 450.514, "Actual Total Time": 849.131, "Actual Rows": 658, "Actual Loops": 1, "Output": ["n1.n_name", "n2.n_name", "date_part('year'::text, (lineitem.l_shipdate)::timestamp without time zone)", "lineitem.l_extendedprice", "lineitem.l_discount"], "Inner Unique": false, "Hash Cond": "(lineitem.l_suppkey = supplier.s_suppkey)", "Join Filter": "((((n1.n_name)::text = 'BRAZIL'::text) AND ((n2.n_name)::text = 'CANADA'::text)) OR (((n1.n_name)::text = 'CANADA'::text) AND ((n2.n_name)::text = 'BRAZIL'::text)))", "Rows Removed by Join Filter": 581, "Plans": [{"Node Type": "Hash Join", "Parent Relationship": "Outer", "Parallel Aware": false, "Join Type": "Inner", "Startup Cost": 5273.84, "Total Cost": 26233.09, "Plan Rows": 1815, "Plan Width": 49, "Actual Startup Time": 437.145, "Actual Total Time": 834.729, "Actual Rows": 14507, "Actual Loops": 1, "Output": ["lineitem.l_shipdate", "lineitem.l_extendedprice", "lineitem.l_discount", "lineitem.l_suppkey", "n2.n_name"], "Inner Unique": false, "Hash Cond": "(lineitem.l_orderkey = orders.o_orderkey)", "Plans": [{"Node Type": "Seq Scan", "Parent Relationship": "Outer", "Parallel Aware": false, "Relation Name": "lineitem", "Schema": "public", "Alias": "lineitem", "Startup Cost": 0.0, "Total Cost": 20247.0, "Plan Rows": 185095, "Plan Width": 24, "Actual Startup Time": 1.647, "Actual Total Time": 376.271, "Actual Rows": 182585, "Actual Loops": 1, "Output": ["lineitem.l_orderkey", "lineitem.l_partkey", "lineitem.l_suppkey", "lineitem.l_linenumber", "lineitem.l_quantity", "lineitem.l_extendedprice", "lineitem.l_discount", "lineitem.l_tax", "lineitem.l_returnflag", "lineitem.l_linestatus", "lineitem.l_shipdate", "lineitem.l_commitdate", "lineitem.l_receiptdate", "lineitem.l_shipinstruct", "lineitem.l_shipmode", "lineitem.l_comment"], "Filter": "((lineitem.l_shipdate >= '1995-01-01'::date) AND (lineitem.l_shipdate <= '1996-12-31'::date))", "Rows Removed by Filter": 417415}, {"Node Type": "Hash", "Parent Relationship": "Inner", "Parallel Aware": false, "Startup Cost": 5255.45, "Total Cost": 5255.45, "Plan Rows": 1471, "Plan Width": 33, "Actual Startup Time": 434.413, "Actual Total Time": 434.446, "Actual Rows": 12220, "Actual Loops": 1, "Output": ["orders.o_orderkey", "n2.n_name"], "Hash Buckets": 16384, "Original Hash Buckets": 2048, "Hash Batches": 1, "Original Hash Batches": 1, "Peak Memory Usage": 642, "Plans": [{"Node Type": "Hash Join", "Parent Relationship": "Outer", "Parallel Aware": false, "Join Type": "Inner", "Startup Cost": 568.25, "Total Cost": 5255.45, "Plan Rows": 1471, "Plan Width": 33, "Actual Startup Time": 77.972, "Actual Total Time": 429.858, "Actual Rows": 12220, "Actual Loops": 1, "Output": ["orders.o_orderkey", "n2.n_name"], "Inner Unique": false, "Hash Cond": "(orders.o_custkey = customer.c_custkey)", "Plans": [{"Node Type": "Seq Scan", "Parent Relationship": "Outer", "Parallel Aware": false, "Relation Name": "orders", "Schema": "public", "Alias": "orders", "Startup Cost": 0.0, "Total Cost": 4110.0, "Plan Rows": 150000, "Plan Width": 8, "Actual Startup Time": 1.118, "Actual Total Time": 337.598, "Actual Rows": 150000, "Actual Loops": 1, "Output": ["orders.o_orderkey", "orders.o_custkey", "orders.o_orderstatus", "orders.o_totalprice", "orders.o_orderdate", "orders.o_orderpriority", "orders.o_clerk", "orders.o_shippriority", "orders.o_comment"]}, {"Node Type": "Hash", "Parent Relationship": "Inner", "Parallel Aware": false, "Startup Cost": 566.41, "Total Cost": 566.41, "Plan Rows": 147, "Plan Width": 33, "Actual Startup Time": 75.892, "Actual Total Time": 75.91, "Actual Rows": 1202, "Actual Loops": 1, "Output": ["customer.c_custkey", "n2.n_name"], "Hash Buckets": 2048, "Original Hash Buckets": 1024, "Hash Batches": 1, "Original Hash Batches": 1, "Peak Memory Usage": 67, "Plans": [{"Node Type": "Hash Join", "Parent Relationship": "Outer", "Parallel Aware": false, "Join Type": "Inner", "Startup Cost": 17.71, "Total Cost": 566.41, "Plan Rows": 147, "Plan Width": 33, "Actual Startup Time": 1.475, "Actual Total Time": 73.896, "Actual Rows": 1202, "Actual Loops": 1, "Output": ["customer.c_custkey", "n2.n_name"], "Inner Unique": true, "Hash Cond": "(customer.c_nationkey = n2.n_nationkey)", "Plans": [{"Node Type": "Seq Scan", "Parent Relationship": "Outer", "Parallel Aware": false, "Relation Name": "customer", "Schema": "public", "Alias": "customer", "Startup Cost": 0.0, "Total Cost": 509.0, "Plan Rows": 15000, "Plan Width": 8, "Actual Startup Time": 0.003, "Actual Total Time": 69.981, "Actual Rows": 15000, "Actual Loops": 1, "Output": ["customer.c_custkey", "customer.c_name", "customer.c_address", "customer.c_nationkey", "customer.c_phone", "customer.c_acctbal", "customer.c_mktsegment", "customer.c_comment"]}, {"Node Type": "Hash", "Parent Relationship": "Inner", "Parallel Aware": false, "Startup Cost": 17.65, "Total Cost": 17.65, "Plan Rows": 5, "Plan Width": 33, "Actual Startup Time": 0.009, "Actual Total Time": 0.012, "Actual Rows": 2, "Actual Loops": 1, "Output": ["n2.n_name", "n2.n_nationkey"], "Hash Buckets": 1024, "Original Hash Buckets": 1024, "Hash Batches": 1, "Original Hash Batches": 1, "Peak Memory Usage": 9, "Plans": [{"Node Type": "Seq Scan", "Parent Relationship": "Outer", "Parallel Aware": false, "Relation Name": "nation", "Schema": "public", "Alias": "n2", "Startup Cost": 0.0, "Total Cost": 17.65, "Plan Rows": 5, "Plan Width": 33, "Actual Startup Time": 0.005, "Actual Total Time": 0.007, "Actual Rows": 2, "Actual Loops": 1, "Output": ["n2.n_name", "n2.n_nationkey"], "Filter": "(((n2.n_name)::text = 'CANADA'::text) OR ((n2.n_name)::text = 'BRAZIL'::text))", "Rows Removed by Filter": 23}]}]}]}]}]}]}, {"Node Type": "Hash", "Parent Relationship": "Inner", "Parallel Aware": false, "Startup Cost": 53.36, "Total Cost": 53.36, "Plan Rows": 10, "Plan Width": 33, "Actual Startup Time": 11.931, "Actual Total Time": 11.952, "Actual Rows": 80, "Actual Loops": 1, "Output": ["supplier.s_suppkey", "n1.n_name"], "Hash Buckets": 1024, "Original Hash Buckets": 1024, "Hash Batches": 1, "Original Hash Batches": 1, "Peak Memory Usage": 12, "Plans": [{"Node Type": "Hash Join", "Parent Relationship": "Outer", "Parallel Aware": false, "Join Type": "Inner", "Startup Cost": 17.71, "Total Cost": 53.36, "Plan Rows": 10, "Plan Width": 33, "Actual Startup Time": 3.677, "Actual Total Time": 11.915, "Actual Rows": 80, "Actual Loops": 1, "Output": ["supplier.s_suppkey", "n1.n_name"], "Inner Unique": true, "Hash Cond": "(supplier.s_nationkey = n1.n_nationkey)", "Plans": [{"Node Type": "Seq Scan", "Parent Relationship": "Outer", "Parallel Aware": false, "Relation Name": "supplier", "Schema": "public", "Alias": "supplier", "Startup Cost": 0.0, "Total Cost": 33.0, "Plan Rows": 1000, "Plan Width": 8, "Actual Startup Time": 1.208, "Actual Total Time": 9.09, "Actual Rows": 1000, "Actual Loops": 1, "Output": ["supplier.s_suppkey", "supplier.s_name", "supplier.s_address", "supplier.s_nationkey", "supplier.s_phone", "supplier.s_acctbal", "supplier.s_comment"]}, {"Node Type": "Hash", "Parent Relationship": "Inner", "Parallel Aware": false, "Startup Cost": 17.65, "Total Cost": 17.65, "Plan Rows": 5, "Plan Width": 33, "Actual Startup Time": 2.451, "Actual Total Time": 2.455, "Actual Rows": 2, "Actual Loops": 1, "Output": ["n1.n_name", "n1.n_nationkey"], "Hash Buckets": 1024, "Original Hash Buckets": 1024, "Hash Batches": 1, "Original Hash Batches": 1, "Peak Memory Usage": 9, "Plans": [{"Node Type": "Seq Scan", "Parent Relationship": "Outer", "Parallel Aware": false, "Relation Name": "nation", "Schema": "public", "Alias": "n1", "Startup Cost": 0.0, "Total Cost": 17.65, "Plan Rows": 5, "Plan Width": 33, "Actual Startup Time": 2.443, "Actual Total Time": 2.446, "Actual Rows": 2, "Actual Loops": 1, "Output": ["n1.n_name", "n1.n_nationkey"], "Filter": "(((n1.n_name)::text = 'BRAZIL'::text) OR ((n1.n_name)::text = 'CANADA'::text))", "Rows Removed by Filter": 23}]}]}]}]}]}]}, "Planning Time": 7.986, "Triggers": [], "Execution Time": 851.009}]
q11#####[{"Plan": {"Node Type": "Aggregate", "Strategy": "Sorted", "Partial Mode": "Simple", "Parallel Aware": false, "Startup Cost": 26293.93, "Total Cost": 26294.25, "Plan Rows": 9, "Plan Width": 98, "Actual Startup Time": 812.534, "Actual Total Time": 812.666, "Actual Rows": 4, "Actual Loops": 1, "Output": ["n1.n_name", "n2.n_name", "(date_part('year'::text, (lineitem.l_shipdate)::timestamp without time zone))", "sum((lineitem.l_extendedprice * ('1'::numeric - lineitem.l_discount)))"], "Group Key": ["n1.n_name", "n2.n_name", "(date_part('year'::text, (lineitem.l_shipdate)::timestamp without time zone))"], "Plans": [{"Node Type": "Sort", "Parent Relationship": "Outer", "Parallel Aware": false, "Startup Cost": 26293.93, "Total Cost": 26293.95, "Plan Rows": 9, "Plan Width": 78, "Actual Startup Time": 812.489, "Actual Total Time": 812.532, "Actual Rows": 566, "Actual Loops": 1, "Output": ["n1.n_name", "n2.n_name", "(date_part('year'::text, (lineitem.l_shipdate)::timestamp without time zone))", "lineitem.l_extendedprice", "lineitem.l_discount"], "Sort Key": ["n1.n_name", "n2.n_name", "(date_part('year'::text, (lineitem.l_shipdate)::timestamp without time zone))"], "Sort Method": "quicksort", "Sort Space Used": 69, "Sort Space Type": "Memory", "Plans": [{"Node Type": "Hash Join", "Parent Relationship": "Outer", "Parallel Aware": false, "Join Type": "Inner", "Startup Cost": 5327.32, "Total Cost": 26293.79, "Plan Rows": 9, "Plan Width": 78, "Actual Startup Time": 412.825, "Actual Total Time": 811.748, "Actual Rows": 566, "Actual Loops": 1, "Output": ["n1.n_name", "n2.n_name", "date_part('year'::text, (lineitem.l_shipdate)::timestamp without time zone)", "lineitem.l_extendedprice", "lineitem.l_discount"], "Inner Unique": false, "Hash Cond": "(lineitem.l_suppkey = supplier.s_suppkey)", "Join Filter": "((((n1.n_name)::text = 'ROMANIA'::text) AND ((n2.n_name)::text = 'INDIA'::text)) OR (((n1.n_name)::text = 'INDIA'::text) AND ((n2.n_name)::text = 'ROMANIA'::text)))", "Rows Removed by Join Filter": 604, "Plans": [{"Node Type": "Hash Join", "Parent Relationship": "Outer", "Parallel Aware": false, "Join Type": "Inner", "Startup Cost": 5273.84, "Total Cost": 26233.09, "Plan Rows": 1815, "Plan Width": 49, "Actual Startup Time": 410.733, "Actual Total Time": 809.091, "Actual Rows": 14746, "Actual Loops": 1, "Output": ["lineitem.l_shipdate", "lineitem.l_extendedprice", "lineitem.l_discount", "lineitem.l_suppkey", "n2.n_name"], "Inner Unique": false, "Hash Cond": "(lineitem.l_orderkey = orders.o_orderkey)", "Plans": [{"Node Type": "Seq Scan", "Parent Relationship": "Outer", "Parallel Aware": false, "Relation Name": "lineitem", "Schema": "public", "Alias": "lineitem", "Startup Cost": 0.0, "Total Cost": 20247.0, "Plan Rows": 185095, "Plan Width": 24, "Actual Startup Time": 0.012, "Actual Total Time": 375.874, "Actual Rows": 182585, "Actual Loops": 1, "Output": ["lineitem.l_orderkey", "lineitem.l_partkey", "lineitem.l_suppkey", "lineitem.l_linenumber", "lineitem.l_quantity", "lineitem.l_extendedprice", "lineitem.l_discount", "lineitem.l_tax", "lineitem.l_returnflag", "lineitem.l_linestatus", "lineitem.l_shipdate", "lineitem.l_commitdate", "lineitem.l_receiptdate", "lineitem.l_shipinstruct", "lineitem.l_shipmode", "lineitem.l_comment"], "Filter": "((lineitem.l_shipdate >= '1995-01-01'::date) AND (lineitem.l_shipdate <= '1996-12-31'::date))", "Rows Removed by Filter": 417415}, {"Node Type": "Hash", "Parent Relationship": "Inner", "Parallel Aware": false, "Startup Cost": 5255.45, "Total Cost": 5255.45, "Plan Rows": 1471, "Plan Width": 33, "Actual Startup Time": 410.668, "Actual Total Time": 410.683, "Actual Rows": 11932, "Actual Loops": 1, "Output": ["orders.o_orderkey", "n2.n_name"], "Hash Buckets": 16384, "Original Hash Buckets": 2048, "Hash Batches": 1, "Original Hash Batches": 1, "Peak Memory Usage": 630, "Plans": [{"Node Type": "Hash Join", "Parent Relationship": "Outer", "Parallel Aware": false, "Join Type": "Inner", "Startup Cost": 568.25, "Total Cost": 5255.45, "Plan Rows": 1471, "Plan Width": 33, "Actual Startup Time": 54.395, "Actual Total Time": 406.086, "Actual Rows": 11932, "Actual Loops": 1, "Output": ["orders.o_orderkey", "n2.n_name"], "Inner Unique": false, "Hash Cond": "(orders.o_custkey = customer.c_custkey)", "Plans": [{"Node Type": "Seq Scan", "Parent Relationship": "Outer", "Parallel Aware": false, "Relation Name": "orders", "Schema": "public", "Alias": "orders", "Startup Cost": 0.0, "Total Cost": 4110.0, "Plan Rows": 150000, "Plan Width": 8, "Actual Startup Time": 0.002, "Actual Total Time": 336.843, "Actual Rows": 150000, "Actual Loops": 1, "Output": ["orders.o_orderkey", "orders.o_custkey", "orders.o_orderstatus", "orders.o_totalprice", "orders.o_orderdate", "orders.o_orderpriority", "orders.o_clerk", "orders.o_shippriority", "orders.o_comment"]}, {"Node Type": "Hash", "Parent Relationship": "Inner", "Parallel Aware": false, "Startup Cost": 566.41, "Total Cost": 566.41, "Plan Rows": 147, "Plan Width": 33, "Actual Startup Time": 54.357, "Actual Total Time": 54.371, "Actual Rows": 1185, "Actual Loops": 1, "Output": ["customer.c_custkey", "n2.n_name"], "Hash Buckets": 2048, "Original Hash Buckets": 1024, "Hash Batches": 1, "Original Hash Batches": 1, "Peak Memory Usage": 66, "Plans": [{"Node Type": "Hash Join", "Parent Relationship": "Outer", "Parallel Aware": false, "Join Type": "Inner", "Startup Cost": 17.71, "Total Cost": 566.41, "Plan Rows": 147, "Plan Width": 33, "Actual Startup Time": 0.058, "Actual Total Time": 53.758, "Actual Rows": 1185, "Actual Loops": 1, "Output": ["customer.c_custkey", "n2.n_name"], "Inner Unique": true, "Hash Cond": "(customer.c_nationkey = n2.n_nationkey)", "Plans": [{"Node Type": "Seq Scan", "Parent Relationship": "Outer", "Parallel Aware": false, "Relation Name": "customer", "Schema": "public", "Alias": "customer", "Startup Cost": 0.0, "Total Cost": 509.0, "Plan Rows": 15000, "Plan Width": 8, "Actual Startup Time": 0.001, "Actual Total Time": 52.1, "Actual Rows": 15000, "Actual Loops": 1, "Output": ["customer.c_custkey", "customer.c_name", "customer.c_address", "customer.c_nationkey", "customer.c_phone", "customer.c_acctbal", "customer.c_mktsegment", "customer.c_comment"]}, {"Node Type": "Hash", "Parent Relationship": "Inner", "Parallel Aware": false, "Startup Cost": 17.65, "Total Cost": 17.65, "Plan Rows": 5, "Plan Width": 33, "Actual Startup Time": 0.012, "Actual Total Time": 0.013, "Actual Rows": 2, "Actual Loops": 1, "Output": ["n2.n_name", "n2.n_nationkey"], "Hash Buckets": 1024, "Original Hash Buckets": 1024, "Hash Batches": 1, "Original Hash Batches": 1, "Peak Memory Usage": 9, "Plans": [{"Node Type": "Seq Scan", "Parent Relationship": "Outer", "Parallel Aware": false, "Relation Name": "nation", "Schema": "public", "Alias": "n2", "Startup Cost": 0.0, "Total Cost": 17.65, "Plan Rows": 5, "Plan Width": 33, "Actual Startup Time": 0.002, "Actual Total Time": 0.004, "Actual Rows": 2, "Actual Loops": 1, "Output": ["n2.n_name", "n2.n_nationkey"], "Filter": "(((n2.n_name)::text = 'INDIA'::text) OR ((n2.n_name)::text = 'ROMANIA'::text))", "Rows Removed by Filter": 23}]}]}]}]}]}]}, {"Node Type": "Hash", "Parent Relationship": "Inner", "Parallel Aware": false, "Startup Cost": 53.36, "Total Cost": 53.36, "Plan Rows": 10, "Plan Width": 33, "Actual Startup Time": 0.233, "Actual Total Time": 0.234, "Actual Rows": 80, "Actual Loops": 1, "Output": ["supplier.s_suppkey", "n1.n_name"], "Hash Buckets": 1024, "Original Hash Buckets": 1024, "Hash Batches": 1, "Original Hash Batches": 1, "Peak Memory Usage": 12, "Plans": [{"Node Type": "Hash Join", "Parent Relationship": "Outer", "Parallel Aware": false, "Join Type": "Inner", "Startup Cost": 17.71, "Total Cost": 53.36, "Plan Rows": 10, "Plan Width": 33, "Actual Startup Time": 0.061, "Actual Total Time": 0.216, "Actual Rows": 80, "Actual Loops": 1, "Output": ["supplier.s_suppkey", "n1.n_name"], "Inner Unique": true, "Hash Cond": "(supplier.s_nationkey = n1.n_nationkey)", "Plans": [{"Node Type": "Seq Scan", "Parent Relationship": "Outer", "Parallel Aware": false, "Relation Name": "supplier", "Schema": "public", "Alias": "supplier", "Startup Cost": 0.0, "Total Cost": 33.0, "Plan Rows": 1000, "Plan Width": 8, "Actual Startup Time": 0.005, "Actual Total Time": 0.097, "Actual Rows": 1000, "Actual Loops": 1, "Output": ["supplier.s_suppkey", "supplier.s_name", "supplier.s_address", "supplier.s_nationkey", "supplier.s_phone", "supplier.s_acctbal", "supplier.s_comment"]}, {"Node Type": "Hash", "Parent Relationship": "Inner", "Parallel Aware": false, "Startup Cost": 17.65, "Total Cost": 17.65, "Plan Rows": 5, "Plan Width": 33, "Actual Startup Time": 0.014, "Actual Total Time": 0.015, "Actual Rows": 2, "Actual Loops": 1, "Output": ["n1.n_name", "n1.n_nationkey"], "Hash Buckets": 1024, "Original Hash Buckets": 1024, "Hash Batches": 1, "Original Hash Batches": 1, "Peak Memory Usage": 9, "Plans": [{"Node Type": "Seq Scan", "Parent Relationship": "Outer", "Parallel Aware": false, "Relation Name": "nation", "Schema": "public", "Alias": "n1", "Startup Cost": 0.0, "Total Cost": 17.65, "Plan Rows": 5, "Plan Width": 33, "Actual Startup Time": 0.006, "Actual Total Time": 0.007, "Actual Rows": 2, "Actual Loops": 1, "Output": ["n1.n_name", "n1.n_nationkey"], "Filter": "(((n1.n_name)::text = 'ROMANIA'::text) OR ((n1.n_name)::text = 'INDIA'::text))", "Rows Removed by Filter": 23}]}]}]}]}]}]}, "Planning Time": 3.678, "Triggers": [], "Execution Time": 813.096}]
q12#####[{"Plan": {"Node Type": "Aggregate", "Strategy": "Sorted", "Partial Mode": "Simple", "Parallel Aware": false, "Startup Cost": 26293.93, "Total Cost": 26294.25, "Plan Rows": 9, "Plan Width": 98, "Actual Startup Time": 821.976, "Actual Total Time": 822.323, "Actual Rows": 4, "Actual Loops": 1, "Output": ["n1.n_name", "n2.n_name", "(date_part('year'::text, (lineitem.l_shipdate)::timestamp without time zone))", "sum((lineitem.l_extendedprice * ('1'::numeric - lineitem.l_discount)))"], "Group Key": ["n1.n_name", "n2.n_name", "(date_part('year'::text, (lineitem.l_shipdate)::timestamp without time zone))"], "Plans": [{"Node Type": "Sort", "Parent Relationship": "Outer", "Parallel Aware": false, "Startup Cost": 26293.93, "Total Cost": 26293.95, "Plan Rows": 9, "Plan Width": 78, "Actual Startup Time": 821.879, "Actual Total Time": 821.945, "Actual Rows": 595, "Actual Loops": 1, "Output": ["n1.n_name", "n2.n_name", "(date_part('year'::text, (lineitem.l_shipdate)::timestamp without time zone))", "lineitem.l_extendedprice", "lineitem.l_discount"], "Sort Key": ["n1.n_name", "n2.n_name", "(date_part('year'::text, (lineitem.l_shipdate)::timestamp without time zone))"], "Sort Method": "quicksort", "Sort Space Used": 71, "Sort Space Type": "Memory", "Plans": [{"Node Type": "Hash Join", "Parent Relationship": "Outer", "Parallel Aware": false, "Join Type": "Inner", "Startup Cost": 5327.32, "Total Cost": 26293.79, "Plan Rows": 9, "Plan Width": 78, "Actual Startup Time": 431.387, "Actual Total Time": 821.108, "Actual Rows": 595, "Actual Loops": 1, "Output": ["n1.n_name", "n2.n_name", "date_part('year'::text, (lineitem.l_shipdate)::timestamp without time zone)", "lineitem.l_extendedprice", "lineitem.l_discount"], "Inner Unique": false, "Hash Cond": "(lineitem.l_suppkey = supplier.s_suppkey)", "Join Filter": "((((n1.n_name)::text = 'VIETNAM'::text) AND ((n2.n_name)::text = 'RUSSIA'::text)) OR (((n1.n_name)::text = 'RUSSIA'::text) AND ((n2.n_name)::text = 'VIETNAM'::text)))", "Rows Removed by Join Filter": 574, "Plans": [{"Node Type": "Hash Join", "Parent Relationship": "Outer", "Parallel Aware": false, "Join Type": "Inner", "Startup Cost": 5273.84, "Total Cost": 26233.09, "Plan Rows": 1815, "Plan Width": 49, "Actual Startup Time": 419.966, "Actual Total Time": 817.713, "Actual Rows": 13969, "Actual Loops": 1, "Output": ["lineitem.l_shipdate", "lineitem.l_extendedprice", "lineitem.l_discount", "lineitem.l_suppkey", "n2.n_name"], "Inner Unique": false, "Hash Cond": "(lineitem.l_orderkey = orders.o_orderkey)", "Plans": [{"Node Type": "Seq Scan", "Parent Relationship": "Outer", "Parallel Aware": false, "Relation Name": "lineitem", "Schema": "public", "Alias": "lineitem", "Startup Cost": 0.0, "Total Cost": 20247.0, "Plan Rows": 185095, "Plan Width": 24, "Actual Startup Time": 0.022, "Actual Total Time": 374.882, "Actual Rows": 182585, "Actual Loops": 1, "Output": ["lineitem.l_orderkey", "lineitem.l_partkey", "lineitem.l_suppkey", "lineitem.l_linenumber", "lineitem.l_quantity", "lineitem.l_extendedprice", "lineitem.l_discount", "lineitem.l_tax", "lineitem.l_returnflag", "lineitem.l_linestatus", "lineitem.l_shipdate", "lineitem.l_commitdate", "lineitem.l_receiptdate", "lineitem.l_shipinstruct", "lineitem.l_shipmode", "lineitem.l_comment"], "Filter": "((lineitem.l_shipdate >= '1995-01-01'::date) AND (lineitem.l_shipdate <= '1996-12-31'::date))", "Rows Removed by Filter": 417415}, {"Node Type": "Hash", "Parent Relationship": "Inner", "Parallel Aware": false, "Startup Cost": 5255.45, "Total Cost": 5255.45, "Plan Rows": 1471, "Plan Width": 33, "Actual Startup Time": 419.418, "Actual Total Time": 419.424, "Actual Rows": 11634, "Actual Loops": 1, "Output": ["orders.o_orderkey", "n2.n_name"], "Hash Buckets": 16384, "Original Hash Buckets": 2048, "Hash Batches": 1, "Original Hash Batches": 1, "Peak Memory Usage": 623, "Plans": [{"Node Type": "Hash Join", "Parent Relationship": "Outer", "Parallel Aware": false, "Join Type": "Inner", "Startup Cost": 568.25, "Total Cost": 5255.45, "Plan Rows": 1471, "Plan Width": 33, "Actual Startup Time": 62.988, "Actual Total Time": 414.824, "Actual Rows": 11634, "Actual Loops": 1, "Output": ["orders.o_orderkey", "n2.n_name"], "Inner Unique": false, "Hash Cond": "(orders.o_custkey = customer.c_custkey)", "Plans": [{"Node Type": "Seq Scan", "Parent Relationship": "Outer", "Parallel Aware": false, "Relation Name": "orders", "Schema": "public", "Alias": "orders", "Startup Cost": 0.0, "Total Cost": 4110.0, "Plan Rows": 150000, "Plan Width": 8, "Actual Startup Time": 0.003, "Actual Total Time": 336.204, "Actual Rows": 150000, "Actual Loops": 1, "Output": ["orders.o_orderkey", "orders.o_custkey", "orders.o_orderstatus", "orders.o_totalprice", "orders.o_orderdate", "orders.o_orderpriority", "orders.o_clerk", "orders.o_shippriority", "orders.o_comment"]}, {"Node Type": "Hash", "Parent Relationship": "Inner", "Parallel Aware": false, "Startup Cost": 566.41, "Total Cost": 566.41, "Plan Rows": 147, "Plan Width": 33, "Actual Startup Time": 62.935, "Actual Total Time": 62.938, "Actual Rows": 1172, "Actual Loops": 1, "Output": ["customer.c_custkey", "n2.n_name"], "Hash Buckets": 2048, "Original Hash Buckets": 1024, "Hash Batches": 1, "Original Hash Batches": 1, "Peak Memory Usage": 66, "Plans": [{"Node Type": "Hash Join", "Parent Relationship": "Outer", "Parallel Aware": false, "Join Type": "Inner", "Startup Cost": 17.71, "Total Cost": 566.41, "Plan Rows": 147, "Plan Width": 33, "Actual Startup Time": 0.087, "Actual Total Time": 61.444, "Actual Rows": 1172, "Actual Loops": 1, "Output": ["customer.c_custkey", "n2.n_name"], "Inner Unique": true, "Hash Cond": "(customer.c_nationkey = n2.n_nationkey)", "Plans": [{"Node Type": "Seq Scan", "Parent Relationship": "Outer", "Parallel Aware": false, "Relation Name": "customer", "Schema": "public", "Alias": "customer", "Startup Cost": 0.0, "Total Cost": 509.0, "Plan Rows": 15000, "Plan Width": 8, "Actual Startup Time": 0.002, "Actual Total Time": 59.539, "Actual Rows": 15000, "Actual Loops": 1, "Output": ["customer.c_custkey", "customer.c_name", "customer.c_address", "customer.c_nationkey", "customer.c_phone", "customer.c_acctbal", "customer.c_mktsegment", "customer.c_comment"]}, {"Node Type": "Hash", "Parent Relationship": "Inner", "Parallel Aware": false, "Startup Cost": 17.65, "Total Cost": 17.65, "Plan Rows": 5, "Plan Width": 33, "Actual Startup Time": 0.015, "Actual Total Time": 0.016, "Actual Rows": 2, "Actual Loops": 1, "Output": ["n2.n_name", "n2.n_nationkey"], "Hash Buckets": 1024, "Original Hash Buckets": 1024, "Hash Batches": 1, "Original Hash Batches": 1, "Peak Memory Usage": 9, "Plans": [{"Node Type": "Seq Scan", "Parent Relationship": "Outer", "Parallel Aware": false, "Relation Name": "nation", "Schema": "public", "Alias": "n2", "Startup Cost": 0.0, "Total Cost": 17.65, "Plan Rows": 5, "Plan Width": 33, "Actual Startup Time": 0.005, "Actual Total Time": 0.006, "Actual Rows": 2, "Actual Loops": 1, "Output": ["n2.n_name", "n2.n_nationkey"], "Filter": "(((n2.n_name)::text = 'RUSSIA'::text) OR ((n2.n_name)::text = 'VIETNAM'::text))", "Rows Removed by Filter": 23}]}]}]}]}]}]}, {"Node Type": "Hash", "Parent Relationship": "Inner", "Parallel Aware": false, "Startup Cost": 53.36, "Total Cost": 53.36, "Plan Rows": 10, "Plan Width": 33, "Actual Startup Time": 0.854, "Actual Total Time": 0.857, "Actual Rows": 86, "Actual Loops": 1, "Output": ["supplier.s_suppkey", "n1.n_name"], "Hash Buckets": 1024, "Original Hash Buckets": 1024, "Hash Batches": 1, "Original Hash Batches": 1, "Peak Memory Usage": 12, "Plans": [{"Node Type": "Hash Join", "Parent Relationship": "Outer", "Parallel Aware": false, "Join Type": "Inner", "Startup Cost": 17.71, "Total Cost": 53.36, "Plan Rows": 10, "Plan Width": 33, "Actual Startup Time": 0.33, "Actual Total Time": 0.658, "Actual Rows": 86, "Actual Loops": 1, "Output": ["supplier.s_suppkey", "n1.n_name"], "Inner Unique": true, "Hash Cond": "(supplier.s_nationkey = n1.n_nationkey)", "Plans": [{"Node Type": "Seq Scan", "Parent Relationship": "Outer", "Parallel Aware": false, "Relation Name": "supplier", "Schema": "public", "Alias": "supplier", "Startup Cost": 0.0, "Total Cost": 33.0, "Plan Rows": 1000, "Plan Width": 8, "Actual Startup Time": 0.006, "Actual Total Time": 0.203, "Actual Rows": 1000, "Actual Loops": 1, "Output": ["supplier.s_suppkey", "supplier.s_name", "supplier.s_address", "supplier.s_nationkey", "supplier.s_phone", "supplier.s_acctbal", "supplier.s_comment"]}, {"Node Type": "Hash", "Parent Relationship": "Inner", "Parallel Aware": false, "Startup Cost": 17.65, "Total Cost": 17.65, "Plan Rows": 5, "Plan Width": 33, "Actual Startup Time": 0.019, "Actual Total Time": 0.02, "Actual Rows": 2, "Actual Loops": 1, "Output": ["n1.n_name", "n1.n_nationkey"], "Hash Buckets": 1024, "Original Hash Buckets": 1024, "Hash Batches": 1, "Original Hash Batches": 1, "Peak Memory Usage": 9, "Plans": [{"Node Type": "Seq Scan", "Parent Relationship": "Outer", "Parallel Aware": false, "Relation Name": "nation", "Schema": "public", "Alias": "n1", "Startup Cost": 0.0, "Total Cost": 17.65, "Plan Rows": 5, "Plan Width": 33, "Actual Startup Time": 0.006, "Actual Total Time": 0.007, "Actual Rows": 2, "Actual Loops": 1, "Output": ["n1.n_name", "n1.n_nationkey"], "Filter": "(((n1.n_name)::text = 'VIETNAM'::text) OR ((n1.n_name)::text = 'RUSSIA'::text))", "Rows Removed by Filter": 23}]}]}]}]}]}]}, "Planning Time": 4.713, "Triggers": [], "Execution Time": 824.156}]
q13#####[{"Plan": {"Node Type": "Sort", "Parallel Aware": false, "Startup Cost": 280357.97, "Total Cost": 280501.55, "Plan Rows": 57431, "Plan Width": 205, "Actual Startup Time": 14136.891, "Actual Total Time": 14144.206, "Actual Rows": 37614, "Actual Loops": 1, "Output": ["customer.c_custkey", "customer.c_name", "(sum((lineitem.l_extendedprice * ('1'::numeric - lineitem.l_discount))))", "customer.c_acctbal", "nation.n_name", "customer.c_address", "customer.c_phone", "customer.c_comment"], "Sort Key": ["(sum((lineitem.l_extendedprice * ('1'::numeric - lineitem.l_discount)))) DESC"], "Sort Method": "external merge", "Sort Space Used": 6368, "Sort Space Type": "Disk", "Plans": [{"Node Type": "Aggregate", "Strategy": "Sorted", "Partial Mode": "Simple", "Parent Relationship": "Outer", "Parallel Aware": false, "Startup Cost": 267826.44, "Total Cost": 270123.68, "Plan Rows": 57431, "Plan Width": 205, "Actual Startup Time": 13982.929, "Actual Total Time": 14075.539, "Actual Rows": 37614, "Actual Loops": 1, "Output": ["customer.c_custkey", "customer.c_name", "sum((lineitem.l_extendedprice * ('1'::numeric - lineitem.l_discount)))", "customer.c_acctbal", "nation.n_name", "customer.c_address", "customer.c_phone", "customer.c_comment"], "Group Key": ["customer.c_custkey", "customer.c_name", "customer.c_acctbal", "customer.c_phone", "nation.n_name", "customer.c_address", "customer.c_comment"], "Plans": [{"Node Type": "Sort", "Parent Relationship": "Outer", "Parallel Aware": false, "Startup Cost": 267826.44, "Total Cost": 267970.02, "Plan Rows": 57431, "Plan Width": 185, "Actual Startup Time": 13982.902, "Actual Total Time": 14010.806, "Actual Rows": 112954, "Actual Loops": 1, "Output": ["customer.c_custkey", "customer.c_name", "customer.c_acctbal", "nation.n_name", "customer.c_address", "customer.c_phone", "customer.c_comment", "lineitem.l_extendedprice", "lineitem.l_discount"], "Sort Key": ["customer.c_custkey", "customer.c_name", "customer.c_acctbal", "customer.c_phone", "nation.n_name", "customer.c_address", "customer.c_comment"], "Sort Method": "external merge", "Sort Space Used": 19600, "Sort Space Type": "Disk", "Plans": [{"Node Type": "Hash Join", "Parent Relationship": "Outer", "Parallel Aware": false, "Join Type": "Inner", "Startup Cost": 59513.9, "Total Cost": 257984.15, "Plan Rows": 57431, "Plan Width": 185, "Actual Startup Time": 4397.645, "Actual Total Time": 13735.665, "Actual Rows": 112954, "Actual Loops": 1, "Output": ["customer.c_custkey", "customer.c_name", "customer.c_acctbal", "nation.n_name", "customer.c_address", "customer.c_phone", "customer.c_comment", "lineitem.l_extendedprice", "lineitem.l_discount"], "Inner Unique": true, "Hash Cond": "(customer.c_nationkey = nation.n_nationkey)", "Plans": [{"Node Type": "Hash Join", "Parent Relationship": "Outer", "Parallel Aware": false, "Join Type": "Inner", "Startup Cost": 59492.43, "Total Cost": 257810.66, "Plan Rows": 57431, "Plan Width": 160, "Actual Startup Time": 4397.554, "Actual Total Time": 13712.924, "Actual Rows": 112954, "Actual Loops": 1, "Output": ["customer.c_custkey", "customer.c_name", "customer.c_acctbal", "customer.c_address", "customer.c_phone", "customer.c_comment", "customer.c_nationkey", "lineitem.l_extendedprice", "lineitem.l_discount"], "Inner Unique": false, "Hash Cond": "(orders.o_custkey = customer.c_custkey)", "Plans": [{"Node Type": "Hash Join", "Parent Relationship": "Outer", "Parallel Aware": false, "Join Type": "Inner", "Startup Cost": 49309.43, "Total Cost": 243052.99, "Plan Rows": 57431, "Plan Width": 16, "Actual Startup Time": 2243.741, "Actual Total Time": 11256.924, "Actual Rows": 112954, "Actual Loops": 1, "Output": ["orders.o_custkey", "lineitem.l_extendedprice", "lineitem.l_discount"], "Inner Unique": false, "Hash Cond": "(lineitem.l_orderkey = orders.o_orderkey)", "Plans": [{"Node Type": "Seq Scan", "Parent Relationship": "Outer", "Parallel Aware": false, "Relation Name": "lineitem", "Schema": "public", "Alias": "lineitem", "Startup Cost": 0.0, "Total Cost": 187516.95, "Plan Rows": 1507280, "Plan Width": 16, "Actual Startup Time": 5.442, "Actual Total Time": 8723.269, "Actual Rows": 1478870, "Actual Loops": 1, "Output": ["lineitem.l_orderkey", "lineitem.l_partkey", "lineitem.l_suppkey", "lineitem.l_linenumber", "lineitem.l_quantity", "lineitem.l_extendedprice", "lineitem.l_discount", "lineitem.l_tax", "lineitem.l_returnflag", "lineitem.l_linestatus", "lineitem.l_shipdate", "lineitem.l_commitdate", "lineitem.l_receiptdate", "lineitem.l_shipinstruct", "lineitem.l_shipmode", "lineitem.l_comment"], "Filter": "(lineitem.l_returnflag = 'R'::bpchar)", "Rows Removed by Filter": 4522345}, {"Node Type": "Hash", "Parent Relationship": "Inner", "Parallel Aware": false, "Startup Cost": 48595.0, "Total Cost": 48595.0, "Plan Rows": 57154, "Plan Width": 8, "Actual Startup Time": 2224.203, "Actual Total Time": 2224.208, "Actual Rows": 56468, "Actual Loops": 1, "Output": ["orders.o_custkey", "orders.o_orderkey"], "Hash Buckets": 65536, "Original Hash Buckets": 65536, "Hash Batches": 1, "Original Hash Batches": 1, "Peak Memory Usage": 2718, "Plans": [{"Node Type": "Seq Scan", "Parent Relationship": "Outer", "Parallel Aware": false, "Relation Name": "orders", "Schema": "public", "Alias": "orders", "Startup Cost": 0.0, "Total Cost": 48595.0, "Plan Rows": 57154, "Plan Width": 8, "Actual Startup Time": 0.01, "Actual Total Time": 2188.178, "Actual Rows": 56468, "Actual Loops": 1, "Output": ["orders.o_custkey", "orders.o_orderkey"], "Filter": "((orders.o_orderdate >= '1994-09-02'::date) AND (orders.o_orderdate < '1994-12-02 00:00:00'::timestamp without time zone))", "Rows Removed by Filter": 1443532}]}]}, {"Node Type": "Hash", "Parent Relationship": "Inner", "Parallel Aware": false, "Startup Cost": 5085.0, "Total Cost": 5085.0, "Plan Rows": 150000, "Plan Width": 148, "Actual Startup Time": 2146.182, "Actual Total Time": 2146.183, "Actual Rows": 150000, "Actual Loops": 1, "Output": ["customer.c_custkey", "customer.c_name", "customer.c_acctbal", "customer.c_address", "customer.c_phone", "customer.c_comment", "customer.c_nationkey"], "Hash Buckets": 32768, "Original Hash Buckets": 32768, "Hash Batches": 8, "Original Hash Batches": 8, "Peak Memory Usage": 3655, "Plans": [{"Node Type": "Seq Scan", "Parent Relationship": "Outer", "Parallel Aware": false, "Relation Name": "customer", "Schema": "public", "Alias": "customer", "Startup Cost": 0.0, "Total Cost": 5085.0, "Plan Rows": 150000, "Plan Width": 148, "Actual Startup Time": 0.006, "Actual Total Time": 1093.335, "Actual Rows": 150000, "Actual Loops": 1, "Output": ["customer.c_custkey", "customer.c_name", "customer.c_acctbal", "customer.c_address", "customer.c_phone", "customer.c_comment", "customer.c_nationkey"]}]}]}, {"Node Type": "Hash", "Parent Relationship": "Inner", "Parallel Aware": false, "Startup Cost": 15.1, "Total Cost": 15.1, "Plan Rows": 510, "Plan Width": 33, "Actual Startup Time": 0.031, "Actual Total Time": 0.032, "Actual Rows": 25, "Actual Loops": 1, "Output": ["nation.n_name", "nation.n_nationkey"], "Hash Buckets": 1024, "Original Hash Buckets": 1024, "Hash Batches": 1, "Original Hash Batches": 1, "Peak Memory Usage": 10, "Plans": [{"Node Type": "Seq Scan", "Parent Relationship": "Outer", "Parallel Aware": false, "Relation Name": "nation", "Schema": "public", "Alias": "nation", "Startup Cost": 0.0, "Total Cost": 15.1, "Plan Rows": 510, "Plan Width": 33, "Actual Startup Time": 0.01, "Actual Total Time": 0.013, "Actual Rows": 25, "Actual Loops": 1, "Output": ["nation.n_name", "nation.n_nationkey"]}]}]}]}]}]}, "Planning Time": 5.29, "Triggers": [], "Execution Time": 14149.439}]
q14#####[{"Plan": {"Node Type": "Sort", "Parallel Aware": false, "Startup Cost": 279016.05, "Total Cost": 279152.21, "Plan Rows": 54463, "Plan Width": 205, "Actual Startup Time": 14105.526, "Actual Total Time": 14111.819, "Actual Rows": 35593, "Actual Loops": 1, "Output": ["customer.c_custkey", "customer.c_name", "(sum((lineitem.l_extendedprice * ('1'::numeric - lineitem.l_discount))))", "customer.c_acctbal", "nation.n_name", "customer.c_address", "customer.c_phone", "customer.c_comment"], "Sort Key": ["(sum((lineitem.l_extendedprice * ('1'::numeric - lineitem.l_discount)))) DESC"], "Sort Method": "external merge", "Sort Space Used": 6016, "Sort Space Type": "Disk", "Plans": [{"Node Type": "Aggregate", "Strategy": "Sorted", "Partial Mode": "Simple", "Parent Relationship": "Outer", "Parallel Aware": false, "Startup Cost": 267152.71, "Total Cost": 269331.23, "Plan Rows": 54463, "Plan Width": 205, "Actual Startup Time": 13920.825, "Actual Total Time": 14021.121, "Actual Rows": 35593, "Actual Loops": 1, "Output": ["customer.c_custkey", "customer.c_name", "sum((lineitem.l_extendedprice * ('1'::numeric - lineitem.l_discount)))", "customer.c_acctbal", "nation.n_name", "customer.c_address", "customer.c_phone", "customer.c_comment"], "Group Key": ["customer.c_custkey", "customer.c_name", "customer.c_acctbal", "customer.c_phone", "nation.n_name", "customer.c_address", "customer.c_comment"], "Plans": [{"Node Type": "Sort", "Parent Relationship": "Outer", "Parallel Aware": false, "Startup Cost": 267152.71, "Total Cost": 267288.86, "Plan Rows": 54463, "Plan Width": 185, "Actual Startup Time": 13919.746, "Actual Total Time": 13946.982, "Actual Rows": 94907, "Actual Loops": 1, "Output": ["customer.c_custkey", "customer.c_name", "customer.c_acctbal", "nation.n_name", "customer.c_address", "customer.c_phone", "customer.c_comment", "lineitem.l_extendedprice", "lineitem.l_discount"], "Sort Key": ["customer.c_custkey", "customer.c_name", "customer.c_acctbal", "customer.c_phone", "nation.n_name", "customer.c_address", "customer.c_comment"], "Sort Method": "external merge", "Sort Space Used": 16448, "Sort Space Type": "Disk", "Plans": [{"Node Type": "Hash Join", "Parent Relationship": "Outer", "Parallel Aware": false, "Join Type": "Inner", "Startup Cost": 59476.97, "Total Cost": 257838.88, "Plan Rows": 54463, "Plan Width": 185, "Actual Startup Time": 4379.916, "Actual Total Time": 13735.725, "Actual Rows": 94907, "Actual Loops": 1, "Output": ["customer.c_custkey", "customer.c_name", "customer.c_acctbal", "nation.n_name", "customer.c_address", "customer.c_phone", "customer.c_comment", "lineitem.l_extendedprice", "lineitem.l_discount"], "Inner Unique": true, "Hash Cond": "(customer.c_nationkey = nation.n_nationkey)", "Plans": [{"Node Type": "Hash Join", "Parent Relationship": "Outer", "Parallel Aware": false, "Join Type": "Inner", "Startup Cost": 59455.5, "Total Cost": 257673.25, "Plan Rows": 54463, "Plan Width": 160, "Actual Startup Time": 4379.87, "Actual Total Time": 13716.919, "Actual Rows": 94907, "Actual Loops": 1, "Output": ["customer.c_custkey", "customer.c_name", "customer.c_acctbal", "customer.c_address", "customer.c_phone", "customer.c_comment", "customer.c_nationkey", "lineitem.l_extendedprice", "lineitem.l_discount"], "Inner Unique": false, "Hash Cond": "(orders.o_custkey = customer.c_custkey)", "Plans": [{"Node Type": "Hash Join", "Parent Relationship": "Outer", "Parallel Aware": false, "Join Type": "Inner", "Startup Cost": 49272.5, "Total Cost": 242986.38, "Plan Rows": 54463, "Plan Width": 16, "Actual Startup Time": 2242.972, "Actual Total Time": 11305.575, "Actual Rows": 94907, "Actual Loops": 1, "Output": ["orders.o_custkey", "lineitem.l_extendedprice", "lineitem.l_discount"], "Inner Unique": false, "Hash Cond": "(lineitem.l_orderkey = orders.o_orderkey)", "Plans": [{"Node Type": "Seq Scan", "Parent Relationship": "Outer", "Parallel Aware": false, "Relation Name": "lineitem", "Schema": "public", "Alias": "lineitem", "Startup Cost": 0.0, "Total Cost": 187516.95, "Plan Rows": 1507280, "Plan Width": 16, "Actual Startup Time": 5.298, "Actual Total Time": 8772.433, "Actual Rows": 1478870, "Actual Loops": 1, "Output": ["lineitem.l_orderkey", "lineitem.l_partkey", "lineitem.l_suppkey", "lineitem.l_linenumber", "lineitem.l_quantity", "lineitem.l_extendedprice", "lineitem.l_discount", "lineitem.l_tax", "lineitem.l_returnflag", "lineitem.l_linestatus", "lineitem.l_shipdate", "lineitem.l_commitdate", "lineitem.l_receiptdate", "lineitem.l_shipinstruct", "lineitem.l_shipmode", "lineitem.l_comment"], "Filter": "(lineitem.l_returnflag = 'R'::bpchar)", "Rows Removed by Filter": 4522345}, {"Node Type": "Hash", "Parent Relationship": "Inner", "Parallel Aware": false, "Startup Cost": 48595.0, "Total Cost": 48595.0, "Plan Rows": 54200, "Plan Width": 8, "Actual Startup Time": 2235.76, "Actual Total Time": 2235.764, "Actual Rows": 56506, "Actual Loops": 1, "Output": ["orders.o_custkey", "orders.o_orderkey"], "Hash Buckets": 65536, "Original Hash Buckets": 65536, "Hash Batches": 1, "Original Hash Batches": 1, "Peak Memory Usage": 2720, "Plans": [{"Node Type": "Seq Scan", "Parent Relationship": "Outer", "Parallel Aware": false, "Relation Name": "orders", "Schema": "public", "Alias": "orders", "Startup Cost": 0.0, "Total Cost": 48595.0, "Plan Rows": 54200, "Plan Width": 8, "Actual Startup Time": 2.703, "Actual Total Time": 2193.936, "Actual Rows": 56506, "Actual Loops": 1, "Output": ["orders.o_custkey", "orders.o_orderkey"], "Filter": "((orders.o_orderdate >= '1995-01-01'::date) AND (orders.o_orderdate < '1995-04-01 00:00:00'::timestamp without time zone))", "Rows Removed by Filter": 1443494}]}]}, {"Node Type": "Hash", "Parent Relationship": "Inner", "Parallel Aware": false, "Startup Cost": 5085.0, "Total Cost": 5085.0, "Plan Rows": 150000, "Plan Width": 148, "Actual Startup Time": 2136.781, "Actual Total Time": 2136.781, "Actual Rows": 150000, "Actual Loops": 1, "Output": ["customer.c_custkey", "customer.c_name", "customer.c_acctbal", "customer.c_address", "customer.c_phone", "customer.c_comment", "customer.c_nationkey"], "Hash Buckets": 32768, "Original Hash Buckets": 32768, "Hash Batches": 8, "Original Hash Batches": 8, "Peak Memory Usage": 3655, "Plans": [{"Node Type": "Seq Scan", "Parent Relationship": "Outer", "Parallel Aware": false, "Relation Name": "customer", "Schema": "public", "Alias": "customer", "Startup Cost": 0.0, "Total Cost": 5085.0, "Plan Rows": 150000, "Plan Width": 148, "Actual Startup Time": 0.004, "Actual Total Time": 1047.273, "Actual Rows": 150000, "Actual Loops": 1, "Output": ["customer.c_custkey", "customer.c_name", "customer.c_acctbal", "customer.c_address", "customer.c_phone", "customer.c_comment", "customer.c_nationkey"]}]}]}, {"Node Type": "Hash", "Parent Relationship": "Inner", "Parallel Aware": false, "Startup Cost": 15.1, "Total Cost": 15.1, "Plan Rows": 510, "Plan Width": 33, "Actual Startup Time": 0.01, "Actual Total Time": 0.01, "Actual Rows": 25, "Actual Loops": 1, "Output": ["nation.n_name", "nation.n_nationkey"], "Hash Buckets": 1024, "Original Hash Buckets": 1024, "Hash Batches": 1, "Original Hash Batches": 1, "Peak Memory Usage": 10, "Plans": [{"Node Type": "Seq Scan", "Parent Relationship": "Outer", "Parallel Aware": false, "Relation Name": "nation", "Schema": "public", "Alias": "nation", "Startup Cost": 0.0, "Total Cost": 15.1, "Plan Rows": 510, "Plan Width": 33, "Actual Startup Time": 0.005, "Actual Total Time": 0.007, "Actual Rows": 25, "Actual Loops": 1, "Output": ["nation.n_name", "nation.n_nationkey"]}]}]}]}]}]}, "Planning Time": 1.812, "Triggers": [], "Execution Time": 14115.148}]
q15#####[{"Plan": {"Node Type": "Aggregate", "Strategy": "Sorted", "Partial Mode": "Simple", "Parallel Aware": false, "Startup Cost": 129332.86, "Total Cost": 129334.39, "Plan Rows": 34, "Plan Width": 40, "Actual Startup Time": 1111.148, "Actual Total Time": 1111.45, "Actual Rows": 2, "Actual Loops": 1, "Output": ["(date_part('year'::text, (orders.o_orderdate)::timestamp without time zone))", "(sum(CASE WHEN ((n2.n_name)::text = 'EGYPT'::text) THEN (lineitem.l_extendedprice * ('1'::numeric - lineitem.l_discount)) ELSE '0'::numeric END) / sum((lineitem.l_extendedprice * ('1'::numeric - lineitem.l_discount))))"], "Group Key": ["(date_part('year'::text, (orders.o_orderdate)::timestamp without time zone))"], "Plans": [{"Node Type": "Sort", "Parent Relationship": "Outer", "Parallel Aware": false, "Startup Cost": 129332.86, "Total Cost": 129332.95, "Plan Rows": 34, "Plan Width": 49, "Actual Startup Time": 1110.781, "Actual Total Time": 1110.882, "Actual Rows": 1208, "Actual Loops": 1, "Output": ["(date_part('year'::text, (orders.o_orderdate)::timestamp without time zone))", "n2.n_name", "lineitem.l_extendedprice", "lineitem.l_discount"], "Sort Key": ["(date_part('year'::text, (orders.o_orderdate)::timestamp without time zone))"], "Sort Method": "quicksort", "Sort Space Used": 143, "Sort Space Type": "Memory", "Plans": [{"Node Type": "Nested Loop", "Parent Relationship": "Outer", "Parallel Aware": false, "Join Type": "Inner", "Startup Cost": 31571.3, "Total Cost": 129332.0, "Plan Rows": 34, "Plan Width": 49, "Actual Startup Time": 346.142, "Actual Total Time": 1109.991, "Actual Rows": 1208, "Actual Loops": 1, "Output": ["date_part('year'::text, (orders.o_orderdate)::timestamp without time zone)", "n2.n_name", "lineitem.l_extendedprice", "lineitem.l_discount"], "Inner Unique": true, "Plans": [{"Node Type": "Hash Join", "Parent Relationship": "Outer", "Parallel Aware": false, "Join Type": "Inner", "Startup Cost": 31571.15, "Total Cost": 129325.89, "Plan Rows": 34, "Plan Width": 20, "Actual Startup Time": 346.106, "Actual Total Time": 1102.933, "Actual Rows": 1208, "Actual Loops": 1, "Output": ["lineitem.l_extendedprice", "lineitem.l_discount", "supplier.s_nationkey", "orders.o_orderdate"], "Inner Unique": false, "Hash Cond": "(lineitem.l_suppkey = supplier.s_suppkey)", "Plans": [{"Node Type": "Hash Join", "Parent Relationship": "Outer", "Parallel Aware": false, "Join Type": "Inner", "Startup Cost": 31347.65, "Total Cost": 129101.92, "Plan Rows": 34, "Plan Width": 20, "Actual Startup Time": 344.82, "Actual Total Time": 1100.766, "Actual Rows": 1208, "Actual Loops": 1, "Output": ["lineitem.l_extendedprice", "lineitem.l_discount", "lineitem.l_suppkey", "orders.o_orderdate"], "Inner Unique": false, "Hash Cond": "(lineitem.l_orderkey = orders.o_orderkey)", "Plans": [{"Node Type": "Hash Join", "Parent Relationship": "Outer", "Parallel Aware": false, "Join Type": "Inner", "Startup Cost": 3306.29, "Total Cost": 100985.63, "Plan Rows": 19889, "Plan Width": 20, "Actual Startup Time": 136.957, "Actual Total Time": 885.089, "Actual Rows": 19632, "Actual Loops": 1, "Output": ["lineitem.l_extendedprice", "lineitem.l_discount", "lineitem.l_suppkey", "lineitem.l_orderkey"], "Inner Unique": false, "Hash Cond": "(lineitem.l_partkey = part.p_partkey)", "Plans": [{"Node Type": "Seq Scan", "Parent Relationship": "Outer", "Parallel Aware": false, "Relation Name": "lineitem", "Schema": "public", "Alias": "lineitem", "Startup Cost": 0.0, "Total Cost": 86231.15, "Plan Rows": 2999815, "Plan Width": 24, "Actual Startup Time": 0.016, "Actual Total Time": 464.205, "Actual Rows": 2999671, "Actual Loops": 1, "Output": ["lineitem.l_orderkey", "lineitem.l_partkey", "lineitem.l_suppkey", "lineitem.l_linenumber", "lineitem.l_quantity", "lineitem.l_extendedprice", "lineitem.l_discount", "lineitem.l_tax", "lineitem.l_returnflag", "lineitem.l_linestatus", "lineitem.l_shipdate", "lineitem.l_commitdate", "lineitem.l_receiptdate", "lineitem.l_shipinstruct", "lineitem.l_shipmode", "lineitem.l_comment"]}, {"Node Type": "Hash", "Parent Relationship": "Inner", "Parallel Aware": false, "Startup Cost": 3298.0, "Total Cost": 3298.0, "Plan Rows": 663, "Plan Width": 4, "Actual Startup Time": 136.859, "Actual Total Time": 136.86, "Actual Rows": 660, "Actual Loops": 1, "Output": ["part.p_partkey"], "Hash Buckets": 1024, "Original Hash Buckets": 1024, "Hash Batches": 1, "Original Hash Batches": 1, "Peak Memory Usage": 32, "Plans": [{"Node Type": "Seq Scan", "Parent Relationship": "Outer", "Parallel Aware": false, "Relation Name": "part", "Schema": "public", "Alias": "part", "Startup Cost": 0.0, "Total Cost": 3298.0, "Plan Rows": 663, "Plan Width": 4, "Actual Startup Time": 0.025, "Actual Total Time": 136.3, "Actual Rows": 660, "Actual Loops": 1, "Output": ["part.p_partkey"], "Filter": "((part.p_type)::text = 'STANDARD ANODIZED STEEL'::text)", "Rows Removed by Filter": 99340}]}]}, {"Node Type": "Hash", "Parent Relationship": "Inner", "Parallel Aware": false, "Startup Cost": 28025.12, "Total Cost": 28025.12, "Plan Rows": 1300, "Plan Width": 8, "Actual Startup Time": 207.79, "Actual Total Time": 207.804, "Actual Rows": 45208, "Actual Loops": 1, "Output": ["orders.o_orderdate", "orders.o_orderkey"], "Hash Buckets": 65536, "Original Hash Buckets": 2048, "Hash Batches": 1, "Original Hash Batches": 1, "Peak Memory Usage": 2278, "Plans": [{"Node Type": "Hash Join", "Parent Relationship": "Outer", "Parallel Aware": false, "Join Type": "Inner", "Startup Cost": 2867.1, "Total Cost": 28025.12, "Plan Rows": 1300, "Plan Width": 8, "Actual Startup Time": 24.481, "Actual Total Time": 200.114, "Actual Rows": 45208, "Actual Loops": 1, "Output": ["orders.o_orderdate", "orders.o_orderkey"], "Inner Unique": false, "Hash Cond": "(orders.o_custkey = customer.c_custkey)", "Plans": [{"Node Type": "Seq Scan", "Parent Relationship": "Outer", "Parallel Aware": false, "Relation Name": "orders", "Schema": "public", "Alias": "orders", "Startup Cost": 0.0, "Total Cost": 24300.0, "Plan Rows": 225336, "Plan Width": 12, "Actual Startup Time": 0.026, "Actual Total Time": 135.012, "Actual Rows": 228641, "Actual Loops": 1, "Output": ["orders.o_orderkey", "orders.o_custkey", "orders.o_orderstatus", "orders.o_totalprice", "orders.o_orderdate", "orders.o_orderpriority", "orders.o_clerk", "orders.o_shippriority", "orders.o_comment"], "Filter": "((orders.o_orderdate >= '1995-01-01'::date) AND (orders.o_orderdate <= '1996-12-31'::date))", "Rows Removed by Filter": 521359}, {"Node Type": "Hash", "Parent Relationship": "Inner", "Parallel Aware": false, "Startup Cost": 2861.68, "Total Cost": 2861.68, "Plan Rows": 433, "Plan Width": 4, "Actual Startup Time": 24.402, "Actual Total Time": 24.41, "Actual Rows": 14946, "Actual Loops": 1, "Output": ["customer.c_custkey"], "Hash Buckets": 16384, "Original Hash Buckets": 1024, "Hash Batches": 1, "Original Hash Batches": 1, "Peak Memory Usage": 654, "Plans": [{"Node Type": "Hash Join", "Parent Relationship": "Outer", "Parallel Aware": false, "Join Type": "Inner", "Startup Cost": 33.02, "Total Cost": 2861.68, "Plan Rows": 433, "Plan Width": 4, "Actual Startup Time": 0.111, "Actual Total Time": 19.603, "Actual Rows": 14946, "Actual Loops": 1, "Output": ["customer.c_custkey"], "Inner Unique": false, "Hash Cond": "(customer.c_nationkey = n1.n_nationkey)", "Plans": [{"Node Type": "Seq Scan", "Parent Relationship": "Outer", "Parallel Aware": false, "Relation Name": "customer", "Schema": "public", "Alias": "customer", "Startup Cost": 0.0, "Total Cost": 2543.0, "Plan Rows": 75000, "Plan Width": 8, "Actual Startup Time": 0.008, "Actual Total Time": 7.006, "Actual Rows": 75000, "Actual Loops": 1, "Output": ["customer.c_custkey", "customer.c_name", "customer.c_address", "customer.c_nationkey", "customer.c_phone", "customer.c_acctbal", "customer.c_mktsegment", "customer.c_comment"]}, {"Node Type": "Hash", "Parent Relationship": "Inner", "Parallel Aware": false, "Startup Cost": 32.99, "Total Cost": 32.99, "Plan Rows": 3, "Plan Width": 4, "Actual Startup Time": 0.078, "Actual Total Time": 0.083, "Actual Rows": 5, "Actual Loops": 1, "Output": ["n1.n_nationkey"], "Hash Buckets": 1024, "Original Hash Buckets": 1024, "Hash Batches": 1, "Original Hash Batches": 1, "Peak Memory Usage": 9, "Plans": [{"Node Type": "Hash Join", "Parent Relationship": "Outer", "Parallel Aware": false, "Join Type": "Inner", "Startup Cost": 16.54, "Total Cost": 32.99, "Plan Rows": 3, "Plan Width": 4, "Actual Startup Time": 0.07, "Actual Total Time": 0.077, "Actual Rows": 5, "Actual Loops": 1, "Output": ["n1.n_nationkey"], "Inner Unique": true, "Hash Cond": "(n1.n_regionkey = region.r_regionkey)", "Plans": [{"Node Type": "Seq Scan", "Parent Relationship": "Outer", "Parallel Aware": false, "Relation Name": "nation", "Schema": "public", "Alias": "n1", "Startup Cost": 0.0, "Total Cost": 15.1, "Plan Rows": 510, "Plan Width": 8, "Actual Startup Time": 0.004, "Actual Total Time": 0.006, "Actual Rows": 25, "Actual Loops": 1, "Output": ["n1.n_nationkey", "n1.n_name", "n1.n_regionkey", "n1.n_comment"]}, {"Node Type": "Hash", "Parent Relationship": "Inner", "Parallel Aware": false, "Startup Cost": 16.5, "Total Cost": 16.5, "Plan Rows": 3, "Plan Width": 4, "Actual Startup Time": 0.027, "Actual Total Time": 0.028, "Actual Rows": 1, "Actual Loops": 1, "Output": ["region.r_regionkey"], "Hash Buckets": 1024, "Original Hash Buckets": 1024, "Hash Batches": 1, "Original Hash Batches": 1, "Peak Memory Usage": 9, "Plans": [{"Node Type": "Seq Scan", "Parent Relationship": "Outer", "Parallel Aware": false, "Relation Name": "region", "Schema": "public", "Alias": "region", "Startup Cost": 0.0, "Total Cost": 16.5, "Plan Rows": 3, "Plan Width": 4, "Actual Startup Time": 0.019, "Actual Total Time": 0.019, "Actual Rows": 1, "Actual Loops": 1, "Output": ["region.r_regionkey"], "Filter": "((region.r_name)::text = 'MIDDLE EAST'::text)", "Rows Removed by Filter": 4}]}]}]}]}]}]}]}]}, {"Node Type": "Hash", "Parent Relationship": "Inner", "Parallel Aware": false, "Startup Cost": 161.0, "Total Cost": 161.0, "Plan Rows": 5000, "Plan Width": 8, "Actual Startup Time": 1.218, "Actual Total Time": 1.219, "Actual Rows": 5000, "Actual Loops": 1, "Output": ["supplier.s_suppkey", "supplier.s_nationkey"], "Hash Buckets": 8192, "Original Hash Buckets": 8192, "Hash Batches": 1, "Original Hash Batches": 1, "Peak Memory Usage": 260, "Plans": [{"Node Type": "Seq Scan", "Parent Relationship": "Outer", "Parallel Aware": false, "Relation Name": "supplier", "Schema": "public", "Alias": "supplier", "Startup Cost": 0.0, "Total Cost": 161.0, "Plan Rows": 5000, "Plan Width": 8, "Actual Startup Time": 0.004, "Actual Total Time": 0.589, "Actual Rows": 5000, "Actual Loops": 1, "Output": ["supplier.s_suppkey", "supplier.s_nationkey"]}]}]}, {"Node Type": "Index Scan", "Parent Relationship": "Inner", "Parallel Aware": false, "Scan Direction": "Forward", "Index Name": "nation_pkey", "Relation Name": "nation", "Schema": "public", "Alias": "n2", "Startup Cost": 0.15, "Total Cost": 0.17, "Plan Rows": 1, "Plan Width": 33, "Actual Startup Time": 0.005, "Actual Total Time": 0.005, "Actual Rows": 1, "Actual Loops": 1208, "Output": ["n2.n_nationkey", "n2.n_name", "n2.n_regionkey", "n2.n_comment"], "Index Cond": "(n2.n_nationkey = supplier.s_nationkey)", "Rows Removed by Index Recheck": 0}]}]}]}, "Planning Time": 31.432, "Triggers": [], "Execution Time": 1111.834}]
q16#####[{"Plan": {"Node Type": "Sort", "Parallel Aware": false, "Startup Cost": 125310.21, "Total Cost": 125310.47, "Plan Rows": 103, "Plan Width": 61, "Actual Startup Time": 1393.571, "Actual Total Time": 1393.648, "Actual Rows": 5, "Actual Loops": 1, "Output": ["nation.n_name", "(sum((lineitem.l_extendedprice * ('1'::numeric - lineitem.l_discount))))"], "Sort Key": ["(sum((lineitem.l_extendedprice * ('1'::numeric - lineitem.l_discount)))) DESC"], "Sort Method": "quicksort", "Sort Space Used": 25, "Sort Space Type": "Memory", "Plans": [{"Node Type": "Aggregate", "Strategy": "Sorted", "Partial Mode": "Simple", "Parent Relationship": "Outer", "Parallel Aware": false, "Startup Cost": 125304.19, "Total Cost": 125306.77, "Plan Rows": 103, "Plan Width": 61, "Actual Startup Time": 1392.976, "Actual Total Time": 1393.613, "Actual Rows": 5, "Actual Loops": 1, "Output": ["nation.n_name", "sum((lineitem.l_extendedprice * ('1'::numeric - lineitem.l_discount)))"], "Group Key": ["nation.n_name"], "Plans": [{"Node Type": "Sort", "Parent Relationship": "Outer", "Parallel Aware": false, "Startup Cost": 125304.19, "Total Cost": 125304.45, "Plan Rows": 103, "Plan Width": 41, "Actual Startup Time": 1392.757, "Actual Total Time": 1392.953, "Actual Rows": 3551, "Actual Loops": 1, "Output": ["nation.n_name", "lineitem.l_extendedprice", "lineitem.l_discount"], "Sort Key": ["nation.n_name"], "Sort Method": "quicksort", "Sort Space Used": 373, "Sort Space Type": "Memory", "Plans": [{"Node Type": "Hash Join", "Parent Relationship": "Outer", "Parallel Aware": false, "Join Type": "Inner", "Startup Cost": 27774.17, "Total Cost": 125300.75, "Plan Rows": 103, "Plan Width": 41, "Actual Startup Time": 178.918, "Actual Total Time": 1386.026, "Actual Rows": 3551, "Actual Loops": 1, "Output": ["nation.n_name", "lineitem.l_extendedprice", "lineitem.l_discount"], "Inner Unique": false, "Hash Cond": "((lineitem.l_suppkey = supplier.s_suppkey) AND (customer.c_nationkey = supplier.s_nationkey))", "Plans": [{"Node Type": "Hash Join", "Parent Relationship": "Outer", "Parallel Aware": false, "Join Type": "Inner", "Startup Cost": 27538.17, "Total Cost": 125044.38, "Plan Rows": 2578, "Plan Width": 53, "Actual Startup Time": 173.634, "Actual Total Time": 1364.764, "Actual Rows": 90143, "Actual Loops": 1, "Output": ["customer.c_nationkey", "lineitem.l_extendedprice", "lineitem.l_discount", "lineitem.l_suppkey", "nation.n_name", "nation.n_nationkey"], "Inner Unique": false, "Hash Cond": "(lineitem.l_orderkey = orders.o_orderkey)", "Plans": [{"Node Type": "Seq Scan", "Parent Relationship": "Outer", "Parallel Aware": false, "Relation Name": "lineitem", "Schema": "public", "Alias": "lineitem", "Startup Cost": 0.0, "Total Cost": 86231.15, "Plan Rows": 2999815, "Plan Width": 20, "Actual Startup Time": 0.019, "Actual Total Time": 844.071, "Actual Rows": 2999671, "Actual Loops": 1, "Output": ["lineitem.l_orderkey", "lineitem.l_partkey", "lineitem.l_suppkey", "lineitem.l_linenumber", "lineitem.l_quantity", "lineitem.l_extendedprice", "lineitem.l_discount", "lineitem.l_tax", "lineitem.l_returnflag", "lineitem.l_linestatus", "lineitem.l_shipdate", "lineitem.l_commitdate", "lineitem.l_receiptdate", "lineitem.l_shipinstruct", "lineitem.l_shipmode", "lineitem.l_comment"]}, {"Node Type": "Hash", "Parent Relationship": "Inner", "Parallel Aware": false, "Startup Cost": 27530.12, "Total Cost": 27530.12, "Plan Rows": 644, "Plan Width": 41, "Actual Startup Time": 173.558, "Actual Total Time": 173.63, "Actual Rows": 22550, "Actual Loops": 1, "Output": ["customer.c_nationkey", "orders.o_orderkey", "nation.n_name", "nation.n_nationkey"], "Hash Buckets": 32768, "Original Hash Buckets": 1024, "Hash Batches": 1, "Original Hash Batches": 1, "Peak Memory Usage": 1437, "Plans": [{"Node Type": "Hash Join", "Parent Relationship": "Outer", "Parallel Aware": false, "Join Type": "Inner", "Startup Cost": 2804.78, "Total Cost": 27530.12, "Plan Rows": 644, "Plan Width": 41, "Actual Startup Time": 40.095, "Actual Total Time": 156.904, "Actual Rows": 22550, "Actual Loops": 1, "Output": ["customer.c_nationkey", "orders.o_orderkey", "nation.n_name", "nation.n_nationkey"], "Inner Unique": false, "Hash Cond": "(orders.o_custkey = customer.c_custkey)", "Plans": [{"Node Type": "Seq Scan", "Parent Relationship": "Outer", "Parallel Aware": false, "Relation Name": "orders", "Schema": "public", "Alias": "orders", "Startup Cost": 0.0, "Total Cost": 24300.0, "Plan Rows": 111704, "Plan Width": 8, "Actual Startup Time": 0.011, "Actual Total Time": 92.953, "Actual Rows": 113997, "Actual Loops": 1, "Output": ["orders.o_orderkey", "orders.o_custkey", "orders.o_orderstatus", "orders.o_totalprice", "orders.o_orderdate", "orders.o_orderpriority", "orders.o_clerk", "orders.o_shippriority", "orders.o_comment"], "Filter": "((orders.o_orderdate >= '1994-01-01'::date) AND (orders.o_orderdate < '1995-01-01 00:00:00'::timestamp without time zone))", "Rows Removed by Filter": 636003}, {"Node Type": "Hash", "Parent Relationship": "Inner", "Parallel Aware": false, "Startup Cost": 2799.37, "Total Cost": 2799.37, "Plan Rows": 433, "Plan Width": 41, "Actual Startup Time": 40.073, "Actual Total Time": 40.128, "Actual Rows": 14946, "Actual Loops": 1, "Output": ["customer.c_custkey", "customer.c_nationkey", "nation.n_name", "nation.n_nationkey"], "Hash Buckets": 16384, "Original Hash Buckets": 1024, "Hash Batches": 1, "Original Hash Batches": 1, "Peak Memory Usage": 911, "Plans": [{"Node Type": "Hash Join", "Parent Relationship": "Outer", "Parallel Aware": false, "Join Type": "Inner", "Startup Cost": 38.01, "Total Cost": 2799.37, "Plan Rows": 433, "Plan Width": 41, "Actual Startup Time": 0.039, "Actual Total Time": 33.463, "Actual Rows": 14946, "Actual Loops": 1, "Output": ["customer.c_custkey", "customer.c_nationkey", "nation.n_name", "nation.n_nationkey"], "Inner Unique": true, "Hash Cond": "(nation.n_regionkey = region.r_regionkey)", "Plans": [{"Node Type": "Hash Join", "Parent Relationship": "Outer", "Parallel Aware": false, "Join Type": "Inner", "Startup Cost": 21.48, "Total Cost": 2762.99, "Plan Rows": 7500, "Plan Width": 45, "Actual Startup Time": 0.015, "Actual Total Time": 26.989, "Actual Rows": 75000, "Actual Loops": 1, "Output": ["customer.c_custkey", "customer.c_nationkey", "nation.n_name", "nation.n_nationkey", "nation.n_regionkey"], "Inner Unique": true, "Hash Cond": "(customer.c_nationkey = nation.n_nationkey)", "Plans": [{"Node Type": "Seq Scan", "Parent Relationship": "Outer", "Parallel Aware": false, "Relation Name": "customer", "Schema": "public", "Alias": "customer", "Startup Cost": 0.0, "Total Cost": 2543.0, "Plan Rows": 75000, "Plan Width": 8, "Actual Startup Time": 0.004, "Actual Total Time": 11.41, "Actual Rows": 75000, "Actual Loops": 1, "Output": ["customer.c_custkey", "customer.c_name", "customer.c_address", "customer.c_nationkey", "customer.c_phone", "customer.c_acctbal", "customer.c_mktsegment", "customer.c_comment"]}, {"Node Type": "Hash", "Parent Relationship": "Inner", "Parallel Aware": false, "Startup Cost": 15.1, "Total Cost": 15.1, "Plan Rows": 510, "Plan Width": 37, "Actual Startup Time": 0.006, "Actual Total Time": 0.014, "Actual Rows": 25, "Actual Loops": 1, "Output": ["nation.n_name", "nation.n_nationkey", "nation.n_regionkey"], "Hash Buckets": 1024, "Original Hash Buckets": 1024, "Hash Batches": 1, "Original Hash Batches": 1, "Peak Memory Usage": 10, "Plans": [{"Node Type": "Seq Scan", "Parent Relationship": "Outer", "Parallel Aware": false, "Relation Name": "nation", "Schema": "public", "Alias": "nation", "Startup Cost": 0.0, "Total Cost": 15.1, "Plan Rows": 510, "Plan Width": 37, "Actual Startup Time": 0.002, "Actual Total Time": 0.005, "Actual Rows": 25, "Actual Loops": 1, "Output": ["nation.n_name", "nation.n_nationkey", "nation.n_regionkey"]}]}]}, {"Node Type": "Hash", "Parent Relationship": "Inner", "Parallel Aware": false, "Startup Cost": 16.5, "Total Cost": 16.5, "Plan Rows": 3, "Plan Width": 4, "Actual Startup Time": 0.017, "Actual Total Time": 0.018, "Actual Rows": 1, "Actual Loops": 1, "Output": ["region.r_regionkey"], "Hash Buckets": 1024, "Original Hash Buckets": 1024, "Hash Batches": 1, "Original Hash Batches": 1, "Peak Memory Usage": 9, "Plans": [{"Node Type": "Seq Scan", "Parent Relationship": "Outer", "Parallel Aware": false, "Relation Name": "region", "Schema": "public", "Alias": "region", "Startup Cost": 0.0, "Total Cost": 16.5, "Plan Rows": 3, "Plan Width": 4, "Actual Startup Time": 0.016, "Actual Total Time": 0.016, "Actual Rows": 1, "Actual Loops": 1, "Output": ["region.r_regionkey"], "Filter": "((region.r_name)::text = 'MIDDLE EAST'::text)", "Rows Removed by Filter": 4}]}]}]}]}]}]}, {"Node Type": "Hash", "Parent Relationship": "Inner", "Parallel Aware": false, "Startup Cost": 161.0, "Total Cost": 161.0, "Plan Rows": 5000, "Plan Width": 8, "Actual Startup Time": 1.138, "Actual Total Time": 1.138, "Actual Rows": 5000, "Actual Loops": 1, "Output": ["supplier.s_suppkey", "supplier.s_nationkey"], "Hash Buckets": 8192, "Original Hash Buckets": 8192, "Hash Batches": 1, "Original Hash Batches": 1, "Peak Memory Usage": 260, "Plans": [{"Node Type": "Seq Scan", "Parent Relationship": "Outer", "Parallel Aware": false, "Relation Name": "supplier", "Schema": "public", "Alias": "supplier", "Startup Cost": 0.0, "Total Cost": 161.0, "Plan Rows": 5000, "Plan Width": 8, "Actual Startup Time": 0.005, "Actual Total Time": 0.579, "Actual Rows": 5000, "Actual Loops": 1, "Output": ["supplier.s_suppkey", "supplier.s_nationkey"]}]}]}]}]}]}, "Planning Time": 1.835, "Triggers": [], "Execution Time": 1394.035}]
q17#####[{"Plan": {"Node Type": "Sort", "Parallel Aware": false, "Startup Cost": 125319.75, "Total Cost": 125320.01, "Plan Rows": 105, "Plan Width": 61, "Actual Startup Time": 1104.23, "Actual Total Time": 1104.246, "Actual Rows": 5, "Actual Loops": 1, "Output": ["nation.n_name", "(sum((lineitem.l_extendedprice * ('1'::numeric - lineitem.l_discount))))"], "Sort Key": ["(sum((lineitem.l_extendedprice * ('1'::numeric - lineitem.l_discount)))) DESC"], "Sort Method": "quicksort", "Sort Space Used": 25, "Sort Space Type": "Memory", "Plans": [{"Node Type": "Aggregate", "Strategy": "Sorted", "Partial Mode": "Simple", "Parent Relationship": "Outer", "Parallel Aware": false, "Startup Cost": 125313.6, "Total Cost": 125316.22, "Plan Rows": 105, "Plan Width": 61, "Actual Startup Time": 1098.547, "Actual Total Time": 1104.227, "Actual Rows": 5, "Actual Loops": 1, "Output": ["nation.n_name", "sum((lineitem.l_extendedprice * ('1'::numeric - lineitem.l_discount)))"], "Group Key": ["nation.n_name"], "Plans": [{"Node Type": "Sort", "Parent Relationship": "Outer", "Parallel Aware": false, "Startup Cost": 125313.6, "Total Cost": 125313.86, "Plan Rows": 105, "Plan Width": 41, "Actual Startup Time": 1098.159, "Actual Total Time": 1098.406, "Actual Rows": 3732, "Actual Loops": 1, "Output": ["nation.n_name", "lineitem.l_extendedprice", "lineitem.l_discount"], "Sort Key": ["nation.n_name"], "Sort Method": "quicksort", "Sort Space Used": 387, "Sort Space Type": "Memory", "Plans": [{"Node Type": "Hash Join", "Parent Relationship": "Outer", "Parallel Aware": false, "Join Type": "Inner", "Startup Cost": 27782.58, "Total Cost": 125310.07, "Plan Rows": 105, "Plan Width": 41, "Actual Startup Time": 325.14, "Actual Total Time": 1095.662, "Actual Rows": 3732, "Actual Loops": 1, "Output": ["nation.n_name", "lineitem.l_extendedprice", "lineitem.l_discount"], "Inner Unique": false, "Hash Cond": "((lineitem.l_suppkey = supplier.s_suppkey) AND (customer.c_nationkey = supplier.s_nationkey))", "Plans": [{"Node Type": "Hash Join", "Parent Relationship": "Outer", "Parallel Aware": false, "Join Type": "Inner", "Startup Cost": 27546.58, "Total Cost": 125053.31, "Plan Rows": 2628, "Plan Width": 53, "Actual Startup Time": 320.764, "Actual Total Time": 1080.49, "Actual Rows": 91016, "Actual Loops": 1, "Output": ["customer.c_nationkey", "lineitem.l_extendedprice", "lineitem.l_discount", "lineitem.l_suppkey", "nation.n_name", "nation.n_nationkey"], "Inner Unique": false, "Hash Cond": "(lineitem.l_orderkey = orders.o_orderkey)", "Plans": [{"Node Type": "Seq Scan", "Parent Relationship": "Outer", "Parallel Aware": false, "Relation Name": "lineitem", "Schema": "public", "Alias": "lineitem", "Startup Cost": 0.0, "Total Cost": 86231.15, "Plan Rows": 2999815, "Plan Width": 20, "Actual Startup Time": 0.016, "Actual Total Time": 526.974, "Actual Rows": 2999671, "Actual Loops": 1, "Output": ["lineitem.l_orderkey", "lineitem.l_partkey", "lineitem.l_suppkey", "lineitem.l_linenumber", "lineitem.l_quantity", "lineitem.l_extendedprice", "lineitem.l_discount", "lineitem.l_tax", "lineitem.l_returnflag", "lineitem.l_linestatus", "lineitem.l_shipdate", "lineitem.l_commitdate", "lineitem.l_receiptdate", "lineitem.l_shipinstruct", "lineitem.l_shipmode", "lineitem.l_comment"]}, {"Node Type": "Hash", "Parent Relationship": "Inner", "Parallel Aware": false, "Startup Cost": 27538.36, "Total Cost": 27538.36, "Plan Rows": 657, "Plan Width": 41, "Actual Startup Time": 319.633, "Actual Total Time": 319.646, "Actual Rows": 22761, "Actual Loops": 1, "Output": ["customer.c_nationkey", "orders.o_orderkey", "nation.n_name", "nation.n_nationkey"], "Hash Buckets": 32768, "Original Hash Buckets": 1024, "Hash Batches": 1, "Original Hash Batches": 1, "Peak Memory Usage": 1430, "Plans": [{"Node Type": "Hash Join", "Parent Relationship": "Outer", "Parallel Aware": false, "Join Type": "Inner", "Startup Cost": 2804.78, "Total Cost": 27538.36, "Plan Rows": 657, "Plan Width": 41, "Actual Startup Time": 101.199, "Actual Total Time": 306.245, "Actual Rows": 22761, "Actual Loops": 1, "Output": ["customer.c_nationkey", "orders.o_orderkey", "nation.n_name", "nation.n_nationkey"], "Inner Unique": false, "Hash Cond": "(orders.o_custkey = customer.c_custkey)", "Plans": [{"Node Type": "Seq Scan", "Parent Relationship": "Outer", "Parallel Aware": false, "Relation Name": "orders", "Schema": "public", "Alias": "orders", "Startup Cost": 0.0, "Total Cost": 24300.0, "Plan Rows": 113871, "Plan Width": 8, "Actual Startup Time": 0.007, "Actual Total Time": 187.581, "Actual Rows": 113599, "Actual Loops": 1, "Output": ["orders.o_orderkey", "orders.o_custkey", "orders.o_orderstatus", "orders.o_totalprice", "orders.o_orderdate", "orders.o_orderpriority", "orders.o_clerk", "orders.o_shippriority", "orders.o_comment"], "Filter": "((orders.o_orderdate >= '1997-01-10'::date) AND (orders.o_orderdate < '1998-01-10 00:00:00'::timestamp without time zone))", "Rows Removed by Filter": 636401}, {"Node Type": "Hash", "Parent Relationship": "Inner", "Parallel Aware": false, "Startup Cost": 2799.37, "Total Cost": 2799.37, "Plan Rows": 433, "Plan Width": 41, "Actual Startup Time": 101.161, "Actual Total Time": 101.17, "Actual Rows": 15053, "Actual Loops": 1, "Output": ["customer.c_custkey", "customer.c_nationkey", "nation.n_name", "nation.n_nationkey"], "Hash Buckets": 16384, "Original Hash Buckets": 1024, "Hash Batches": 1, "Original Hash Batches": 1, "Peak Memory Usage": 905, "Plans": [{"Node Type": "Hash Join", "Parent Relationship": "Outer", "Parallel Aware": false, "Join Type": "Inner", "Startup Cost": 38.01, "Total Cost": 2799.37, "Plan Rows": 433, "Plan Width": 41, "Actual Startup Time": 0.359, "Actual Total Time": 89.801, "Actual Rows": 15053, "Actual Loops": 1, "Output": ["customer.c_custkey", "customer.c_nationkey", "nation.n_name", "nation.n_nationkey"], "Inner Unique": true, "Hash Cond": "(nation.n_regionkey = region.r_regionkey)", "Plans": [{"Node Type": "Hash Join", "Parent Relationship": "Outer", "Parallel Aware": false, "Join Type": "Inner", "Startup Cost": 21.48, "Total Cost": 2762.99, "Plan Rows": 7500, "Plan Width": 45, "Actual Startup Time": 0.052, "Actual Total Time": 84.307, "Actual Rows": 75000, "Actual Loops": 1, "Output": ["customer.c_custkey", "customer.c_nationkey", "nation.n_name", "nation.n_nationkey", "nation.n_regionkey"], "Inner Unique": true, "Hash Cond": "(customer.c_nationkey = nation.n_nationkey)", "Plans": [{"Node Type": "Seq Scan", "Parent Relationship": "Outer", "Parallel Aware": false, "Relation Name": "customer", "Schema": "public", "Alias": "customer", "Startup Cost": 0.0, "Total Cost": 2543.0, "Plan Rows": 75000, "Plan Width": 8, "Actual Startup Time": 0.013, "Actual Total Time": 9.439, "Actual Rows": 75000, "Actual Loops": 1, "Output": ["customer.c_custkey", "customer.c_name", "customer.c_address", "customer.c_nationkey", "customer.c_phone", "customer.c_acctbal", "customer.c_mktsegment", "customer.c_comment"]}, {"Node Type": "Hash", "Parent Relationship": "Inner", "Parallel Aware": false, "Startup Cost": 15.1, "Total Cost": 15.1, "Plan Rows": 510, "Plan Width": 37, "Actual Startup Time": 0.012, "Actual Total Time": 0.013, "Actual Rows": 25, "Actual Loops": 1, "Output": ["nation.n_name", "nation.n_nationkey", "nation.n_regionkey"], "Hash Buckets": 1024, "Original Hash Buckets": 1024, "Hash Batches": 1, "Original Hash Batches": 1, "Peak Memory Usage": 10, "Plans": [{"Node Type": "Seq Scan", "Parent Relationship": "Outer", "Parallel Aware": false, "Relation Name": "nation", "Schema": "public", "Alias": "nation", "Startup Cost": 0.0, "Total Cost": 15.1, "Plan Rows": 510, "Plan Width": 37, "Actual Startup Time": 0.002, "Actual Total Time": 0.003, "Actual Rows": 25, "Actual Loops": 1, "Output": ["nation.n_name", "nation.n_nationkey", "nation.n_regionkey"]}]}]}, {"Node Type": "Hash", "Parent Relationship": "Inner", "Parallel Aware": false, "Startup Cost": 16.5, "Total Cost": 16.5, "Plan Rows": 3, "Plan Width": 4, "Actual Startup Time": 0.041, "Actual Total Time": 0.041, "Actual Rows": 1, "Actual Loops": 1, "Output": ["region.r_regionkey"], "Hash Buckets": 1024, "Original Hash Buckets": 1024, "Hash Batches": 1, "Original Hash Batches": 1, "Peak Memory Usage": 9, "Plans": [{"Node Type": "Seq Scan", "Parent Relationship": "Outer", "Parallel Aware": false, "Relation Name": "region", "Schema": "public", "Alias": "region", "Startup Cost": 0.0, "Total Cost": 16.5, "Plan Rows": 3, "Plan Width": 4, "Actual Startup Time": 0.034, "Actual Total Time": 0.034, "Actual Rows": 1, "Actual Loops": 1, "Output": ["region.r_regionkey"], "Filter": "((region.r_name)::text = 'ASIA'::text)", "Rows Removed by Filter": 4}]}]}]}]}]}]}, {"Node Type": "Hash", "Parent Relationship": "Inner", "Parallel Aware": false, "Startup Cost": 161.0, "Total Cost": 161.0, "Plan Rows": 5000, "Plan Width": 8, "Actual Startup Time": 1.97, "Actual Total Time": 1.97, "Actual Rows": 5000, "Actual Loops": 1, "Output": ["supplier.s_suppkey", "supplier.s_nationkey"], "Hash Buckets": 8192, "Original Hash Buckets": 8192, "Hash Batches": 1, "Original Hash Batches": 1, "Peak Memory Usage": 260, "Plans": [{"Node Type": "Seq Scan", "Parent Relationship": "Outer", "Parallel Aware": false, "Relation Name": "supplier", "Schema": "public", "Alias": "supplier", "Startup Cost": 0.0, "Total Cost": 161.0, "Plan Rows": 5000, "Plan Width": 8, "Actual Startup Time": 0.012, "Actual Total Time": 1.43, "Actual Rows": 5000, "Actual Loops": 1, "Output": ["supplier.s_suppkey", "supplier.s_nationkey"]}]}]}]}]}]}, "Planning Time": 0.798, "Triggers": [], "Execution Time": 1104.37}]
q18#####[{"Plan": {"Node Type": "Sort", "Parallel Aware": false, "Startup Cost": 125325.51, "Total Cost": 125325.77, "Plan Rows": 106, "Plan Width": 61, "Actual Startup Time": 1578.505, "Actual Total Time": 1578.57, "Actual Rows": 5, "Actual Loops": 1, "Output": ["nation.n_name", "(sum((lineitem.l_extendedprice * ('1'::numeric - lineitem.l_discount))))"], "Sort Key": ["(sum((lineitem.l_extendedprice * ('1'::numeric - lineitem.l_discount)))) DESC"], "Sort Method": "quicksort", "Sort Space Used": 25, "Sort Space Type": "Memory", "Plans": [{"Node Type": "Aggregate", "Strategy": "Sorted", "Partial Mode": "Simple", "Parent Relationship": "Outer", "Parallel Aware": false, "Startup Cost": 125319.29, "Total Cost": 125321.94, "Plan Rows": 106, "Plan Width": 61, "Actual Startup Time": 1577.876, "Actual Total Time": 1578.536, "Actual Rows": 5, "Actual Loops": 1, "Output": ["nation.n_name", "sum((lineitem.l_extendedprice * ('1'::numeric - lineitem.l_discount)))"], "Group Key": ["nation.n_name"], "Plans": [{"Node Type": "Sort", "Parent Relationship": "Outer", "Parallel Aware": false, "Startup Cost": 125319.29, "Total Cost": 125319.56, "Plan Rows": 106, "Plan Width": 41, "Actual Startup Time": 1577.489, "Actual Total Time": 1577.718, "Actual Rows": 3424, "Actual Loops": 1, "Output": ["nation.n_name", "lineitem.l_extendedprice", "lineitem.l_discount"], "Sort Key": ["nation.n_name"], "Sort Method": "quicksort", "Sort Space Used": 363, "Sort Space Type": "Memory", "Plans": [{"Node Type": "Hash Join", "Parent Relationship": "Outer", "Parallel Aware": false, "Join Type": "Inner", "Startup Cost": 27787.67, "Total Cost": 125315.72, "Plan Rows": 106, "Plan Width": 41, "Actual Startup Time": 216.848, "Actual Total Time": 1573.519, "Actual Rows": 3424, "Actual Loops": 1, "Output": ["nation.n_name", "lineitem.l_extendedprice", "lineitem.l_discount"], "Inner Unique": false, "Hash Cond": "((lineitem.l_suppkey = supplier.s_suppkey) AND (customer.c_nationkey = supplier.s_nationkey))", "Plans": [{"Node Type": "Hash Join", "Parent Relationship": "Outer", "Parallel Aware": false, "Join Type": "Inner", "Startup Cost": 27551.67, "Total Cost": 125058.73, "Plan Rows": 2658, "Plan Width": 53, "Actual Startup Time": 213.574, "Actual Total Time": 1552.982, "Actual Rows": 90071, "Actual Loops": 1, "Output": ["customer.c_nationkey", "lineitem.l_extendedprice", "lineitem.l_discount", "lineitem.l_suppkey", "nation.n_name", "nation.n_nationkey"], "Inner Unique": false, "Hash Cond": "(lineitem.l_orderkey = orders.o_orderkey)", "Plans": [{"Node Type": "Seq Scan", "Parent Relationship": "Outer", "Parallel Aware": false, "Relation Name": "lineitem", "Schema": "public", "Alias": "lineitem", "Startup Cost": 0.0, "Total Cost": 86231.15, "Plan Rows": 2999815, "Plan Width": 20, "Actual Startup Time": 0.021, "Actual Total Time": 948.416, "Actual Rows": 2999671, "Actual Loops": 1, "Output": ["lineitem.l_orderkey", "lineitem.l_partkey", "lineitem.l_suppkey", "lineitem.l_linenumber", "lineitem.l_quantity", "lineitem.l_extendedprice", "lineitem.l_discount", "lineitem.l_tax", "lineitem.l_returnflag", "lineitem.l_linestatus", "lineitem.l_shipdate", "lineitem.l_commitdate", "lineitem.l_receiptdate", "lineitem.l_shipinstruct", "lineitem.l_shipmode", "lineitem.l_comment"]}, {"Node Type": "Hash", "Parent Relationship": "Inner", "Parallel Aware": false, "Startup Cost": 27543.36, "Total Cost": 27543.36, "Plan Rows": 665, "Plan Width": 41, "Actual Startup Time": 213.265, "Actual Total Time": 213.321, "Actual Rows": 22564, "Actual Loops": 1, "Output": ["customer.c_nationkey", "orders.o_orderkey", "nation.n_name", "nation.n_nationkey"], "Hash Buckets": 32768, "Original Hash Buckets": 1024, "Hash Batches": 1, "Original Hash Batches": 1, "Peak Memory Usage": 1438, "Plans": [{"Node Type": "Hash Join", "Parent Relationship": "Outer", "Parallel Aware": false, "Join Type": "Inner", "Startup Cost": 2804.78, "Total Cost": 27543.36, "Plan Rows": 665, "Plan Width": 41, "Actual Startup Time": 46.084, "Actual Total Time": 204.597, "Actual Rows": 22564, "Actual Loops": 1, "Output": ["customer.c_nationkey", "orders.o_orderkey", "nation.n_name", "nation.n_nationkey"], "Inner Unique": false, "Hash Cond": "(orders.o_custkey = customer.c_custkey)", "Plans": [{"Node Type": "Seq Scan", "Parent Relationship": "Outer", "Parallel Aware": false, "Relation Name": "orders", "Schema": "public", "Alias": "orders", "Startup Cost": 0.0, "Total Cost": 24300.0, "Plan Rows": 115182, "Plan Width": 8, "Actual Startup Time": 0.011, "Actual Total Time": 142.664, "Actual Rows": 114407, "Actual Loops": 1, "Output": ["orders.o_orderkey", "orders.o_custkey", "orders.o_orderstatus", "orders.o_totalprice", "orders.o_orderdate", "orders.o_orderpriority", "orders.o_clerk", "orders.o_shippriority", "orders.o_comment"], "Filter": "((orders.o_orderdate >= '1996-01-01'::date) AND (orders.o_orderdate < '1997-01-01 00:00:00'::timestamp without time zone))", "Rows Removed by Filter": 635593}, {"Node Type": "Hash", "Parent Relationship": "Inner", "Parallel Aware": false, "Startup Cost": 2799.37, "Total Cost": 2799.37, "Plan Rows": 433, "Plan Width": 41, "Actual Startup Time": 46.053, "Actual Total Time": 46.095, "Actual Rows": 14946, "Actual Loops": 1, "Output": ["customer.c_custkey", "customer.c_nationkey", "nation.n_name", "nation.n_nationkey"], "Hash Buckets": 16384, "Original Hash Buckets": 1024, "Hash Batches": 1, "Original Hash Batches": 1, "Peak Memory Usage": 911, "Plans": [{"Node Type": "Hash Join", "Parent Relationship": "Outer", "Parallel Aware": false, "Join Type": "Inner", "Startup Cost": 38.01, "Total Cost": 2799.37, "Plan Rows": 433, "Plan Width": 41, "Actual Startup Time": 0.339, "Actual Total Time": 42.164, "Actual Rows": 14946, "Actual Loops": 1, "Output": ["customer.c_custkey", "customer.c_nationkey", "nation.n_name", "nation.n_nationkey"], "Inner Unique": true, "Hash Cond": "(nation.n_regionkey = region.r_regionkey)", "Plans": [{"Node Type": "Hash Join", "Parent Relationship": "Outer", "Parallel Aware": false, "Join Type": "Inner", "Startup Cost": 21.48, "Total Cost": 2762.99, "Plan Rows": 7500, "Plan Width": 45, "Actual Startup Time": 0.285, "Actual Total Time": 35.625, "Actual Rows": 75000, "Actual Loops": 1, "Output": ["customer.c_custkey", "customer.c_nationkey", "nation.n_name", "nation.n_nationkey", "nation.n_regionkey"], "Inner Unique": true, "Hash Cond": "(customer.c_nationkey = nation.n_nationkey)", "Plans": [{"Node Type": "Seq Scan", "Parent Relationship": "Outer", "Parallel Aware": false, "Relation Name": "customer", "Schema": "public", "Alias": "customer", "Startup Cost": 0.0, "Total Cost": 2543.0, "Plan Rows": 75000, "Plan Width": 8, "Actual Startup Time": 0.011, "Actual Total Time": 7.45, "Actual Rows": 75000, "Actual Loops": 1, "Output": ["customer.c_custkey", "customer.c_name", "customer.c_address", "customer.c_nationkey", "customer.c_phone", "customer.c_acctbal", "customer.c_mktsegment", "customer.c_comment"]}, {"Node Type": "Hash", "Parent Relationship": "Inner", "Parallel Aware": false, "Startup Cost": 15.1, "Total Cost": 15.1, "Plan Rows": 510, "Plan Width": 37, "Actual Startup Time": 0.015, "Actual Total Time": 0.016, "Actual Rows": 25, "Actual Loops": 1, "Output": ["nation.n_name", "nation.n_nationkey", "nation.n_regionkey"], "Hash Buckets": 1024, "Original Hash Buckets": 1024, "Hash Batches": 1, "Original Hash Batches": 1, "Peak Memory Usage": 10, "Plans": [{"Node Type": "Seq Scan", "Parent Relationship": "Outer", "Parallel Aware": false, "Relation Name": "nation", "Schema": "public", "Alias": "nation", "Startup Cost": 0.0, "Total Cost": 15.1, "Plan Rows": 510, "Plan Width": 37, "Actual Startup Time": 0.004, "Actual Total Time": 0.006, "Actual Rows": 25, "Actual Loops": 1, "Output": ["nation.n_name", "nation.n_nationkey", "nation.n_regionkey"]}]}]}, {"Node Type": "Hash", "Parent Relationship": "Inner", "Parallel Aware": false, "Startup Cost": 16.5, "Total Cost": 16.5, "Plan Rows": 3, "Plan Width": 4, "Actual Startup Time": 0.033, "Actual Total Time": 0.039, "Actual Rows": 1, "Actual Loops": 1, "Output": ["region.r_regionkey"], "Hash Buckets": 1024, "Original Hash Buckets": 1024, "Hash Batches": 1, "Original Hash Batches": 1, "Peak Memory Usage": 9, "Plans": [{"Node Type": "Seq Scan", "Parent Relationship": "Outer", "Parallel Aware": false, "Relation Name": "region", "Schema": "public", "Alias": "region", "Startup Cost": 0.0, "Total Cost": 16.5, "Plan Rows": 3, "Plan Width": 4, "Actual Startup Time": 0.031, "Actual Total Time": 0.033, "Actual Rows": 1, "Actual Loops": 1, "Output": ["region.r_regionkey"], "Filter": "((region.r_name)::text = 'MIDDLE EAST'::text)", "Rows Removed by Filter": 4}]}]}]}]}]}]}, {"Node Type": "Hash", "Parent Relationship": "Inner", "Parallel Aware": false, "Startup Cost": 161.0, "Total Cost": 161.0, "Plan Rows": 5000, "Plan Width": 8, "Actual Startup Time": 1.482, "Actual Total Time": 1.483, "Actual Rows": 5000, "Actual Loops": 1, "Output": ["supplier.s_suppkey", "supplier.s_nationkey"], "Hash Buckets": 8192, "Original Hash Buckets": 8192, "Hash Batches": 1, "Original Hash Batches": 1, "Peak Memory Usage": 260, "Plans": [{"Node Type": "Seq Scan", "Parent Relationship": "Outer", "Parallel Aware": false, "Relation Name": "supplier", "Schema": "public", "Alias": "supplier", "Startup Cost": 0.0, "Total Cost": 161.0, "Plan Rows": 5000, "Plan Width": 8, "Actual Startup Time": 0.01, "Actual Total Time": 1.053, "Actual Rows": 5000, "Actual Loops": 1, "Output": ["supplier.s_suppkey", "supplier.s_nationkey"]}]}]}]}]}]}, "Planning Time": 1.614, "Triggers": [], "Execution Time": 1580.2}]
q19#####[{"Plan": {"Node Type": "Aggregate", "Strategy": "Sorted", "Partial Mode": "Simple", "Parallel Aware": false, "Startup Cost": 26292.89, "Total Cost": 26293.21, "Plan Rows": 9, "Plan Width": 98, "Actual Startup Time": 214.032, "Actual Total Time": 214.152, "Actual Rows": 4, "Actual Loops": 1, "Output": ["n1.n_name", "n2.n_name", "(date_part('year'::text, (lineitem.l_shipdate)::timestamp without time zone))", "sum((lineitem.l_extendedprice * ('1'::numeric - lineitem.l_discount)))"], "Group Key": ["n1.n_name", "n2.n_name", "(date_part('year'::text, (lineitem.l_shipdate)::timestamp without time zone))"], "Plans": [{"Node Type": "Sort", "Parent Relationship": "Outer", "Parallel Aware": false, "Startup Cost": 26292.89, "Total Cost": 26292.92, "Plan Rows": 9, "Plan Width": 78, "Actual Startup Time": 213.987, "Actual Total Time": 214.017, "Actual Rows": 620, "Actual Loops": 1, "Output": ["n1.n_name", "n2.n_name", "(date_part('year'::text, (lineitem.l_shipdate)::timestamp without time zone))", "lineitem.l_extendedprice", "lineitem.l_discount"], "Sort Key": ["n1.n_name", "n2.n_name", "(date_part('year'::text, (lineitem.l_shipdate)::timestamp without time zone))"], "Sort Method": "quicksort", "Sort Space Used": 73, "Sort Space Type": "Memory", "Plans": [{"Node Type": "Hash Join", "Parent Relationship": "Outer", "Parallel Aware": false, "Join Type": "Inner", "Startup Cost": 5327.32, "Total Cost": 26292.75, "Plan Rows": 9, "Plan Width": 78, "Actual Startup Time": 82.678, "Actual Total Time": 213.442, "Actual Rows": 620, "Actual Loops": 1, "Output": ["n1.n_name", "n2.n_name", "date_part('year'::text, (lineitem.l_shipdate)::timestamp without time zone)", "lineitem.l_extendedprice", "lineitem.l_discount"], "Inner Unique": false, "Hash Cond": "(lineitem.l_suppkey = supplier.s_suppkey)", "Join Filter": "((((n1.n_name)::text = 'IRAN'::text) AND ((n2.n_name)::text = 'IRAQ'::text)) OR (((n1.n_name)::text = 'IRAQ'::text) AND ((n2.n_name)::text = 'IRAN'::text)))", "Rows Removed by Join Filter": 640, "Plans": [{"Node Type": "Hash Join", "Parent Relationship": "Outer", "Parallel Aware": false, "Join Type": "Inner", "Startup Cost": 5273.84, "Total Cost": 26232.07, "Plan Rows": 1812, "Plan Width": 49, "Actual Startup Time": 82.244, "Actual Total Time": 211.311, "Actual Rows": 15085, "Actual Loops": 1, "Output": ["lineitem.l_shipdate", "lineitem.l_extendedprice", "lineitem.l_discount", "lineitem.l_suppkey", "n2.n_name"], "Inner Unique": false, "Hash Cond": "(lineitem.l_orderkey = orders.o_orderkey)", "Plans": [{"Node Type": "Seq Scan", "Parent Relationship": "Outer", "Parallel Aware": false, "Relation Name": "lineitem", "Schema": "public", "Alias": "lineitem", "Startup Cost": 0.0, "Total Cost": 20247.0, "Plan Rows": 184827, "Plan Width": 24, "Actual Startup Time": 0.088, "Actual Total Time": 111.085, "Actual Rows": 182360, "Actual Loops": 1, "Output": ["lineitem.l_orderkey", "lineitem.l_partkey", "lineitem.l_suppkey", "lineitem.l_linenumber", "lineitem.l_quantity", "lineitem.l_extendedprice", "lineitem.l_discount", "lineitem.l_tax", "lineitem.l_returnflag", "lineitem.l_linestatus", "lineitem.l_shipdate", "lineitem.l_commitdate", "lineitem.l_receiptdate", "lineitem.l_shipinstruct", "lineitem.l_shipmode", "lineitem.l_comment"], "Filter": "((lineitem.l_shipdate >= '1995-01-02'::date) AND (lineitem.l_shipdate <= '1996-12-31'::date))", "Rows Removed by Filter": 417640}, {"Node Type": "Hash", "Parent Relationship": "Inner", "Parallel Aware": false, "Startup Cost": 5255.45, "Total Cost": 5255.45, "Plan Rows": 1471, "Plan Width": 33, "Actual Startup Time": 82.126, "Actual Total Time": 82.13, "Actual Rows": 12594, "Actual Loops": 1, "Output": ["orders.o_orderkey", "n2.n_name"], "Hash Buckets": 16384, "Original Hash Buckets": 2048, "Hash Batches": 1, "Original Hash Batches": 1, "Peak Memory Usage": 633, "Plans": [{"Node Type": "Hash Join", "Parent Relationship": "Outer", "Parallel Aware": false, "Join Type": "Inner", "Startup Cost": 568.25, "Total Cost": 5255.45, "Plan Rows": 1471, "Plan Width": 33, "Actual Startup Time": 8.49, "Actual Total Time": 78.83, "Actual Rows": 12594, "Actual Loops": 1, "Output": ["orders.o_orderkey", "n2.n_name"], "Inner Unique": false, "Hash Cond": "(orders.o_custkey = customer.c_custkey)", "Plans": [{"Node Type": "Seq Scan", "Parent Relationship": "Outer", "Parallel Aware": false, "Relation Name": "orders", "Schema": "public", "Alias": "orders", "Startup Cost": 0.0, "Total Cost": 4110.0, "Plan Rows": 150000, "Plan Width": 8, "Actual Startup Time": 0.005, "Actual Total Time": 27.058, "Actual Rows": 150000, "Actual Loops": 1, "Output": ["orders.o_orderkey", "orders.o_custkey", "orders.o_orderstatus", "orders.o_totalprice", "orders.o_orderdate", "orders.o_orderpriority", "orders.o_clerk", "orders.o_shippriority", "orders.o_comment"]}, {"Node Type": "Hash", "Parent Relationship": "Inner", "Parallel Aware": false, "Startup Cost": 566.41, "Total Cost": 566.41, "Plan Rows": 147, "Plan Width": 33, "Actual Startup Time": 8.469, "Actual Total Time": 8.471, "Actual Rows": 1263, "Actual Loops": 1, "Output": ["customer.c_custkey", "n2.n_name"], "Hash Buckets": 2048, "Original Hash Buckets": 1024, "Hash Batches": 1, "Original Hash Batches": 1, "Peak Memory Usage": 67, "Plans": [{"Node Type": "Hash Join", "Parent Relationship": "Outer", "Parallel Aware": false, "Join Type": "Inner", "Startup Cost": 17.71, "Total Cost": 566.41, "Plan Rows": 147, "Plan Width": 33, "Actual Startup Time": 0.017, "Actual Total Time": 8.052, "Actual Rows": 1263, "Actual Loops": 1, "Output": ["customer.c_custkey", "n2.n_name"], "Inner Unique": true, "Hash Cond": "(customer.c_nationkey = n2.n_nationkey)", "Plans": [{"Node Type": "Seq Scan", "Parent Relationship": "Outer", "Parallel Aware": false, "Relation Name": "customer", "Schema": "public", "Alias": "customer", "Startup Cost": 0.0, "Total Cost": 509.0, "Plan Rows": 15000, "Plan Width": 8, "Actual Startup Time": 0.003, "Actual Total Time": 3.366, "Actual Rows": 15000, "Actual Loops": 1, "Output": ["customer.c_custkey", "customer.c_name", "customer.c_address", "customer.c_nationkey", "customer.c_phone", "customer.c_acctbal", "customer.c_mktsegment", "customer.c_comment"]}, {"Node Type": "Hash", "Parent Relationship": "Inner", "Parallel Aware": false, "Startup Cost": 17.65, "Total Cost": 17.65, "Plan Rows": 5, "Plan Width": 33, "Actual Startup Time": 0.006, "Actual Total Time": 0.006, "Actual Rows": 2, "Actual Loops": 1, "Output": ["n2.n_name", "n2.n_nationkey"], "Hash Buckets": 1024, "Original Hash Buckets": 1024, "Hash Batches": 1, "Original Hash Batches": 1, "Peak Memory Usage": 9, "Plans": [{"Node Type": "Seq Scan", "Parent Relationship": "Outer", "Parallel Aware": false, "Relation Name": "nation", "Schema": "public", "Alias": "n2", "Startup Cost": 0.0, "Total Cost": 17.65, "Plan Rows": 5, "Plan Width": 33, "Actual Startup Time": 0.003, "Actual Total Time": 0.004, "Actual Rows": 2, "Actual Loops": 1, "Output": ["n2.n_name", "n2.n_nationkey"], "Filter": "(((n2.n_name)::text = 'IRAQ'::text) OR ((n2.n_name)::text = 'IRAN'::text))", "Rows Removed by Filter": 23}]}]}]}]}]}]}, {"Node Type": "Hash", "Parent Relationship": "Inner", "Parallel Aware": false, "Startup Cost": 53.36, "Total Cost": 53.36, "Plan Rows": 10, "Plan Width": 33, "Actual Startup Time": 0.377, "Actual Total Time": 0.379, "Actual Rows": 83, "Actual Loops": 1, "Output": ["supplier.s_suppkey", "n1.n_name"], "Hash Buckets": 1024, "Original Hash Buckets": 1024, "Hash Batches": 1, "Original Hash Batches": 1, "Peak Memory Usage": 12, "Plans": [{"Node Type": "Hash Join", "Parent Relationship": "Outer", "Parallel Aware": false, "Join Type": "Inner", "Startup Cost": 17.71, "Total Cost": 53.36, "Plan Rows": 10, "Plan Width": 33, "Actual Startup Time": 0.028, "Actual Total Time": 0.355, "Actual Rows": 83, "Actual Loops": 1, "Output": ["supplier.s_suppkey", "n1.n_name"], "Inner Unique": true, "Hash Cond": "(supplier.s_nationkey = n1.n_nationkey)", "Plans": [{"Node Type": "Seq Scan", "Parent Relationship": "Outer", "Parallel Aware": false, "Relation Name": "supplier", "Schema": "public", "Alias": "supplier", "Startup Cost": 0.0, "Total Cost": 33.0, "Plan Rows": 1000, "Plan Width": 8, "Actual Startup Time": 0.009, "Actual Total Time": 0.266, "Actual Rows": 1000, "Actual Loops": 1, "Output": ["supplier.s_suppkey", "supplier.s_name", "supplier.s_address", "supplier.s_nationkey", "supplier.s_phone", "supplier.s_acctbal", "supplier.s_comment"]}, {"Node Type": "Hash", "Parent Relationship": "Inner", "Parallel Aware": false, "Startup Cost": 17.65, "Total Cost": 17.65, "Plan Rows": 5, "Plan Width": 33, "Actual Startup Time": 0.012, "Actual Total Time": 0.013, "Actual Rows": 2, "Actual Loops": 1, "Output": ["n1.n_name", "n1.n_nationkey"], "Hash Buckets": 1024, "Original Hash Buckets": 1024, "Hash Batches": 1, "Original Hash Batches": 1, "Peak Memory Usage": 9, "Plans": [{"Node Type": "Seq Scan", "Parent Relationship": "Outer", "Parallel Aware": false, "Relation Name": "nation", "Schema": "public", "Alias": "n1", "Startup Cost": 0.0, "Total Cost": 17.65, "Plan Rows": 5, "Plan Width": 33, "Actual Startup Time": 0.008, "Actual Total Time": 0.009, "Actual Rows": 2, "Actual Loops": 1, "Output": ["n1.n_name", "n1.n_nationkey"], "Filter": "(((n1.n_name)::text = 'IRAN'::text) OR ((n1.n_name)::text = 'IRAQ'::text))", "Rows Removed by Filter": 23}]}]}]}]}]}]}, "Planning Time": 4.325, "Triggers": [], "Execution Time": 214.246}]
q20#####[{"Plan": {"Node Type": "Aggregate", "Strategy": "Sorted", "Partial Mode": "Simple", "Parallel Aware": false, "Startup Cost": 129332.86, "Total Cost": 129334.39, "Plan Rows": 34, "Plan Width": 40, "Actual Startup Time": 1052.301, "Actual Total Time": 1052.531, "Actual Rows": 2, "Actual Loops": 1, "Output": ["(date_part('year'::text, (orders.o_orderdate)::timestamp without time zone))", "(sum(CASE WHEN ((n2.n_name)::text = 'GERMANY'::text) THEN (lineitem.l_extendedprice * ('1'::numeric - lineitem.l_discount)) ELSE '0'::numeric END) / sum((lineitem.l_extendedprice * ('1'::numeric - lineitem.l_discount))))"], "Group Key": ["(date_part('year'::text, (orders.o_orderdate)::timestamp without time zone))"], "Plans": [{"Node Type": "Sort", "Parent Relationship": "Outer", "Parallel Aware": false, "Startup Cost": 129332.86, "Total Cost": 129332.95, "Plan Rows": 34, "Plan Width": 49, "Actual Startup Time": 1052.004, "Actual Total Time": 1052.163, "Actual Rows": 1156, "Actual Loops": 1, "Output": ["(date_part('year'::text, (orders.o_orderdate)::timestamp without time zone))", "n2.n_name", "lineitem.l_extendedprice", "lineitem.l_discount"], "Sort Key": ["(date_part('year'::text, (orders.o_orderdate)::timestamp without time zone))"], "Sort Method": "quicksort", "Sort Space Used": 139, "Sort Space Type": "Memory", "Plans": [{"Node Type": "Nested Loop", "Parent Relationship": "Outer", "Parallel Aware": false, "Join Type": "Inner", "Startup Cost": 31571.3, "Total Cost": 129332.0, "Plan Rows": 34, "Plan Width": 49, "Actual Startup Time": 274.637, "Actual Total Time": 1050.633, "Actual Rows": 1156, "Actual Loops": 1, "Output": ["date_part('year'::text, (orders.o_orderdate)::timestamp without time zone)", "n2.n_name", "lineitem.l_extendedprice", "lineitem.l_discount"], "Inner Unique": true, "Plans": [{"Node Type": "Hash Join", "Parent Relationship": "Outer", "Parallel Aware": false, "Join Type": "Inner", "Startup Cost": 31571.15, "Total Cost": 129325.89, "Plan Rows": 34, "Plan Width": 20, "Actual Startup Time": 274.617, "Actual Total Time": 1047.465, "Actual Rows": 1156, "Actual Loops": 1, "Output": ["lineitem.l_extendedprice", "lineitem.l_discount", "supplier.s_nationkey", "orders.o_orderdate"], "Inner Unique": false, "Hash Cond": "(lineitem.l_suppkey = supplier.s_suppkey)", "Plans": [{"Node Type": "Hash Join", "Parent Relationship": "Outer", "Parallel Aware": false, "Join Type": "Inner", "Startup Cost": 31347.65, "Total Cost": 129101.92, "Plan Rows": 34, "Plan Width": 20, "Actual Startup Time": 272.235, "Actual Total Time": 1044.02, "Actual Rows": 1156, "Actual Loops": 1, "Output": ["lineitem.l_extendedprice", "lineitem.l_discount", "lineitem.l_suppkey", "orders.o_orderdate"], "Inner Unique": false, "Hash Cond": "(lineitem.l_orderkey = orders.o_orderkey)", "Plans": [{"Node Type": "Hash Join", "Parent Relationship": "Outer", "Parallel Aware": false, "Join Type": "Inner", "Startup Cost": 3306.29, "Total Cost": 100985.63, "Plan Rows": 19889, "Plan Width": 20, "Actual Startup Time": 74.115, "Actual Total Time": 837.537, "Actual Rows": 18705, "Actual Loops": 1, "Output": ["lineitem.l_extendedprice", "lineitem.l_discount", "lineitem.l_suppkey", "lineitem.l_orderkey"], "Inner Unique": false, "Hash Cond": "(lineitem.l_partkey = part.p_partkey)", "Plans": [{"Node Type": "Seq Scan", "Parent Relationship": "Outer", "Parallel Aware": false, "Relation Name": "lineitem", "Schema": "public", "Alias": "lineitem", "Startup Cost": 0.0, "Total Cost": 86231.15, "Plan Rows": 2999815, "Plan Width": 24, "Actual Startup Time": 0.02, "Actual Total Time": 537.642, "Actual Rows": 2999671, "Actual Loops": 1, "Output": ["lineitem.l_orderkey", "lineitem.l_partkey", "lineitem.l_suppkey", "lineitem.l_linenumber", "lineitem.l_quantity", "lineitem.l_extendedprice", "lineitem.l_discount", "lineitem.l_tax", "lineitem.l_returnflag", "lineitem.l_linestatus", "lineitem.l_shipdate", "lineitem.l_commitdate", "lineitem.l_receiptdate", "lineitem.l_shipinstruct", "lineitem.l_shipmode", "lineitem.l_comment"]}, {"Node Type": "Hash", "Parent Relationship": "Inner", "Parallel Aware": false, "Startup Cost": 3298.0, "Total Cost": 3298.0, "Plan Rows": 663, "Plan Width": 4, "Actual Startup Time": 73.499, "Actual Total Time": 73.499, "Actual Rows": 622, "Actual Loops": 1, "Output": ["part.p_partkey"], "Hash Buckets": 1024, "Original Hash Buckets": 1024, "Hash Batches": 1, "Original Hash Batches": 1, "Peak Memory Usage": 30, "Plans": [{"Node Type": "Seq Scan", "Parent Relationship": "Outer", "Parallel Aware": false, "Relation Name": "part", "Schema": "public", "Alias": "part", "Startup Cost": 0.0, "Total Cost": 3298.0, "Plan Rows": 663, "Plan Width": 4, "Actual Startup Time": 0.028, "Actual Total Time": 73.108, "Actual Rows": 622, "Actual Loops": 1, "Output": ["part.p_partkey"], "Filter": "((part.p_type)::text = 'MEDIUM PLATED COPPER'::text)", "Rows Removed by Filter": 99378}]}]}, {"Node Type": "Hash", "Parent Relationship": "Inner", "Parallel Aware": false, "Startup Cost": 28025.12, "Total Cost": 28025.12, "Plan Rows": 1300, "Plan Width": 8, "Actual Startup Time": 197.394, "Actual Total Time": 197.465, "Actual Rows": 46000, "Actual Loops": 1, "Output": ["orders.o_orderdate", "orders.o_orderkey"], "Hash Buckets": 65536, "Original Hash Buckets": 2048, "Hash Batches": 1, "Original Hash Batches": 1, "Peak Memory Usage": 2309, "Plans": [{"Node Type": "Hash Join", "Parent Relationship": "Outer", "Parallel Aware": false, "Join Type": "Inner", "Startup Cost": 2867.1, "Total Cost": 28025.12, "Plan Rows": 1300, "Plan Width": 8, "Actual Startup Time": 22.683, "Actual Total Time": 186.989, "Actual Rows": 46000, "Actual Loops": 1, "Output": ["orders.o_orderdate", "orders.o_orderkey"], "Inner Unique": false, "Hash Cond": "(orders.o_custkey = customer.c_custkey)", "Plans": [{"Node Type": "Seq Scan", "Parent Relationship": "Outer", "Parallel Aware": false, "Relation Name": "orders", "Schema": "public", "Alias": "orders", "Startup Cost": 0.0, "Total Cost": 24300.0, "Plan Rows": 225336, "Plan Width": 12, "Actual Startup Time": 0.014, "Actual Total Time": 126.122, "Actual Rows": 228641, "Actual Loops": 1, "Output": ["orders.o_orderkey", "orders.o_custkey", "orders.o_orderstatus", "orders.o_totalprice", "orders.o_orderdate", "orders.o_orderpriority", "orders.o_clerk", "orders.o_shippriority", "orders.o_comment"], "Filter": "((orders.o_orderdate >= '1995-01-01'::date) AND (orders.o_orderdate <= '1996-12-31'::date))", "Rows Removed by Filter": 521359}, {"Node Type": "Hash", "Parent Relationship": "Inner", "Parallel Aware": false, "Startup Cost": 2861.68, "Total Cost": 2861.68, "Plan Rows": 433, "Plan Width": 4, "Actual Startup Time": 22.646, "Actual Total Time": 22.694, "Actual Rows": 14993, "Actual Loops": 1, "Output": ["customer.c_custkey"], "Hash Buckets": 16384, "Original Hash Buckets": 1024, "Hash Batches": 1, "Original Hash Batches": 1, "Peak Memory Usage": 656, "Plans": [{"Node Type": "Hash Join", "Parent Relationship": "Outer", "Parallel Aware": false, "Join Type": "Inner", "Startup Cost": 33.02, "Total Cost": 2861.68, "Plan Rows": 433, "Plan Width": 4, "Actual Startup Time": 0.102, "Actual Total Time": 20.082, "Actual Rows": 14993, "Actual Loops": 1, "Output": ["customer.c_custkey"], "Inner Unique": false, "Hash Cond": "(customer.c_nationkey = n1.n_nationkey)", "Plans": [{"Node Type": "Seq Scan", "Parent Relationship": "Outer", "Parallel Aware": false, "Relation Name": "customer", "Schema": "public", "Alias": "customer", "Startup Cost": 0.0, "Total Cost": 2543.0, "Plan Rows": 75000, "Plan Width": 8, "Actual Startup Time": 0.006, "Actual Total Time": 10.486, "Actual Rows": 75000, "Actual Loops": 1, "Output": ["customer.c_custkey", "customer.c_name", "customer.c_address", "customer.c_nationkey", "customer.c_phone", "customer.c_acctbal", "customer.c_mktsegment", "customer.c_comment"]}, {"Node Type": "Hash", "Parent Relationship": "Inner", "Parallel Aware": false, "Startup Cost": 32.99, "Total Cost": 32.99, "Plan Rows": 3, "Plan Width": 4, "Actual Startup Time": 0.068, "Actual Total Time": 0.103, "Actual Rows": 5, "Actual Loops": 1, "Output": ["n1.n_nationkey"], "Hash Buckets": 1024, "Original Hash Buckets": 1024, "Hash Batches": 1, "Original Hash Batches": 1, "Peak Memory Usage": 9, "Plans": [{"Node Type": "Hash Join", "Parent Relationship": "Outer", "Parallel Aware": false, "Join Type": "Inner", "Startup Cost": 16.54, "Total Cost": 32.99, "Plan Rows": 3, "Plan Width": 4, "Actual Startup Time": 0.06, "Actual Total Time": 0.087, "Actual Rows": 5, "Actual Loops": 1, "Output": ["n1.n_nationkey"], "Inner Unique": true, "Hash Cond": "(n1.n_regionkey = region.r_regionkey)", "Plans": [{"Node Type": "Seq Scan", "Parent Relationship": "Outer", "Parallel Aware": false, "Relation Name": "nation", "Schema": "public", "Alias": "n1", "Startup Cost": 0.0, "Total Cost": 15.1, "Plan Rows": 510, "Plan Width": 8, "Actual Startup Time": 0.004, "Actual Total Time": 0.011, "Actual Rows": 25, "Actual Loops": 1, "Output": ["n1.n_nationkey", "n1.n_name", "n1.n_regionkey", "n1.n_comment"]}, {"Node Type": "Hash", "Parent Relationship": "Inner", "Parallel Aware": false, "Startup Cost": 16.5, "Total Cost": 16.5, "Plan Rows": 3, "Plan Width": 4, "Actual Startup Time": 0.021, "Actual Total Time": 0.023, "Actual Rows": 1, "Actual Loops": 1, "Output": ["region.r_regionkey"], "Hash Buckets": 1024, "Original Hash Buckets": 1024, "Hash Batches": 1, "Original Hash Batches": 1, "Peak Memory Usage": 9, "Plans": [{"Node Type": "Seq Scan", "Parent Relationship": "Outer", "Parallel Aware": false, "Relation Name": "region", "Schema": "public", "Alias": "region", "Startup Cost": 0.0, "Total Cost": 16.5, "Plan Rows": 3, "Plan Width": 4, "Actual Startup Time": 0.012, "Actual Total Time": 0.012, "Actual Rows": 1, "Actual Loops": 1, "Output": ["region.r_regionkey"], "Filter": "((region.r_name)::text = 'EUROPE'::text)", "Rows Removed by Filter": 4}]}]}]}]}]}]}]}]}, {"Node Type": "Hash", "Parent Relationship": "Inner", "Parallel Aware": false, "Startup Cost": 161.0, "Total Cost": 161.0, "Plan Rows": 5000, "Plan Width": 8, "Actual Startup Time": 2.316, "Actual Total Time": 2.316, "Actual Rows": 5000, "Actual Loops": 1, "Output": ["supplier.s_suppkey", "supplier.s_nationkey"], "Hash Buckets": 8192, "Original Hash Buckets": 8192, "Hash Batches": 1, "Original Hash Batches": 1, "Peak Memory Usage": 260, "Plans": [{"Node Type": "Seq Scan", "Parent Relationship": "Outer", "Parallel Aware": false, "Relation Name": "supplier", "Schema": "public", "Alias": "supplier", "Startup Cost": 0.0, "Total Cost": 161.0, "Plan Rows": 5000, "Plan Width": 8, "Actual Startup Time": 0.007, "Actual Total Time": 0.852, "Actual Rows": 5000, "Actual Loops": 1, "Output": ["supplier.s_suppkey", "supplier.s_nationkey"]}]}]}, {"Node Type": "Index Scan", "Parent Relationship": "Inner", "Parallel Aware": false, "Scan Direction": "Forward", "Index Name": "nation_pkey", "Relation Name": "nation", "Schema": "public", "Alias": "n2", "Startup Cost": 0.15, "Total Cost": 0.17, "Plan Rows": 1, "Plan Width": 33, "Actual Startup Time": 0.002, "Actual Total Time": 0.002, "Actual Rows": 1, "Actual Loops": 1156, "Output": ["n2.n_nationkey", "n2.n_name", "n2.n_regionkey", "n2.n_comment"], "Index Cond": "(n2.n_nationkey = supplier.s_nationkey)", "Rows Removed by Index Recheck": 0}]}]}]}, "Planning Time": 1.671, "Triggers": [], "Execution Time": 1053.715}]
q21#####[{"Plan": {"Node Type": "Aggregate", "Strategy": "Sorted", "Partial Mode": "Simple", "Parallel Aware": false, "Startup Cost": 26293.93, "Total Cost": 26294.25, "Plan Rows": 9, "Plan Width": 98, "Actual Startup Time": 210.395, "Actual Total Time": 210.507, "Actual Rows": 4, "Actual Loops": 1, "Output": ["n1.n_name", "n2.n_name", "(date_part('year'::text, (lineitem.l_shipdate)::timestamp without time zone))", "sum((lineitem.l_extendedprice * ('1'::numeric - lineitem.l_discount)))"], "Group Key": ["n1.n_name", "n2.n_name", "(date_part('year'::text, (lineitem.l_shipdate)::timestamp without time zone))"], "Plans": [{"Node Type": "Sort", "Parent Relationship": "Outer", "Parallel Aware": false, "Startup Cost": 26293.93, "Total Cost": 26293.95, "Plan Rows": 9, "Plan Width": 78, "Actual Startup Time": 210.347, "Actual Total Time": 210.377, "Actual Rows": 599, "Actual Loops": 1, "Output": ["n1.n_name", "n2.n_name", "(date_part('year'::text, (lineitem.l_shipdate)::timestamp without time zone))", "lineitem.l_extendedprice", "lineitem.l_discount"], "Sort Key": ["n1.n_name", "n2.n_name", "(date_part('year'::text, (lineitem.l_shipdate)::timestamp without time zone))"], "Sort Method": "quicksort", "Sort Space Used": 71, "Sort Space Type": "Memory", "Plans": [{"Node Type": "Hash Join", "Parent Relationship": "Outer", "Parallel Aware": false, "Join Type": "Inner", "Startup Cost": 5327.32, "Total Cost": 26293.79, "Plan Rows": 9, "Plan Width": 78, "Actual Startup Time": 78.722, "Actual Total Time": 209.914, "Actual Rows": 599, "Actual Loops": 1, "Output": ["n1.n_name", "n2.n_name", "date_part('year'::text, (lineitem.l_shipdate)::timestamp without time zone)", "lineitem.l_extendedprice", "lineitem.l_discount"], "Inner Unique": false, "Hash Cond": "(lineitem.l_suppkey = supplier.s_suppkey)", "Join Filter": "((((n1.n_name)::text = 'MOZAMBIQUE'::text) AND ((n2.n_name)::text = 'GERMANY'::text)) OR (((n1.n_name)::text = 'GERMANY'::text) AND ((n2.n_name)::text = 'MOZAMBIQUE'::text)))", "Rows Removed by Join Filter": 579, "Plans": [{"Node Type": "Hash Join", "Parent Relationship": "Outer", "Parallel Aware": false, "Join Type": "Inner", "Startup Cost": 5273.84, "Total Cost": 26233.09, "Plan Rows": 1815, "Plan Width": 49, "Actual Startup Time": 76.948, "Actual Total Time": 207.046, "Actual Rows": 14780, "Actual Loops": 1, "Output": ["lineitem.l_shipdate", "lineitem.l_extendedprice", "lineitem.l_discount", "lineitem.l_suppkey", "n2.n_name"], "Inner Unique": false, "Hash Cond": "(lineitem.l_orderkey = orders.o_orderkey)", "Plans": [{"Node Type": "Seq Scan", "Parent Relationship": "Outer", "Parallel Aware": false, "Relation Name": "lineitem", "Schema": "public", "Alias": "lineitem", "Startup Cost": 0.0, "Total Cost": 20247.0, "Plan Rows": 185095, "Plan Width": 24, "Actual Startup Time": 0.028, "Actual Total Time": 112.517, "Actual Rows": 182585, "Actual Loops": 1, "Output": ["lineitem.l_orderkey", "lineitem.l_partkey", "lineitem.l_suppkey", "lineitem.l_linenumber", "lineitem.l_quantity", "lineitem.l_extendedprice", "lineitem.l_discount", "lineitem.l_tax", "lineitem.l_returnflag", "lineitem.l_linestatus", "lineitem.l_shipdate", "lineitem.l_commitdate", "lineitem.l_receiptdate", "lineitem.l_shipinstruct", "lineitem.l_shipmode", "lineitem.l_comment"], "Filter": "((lineitem.l_shipdate >= '1995-01-01'::date) AND (lineitem.l_shipdate <= '1996-12-31'::date))", "Rows Removed by Filter": 417415}, {"Node Type": "Hash", "Parent Relationship": "Inner", "Parallel Aware": false, "Startup Cost": 5255.45, "Total Cost": 5255.45, "Plan Rows": 1471, "Plan Width": 33, "Actual Startup Time": 76.885, "Actual Total Time": 76.889, "Actual Rows": 12058, "Actual Loops": 1, "Output": ["orders.o_orderkey", "n2.n_name"], "Hash Buckets": 16384, "Original Hash Buckets": 2048, "Hash Batches": 1, "Original Hash Batches": 1, "Peak Memory Usage": 664, "Plans": [{"Node Type": "Hash Join", "Parent Relationship": "Outer", "Parallel Aware": false, "Join Type": "Inner", "Startup Cost": 568.25, "Total Cost": 5255.45, "Plan Rows": 1471, "Plan Width": 33, "Actual Startup Time": 3.677, "Actual Total Time": 72.112, "Actual Rows": 12058, "Actual Loops": 1, "Output": ["orders.o_orderkey", "n2.n_name"], "Inner Unique": false, "Hash Cond": "(orders.o_custkey = customer.c_custkey)", "Plans": [{"Node Type": "Seq Scan", "Parent Relationship": "Outer", "Parallel Aware": false, "Relation Name": "orders", "Schema": "public", "Alias": "orders", "Startup Cost": 0.0, "Total Cost": 4110.0, "Plan Rows": 150000, "Plan Width": 8, "Actual Startup Time": 0.004, "Actual Total Time": 23.44, "Actual Rows": 150000, "Actual Loops": 1, "Output": ["orders.o_orderkey", "orders.o_custkey", "orders.o_orderstatus", "orders.o_totalprice", "orders.o_orderdate", "orders.o_orderpriority", "orders.o_clerk", "orders.o_shippriority", "orders.o_comment"]}, {"Node Type": "Hash", "Parent Relationship": "Inner", "Parallel Aware": false, "Startup Cost": 566.41, "Total Cost": 566.41, "Plan Rows": 147, "Plan Width": 33, "Actual Startup Time": 3.608, "Actual Total Time": 3.611, "Actual Rows": 1206, "Actual Loops": 1, "Output": ["customer.c_custkey", "n2.n_name"], "Hash Buckets": 2048, "Original Hash Buckets": 1024, "Hash Batches": 1, "Original Hash Batches": 1, "Peak Memory Usage": 70, "Plans": [{"Node Type": "Hash Join", "Parent Relationship": "Outer", "Parallel Aware": false, "Join Type": "Inner", "Startup Cost": 17.71, "Total Cost": 566.41, "Plan Rows": 147, "Plan Width": 33, "Actual Startup Time": 0.1, "Actual Total Time": 3.323, "Actual Rows": 1206, "Actual Loops": 1, "Output": ["customer.c_custkey", "n2.n_name"], "Inner Unique": true, "Hash Cond": "(customer.c_nationkey = n2.n_nationkey)", "Plans": [{"Node Type": "Seq Scan", "Parent Relationship": "Outer", "Parallel Aware": false, "Relation Name": "customer", "Schema": "public", "Alias": "customer", "Startup Cost": 0.0, "Total Cost": 509.0, "Plan Rows": 15000, "Plan Width": 8, "Actual Startup Time": 0.004, "Actual Total Time": 1.028, "Actual Rows": 15000, "Actual Loops": 1, "Output": ["customer.c_custkey", "customer.c_name", "customer.c_address", "customer.c_nationkey", "customer.c_phone", "customer.c_acctbal", "customer.c_mktsegment", "customer.c_comment"]}, {"Node Type": "Hash", "Parent Relationship": "Inner", "Parallel Aware": false, "Startup Cost": 17.65, "Total Cost": 17.65, "Plan Rows": 5, "Plan Width": 33, "Actual Startup Time": 0.026, "Actual Total Time": 0.027, "Actual Rows": 2, "Actual Loops": 1, "Output": ["n2.n_name", "n2.n_nationkey"], "Hash Buckets": 1024, "Original Hash Buckets": 1024, "Hash Batches": 1, "Original Hash Batches": 1, "Peak Memory Usage": 9, "Plans": [{"Node Type": "Seq Scan", "Parent Relationship": "Outer", "Parallel Aware": false, "Relation Name": "nation", "Schema": "public", "Alias": "n2", "Startup Cost": 0.0, "Total Cost": 17.65, "Plan Rows": 5, "Plan Width": 33, "Actual Startup Time": 0.007, "Actual Total Time": 0.01, "Actual Rows": 2, "Actual Loops": 1, "Output": ["n2.n_name", "n2.n_nationkey"], "Filter": "(((n2.n_name)::text = 'GERMANY'::text) OR ((n2.n_name)::text = 'MOZAMBIQUE'::text))", "Rows Removed by Filter": 23}]}]}]}]}]}]}, {"Node Type": "Hash", "Parent Relationship": "Inner", "Parallel Aware": false, "Startup Cost": 53.36, "Total Cost": 53.36, "Plan Rows": 10, "Plan Width": 33, "Actual Startup Time": 0.539, "Actual Total Time": 0.541, "Actual Rows": 84, "Actual Loops": 1, "Output": ["supplier.s_suppkey", "n1.n_name"], "Hash Buckets": 1024, "Original Hash Buckets": 1024, "Hash Batches": 1, "Original Hash Batches": 1, "Peak Memory Usage": 12, "Plans": [{"Node Type": "Hash Join", "Parent Relationship": "Outer", "Parallel Aware": false, "Join Type": "Inner", "Startup Cost": 17.71, "Total Cost": 53.36, "Plan Rows": 10, "Plan Width": 33, "Actual Startup Time": 0.103, "Actual Total Time": 0.509, "Actual Rows": 84, "Actual Loops": 1, "Output": ["supplier.s_suppkey", "n1.n_name"], "Inner Unique": true, "Hash Cond": "(supplier.s_nationkey = n1.n_nationkey)", "Plans": [{"Node Type": "Seq Scan", "Parent Relationship": "Outer", "Parallel Aware": false, "Relation Name": "supplier", "Schema": "public", "Alias": "supplier", "Startup Cost": 0.0, "Total Cost": 33.0, "Plan Rows": 1000, "Plan Width": 8, "Actual Startup Time": 0.006, "Actual Total Time": 0.288, "Actual Rows": 1000, "Actual Loops": 1, "Output": ["supplier.s_suppkey", "supplier.s_name", "supplier.s_address", "supplier.s_nationkey", "supplier.s_phone", "supplier.s_acctbal", "supplier.s_comment"]}, {"Node Type": "Hash", "Parent Relationship": "Inner", "Parallel Aware": false, "Startup Cost": 17.65, "Total Cost": 17.65, "Plan Rows": 5, "Plan Width": 33, "Actual Startup Time": 0.066, "Actual Total Time": 0.066, "Actual Rows": 2, "Actual Loops": 1, "Output": ["n1.n_name", "n1.n_nationkey"], "Hash Buckets": 1024, "Original Hash Buckets": 1024, "Hash Batches": 1, "Original Hash Batches": 1, "Peak Memory Usage": 9, "Plans": [{"Node Type": "Seq Scan", "Parent Relationship": "Outer", "Parallel Aware": false, "Relation Name": "nation", "Schema": "public", "Alias": "n1", "Startup Cost": 0.0, "Total Cost": 17.65, "Plan Rows": 5, "Plan Width": 33, "Actual Startup Time": 0.051, "Actual Total Time": 0.054, "Actual Rows": 2, "Actual Loops": 1, "Output": ["n1.n_name", "n1.n_nationkey"], "Filter": "(((n1.n_name)::text = 'MOZAMBIQUE'::text) OR ((n1.n_name)::text = 'GERMANY'::text))", "Rows Removed by Filter": 23}]}]}]}]}]}]}, "Planning Time": 2.787, "Triggers": [], "Execution Time": 210.629}]
q22#####[{"Plan": {"Node Type": "Aggregate", "Strategy": "Sorted", "Partial Mode": "Simple", "Parallel Aware": false, "Startup Cost": 129332.86, "Total Cost": 129334.39, "Plan Rows": 34, "Plan Width": 40, "Actual Startup Time": 607.244, "Actual Total Time": 607.404, "Actual Rows": 2, "Actual Loops": 1, "Output": ["(date_part('year'::text, (orders.o_orderdate)::timestamp without time zone))", "(sum(CASE WHEN ((n2.n_name)::text = 'CANADA'::text) THEN (lineitem.l_extendedprice * ('1'::numeric - lineitem.l_discount)) ELSE '0'::numeric END) / sum((lineitem.l_extendedprice * ('1'::numeric - lineitem.l_discount))))"], "Group Key": ["(date_part('year'::text, (orders.o_orderdate)::timestamp without time zone))"], "Plans": [{"Node Type": "Sort", "Parent Relationship": "Outer", "Parallel Aware": false, "Startup Cost": 129332.86, "Total Cost": 129332.95, "Plan Rows": 34, "Plan Width": 49, "Actual Startup Time": 607.073, "Actual Total Time": 607.126, "Actual Rows": 1263, "Actual Loops": 1, "Output": ["(date_part('year'::text, (orders.o_orderdate)::timestamp without time zone))", "n2.n_name", "lineitem.l_extendedprice", "lineitem.l_discount"], "Sort Key": ["(date_part('year'::text, (orders.o_orderdate)::timestamp without time zone))"], "Sort Method": "quicksort", "Sort Space Used": 147, "Sort Space Type": "Memory", "Plans": [{"Node Type": "Nested Loop", "Parent Relationship": "Outer", "Parallel Aware": false, "Join Type": "Inner", "Startup Cost": 31571.3, "Total Cost": 129332.0, "Plan Rows": 34, "Plan Width": 49, "Actual Startup Time": 179.345, "Actual Total Time": 606.767, "Actual Rows": 1263, "Actual Loops": 1, "Output": ["date_part('year'::text, (orders.o_orderdate)::timestamp without time zone)", "n2.n_name", "lineitem.l_extendedprice", "lineitem.l_discount"], "Inner Unique": true, "Plans": [{"Node Type": "Hash Join", "Parent Relationship": "Outer", "Parallel Aware": false, "Join Type": "Inner", "Startup Cost": 31571.15, "Total Cost": 129325.89, "Plan Rows": 34, "Plan Width": 20, "Actual Startup Time": 179.331, "Actual Total Time": 605.441, "Actual Rows": 1263, "Actual Loops": 1, "Output": ["lineitem.l_extendedprice", "lineitem.l_discount", "supplier.s_nationkey", "orders.o_orderdate"], "Inner Unique": false, "Hash Cond": "(lineitem.l_suppkey = supplier.s_suppkey)", "Plans": [{"Node Type": "Hash Join", "Parent Relationship": "Outer", "Parallel Aware": false, "Join Type": "Inner", "Startup Cost": 31347.65, "Total Cost": 129101.92, "Plan Rows": 34, "Plan Width": 20, "Actual Startup Time": 178.379, "Actual Total Time": 603.957, "Actual Rows": 1263, "Actual Loops": 1, "Output": ["lineitem.l_extendedprice", "lineitem.l_discount", "lineitem.l_suppkey", "orders.o_orderdate"], "Inner Unique": false, "Hash Cond": "(lineitem.l_orderkey = orders.o_orderkey)", "Plans": [{"Node Type": "Hash Join", "Parent Relationship": "Outer", "Parallel Aware": false, "Join Type": "Inner", "Startup Cost": 3306.29, "Total Cost": 100985.63, "Plan Rows": 19889, "Plan Width": 20, "Actual Startup Time": 74.523, "Actual Total Time": 494.639, "Actual Rows": 21230, "Actual Loops": 1, "Output": ["lineitem.l_extendedprice", "lineitem.l_discount", "lineitem.l_suppkey", "lineitem.l_orderkey"], "Inner Unique": false, "Hash Cond": "(lineitem.l_partkey = part.p_partkey)", "Plans": [{"Node Type": "Seq Scan", "Parent Relationship": "Outer", "Parallel Aware": false, "Relation Name": "lineitem", "Schema": "public", "Alias": "lineitem", "Startup Cost": 0.0, "Total Cost": 86231.15, "Plan Rows": 2999815, "Plan Width": 24, "Actual Startup Time": 0.01, "Actual Total Time": 252.765, "Actual Rows": 2999671, "Actual Loops": 1, "Output": ["lineitem.l_orderkey", "lineitem.l_partkey", "lineitem.l_suppkey", "lineitem.l_linenumber", "lineitem.l_quantity", "lineitem.l_extendedprice", "lineitem.l_discount", "lineitem.l_tax", "lineitem.l_returnflag", "lineitem.l_linestatus", "lineitem.l_shipdate", "lineitem.l_commitdate", "lineitem.l_receiptdate", "lineitem.l_shipinstruct", "lineitem.l_shipmode", "lineitem.l_comment"]}, {"Node Type": "Hash", "Parent Relationship": "Inner", "Parallel Aware": false, "Startup Cost": 3298.0, "Total Cost": 3298.0, "Plan Rows": 663, "Plan Width": 4, "Actual Startup Time": 74.464, "Actual Total Time": 74.465, "Actual Rows": 709, "Actual Loops": 1, "Output": ["part.p_partkey"], "Hash Buckets": 1024, "Original Hash Buckets": 1024, "Hash Batches": 1, "Original Hash Batches": 1, "Peak Memory Usage": 33, "Plans": [{"Node Type": "Seq Scan", "Parent Relationship": "Outer", "Parallel Aware": false, "Relation Name": "part", "Schema": "public", "Alias": "part", "Startup Cost": 0.0, "Total Cost": 3298.0, "Plan Rows": 663, "Plan Width": 4, "Actual Startup Time": 0.023, "Actual Total Time": 74.24, "Actual Rows": 709, "Actual Loops": 1, "Output": ["part.p_partkey"], "Filter": "((part.p_type)::text = 'LARGE PLATED BRASS'::text)", "Rows Removed by Filter": 99291}]}]}, {"Node Type": "Hash", "Parent Relationship": "Inner", "Parallel Aware": false, "Startup Cost": 28025.12, "Total Cost": 28025.12, "Plan Rows": 1300, "Plan Width": 8, "Actual Startup Time": 103.625, "Actual Total Time": 103.629, "Actual Rows": 45875, "Actual Loops": 1, "Output": ["orders.o_orderdate", "orders.o_orderkey"], "Hash Buckets": 65536, "Original Hash Buckets": 2048, "Hash Batches": 1, "Original Hash Batches": 1, "Peak Memory Usage": 2304, "Plans": [{"Node Type": "Hash Join", "Parent Relationship": "Outer", "Parallel Aware": false, "Join Type": "Inner", "Startup Cost": 2867.1, "Total Cost": 28025.12, "Plan Rows": 1300, "Plan Width": 8, "Actual Startup Time": 10.306, "Actual Total Time": 99.672, "Actual Rows": 45875, "Actual Loops": 1, "Output": ["orders.o_orderdate", "orders.o_orderkey"], "Inner Unique": false, "Hash Cond": "(orders.o_custkey = customer.c_custkey)", "Plans": [{"Node Type": "Seq Scan", "Parent Relationship": "Outer", "Parallel Aware": false, "Relation Name": "orders", "Schema": "public", "Alias": "orders", "Startup Cost": 0.0, "Total Cost": 24300.0, "Plan Rows": 225336, "Plan Width": 12, "Actual Startup Time": 0.013, "Actual Total Time": 72.185, "Actual Rows": 228641, "Actual Loops": 1, "Output": ["orders.o_orderkey", "orders.o_custkey", "orders.o_orderstatus", "orders.o_totalprice", "orders.o_orderdate", "orders.o_orderpriority", "orders.o_clerk", "orders.o_shippriority", "orders.o_comment"], "Filter": "((orders.o_orderdate >= '1995-01-01'::date) AND (orders.o_orderdate <= '1996-12-31'::date))", "Rows Removed by Filter": 521359}, {"Node Type": "Hash", "Parent Relationship": "Inner", "Parallel Aware": false, "Startup Cost": 2861.68, "Total Cost": 2861.68, "Plan Rows": 433, "Plan Width": 4, "Actual Startup Time": 10.286, "Actual Total Time": 10.288, "Actual Rows": 15048, "Actual Loops": 1, "Output": ["customer.c_custkey"], "Hash Buckets": 16384, "Original Hash Buckets": 1024, "Hash Batches": 1, "Original Hash Batches": 1, "Peak Memory Usage": 658, "Plans": [{"Node Type": "Hash Join", "Parent Relationship": "Outer", "Parallel Aware": false, "Join Type": "Inner", "Startup Cost": 33.02, "Total Cost": 2861.68, "Plan Rows": 433, "Plan Width": 4, "Actual Startup Time": 0.04, "Actual Total Time": 9.239, "Actual Rows": 15048, "Actual Loops": 1, "Output": ["customer.c_custkey"], "Inner Unique": false, "Hash Cond": "(customer.c_nationkey = n1.n_nationkey)", "Plans": [{"Node Type": "Seq Scan", "Parent Relationship": "Outer", "Parallel Aware": false, "Relation Name": "customer", "Schema": "public", "Alias": "customer", "Startup Cost": 0.0, "Total Cost": 2543.0, "Plan Rows": 75000, "Plan Width": 8, "Actual Startup Time": 0.002, "Actual Total Time": 3.348, "Actual Rows": 75000, "Actual Loops": 1, "Output": ["customer.c_custkey", "customer.c_name", "customer.c_address", "customer.c_nationkey", "customer.c_phone", "customer.c_acctbal", "customer.c_mktsegment", "customer.c_comment"]}, {"Node Type": "Hash", "Parent Relationship": "Inner", "Parallel Aware": false, "Startup Cost": 32.99, "Total Cost": 32.99, "Plan Rows": 3, "Plan Width": 4, "Actual Startup Time": 0.033, "Actual Total Time": 0.034, "Actual Rows": 5, "Actual Loops": 1, "Output": ["n1.n_nationkey"], "Hash Buckets": 1024, "Original Hash Buckets": 1024, "Hash Batches": 1, "Original Hash Batches": 1, "Peak Memory Usage": 9, "Plans": [{"Node Type": "Hash Join", "Parent Relationship": "Outer", "Parallel Aware": false, "Join Type": "Inner", "Startup Cost": 16.54, "Total Cost": 32.99, "Plan Rows": 3, "Plan Width": 4, "Actual Startup Time": 0.029, "Actual Total Time": 0.032, "Actual Rows": 5, "Actual Loops": 1, "Output": ["n1.n_nationkey"], "Inner Unique": true, "Hash Cond": "(n1.n_regionkey = region.r_regionkey)", "Plans": [{"Node Type": "Seq Scan", "Parent Relationship": "Outer", "Parallel Aware": false, "Relation Name": "nation", "Schema": "public", "Alias": "n1", "Startup Cost": 0.0, "Total Cost": 15.1, "Plan Rows": 510, "Plan Width": 8, "Actual Startup Time": 0.001, "Actual Total Time": 0.002, "Actual Rows": 25, "Actual Loops": 1, "Output": ["n1.n_nationkey", "n1.n_name", "n1.n_regionkey", "n1.n_comment"]}, {"Node Type": "Hash", "Parent Relationship": "Inner", "Parallel Aware": false, "Startup Cost": 16.5, "Total Cost": 16.5, "Plan Rows": 3, "Plan Width": 4, "Actual Startup Time": 0.005, "Actual Total Time": 0.006, "Actual Rows": 1, "Actual Loops": 1, "Output": ["region.r_regionkey"], "Hash Buckets": 1024, "Original Hash Buckets": 1024, "Hash Batches": 1, "Original Hash Batches": 1, "Peak Memory Usage": 9, "Plans": [{"Node Type": "Seq Scan", "Parent Relationship": "Outer", "Parallel Aware": false, "Relation Name": "region", "Schema": "public", "Alias": "region", "Startup Cost": 0.0, "Total Cost": 16.5, "Plan Rows": 3, "Plan Width": 4, "Actual Startup Time": 0.003, "Actual Total Time": 0.004, "Actual Rows": 1, "Actual Loops": 1, "Output": ["region.r_regionkey"], "Filter": "((region.r_name)::text = 'AMERICA'::text)", "Rows Removed by Filter": 4}]}]}]}]}]}]}]}]}, {"Node Type": "Hash", "Parent Relationship": "Inner", "Parallel Aware": false, "Startup Cost": 161.0, "Total Cost": 161.0, "Plan Rows": 5000, "Plan Width": 8, "Actual Startup Time": 0.938, "Actual Total Time": 0.939, "Actual Rows": 5000, "Actual Loops": 1, "Output": ["supplier.s_suppkey", "supplier.s_nationkey"], "Hash Buckets": 8192, "Original Hash Buckets": 8192, "Hash Batches": 1, "Original Hash Batches": 1, "Peak Memory Usage": 260, "Plans": [{"Node Type": "Seq Scan", "Parent Relationship": "Outer", "Parallel Aware": false, "Relation Name": "supplier", "Schema": "public", "Alias": "supplier", "Startup Cost": 0.0, "Total Cost": 161.0, "Plan Rows": 5000, "Plan Width": 8, "Actual Startup Time": 0.002, "Actual Total Time": 0.454, "Actual Rows": 5000, "Actual Loops": 1, "Output": ["supplier.s_suppkey", "supplier.s_nationkey"]}]}]}, {"Node Type": "Index Scan", "Parent Relationship": "Inner", "Parallel Aware": false, "Scan Direction": "Forward", "Index Name": "nation_pkey", "Relation Name": "nation", "Schema": "public", "Alias": "n2", "Startup Cost": 0.15, "Total Cost": 0.17, "Plan Rows": 1, "Plan Width": 33, "Actual Startup Time": 0.001, "Actual Total Time": 0.001, "Actual Rows": 1, "Actual Loops": 1263, "Output": ["n2.n_nationkey", "n2.n_name", "n2.n_regionkey", "n2.n_comment"], "Index Cond": "(n2.n_nationkey = supplier.s_nationkey)", "Rows Removed by Index Recheck": 0}]}]}]}, "Planning Time": 1.732, "Triggers": [], "Execution Time": 607.519}]
q1#####[{"Plan": {"Node Type": "Aggregate", "Strategy": "Sorted", "Partial Mode": "Simple", "Parallel Aware": false, "Startup Cost": 26293.93, "Total Cost": 26294.25, "Plan Rows": 9, "Plan Width": 98, "Actual Startup Time": 846.477, "Actual Total Time": 846.681, "Actual Rows": 4, "Actual Loops": 1, "Output": ["n1.n_name", "n2.n_name", "(date_part('year'::text, (lineitem.l_shipdate)::timestamp without time zone))", "sum((lineitem.l_extendedprice * ('1'::numeric - lineitem.l_discount)))"], "Group Key": ["n1.n_name", "n2.n_name", "(date_part('year'::text, (lineitem.l_shipdate)::timestamp without time zone))"], "Plans": [{"Node Type": "Sort", "Parent Relationship": "Outer", "Parallel Aware": false, "Startup Cost": 26293.93, "Total Cost": 26293.95, "Plan Rows": 9, "Plan Width": 78, "Actual Startup Time": 846.392, "Actual Total Time": 846.471, "Actual Rows": 573, "Actual Loops": 1, "Output": ["n1.n_name", "n2.n_name", "(date_part('year'::text, (lineitem.l_shipdate)::timestamp without time zone))", "lineitem.l_extendedprice", "lineitem.l_discount"], "Sort Key": ["n1.n_name", "n2.n_name", "(date_part('year'::text, (lineitem.l_shipdate)::timestamp without time zone))"], "Sort Method": "quicksort", "Sort Space Used": 69, "Sort Space Type": "Memory", "Plans": [{"Node Type": "Hash Join", "Parent Relationship": "Outer", "Parallel Aware": false, "Join Type": "Inner", "Startup Cost": 5327.32, "Total Cost": 26293.79, "Plan Rows": 9, "Plan Width": 78, "Actual Startup Time": 445.81, "Actual Total Time": 845.726, "Actual Rows": 573, "Actual Loops": 1, "Output": ["n1.n_name", "n2.n_name", "date_part('year'::text, (lineitem.l_shipdate)::timestamp without time zone)", "lineitem.l_extendedprice", "lineitem.l_discount"], "Inner Unique": false, "Hash Cond": "(lineitem.l_suppkey = supplier.s_suppkey)", "Join Filter": "((((n1.n_name)::text = 'ALGERIA'::text) AND ((n2.n_name)::text = 'SAUDI ARABIA'::text)) OR (((n1.n_name)::text = 'SAUDI ARABIA'::text) AND ((n2.n_name)::text = 'ALGERIA'::text)))", "Rows Removed by Join Filter": 591, "Plans": [{"Node Type": "Hash Join", "Parent Relationship": "Outer", "Parallel Aware": false, "Join Type": "Inner", "Startup Cost": 5273.84, "Total Cost": 26233.09, "Plan Rows": 1815, "Plan Width": 49, "Actual Startup Time": 438.246, "Actual Total Time": 835.947, "Actual Rows": 13927, "Actual Loops": 1, "Output": ["lineitem.l_shipdate", "lineitem.l_extendedprice", "lineitem.l_discount", "lineitem.l_suppkey", "n2.n_name"], "Inner Unique": false, "Hash Cond": "(lineitem.l_orderkey = orders.o_orderkey)", "Plans": [{"Node Type": "Seq Scan", "Parent Relationship": "Outer", "Parallel Aware": false, "Relation Name": "lineitem", "Schema": "public", "Alias": "lineitem", "Startup Cost": 0.0, "Total Cost": 20247.0, "Plan Rows": 185095, "Plan Width": 24, "Actual Startup Time": 1.627, "Actual Total Time": 376.134, "Actual Rows": 182585, "Actual Loops": 1, "Output": ["lineitem.l_orderkey", "lineitem.l_partkey", "lineitem.l_suppkey", "lineitem.l_linenumber", "lineitem.l_quantity", "lineitem.l_extendedprice", "lineitem.l_discount", "lineitem.l_tax", "lineitem.l_returnflag", "lineitem.l_linestatus", "lineitem.l_shipdate", "lineitem.l_commitdate", "lineitem.l_receiptdate", "lineitem.l_shipinstruct", "lineitem.l_shipmode", "lineitem.l_comment"], "Filter": "((lineitem.l_shipdate >= '1995-01-01'::date) AND (lineitem.l_shipdate <= '1996-12-31'::date))", "Rows Removed by Filter": 417415}, {"Node Type": "Hash", "Parent Relationship": "Inner", "Parallel Aware": false, "Startup Cost": 5255.45, "Total Cost": 5255.45, "Plan Rows": 1471, "Plan Width": 33, "Actual Startup Time": 435.137, "Actual Total Time": 435.166, "Actual Rows": 11269, "Actual Loops": 1, "Output": ["orders.o_orderkey", "n2.n_name"], "Hash Buckets": 16384, "Original Hash Buckets": 2048, "Hash Batches": 1, "Original Hash Batches": 1, "Peak Memory Usage": 639, "Plans": [{"Node Type": "Hash Join", "Parent Relationship": "Outer", "Parallel Aware": false, "Join Type": "Inner", "Startup Cost": 568.25, "Total Cost": 5255.45, "Plan Rows": 1471, "Plan Width": 33, "Actual Startup Time": 78.53, "Actual Total Time": 430.658, "Actual Rows": 11269, "Actual Loops": 1, "Output": ["orders.o_orderkey", "n2.n_name"], "Inner Unique": false, "Hash Cond": "(orders.o_custkey = customer.c_custkey)", "Plans": [{"Node Type": "Seq Scan", "Parent Relationship": "Outer", "Parallel Aware": false, "Relation Name": "orders", "Schema": "public", "Alias": "orders", "Startup Cost": 0.0, "Total Cost": 4110.0, "Plan Rows": 150000, "Plan Width": 8, "Actual Startup Time": 0.76, "Actual Total Time": 338.034, "Actual Rows": 150000, "Actual Loops": 1, "Output": ["orders.o_orderkey", "orders.o_custkey", "orders.o_orderstatus", "orders.o_totalprice", "orders.o_orderdate", "orders.o_orderpriority", "orders.o_clerk", "orders.o_shippriority", "orders.o_comment"]}, {"Node Type": "Hash", "Parent Relationship": "Inner", "Parallel Aware": false, "Startup Cost": 566.41, "Total Cost": 566.41, "Plan Rows": 147, "Plan Width": 33, "Actual Startup Time": 77.668, "Actual Total Time": 77.685, "Actual Rows": 1146, "Actual Loops": 1, "Output": ["customer.c_custkey", "n2.n_name"], "Hash Buckets": 2048, "Original Hash Buckets": 1024, "Hash Batches": 1, "Original Hash Batches": 1, "Peak Memory Usage": 68, "Plans": [{"Node Type": "Hash Join", "Parent Relationship": "Outer", "Parallel Aware": false, "Join Type": "Inner", "Startup Cost": 17.71, "Total Cost": 566.41, "Plan Rows": 147, "Plan Width": 33, "Actual Startup Time": 0.48, "Actual Total Time": 76.514, "Actual Rows": 1146, "Actual Loops": 1, "Output": ["customer.c_custkey", "n2.n_name"], "Inner Unique": true, "Hash Cond": "(customer.c_nationkey = n2.n_nationkey)", "Plans": [{"Node Type": "Seq Scan", "Parent Relationship": "Outer", "Parallel Aware": false, "Relation Name": "customer", "Schema": "public", "Alias": "customer", "Startup Cost": 0.0, "Total Cost": 509.0, "Plan Rows": 15000, "Plan Width": 8, "Actual Startup Time": 0.003, "Actual Total Time": 74.194, "Actual Rows": 15000, "Actual Loops": 1, "Output": ["customer.c_custkey", "customer.c_name", "customer.c_address", "customer.c_nationkey", "customer.c_phone", "customer.c_acctbal", "customer.c_mktsegment", "customer.c_comment"]}, {"Node Type": "Hash", "Parent Relationship": "Inner", "Parallel Aware": false, "Startup Cost": 17.65, "Total Cost": 17.65, "Plan Rows": 5, "Plan Width": 33, "Actual Startup Time": 0.014, "Actual Total Time": 0.018, "Actual Rows": 2, "Actual Loops": 1, "Output": ["n2.n_name", "n2.n_nationkey"], "Hash Buckets": 1024, "Original Hash Buckets": 1024, "Hash Batches": 1, "Original Hash Batches": 1, "Peak Memory Usage": 9, "Plans": [{"Node Type": "Seq Scan", "Parent Relationship": "Outer", "Parallel Aware": false, "Relation Name": "nation", "Schema": "public", "Alias": "n2", "Startup Cost": 0.0, "Total Cost": 17.65, "Plan Rows": 5, "Plan Width": 33, "Actual Startup Time": 0.005, "Actual Total Time": 0.007, "Actual Rows": 2, "Actual Loops": 1, "Output": ["n2.n_name", "n2.n_nationkey"], "Filter": "(((n2.n_name)::text = 'SAUDI ARABIA'::text) OR ((n2.n_name)::text = 'ALGERIA'::text))", "Rows Removed by Filter": 23}]}]}]}]}]}]}, {"Node Type": "Hash", "Parent Relationship": "Inner", "Parallel Aware": false, "Startup Cost": 53.36, "Total Cost": 53.36, "Plan Rows": 10, "Plan Width": 33, "Actual Startup Time": 7.272, "Actual Total Time": 7.283, "Actual Rows": 83, "Actual Loops": 1, "Output": ["supplier.s_suppkey", "n1.n_name"], "Hash Buckets": 1024, "Original Hash Buckets": 1024, "Hash Batches": 1, "Original Hash Batches": 1, "Peak Memory Usage": 12, "Plans": [{"Node Type": "Hash Join", "Parent Relationship": "Outer", "Parallel Aware": false, "Join Type": "Inner", "Startup Cost": 17.71, "Total Cost": 53.36, "Plan Rows": 10, "Plan Width": 33, "Actual Startup Time": 0.019, "Actual Total Time": 7.192, "Actual Rows": 83, "Actual Loops": 1, "Output": ["supplier.s_suppkey", "n1.n_name"], "Inner Unique": true, "Hash Cond": "(supplier.s_nationkey = n1.n_nationkey)", "Plans": [{"Node Type": "Seq Scan", "Parent Relationship": "Outer", "Parallel Aware": false, "Relation Name": "supplier", "Schema": "public", "Alias": "supplier", "Startup Cost": 0.0, "Total Cost": 33.0, "Plan Rows": 1000, "Plan Width": 8, "Actual Startup Time": 0.004, "Actual Total Time": 7.013, "Actual Rows": 1000, "Actual Loops": 1, "Output": ["supplier.s_suppkey", "supplier.s_name", "supplier.s_address", "supplier.s_nationkey", "supplier.s_phone", "supplier.s_acctbal", "supplier.s_comment"]}, {"Node Type": "Hash", "Parent Relationship": "Inner", "Parallel Aware": false, "Startup Cost": 17.65, "Total Cost": 17.65, "Plan Rows": 5, "Plan Width": 33, "Actual Startup Time": 0.007, "Actual Total Time": 0.01, "Actual Rows": 2, "Actual Loops": 1, "Output": ["n1.n_name", "n1.n_nationkey"], "Hash Buckets": 1024, "Original Hash Buckets": 1024, "Hash Batches": 1, "Original Hash Batches": 1, "Peak Memory Usage": 9, "Plans": [{"Node Type": "Seq Scan", "Parent Relationship": "Outer", "Parallel Aware": false, "Relation Name": "nation", "Schema": "public", "Alias": "n1", "Startup Cost": 0.0, "Total Cost": 17.65, "Plan Rows": 5, "Plan Width": 33, "Actual Startup Time": 0.003, "Actual Total Time": 0.004, "Actual Rows": 2, "Actual Loops": 1, "Output": ["n1.n_name", "n1.n_nationkey"], "Filter": "(((n1.n_name)::text = 'ALGERIA'::text) OR ((n1.n_name)::text = 'SAUDI ARABIA'::text))", "Rows Removed by Filter": 23}]}]}]}]}]}]}, "Planning Time": 1.03, "Triggers": [], "Execution Time": 847.048}]
q2#####[{"Plan": {"Node Type": "Sort", "Parallel Aware": false, "Startup Cost": 1348979.72, "Total Cost": 1356500.72, "Plan Rows": 3008400, "Plan Width": 205, "Actual Startup Time": 11563.679, "Actual Total Time": 11565.9, "Actual Rows": 18974, "Actual Loops": 1, "Output": ["customer.c_custkey", "customer.c_name", "(sum((lineitem.l_extendedprice * ('1'::numeric - lineitem.l_discount))))", "customer.c_acctbal", "nation.n_name", "customer.c_address", "customer.c_phone", "customer.c_comment"], "Sort Key": ["(sum((lineitem.l_extendedprice * ('1'::numeric - lineitem.l_discount)))) DESC"], "Sort Method": "external merge", "Sort Space Used": 3216, "Sort Space Type": "Disk", "Plans": [{"Node Type": "Aggregate", "Strategy": "Sorted", "Partial Mode": "Simple", "Parent Relationship": "Outer", "Parallel Aware": false, "Startup Cost": 139001.3, "Total Cost": 428874.38, "Plan Rows": 3008400, "Plan Width": 205, "Actual Startup Time": 11269.631, "Actual Total Time": 11512.107, "Actual Rows": 18974, "Actual Loops": 1, "Output": ["customer.c_custkey", "customer.c_name", "sum((lineitem.l_extendedprice * ('1'::numeric - lineitem.l_discount)))", "customer.c_acctbal", "nation.n_name", "customer.c_address", "customer.c_phone", "customer.c_comment"], "Group Key": ["customer.c_custkey", "customer.c_name", "customer.c_acctbal", "customer.c_phone", "nation.n_name", "customer.c_address", "customer.c_comment"], "Plans": [{"Node Type": "Incremental Sort", "Parent Relationship": "Outer", "Parallel Aware": false, "Startup Cost": 139001.3, "Total Cost": 316059.38, "Plan Rows": 3008400, "Plan Width": 185, "Actual Startup Time": 11264.856, "Actual Total Time": 11443.356, "Actual Rows": 56973, "Actual Loops": 1, "Output": ["customer.c_custkey", "customer.c_name", "customer.c_acctbal", "nation.n_name", "customer.c_address", "customer.c_phone", "customer.c_comment", "lineitem.l_extendedprice", "lineitem.l_discount"], "Sort Key": ["customer.c_custkey", "customer.c_name", "customer.c_acctbal", "customer.c_phone", "nation.n_name", "customer.c_address", "customer.c_comment"], "Presorted Key": ["customer.c_custkey"], "Full-sort Groups": {"Group Count": 1692, "Sort Methods Used": ["quicksort"], "Sort Space Memory": {"Average Sort Space Used": 34, "Peak Sort Space Used": 34}}, "Plans": [{"Node Type": "Merge Join", "Parent Relationship": "Outer", "Parallel Aware": false, "Join Type": "Inner", "Startup Cost": 138999.51, "Total Cost": 139825.69, "Plan Rows": 3008400, "Plan Width": 185, "Actual Startup Time": 11264.449, "Actual Total Time": 11402.279, "Actual Rows": 56973, "Actual Loops": 1, "Output": ["customer.c_custkey", "customer.c_name", "customer.c_acctbal", "nation.n_name", "customer.c_address", "customer.c_phone", "customer.c_comment", "lineitem.l_extendedprice", "lineitem.l_discount"], "Inner Unique": false, "Merge Cond": "(customer.c_custkey = orders.o_custkey)", "Plans": [{"Node Type": "Sort", "Parent Relationship": "Outer", "Parallel Aware": false, "Startup Cost": 15247.96, "Total Cost": 15435.46, "Plan Rows": 75000, "Plan Width": 173, "Actual Startup Time": 479.171, "Actual Total Time": 588.756, "Actual Rows": 74996, "Actual Loops": 1, "Output": ["customer.c_custkey", "customer.c_name", "customer.c_acctbal", "customer.c_address", "customer.c_phone", "customer.c_comment", "nation.n_name"], "Sort Key": ["customer.c_custkey"], "Sort Method": "external merge", "Sort Space Used": 12024, "Sort Space Type": "Disk", "Plans": [{"Node Type": "Hash Join", "Parent Relationship": "Outer", "Parallel Aware": false, "Join Type": "Inner", "Startup Cost": 21.48, "Total Cost": 2762.99, "Plan Rows": 75000, "Plan Width": 173, "Actual Startup Time": 2.445, "Actual Total Time": 164.134, "Actual Rows": 75000, "Actual Loops": 1, "Output": ["customer.c_custkey", "customer.c_name", "customer.c_acctbal", "customer.c_address", "customer.c_phone", "customer.c_comment", "nation.n_name"], "Inner Unique": true, "Hash Cond": "(customer.c_nationkey = nation.n_nationkey)", "Plans": [{"Node Type": "Seq Scan", "Parent Relationship": "Outer", "Parallel Aware": false, "Relation Name": "customer", "Schema": "public", "Alias": "customer", "Startup Cost": 0.0, "Total Cost": 2543.0, "Plan Rows": 75000, "Plan Width": 148, "Actual Startup Time": 0.666, "Actual Total Time": 146.04, "Actual Rows": 75000, "Actual Loops": 1, "Output": ["customer.c_custkey", "customer.c_name", "customer.c_address", "customer.c_nationkey", "customer.c_phone", "customer.c_acctbal", "customer.c_mktsegment", "customer.c_comment"]}, {"Node Type": "Hash", "Parent Relationship": "Inner", "Parallel Aware": false, "Startup Cost": 15.1, "Total Cost": 15.1, "Plan Rows": 510, "Plan Width": 33, "Actual Startup Time": 0.841, "Actual Total Time": 0.85, "Actual Rows": 25, "Actual Loops": 1, "Output": ["nation.n_name", "nation.n_nationkey"], "Hash Buckets": 1024, "Original Hash Buckets": 1024, "Hash Batches": 1, "Original Hash Batches": 1, "Peak Memory Usage": 10, "Plans": [{"Node Type": "Seq Scan", "Parent Relationship": "Outer", "Parallel Aware": false, "Relation Name": "nation", "Schema": "public", "Alias": "nation", "Startup Cost": 0.0, "Total Cost": 15.1, "Plan Rows": 510, "Plan Width": 33, "Actual Startup Time": 0.007, "Actual Total Time": 0.011, "Actual Rows": 25, "Actual Loops": 1, "Output": ["nation.n_name", "nation.n_nationkey"]}]}]}]}, {"Node Type": "Sort", "Parent Relationship": "Inner", "Parallel Aware": false, "Startup Cost": 123751.51, "Total Cost": 123826.72, "Plan Rows": 30084, "Plan Width": 16, "Actual Startup Time": 10784.601, "Actual Total Time": 10793.994, "Actual Rows": 56973, "Actual Loops": 1, "Output": ["orders.o_custkey", "lineitem.l_extendedprice", "lineitem.l_discount"], "Sort Key": ["orders.o_custkey"], "Sort Method": "external sort", "Sort Space Used": 1768, "Sort Space Type": "Disk", "Plans": [{"Node Type": "Hash Join", "Parent Relationship": "Outer", "Parallel Aware": false, "Join Type": "Inner", "Startup Cost": 24677.03, "Total Cost": 121513.76, "Plan Rows": 30084, "Plan Width": 16, "Actual Startup Time": 1939.955, "Actual Total Time": 10431.11, "Actual Rows": 56973, "Actual Loops": 1, "Output": ["orders.o_custkey", "lineitem.l_extendedprice", "lineitem.l_discount"], "Inner Unique": false, "Hash Cond": "(lineitem.l_orderkey = orders.o_orderkey)", "Plans": [{"Node Type": "Seq Scan", "Parent Relationship": "Outer", "Parallel Aware": false, "Relation Name": "lineitem", "Schema": "public", "Alias": "lineitem", "Startup Cost": 0.0, "Total Cost": 93730.69, "Plan Rows": 748054, "Plan Width": 16, "Actual Startup Time": 0.014, "Actual Total Time": 8231.096, "Actual Rows": 739563, "Actual Loops": 1, "Output": ["lineitem.l_orderkey", "lineitem.l_partkey", "lineitem.l_suppkey", "lineitem.l_linenumber", "lineitem.l_quantity", "lineitem.l_extendedprice", "lineitem.l_discount", "lineitem.l_tax", "lineitem.l_returnflag", "lineitem.l_linestatus", "lineitem.l_shipdate", "lineitem.l_commitdate", "lineitem.l_receiptdate", "lineitem.l_shipinstruct", "lineitem.l_shipmode", "lineitem.l_comment"], "Filter": "(lineitem.l_returnflag = 'R'::bpchar)", "Rows Removed by Filter": 2260108}, {"Node Type": "Hash", "Parent Relationship": "Inner", "Parallel Aware": false, "Startup Cost": 24300.0, "Total Cost": 24300.0, "Plan Rows": 30162, "Plan Width": 8, "Actual Startup Time": 1939.782, "Actual Total Time": 1939.786, "Actual Rows": 28646, "Actual Loops": 1, "Output": ["orders.o_custkey", "orders.o_orderkey"], "Hash Buckets": 32768, "Original Hash Buckets": 32768, "Hash Batches": 1, "Original Hash Batches": 1, "Peak Memory Usage": 1375, "Plans": [{"Node Type": "Seq Scan", "Parent Relationship": "Outer", "Parallel Aware": false, "Relation Name": "orders", "Schema": "public", "Alias": "orders", "Startup Cost": 0.0, "Total Cost": 24300.0, "Plan Rows": 30162, "Plan Width": 8, "Actual Startup Time": 0.006, "Actual Total Time": 1901.064, "Actual Rows": 28646, "Actual Loops": 1, "Output": ["orders.o_custkey", "orders.o_orderkey"], "Filter": "((orders.o_orderdate >= '1993-06-05'::date) AND (orders.o_orderdate < '1993-09-05 00:00:00'::timestamp without time zone))", "Rows Removed by Filter": 721354}]}]}]}]}]}]}]}, "Planning Time": 26.891, "Triggers": [], "Execution Time": 11574.782}]
q3#####[{"Plan": {"Node Type": "Aggregate", "Strategy": "Sorted", "Partial Mode": "Simple", "Parallel Aware": false, "Startup Cost": 26293.93, "Total Cost": 26294.25, "Plan Rows": 9, "Plan Width": 98, "Actual Startup Time": 847.807, "Actual Total Time": 847.964, "Actual Rows": 4, "Actual Loops": 1, "Output": ["n1.n_name", "n2.n_name", "(date_part('year'::text, (lineitem.l_shipdate)::timestamp without time zone))", "sum((lineitem.l_extendedprice * ('1'::numeric - lineitem.l_discount)))"], "Group Key": ["n1.n_name", "n2.n_name", "(date_part('year'::text, (lineitem.l_shipdate)::timestamp without time zone))"], "Plans": [{"Node Type": "Sort", "Parent Relationship": "Outer", "Parallel Aware": false, "Startup Cost": 26293.93, "Total Cost": 26293.95, "Plan Rows": 9, "Plan Width": 78, "Actual Startup Time": 847.759, "Actual Total Time": 847.816, "Actual Rows": 597, "Actual Loops": 1, "Output": ["n1.n_name", "n2.n_name", "(date_part('year'::text, (lineitem.l_shipdate)::timestamp without time zone))", "lineitem.l_extendedprice", "lineitem.l_discount"], "Sort Key": ["n1.n_name", "n2.n_name", "(date_part('year'::text, (lineitem.l_shipdate)::timestamp without time zone))"], "Sort Method": "quicksort", "Sort Space Used": 71, "Sort Space Type": "Memory", "Plans": [{"Node Type": "Hash Join", "Parent Relationship": "Outer", "Parallel Aware": false, "Join Type": "Inner", "Startup Cost": 5327.32, "Total Cost": 26293.79, "Plan Rows": 9, "Plan Width": 78, "Actual Startup Time": 453.909, "Actual Total Time": 847.082, "Actual Rows": 597, "Actual Loops": 1, "Output": ["n1.n_name", "n2.n_name", "date_part('year'::text, (lineitem.l_shipdate)::timestamp without time zone)", "lineitem.l_extendedprice", "lineitem.l_discount"], "Inner Unique": false, "Hash Cond": "(lineitem.l_suppkey = supplier.s_suppkey)", "Join Filter": "((((n1.n_name)::text = 'ALGERIA'::text) AND ((n2.n_name)::text = 'EGYPT'::text)) OR (((n1.n_name)::text = 'EGYPT'::text) AND ((n2.n_name)::text = 'ALGERIA'::text)))", "Rows Removed by Join Filter": 565, "Plans": [{"Node Type": "Hash Join", "Parent Relationship": "Outer", "Parallel Aware": false, "Join Type": "Inner", "Startup Cost": 5273.84, "Total Cost": 26233.09, "Plan Rows": 1815, "Plan Width": 49, "Actual Startup Time": 436.537, "Actual Total Time": 834.986, "Actual Rows": 14854, "Actual Loops": 1, "Output": ["lineitem.l_shipdate", "lineitem.l_extendedprice", "lineitem.l_discount", "lineitem.l_suppkey", "n2.n_name"], "Inner Unique": false, "Hash Cond": "(lineitem.l_orderkey = orders.o_orderkey)", "Plans": [{"Node Type": "Seq Scan", "Parent Relationship": "Outer", "Parallel Aware": false, "Relation Name": "lineitem", "Schema": "public", "Alias": "lineitem", "Startup Cost": 0.0, "Total Cost": 20247.0, "Plan Rows": 185095, "Plan Width": 24, "Actual Startup Time": 1.672, "Actual Total Time": 376.941, "Actual Rows": 182585, "Actual Loops": 1, "Output": ["lineitem.l_orderkey", "lineitem.l_partkey", "lineitem.l_suppkey", "lineitem.l_linenumber", "lineitem.l_quantity", "lineitem.l_extendedprice", "lineitem.l_discount", "lineitem.l_tax", "lineitem.l_returnflag", "lineitem.l_linestatus", "lineitem.l_shipdate", "lineitem.l_commitdate", "lineitem.l_receiptdate", "lineitem.l_shipinstruct", "lineitem.l_shipmode", "lineitem.l_comment"], "Filter": "((lineitem.l_shipdate >= '1995-01-01'::date) AND (lineitem.l_shipdate <= '1996-12-31'::date))", "Rows Removed by Filter": 417415}, {"Node Type": "Hash", "Parent Relationship": "Inner", "Parallel Aware": false, "Startup Cost": 5255.45, "Total Cost": 5255.45, "Plan Rows": 1471, "Plan Width": 33, "Actual Startup Time": 434.64, "Actual Total Time": 434.659, "Actual Rows": 12082, "Actual Loops": 1, "Output": ["orders.o_orderkey", "n2.n_name"], "Hash Buckets": 16384, "Original Hash Buckets": 2048, "Hash Batches": 1, "Original Hash Batches": 1, "Peak Memory Usage": 635, "Plans": [{"Node Type": "Hash Join", "Parent Relationship": "Outer", "Parallel Aware": false, "Join Type": "Inner", "Startup Cost": 568.25, "Total Cost": 5255.45, "Plan Rows": 1471, "Plan Width": 33, "Actual Startup Time": 78.26, "Actual Total Time": 430.096, "Actual Rows": 12082, "Actual Loops": 1, "Output": ["orders.o_orderkey", "n2.n_name"], "Inner Unique": false, "Hash Cond": "(orders.o_custkey = customer.c_custkey)", "Plans": [{"Node Type": "Seq Scan", "Parent Relationship": "Outer", "Parallel Aware": false, "Relation Name": "orders", "Schema": "public", "Alias": "orders", "Startup Cost": 0.0, "Total Cost": 4110.0, "Plan Rows": 150000, "Plan Width": 8, "Actual Startup Time": 0.565, "Actual Total Time": 337.238, "Actual Rows": 150000, "Actual Loops": 1, "Output": ["orders.o_orderkey", "orders.o_custkey", "orders.o_orderstatus", "orders.o_totalprice", "orders.o_orderdate", "orders.o_orderpriority", "orders.o_clerk", "orders.o_shippriority", "orders.o_comment"]}, {"Node Type": "Hash", "Parent Relationship": "Inner", "Parallel Aware": false, "Startup Cost": 566.41, "Total Cost": 566.41, "Plan Rows": 147, "Plan Width": 33, "Actual Startup Time": 77.516, "Actual Total Time": 77.524, "Actual Rows": 1226, "Actual Loops": 1, "Output": ["customer.c_custkey", "n2.n_name"], "Hash Buckets": 2048, "Original Hash Buckets": 1024, "Hash Batches": 1, "Original Hash Batches": 1, "Peak Memory Usage": 68, "Plans": [{"Node Type": "Hash Join", "Parent Relationship": "Outer", "Parallel Aware": false, "Join Type": "Inner", "Startup Cost": 17.71, "Total Cost": 566.41, "Plan Rows": 147, "Plan Width": 33, "Actual Startup Time": 0.387, "Actual Total Time": 73.492, "Actual Rows": 1226, "Actual Loops": 1, "Output": ["customer.c_custkey", "n2.n_name"], "Inner Unique": true, "Hash Cond": "(customer.c_nationkey = n2.n_nationkey)", "Plans": [{"Node Type": "Seq Scan", "Parent Relationship": "Outer", "Parallel Aware": false, "Relation Name": "customer", "Schema": "public", "Alias": "customer", "Startup Cost": 0.0, "Total Cost": 509.0, "Plan Rows": 15000, "Plan Width": 8, "Actual Startup Time": 0.02, "Actual Total Time": 71.04, "Actual Rows": 15000, "Actual Loops": 1, "Output": ["customer.c_custkey", "customer.c_name", "customer.c_address", "customer.c_nationkey", "customer.c_phone", "customer.c_acctbal", "customer.c_mktsegment", "customer.c_comment"]}, {"Node Type": "Hash", "Parent Relationship": "Inner", "Parallel Aware": false, "Startup Cost": 17.65, "Total Cost": 17.65, "Plan Rows": 5, "Plan Width": 33, "Actual Startup Time": 0.154, "Actual Total Time": 0.154, "Actual Rows": 2, "Actual Loops": 1, "Output": ["n2.n_name", "n2.n_nationkey"], "Hash Buckets": 1024, "Original Hash Buckets": 1024, "Hash Batches": 1, "Original Hash Batches": 1, "Peak Memory Usage": 9, "Plans": [{"Node Type": "Seq Scan", "Parent Relationship": "Outer", "Parallel Aware": false, "Relation Name": "nation", "Schema": "public", "Alias": "n2", "Startup Cost": 0.0, "Total Cost": 17.65, "Plan Rows": 5, "Plan Width": 33, "Actual Startup Time": 0.12, "Actual Total Time": 0.126, "Actual Rows": 2, "Actual Loops": 1, "Output": ["n2.n_name", "n2.n_nationkey"], "Filter": "(((n2.n_name)::text = 'EGYPT'::text) OR ((n2.n_name)::text = 'ALGERIA'::text))", "Rows Removed by Filter": 23}]}]}]}]}]}]}, {"Node Type": "Hash", "Parent Relationship": "Inner", "Parallel Aware": false, "Startup Cost": 53.36, "Total Cost": 53.36, "Plan Rows": 10, "Plan Width": 33, "Actual Startup Time": 9.834, "Actual Total Time": 9.841, "Actual Rows": 76, "Actual Loops": 1, "Output": ["supplier.s_suppkey", "n1.n_name"], "Hash Buckets": 1024, "Original Hash Buckets": 1024, "Hash Batches": 1, "Original Hash Batches": 1, "Peak Memory Usage": 12, "Plans": [{"Node Type": "Hash Join", "Parent Relationship": "Outer", "Parallel Aware": false, "Join Type": "Inner", "Startup Cost": 17.71, "Total Cost": 53.36, "Plan Rows": 10, "Plan Width": 33, "Actual Startup Time": 4.316, "Actual Total Time": 9.808, "Actual Rows": 76, "Actual Loops": 1, "Output": ["supplier.s_suppkey", "n1.n_name"], "Inner Unique": true, "Hash Cond": "(supplier.s_nationkey = n1.n_nationkey)", "Plans": [{"Node Type": "Seq Scan", "Parent Relationship": "Outer", "Parallel Aware": false, "Relation Name": "supplier", "Schema": "public", "Alias": "supplier", "Startup Cost": 0.0, "Total Cost": 33.0, "Plan Rows": 1000, "Plan Width": 8, "Actual Startup Time": 0.007, "Actual Total Time": 5.344, "Actual Rows": 1000, "Actual Loops": 1, "Output": ["supplier.s_suppkey", "supplier.s_name", "supplier.s_address", "supplier.s_nationkey", "supplier.s_phone", "supplier.s_acctbal", "supplier.s_comment"]}, {"Node Type": "Hash", "Parent Relationship": "Inner", "Parallel Aware": false, "Startup Cost": 17.65, "Total Cost": 17.65, "Plan Rows": 5, "Plan Width": 33, "Actual Startup Time": 4.299, "Actual Total Time": 4.302, "Actual Rows": 2, "Actual Loops": 1, "Output": ["n1.n_name", "n1.n_nationkey"], "Hash Buckets": 1024, "Original Hash Buckets": 1024, "Hash Batches": 1, "Original Hash Batches": 1, "Peak Memory Usage": 9, "Plans": [{"Node Type": "Seq Scan", "Parent Relationship": "Outer", "Parallel Aware": false, "Relation Name": "nation", "Schema": "public", "Alias": "n1", "Startup Cost": 0.0, "Total Cost": 17.65, "Plan Rows": 5, "Plan Width": 33, "Actual Startup Time": 4.294, "Actual Total Time": 4.295, "Actual Rows": 2, "Actual Loops": 1, "Output": ["n1.n_name", "n1.n_nationkey"], "Filter": "(((n1.n_name)::text = 'ALGERIA'::text) OR ((n1.n_name)::text = 'EGYPT'::text))", "Rows Removed by Filter": 23}]}]}]}]}]}]}, "Planning Time": 3.601, "Triggers": [], "Execution Time": 848.231}]
q4#####[{"Plan": {"Node Type": "Sort", "Parallel Aware": false, "Startup Cost": 1316316.81, "Total Cost": 1323643.56, "Plan Rows": 2930700, "Plan Width": 205, "Actual Startup Time": 10572.414, "Actual Total Time": 10575.284, "Actual Rows": 18790, "Actual Loops": 1, "Output": ["customer.c_custkey", "customer.c_name", "(sum((lineitem.l_extendedprice * ('1'::numeric - lineitem.l_discount))))", "customer.c_acctbal", "nation.n_name", "customer.c_address", "customer.c_phone", "customer.c_comment"], "Sort Key": ["(sum((lineitem.l_extendedprice * ('1'::numeric - lineitem.l_discount)))) DESC"], "Sort Method": "external merge", "Sort Space Used": 3184, "Sort Space Type": "Disk", "Plans": [{"Node Type": "Aggregate", "Strategy": "Sorted", "Partial Mode": "Simple", "Parent Relationship": "Outer", "Parallel Aware": false, "Startup Cost": 138920.41, "Total Cost": 420525.4, "Plan Rows": 2930700, "Plan Width": 205, "Actual Startup Time": 10398.901, "Actual Total Time": 10545.379, "Actual Rows": 18790, "Actual Loops": 1, "Output": ["customer.c_custkey", "customer.c_name", "sum((lineitem.l_extendedprice * ('1'::numeric - lineitem.l_discount)))", "customer.c_acctbal", "nation.n_name", "customer.c_address", "customer.c_phone", "customer.c_comment"], "Group Key": ["customer.c_custkey", "customer.c_name", "customer.c_acctbal", "customer.c_phone", "nation.n_name", "customer.c_address", "customer.c_comment"], "Plans": [{"Node Type": "Incremental Sort", "Parent Relationship": "Outer", "Parallel Aware": false, "Startup Cost": 138920.41, "Total Cost": 310624.15, "Plan Rows": 2930700, "Plan Width": 185, "Actual Startup Time": 10398.884, "Actual Total Time": 10508.341, "Actual Rows": 56250, "Actual Loops": 1, "Output": ["customer.c_custkey", "customer.c_name", "customer.c_acctbal", "nation.n_name", "customer.c_address", "customer.c_phone", "customer.c_comment", "lineitem.l_extendedprice", "lineitem.l_discount"], "Sort Key": ["customer.c_custkey", "customer.c_name", "customer.c_acctbal", "customer.c_phone", "nation.n_name", "customer.c_address", "customer.c_comment"], "Presorted Key": ["customer.c_custkey"], "Full-sort Groups": {"Group Count": 1673, "Sort Methods Used": ["quicksort"], "Sort Space Memory": {"Average Sort Space Used": 35, "Peak Sort Space Used": 35}}, "Plans": [{"Node Type": "Merge Join", "Parent Relationship": "Outer", "Parallel Aware": false, "Join Type": "Inner", "Startup Cost": 138918.68, "Total Cost": 139733.2, "Plan Rows": 2930700, "Plan Width": 185, "Actual Startup Time": 10398.598, "Actual Total Time": 10476.653, "Actual Rows": 56250, "Actual Loops": 1, "Output": ["customer.c_custkey", "customer.c_name", "customer.c_acctbal", "nation.n_name", "customer.c_address", "customer.c_phone", "customer.c_comment", "lineitem.l_extendedprice", "lineitem.l_discount"], "Inner Unique": false, "Merge Cond": "(customer.c_custkey = orders.o_custkey)", "Plans": [{"Node Type": "Sort", "Parent Relationship": "Outer", "Parallel Aware": false, "Startup Cost": 15247.96, "Total Cost": 15435.46, "Plan Rows": 75000, "Plan Width": 173, "Actual Startup Time": 289.293, "Actual Total Time": 344.853, "Actual Rows": 74996, "Actual Loops": 1, "Output": ["customer.c_custkey", "customer.c_name", "customer.c_acctbal", "customer.c_address", "customer.c_phone", "customer.c_comment", "nation.n_name"], "Sort Key": ["customer.c_custkey"], "Sort Method": "external merge", "Sort Space Used": 12024, "Sort Space Type": "Disk", "Plans": [{"Node Type": "Hash Join", "Parent Relationship": "Outer", "Parallel Aware": false, "Join Type": "Inner", "Startup Cost": 21.48, "Total Cost": 2762.99, "Plan Rows": 75000, "Plan Width": 173, "Actual Startup Time": 0.447, "Actual Total Time": 49.458, "Actual Rows": 75000, "Actual Loops": 1, "Output": ["customer.c_custkey", "customer.c_name", "customer.c_acctbal", "customer.c_address", "customer.c_phone", "customer.c_comment", "nation.n_name"], "Inner Unique": true, "Hash Cond": "(customer.c_nationkey = nation.n_nationkey)", "Plans": [{"Node Type": "Seq Scan", "Parent Relationship": "Outer", "Parallel Aware": false, "Relation Name": "customer", "Schema": "public", "Alias": "customer", "Startup Cost": 0.0, "Total Cost": 2543.0, "Plan Rows": 75000, "Plan Width": 148, "Actual Startup Time": 0.419, "Actual Total Time": 10.767, "Actual Rows": 75000, "Actual Loops": 1, "Output": ["customer.c_custkey", "customer.c_name", "customer.c_address", "customer.c_nationkey", "customer.c_phone", "customer.c_acctbal", "customer.c_mktsegment", "customer.c_comment"]}, {"Node Type": "Hash", "Parent Relationship": "Inner", "Parallel Aware": false, "Startup Cost": 15.1, "Total Cost": 15.1, "Plan Rows": 510, "Plan Width": 33, "Actual Startup Time": 0.016, "Actual Total Time": 0.025, "Actual Rows": 25, "Actual Loops": 1, "Output": ["nation.n_name", "nation.n_nationkey"], "Hash Buckets": 1024, "Original Hash Buckets": 1024, "Hash Batches": 1, "Original Hash Batches": 1, "Peak Memory Usage": 10, "Plans": [{"Node Type": "Seq Scan", "Parent Relationship": "Outer", "Parallel Aware": false, "Relation Name": "nation", "Schema": "public", "Alias": "nation", "Startup Cost": 0.0, "Total Cost": 15.1, "Plan Rows": 510, "Plan Width": 33, "Actual Startup Time": 0.006, "Actual Total Time": 0.007, "Actual Rows": 25, "Actual Loops": 1, "Output": ["nation.n_name", "nation.n_nationkey"]}]}]}]}, {"Node Type": "Sort", "Parent Relationship": "Inner", "Parallel Aware": false, "Startup Cost": 123670.67, "Total Cost": 123743.94, "Plan Rows": 29307, "Plan Width": 16, "Actual Startup Time": 10109.244, "Actual Total Time": 10115.709, "Actual Rows": 56250, "Actual Loops": 1, "Output": ["orders.o_custkey", "lineitem.l_extendedprice", "lineitem.l_discount"], "Sort Key": ["orders.o_custkey"], "Sort Method": "external sort", "Sort Space Used": 1744, "Sort Space Type": "Disk", "Plans": [{"Node Type": "Hash Join", "Parent Relationship": "Outer", "Parallel Aware": false, "Join Type": "Inner", "Startup Cost": 24667.29, "Total Cost": 121496.25, "Plan Rows": 29307, "Plan Width": 16, "Actual Startup Time": 2456.105, "Actual Total Time": 9771.114, "Actual Rows": 56250, "Actual Loops": 1, "Output": ["orders.o_custkey", "lineitem.l_extendedprice", "lineitem.l_discount"], "Inner Unique": false, "Hash Cond": "(lineitem.l_orderkey = orders.o_orderkey)", "Plans": [{"Node Type": "Seq Scan", "Parent Relationship": "Outer", "Parallel Aware": false, "Relation Name": "lineitem", "Schema": "public", "Alias": "lineitem", "Startup Cost": 0.0, "Total Cost": 93730.69, "Plan Rows": 748054, "Plan Width": 16, "Actual Startup Time": 0.026, "Actual Total Time": 7097.184, "Actual Rows": 739563, "Actual Loops": 1, "Output": ["lineitem.l_orderkey", "lineitem.l_partkey", "lineitem.l_suppkey", "lineitem.l_linenumber", "lineitem.l_quantity", "lineitem.l_extendedprice", "lineitem.l_discount", "lineitem.l_tax", "lineitem.l_returnflag", "lineitem.l_linestatus", "lineitem.l_shipdate", "lineitem.l_commitdate", "lineitem.l_receiptdate", "lineitem.l_shipinstruct", "lineitem.l_shipmode", "lineitem.l_comment"], "Filter": "(lineitem.l_returnflag = 'R'::bpchar)", "Rows Removed by Filter": 2260108}, {"Node Type": "Hash", "Parent Relationship": "Inner", "Parallel Aware": false, "Startup Cost": 24300.0, "Total Cost": 24300.0, "Plan Rows": 29383, "Plan Width": 8, "Actual Startup Time": 2455.86, "Actual Total Time": 2455.861, "Actual Rows": 28153, "Actual Loops": 1, "Output": ["orders.o_custkey", "orders.o_orderkey"], "Hash Buckets": 32768, "Original Hash Buckets": 32768, "Hash Batches": 1, "Original Hash Batches": 1, "Peak Memory Usage": 1356, "Plans": [{"Node Type": "Seq Scan", "Parent Relationship": "Outer", "Parallel Aware": false, "Relation Name": "orders", "Schema": "public", "Alias": "orders", "Startup Cost": 0.0, "Total Cost": 24300.0, "Plan Rows": 29383, "Plan Width": 8, "Actual Startup Time": 0.008, "Actual Total Time": 2405.042, "Actual Rows": 28153, "Actual Loops": 1, "Output": ["orders.o_custkey", "orders.o_orderkey"], "Filter": "((orders.o_orderdate >= '1993-04-01'::date) AND (orders.o_orderdate < '1993-07-01 00:00:00'::timestamp without time zone))", "Rows Removed by Filter": 721847}]}]}]}]}]}]}]}, "Planning Time": 0.999, "Triggers": [], "Execution Time": 10581.017}]
q5#####[{"Plan": {"Node Type": "Sort", "Parallel Aware": false, "Startup Cost": 1271560.97, "Total Cost": 1278621.22, "Plan Rows": 2824100, "Plan Width": 205, "Actual Startup Time": 9838.337, "Actual Total Time": 9841.206, "Actual Rows": 19024, "Actual Loops": 1, "Output": ["customer.c_custkey", "customer.c_name", "(sum((lineitem.l_extendedprice * ('1'::numeric - lineitem.l_discount))))", "customer.c_acctbal", "nation.n_name", "customer.c_address", "customer.c_phone", "customer.c_comment"], "Sort Key": ["(sum((lineitem.l_extendedprice * ('1'::numeric - lineitem.l_discount)))) DESC"], "Sort Method": "external merge", "Sort Space Used": 3224, "Sort Space Type": "Disk", "Plans": [{"Node Type": "Aggregate", "Strategy": "Sorted", "Partial Mode": "Simple", "Parent Relationship": "Outer", "Parallel Aware": false, "Startup Cost": 138809.67, "Total Cost": 409107.69, "Plan Rows": 2824100, "Plan Width": 205, "Actual Startup Time": 9545.622, "Actual Total Time": 9785.343, "Actual Rows": 19024, "Actual Loops": 1, "Output": ["customer.c_custkey", "customer.c_name", "sum((lineitem.l_extendedprice * ('1'::numeric - lineitem.l_discount)))", "customer.c_acctbal", "nation.n_name", "customer.c_address", "customer.c_phone", "customer.c_comment"], "Group Key": ["customer.c_custkey", "customer.c_name", "customer.c_acctbal", "customer.c_phone", "nation.n_name", "customer.c_address", "customer.c_comment"], "Plans": [{"Node Type": "Incremental Sort", "Parent Relationship": "Outer", "Parallel Aware": false, "Startup Cost": 138809.67, "Total Cost": 303203.94, "Plan Rows": 2824100, "Plan Width": 185, "Actual Startup Time": 9545.569, "Actual Total Time": 9743.681, "Actual Rows": 57685, "Actual Loops": 1, "Output": ["customer.c_custkey", "customer.c_name", "customer.c_acctbal", "nation.n_name", "customer.c_address", "customer.c_phone", "customer.c_comment", "lineitem.l_extendedprice", "lineitem.l_discount"], "Sort Key": ["customer.c_custkey", "customer.c_name", "customer.c_acctbal", "customer.c_phone", "nation.n_name", "customer.c_address", "customer.c_comment"], "Presorted Key": ["customer.c_custkey"], "Full-sort Groups": {"Group Count": 1713, "Sort Methods Used": ["quicksort"], "Sort Space Memory": {"Average Sort Space Used": 33, "Peak Sort Space Used": 33}}, "Plans": [{"Node Type": "Merge Join", "Parent Relationship": "Outer", "Parallel Aware": false, "Join Type": "Inner", "Startup Cost": 138808.01, "Total Cost": 139606.55, "Plan Rows": 2824100, "Plan Width": 185, "Actual Startup Time": 9545.179, "Actual Total Time": 9695.101, "Actual Rows": 57685, "Actual Loops": 1, "Output": ["customer.c_custkey", "customer.c_name", "customer.c_acctbal", "nation.n_name", "customer.c_address", "customer.c_phone", "customer.c_comment", "lineitem.l_extendedprice", "lineitem.l_discount"], "Inner Unique": false, "Merge Cond": "(customer.c_custkey = orders.o_custkey)", "Plans": [{"Node Type": "Sort", "Parent Relationship": "Outer", "Parallel Aware": false, "Startup Cost": 15247.96, "Total Cost": 15435.46, "Plan Rows": 75000, "Plan Width": 173, "Actual Startup Time": 390.402, "Actual Total Time": 498.671, "Actual Rows": 75000, "Actual Loops": 1, "Output": ["customer.c_custkey", "customer.c_name", "customer.c_acctbal", "customer.c_address", "customer.c_phone", "customer.c_comment", "nation.n_name"], "Sort Key": ["customer.c_custkey"], "Sort Method": "external merge", "Sort Space Used": 12024, "Sort Space Type": "Disk", "Plans": [{"Node Type": "Hash Join", "Parent Relationship": "Outer", "Parallel Aware": false, "Join Type": "Inner", "Startup Cost": 21.48, "Total Cost": 2762.99, "Plan Rows": 75000, "Plan Width": 173, "Actual Startup Time": 0.027, "Actual Total Time": 34.585, "Actual Rows": 75000, "Actual Loops": 1, "Output": ["customer.c_custkey", "customer.c_name", "customer.c_acctbal", "customer.c_address", "customer.c_phone", "customer.c_comment", "nation.n_name"], "Inner Unique": true, "Hash Cond": "(customer.c_nationkey = nation.n_nationkey)", "Plans": [{"Node Type": "Seq Scan", "Parent Relationship": "Outer", "Parallel Aware": false, "Relation Name": "customer", "Schema": "public", "Alias": "customer", "Startup Cost": 0.0, "Total Cost": 2543.0, "Plan Rows": 75000, "Plan Width": 148, "Actual Startup Time": 0.007, "Actual Total Time": 8.64, "Actual Rows": 75000, "Actual Loops": 1, "Output": ["customer.c_custkey", "customer.c_name", "customer.c_address", "customer.c_nationkey", "customer.c_phone", "customer.c_acctbal", "customer.c_mktsegment", "customer.c_comment"]}, {"Node Type": "Hash", "Parent Relationship": "Inner", "Parallel Aware": false, "Startup Cost": 15.1, "Total Cost": 15.1, "Plan Rows": 510, "Plan Width": 33, "Actual Startup Time": 0.013, "Actual Total Time": 0.024, "Actual Rows": 25, "Actual Loops": 1, "Output": ["nation.n_name", "nation.n_nationkey"], "Hash Buckets": 1024, "Original Hash Buckets": 1024, "Hash Batches": 1, "Original Hash Batches": 1, "Peak Memory Usage": 10, "Plans": [{"Node Type": "Seq Scan", "Parent Relationship": "Outer", "Parallel Aware": false, "Relation Name": "nation", "Schema": "public", "Alias": "nation", "Startup Cost": 0.0, "Total Cost": 15.1, "Plan Rows": 510, "Plan Width": 33, "Actual Startup Time": 0.007, "Actual Total Time": 0.014, "Actual Rows": 25, "Actual Loops": 1, "Output": ["nation.n_name", "nation.n_nationkey"]}]}]}]}, {"Node Type": "Sort", "Parent Relationship": "Inner", "Parallel Aware": false, "Startup Cost": 123560.01, "Total Cost": 123630.61, "Plan Rows": 28241, "Plan Width": 16, "Actual Startup Time": 9154.367, "Actual Total Time": 9173.795, "Actual Rows": 57685, "Actual Loops": 1, "Output": ["orders.o_custkey", "lineitem.l_extendedprice", "lineitem.l_discount"], "Sort Key": ["orders.o_custkey"], "Sort Method": "external sort", "Sort Space Used": 1784, "Sort Space Type": "Disk", "Plans": [{"Node Type": "Hash Join", "Parent Relationship": "Outer", "Parallel Aware": false, "Join Type": "Inner", "Startup Cost": 24653.92, "Total Cost": 121472.23, "Plan Rows": 28241, "Plan Width": 16, "Actual Startup Time": 1587.915, "Actual Total Time": 8898.93, "Actual Rows": 57685, "Actual Loops": 1, "Output": ["orders.o_custkey", "lineitem.l_extendedprice", "lineitem.l_discount"], "Inner Unique": false, "Hash Cond": "(lineitem.l_orderkey = orders.o_orderkey)", "Plans": [{"Node Type": "Seq Scan", "Parent Relationship": "Outer", "Parallel Aware": false, "Relation Name": "lineitem", "Schema": "public", "Alias": "lineitem", "Startup Cost": 0.0, "Total Cost": 93730.69, "Plan Rows": 748054, "Plan Width": 16, "Actual Startup Time": 0.011, "Actual Total Time": 7089.686, "Actual Rows": 739563, "Actual Loops": 1, "Output": ["lineitem.l_orderkey", "lineitem.l_partkey", "lineitem.l_suppkey", "lineitem.l_linenumber", "lineitem.l_quantity", "lineitem.l_extendedprice", "lineitem.l_discount", "lineitem.l_tax", "lineitem.l_returnflag", "lineitem.l_linestatus", "lineitem.l_shipdate", "lineitem.l_commitdate", "lineitem.l_receiptdate", "lineitem.l_shipinstruct", "lineitem.l_shipmode", "lineitem.l_comment"], "Filter": "(lineitem.l_returnflag = 'R'::bpchar)", "Rows Removed by Filter": 2260108}, {"Node Type": "Hash", "Parent Relationship": "Inner", "Parallel Aware": false, "Startup Cost": 24300.0, "Total Cost": 24300.0, "Plan Rows": 28314, "Plan Width": 8, "Actual Startup Time": 1586.803, "Actual Total Time": 1586.803, "Actual Rows": 28777, "Actual Loops": 1, "Output": ["orders.o_custkey", "orders.o_orderkey"], "Hash Buckets": 32768, "Original Hash Buckets": 32768, "Hash Batches": 1, "Original Hash Batches": 1, "Peak Memory Usage": 1381, "Plans": [{"Node Type": "Seq Scan", "Parent Relationship": "Outer", "Parallel Aware": false, "Relation Name": "orders", "Schema": "public", "Alias": "orders", "Startup Cost": 0.0, "Total Cost": 24300.0, "Plan Rows": 28314, "Plan Width": 8, "Actual Startup Time": 0.004, "Actual Total Time": 1511.473, "Actual Rows": 28777, "Actual Loops": 1, "Output": ["orders.o_custkey", "orders.o_orderkey"], "Filter": "((orders.o_orderdate >= '1994-10-05'::date) AND (orders.o_orderdate < '1995-01-05 00:00:00'::timestamp without time zone))", "Rows Removed by Filter": 721223}]}]}]}]}]}]}]}, "Planning Time": 0.875, "Triggers": [], "Execution Time": 9856.259}]
q6#####[{"Plan": {"Node Type": "Sort", "Parallel Aware": false, "Startup Cost": 125323.45, "Total Cost": 125323.72, "Plan Rows": 106, "Plan Width": 61, "Actual Startup Time": 7358.871, "Actual Total Time": 7359.432, "Actual Rows": 5, "Actual Loops": 1, "Output": ["nation.n_name", "(sum((lineitem.l_extendedprice * ('1'::numeric - lineitem.l_discount))))"], "Sort Key": ["(sum((lineitem.l_extendedprice * ('1'::numeric - lineitem.l_discount)))) DESC"], "Sort Method": "quicksort", "Sort Space Used": 25, "Sort Space Type": "Memory", "Plans": [{"Node Type": "Aggregate", "Strategy": "Sorted", "Partial Mode": "Simple", "Parent Relationship": "Outer", "Parallel Aware": false, "Startup Cost": 125317.24, "Total Cost": 125319.89, "Plan Rows": 106, "Plan Width": 61, "Actual Startup Time": 7353.89, "Actual Total Time": 7359.373, "Actual Rows": 5, "Actual Loops": 1, "Output": ["nation.n_name", "sum((lineitem.l_extendedprice * ('1'::numeric - lineitem.l_discount)))"], "Group Key": ["nation.n_name"], "Plans": [{"Node Type": "Sort", "Parent Relationship": "Outer", "Parallel Aware": false, "Startup Cost": 125317.24, "Total Cost": 125317.5, "Plan Rows": 106, "Plan Width": 41, "Actual Startup Time": 7353.645, "Actual Total Time": 7358.296, "Actual Rows": 3648, "Actual Loops": 1, "Output": ["nation.n_name", "lineitem.l_extendedprice", "lineitem.l_discount"], "Sort Key": ["nation.n_name"], "Sort Method": "quicksort", "Sort Space Used": 381, "Sort Space Type": "Memory", "Plans": [{"Node Type": "Hash Join", "Parent Relationship": "Outer", "Parallel Aware": false, "Join Type": "Inner", "Startup Cost": 27785.82, "Total Cost": 125313.67, "Plan Rows": 106, "Plan Width": 41, "Actual Startup Time": 898.836, "Actual Total Time": 7340.988, "Actual Rows": 3648, "Actual Loops": 1, "Output": ["nation.n_name", "lineitem.l_extendedprice", "lineitem.l_discount"], "Inner Unique": false, "Hash Cond": "((lineitem.l_suppkey = supplier.s_suppkey) AND (customer.c_nationkey = supplier.s_nationkey))", "Plans": [{"Node Type": "Hash Join", "Parent Relationship": "Outer", "Parallel Aware": false, "Join Type": "Inner", "Startup Cost": 27549.82, "Total Cost": 125056.76, "Plan Rows": 2647, "Plan Width": 53, "Actual Startup Time": 876.943, "Actual Total Time": 7282.273, "Actual Rows": 92470, "Actual Loops": 1, "Output": ["customer.c_nationkey", "lineitem.l_extendedprice", "lineitem.l_discount", "lineitem.l_suppkey", "nation.n_name", "nation.n_nationkey"], "Inner Unique": false, "Hash Cond": "(lineitem.l_orderkey = orders.o_orderkey)", "Plans": [{"Node Type": "Seq Scan", "Parent Relationship": "Outer", "Parallel Aware": false, "Relation Name": "lineitem", "Schema": "public", "Alias": "lineitem", "Startup Cost": 0.0, "Total Cost": 86231.15, "Plan Rows": 2999815, "Plan Width": 20, "Actual Startup Time": 2.877, "Actual Total Time": 5502.085, "Actual Rows": 2999671, "Actual Loops": 1, "Output": ["lineitem.l_orderkey", "lineitem.l_partkey", "lineitem.l_suppkey", "lineitem.l_linenumber", "lineitem.l_quantity", "lineitem.l_extendedprice", "lineitem.l_discount", "lineitem.l_tax", "lineitem.l_returnflag", "lineitem.l_linestatus", "lineitem.l_shipdate", "lineitem.l_commitdate", "lineitem.l_receiptdate", "lineitem.l_shipinstruct", "lineitem.l_shipmode", "lineitem.l_comment"]}, {"Node Type": "Hash", "Parent Relationship": "Inner", "Parallel Aware": false, "Startup Cost": 27541.55, "Total Cost": 27541.55, "Plan Rows": 662, "Plan Width": 41, "Actual Startup Time": 873.817, "Actual Total Time": 874.361, "Actual Rows": 22974, "Actual Loops": 1, "Output": ["customer.c_nationkey", "orders.o_orderkey", "nation.n_name", "nation.n_nationkey"], "Hash Buckets": 32768, "Original Hash Buckets": 1024, "Hash Batches": 1, "Original Hash Batches": 1, "Peak Memory Usage": 1459, "Plans": [{"Node Type": "Hash Join", "Parent Relationship": "Outer", "Parallel Aware": false, "Join Type": "Inner", "Startup Cost": 2804.78, "Total Cost": 27541.55, "Plan Rows": 662, "Plan Width": 41, "Actual Startup Time": 230.93, "Actual Total Time": 866.321, "Actual Rows": 22974, "Actual Loops": 1, "Output": ["customer.c_nationkey", "orders.o_orderkey", "nation.n_name", "nation.n_nationkey"], "Inner Unique": false, "Hash Cond": "(orders.o_custkey = customer.c_custkey)", "Plans": [{"Node Type": "Seq Scan", "Parent Relationship": "Outer", "Parallel Aware": false, "Relation Name": "orders", "Schema": "public", "Alias": "orders", "Startup Cost": 0.0, "Total Cost": 24300.0, "Plan Rows": 114706, "Plan Width": 8, "Actual Startup Time": 0.303, "Actual Total Time": 594.237, "Actual Rows": 114174, "Actual Loops": 1, "Output": ["orders.o_orderkey", "orders.o_custkey", "orders.o_orderstatus", "orders.o_totalprice", "orders.o_orderdate", "orders.o_orderpriority", "orders.o_clerk", "orders.o_shippriority", "orders.o_comment"], "Filter": "((orders.o_orderdate >= '1996-01-10'::date) AND (orders.o_orderdate < '1997-01-10 00:00:00'::timestamp without time zone))", "Rows Removed by Filter": 635826}, {"Node Type": "Hash", "Parent Relationship": "Inner", "Parallel Aware": false, "Startup Cost": 2799.37, "Total Cost": 2799.37, "Plan Rows": 433, "Plan Width": 41, "Actual Startup Time": 230.616, "Actual Total Time": 231.138, "Actual Rows": 14993, "Actual Loops": 1, "Output": ["customer.c_custkey", "customer.c_nationkey", "nation.n_name", "nation.n_nationkey"], "Hash Buckets": 16384, "Original Hash Buckets": 1024, "Hash Batches": 1, "Original Hash Batches": 1, "Peak Memory Usage": 913, "Plans": [{"Node Type": "Hash Join", "Parent Relationship": "Outer", "Parallel Aware": false, "Join Type": "Inner", "Startup Cost": 38.01, "Total Cost": 2799.37, "Plan Rows": 433, "Plan Width": 41, "Actual Startup Time": 10.543, "Actual Total Time": 228.552, "Actual Rows": 14993, "Actual Loops": 1, "Output": ["customer.c_custkey", "customer.c_nationkey", "nation.n_name", "nation.n_nationkey"], "Inner Unique": true, "Hash Cond": "(nation.n_regionkey = region.r_regionkey)", "Plans": [{"Node Type": "Hash Join", "Parent Relationship": "Outer", "Parallel Aware": false, "Join Type": "Inner", "Startup Cost": 21.48, "Total Cost": 2762.99, "Plan Rows": 7500, "Plan Width": 45, "Actual Startup Time": 0.097, "Actual Total Time": 213.585, "Actual Rows": 75000, "Actual Loops": 1, "Output": ["customer.c_custkey", "customer.c_nationkey", "nation.n_name", "nation.n_nationkey", "nation.n_regionkey"], "Inner Unique": true, "Hash Cond": "(customer.c_nationkey = nation.n_nationkey)", "Plans": [{"Node Type": "Seq Scan", "Parent Relationship": "Outer", "Parallel Aware": false, "Relation Name": "customer", "Schema": "public", "Alias": "customer", "Startup Cost": 0.0, "Total Cost": 2543.0, "Plan Rows": 75000, "Plan Width": 8, "Actual Startup Time": 0.059, "Actual Total Time": 25.818, "Actual Rows": 75000, "Actual Loops": 1, "Output": ["customer.c_custkey", "customer.c_name", "customer.c_address", "customer.c_nationkey", "customer.c_phone", "customer.c_acctbal", "customer.c_mktsegment", "customer.c_comment"]}, {"Node Type": "Hash", "Parent Relationship": "Inner", "Parallel Aware": false, "Startup Cost": 15.1, "Total Cost": 15.1, "Plan Rows": 510, "Plan Width": 37, "Actual Startup Time": 0.02, "Actual Total Time": 0.03, "Actual Rows": 25, "Actual Loops": 1, "Output": ["nation.n_name", "nation.n_nationkey", "nation.n_regionkey"], "Hash Buckets": 1024, "Original Hash Buckets": 1024, "Hash Batches": 1, "Original Hash Batches": 1, "Peak Memory Usage": 10, "Plans": [{"Node Type": "Seq Scan", "Parent Relationship": "Outer", "Parallel Aware": false, "Relation Name": "nation", "Schema": "public", "Alias": "nation", "Startup Cost": 0.0, "Total Cost": 15.1, "Plan Rows": 510, "Plan Width": 37, "Actual Startup Time": 0.014, "Actual Total Time": 0.018, "Actual Rows": 25, "Actual Loops": 1, "Output": ["nation.n_name", "nation.n_nationkey", "nation.n_regionkey"]}]}]}, {"Node Type": "Hash", "Parent Relationship": "Inner", "Parallel Aware": false, "Startup Cost": 16.5, "Total Cost": 16.5, "Plan Rows": 3, "Plan Width": 4, "Actual Startup Time": 10.433, "Actual Total Time": 10.443, "Actual Rows": 1, "Actual Loops": 1, "Output": ["region.r_regionkey"], "Hash Buckets": 1024, "Original Hash Buckets": 1024, "Hash Batches": 1, "Original Hash Batches": 1, "Peak Memory Usage": 9, "Plans": [{"Node Type": "Seq Scan", "Parent Relationship": "Outer", "Parallel Aware": false, "Relation Name": "region", "Schema": "public", "Alias": "region", "Startup Cost": 0.0, "Total Cost": 16.5, "Plan Rows": 3, "Plan Width": 4, "Actual Startup Time": 10.42, "Actual Total Time": 10.423, "Actual Rows": 1, "Actual Loops": 1, "Output": ["region.r_regionkey"], "Filter": "((region.r_name)::text = 'EUROPE'::text)", "Rows Removed by Filter": 4}]}]}]}]}]}]}, {"Node Type": "Hash", "Parent Relationship": "Inner", "Parallel Aware": false, "Startup Cost": 161.0, "Total Cost": 161.0, "Plan Rows": 5000, "Plan Width": 8, "Actual Startup Time": 21.63, "Actual Total Time": 21.63, "Actual Rows": 5000, "Actual Loops": 1, "Output": ["supplier.s_suppkey", "supplier.s_nationkey"], "Hash Buckets": 8192, "Original Hash Buckets": 8192, "Hash Batches": 1, "Original Hash Batches": 1, "Peak Memory Usage": 260, "Plans": [{"Node Type": "Seq Scan", "Parent Relationship": "Outer", "Parallel Aware": false, "Relation Name": "supplier", "Schema": "public", "Alias": "supplier", "Startup Cost": 0.0, "Total Cost": 161.0, "Plan Rows": 5000, "Plan Width": 8, "Actual Startup Time": 0.009, "Actual Total Time": 21.111, "Actual Rows": 5000, "Actual Loops": 1, "Output": ["supplier.s_suppkey", "supplier.s_nationkey"]}]}]}]}]}]}, "Planning Time": 5.879, "Triggers": [], "Execution Time": 7360.698}]
q7#####[{"Plan": {"Node Type": "Aggregate", "Strategy": "Sorted", "Partial Mode": "Simple", "Parallel Aware": false, "Startup Cost": 26293.93, "Total Cost": 26294.25, "Plan Rows": 9, "Plan Width": 98, "Actual Startup Time": 850.15, "Actual Total Time": 850.569, "Actual Rows": 4, "Actual Loops": 1, "Output": ["n1.n_name", "n2.n_name", "(date_part('year'::text, (lineitem.l_shipdate)::timestamp without time zone))", "sum((lineitem.l_extendedprice * ('1'::numeric - lineitem.l_discount)))"], "Group Key": ["n1.n_name", "n2.n_name", "(date_part('year'::text, (lineitem.l_shipdate)::timestamp without time zone))"], "Plans": [{"Node Type": "Sort", "Parent Relationship": "Outer", "Parallel Aware": false, "Startup Cost": 26293.93, "Total Cost": 26293.95, "Plan Rows": 9, "Plan Width": 78, "Actual Startup Time": 849.993, "Actual Total Time": 850.113, "Actual Rows": 597, "Actual Loops": 1, "Output": ["n1.n_name", "n2.n_name", "(date_part('year'::text, (lineitem.l_shipdate)::timestamp without time zone))", "lineitem.l_extendedprice", "lineitem.l_discount"], "Sort Key": ["n1.n_name", "n2.n_name", "(date_part('year'::text, (lineitem.l_shipdate)::timestamp without time zone))"], "Sort Method": "quicksort", "Sort Space Used": 71, "Sort Space Type": "Memory", "Plans": [{"Node Type": "Hash Join", "Parent Relationship": "Outer", "Parallel Aware": false, "Join Type": "Inner", "Startup Cost": 5327.32, "Total Cost": 26293.79, "Plan Rows": 9, "Plan Width": 78, "Actual Startup Time": 455.792, "Actual Total Time": 849.322, "Actual Rows": 597, "Actual Loops": 1, "Output": ["n1.n_name", "n2.n_name", "date_part('year'::text, (lineitem.l_shipdate)::timestamp without time zone)", "lineitem.l_extendedprice", "lineitem.l_discount"], "Inner Unique": false, "Hash Cond": "(lineitem.l_suppkey = supplier.s_suppkey)", "Join Filter": "((((n1.n_name)::text = 'EGYPT'::text) AND ((n2.n_name)::text = 'ALGERIA'::text)) OR (((n1.n_name)::text = 'ALGERIA'::text) AND ((n2.n_name)::text = 'EGYPT'::text)))", "Rows Removed by Join Filter": 565, "Plans": [{"Node Type": "Hash Join", "Parent Relationship": "Outer", "Parallel Aware": false, "Join Type": "Inner", "Startup Cost": 5273.84, "Total Cost": 26233.09, "Plan Rows": 1815, "Plan Width": 49, "Actual Startup Time": 436.809, "Actual Total Time": 835.325, "Actual Rows": 14854, "Actual Loops": 1, "Output": ["lineitem.l_shipdate", "lineitem.l_extendedprice", "lineitem.l_discount", "lineitem.l_suppkey", "n2.n_name"], "Inner Unique": false, "Hash Cond": "(lineitem.l_orderkey = orders.o_orderkey)", "Plans": [{"Node Type": "Seq Scan", "Parent Relationship": "Outer", "Parallel Aware": false, "Relation Name": "lineitem", "Schema": "public", "Alias": "lineitem", "Startup Cost": 0.0, "Total Cost": 20247.0, "Plan Rows": 185095, "Plan Width": 24, "Actual Startup Time": 1.719, "Actual Total Time": 375.508, "Actual Rows": 182585, "Actual Loops": 1, "Output": ["lineitem.l_orderkey", "lineitem.l_partkey", "lineitem.l_suppkey", "lineitem.l_linenumber", "lineitem.l_quantity", "lineitem.l_extendedprice", "lineitem.l_discount", "lineitem.l_tax", "lineitem.l_returnflag", "lineitem.l_linestatus", "lineitem.l_shipdate", "lineitem.l_commitdate", "lineitem.l_receiptdate", "lineitem.l_shipinstruct", "lineitem.l_shipmode", "lineitem.l_comment"], "Filter": "((lineitem.l_shipdate >= '1995-01-01'::date) AND (lineitem.l_shipdate <= '1996-12-31'::date))", "Rows Removed by Filter": 417415}, {"Node Type": "Hash", "Parent Relationship": "Inner", "Parallel Aware": false, "Startup Cost": 5255.45, "Total Cost": 5255.45, "Plan Rows": 1471, "Plan Width": 33, "Actual Startup Time": 434.767, "Actual Total Time": 434.805, "Actual Rows": 12082, "Actual Loops": 1, "Output": ["orders.o_orderkey", "n2.n_name"], "Hash Buckets": 16384, "Original Hash Buckets": 2048, "Hash Batches": 1, "Original Hash Batches": 1, "Peak Memory Usage": 635, "Plans": [{"Node Type": "Hash Join", "Parent Relationship": "Outer", "Parallel Aware": false, "Join Type": "Inner", "Startup Cost": 568.25, "Total Cost": 5255.45, "Plan Rows": 1471, "Plan Width": 33, "Actual Startup Time": 78.638, "Actual Total Time": 430.434, "Actual Rows": 12082, "Actual Loops": 1, "Output": ["orders.o_orderkey", "n2.n_name"], "Inner Unique": false, "Hash Cond": "(orders.o_custkey = customer.c_custkey)", "Plans": [{"Node Type": "Seq Scan", "Parent Relationship": "Outer", "Parallel Aware": false, "Relation Name": "orders", "Schema": "public", "Alias": "orders", "Startup Cost": 0.0, "Total Cost": 4110.0, "Plan Rows": 150000, "Plan Width": 8, "Actual Startup Time": 0.484, "Actual Total Time": 337.355, "Actual Rows": 150000, "Actual Loops": 1, "Output": ["orders.o_orderkey", "orders.o_custkey", "orders.o_orderstatus", "orders.o_totalprice", "orders.o_orderdate", "orders.o_orderpriority", "orders.o_clerk", "orders.o_shippriority", "orders.o_comment"]}, {"Node Type": "Hash", "Parent Relationship": "Inner", "Parallel Aware": false, "Startup Cost": 566.41, "Total Cost": 566.41, "Plan Rows": 147, "Plan Width": 33, "Actual Startup Time": 77.655, "Actual Total Time": 77.676, "Actual Rows": 1226, "Actual Loops": 1, "Output": ["customer.c_custkey", "n2.n_name"], "Hash Buckets": 2048, "Original Hash Buckets": 1024, "Hash Batches": 1, "Original Hash Batches": 1, "Peak Memory Usage": 68, "Plans": [{"Node Type": "Hash Join", "Parent Relationship": "Outer", "Parallel Aware": false, "Join Type": "Inner", "Startup Cost": 17.71, "Total Cost": 566.41, "Plan Rows": 147, "Plan Width": 33, "Actual Startup Time": 0.222, "Actual Total Time": 77.035, "Actual Rows": 1226, "Actual Loops": 1, "Output": ["customer.c_custkey", "n2.n_name"], "Inner Unique": true, "Hash Cond": "(customer.c_nationkey = n2.n_nationkey)", "Plans": [{"Node Type": "Seq Scan", "Parent Relationship": "Outer", "Parallel Aware": false, "Relation Name": "customer", "Schema": "public", "Alias": "customer", "Startup Cost": 0.0, "Total Cost": 509.0, "Plan Rows": 15000, "Plan Width": 8, "Actual Startup Time": 0.003, "Actual Total Time": 74.34, "Actual Rows": 15000, "Actual Loops": 1, "Output": ["customer.c_custkey", "customer.c_name", "customer.c_address", "customer.c_nationkey", "customer.c_phone", "customer.c_acctbal", "customer.c_mktsegment", "customer.c_comment"]}, {"Node Type": "Hash", "Parent Relationship": "Inner", "Parallel Aware": false, "Startup Cost": 17.65, "Total Cost": 17.65, "Plan Rows": 5, "Plan Width": 33, "Actual Startup Time": 0.022, "Actual Total Time": 0.026, "Actual Rows": 2, "Actual Loops": 1, "Output": ["n2.n_name", "n2.n_nationkey"], "Hash Buckets": 1024, "Original Hash Buckets": 1024, "Hash Batches": 1, "Original Hash Batches": 1, "Peak Memory Usage": 9, "Plans": [{"Node Type": "Seq Scan", "Parent Relationship": "Outer", "Parallel Aware": false, "Relation Name": "nation", "Schema": "public", "Alias": "n2", "Startup Cost": 0.0, "Total Cost": 17.65, "Plan Rows": 5, "Plan Width": 33, "Actual Startup Time": 0.004, "Actual Total Time": 0.006, "Actual Rows": 2, "Actual Loops": 1, "Output": ["n2.n_name", "n2.n_nationkey"], "Filter": "(((n2.n_name)::text = 'ALGERIA'::text) OR ((n2.n_name)::text = 'EGYPT'::text))", "Rows Removed by Filter": 23}]}]}]}]}]}]}, {"Node Type": "Hash", "Parent Relationship": "Inner", "Parallel Aware": false, "Startup Cost": 53.36, "Total Cost": 53.36, "Plan Rows": 10, "Plan Width": 33, "Actual Startup Time": 11.701, "Actual Total Time": 11.71, "Actual Rows": 76, "Actual Loops": 1, "Output": ["supplier.s_suppkey", "n1.n_name"], "Hash Buckets": 1024, "Original Hash Buckets": 1024, "Hash Batches": 1, "Original Hash Batches": 1, "Peak Memory Usage": 12, "Plans": [{"Node Type": "Hash Join", "Parent Relationship": "Outer", "Parallel Aware": false, "Join Type": "Inner", "Startup Cost": 17.71, "Total Cost": 53.36, "Plan Rows": 10, "Plan Width": 33, "Actual Startup Time": 3.65, "Actual Total Time": 11.628, "Actual Rows": 76, "Actual Loops": 1, "Output": ["supplier.s_suppkey", "n1.n_name"], "Inner Unique": true, "Hash Cond": "(supplier.s_nationkey = n1.n_nationkey)", "Plans": [{"Node Type": "Seq Scan", "Parent Relationship": "Outer", "Parallel Aware": false, "Relation Name": "supplier", "Schema": "public", "Alias": "supplier", "Startup Cost": 0.0, "Total Cost": 33.0, "Plan Rows": 1000, "Plan Width": 8, "Actual Startup Time": 1.273, "Actual Total Time": 9.062, "Actual Rows": 1000, "Actual Loops": 1, "Output": ["supplier.s_suppkey", "supplier.s_name", "supplier.s_address", "supplier.s_nationkey", "supplier.s_phone", "supplier.s_acctbal", "supplier.s_comment"]}, {"Node Type": "Hash", "Parent Relationship": "Inner", "Parallel Aware": false, "Startup Cost": 17.65, "Total Cost": 17.65, "Plan Rows": 5, "Plan Width": 33, "Actual Startup Time": 2.361, "Actual Total Time": 2.365, "Actual Rows": 2, "Actual Loops": 1, "Output": ["n1.n_name", "n1.n_nationkey"], "Hash Buckets": 1024, "Original Hash Buckets": 1024, "Hash Batches": 1, "Original Hash Batches": 1, "Peak Memory Usage": 9, "Plans": [{"Node Type": "Seq Scan", "Parent Relationship": "Outer", "Parallel Aware": false, "Relation Name": "nation", "Schema": "public", "Alias": "n1", "Startup Cost": 0.0, "Total Cost": 17.65, "Plan Rows": 5, "Plan Width": 33, "Actual Startup Time": 2.356, "Actual Total Time": 2.358, "Actual Rows": 2, "Actual Loops": 1, "Output": ["n1.n_name", "n1.n_nationkey"], "Filter": "(((n1.n_name)::text = 'EGYPT'::text) OR ((n1.n_name)::text = 'ALGERIA'::text))", "Rows Removed by Filter": 23}]}]}]}]}]}]}, "Planning Time": 3.002, "Triggers": [], "Execution Time": 850.717}]
q8#####[{"Plan": {"Node Type": "Sort", "Parallel Aware": false, "Startup Cost": 125303.41, "Total Cost": 125303.66, "Plan Rows": 102, "Plan Width": 61, "Actual Startup Time": 3059.294, "Actual Total Time": 3059.586, "Actual Rows": 5, "Actual Loops": 1, "Output": ["nation.n_name", "(sum((lineitem.l_extendedprice * ('1'::numeric - lineitem.l_discount))))"], "Sort Key": ["(sum((lineitem.l_extendedprice * ('1'::numeric - lineitem.l_discount)))) DESC"], "Sort Method": "quicksort", "Sort Space Used": 25, "Sort Space Type": "Memory", "Plans": [{"Node Type": "Aggregate", "Strategy": "Sorted", "Partial Mode": "Simple", "Parent Relationship": "Outer", "Parallel Aware": false, "Startup Cost": 125297.45, "Total Cost": 125300.0, "Plan Rows": 102, "Plan Width": 61, "Actual Startup Time": 3058.305, "Actual Total Time": 3059.36, "Actual Rows": 5, "Actual Loops": 1, "Output": ["nation.n_name", "sum((lineitem.l_extendedprice * ('1'::numeric - lineitem.l_discount)))"], "Group Key": ["nation.n_name"], "Plans": [{"Node Type": "Sort", "Parent Relationship": "Outer", "Parallel Aware": false, "Startup Cost": 125297.45, "Total Cost": 125297.71, "Plan Rows": 102, "Plan Width": 41, "Actual Startup Time": 3057.932, "Actual Total Time": 3058.496, "Actual Rows": 3717, "Actual Loops": 1, "Output": ["nation.n_name", "lineitem.l_extendedprice", "lineitem.l_discount"], "Sort Key": ["nation.n_name"], "Sort Method": "quicksort", "Sort Space Used": 385, "Sort Space Type": "Memory", "Plans": [{"Node Type": "Hash Join", "Parent Relationship": "Outer", "Parallel Aware": false, "Join Type": "Inner", "Startup Cost": 27768.11, "Total Cost": 125294.05, "Plan Rows": 102, "Plan Width": 41, "Actual Startup Time": 317.464, "Actual Total Time": 3046.568, "Actual Rows": 3717, "Actual Loops": 1, "Output": ["nation.n_name", "lineitem.l_extendedprice", "lineitem.l_discount"], "Inner Unique": false, "Hash Cond": "((lineitem.l_suppkey = supplier.s_suppkey) AND (customer.c_nationkey = supplier.s_nationkey))", "Plans": [{"Node Type": "Hash Join", "Parent Relationship": "Outer", "Parallel Aware": false, "Join Type": "Inner", "Startup Cost": 27532.11, "Total Cost": 125037.96, "Plan Rows": 2542, "Plan Width": 53, "Actual Startup Time": 308.169, "Actual Total Time": 2996.863, "Actual Rows": 91992, "Actual Loops": 1, "Output": ["customer.c_nationkey", "lineitem.l_extendedprice", "lineitem.l_discount", "lineitem.l_suppkey", "nation.n_name", "nation.n_nationkey"], "Inner Unique": false, "Hash Cond": "(lineitem.l_orderkey = orders.o_orderkey)", "Plans": [{"Node Type": "Seq Scan", "Parent Relationship": "Outer", "Parallel Aware": false, "Relation Name": "lineitem", "Schema": "public", "Alias": "lineitem", "Startup Cost": 0.0, "Total Cost": 86231.15, "Plan Rows": 2999815, "Plan Width": 20, "Actual Startup Time": 0.034, "Actual Total Time": 2190.55, "Actual Rows": 2999671, "Actual Loops": 1, "Output": ["lineitem.l_orderkey", "lineitem.l_partkey", "lineitem.l_suppkey", "lineitem.l_linenumber", "lineitem.l_quantity", "lineitem.l_extendedprice", "lineitem.l_discount", "lineitem.l_tax", "lineitem.l_returnflag", "lineitem.l_linestatus", "lineitem.l_shipdate", "lineitem.l_commitdate", "lineitem.l_receiptdate", "lineitem.l_shipinstruct", "lineitem.l_shipmode", "lineitem.l_comment"]}, {"Node Type": "Hash", "Parent Relationship": "Inner", "Parallel Aware": false, "Startup Cost": 27524.17, "Total Cost": 27524.17, "Plan Rows": 635, "Plan Width": 41, "Actual Startup Time": 306.054, "Actual Total Time": 306.326, "Actual Rows": 22993, "Actual Loops": 1, "Output": ["customer.c_nationkey", "orders.o_orderkey", "nation.n_name", "nation.n_nationkey"], "Hash Buckets": 32768, "Original Hash Buckets": 1024, "Hash Batches": 1, "Original Hash Batches": 1, "Peak Memory Usage": 1442, "Plans": [{"Node Type": "Hash Join", "Parent Relationship": "Outer", "Parallel Aware": false, "Join Type": "Inner", "Startup Cost": 2804.78, "Total Cost": 27524.17, "Plan Rows": 635, "Plan Width": 41, "Actual Startup Time": 65.989, "Actual Total Time": 284.248, "Actual Rows": 22993, "Actual Loops": 1, "Output": ["customer.c_nationkey", "orders.o_orderkey", "nation.n_name", "nation.n_nationkey"], "Inner Unique": false, "Hash Cond": "(orders.o_custkey = customer.c_custkey)", "Plans": [{"Node Type": "Seq Scan", "Parent Relationship": "Outer", "Parallel Aware": false, "Relation Name": "orders", "Schema": "public", "Alias": "orders", "Startup Cost": 0.0, "Total Cost": 24300.0, "Plan Rows": 110142, "Plan Width": 8, "Actual Startup Time": 0.032, "Actual Total Time": 186.612, "Actual Rows": 114234, "Actual Loops": 1, "Output": ["orders.o_orderkey", "orders.o_custkey", "orders.o_orderstatus", "orders.o_totalprice", "orders.o_orderdate", "orders.o_orderpriority", "orders.o_clerk", "orders.o_shippriority", "orders.o_comment"], "Filter": "((orders.o_orderdate >= '1995-01-01'::date) AND (orders.o_orderdate < '1996-01-01 00:00:00'::timestamp without time zone))", "Rows Removed by Filter": 635766}, {"Node Type": "Hash", "Parent Relationship": "Inner", "Parallel Aware": false, "Startup Cost": 2799.37, "Total Cost": 2799.37, "Plan Rows": 433, "Plan Width": 41, "Actual Startup Time": 65.938, "Actual Total Time": 66.183, "Actual Rows": 15053, "Actual Loops": 1, "Output": ["customer.c_custkey", "customer.c_nationkey", "nation.n_name", "nation.n_nationkey"], "Hash Buckets": 16384, "Original Hash Buckets": 1024, "Hash Batches": 1, "Original Hash Batches": 1, "Peak Memory Usage": 905, "Plans": [{"Node Type": "Hash Join", "Parent Relationship": "Outer", "Parallel Aware": false, "Join Type": "Inner", "Startup Cost": 38.01, "Total Cost": 2799.37, "Plan Rows": 433, "Plan Width": 41, "Actual Startup Time": 0.105, "Actual Total Time": 62.633, "Actual Rows": 15053, "Actual Loops": 1, "Output": ["customer.c_custkey", "customer.c_nationkey", "nation.n_name", "nation.n_nationkey"], "Inner Unique": true, "Hash Cond": "(nation.n_regionkey = region.r_regionkey)", "Plans": [{"Node Type": "Hash Join", "Parent Relationship": "Outer", "Parallel Aware": false, "Join Type": "Inner", "Startup Cost": 21.48, "Total Cost": 2762.99, "Plan Rows": 7500, "Plan Width": 45, "Actual Startup Time": 0.046, "Actual Total Time": 51.904, "Actual Rows": 75000, "Actual Loops": 1, "Output": ["customer.c_custkey", "customer.c_nationkey", "nation.n_name", "nation.n_nationkey", "nation.n_regionkey"], "Inner Unique": true, "Hash Cond": "(customer.c_nationkey = nation.n_nationkey)", "Plans": [{"Node Type": "Seq Scan", "Parent Relationship": "Outer", "Parallel Aware": false, "Relation Name": "customer", "Schema": "public", "Alias": "customer", "Startup Cost": 0.0, "Total Cost": 2543.0, "Plan Rows": 75000, "Plan Width": 8, "Actual Startup Time": 0.012, "Actual Total Time": 7.581, "Actual Rows": 75000, "Actual Loops": 1, "Output": ["customer.c_custkey", "customer.c_name", "customer.c_address", "customer.c_nationkey", "customer.c_phone", "customer.c_acctbal", "customer.c_mktsegment", "customer.c_comment"]}, {"Node Type": "Hash", "Parent Relationship": "Inner", "Parallel Aware": false, "Startup Cost": 15.1, "Total Cost": 15.1, "Plan Rows": 510, "Plan Width": 37, "Actual Startup Time": 0.015, "Actual Total Time": 0.031, "Actual Rows": 25, "Actual Loops": 1, "Output": ["nation.n_name", "nation.n_nationkey", "nation.n_regionkey"], "Hash Buckets": 1024, "Original Hash Buckets": 1024, "Hash Batches": 1, "Original Hash Batches": 1, "Peak Memory Usage": 10, "Plans": [{"Node Type": "Seq Scan", "Parent Relationship": "Outer", "Parallel Aware": false, "Relation Name": "nation", "Schema": "public", "Alias": "nation", "Startup Cost": 0.0, "Total Cost": 15.1, "Plan Rows": 510, "Plan Width": 37, "Actual Startup Time": 0.006, "Actual Total Time": 0.012, "Actual Rows": 25, "Actual Loops": 1, "Output": ["nation.n_name", "nation.n_nationkey", "nation.n_regionkey"]}]}]}, {"Node Type": "Hash", "Parent Relationship": "Inner", "Parallel Aware": false, "Startup Cost": 16.5, "Total Cost": 16.5, "Plan Rows": 3, "Plan Width": 4, "Actual Startup Time": 0.032, "Actual Total Time": 0.048, "Actual Rows": 1, "Actual Loops": 1, "Output": ["region.r_regionkey"], "Hash Buckets": 1024, "Original Hash Buckets": 1024, "Hash Batches": 1, "Original Hash Batches": 1, "Peak Memory Usage": 9, "Plans": [{"Node Type": "Seq Scan", "Parent Relationship": "Outer", "Parallel Aware": false, "Relation Name": "region", "Schema": "public", "Alias": "region", "Startup Cost": 0.0, "Total Cost": 16.5, "Plan Rows": 3, "Plan Width": 4, "Actual Startup Time": 0.028, "Actual Total Time": 0.033, "Actual Rows": 1, "Actual Loops": 1, "Output": ["region.r_regionkey"], "Filter": "((region.r_name)::text = 'ASIA'::text)", "Rows Removed by Filter": 4}]}]}]}]}]}]}, {"Node Type": "Hash", "Parent Relationship": "Inner", "Parallel Aware": false, "Startup Cost": 161.0, "Total Cost": 161.0, "Plan Rows": 5000, "Plan Width": 8, "Actual Startup Time": 7.7, "Actual Total Time": 7.701, "Actual Rows": 5000, "Actual Loops": 1, "Output": ["supplier.s_suppkey", "supplier.s_nationkey"], "Hash Buckets": 8192, "Original Hash Buckets": 8192, "Hash Batches": 1, "Original Hash Batches": 1, "Peak Memory Usage": 260, "Plans": [{"Node Type": "Seq Scan", "Parent Relationship": "Outer", "Parallel Aware": false, "Relation Name": "supplier", "Schema": "public", "Alias": "supplier", "Startup Cost": 0.0, "Total Cost": 161.0, "Plan Rows": 5000, "Plan Width": 8, "Actual Startup Time": 0.011, "Actual Total Time": 6.787, "Actual Rows": 5000, "Actual Loops": 1, "Output": ["supplier.s_suppkey", "supplier.s_nationkey"]}]}]}]}]}]}, "Planning Time": 2.312, "Triggers": [], "Execution Time": 3060.187}]
q9#####[{"Plan": {"Node Type": "Aggregate", "Strategy": "Sorted", "Partial Mode": "Simple", "Parallel Aware": false, "Startup Cost": 129376.78, "Total Cost": 129378.58, "Plan Rows": 40, "Plan Width": 40, "Actual Startup Time": 2194.705, "Actual Total Time": 2195.138, "Actual Rows": 2, "Actual Loops": 1, "Output": ["(date_part('year'::text, (orders.o_orderdate)::timestamp without time zone))", "(sum(CASE WHEN ((n2.n_name)::text = 'MOZAMBIQUE'::text) THEN (lineitem.l_extendedprice * ('1'::numeric - lineitem.l_discount)) ELSE '0'::numeric END) / sum((lineitem.l_extendedprice * ('1'::numeric - lineitem.l_discount))))"], "Group Key": ["(date_part('year'::text, (orders.o_orderdate)::timestamp without time zone))"], "Plans": [{"Node Type": "Sort", "Parent Relationship": "Outer", "Parallel Aware": false, "Startup Cost": 129376.78, "Total Cost": 129376.88, "Plan Rows": 40, "Plan Width": 49, "Actual Startup Time": 2194.167, "Actual Total Time": 2194.411, "Actual Rows": 1297, "Actual Loops": 1, "Output": ["(date_part('year'::text, (orders.o_orderdate)::timestamp without time zone))", "n2.n_name", "lineitem.l_extendedprice", "lineitem.l_discount"], "Sort Key": ["(date_part('year'::text, (orders.o_orderdate)::timestamp without time zone))"], "Sort Method": "quicksort", "Sort Space Used": 150, "Sort Space Type": "Memory", "Plans": [{"Node Type": "Nested Loop", "Parent Relationship": "Outer", "Parallel Aware": false, "Join Type": "Inner", "Startup Cost": 31572.55, "Total Cost": 129375.72, "Plan Rows": 40, "Plan Width": 49, "Actual Startup Time": 770.91, "Actual Total Time": 2192.759, "Actual Rows": 1297, "Actual Loops": 1, "Output": ["date_part('year'::text, (orders.o_orderdate)::timestamp without time zone)", "n2.n_name", "lineitem.l_extendedprice", "lineitem.l_discount"], "Inner Unique": true, "Plans": [{"Node Type": "Hash Join", "Parent Relationship": "Outer", "Parallel Aware": false, "Join Type": "Inner", "Startup Cost": 31572.4, "Total Cost": 129368.53, "Plan Rows": 40, "Plan Width": 20, "Actual Startup Time": 770.782, "Actual Total Time": 2184.702, "Actual Rows": 1297, "Actual Loops": 1, "Output": ["lineitem.l_extendedprice", "lineitem.l_discount", "supplier.s_nationkey", "orders.o_orderdate"], "Inner Unique": false, "Hash Cond": "(lineitem.l_suppkey = supplier.s_suppkey)", "Plans": [{"Node Type": "Hash Join", "Parent Relationship": "Outer", "Parallel Aware": false, "Join Type": "Inner", "Startup Cost": 31348.9, "Total Cost": 129144.48, "Plan Rows": 40, "Plan Width": 20, "Actual Startup Time": 769.191, "Actual Total Time": 2181.458, "Actual Rows": 1297, "Actual Loops": 1, "Output": ["lineitem.l_extendedprice", "lineitem.l_discount", "lineitem.l_suppkey", "orders.o_orderdate"], "Inner Unique": false, "Hash Cond": "(lineitem.l_orderkey = orders.o_orderkey)", "Plans": [{"Node Type": "Hash Join", "Parent Relationship": "Outer", "Parallel Aware": false, "Join Type": "Inner", "Startup Cost": 3307.54, "Total Cost": 101016.88, "Plan Rows": 22889, "Plan Width": 20, "Actual Startup Time": 418.785, "Actual Total Time": 1813.032, "Actual Rows": 21434, "Actual Loops": 1, "Output": ["lineitem.l_extendedprice", "lineitem.l_discount", "lineitem.l_suppkey", "lineitem.l_orderkey"], "Inner Unique": false, "Hash Cond": "(lineitem.l_partkey = part.p_partkey)", "Plans": [{"Node Type": "Seq Scan", "Parent Relationship": "Outer", "Parallel Aware": false, "Relation Name": "lineitem", "Schema": "public", "Alias": "lineitem", "Startup Cost": 0.0, "Total Cost": 86231.15, "Plan Rows": 2999815, "Plan Width": 24, "Actual Startup Time": 0.009, "Actual Total Time": 1020.548, "Actual Rows": 2999671, "Actual Loops": 1, "Output": ["lineitem.l_orderkey", "lineitem.l_partkey", "lineitem.l_suppkey", "lineitem.l_linenumber", "lineitem.l_quantity", "lineitem.l_extendedprice", "lineitem.l_discount", "lineitem.l_tax", "lineitem.l_returnflag", "lineitem.l_linestatus", "lineitem.l_shipdate", "lineitem.l_commitdate", "lineitem.l_receiptdate", "lineitem.l_shipinstruct", "lineitem.l_shipmode", "lineitem.l_comment"]}, {"Node Type": "Hash", "Parent Relationship": "Inner", "Parallel Aware": false, "Startup Cost": 3298.0, "Total Cost": 3298.0, "Plan Rows": 763, "Plan Width": 4, "Actual Startup Time": 418.722, "Actual Total Time": 418.726, "Actual Rows": 721, "Actual Loops": 1, "Output": ["part.p_partkey"], "Hash Buckets": 1024, "Original Hash Buckets": 1024, "Hash Batches": 1, "Original Hash Batches": 1, "Peak Memory Usage": 34, "Plans": [{"Node Type": "Seq Scan", "Parent Relationship": "Outer", "Parallel Aware": false, "Relation Name": "part", "Schema": "public", "Alias": "part", "Startup Cost": 0.0, "Total Cost": 3298.0, "Plan Rows": 763, "Plan Width": 4, "Actual Startup Time": 0.01, "Actual Total Time": 417.736, "Actual Rows": 721, "Actual Loops": 1, "Output": ["part.p_partkey"], "Filter": "((part.p_type)::text = 'SMALL BRUSHED TIN'::text)", "Rows Removed by Filter": 99279}]}]}, {"Node Type": "Hash", "Parent Relationship": "Inner", "Parallel Aware": false, "Startup Cost": 28025.12, "Total Cost": 28025.12, "Plan Rows": 1300, "Plan Width": 8, "Actual Startup Time": 347.839, "Actual Total Time": 347.903, "Actual Rows": 45528, "Actual Loops": 1, "Output": ["orders.o_orderdate", "orders.o_orderkey"], "Hash Buckets": 65536, "Original Hash Buckets": 2048, "Hash Batches": 1, "Original Hash Batches": 1, "Peak Memory Usage": 2291, "Plans": [{"Node Type": "Hash Join", "Parent Relationship": "Outer", "Parallel Aware": false, "Join Type": "Inner", "Startup Cost": 2867.1, "Total Cost": 28025.12, "Plan Rows": 1300, "Plan Width": 8, "Actual Startup Time": 31.083, "Actual Total Time": 316.865, "Actual Rows": 45528, "Actual Loops": 1, "Output": ["orders.o_orderdate", "orders.o_orderkey"], "Inner Unique": false, "Hash Cond": "(orders.o_custkey = customer.c_custkey)", "Plans": [{"Node Type": "Seq Scan", "Parent Relationship": "Outer", "Parallel Aware": false, "Relation Name": "orders", "Schema": "public", "Alias": "orders", "Startup Cost": 0.0, "Total Cost": 24300.0, "Plan Rows": 225336, "Plan Width": 12, "Actual Startup Time": 0.041, "Actual Total Time": 232.761, "Actual Rows": 228641, "Actual Loops": 1, "Output": ["orders.o_orderkey", "orders.o_custkey", "orders.o_orderstatus", "orders.o_totalprice", "orders.o_orderdate", "orders.o_orderpriority", "orders.o_clerk", "orders.o_shippriority", "orders.o_comment"], "Filter": "((orders.o_orderdate >= '1995-01-01'::date) AND (orders.o_orderdate <= '1996-12-31'::date))", "Rows Removed by Filter": 521359}, {"Node Type": "Hash", "Parent Relationship": "Inner", "Parallel Aware": false, "Startup Cost": 2861.68, "Total Cost": 2861.68, "Plan Rows": 433, "Plan Width": 4, "Actual Startup Time": 30.95, "Actual Total Time": 30.99, "Actual Rows": 14960, "Actual Loops": 1, "Output": ["customer.c_custkey"], "Hash Buckets": 16384, "Original Hash Buckets": 1024, "Hash Batches": 1, "Original Hash Batches": 1, "Peak Memory Usage": 654, "Plans": [{"Node Type": "Hash Join", "Parent Relationship": "Outer", "Parallel Aware": false, "Join Type": "Inner", "Startup Cost": 33.02, "Total Cost": 2861.68, "Plan Rows": 433, "Plan Width": 4, "Actual Startup Time": 0.219, "Actual Total Time": 27.405, "Actual Rows": 14960, "Actual Loops": 1, "Output": ["customer.c_custkey"], "Inner Unique": false, "Hash Cond": "(customer.c_nationkey = n1.n_nationkey)", "Plans": [{"Node Type": "Seq Scan", "Parent Relationship": "Outer", "Parallel Aware": false, "Relation Name": "customer", "Schema": "public", "Alias": "customer", "Startup Cost": 0.0, "Total Cost": 2543.0, "Plan Rows": 75000, "Plan Width": 8, "Actual Startup Time": 0.019, "Actual Total Time": 12.791, "Actual Rows": 75000, "Actual Loops": 1, "Output": ["customer.c_custkey", "customer.c_name", "customer.c_address", "customer.c_nationkey", "customer.c_phone", "customer.c_acctbal", "customer.c_mktsegment", "customer.c_comment"]}, {"Node Type": "Hash", "Parent Relationship": "Inner", "Parallel Aware": false, "Startup Cost": 32.99, "Total Cost": 32.99, "Plan Rows": 3, "Plan Width": 4, "Actual Startup Time": 0.157, "Actual Total Time": 0.186, "Actual Rows": 5, "Actual Loops": 1, "Output": ["n1.n_nationkey"], "Hash Buckets": 1024, "Original Hash Buckets": 1024, "Hash Batches": 1, "Original Hash Batches": 1, "Peak Memory Usage": 9, "Plans": [{"Node Type": "Hash Join", "Parent Relationship": "Outer", "Parallel Aware": false, "Join Type": "Inner", "Startup Cost": 16.54, "Total Cost": 32.99, "Plan Rows": 3, "Plan Width": 4, "Actual Startup Time": 0.142, "Actual Total Time": 0.164, "Actual Rows": 5, "Actual Loops": 1, "Output": ["n1.n_nationkey"], "Inner Unique": true, "Hash Cond": "(n1.n_regionkey = region.r_regionkey)", "Plans": [{"Node Type": "Seq Scan", "Parent Relationship": "Outer", "Parallel Aware": false, "Relation Name": "nation", "Schema": "public", "Alias": "n1", "Startup Cost": 0.0, "Total Cost": 15.1, "Plan Rows": 510, "Plan Width": 8, "Actual Startup Time": 0.012, "Actual Total Time": 0.014, "Actual Rows": 25, "Actual Loops": 1, "Output": ["n1.n_nationkey", "n1.n_name", "n1.n_regionkey", "n1.n_comment"]}, {"Node Type": "Hash", "Parent Relationship": "Inner", "Parallel Aware": false, "Startup Cost": 16.5, "Total Cost": 16.5, "Plan Rows": 3, "Plan Width": 4, "Actual Startup Time": 0.042, "Actual Total Time": 0.052, "Actual Rows": 1, "Actual Loops": 1, "Output": ["region.r_regionkey"], "Hash Buckets": 1024, "Original Hash Buckets": 1024, "Hash Batches": 1, "Original Hash Batches": 1, "Peak Memory Usage": 9, "Plans": [{"Node Type": "Seq Scan", "Parent Relationship": "Outer", "Parallel Aware": false, "Relation Name": "region", "Schema": "public", "Alias": "region", "Startup Cost": 0.0, "Total Cost": 16.5, "Plan Rows": 3, "Plan Width": 4, "Actual Startup Time": 0.031, "Actual Total Time": 0.035, "Actual Rows": 1, "Actual Loops": 1, "Output": ["region.r_regionkey"], "Filter": "((region.r_name)::text = 'AFRICA'::text)", "Rows Removed by Filter": 4}]}]}]}]}]}]}]}]}, {"Node Type": "Hash", "Parent Relationship": "Inner", "Parallel Aware": false, "Startup Cost": 161.0, "Total Cost": 161.0, "Plan Rows": 5000, "Plan Width": 8, "Actual Startup Time": 1.555, "Actual Total Time": 1.556, "Actual Rows": 5000, "Actual Loops": 1, "Output": ["supplier.s_suppkey", "supplier.s_nationkey"], "Hash Buckets": 8192, "Original Hash Buckets": 8192, "Hash Batches": 1, "Original Hash Batches": 1, "Peak Memory Usage": 260, "Plans": [{"Node Type": "Seq Scan", "Parent Relationship": "Outer", "Parallel Aware": false, "Relation Name": "supplier", "Schema": "public", "Alias": "supplier", "Startup Cost": 0.0, "Total Cost": 161.0, "Plan Rows": 5000, "Plan Width": 8, "Actual Startup Time": 0.004, "Actual Total Time": 0.847, "Actual Rows": 5000, "Actual Loops": 1, "Output": ["supplier.s_suppkey", "supplier.s_nationkey"]}]}]}, {"Node Type": "Index Scan", "Parent Relationship": "Inner", "Parallel Aware": false, "Scan Direction": "Forward", "Index Name": "nation_pkey", "Relation Name": "nation", "Schema": "public", "Alias": "n2", "Startup Cost": 0.15, "Total Cost": 0.17, "Plan Rows": 1, "Plan Width": 33, "Actual Startup Time": 0.004, "Actual Total Time": 0.004, "Actual Rows": 1, "Actual Loops": 1297, "Output": ["n2.n_nationkey", "n2.n_name", "n2.n_regionkey", "n2.n_comment"], "Index Cond": "(n2.n_nationkey = supplier.s_nationkey)", "Rows Removed by Index Recheck": 0}]}]}]}, "Planning Time": 7.462, "Triggers": [], "Execution Time": 2196.154}]
q10#####[{"Plan": {"Node Type": "Aggregate", "Strategy": "Sorted", "Partial Mode": "Simple", "Parallel Aware": false, "Startup Cost": 26293.93, "Total Cost": 26294.25, "Plan Rows": 9, "Plan Width": 98, "Actual Startup Time": 850.314, "Actual Total Time": 850.745, "Actual Rows": 4, "Actual Loops": 1, "Output": ["n1.n_name", "n2.n_name", "(date_part('year'::text, (lineitem.l_shipdate)::timestamp without time zone))", "sum((lineitem.l_extendedprice * ('1'::numeric - lineitem.l_discount)))"], "Group Key": ["n1.n_name", "n2.n_name", "(date_part('year'::text, (lineitem.l_shipdate)::timestamp without time zone))"], "Plans": [{"Node Type": "Sort", "Parent Relationship": "Outer", "Parallel Aware": false, "Startup Cost": 26293.93, "Total Cost": 26293.95, "Plan Rows": 9, "Plan Width": 78, "Actual Startup Time": 850.163, "Actual Total Time": 850.289, "Actual Rows": 658, "Actual Loops": 1, "Output": ["n1.n_name", "n2.n_name", "(date_part('year'::text, (lineitem.l_shipdate)::timestamp without time zone))", "lineitem.l_extendedprice", "lineitem.l_discount"], "Sort Key": ["n1.n_name", "n2.n_name", "(date_part('year'::text, (lineitem.l_shipdate)::timestamp without time zone))"], "Sort Method": "quicksort", "Sort Space Used": 76, "Sort Space Type": "Memory", "Plans": [{"Node Type": "Hash Join", "Parent Relationship": "Outer", "Parallel Aware": false, "Join Type": "Inner", "Startup Cost": 5327.32, "Total Cost": 26293.79, "Plan Rows": 9, "Plan Width": 78, "Actual Startup Time": 450.514, "Actual Total Time": 849.131, "Actual Rows": 658, "Actual Loops": 1, "Output": ["n1.n_name", "n2.n_name", "date_part('year'::text, (lineitem.l_shipdate)::timestamp without time zone)", "lineitem.l_extendedprice", "lineitem.l_discount"], "Inner Unique": false, "Hash Cond": "(lineitem.l_suppkey = supplier.s_suppkey)", "Join Filter": "((((n1.n_name)::text = 'BRAZIL'::text) AND ((n2.n_name)::text = 'CANADA'::text)) OR (((n1.n_name)::text = 'CANADA'::text) AND ((n2.n_name)::text = 'BRAZIL'::text)))", "Rows Removed by Join Filter": 581, "Plans": [{"Node Type": "Hash Join", "Parent Relationship": "Outer", "Parallel Aware": false, "Join Type": "Inner", "Startup Cost": 5273.84, "Total Cost": 26233.09, "Plan Rows": 1815, "Plan Width": 49, "Actual Startup Time": 437.145, "Actual Total Time": 834.729, "Actual Rows": 14507, "Actual Loops": 1, "Output": ["lineitem.l_shipdate", "lineitem.l_extendedprice", "lineitem.l_discount", "lineitem.l_suppkey", "n2.n_name"], "Inner Unique": false, "Hash Cond": "(lineitem.l_orderkey = orders.o_orderkey)", "Plans": [{"Node Type": "Seq Scan", "Parent Relationship": "Outer", "Parallel Aware": false, "Relation Name": "lineitem", "Schema": "public", "Alias": "lineitem", "Startup Cost": 0.0, "Total Cost": 20247.0, "Plan Rows": 185095, "Plan Width": 24, "Actual Startup Time": 1.647, "Actual Total Time": 376.271, "Actual Rows": 182585, "Actual Loops": 1, "Output": ["lineitem.l_orderkey", "lineitem.l_partkey", "lineitem.l_suppkey", "lineitem.l_linenumber", "lineitem.l_quantity", "lineitem.l_extendedprice", "lineitem.l_discount", "lineitem.l_tax", "lineitem.l_returnflag", "lineitem.l_linestatus", "lineitem.l_shipdate", "lineitem.l_commitdate", "lineitem.l_receiptdate", "lineitem.l_shipinstruct", "lineitem.l_shipmode", "lineitem.l_comment"], "Filter": "((lineitem.l_shipdate >= '1995-01-01'::date) AND (lineitem.l_shipdate <= '1996-12-31'::date))", "Rows Removed by Filter": 417415}, {"Node Type": "Hash", "Parent Relationship": "Inner", "Parallel Aware": false, "Startup Cost": 5255.45, "Total Cost": 5255.45, "Plan Rows": 1471, "Plan Width": 33, "Actual Startup Time": 434.413, "Actual Total Time": 434.446, "Actual Rows": 12220, "Actual Loops": 1, "Output": ["orders.o_orderkey", "n2.n_name"], "Hash Buckets": 16384, "Original Hash Buckets": 2048, "Hash Batches": 1, "Original Hash Batches": 1, "Peak Memory Usage": 642, "Plans": [{"Node Type": "Hash Join", "Parent Relationship": "Outer", "Parallel Aware": false, "Join Type": "Inner", "Startup Cost": 568.25, "Total Cost": 5255.45, "Plan Rows": 1471, "Plan Width": 33, "Actual Startup Time": 77.972, "Actual Total Time": 429.858, "Actual Rows": 12220, "Actual Loops": 1, "Output": ["orders.o_orderkey", "n2.n_name"], "Inner Unique": false, "Hash Cond": "(orders.o_custkey = customer.c_custkey)", "Plans": [{"Node Type": "Seq Scan", "Parent Relationship": "Outer", "Parallel Aware": false, "Relation Name": "orders", "Schema": "public", "Alias": "orders", "Startup Cost": 0.0, "Total Cost": 4110.0, "Plan Rows": 150000, "Plan Width": 8, "Actual Startup Time": 1.118, "Actual Total Time": 337.598, "Actual Rows": 150000, "Actual Loops": 1, "Output": ["orders.o_orderkey", "orders.o_custkey", "orders.o_orderstatus", "orders.o_totalprice", "orders.o_orderdate", "orders.o_orderpriority", "orders.o_clerk", "orders.o_shippriority", "orders.o_comment"]}, {"Node Type": "Hash", "Parent Relationship": "Inner", "Parallel Aware": false, "Startup Cost": 566.41, "Total Cost": 566.41, "Plan Rows": 147, "Plan Width": 33, "Actual Startup Time": 75.892, "Actual Total Time": 75.91, "Actual Rows": 1202, "Actual Loops": 1, "Output": ["customer.c_custkey", "n2.n_name"], "Hash Buckets": 2048, "Original Hash Buckets": 1024, "Hash Batches": 1, "Original Hash Batches": 1, "Peak Memory Usage": 67, "Plans": [{"Node Type": "Hash Join", "Parent Relationship": "Outer", "Parallel Aware": false, "Join Type": "Inner", "Startup Cost": 17.71, "Total Cost": 566.41, "Plan Rows": 147, "Plan Width": 33, "Actual Startup Time": 1.475, "Actual Total Time": 73.896, "Actual Rows": 1202, "Actual Loops": 1, "Output": ["customer.c_custkey", "n2.n_name"], "Inner Unique": true, "Hash Cond": "(customer.c_nationkey = n2.n_nationkey)", "Plans": [{"Node Type": "Seq Scan", "Parent Relationship": "Outer", "Parallel Aware": false, "Relation Name": "customer", "Schema": "public", "Alias": "customer", "Startup Cost": 0.0, "Total Cost": 509.0, "Plan Rows": 15000, "Plan Width": 8, "Actual Startup Time": 0.003, "Actual Total Time": 69.981, "Actual Rows": 15000, "Actual Loops": 1, "Output": ["customer.c_custkey", "customer.c_name", "customer.c_address", "customer.c_nationkey", "customer.c_phone", "customer.c_acctbal", "customer.c_mktsegment", "customer.c_comment"]}, {"Node Type": "Hash", "Parent Relationship": "Inner", "Parallel Aware": false, "Startup Cost": 17.65, "Total Cost": 17.65, "Plan Rows": 5, "Plan Width": 33, "Actual Startup Time": 0.009, "Actual Total Time": 0.012, "Actual Rows": 2, "Actual Loops": 1, "Output": ["n2.n_name", "n2.n_nationkey"], "Hash Buckets": 1024, "Original Hash Buckets": 1024, "Hash Batches": 1, "Original Hash Batches": 1, "Peak Memory Usage": 9, "Plans": [{"Node Type": "Seq Scan", "Parent Relationship": "Outer", "Parallel Aware": false, "Relation Name": "nation", "Schema": "public", "Alias": "n2", "Startup Cost": 0.0, "Total Cost": 17.65, "Plan Rows": 5, "Plan Width": 33, "Actual Startup Time": 0.005, "Actual Total Time": 0.007, "Actual Rows": 2, "Actual Loops": 1, "Output": ["n2.n_name", "n2.n_nationkey"], "Filter": "(((n2.n_name)::text = 'CANADA'::text) OR ((n2.n_name)::text = 'BRAZIL'::text))", "Rows Removed by Filter": 23}]}]}]}]}]}]}, {"Node Type": "Hash", "Parent Relationship": "Inner", "Parallel Aware": false, "Startup Cost": 53.36, "Total Cost": 53.36, "Plan Rows": 10, "Plan Width": 33, "Actual Startup Time": 11.931, "Actual Total Time": 11.952, "Actual Rows": 80, "Actual Loops": 1, "Output": ["supplier.s_suppkey", "n1.n_name"], "Hash Buckets": 1024, "Original Hash Buckets": 1024, "Hash Batches": 1, "Original Hash Batches": 1, "Peak Memory Usage": 12, "Plans": [{"Node Type": "Hash Join", "Parent Relationship": "Outer", "Parallel Aware": false, "Join Type": "Inner", "Startup Cost": 17.71, "Total Cost": 53.36, "Plan Rows": 10, "Plan Width": 33, "Actual Startup Time": 3.677, "Actual Total Time": 11.915, "Actual Rows": 80, "Actual Loops": 1, "Output": ["supplier.s_suppkey", "n1.n_name"], "Inner Unique": true, "Hash Cond": "(supplier.s_nationkey = n1.n_nationkey)", "Plans": [{"Node Type": "Seq Scan", "Parent Relationship": "Outer", "Parallel Aware": false, "Relation Name": "supplier", "Schema": "public", "Alias": "supplier", "Startup Cost": 0.0, "Total Cost": 33.0, "Plan Rows": 1000, "Plan Width": 8, "Actual Startup Time": 1.208, "Actual Total Time": 9.09, "Actual Rows": 1000, "Actual Loops": 1, "Output": ["supplier.s_suppkey", "supplier.s_name", "supplier.s_address", "supplier.s_nationkey", "supplier.s_phone", "supplier.s_acctbal", "supplier.s_comment"]}, {"Node Type": "Hash", "Parent Relationship": "Inner", "Parallel Aware": false, "Startup Cost": 17.65, "Total Cost": 17.65, "Plan Rows": 5, "Plan Width": 33, "Actual Startup Time": 2.451, "Actual Total Time": 2.455, "Actual Rows": 2, "Actual Loops": 1, "Output": ["n1.n_name", "n1.n_nationkey"], "Hash Buckets": 1024, "Original Hash Buckets": 1024, "Hash Batches": 1, "Original Hash Batches": 1, "Peak Memory Usage": 9, "Plans": [{"Node Type": "Seq Scan", "Parent Relationship": "Outer", "Parallel Aware": false, "Relation Name": "nation", "Schema": "public", "Alias": "n1", "Startup Cost": 0.0, "Total Cost": 17.65, "Plan Rows": 5, "Plan Width": 33, "Actual Startup Time": 2.443, "Actual Total Time": 2.446, "Actual Rows": 2, "Actual Loops": 1, "Output": ["n1.n_name", "n1.n_nationkey"], "Filter": "(((n1.n_name)::text = 'BRAZIL'::text) OR ((n1.n_name)::text = 'CANADA'::text))", "Rows Removed by Filter": 23}]}]}]}]}]}]}, "Planning Time": 2.882, "Triggers": [], "Execution Time": 851.009}]
q11#####[{"Plan": {"Node Type": "Aggregate", "Strategy": "Sorted", "Partial Mode": "Simple", "Parallel Aware": false, "Startup Cost": 26293.93, "Total Cost": 26294.25, "Plan Rows": 9, "Plan Width": 98, "Actual Startup Time": 812.534, "Actual Total Time": 812.666, "Actual Rows": 4, "Actual Loops": 1, "Output": ["n1.n_name", "n2.n_name", "(date_part('year'::text, (lineitem.l_shipdate)::timestamp without time zone))", "sum((lineitem.l_extendedprice * ('1'::numeric - lineitem.l_discount)))"], "Group Key": ["n1.n_name", "n2.n_name", "(date_part('year'::text, (lineitem.l_shipdate)::timestamp without time zone))"], "Plans": [{"Node Type": "Sort", "Parent Relationship": "Outer", "Parallel Aware": false, "Startup Cost": 26293.93, "Total Cost": 26293.95, "Plan Rows": 9, "Plan Width": 78, "Actual Startup Time": 812.489, "Actual Total Time": 812.532, "Actual Rows": 566, "Actual Loops": 1, "Output": ["n1.n_name", "n2.n_name", "(date_part('year'::text, (lineitem.l_shipdate)::timestamp without time zone))", "lineitem.l_extendedprice", "lineitem.l_discount"], "Sort Key": ["n1.n_name", "n2.n_name", "(date_part('year'::text, (lineitem.l_shipdate)::timestamp without time zone))"], "Sort Method": "quicksort", "Sort Space Used": 69, "Sort Space Type": "Memory", "Plans": [{"Node Type": "Hash Join", "Parent Relationship": "Outer", "Parallel Aware": false, "Join Type": "Inner", "Startup Cost": 5327.32, "Total Cost": 26293.79, "Plan Rows": 9, "Plan Width": 78, "Actual Startup Time": 412.825, "Actual Total Time": 811.748, "Actual Rows": 566, "Actual Loops": 1, "Output": ["n1.n_name", "n2.n_name", "date_part('year'::text, (lineitem.l_shipdate)::timestamp without time zone)", "lineitem.l_extendedprice", "lineitem.l_discount"], "Inner Unique": false, "Hash Cond": "(lineitem.l_suppkey = supplier.s_suppkey)", "Join Filter": "((((n1.n_name)::text = 'ROMANIA'::text) AND ((n2.n_name)::text = 'INDIA'::text)) OR (((n1.n_name)::text = 'INDIA'::text) AND ((n2.n_name)::text = 'ROMANIA'::text)))", "Rows Removed by Join Filter": 604, "Plans": [{"Node Type": "Hash Join", "Parent Relationship": "Outer", "Parallel Aware": false, "Join Type": "Inner", "Startup Cost": 5273.84, "Total Cost": 26233.09, "Plan Rows": 1815, "Plan Width": 49, "Actual Startup Time": 410.733, "Actual Total Time": 809.091, "Actual Rows": 14746, "Actual Loops": 1, "Output": ["lineitem.l_shipdate", "lineitem.l_extendedprice", "lineitem.l_discount", "lineitem.l_suppkey", "n2.n_name"], "Inner Unique": false, "Hash Cond": "(lineitem.l_orderkey = orders.o_orderkey)", "Plans": [{"Node Type": "Seq Scan", "Parent Relationship": "Outer", "Parallel Aware": false, "Relation Name": "lineitem", "Schema": "public", "Alias": "lineitem", "Startup Cost": 0.0, "Total Cost": 20247.0, "Plan Rows": 185095, "Plan Width": 24, "Actual Startup Time": 0.012, "Actual Total Time": 375.874, "Actual Rows": 182585, "Actual Loops": 1, "Output": ["lineitem.l_orderkey", "lineitem.l_partkey", "lineitem.l_suppkey", "lineitem.l_linenumber", "lineitem.l_quantity", "lineitem.l_extendedprice", "lineitem.l_discount", "lineitem.l_tax", "lineitem.l_returnflag", "lineitem.l_linestatus", "lineitem.l_shipdate", "lineitem.l_commitdate", "lineitem.l_receiptdate", "lineitem.l_shipinstruct", "lineitem.l_shipmode", "lineitem.l_comment"], "Filter": "((lineitem.l_shipdate >= '1995-01-01'::date) AND (lineitem.l_shipdate <= '1996-12-31'::date))", "Rows Removed by Filter": 417415}, {"Node Type": "Hash", "Parent Relationship": "Inner", "Parallel Aware": false, "Startup Cost": 5255.45, "Total Cost": 5255.45, "Plan Rows": 1471, "Plan Width": 33, "Actual Startup Time": 410.668, "Actual Total Time": 410.683, "Actual Rows": 11932, "Actual Loops": 1, "Output": ["orders.o_orderkey", "n2.n_name"], "Hash Buckets": 16384, "Original Hash Buckets": 2048, "Hash Batches": 1, "Original Hash Batches": 1, "Peak Memory Usage": 630, "Plans": [{"Node Type": "Hash Join", "Parent Relationship": "Outer", "Parallel Aware": false, "Join Type": "Inner", "Startup Cost": 568.25, "Total Cost": 5255.45, "Plan Rows": 1471, "Plan Width": 33, "Actual Startup Time": 54.395, "Actual Total Time": 406.086, "Actual Rows": 11932, "Actual Loops": 1, "Output": ["orders.o_orderkey", "n2.n_name"], "Inner Unique": false, "Hash Cond": "(orders.o_custkey = customer.c_custkey)", "Plans": [{"Node Type": "Seq Scan", "Parent Relationship": "Outer", "Parallel Aware": false, "Relation Name": "orders", "Schema": "public", "Alias": "orders", "Startup Cost": 0.0, "Total Cost": 4110.0, "Plan Rows": 150000, "Plan Width": 8, "Actual Startup Time": 0.002, "Actual Total Time": 336.843, "Actual Rows": 150000, "Actual Loops": 1, "Output": ["orders.o_orderkey", "orders.o_custkey", "orders.o_orderstatus", "orders.o_totalprice", "orders.o_orderdate", "orders.o_orderpriority", "orders.o_clerk", "orders.o_shippriority", "orders.o_comment"]}, {"Node Type": "Hash", "Parent Relationship": "Inner", "Parallel Aware": false, "Startup Cost": 566.41, "Total Cost": 566.41, "Plan Rows": 147, "Plan Width": 33, "Actual Startup Time": 54.357, "Actual Total Time": 54.371, "Actual Rows": 1185, "Actual Loops": 1, "Output": ["customer.c_custkey", "n2.n_name"], "Hash Buckets": 2048, "Original Hash Buckets": 1024, "Hash Batches": 1, "Original Hash Batches": 1, "Peak Memory Usage": 66, "Plans": [{"Node Type": "Hash Join", "Parent Relationship": "Outer", "Parallel Aware": false, "Join Type": "Inner", "Startup Cost": 17.71, "Total Cost": 566.41, "Plan Rows": 147, "Plan Width": 33, "Actual Startup Time": 0.058, "Actual Total Time": 53.758, "Actual Rows": 1185, "Actual Loops": 1, "Output": ["customer.c_custkey", "n2.n_name"], "Inner Unique": true, "Hash Cond": "(customer.c_nationkey = n2.n_nationkey)", "Plans": [{"Node Type": "Seq Scan", "Parent Relationship": "Outer", "Parallel Aware": false, "Relation Name": "customer", "Schema": "public", "Alias": "customer", "Startup Cost": 0.0, "Total Cost": 509.0, "Plan Rows": 15000, "Plan Width": 8, "Actual Startup Time": 0.001, "Actual Total Time": 52.1, "Actual Rows": 15000, "Actual Loops": 1, "Output": ["customer.c_custkey", "customer.c_name", "customer.c_address", "customer.c_nationkey", "customer.c_phone", "customer.c_acctbal", "customer.c_mktsegment", "customer.c_comment"]}, {"Node Type": "Hash", "Parent Relationship": "Inner", "Parallel Aware": false, "Startup Cost": 17.65, "Total Cost": 17.65, "Plan Rows": 5, "Plan Width": 33, "Actual Startup Time": 0.012, "Actual Total Time": 0.013, "Actual Rows": 2, "Actual Loops": 1, "Output": ["n2.n_name", "n2.n_nationkey"], "Hash Buckets": 1024, "Original Hash Buckets": 1024, "Hash Batches": 1, "Original Hash Batches": 1, "Peak Memory Usage": 9, "Plans": [{"Node Type": "Seq Scan", "Parent Relationship": "Outer", "Parallel Aware": false, "Relation Name": "nation", "Schema": "public", "Alias": "n2", "Startup Cost": 0.0, "Total Cost": 17.65, "Plan Rows": 5, "Plan Width": 33, "Actual Startup Time": 0.002, "Actual Total Time": 0.004, "Actual Rows": 2, "Actual Loops": 1, "Output": ["n2.n_name", "n2.n_nationkey"], "Filter": "(((n2.n_name)::text = 'INDIA'::text) OR ((n2.n_name)::text = 'ROMANIA'::text))", "Rows Removed by Filter": 23}]}]}]}]}]}]}, {"Node Type": "Hash", "Parent Relationship": "Inner", "Parallel Aware": false, "Startup Cost": 53.36, "Total Cost": 53.36, "Plan Rows": 10, "Plan Width": 33, "Actual Startup Time": 0.233, "Actual Total Time": 0.234, "Actual Rows": 80, "Actual Loops": 1, "Output": ["supplier.s_suppkey", "n1.n_name"], "Hash Buckets": 1024, "Original Hash Buckets": 1024, "Hash Batches": 1, "Original Hash Batches": 1, "Peak Memory Usage": 12, "Plans": [{"Node Type": "Hash Join", "Parent Relationship": "Outer", "Parallel Aware": false, "Join Type": "Inner", "Startup Cost": 17.71, "Total Cost": 53.36, "Plan Rows": 10, "Plan Width": 33, "Actual Startup Time": 0.061, "Actual Total Time": 0.216, "Actual Rows": 80, "Actual Loops": 1, "Output": ["supplier.s_suppkey", "n1.n_name"], "Inner Unique": true, "Hash Cond": "(supplier.s_nationkey = n1.n_nationkey)", "Plans": [{"Node Type": "Seq Scan", "Parent Relationship": "Outer", "Parallel Aware": false, "Relation Name": "supplier", "Schema": "public", "Alias": "supplier", "Startup Cost": 0.0, "Total Cost": 33.0, "Plan Rows": 1000, "Plan Width": 8, "Actual Startup Time": 0.005, "Actual Total Time": 0.097, "Actual Rows": 1000, "Actual Loops": 1, "Output": ["supplier.s_suppkey", "supplier.s_name", "supplier.s_address", "supplier.s_nationkey", "supplier.s_phone", "supplier.s_acctbal", "supplier.s_comment"]}, {"Node Type": "Hash", "Parent Relationship": "Inner", "Parallel Aware": false, "Startup Cost": 17.65, "Total Cost": 17.65, "Plan Rows": 5, "Plan Width": 33, "Actual Startup Time": 0.014, "Actual Total Time": 0.015, "Actual Rows": 2, "Actual Loops": 1, "Output": ["n1.n_name", "n1.n_nationkey"], "Hash Buckets": 1024, "Original Hash Buckets": 1024, "Hash Batches": 1, "Original Hash Batches": 1, "Peak Memory Usage": 9, "Plans": [{"Node Type": "Seq Scan", "Parent Relationship": "Outer", "Parallel Aware": false, "Relation Name": "nation", "Schema": "public", "Alias": "n1", "Startup Cost": 0.0, "Total Cost": 17.65, "Plan Rows": 5, "Plan Width": 33, "Actual Startup Time": 0.006, "Actual Total Time": 0.007, "Actual Rows": 2, "Actual Loops": 1, "Output": ["n1.n_name", "n1.n_nationkey"], "Filter": "(((n1.n_name)::text = 'ROMANIA'::text) OR ((n1.n_name)::text = 'INDIA'::text))", "Rows Removed by Filter": 23}]}]}]}]}]}]}, "Planning Time": 2.423, "Triggers": [], "Execution Time": 813.096}]
q12#####[{"Plan": {"Node Type": "Aggregate", "Strategy": "Sorted", "Partial Mode": "Simple", "Parallel Aware": false, "Startup Cost": 26293.93, "Total Cost": 26294.25, "Plan Rows": 9, "Plan Width": 98, "Actual Startup Time": 821.976, "Actual Total Time": 822.323, "Actual Rows": 4, "Actual Loops": 1, "Output": ["n1.n_name", "n2.n_name", "(date_part('year'::text, (lineitem.l_shipdate)::timestamp without time zone))", "sum((lineitem.l_extendedprice * ('1'::numeric - lineitem.l_discount)))"], "Group Key": ["n1.n_name", "n2.n_name", "(date_part('year'::text, (lineitem.l_shipdate)::timestamp without time zone))"], "Plans": [{"Node Type": "Sort", "Parent Relationship": "Outer", "Parallel Aware": false, "Startup Cost": 26293.93, "Total Cost": 26293.95, "Plan Rows": 9, "Plan Width": 78, "Actual Startup Time": 821.879, "Actual Total Time": 821.945, "Actual Rows": 595, "Actual Loops": 1, "Output": ["n1.n_name", "n2.n_name", "(date_part('year'::text, (lineitem.l_shipdate)::timestamp without time zone))", "lineitem.l_extendedprice", "lineitem.l_discount"], "Sort Key": ["n1.n_name", "n2.n_name", "(date_part('year'::text, (lineitem.l_shipdate)::timestamp without time zone))"], "Sort Method": "quicksort", "Sort Space Used": 71, "Sort Space Type": "Memory", "Plans": [{"Node Type": "Hash Join", "Parent Relationship": "Outer", "Parallel Aware": false, "Join Type": "Inner", "Startup Cost": 5327.32, "Total Cost": 26293.79, "Plan Rows": 9, "Plan Width": 78, "Actual Startup Time": 431.387, "Actual Total Time": 821.108, "Actual Rows": 595, "Actual Loops": 1, "Output": ["n1.n_name", "n2.n_name", "date_part('year'::text, (lineitem.l_shipdate)::timestamp without time zone)", "lineitem.l_extendedprice", "lineitem.l_discount"], "Inner Unique": false, "Hash Cond": "(lineitem.l_suppkey = supplier.s_suppkey)", "Join Filter": "((((n1.n_name)::text = 'VIETNAM'::text) AND ((n2.n_name)::text = 'RUSSIA'::text)) OR (((n1.n_name)::text = 'RUSSIA'::text) AND ((n2.n_name)::text = 'VIETNAM'::text)))", "Rows Removed by Join Filter": 574, "Plans": [{"Node Type": "Hash Join", "Parent Relationship": "Outer", "Parallel Aware": false, "Join Type": "Inner", "Startup Cost": 5273.84, "Total Cost": 26233.09, "Plan Rows": 1815, "Plan Width": 49, "Actual Startup Time": 419.966, "Actual Total Time": 817.713, "Actual Rows": 13969, "Actual Loops": 1, "Output": ["lineitem.l_shipdate", "lineitem.l_extendedprice", "lineitem.l_discount", "lineitem.l_suppkey", "n2.n_name"], "Inner Unique": false, "Hash Cond": "(lineitem.l_orderkey = orders.o_orderkey)", "Plans": [{"Node Type": "Seq Scan", "Parent Relationship": "Outer", "Parallel Aware": false, "Relation Name": "lineitem", "Schema": "public", "Alias": "lineitem", "Startup Cost": 0.0, "Total Cost": 20247.0, "Plan Rows": 185095, "Plan Width": 24, "Actual Startup Time": 0.022, "Actual Total Time": 374.882, "Actual Rows": 182585, "Actual Loops": 1, "Output": ["lineitem.l_orderkey", "lineitem.l_partkey", "lineitem.l_suppkey", "lineitem.l_linenumber", "lineitem.l_quantity", "lineitem.l_extendedprice", "lineitem.l_discount", "lineitem.l_tax", "lineitem.l_returnflag", "lineitem.l_linestatus", "lineitem.l_shipdate", "lineitem.l_commitdate", "lineitem.l_receiptdate", "lineitem.l_shipinstruct", "lineitem.l_shipmode", "lineitem.l_comment"], "Filter": "((lineitem.l_shipdate >= '1995-01-01'::date) AND (lineitem.l_shipdate <= '1996-12-31'::date))", "Rows Removed by Filter": 417415}, {"Node Type": "Hash", "Parent Relationship": "Inner", "Parallel Aware": false, "Startup Cost": 5255.45, "Total Cost": 5255.45, "Plan Rows": 1471, "Plan Width": 33, "Actual Startup Time": 419.418, "Actual Total Time": 419.424, "Actual Rows": 11634, "Actual Loops": 1, "Output": ["orders.o_orderkey", "n2.n_name"], "Hash Buckets": 16384, "Original Hash Buckets": 2048, "Hash Batches": 1, "Original Hash Batches": 1, "Peak Memory Usage": 623, "Plans": [{"Node Type": "Hash Join", "Parent Relationship": "Outer", "Parallel Aware": false, "Join Type": "Inner", "Startup Cost": 568.25, "Total Cost": 5255.45, "Plan Rows": 1471, "Plan Width": 33, "Actual Startup Time": 62.988, "Actual Total Time": 414.824, "Actual Rows": 11634, "Actual Loops": 1, "Output": ["orders.o_orderkey", "n2.n_name"], "Inner Unique": false, "Hash Cond": "(orders.o_custkey = customer.c_custkey)", "Plans": [{"Node Type": "Seq Scan", "Parent Relationship": "Outer", "Parallel Aware": false, "Relation Name": "orders", "Schema": "public", "Alias": "orders", "Startup Cost": 0.0, "Total Cost": 4110.0, "Plan Rows": 150000, "Plan Width": 8, "Actual Startup Time": 0.003, "Actual Total Time": 336.204, "Actual Rows": 150000, "Actual Loops": 1, "Output": ["orders.o_orderkey", "orders.o_custkey", "orders.o_orderstatus", "orders.o_totalprice", "orders.o_orderdate", "orders.o_orderpriority", "orders.o_clerk", "orders.o_shippriority", "orders.o_comment"]}, {"Node Type": "Hash", "Parent Relationship": "Inner", "Parallel Aware": false, "Startup Cost": 566.41, "Total Cost": 566.41, "Plan Rows": 147, "Plan Width": 33, "Actual Startup Time": 62.935, "Actual Total Time": 62.938, "Actual Rows": 1172, "Actual Loops": 1, "Output": ["customer.c_custkey", "n2.n_name"], "Hash Buckets": 2048, "Original Hash Buckets": 1024, "Hash Batches": 1, "Original Hash Batches": 1, "Peak Memory Usage": 66, "Plans": [{"Node Type": "Hash Join", "Parent Relationship": "Outer", "Parallel Aware": false, "Join Type": "Inner", "Startup Cost": 17.71, "Total Cost": 566.41, "Plan Rows": 147, "Plan Width": 33, "Actual Startup Time": 0.087, "Actual Total Time": 61.444, "Actual Rows": 1172, "Actual Loops": 1, "Output": ["customer.c_custkey", "n2.n_name"], "Inner Unique": true, "Hash Cond": "(customer.c_nationkey = n2.n_nationkey)", "Plans": [{"Node Type": "Seq Scan", "Parent Relationship": "Outer", "Parallel Aware": false, "Relation Name": "customer", "Schema": "public", "Alias": "customer", "Startup Cost": 0.0, "Total Cost": 509.0, "Plan Rows": 15000, "Plan Width": 8, "Actual Startup Time": 0.002, "Actual Total Time": 59.539, "Actual Rows": 15000, "Actual Loops": 1, "Output": ["customer.c_custkey", "customer.c_name", "customer.c_address", "customer.c_nationkey", "customer.c_phone", "customer.c_acctbal", "customer.c_mktsegment", "customer.c_comment"]}, {"Node Type": "Hash", "Parent Relationship": "Inner", "Parallel Aware": false, "Startup Cost": 17.65, "Total Cost": 17.65, "Plan Rows": 5, "Plan Width": 33, "Actual Startup Time": 0.015, "Actual Total Time": 0.016, "Actual Rows": 2, "Actual Loops": 1, "Output": ["n2.n_name", "n2.n_nationkey"], "Hash Buckets": 1024, "Original Hash Buckets": 1024, "Hash Batches": 1, "Original Hash Batches": 1, "Peak Memory Usage": 9, "Plans": [{"Node Type": "Seq Scan", "Parent Relationship": "Outer", "Parallel Aware": false, "Relation Name": "nation", "Schema": "public", "Alias": "n2", "Startup Cost": 0.0, "Total Cost": 17.65, "Plan Rows": 5, "Plan Width": 33, "Actual Startup Time": 0.005, "Actual Total Time": 0.006, "Actual Rows": 2, "Actual Loops": 1, "Output": ["n2.n_name", "n2.n_nationkey"], "Filter": "(((n2.n_name)::text = 'RUSSIA'::text) OR ((n2.n_name)::text = 'VIETNAM'::text))", "Rows Removed by Filter": 23}]}]}]}]}]}]}, {"Node Type": "Hash", "Parent Relationship": "Inner", "Parallel Aware": false, "Startup Cost": 53.36, "Total Cost": 53.36, "Plan Rows": 10, "Plan Width": 33, "Actual Startup Time": 0.854, "Actual Total Time": 0.857, "Actual Rows": 86, "Actual Loops": 1, "Output": ["supplier.s_suppkey", "n1.n_name"], "Hash Buckets": 1024, "Original Hash Buckets": 1024, "Hash Batches": 1, "Original Hash Batches": 1, "Peak Memory Usage": 12, "Plans": [{"Node Type": "Hash Join", "Parent Relationship": "Outer", "Parallel Aware": false, "Join Type": "Inner", "Startup Cost": 17.71, "Total Cost": 53.36, "Plan Rows": 10, "Plan Width": 33, "Actual Startup Time": 0.33, "Actual Total Time": 0.658, "Actual Rows": 86, "Actual Loops": 1, "Output": ["supplier.s_suppkey", "n1.n_name"], "Inner Unique": true, "Hash Cond": "(supplier.s_nationkey = n1.n_nationkey)", "Plans": [{"Node Type": "Seq Scan", "Parent Relationship": "Outer", "Parallel Aware": false, "Relation Name": "supplier", "Schema": "public", "Alias": "supplier", "Startup Cost": 0.0, "Total Cost": 33.0, "Plan Rows": 1000, "Plan Width": 8, "Actual Startup Time": 0.006, "Actual Total Time": 0.203, "Actual Rows": 1000, "Actual Loops": 1, "Output": ["supplier.s_suppkey", "supplier.s_name", "supplier.s_address", "supplier.s_nationkey", "supplier.s_phone", "supplier.s_acctbal", "supplier.s_comment"]}, {"Node Type": "Hash", "Parent Relationship": "Inner", "Parallel Aware": false, "Startup Cost": 17.65, "Total Cost": 17.65, "Plan Rows": 5, "Plan Width": 33, "Actual Startup Time": 0.019, "Actual Total Time": 0.02, "Actual Rows": 2, "Actual Loops": 1, "Output": ["n1.n_name", "n1.n_nationkey"], "Hash Buckets": 1024, "Original Hash Buckets": 1024, "Hash Batches": 1, "Original Hash Batches": 1, "Peak Memory Usage": 9, "Plans": [{"Node Type": "Seq Scan", "Parent Relationship": "Outer", "Parallel Aware": false, "Relation Name": "nation", "Schema": "public", "Alias": "n1", "Startup Cost": 0.0, "Total Cost": 17.65, "Plan Rows": 5, "Plan Width": 33, "Actual Startup Time": 0.006, "Actual Total Time": 0.007, "Actual Rows": 2, "Actual Loops": 1, "Output": ["n1.n_name", "n1.n_nationkey"], "Filter": "(((n1.n_name)::text = 'VIETNAM'::text) OR ((n1.n_name)::text = 'RUSSIA'::text))", "Rows Removed by Filter": 23}]}]}]}]}]}]}, "Planning Time": 7.771, "Triggers": [], "Execution Time": 824.156}]
q13#####[{"Plan": {"Node Type": "Sort", "Parallel Aware": false, "Startup Cost": 1248329.79, "Total Cost": 1255251.54, "Plan Rows": 2768700, "Plan Width": 205, "Actual Startup Time": 1661.301, "Actual Total Time": 1664.985, "Actual Rows": 18769, "Actual Loops": 1, "Output": ["customer.c_custkey", "customer.c_name", "(sum((lineitem.l_extendedprice * ('1'::numeric - lineitem.l_discount))))", "customer.c_acctbal", "nation.n_name", "customer.c_address", "customer.c_phone", "customer.c_comment"], "Sort Key": ["(sum((lineitem.l_extendedprice * ('1'::numeric - lineitem.l_discount)))) DESC"], "Sort Method": "external merge", "Sort Space Used": 3184, "Sort Space Type": "Disk", "Plans": [{"Node Type": "Aggregate", "Strategy": "Sorted", "Partial Mode": "Simple", "Parent Relationship": "Outer", "Parallel Aware": false, "Startup Cost": 138752.24, "Total Cost": 403191.13, "Plan Rows": 2768700, "Plan Width": 205, "Actual Startup Time": 1494.133, "Actual Total Time": 1630.346, "Actual Rows": 18769, "Actual Loops": 1, "Output": ["customer.c_custkey", "customer.c_name", "sum((lineitem.l_extendedprice * ('1'::numeric - lineitem.l_discount)))", "customer.c_acctbal", "nation.n_name", "customer.c_address", "customer.c_phone", "customer.c_comment"], "Group Key": ["customer.c_custkey", "customer.c_name", "customer.c_acctbal", "customer.c_phone", "nation.n_name", "customer.c_address", "customer.c_comment"], "Plans": [{"Node Type": "Incremental Sort", "Parent Relationship": "Outer", "Parallel Aware": false, "Startup Cost": 138752.24, "Total Cost": 299364.88, "Plan Rows": 2768700, "Plan Width": 185, "Actual Startup Time": 1494.064, "Actual Total Time": 1587.161, "Actual Rows": 56621, "Actual Loops": 1, "Output": ["customer.c_custkey", "customer.c_name", "customer.c_acctbal", "nation.n_name", "customer.c_address", "customer.c_phone", "customer.c_comment", "lineitem.l_extendedprice", "lineitem.l_discount"], "Sort Key": ["customer.c_custkey", "customer.c_name", "customer.c_acctbal", "customer.c_phone", "nation.n_name", "customer.c_address", "customer.c_comment"], "Presorted Key": ["customer.c_custkey"], "Full-sort Groups": {"Group Count": 1683, "Sort Methods Used": ["quicksort"], "Sort Space Memory": {"Average Sort Space Used": 34, "Peak Sort Space Used": 34}}, "Plans": [{"Node Type": "Merge Join", "Parent Relationship": "Outer", "Parallel Aware": false, "Join Type": "Inner", "Startup Cost": 138750.62, "Total Cost": 139540.85, "Plan Rows": 2768700, "Plan Width": 185, "Actual Startup Time": 1493.927, "Actual Total Time": 1549.204, "Actual Rows": 56621, "Actual Loops": 1, "Output": ["customer.c_custkey", "customer.c_name", "customer.c_acctbal", "nation.n_name", "customer.c_address", "customer.c_phone", "customer.c_comment", "lineitem.l_extendedprice", "lineitem.l_discount"], "Inner Unique": false, "Merge Cond": "(customer.c_custkey = orders.o_custkey)", "Plans": [{"Node Type": "Sort", "Parent Relationship": "Outer", "Parallel Aware": false, "Startup Cost": 15247.96, "Total Cost": 15435.46, "Plan Rows": 75000, "Plan Width": 173, "Actual Startup Time": 149.777, "Actual Total Time": 181.336, "Actual Rows": 75000, "Actual Loops": 1, "Output": ["customer.c_custkey", "customer.c_name", "customer.c_acctbal", "customer.c_address", "customer.c_phone", "customer.c_comment", "nation.n_name"], "Sort Key": ["customer.c_custkey"], "Sort Method": "external merge", "Sort Space Used": 12024, "Sort Space Type": "Disk", "Plans": [{"Node Type": "Hash Join", "Parent Relationship": "Outer", "Parallel Aware": false, "Join Type": "Inner", "Startup Cost": 21.48, "Total Cost": 2762.99, "Plan Rows": 75000, "Plan Width": 173, "Actual Startup Time": 0.099, "Actual Total Time": 43.691, "Actual Rows": 75000, "Actual Loops": 1, "Output": ["customer.c_custkey", "customer.c_name", "customer.c_acctbal", "customer.c_address", "customer.c_phone", "customer.c_comment", "nation.n_name"], "Inner Unique": true, "Hash Cond": "(customer.c_nationkey = nation.n_nationkey)", "Plans": [{"Node Type": "Seq Scan", "Parent Relationship": "Outer", "Parallel Aware": false, "Relation Name": "customer", "Schema": "public", "Alias": "customer", "Startup Cost": 0.0, "Total Cost": 2543.0, "Plan Rows": 75000, "Plan Width": 148, "Actual Startup Time": 0.014, "Actual Total Time": 8.126, "Actual Rows": 75000, "Actual Loops": 1, "Output": ["customer.c_custkey", "customer.c_name", "customer.c_address", "customer.c_nationkey", "customer.c_phone", "customer.c_acctbal", "customer.c_mktsegment", "customer.c_comment"]}, {"Node Type": "Hash", "Parent Relationship": "Inner", "Parallel Aware": false, "Startup Cost": 15.1, "Total Cost": 15.1, "Plan Rows": 510, "Plan Width": 33, "Actual Startup Time": 0.032, "Actual Total Time": 0.033, "Actual Rows": 25, "Actual Loops": 1, "Output": ["nation.n_name", "nation.n_nationkey"], "Hash Buckets": 1024, "Original Hash Buckets": 1024, "Hash Batches": 1, "Original Hash Batches": 1, "Peak Memory Usage": 10, "Plans": [{"Node Type": "Seq Scan", "Parent Relationship": "Outer", "Parallel Aware": false, "Relation Name": "nation", "Schema": "public", "Alias": "nation", "Startup Cost": 0.0, "Total Cost": 15.1, "Plan Rows": 510, "Plan Width": 33, "Actual Startup Time": 0.011, "Actual Total Time": 0.013, "Actual Rows": 25, "Actual Loops": 1, "Output": ["nation.n_name", "nation.n_nationkey"]}]}]}]}, {"Node Type": "Sort", "Parent Relationship": "Inner", "Parallel Aware": false, "Startup Cost": 123502.62, "Total Cost": 123571.84, "Plan Rows": 27687, "Plan Width": 16, "Actual Startup Time": 1344.08, "Actual Total Time": 1352.81, "Actual Rows": 56621, "Actual Loops": 1, "Output": ["orders.o_custkey", "lineitem.l_extendedprice", "lineitem.l_discount"], "Sort Key": ["orders.o_custkey"], "Sort Method": "external sort", "Sort Space Used": 1752, "Sort Space Type": "Disk", "Plans": [{"Node Type": "Hash Join", "Parent Relationship": "Outer", "Parallel Aware": false, "Join Type": "Inner", "Startup Cost": 24646.99, "Total Cost": 121459.75, "Plan Rows": 27687, "Plan Width": 16, "Actual Startup Time": 145.433, "Actual Total Time": 1258.602, "Actual Rows": 56621, "Actual Loops": 1, "Output": ["orders.o_custkey", "lineitem.l_extendedprice", "lineitem.l_discount"], "Inner Unique": false, "Hash Cond": "(lineitem.l_orderkey = orders.o_orderkey)", "Plans": [{"Node Type": "Seq Scan", "Parent Relationship": "Outer", "Parallel Aware": false, "Relation Name": "lineitem", "Schema": "public", "Alias": "lineitem", "Startup Cost": 0.0, "Total Cost": 93730.69, "Plan Rows": 748054, "Plan Width": 16, "Actual Startup Time": 0.017, "Actual Total Time": 977.162, "Actual Rows": 739563, "Actual Loops": 1, "Output": ["lineitem.l_orderkey", "lineitem.l_partkey", "lineitem.l_suppkey", "lineitem.l_linenumber", "lineitem.l_quantity", "lineitem.l_extendedprice", "lineitem.l_discount", "lineitem.l_tax", "lineitem.l_returnflag", "lineitem.l_linestatus", "lineitem.l_shipdate", "lineitem.l_commitdate", "lineitem.l_receiptdate", "lineitem.l_shipinstruct", "lineitem.l_shipmode", "lineitem.l_comment"], "Filter": "(lineitem.l_returnflag = 'R'::bpchar)", "Rows Removed by Filter": 2260108}, {"Node Type": "Hash", "Parent Relationship": "Inner", "Parallel Aware": false, "Startup Cost": 24300.0, "Total Cost": 24300.0, "Plan Rows": 27759, "Plan Width": 8, "Actual Startup Time": 145.355, "Actual Total Time": 145.355, "Actual Rows": 28243, "Actual Loops": 1, "Output": ["orders.o_custkey", "orders.o_orderkey"], "Hash Buckets": 32768, "Original Hash Buckets": 32768, "Hash Batches": 1, "Original Hash Batches": 1, "Peak Memory Usage": 1360, "Plans": [{"Node Type": "Seq Scan", "Parent Relationship": "Outer", "Parallel Aware": false, "Relation Name": "orders", "Schema": "public", "Alias": "orders", "Startup Cost": 0.0, "Total Cost": 24300.0, "Plan Rows": 27759, "Plan Width": 8, "Actual Startup Time": 0.007, "Actual Total Time": 135.879, "Actual Rows": 28243, "Actual Loops": 1, "Output": ["orders.o_custkey", "orders.o_orderkey"], "Filter": "((orders.o_orderdate >= '1994-09-02'::date) AND (orders.o_orderdate < '1994-12-02 00:00:00'::timestamp without time zone))", "Rows Removed by Filter": 721757}]}]}]}]}]}]}]}, "Planning Time": 5.814, "Triggers": [], "Execution Time": 1672.76}]
q14#####[{"Plan": {"Node Type": "Sort", "Parallel Aware": false, "Startup Cost": 1190631.03, "Total Cost": 1197208.28, "Plan Rows": 2630900, "Plan Width": 205, "Actual Startup Time": 1547.705, "Actual Total Time": 1551.207, "Actual Rows": 17789, "Actual Loops": 1, "Output": ["customer.c_custkey", "customer.c_name", "(sum((lineitem.l_extendedprice * ('1'::numeric - lineitem.l_discount))))", "customer.c_acctbal", "nation.n_name", "customer.c_address", "customer.c_phone", "customer.c_comment"], "Sort Key": ["(sum((lineitem.l_extendedprice * ('1'::numeric - lineitem.l_discount)))) DESC"], "Sort Method": "external merge", "Sort Space Used": 3024, "Sort Space Type": "Disk", "Plans": [{"Node Type": "Aggregate", "Strategy": "Sorted", "Partial Mode": "Simple", "Parent Relationship": "Outer", "Parallel Aware": false, "Startup Cost": 138609.72, "Total Cost": 388527.36, "Plan Rows": 2630900, "Plan Width": 205, "Actual Startup Time": 1391.674, "Actual Total Time": 1517.719, "Actual Rows": 17789, "Actual Loops": 1, "Output": ["customer.c_custkey", "customer.c_name", "sum((lineitem.l_extendedprice * ('1'::numeric - lineitem.l_discount)))", "customer.c_acctbal", "nation.n_name", "customer.c_address", "customer.c_phone", "customer.c_comment"], "Group Key": ["customer.c_custkey", "customer.c_name", "customer.c_acctbal", "customer.c_phone", "nation.n_name", "customer.c_address", "customer.c_comment"], "Plans": [{"Node Type": "Incremental Sort", "Parent Relationship": "Outer", "Parallel Aware": false, "Startup Cost": 138609.72, "Total Cost": 289868.61, "Plan Rows": 2630900, "Plan Width": 185, "Actual Startup Time": 1391.628, "Actual Total Time": 1478.662, "Actual Rows": 47368, "Actual Loops": 1, "Output": ["customer.c_custkey", "customer.c_name", "customer.c_acctbal", "nation.n_name", "customer.c_address", "customer.c_phone", "customer.c_comment", "lineitem.l_extendedprice", "lineitem.l_discount"], "Sort Key": ["customer.c_custkey", "customer.c_name", "customer.c_acctbal", "customer.c_phone", "nation.n_name", "customer.c_address", "customer.c_comment"], "Presorted Key": ["customer.c_custkey"], "Full-sort Groups": {"Group Count": 1419, "Sort Methods Used": ["quicksort"], "Sort Space Memory": {"Average Sort Space Used": 33, "Peak Sort Space Used": 33}}, "Plans": [{"Node Type": "Merge Join", "Parent Relationship": "Outer", "Parallel Aware": false, "Join Type": "Inner", "Startup Cost": 138608.2, "Total Cost": 139377.76, "Plan Rows": 2630900, "Plan Width": 185, "Actual Startup Time": 1391.519, "Actual Total Time": 1455.354, "Actual Rows": 47368, "Actual Loops": 1, "Output": ["customer.c_custkey", "customer.c_name", "customer.c_acctbal", "nation.n_name", "customer.c_address", "customer.c_phone", "customer.c_comment", "lineitem.l_extendedprice", "lineitem.l_discount"], "Inner Unique": false, "Merge Cond": "(customer.c_custkey = orders.o_custkey)", "Plans": [{"Node Type": "Sort", "Parent Relationship": "Outer", "Parallel Aware": false, "Startup Cost": 15247.96, "Total Cost": 15435.46, "Plan Rows": 75000, "Plan Width": 173, "Actual Startup Time": 73.155, "Actual Total Time": 119.585, "Actual Rows": 75000, "Actual Loops": 1, "Output": ["customer.c_custkey", "customer.c_name", "customer.c_acctbal", "customer.c_address", "customer.c_phone", "customer.c_comment", "nation.n_name"], "Sort Key": ["customer.c_custkey"], "Sort Method": "external merge", "Sort Space Used": 12024, "Sort Space Type": "Disk", "Plans": [{"Node Type": "Hash Join", "Parent Relationship": "Outer", "Parallel Aware": false, "Join Type": "Inner", "Startup Cost": 21.48, "Total Cost": 2762.99, "Plan Rows": 75000, "Plan Width": 173, "Actual Startup Time": 0.144, "Actual Total Time": 38.731, "Actual Rows": 75000, "Actual Loops": 1, "Output": ["customer.c_custkey", "customer.c_name", "customer.c_acctbal", "customer.c_address", "customer.c_phone", "customer.c_comment", "nation.n_name"], "Inner Unique": true, "Hash Cond": "(customer.c_nationkey = nation.n_nationkey)", "Plans": [{"Node Type": "Seq Scan", "Parent Relationship": "Outer", "Parallel Aware": false, "Relation Name": "customer", "Schema": "public", "Alias": "customer", "Startup Cost": 0.0, "Total Cost": 2543.0, "Plan Rows": 75000, "Plan Width": 148, "Actual Startup Time": 0.019, "Actual Total Time": 7.206, "Actual Rows": 75000, "Actual Loops": 1, "Output": ["customer.c_custkey", "customer.c_name", "customer.c_address", "customer.c_nationkey", "customer.c_phone", "customer.c_acctbal", "customer.c_mktsegment", "customer.c_comment"]}, {"Node Type": "Hash", "Parent Relationship": "Inner", "Parallel Aware": false, "Startup Cost": 15.1, "Total Cost": 15.1, "Plan Rows": 510, "Plan Width": 33, "Actual Startup Time": 0.01, "Actual Total Time": 0.016, "Actual Rows": 25, "Actual Loops": 1, "Output": ["nation.n_name", "nation.n_nationkey"], "Hash Buckets": 1024, "Original Hash Buckets": 1024, "Hash Batches": 1, "Original Hash Batches": 1, "Peak Memory Usage": 10, "Plans": [{"Node Type": "Seq Scan", "Parent Relationship": "Outer", "Parallel Aware": false, "Relation Name": "nation", "Schema": "public", "Alias": "nation", "Startup Cost": 0.0, "Total Cost": 15.1, "Plan Rows": 510, "Plan Width": 33, "Actual Startup Time": 0.005, "Actual Total Time": 0.006, "Actual Rows": 25, "Actual Loops": 1, "Output": ["nation.n_name", "nation.n_nationkey"]}]}]}]}, {"Node Type": "Sort", "Parent Relationship": "Inner", "Parallel Aware": false, "Startup Cost": 123360.2, "Total Cost": 123425.98, "Plan Rows": 26309, "Plan Width": 16, "Actual Startup Time": 1318.327, "Actual Total Time": 1322.776, "Actual Rows": 47368, "Actual Loops": 1, "Output": ["orders.o_custkey", "lineitem.l_extendedprice", "lineitem.l_discount"], "Sort Key": ["orders.o_custkey"], "Sort Method": "external sort", "Sort Space Used": 1472, "Sort Space Type": "Disk", "Plans": [{"Node Type": "Hash Join", "Parent Relationship": "Outer", "Parallel Aware": false, "Join Type": "Inner", "Startup Cost": 24629.71, "Total Cost": 121428.69, "Plan Rows": 26309, "Plan Width": 16, "Actual Startup Time": 246.039, "Actual Total Time": 1274.028, "Actual Rows": 47368, "Actual Loops": 1, "Output": ["orders.o_custkey", "lineitem.l_extendedprice", "lineitem.l_discount"], "Inner Unique": false, "Hash Cond": "(lineitem.l_orderkey = orders.o_orderkey)", "Plans": [{"Node Type": "Seq Scan", "Parent Relationship": "Outer", "Parallel Aware": false, "Relation Name": "lineitem", "Schema": "public", "Alias": "lineitem", "Startup Cost": 0.0, "Total Cost": 93730.69, "Plan Rows": 748054, "Plan Width": 16, "Actual Startup Time": 0.035, "Actual Total Time": 909.658, "Actual Rows": 739563, "Actual Loops": 1, "Output": ["lineitem.l_orderkey", "lineitem.l_partkey", "lineitem.l_suppkey", "lineitem.l_linenumber", "lineitem.l_quantity", "lineitem.l_extendedprice", "lineitem.l_discount", "lineitem.l_tax", "lineitem.l_returnflag", "lineitem.l_linestatus", "lineitem.l_shipdate", "lineitem.l_commitdate", "lineitem.l_receiptdate", "lineitem.l_shipinstruct", "lineitem.l_shipmode", "lineitem.l_comment"], "Filter": "(lineitem.l_returnflag = 'R'::bpchar)", "Rows Removed by Filter": 2260108}, {"Node Type": "Hash", "Parent Relationship": "Inner", "Parallel Aware": false, "Startup Cost": 24300.0, "Total Cost": 24300.0, "Plan Rows": 26377, "Plan Width": 8, "Actual Startup Time": 245.984, "Actual Total Time": 245.984, "Actual Rows": 28396, "Actual Loops": 1, "Output": ["orders.o_custkey", "orders.o_orderkey"], "Hash Buckets": 32768, "Original Hash Buckets": 32768, "Hash Batches": 1, "Original Hash Batches": 1, "Peak Memory Usage": 1366, "Plans": [{"Node Type": "Seq Scan", "Parent Relationship": "Outer", "Parallel Aware": false, "Relation Name": "orders", "Schema": "public", "Alias": "orders", "Startup Cost": 0.0, "Total Cost": 24300.0, "Plan Rows": 26377, "Plan Width": 8, "Actual Startup Time": 0.028, "Actual Total Time": 233.188, "Actual Rows": 28396, "Actual Loops": 1, "Output": ["orders.o_custkey", "orders.o_orderkey"], "Filter": "((orders.o_orderdate >= '1995-01-01'::date) AND (orders.o_orderdate < '1995-04-01 00:00:00'::timestamp without time zone))", "Rows Removed by Filter": 721604}]}]}]}]}]}]}]}, "Planning Time": 2.831, "Triggers": [], "Execution Time": 1564.336}]
q15#####[{"Plan": {"Node Type": "Aggregate", "Strategy": "Sorted", "Partial Mode": "Simple", "Parallel Aware": false, "Startup Cost": 129332.86, "Total Cost": 129334.39, "Plan Rows": 34, "Plan Width": 40, "Actual Startup Time": 1111.148, "Actual Total Time": 1111.45, "Actual Rows": 2, "Actual Loops": 1, "Output": ["(date_part('year'::text, (orders.o_orderdate)::timestamp without time zone))", "(sum(CASE WHEN ((n2.n_name)::text = 'EGYPT'::text) THEN (lineitem.l_extendedprice * ('1'::numeric - lineitem.l_discount)) ELSE '0'::numeric END) / sum((lineitem.l_extendedprice * ('1'::numeric - lineitem.l_discount))))"], "Group Key": ["(date_part('year'::text, (orders.o_orderdate)::timestamp without time zone))"], "Plans": [{"Node Type": "Sort", "Parent Relationship": "Outer", "Parallel Aware": false, "Startup Cost": 129332.86, "Total Cost": 129332.95, "Plan Rows": 34, "Plan Width": 49, "Actual Startup Time": 1110.781, "Actual Total Time": 1110.882, "Actual Rows": 1208, "Actual Loops": 1, "Output": ["(date_part('year'::text, (orders.o_orderdate)::timestamp without time zone))", "n2.n_name", "lineitem.l_extendedprice", "lineitem.l_discount"], "Sort Key": ["(date_part('year'::text, (orders.o_orderdate)::timestamp without time zone))"], "Sort Method": "quicksort", "Sort Space Used": 143, "Sort Space Type": "Memory", "Plans": [{"Node Type": "Nested Loop", "Parent Relationship": "Outer", "Parallel Aware": false, "Join Type": "Inner", "Startup Cost": 31571.3, "Total Cost": 129332.0, "Plan Rows": 34, "Plan Width": 49, "Actual Startup Time": 346.142, "Actual Total Time": 1109.991, "Actual Rows": 1208, "Actual Loops": 1, "Output": ["date_part('year'::text, (orders.o_orderdate)::timestamp without time zone)", "n2.n_name", "lineitem.l_extendedprice", "lineitem.l_discount"], "Inner Unique": true, "Plans": [{"Node Type": "Hash Join", "Parent Relationship": "Outer", "Parallel Aware": false, "Join Type": "Inner", "Startup Cost": 31571.15, "Total Cost": 129325.89, "Plan Rows": 34, "Plan Width": 20, "Actual Startup Time": 346.106, "Actual Total Time": 1102.933, "Actual Rows": 1208, "Actual Loops": 1, "Output": ["lineitem.l_extendedprice", "lineitem.l_discount", "supplier.s_nationkey", "orders.o_orderdate"], "Inner Unique": false, "Hash Cond": "(lineitem.l_suppkey = supplier.s_suppkey)", "Plans": [{"Node Type": "Hash Join", "Parent Relationship": "Outer", "Parallel Aware": false, "Join Type": "Inner", "Startup Cost": 31347.65, "Total Cost": 129101.92, "Plan Rows": 34, "Plan Width": 20, "Actual Startup Time": 344.82, "Actual Total Time": 1100.766, "Actual Rows": 1208, "Actual Loops": 1, "Output": ["lineitem.l_extendedprice", "lineitem.l_discount", "lineitem.l_suppkey", "orders.o_orderdate"], "Inner Unique": false, "Hash Cond": "(lineitem.l_orderkey = orders.o_orderkey)", "Plans": [{"Node Type": "Hash Join", "Parent Relationship": "Outer", "Parallel Aware": false, "Join Type": "Inner", "Startup Cost": 3306.29, "Total Cost": 100985.63, "Plan Rows": 19889, "Plan Width": 20, "Actual Startup Time": 136.957, "Actual Total Time": 885.089, "Actual Rows": 19632, "Actual Loops": 1, "Output": ["lineitem.l_extendedprice", "lineitem.l_discount", "lineitem.l_suppkey", "lineitem.l_orderkey"], "Inner Unique": false, "Hash Cond": "(lineitem.l_partkey = part.p_partkey)", "Plans": [{"Node Type": "Seq Scan", "Parent Relationship": "Outer", "Parallel Aware": false, "Relation Name": "lineitem", "Schema": "public", "Alias": "lineitem", "Startup Cost": 0.0, "Total Cost": 86231.15, "Plan Rows": 2999815, "Plan Width": 24, "Actual Startup Time": 0.016, "Actual Total Time": 464.205, "Actual Rows": 2999671, "Actual Loops": 1, "Output": ["lineitem.l_orderkey", "lineitem.l_partkey", "lineitem.l_suppkey", "lineitem.l_linenumber", "lineitem.l_quantity", "lineitem.l_extendedprice", "lineitem.l_discount", "lineitem.l_tax", "lineitem.l_returnflag", "lineitem.l_linestatus", "lineitem.l_shipdate", "lineitem.l_commitdate", "lineitem.l_receiptdate", "lineitem.l_shipinstruct", "lineitem.l_shipmode", "lineitem.l_comment"]}, {"Node Type": "Hash", "Parent Relationship": "Inner", "Parallel Aware": false, "Startup Cost": 3298.0, "Total Cost": 3298.0, "Plan Rows": 663, "Plan Width": 4, "Actual Startup Time": 136.859, "Actual Total Time": 136.86, "Actual Rows": 660, "Actual Loops": 1, "Output": ["part.p_partkey"], "Hash Buckets": 1024, "Original Hash Buckets": 1024, "Hash Batches": 1, "Original Hash Batches": 1, "Peak Memory Usage": 32, "Plans": [{"Node Type": "Seq Scan", "Parent Relationship": "Outer", "Parallel Aware": false, "Relation Name": "part", "Schema": "public", "Alias": "part", "Startup Cost": 0.0, "Total Cost": 3298.0, "Plan Rows": 663, "Plan Width": 4, "Actual Startup Time": 0.025, "Actual Total Time": 136.3, "Actual Rows": 660, "Actual Loops": 1, "Output": ["part.p_partkey"], "Filter": "((part.p_type)::text = 'STANDARD ANODIZED STEEL'::text)", "Rows Removed by Filter": 99340}]}]}, {"Node Type": "Hash", "Parent Relationship": "Inner", "Parallel Aware": false, "Startup Cost": 28025.12, "Total Cost": 28025.12, "Plan Rows": 1300, "Plan Width": 8, "Actual Startup Time": 207.79, "Actual Total Time": 207.804, "Actual Rows": 45208, "Actual Loops": 1, "Output": ["orders.o_orderdate", "orders.o_orderkey"], "Hash Buckets": 65536, "Original Hash Buckets": 2048, "Hash Batches": 1, "Original Hash Batches": 1, "Peak Memory Usage": 2278, "Plans": [{"Node Type": "Hash Join", "Parent Relationship": "Outer", "Parallel Aware": false, "Join Type": "Inner", "Startup Cost": 2867.1, "Total Cost": 28025.12, "Plan Rows": 1300, "Plan Width": 8, "Actual Startup Time": 24.481, "Actual Total Time": 200.114, "Actual Rows": 45208, "Actual Loops": 1, "Output": ["orders.o_orderdate", "orders.o_orderkey"], "Inner Unique": false, "Hash Cond": "(orders.o_custkey = customer.c_custkey)", "Plans": [{"Node Type": "Seq Scan", "Parent Relationship": "Outer", "Parallel Aware": false, "Relation Name": "orders", "Schema": "public", "Alias": "orders", "Startup Cost": 0.0, "Total Cost": 24300.0, "Plan Rows": 225336, "Plan Width": 12, "Actual Startup Time": 0.026, "Actual Total Time": 135.012, "Actual Rows": 228641, "Actual Loops": 1, "Output": ["orders.o_orderkey", "orders.o_custkey", "orders.o_orderstatus", "orders.o_totalprice", "orders.o_orderdate", "orders.o_orderpriority", "orders.o_clerk", "orders.o_shippriority", "orders.o_comment"], "Filter": "((orders.o_orderdate >= '1995-01-01'::date) AND (orders.o_orderdate <= '1996-12-31'::date))", "Rows Removed by Filter": 521359}, {"Node Type": "Hash", "Parent Relationship": "Inner", "Parallel Aware": false, "Startup Cost": 2861.68, "Total Cost": 2861.68, "Plan Rows": 433, "Plan Width": 4, "Actual Startup Time": 24.402, "Actual Total Time": 24.41, "Actual Rows": 14946, "Actual Loops": 1, "Output": ["customer.c_custkey"], "Hash Buckets": 16384, "Original Hash Buckets": 1024, "Hash Batches": 1, "Original Hash Batches": 1, "Peak Memory Usage": 654, "Plans": [{"Node Type": "Hash Join", "Parent Relationship": "Outer", "Parallel Aware": false, "Join Type": "Inner", "Startup Cost": 33.02, "Total Cost": 2861.68, "Plan Rows": 433, "Plan Width": 4, "Actual Startup Time": 0.111, "Actual Total Time": 19.603, "Actual Rows": 14946, "Actual Loops": 1, "Output": ["customer.c_custkey"], "Inner Unique": false, "Hash Cond": "(customer.c_nationkey = n1.n_nationkey)", "Plans": [{"Node Type": "Seq Scan", "Parent Relationship": "Outer", "Parallel Aware": false, "Relation Name": "customer", "Schema": "public", "Alias": "customer", "Startup Cost": 0.0, "Total Cost": 2543.0, "Plan Rows": 75000, "Plan Width": 8, "Actual Startup Time": 0.008, "Actual Total Time": 7.006, "Actual Rows": 75000, "Actual Loops": 1, "Output": ["customer.c_custkey", "customer.c_name", "customer.c_address", "customer.c_nationkey", "customer.c_phone", "customer.c_acctbal", "customer.c_mktsegment", "customer.c_comment"]}, {"Node Type": "Hash", "Parent Relationship": "Inner", "Parallel Aware": false, "Startup Cost": 32.99, "Total Cost": 32.99, "Plan Rows": 3, "Plan Width": 4, "Actual Startup Time": 0.078, "Actual Total Time": 0.083, "Actual Rows": 5, "Actual Loops": 1, "Output": ["n1.n_nationkey"], "Hash Buckets": 1024, "Original Hash Buckets": 1024, "Hash Batches": 1, "Original Hash Batches": 1, "Peak Memory Usage": 9, "Plans": [{"Node Type": "Hash Join", "Parent Relationship": "Outer", "Parallel Aware": false, "Join Type": "Inner", "Startup Cost": 16.54, "Total Cost": 32.99, "Plan Rows": 3, "Plan Width": 4, "Actual Startup Time": 0.07, "Actual Total Time": 0.077, "Actual Rows": 5, "Actual Loops": 1, "Output": ["n1.n_nationkey"], "Inner Unique": true, "Hash Cond": "(n1.n_regionkey = region.r_regionkey)", "Plans": [{"Node Type": "Seq Scan", "Parent Relationship": "Outer", "Parallel Aware": false, "Relation Name": "nation", "Schema": "public", "Alias": "n1", "Startup Cost": 0.0, "Total Cost": 15.1, "Plan Rows": 510, "Plan Width": 8, "Actual Startup Time": 0.004, "Actual Total Time": 0.006, "Actual Rows": 25, "Actual Loops": 1, "Output": ["n1.n_nationkey", "n1.n_name", "n1.n_regionkey", "n1.n_comment"]}, {"Node Type": "Hash", "Parent Relationship": "Inner", "Parallel Aware": false, "Startup Cost": 16.5, "Total Cost": 16.5, "Plan Rows": 3, "Plan Width": 4, "Actual Startup Time": 0.027, "Actual Total Time": 0.028, "Actual Rows": 1, "Actual Loops": 1, "Output": ["region.r_regionkey"], "Hash Buckets": 1024, "Original Hash Buckets": 1024, "Hash Batches": 1, "Original Hash Batches": 1, "Peak Memory Usage": 9, "Plans": [{"Node Type": "Seq Scan", "Parent Relationship": "Outer", "Parallel Aware": false, "Relation Name": "region", "Schema": "public", "Alias": "region", "Startup Cost": 0.0, "Total Cost": 16.5, "Plan Rows": 3, "Plan Width": 4, "Actual Startup Time": 0.019, "Actual Total Time": 0.019, "Actual Rows": 1, "Actual Loops": 1, "Output": ["region.r_regionkey"], "Filter": "((region.r_name)::text = 'MIDDLE EAST'::text)", "Rows Removed by Filter": 4}]}]}]}]}]}]}]}]}, {"Node Type": "Hash", "Parent Relationship": "Inner", "Parallel Aware": false, "Startup Cost": 161.0, "Total Cost": 161.0, "Plan Rows": 5000, "Plan Width": 8, "Actual Startup Time": 1.218, "Actual Total Time": 1.219, "Actual Rows": 5000, "Actual Loops": 1, "Output": ["supplier.s_suppkey", "supplier.s_nationkey"], "Hash Buckets": 8192, "Original Hash Buckets": 8192, "Hash Batches": 1, "Original Hash Batches": 1, "Peak Memory Usage": 260, "Plans": [{"Node Type": "Seq Scan", "Parent Relationship": "Outer", "Parallel Aware": false, "Relation Name": "supplier", "Schema": "public", "Alias": "supplier", "Startup Cost": 0.0, "Total Cost": 161.0, "Plan Rows": 5000, "Plan Width": 8, "Actual Startup Time": 0.004, "Actual Total Time": 0.589, "Actual Rows": 5000, "Actual Loops": 1, "Output": ["supplier.s_suppkey", "supplier.s_nationkey"]}]}]}, {"Node Type": "Index Scan", "Parent Relationship": "Inner", "Parallel Aware": false, "Scan Direction": "Forward", "Index Name": "nation_pkey", "Relation Name": "nation", "Schema": "public", "Alias": "n2", "Startup Cost": 0.15, "Total Cost": 0.17, "Plan Rows": 1, "Plan Width": 33, "Actual Startup Time": 0.005, "Actual Total Time": 0.005, "Actual Rows": 1, "Actual Loops": 1208, "Output": ["n2.n_nationkey", "n2.n_name", "n2.n_regionkey", "n2.n_comment"], "Index Cond": "(n2.n_nationkey = supplier.s_nationkey)", "Rows Removed by Index Recheck": 0}]}]}]}, "Planning Time": 3.453, "Triggers": [], "Execution Time": 1111.834}]
q16#####[{"Plan": {"Node Type": "Sort", "Parallel Aware": false, "Startup Cost": 125310.21, "Total Cost": 125310.47, "Plan Rows": 103, "Plan Width": 61, "Actual Startup Time": 1393.571, "Actual Total Time": 1393.648, "Actual Rows": 5, "Actual Loops": 1, "Output": ["nation.n_name", "(sum((lineitem.l_extendedprice * ('1'::numeric - lineitem.l_discount))))"], "Sort Key": ["(sum((lineitem.l_extendedprice * ('1'::numeric - lineitem.l_discount)))) DESC"], "Sort Method": "quicksort", "Sort Space Used": 25, "Sort Space Type": "Memory", "Plans": [{"Node Type": "Aggregate", "Strategy": "Sorted", "Partial Mode": "Simple", "Parent Relationship": "Outer", "Parallel Aware": false, "Startup Cost": 125304.19, "Total Cost": 125306.77, "Plan Rows": 103, "Plan Width": 61, "Actual Startup Time": 1392.976, "Actual Total Time": 1393.613, "Actual Rows": 5, "Actual Loops": 1, "Output": ["nation.n_name", "sum((lineitem.l_extendedprice * ('1'::numeric - lineitem.l_discount)))"], "Group Key": ["nation.n_name"], "Plans": [{"Node Type": "Sort", "Parent Relationship": "Outer", "Parallel Aware": false, "Startup Cost": 125304.19, "Total Cost": 125304.45, "Plan Rows": 103, "Plan Width": 41, "Actual Startup Time": 1392.757, "Actual Total Time": 1392.953, "Actual Rows": 3551, "Actual Loops": 1, "Output": ["nation.n_name", "lineitem.l_extendedprice", "lineitem.l_discount"], "Sort Key": ["nation.n_name"], "Sort Method": "quicksort", "Sort Space Used": 373, "Sort Space Type": "Memory", "Plans": [{"Node Type": "Hash Join", "Parent Relationship": "Outer", "Parallel Aware": false, "Join Type": "Inner", "Startup Cost": 27774.17, "Total Cost": 125300.75, "Plan Rows": 103, "Plan Width": 41, "Actual Startup Time": 178.918, "Actual Total Time": 1386.026, "Actual Rows": 3551, "Actual Loops": 1, "Output": ["nation.n_name", "lineitem.l_extendedprice", "lineitem.l_discount"], "Inner Unique": false, "Hash Cond": "((lineitem.l_suppkey = supplier.s_suppkey) AND (customer.c_nationkey = supplier.s_nationkey))", "Plans": [{"Node Type": "Hash Join", "Parent Relationship": "Outer", "Parallel Aware": false, "Join Type": "Inner", "Startup Cost": 27538.17, "Total Cost": 125044.38, "Plan Rows": 2578, "Plan Width": 53, "Actual Startup Time": 173.634, "Actual Total Time": 1364.764, "Actual Rows": 90143, "Actual Loops": 1, "Output": ["customer.c_nationkey", "lineitem.l_extendedprice", "lineitem.l_discount", "lineitem.l_suppkey", "nation.n_name", "nation.n_nationkey"], "Inner Unique": false, "Hash Cond": "(lineitem.l_orderkey = orders.o_orderkey)", "Plans": [{"Node Type": "Seq Scan", "Parent Relationship": "Outer", "Parallel Aware": false, "Relation Name": "lineitem", "Schema": "public", "Alias": "lineitem", "Startup Cost": 0.0, "Total Cost": 86231.15, "Plan Rows": 2999815, "Plan Width": 20, "Actual Startup Time": 0.019, "Actual Total Time": 844.071, "Actual Rows": 2999671, "Actual Loops": 1, "Output": ["lineitem.l_orderkey", "lineitem.l_partkey", "lineitem.l_suppkey", "lineitem.l_linenumber", "lineitem.l_quantity", "lineitem.l_extendedprice", "lineitem.l_discount", "lineitem.l_tax", "lineitem.l_returnflag", "lineitem.l_linestatus", "lineitem.l_shipdate", "lineitem.l_commitdate", "lineitem.l_receiptdate", "lineitem.l_shipinstruct", "lineitem.l_shipmode", "lineitem.l_comment"]}, {"Node Type": "Hash", "Parent Relationship": "Inner", "Parallel Aware": false, "Startup Cost": 27530.12, "Total Cost": 27530.12, "Plan Rows": 644, "Plan Width": 41, "Actual Startup Time": 173.558, "Actual Total Time": 173.63, "Actual Rows": 22550, "Actual Loops": 1, "Output": ["customer.c_nationkey", "orders.o_orderkey", "nation.n_name", "nation.n_nationkey"], "Hash Buckets": 32768, "Original Hash Buckets": 1024, "Hash Batches": 1, "Original Hash Batches": 1, "Peak Memory Usage": 1437, "Plans": [{"Node Type": "Hash Join", "Parent Relationship": "Outer", "Parallel Aware": false, "Join Type": "Inner", "Startup Cost": 2804.78, "Total Cost": 27530.12, "Plan Rows": 644, "Plan Width": 41, "Actual Startup Time": 40.095, "Actual Total Time": 156.904, "Actual Rows": 22550, "Actual Loops": 1, "Output": ["customer.c_nationkey", "orders.o_orderkey", "nation.n_name", "nation.n_nationkey"], "Inner Unique": false, "Hash Cond": "(orders.o_custkey = customer.c_custkey)", "Plans": [{"Node Type": "Seq Scan", "Parent Relationship": "Outer", "Parallel Aware": false, "Relation Name": "orders", "Schema": "public", "Alias": "orders", "Startup Cost": 0.0, "Total Cost": 24300.0, "Plan Rows": 111704, "Plan Width": 8, "Actual Startup Time": 0.011, "Actual Total Time": 92.953, "Actual Rows": 113997, "Actual Loops": 1, "Output": ["orders.o_orderkey", "orders.o_custkey", "orders.o_orderstatus", "orders.o_totalprice", "orders.o_orderdate", "orders.o_orderpriority", "orders.o_clerk", "orders.o_shippriority", "orders.o_comment"], "Filter": "((orders.o_orderdate >= '1994-01-01'::date) AND (orders.o_orderdate < '1995-01-01 00:00:00'::timestamp without time zone))", "Rows Removed by Filter": 636003}, {"Node Type": "Hash", "Parent Relationship": "Inner", "Parallel Aware": false, "Startup Cost": 2799.37, "Total Cost": 2799.37, "Plan Rows": 433, "Plan Width": 41, "Actual Startup Time": 40.073, "Actual Total Time": 40.128, "Actual Rows": 14946, "Actual Loops": 1, "Output": ["customer.c_custkey", "customer.c_nationkey", "nation.n_name", "nation.n_nationkey"], "Hash Buckets": 16384, "Original Hash Buckets": 1024, "Hash Batches": 1, "Original Hash Batches": 1, "Peak Memory Usage": 911, "Plans": [{"Node Type": "Hash Join", "Parent Relationship": "Outer", "Parallel Aware": false, "Join Type": "Inner", "Startup Cost": 38.01, "Total Cost": 2799.37, "Plan Rows": 433, "Plan Width": 41, "Actual Startup Time": 0.039, "Actual Total Time": 33.463, "Actual Rows": 14946, "Actual Loops": 1, "Output": ["customer.c_custkey", "customer.c_nationkey", "nation.n_name", "nation.n_nationkey"], "Inner Unique": true, "Hash Cond": "(nation.n_regionkey = region.r_regionkey)", "Plans": [{"Node Type": "Hash Join", "Parent Relationship": "Outer", "Parallel Aware": false, "Join Type": "Inner", "Startup Cost": 21.48, "Total Cost": 2762.99, "Plan Rows": 7500, "Plan Width": 45, "Actual Startup Time": 0.015, "Actual Total Time": 26.989, "Actual Rows": 75000, "Actual Loops": 1, "Output": ["customer.c_custkey", "customer.c_nationkey", "nation.n_name", "nation.n_nationkey", "nation.n_regionkey"], "Inner Unique": true, "Hash Cond": "(customer.c_nationkey = nation.n_nationkey)", "Plans": [{"Node Type": "Seq Scan", "Parent Relationship": "Outer", "Parallel Aware": false, "Relation Name": "customer", "Schema": "public", "Alias": "customer", "Startup Cost": 0.0, "Total Cost": 2543.0, "Plan Rows": 75000, "Plan Width": 8, "Actual Startup Time": 0.004, "Actual Total Time": 11.41, "Actual Rows": 75000, "Actual Loops": 1, "Output": ["customer.c_custkey", "customer.c_name", "customer.c_address", "customer.c_nationkey", "customer.c_phone", "customer.c_acctbal", "customer.c_mktsegment", "customer.c_comment"]}, {"Node Type": "Hash", "Parent Relationship": "Inner", "Parallel Aware": false, "Startup Cost": 15.1, "Total Cost": 15.1, "Plan Rows": 510, "Plan Width": 37, "Actual Startup Time": 0.006, "Actual Total Time": 0.014, "Actual Rows": 25, "Actual Loops": 1, "Output": ["nation.n_name", "nation.n_nationkey", "nation.n_regionkey"], "Hash Buckets": 1024, "Original Hash Buckets": 1024, "Hash Batches": 1, "Original Hash Batches": 1, "Peak Memory Usage": 10, "Plans": [{"Node Type": "Seq Scan", "Parent Relationship": "Outer", "Parallel Aware": false, "Relation Name": "nation", "Schema": "public", "Alias": "nation", "Startup Cost": 0.0, "Total Cost": 15.1, "Plan Rows": 510, "Plan Width": 37, "Actual Startup Time": 0.002, "Actual Total Time": 0.005, "Actual Rows": 25, "Actual Loops": 1, "Output": ["nation.n_name", "nation.n_nationkey", "nation.n_regionkey"]}]}]}, {"Node Type": "Hash", "Parent Relationship": "Inner", "Parallel Aware": false, "Startup Cost": 16.5, "Total Cost": 16.5, "Plan Rows": 3, "Plan Width": 4, "Actual Startup Time": 0.017, "Actual Total Time": 0.018, "Actual Rows": 1, "Actual Loops": 1, "Output": ["region.r_regionkey"], "Hash Buckets": 1024, "Original Hash Buckets": 1024, "Hash Batches": 1, "Original Hash Batches": 1, "Peak Memory Usage": 9, "Plans": [{"Node Type": "Seq Scan", "Parent Relationship": "Outer", "Parallel Aware": false, "Relation Name": "region", "Schema": "public", "Alias": "region", "Startup Cost": 0.0, "Total Cost": 16.5, "Plan Rows": 3, "Plan Width": 4, "Actual Startup Time": 0.016, "Actual Total Time": 0.016, "Actual Rows": 1, "Actual Loops": 1, "Output": ["region.r_regionkey"], "Filter": "((region.r_name)::text = 'MIDDLE EAST'::text)", "Rows Removed by Filter": 4}]}]}]}]}]}]}, {"Node Type": "Hash", "Parent Relationship": "Inner", "Parallel Aware": false, "Startup Cost": 161.0, "Total Cost": 161.0, "Plan Rows": 5000, "Plan Width": 8, "Actual Startup Time": 1.138, "Actual Total Time": 1.138, "Actual Rows": 5000, "Actual Loops": 1, "Output": ["supplier.s_suppkey", "supplier.s_nationkey"], "Hash Buckets": 8192, "Original Hash Buckets": 8192, "Hash Batches": 1, "Original Hash Batches": 1, "Peak Memory Usage": 260, "Plans": [{"Node Type": "Seq Scan", "Parent Relationship": "Outer", "Parallel Aware": false, "Relation Name": "supplier", "Schema": "public", "Alias": "supplier", "Startup Cost": 0.0, "Total Cost": 161.0, "Plan Rows": 5000, "Plan Width": 8, "Actual Startup Time": 0.005, "Actual Total Time": 0.579, "Actual Rows": 5000, "Actual Loops": 1, "Output": ["supplier.s_suppkey", "supplier.s_nationkey"]}]}]}]}]}]}, "Planning Time": 2.103, "Triggers": [], "Execution Time": 1394.035}]
q17#####[{"Plan": {"Node Type": "Sort", "Parallel Aware": false, "Startup Cost": 125319.75, "Total Cost": 125320.01, "Plan Rows": 105, "Plan Width": 61, "Actual Startup Time": 1104.23, "Actual Total Time": 1104.246, "Actual Rows": 5, "Actual Loops": 1, "Output": ["nation.n_name", "(sum((lineitem.l_extendedprice * ('1'::numeric - lineitem.l_discount))))"], "Sort Key": ["(sum((lineitem.l_extendedprice * ('1'::numeric - lineitem.l_discount)))) DESC"], "Sort Method": "quicksort", "Sort Space Used": 25, "Sort Space Type": "Memory", "Plans": [{"Node Type": "Aggregate", "Strategy": "Sorted", "Partial Mode": "Simple", "Parent Relationship": "Outer", "Parallel Aware": false, "Startup Cost": 125313.6, "Total Cost": 125316.22, "Plan Rows": 105, "Plan Width": 61, "Actual Startup Time": 1098.547, "Actual Total Time": 1104.227, "Actual Rows": 5, "Actual Loops": 1, "Output": ["nation.n_name", "sum((lineitem.l_extendedprice * ('1'::numeric - lineitem.l_discount)))"], "Group Key": ["nation.n_name"], "Plans": [{"Node Type": "Sort", "Parent Relationship": "Outer", "Parallel Aware": false, "Startup Cost": 125313.6, "Total Cost": 125313.86, "Plan Rows": 105, "Plan Width": 41, "Actual Startup Time": 1098.159, "Actual Total Time": 1098.406, "Actual Rows": 3732, "Actual Loops": 1, "Output": ["nation.n_name", "lineitem.l_extendedprice", "lineitem.l_discount"], "Sort Key": ["nation.n_name"], "Sort Method": "quicksort", "Sort Space Used": 387, "Sort Space Type": "Memory", "Plans": [{"Node Type": "Hash Join", "Parent Relationship": "Outer", "Parallel Aware": false, "Join Type": "Inner", "Startup Cost": 27782.58, "Total Cost": 125310.07, "Plan Rows": 105, "Plan Width": 41, "Actual Startup Time": 325.14, "Actual Total Time": 1095.662, "Actual Rows": 3732, "Actual Loops": 1, "Output": ["nation.n_name", "lineitem.l_extendedprice", "lineitem.l_discount"], "Inner Unique": false, "Hash Cond": "((lineitem.l_suppkey = supplier.s_suppkey) AND (customer.c_nationkey = supplier.s_nationkey))", "Plans": [{"Node Type": "Hash Join", "Parent Relationship": "Outer", "Parallel Aware": false, "Join Type": "Inner", "Startup Cost": 27546.58, "Total Cost": 125053.31, "Plan Rows": 2628, "Plan Width": 53, "Actual Startup Time": 320.764, "Actual Total Time": 1080.49, "Actual Rows": 91016, "Actual Loops": 1, "Output": ["customer.c_nationkey", "lineitem.l_extendedprice", "lineitem.l_discount", "lineitem.l_suppkey", "nation.n_name", "nation.n_nationkey"], "Inner Unique": false, "Hash Cond": "(lineitem.l_orderkey = orders.o_orderkey)", "Plans": [{"Node Type": "Seq Scan", "Parent Relationship": "Outer", "Parallel Aware": false, "Relation Name": "lineitem", "Schema": "public", "Alias": "lineitem", "Startup Cost": 0.0, "Total Cost": 86231.15, "Plan Rows": 2999815, "Plan Width": 20, "Actual Startup Time": 0.016, "Actual Total Time": 526.974, "Actual Rows": 2999671, "Actual Loops": 1, "Output": ["lineitem.l_orderkey", "lineitem.l_partkey", "lineitem.l_suppkey", "lineitem.l_linenumber", "lineitem.l_quantity", "lineitem.l_extendedprice", "lineitem.l_discount", "lineitem.l_tax", "lineitem.l_returnflag", "lineitem.l_linestatus", "lineitem.l_shipdate", "lineitem.l_commitdate", "lineitem.l_receiptdate", "lineitem.l_shipinstruct", "lineitem.l_shipmode", "lineitem.l_comment"]}, {"Node Type": "Hash", "Parent Relationship": "Inner", "Parallel Aware": false, "Startup Cost": 27538.36, "Total Cost": 27538.36, "Plan Rows": 657, "Plan Width": 41, "Actual Startup Time": 319.633, "Actual Total Time": 319.646, "Actual Rows": 22761, "Actual Loops": 1, "Output": ["customer.c_nationkey", "orders.o_orderkey", "nation.n_name", "nation.n_nationkey"], "Hash Buckets": 32768, "Original Hash Buckets": 1024, "Hash Batches": 1, "Original Hash Batches": 1, "Peak Memory Usage": 1430, "Plans": [{"Node Type": "Hash Join", "Parent Relationship": "Outer", "Parallel Aware": false, "Join Type": "Inner", "Startup Cost": 2804.78, "Total Cost": 27538.36, "Plan Rows": 657, "Plan Width": 41, "Actual Startup Time": 101.199, "Actual Total Time": 306.245, "Actual Rows": 22761, "Actual Loops": 1, "Output": ["customer.c_nationkey", "orders.o_orderkey", "nation.n_name", "nation.n_nationkey"], "Inner Unique": false, "Hash Cond": "(orders.o_custkey = customer.c_custkey)", "Plans": [{"Node Type": "Seq Scan", "Parent Relationship": "Outer", "Parallel Aware": false, "Relation Name": "orders", "Schema": "public", "Alias": "orders", "Startup Cost": 0.0, "Total Cost": 24300.0, "Plan Rows": 113871, "Plan Width": 8, "Actual Startup Time": 0.007, "Actual Total Time": 187.581, "Actual Rows": 113599, "Actual Loops": 1, "Output": ["orders.o_orderkey", "orders.o_custkey", "orders.o_orderstatus", "orders.o_totalprice", "orders.o_orderdate", "orders.o_orderpriority", "orders.o_clerk", "orders.o_shippriority", "orders.o_comment"], "Filter": "((orders.o_orderdate >= '1997-01-10'::date) AND (orders.o_orderdate < '1998-01-10 00:00:00'::timestamp without time zone))", "Rows Removed by Filter": 636401}, {"Node Type": "Hash", "Parent Relationship": "Inner", "Parallel Aware": false, "Startup Cost": 2799.37, "Total Cost": 2799.37, "Plan Rows": 433, "Plan Width": 41, "Actual Startup Time": 101.161, "Actual Total Time": 101.17, "Actual Rows": 15053, "Actual Loops": 1, "Output": ["customer.c_custkey", "customer.c_nationkey", "nation.n_name", "nation.n_nationkey"], "Hash Buckets": 16384, "Original Hash Buckets": 1024, "Hash Batches": 1, "Original Hash Batches": 1, "Peak Memory Usage": 905, "Plans": [{"Node Type": "Hash Join", "Parent Relationship": "Outer", "Parallel Aware": false, "Join Type": "Inner", "Startup Cost": 38.01, "Total Cost": 2799.37, "Plan Rows": 433, "Plan Width": 41, "Actual Startup Time": 0.359, "Actual Total Time": 89.801, "Actual Rows": 15053, "Actual Loops": 1, "Output": ["customer.c_custkey", "customer.c_nationkey", "nation.n_name", "nation.n_nationkey"], "Inner Unique": true, "Hash Cond": "(nation.n_regionkey = region.r_regionkey)", "Plans": [{"Node Type": "Hash Join", "Parent Relationship": "Outer", "Parallel Aware": false, "Join Type": "Inner", "Startup Cost": 21.48, "Total Cost": 2762.99, "Plan Rows": 7500, "Plan Width": 45, "Actual Startup Time": 0.052, "Actual Total Time": 84.307, "Actual Rows": 75000, "Actual Loops": 1, "Output": ["customer.c_custkey", "customer.c_nationkey", "nation.n_name", "nation.n_nationkey", "nation.n_regionkey"], "Inner Unique": true, "Hash Cond": "(customer.c_nationkey = nation.n_nationkey)", "Plans": [{"Node Type": "Seq Scan", "Parent Relationship": "Outer", "Parallel Aware": false, "Relation Name": "customer", "Schema": "public", "Alias": "customer", "Startup Cost": 0.0, "Total Cost": 2543.0, "Plan Rows": 75000, "Plan Width": 8, "Actual Startup Time": 0.013, "Actual Total Time": 9.439, "Actual Rows": 75000, "Actual Loops": 1, "Output": ["customer.c_custkey", "customer.c_name", "customer.c_address", "customer.c_nationkey", "customer.c_phone", "customer.c_acctbal", "customer.c_mktsegment", "customer.c_comment"]}, {"Node Type": "Hash", "Parent Relationship": "Inner", "Parallel Aware": false, "Startup Cost": 15.1, "Total Cost": 15.1, "Plan Rows": 510, "Plan Width": 37, "Actual Startup Time": 0.012, "Actual Total Time": 0.013, "Actual Rows": 25, "Actual Loops": 1, "Output": ["nation.n_name", "nation.n_nationkey", "nation.n_regionkey"], "Hash Buckets": 1024, "Original Hash Buckets": 1024, "Hash Batches": 1, "Original Hash Batches": 1, "Peak Memory Usage": 10, "Plans": [{"Node Type": "Seq Scan", "Parent Relationship": "Outer", "Parallel Aware": false, "Relation Name": "nation", "Schema": "public", "Alias": "nation", "Startup Cost": 0.0, "Total Cost": 15.1, "Plan Rows": 510, "Plan Width": 37, "Actual Startup Time": 0.002, "Actual Total Time": 0.003, "Actual Rows": 25, "Actual Loops": 1, "Output": ["nation.n_name", "nation.n_nationkey", "nation.n_regionkey"]}]}]}, {"Node Type": "Hash", "Parent Relationship": "Inner", "Parallel Aware": false, "Startup Cost": 16.5, "Total Cost": 16.5, "Plan Rows": 3, "Plan Width": 4, "Actual Startup Time": 0.041, "Actual Total Time": 0.041, "Actual Rows": 1, "Actual Loops": 1, "Output": ["region.r_regionkey"], "Hash Buckets": 1024, "Original Hash Buckets": 1024, "Hash Batches": 1, "Original Hash Batches": 1, "Peak Memory Usage": 9, "Plans": [{"Node Type": "Seq Scan", "Parent Relationship": "Outer", "Parallel Aware": false, "Relation Name": "region", "Schema": "public", "Alias": "region", "Startup Cost": 0.0, "Total Cost": 16.5, "Plan Rows": 3, "Plan Width": 4, "Actual Startup Time": 0.034, "Actual Total Time": 0.034, "Actual Rows": 1, "Actual Loops": 1, "Output": ["region.r_regionkey"], "Filter": "((region.r_name)::text = 'ASIA'::text)", "Rows Removed by Filter": 4}]}]}]}]}]}]}, {"Node Type": "Hash", "Parent Relationship": "Inner", "Parallel Aware": false, "Startup Cost": 161.0, "Total Cost": 161.0, "Plan Rows": 5000, "Plan Width": 8, "Actual Startup Time": 1.97, "Actual Total Time": 1.97, "Actual Rows": 5000, "Actual Loops": 1, "Output": ["supplier.s_suppkey", "supplier.s_nationkey"], "Hash Buckets": 8192, "Original Hash Buckets": 8192, "Hash Batches": 1, "Original Hash Batches": 1, "Peak Memory Usage": 260, "Plans": [{"Node Type": "Seq Scan", "Parent Relationship": "Outer", "Parallel Aware": false, "Relation Name": "supplier", "Schema": "public", "Alias": "supplier", "Startup Cost": 0.0, "Total Cost": 161.0, "Plan Rows": 5000, "Plan Width": 8, "Actual Startup Time": 0.012, "Actual Total Time": 1.43, "Actual Rows": 5000, "Actual Loops": 1, "Output": ["supplier.s_suppkey", "supplier.s_nationkey"]}]}]}]}]}]}, "Planning Time": 0.952, "Triggers": [], "Execution Time": 1104.37}]
q18#####[{"Plan": {"Node Type": "Sort", "Parallel Aware": false, "Startup Cost": 125325.51, "Total Cost": 125325.77, "Plan Rows": 106, "Plan Width": 61, "Actual Startup Time": 1578.505, "Actual Total Time": 1578.57, "Actual Rows": 5, "Actual Loops": 1, "Output": ["nation.n_name", "(sum((lineitem.l_extendedprice * ('1'::numeric - lineitem.l_discount))))"], "Sort Key": ["(sum((lineitem.l_extendedprice * ('1'::numeric - lineitem.l_discount)))) DESC"], "Sort Method": "quicksort", "Sort Space Used": 25, "Sort Space Type": "Memory", "Plans": [{"Node Type": "Aggregate", "Strategy": "Sorted", "Partial Mode": "Simple", "Parent Relationship": "Outer", "Parallel Aware": false, "Startup Cost": 125319.29, "Total Cost": 125321.94, "Plan Rows": 106, "Plan Width": 61, "Actual Startup Time": 1577.876, "Actual Total Time": 1578.536, "Actual Rows": 5, "Actual Loops": 1, "Output": ["nation.n_name", "sum((lineitem.l_extendedprice * ('1'::numeric - lineitem.l_discount)))"], "Group Key": ["nation.n_name"], "Plans": [{"Node Type": "Sort", "Parent Relationship": "Outer", "Parallel Aware": false, "Startup Cost": 125319.29, "Total Cost": 125319.56, "Plan Rows": 106, "Plan Width": 41, "Actual Startup Time": 1577.489, "Actual Total Time": 1577.718, "Actual Rows": 3424, "Actual Loops": 1, "Output": ["nation.n_name", "lineitem.l_extendedprice", "lineitem.l_discount"], "Sort Key": ["nation.n_name"], "Sort Method": "quicksort", "Sort Space Used": 363, "Sort Space Type": "Memory", "Plans": [{"Node Type": "Hash Join", "Parent Relationship": "Outer", "Parallel Aware": false, "Join Type": "Inner", "Startup Cost": 27787.67, "Total Cost": 125315.72, "Plan Rows": 106, "Plan Width": 41, "Actual Startup Time": 216.848, "Actual Total Time": 1573.519, "Actual Rows": 3424, "Actual Loops": 1, "Output": ["nation.n_name", "lineitem.l_extendedprice", "lineitem.l_discount"], "Inner Unique": false, "Hash Cond": "((lineitem.l_suppkey = supplier.s_suppkey) AND (customer.c_nationkey = supplier.s_nationkey))", "Plans": [{"Node Type": "Hash Join", "Parent Relationship": "Outer", "Parallel Aware": false, "Join Type": "Inner", "Startup Cost": 27551.67, "Total Cost": 125058.73, "Plan Rows": 2658, "Plan Width": 53, "Actual Startup Time": 213.574, "Actual Total Time": 1552.982, "Actual Rows": 90071, "Actual Loops": 1, "Output": ["customer.c_nationkey", "lineitem.l_extendedprice", "lineitem.l_discount", "lineitem.l_suppkey", "nation.n_name", "nation.n_nationkey"], "Inner Unique": false, "Hash Cond": "(lineitem.l_orderkey = orders.o_orderkey)", "Plans": [{"Node Type": "Seq Scan", "Parent Relationship": "Outer", "Parallel Aware": false, "Relation Name": "lineitem", "Schema": "public", "Alias": "lineitem", "Startup Cost": 0.0, "Total Cost": 86231.15, "Plan Rows": 2999815, "Plan Width": 20, "Actual Startup Time": 0.021, "Actual Total Time": 948.416, "Actual Rows": 2999671, "Actual Loops": 1, "Output": ["lineitem.l_orderkey", "lineitem.l_partkey", "lineitem.l_suppkey", "lineitem.l_linenumber", "lineitem.l_quantity", "lineitem.l_extendedprice", "lineitem.l_discount", "lineitem.l_tax", "lineitem.l_returnflag", "lineitem.l_linestatus", "lineitem.l_shipdate", "lineitem.l_commitdate", "lineitem.l_receiptdate", "lineitem.l_shipinstruct", "lineitem.l_shipmode", "lineitem.l_comment"]}, {"Node Type": "Hash", "Parent Relationship": "Inner", "Parallel Aware": false, "Startup Cost": 27543.36, "Total Cost": 27543.36, "Plan Rows": 665, "Plan Width": 41, "Actual Startup Time": 213.265, "Actual Total Time": 213.321, "Actual Rows": 22564, "Actual Loops": 1, "Output": ["customer.c_nationkey", "orders.o_orderkey", "nation.n_name", "nation.n_nationkey"], "Hash Buckets": 32768, "Original Hash Buckets": 1024, "Hash Batches": 1, "Original Hash Batches": 1, "Peak Memory Usage": 1438, "Plans": [{"Node Type": "Hash Join", "Parent Relationship": "Outer", "Parallel Aware": false, "Join Type": "Inner", "Startup Cost": 2804.78, "Total Cost": 27543.36, "Plan Rows": 665, "Plan Width": 41, "Actual Startup Time": 46.084, "Actual Total Time": 204.597, "Actual Rows": 22564, "Actual Loops": 1, "Output": ["customer.c_nationkey", "orders.o_orderkey", "nation.n_name", "nation.n_nationkey"], "Inner Unique": false, "Hash Cond": "(orders.o_custkey = customer.c_custkey)", "Plans": [{"Node Type": "Seq Scan", "Parent Relationship": "Outer", "Parallel Aware": false, "Relation Name": "orders", "Schema": "public", "Alias": "orders", "Startup Cost": 0.0, "Total Cost": 24300.0, "Plan Rows": 115182, "Plan Width": 8, "Actual Startup Time": 0.011, "Actual Total Time": 142.664, "Actual Rows": 114407, "Actual Loops": 1, "Output": ["orders.o_orderkey", "orders.o_custkey", "orders.o_orderstatus", "orders.o_totalprice", "orders.o_orderdate", "orders.o_orderpriority", "orders.o_clerk", "orders.o_shippriority", "orders.o_comment"], "Filter": "((orders.o_orderdate >= '1996-01-01'::date) AND (orders.o_orderdate < '1997-01-01 00:00:00'::timestamp without time zone))", "Rows Removed by Filter": 635593}, {"Node Type": "Hash", "Parent Relationship": "Inner", "Parallel Aware": false, "Startup Cost": 2799.37, "Total Cost": 2799.37, "Plan Rows": 433, "Plan Width": 41, "Actual Startup Time": 46.053, "Actual Total Time": 46.095, "Actual Rows": 14946, "Actual Loops": 1, "Output": ["customer.c_custkey", "customer.c_nationkey", "nation.n_name", "nation.n_nationkey"], "Hash Buckets": 16384, "Original Hash Buckets": 1024, "Hash Batches": 1, "Original Hash Batches": 1, "Peak Memory Usage": 911, "Plans": [{"Node Type": "Hash Join", "Parent Relationship": "Outer", "Parallel Aware": false, "Join Type": "Inner", "Startup Cost": 38.01, "Total Cost": 2799.37, "Plan Rows": 433, "Plan Width": 41, "Actual Startup Time": 0.339, "Actual Total Time": 42.164, "Actual Rows": 14946, "Actual Loops": 1, "Output": ["customer.c_custkey", "customer.c_nationkey", "nation.n_name", "nation.n_nationkey"], "Inner Unique": true, "Hash Cond": "(nation.n_regionkey = region.r_regionkey)", "Plans": [{"Node Type": "Hash Join", "Parent Relationship": "Outer", "Parallel Aware": false, "Join Type": "Inner", "Startup Cost": 21.48, "Total Cost": 2762.99, "Plan Rows": 7500, "Plan Width": 45, "Actual Startup Time": 0.285, "Actual Total Time": 35.625, "Actual Rows": 75000, "Actual Loops": 1, "Output": ["customer.c_custkey", "customer.c_nationkey", "nation.n_name", "nation.n_nationkey", "nation.n_regionkey"], "Inner Unique": true, "Hash Cond": "(customer.c_nationkey = nation.n_nationkey)", "Plans": [{"Node Type": "Seq Scan", "Parent Relationship": "Outer", "Parallel Aware": false, "Relation Name": "customer", "Schema": "public", "Alias": "customer", "Startup Cost": 0.0, "Total Cost": 2543.0, "Plan Rows": 75000, "Plan Width": 8, "Actual Startup Time": 0.011, "Actual Total Time": 7.45, "Actual Rows": 75000, "Actual Loops": 1, "Output": ["customer.c_custkey", "customer.c_name", "customer.c_address", "customer.c_nationkey", "customer.c_phone", "customer.c_acctbal", "customer.c_mktsegment", "customer.c_comment"]}, {"Node Type": "Hash", "Parent Relationship": "Inner", "Parallel Aware": false, "Startup Cost": 15.1, "Total Cost": 15.1, "Plan Rows": 510, "Plan Width": 37, "Actual Startup Time": 0.015, "Actual Total Time": 0.016, "Actual Rows": 25, "Actual Loops": 1, "Output": ["nation.n_name", "nation.n_nationkey", "nation.n_regionkey"], "Hash Buckets": 1024, "Original Hash Buckets": 1024, "Hash Batches": 1, "Original Hash Batches": 1, "Peak Memory Usage": 10, "Plans": [{"Node Type": "Seq Scan", "Parent Relationship": "Outer", "Parallel Aware": false, "Relation Name": "nation", "Schema": "public", "Alias": "nation", "Startup Cost": 0.0, "Total Cost": 15.1, "Plan Rows": 510, "Plan Width": 37, "Actual Startup Time": 0.004, "Actual Total Time": 0.006, "Actual Rows": 25, "Actual Loops": 1, "Output": ["nation.n_name", "nation.n_nationkey", "nation.n_regionkey"]}]}]}, {"Node Type": "Hash", "Parent Relationship": "Inner", "Parallel Aware": false, "Startup Cost": 16.5, "Total Cost": 16.5, "Plan Rows": 3, "Plan Width": 4, "Actual Startup Time": 0.033, "Actual Total Time": 0.039, "Actual Rows": 1, "Actual Loops": 1, "Output": ["region.r_regionkey"], "Hash Buckets": 1024, "Original Hash Buckets": 1024, "Hash Batches": 1, "Original Hash Batches": 1, "Peak Memory Usage": 9, "Plans": [{"Node Type": "Seq Scan", "Parent Relationship": "Outer", "Parallel Aware": false, "Relation Name": "region", "Schema": "public", "Alias": "region", "Startup Cost": 0.0, "Total Cost": 16.5, "Plan Rows": 3, "Plan Width": 4, "Actual Startup Time": 0.031, "Actual Total Time": 0.033, "Actual Rows": 1, "Actual Loops": 1, "Output": ["region.r_regionkey"], "Filter": "((region.r_name)::text = 'MIDDLE EAST'::text)", "Rows Removed by Filter": 4}]}]}]}]}]}]}, {"Node Type": "Hash", "Parent Relationship": "Inner", "Parallel Aware": false, "Startup Cost": 161.0, "Total Cost": 161.0, "Plan Rows": 5000, "Plan Width": 8, "Actual Startup Time": 1.482, "Actual Total Time": 1.483, "Actual Rows": 5000, "Actual Loops": 1, "Output": ["supplier.s_suppkey", "supplier.s_nationkey"], "Hash Buckets": 8192, "Original Hash Buckets": 8192, "Hash Batches": 1, "Original Hash Batches": 1, "Peak Memory Usage": 260, "Plans": [{"Node Type": "Seq Scan", "Parent Relationship": "Outer", "Parallel Aware": false, "Relation Name": "supplier", "Schema": "public", "Alias": "supplier", "Startup Cost": 0.0, "Total Cost": 161.0, "Plan Rows": 5000, "Plan Width": 8, "Actual Startup Time": 0.01, "Actual Total Time": 1.053, "Actual Rows": 5000, "Actual Loops": 1, "Output": ["supplier.s_suppkey", "supplier.s_nationkey"]}]}]}]}]}]}, "Planning Time": 1.156, "Triggers": [], "Execution Time": 1580.2}]
q19#####[{"Plan": {"Node Type": "Aggregate", "Strategy": "Sorted", "Partial Mode": "Simple", "Parallel Aware": false, "Startup Cost": 26292.89, "Total Cost": 26293.21, "Plan Rows": 9, "Plan Width": 98, "Actual Startup Time": 214.032, "Actual Total Time": 214.152, "Actual Rows": 4, "Actual Loops": 1, "Output": ["n1.n_name", "n2.n_name", "(date_part('year'::text, (lineitem.l_shipdate)::timestamp without time zone))", "sum((lineitem.l_extendedprice * ('1'::numeric - lineitem.l_discount)))"], "Group Key": ["n1.n_name", "n2.n_name", "(date_part('year'::text, (lineitem.l_shipdate)::timestamp without time zone))"], "Plans": [{"Node Type": "Sort", "Parent Relationship": "Outer", "Parallel Aware": false, "Startup Cost": 26292.89, "Total Cost": 26292.92, "Plan Rows": 9, "Plan Width": 78, "Actual Startup Time": 213.987, "Actual Total Time": 214.017, "Actual Rows": 620, "Actual Loops": 1, "Output": ["n1.n_name", "n2.n_name", "(date_part('year'::text, (lineitem.l_shipdate)::timestamp without time zone))", "lineitem.l_extendedprice", "lineitem.l_discount"], "Sort Key": ["n1.n_name", "n2.n_name", "(date_part('year'::text, (lineitem.l_shipdate)::timestamp without time zone))"], "Sort Method": "quicksort", "Sort Space Used": 73, "Sort Space Type": "Memory", "Plans": [{"Node Type": "Hash Join", "Parent Relationship": "Outer", "Parallel Aware": false, "Join Type": "Inner", "Startup Cost": 5327.32, "Total Cost": 26292.75, "Plan Rows": 9, "Plan Width": 78, "Actual Startup Time": 82.678, "Actual Total Time": 213.442, "Actual Rows": 620, "Actual Loops": 1, "Output": ["n1.n_name", "n2.n_name", "date_part('year'::text, (lineitem.l_shipdate)::timestamp without time zone)", "lineitem.l_extendedprice", "lineitem.l_discount"], "Inner Unique": false, "Hash Cond": "(lineitem.l_suppkey = supplier.s_suppkey)", "Join Filter": "((((n1.n_name)::text = 'IRAN'::text) AND ((n2.n_name)::text = 'IRAQ'::text)) OR (((n1.n_name)::text = 'IRAQ'::text) AND ((n2.n_name)::text = 'IRAN'::text)))", "Rows Removed by Join Filter": 640, "Plans": [{"Node Type": "Hash Join", "Parent Relationship": "Outer", "Parallel Aware": false, "Join Type": "Inner", "Startup Cost": 5273.84, "Total Cost": 26232.07, "Plan Rows": 1812, "Plan Width": 49, "Actual Startup Time": 82.244, "Actual Total Time": 211.311, "Actual Rows": 15085, "Actual Loops": 1, "Output": ["lineitem.l_shipdate", "lineitem.l_extendedprice", "lineitem.l_discount", "lineitem.l_suppkey", "n2.n_name"], "Inner Unique": false, "Hash Cond": "(lineitem.l_orderkey = orders.o_orderkey)", "Plans": [{"Node Type": "Seq Scan", "Parent Relationship": "Outer", "Parallel Aware": false, "Relation Name": "lineitem", "Schema": "public", "Alias": "lineitem", "Startup Cost": 0.0, "Total Cost": 20247.0, "Plan Rows": 184827, "Plan Width": 24, "Actual Startup Time": 0.088, "Actual Total Time": 111.085, "Actual Rows": 182360, "Actual Loops": 1, "Output": ["lineitem.l_orderkey", "lineitem.l_partkey", "lineitem.l_suppkey", "lineitem.l_linenumber", "lineitem.l_quantity", "lineitem.l_extendedprice", "lineitem.l_discount", "lineitem.l_tax", "lineitem.l_returnflag", "lineitem.l_linestatus", "lineitem.l_shipdate", "lineitem.l_commitdate", "lineitem.l_receiptdate", "lineitem.l_shipinstruct", "lineitem.l_shipmode", "lineitem.l_comment"], "Filter": "((lineitem.l_shipdate >= '1995-01-02'::date) AND (lineitem.l_shipdate <= '1996-12-31'::date))", "Rows Removed by Filter": 417640}, {"Node Type": "Hash", "Parent Relationship": "Inner", "Parallel Aware": false, "Startup Cost": 5255.45, "Total Cost": 5255.45, "Plan Rows": 1471, "Plan Width": 33, "Actual Startup Time": 82.126, "Actual Total Time": 82.13, "Actual Rows": 12594, "Actual Loops": 1, "Output": ["orders.o_orderkey", "n2.n_name"], "Hash Buckets": 16384, "Original Hash Buckets": 2048, "Hash Batches": 1, "Original Hash Batches": 1, "Peak Memory Usage": 633, "Plans": [{"Node Type": "Hash Join", "Parent Relationship": "Outer", "Parallel Aware": false, "Join Type": "Inner", "Startup Cost": 568.25, "Total Cost": 5255.45, "Plan Rows": 1471, "Plan Width": 33, "Actual Startup Time": 8.49, "Actual Total Time": 78.83, "Actual Rows": 12594, "Actual Loops": 1, "Output": ["orders.o_orderkey", "n2.n_name"], "Inner Unique": false, "Hash Cond": "(orders.o_custkey = customer.c_custkey)", "Plans": [{"Node Type": "Seq Scan", "Parent Relationship": "Outer", "Parallel Aware": false, "Relation Name": "orders", "Schema": "public", "Alias": "orders", "Startup Cost": 0.0, "Total Cost": 4110.0, "Plan Rows": 150000, "Plan Width": 8, "Actual Startup Time": 0.005, "Actual Total Time": 27.058, "Actual Rows": 150000, "Actual Loops": 1, "Output": ["orders.o_orderkey", "orders.o_custkey", "orders.o_orderstatus", "orders.o_totalprice", "orders.o_orderdate", "orders.o_orderpriority", "orders.o_clerk", "orders.o_shippriority", "orders.o_comment"]}, {"Node Type": "Hash", "Parent Relationship": "Inner", "Parallel Aware": false, "Startup Cost": 566.41, "Total Cost": 566.41, "Plan Rows": 147, "Plan Width": 33, "Actual Startup Time": 8.469, "Actual Total Time": 8.471, "Actual Rows": 1263, "Actual Loops": 1, "Output": ["customer.c_custkey", "n2.n_name"], "Hash Buckets": 2048, "Original Hash Buckets": 1024, "Hash Batches": 1, "Original Hash Batches": 1, "Peak Memory Usage": 67, "Plans": [{"Node Type": "Hash Join", "Parent Relationship": "Outer", "Parallel Aware": false, "Join Type": "Inner", "Startup Cost": 17.71, "Total Cost": 566.41, "Plan Rows": 147, "Plan Width": 33, "Actual Startup Time": 0.017, "Actual Total Time": 8.052, "Actual Rows": 1263, "Actual Loops": 1, "Output": ["customer.c_custkey", "n2.n_name"], "Inner Unique": true, "Hash Cond": "(customer.c_nationkey = n2.n_nationkey)", "Plans": [{"Node Type": "Seq Scan", "Parent Relationship": "Outer", "Parallel Aware": false, "Relation Name": "customer", "Schema": "public", "Alias": "customer", "Startup Cost": 0.0, "Total Cost": 509.0, "Plan Rows": 15000, "Plan Width": 8, "Actual Startup Time": 0.003, "Actual Total Time": 3.366, "Actual Rows": 15000, "Actual Loops": 1, "Output": ["customer.c_custkey", "customer.c_name", "customer.c_address", "customer.c_nationkey", "customer.c_phone", "customer.c_acctbal", "customer.c_mktsegment", "customer.c_comment"]}, {"Node Type": "Hash", "Parent Relationship": "Inner", "Parallel Aware": false, "Startup Cost": 17.65, "Total Cost": 17.65, "Plan Rows": 5, "Plan Width": 33, "Actual Startup Time": 0.006, "Actual Total Time": 0.006, "Actual Rows": 2, "Actual Loops": 1, "Output": ["n2.n_name", "n2.n_nationkey"], "Hash Buckets": 1024, "Original Hash Buckets": 1024, "Hash Batches": 1, "Original Hash Batches": 1, "Peak Memory Usage": 9, "Plans": [{"Node Type": "Seq Scan", "Parent Relationship": "Outer", "Parallel Aware": false, "Relation Name": "nation", "Schema": "public", "Alias": "n2", "Startup Cost": 0.0, "Total Cost": 17.65, "Plan Rows": 5, "Plan Width": 33, "Actual Startup Time": 0.003, "Actual Total Time": 0.004, "Actual Rows": 2, "Actual Loops": 1, "Output": ["n2.n_name", "n2.n_nationkey"], "Filter": "(((n2.n_name)::text = 'IRAQ'::text) OR ((n2.n_name)::text = 'IRAN'::text))", "Rows Removed by Filter": 23}]}]}]}]}]}]}, {"Node Type": "Hash", "Parent Relationship": "Inner", "Parallel Aware": false, "Startup Cost": 53.36, "Total Cost": 53.36, "Plan Rows": 10, "Plan Width": 33, "Actual Startup Time": 0.377, "Actual Total Time": 0.379, "Actual Rows": 83, "Actual Loops": 1, "Output": ["supplier.s_suppkey", "n1.n_name"], "Hash Buckets": 1024, "Original Hash Buckets": 1024, "Hash Batches": 1, "Original Hash Batches": 1, "Peak Memory Usage": 12, "Plans": [{"Node Type": "Hash Join", "Parent Relationship": "Outer", "Parallel Aware": false, "Join Type": "Inner", "Startup Cost": 17.71, "Total Cost": 53.36, "Plan Rows": 10, "Plan Width": 33, "Actual Startup Time": 0.028, "Actual Total Time": 0.355, "Actual Rows": 83, "Actual Loops": 1, "Output": ["supplier.s_suppkey", "n1.n_name"], "Inner Unique": true, "Hash Cond": "(supplier.s_nationkey = n1.n_nationkey)", "Plans": [{"Node Type": "Seq Scan", "Parent Relationship": "Outer", "Parallel Aware": false, "Relation Name": "supplier", "Schema": "public", "Alias": "supplier", "Startup Cost": 0.0, "Total Cost": 33.0, "Plan Rows": 1000, "Plan Width": 8, "Actual Startup Time": 0.009, "Actual Total Time": 0.266, "Actual Rows": 1000, "Actual Loops": 1, "Output": ["supplier.s_suppkey", "supplier.s_name", "supplier.s_address", "supplier.s_nationkey", "supplier.s_phone", "supplier.s_acctbal", "supplier.s_comment"]}, {"Node Type": "Hash", "Parent Relationship": "Inner", "Parallel Aware": false, "Startup Cost": 17.65, "Total Cost": 17.65, "Plan Rows": 5, "Plan Width": 33, "Actual Startup Time": 0.012, "Actual Total Time": 0.013, "Actual Rows": 2, "Actual Loops": 1, "Output": ["n1.n_name", "n1.n_nationkey"], "Hash Buckets": 1024, "Original Hash Buckets": 1024, "Hash Batches": 1, "Original Hash Batches": 1, "Peak Memory Usage": 9, "Plans": [{"Node Type": "Seq Scan", "Parent Relationship": "Outer", "Parallel Aware": false, "Relation Name": "nation", "Schema": "public", "Alias": "n1", "Startup Cost": 0.0, "Total Cost": 17.65, "Plan Rows": 5, "Plan Width": 33, "Actual Startup Time": 0.008, "Actual Total Time": 0.009, "Actual Rows": 2, "Actual Loops": 1, "Output": ["n1.n_name", "n1.n_nationkey"], "Filter": "(((n1.n_name)::text = 'IRAN'::text) OR ((n1.n_name)::text = 'IRAQ'::text))", "Rows Removed by Filter": 23}]}]}]}]}]}]}, "Planning Time": 3.163, "Triggers": [], "Execution Time": 214.246}]
q20#####[{"Plan": {"Node Type": "Aggregate", "Strategy": "Sorted", "Partial Mode": "Simple", "Parallel Aware": false, "Startup Cost": 129332.86, "Total Cost": 129334.39, "Plan Rows": 34, "Plan Width": 40, "Actual Startup Time": 1052.301, "Actual Total Time": 1052.531, "Actual Rows": 2, "Actual Loops": 1, "Output": ["(date_part('year'::text, (orders.o_orderdate)::timestamp without time zone))", "(sum(CASE WHEN ((n2.n_name)::text = 'GERMANY'::text) THEN (lineitem.l_extendedprice * ('1'::numeric - lineitem.l_discount)) ELSE '0'::numeric END) / sum((lineitem.l_extendedprice * ('1'::numeric - lineitem.l_discount))))"], "Group Key": ["(date_part('year'::text, (orders.o_orderdate)::timestamp without time zone))"], "Plans": [{"Node Type": "Sort", "Parent Relationship": "Outer", "Parallel Aware": false, "Startup Cost": 129332.86, "Total Cost": 129332.95, "Plan Rows": 34, "Plan Width": 49, "Actual Startup Time": 1052.004, "Actual Total Time": 1052.163, "Actual Rows": 1156, "Actual Loops": 1, "Output": ["(date_part('year'::text, (orders.o_orderdate)::timestamp without time zone))", "n2.n_name", "lineitem.l_extendedprice", "lineitem.l_discount"], "Sort Key": ["(date_part('year'::text, (orders.o_orderdate)::timestamp without time zone))"], "Sort Method": "quicksort", "Sort Space Used": 139, "Sort Space Type": "Memory", "Plans": [{"Node Type": "Nested Loop", "Parent Relationship": "Outer", "Parallel Aware": false, "Join Type": "Inner", "Startup Cost": 31571.3, "Total Cost": 129332.0, "Plan Rows": 34, "Plan Width": 49, "Actual Startup Time": 274.637, "Actual Total Time": 1050.633, "Actual Rows": 1156, "Actual Loops": 1, "Output": ["date_part('year'::text, (orders.o_orderdate)::timestamp without time zone)", "n2.n_name", "lineitem.l_extendedprice", "lineitem.l_discount"], "Inner Unique": true, "Plans": [{"Node Type": "Hash Join", "Parent Relationship": "Outer", "Parallel Aware": false, "Join Type": "Inner", "Startup Cost": 31571.15, "Total Cost": 129325.89, "Plan Rows": 34, "Plan Width": 20, "Actual Startup Time": 274.617, "Actual Total Time": 1047.465, "Actual Rows": 1156, "Actual Loops": 1, "Output": ["lineitem.l_extendedprice", "lineitem.l_discount", "supplier.s_nationkey", "orders.o_orderdate"], "Inner Unique": false, "Hash Cond": "(lineitem.l_suppkey = supplier.s_suppkey)", "Plans": [{"Node Type": "Hash Join", "Parent Relationship": "Outer", "Parallel Aware": false, "Join Type": "Inner", "Startup Cost": 31347.65, "Total Cost": 129101.92, "Plan Rows": 34, "Plan Width": 20, "Actual Startup Time": 272.235, "Actual Total Time": 1044.02, "Actual Rows": 1156, "Actual Loops": 1, "Output": ["lineitem.l_extendedprice", "lineitem.l_discount", "lineitem.l_suppkey", "orders.o_orderdate"], "Inner Unique": false, "Hash Cond": "(lineitem.l_orderkey = orders.o_orderkey)", "Plans": [{"Node Type": "Hash Join", "Parent Relationship": "Outer", "Parallel Aware": false, "Join Type": "Inner", "Startup Cost": 3306.29, "Total Cost": 100985.63, "Plan Rows": 19889, "Plan Width": 20, "Actual Startup Time": 74.115, "Actual Total Time": 837.537, "Actual Rows": 18705, "Actual Loops": 1, "Output": ["lineitem.l_extendedprice", "lineitem.l_discount", "lineitem.l_suppkey", "lineitem.l_orderkey"], "Inner Unique": false, "Hash Cond": "(lineitem.l_partkey = part.p_partkey)", "Plans": [{"Node Type": "Seq Scan", "Parent Relationship": "Outer", "Parallel Aware": false, "Relation Name": "lineitem", "Schema": "public", "Alias": "lineitem", "Startup Cost": 0.0, "Total Cost": 86231.15, "Plan Rows": 2999815, "Plan Width": 24, "Actual Startup Time": 0.02, "Actual Total Time": 537.642, "Actual Rows": 2999671, "Actual Loops": 1, "Output": ["lineitem.l_orderkey", "lineitem.l_partkey", "lineitem.l_suppkey", "lineitem.l_linenumber", "lineitem.l_quantity", "lineitem.l_extendedprice", "lineitem.l_discount", "lineitem.l_tax", "lineitem.l_returnflag", "lineitem.l_linestatus", "lineitem.l_shipdate", "lineitem.l_commitdate", "lineitem.l_receiptdate", "lineitem.l_shipinstruct", "lineitem.l_shipmode", "lineitem.l_comment"]}, {"Node Type": "Hash", "Parent Relationship": "Inner", "Parallel Aware": false, "Startup Cost": 3298.0, "Total Cost": 3298.0, "Plan Rows": 663, "Plan Width": 4, "Actual Startup Time": 73.499, "Actual Total Time": 73.499, "Actual Rows": 622, "Actual Loops": 1, "Output": ["part.p_partkey"], "Hash Buckets": 1024, "Original Hash Buckets": 1024, "Hash Batches": 1, "Original Hash Batches": 1, "Peak Memory Usage": 30, "Plans": [{"Node Type": "Seq Scan", "Parent Relationship": "Outer", "Parallel Aware": false, "Relation Name": "part", "Schema": "public", "Alias": "part", "Startup Cost": 0.0, "Total Cost": 3298.0, "Plan Rows": 663, "Plan Width": 4, "Actual Startup Time": 0.028, "Actual Total Time": 73.108, "Actual Rows": 622, "Actual Loops": 1, "Output": ["part.p_partkey"], "Filter": "((part.p_type)::text = 'MEDIUM PLATED COPPER'::text)", "Rows Removed by Filter": 99378}]}]}, {"Node Type": "Hash", "Parent Relationship": "Inner", "Parallel Aware": false, "Startup Cost": 28025.12, "Total Cost": 28025.12, "Plan Rows": 1300, "Plan Width": 8, "Actual Startup Time": 197.394, "Actual Total Time": 197.465, "Actual Rows": 46000, "Actual Loops": 1, "Output": ["orders.o_orderdate", "orders.o_orderkey"], "Hash Buckets": 65536, "Original Hash Buckets": 2048, "Hash Batches": 1, "Original Hash Batches": 1, "Peak Memory Usage": 2309, "Plans": [{"Node Type": "Hash Join", "Parent Relationship": "Outer", "Parallel Aware": false, "Join Type": "Inner", "Startup Cost": 2867.1, "Total Cost": 28025.12, "Plan Rows": 1300, "Plan Width": 8, "Actual Startup Time": 22.683, "Actual Total Time": 186.989, "Actual Rows": 46000, "Actual Loops": 1, "Output": ["orders.o_orderdate", "orders.o_orderkey"], "Inner Unique": false, "Hash Cond": "(orders.o_custkey = customer.c_custkey)", "Plans": [{"Node Type": "Seq Scan", "Parent Relationship": "Outer", "Parallel Aware": false, "Relation Name": "orders", "Schema": "public", "Alias": "orders", "Startup Cost": 0.0, "Total Cost": 24300.0, "Plan Rows": 225336, "Plan Width": 12, "Actual Startup Time": 0.014, "Actual Total Time": 126.122, "Actual Rows": 228641, "Actual Loops": 1, "Output": ["orders.o_orderkey", "orders.o_custkey", "orders.o_orderstatus", "orders.o_totalprice", "orders.o_orderdate", "orders.o_orderpriority", "orders.o_clerk", "orders.o_shippriority", "orders.o_comment"], "Filter": "((orders.o_orderdate >= '1995-01-01'::date) AND (orders.o_orderdate <= '1996-12-31'::date))", "Rows Removed by Filter": 521359}, {"Node Type": "Hash", "Parent Relationship": "Inner", "Parallel Aware": false, "Startup Cost": 2861.68, "Total Cost": 2861.68, "Plan Rows": 433, "Plan Width": 4, "Actual Startup Time": 22.646, "Actual Total Time": 22.694, "Actual Rows": 14993, "Actual Loops": 1, "Output": ["customer.c_custkey"], "Hash Buckets": 16384, "Original Hash Buckets": 1024, "Hash Batches": 1, "Original Hash Batches": 1, "Peak Memory Usage": 656, "Plans": [{"Node Type": "Hash Join", "Parent Relationship": "Outer", "Parallel Aware": false, "Join Type": "Inner", "Startup Cost": 33.02, "Total Cost": 2861.68, "Plan Rows": 433, "Plan Width": 4, "Actual Startup Time": 0.102, "Actual Total Time": 20.082, "Actual Rows": 14993, "Actual Loops": 1, "Output": ["customer.c_custkey"], "Inner Unique": false, "Hash Cond": "(customer.c_nationkey = n1.n_nationkey)", "Plans": [{"Node Type": "Seq Scan", "Parent Relationship": "Outer", "Parallel Aware": false, "Relation Name": "customer", "Schema": "public", "Alias": "customer", "Startup Cost": 0.0, "Total Cost": 2543.0, "Plan Rows": 75000, "Plan Width": 8, "Actual Startup Time": 0.006, "Actual Total Time": 10.486, "Actual Rows": 75000, "Actual Loops": 1, "Output": ["customer.c_custkey", "customer.c_name", "customer.c_address", "customer.c_nationkey", "customer.c_phone", "customer.c_acctbal", "customer.c_mktsegment", "customer.c_comment"]}, {"Node Type": "Hash", "Parent Relationship": "Inner", "Parallel Aware": false, "Startup Cost": 32.99, "Total Cost": 32.99, "Plan Rows": 3, "Plan Width": 4, "Actual Startup Time": 0.068, "Actual Total Time": 0.103, "Actual Rows": 5, "Actual Loops": 1, "Output": ["n1.n_nationkey"], "Hash Buckets": 1024, "Original Hash Buckets": 1024, "Hash Batches": 1, "Original Hash Batches": 1, "Peak Memory Usage": 9, "Plans": [{"Node Type": "Hash Join", "Parent Relationship": "Outer", "Parallel Aware": false, "Join Type": "Inner", "Startup Cost": 16.54, "Total Cost": 32.99, "Plan Rows": 3, "Plan Width": 4, "Actual Startup Time": 0.06, "Actual Total Time": 0.087, "Actual Rows": 5, "Actual Loops": 1, "Output": ["n1.n_nationkey"], "Inner Unique": true, "Hash Cond": "(n1.n_regionkey = region.r_regionkey)", "Plans": [{"Node Type": "Seq Scan", "Parent Relationship": "Outer", "Parallel Aware": false, "Relation Name": "nation", "Schema": "public", "Alias": "n1", "Startup Cost": 0.0, "Total Cost": 15.1, "Plan Rows": 510, "Plan Width": 8, "Actual Startup Time": 0.004, "Actual Total Time": 0.011, "Actual Rows": 25, "Actual Loops": 1, "Output": ["n1.n_nationkey", "n1.n_name", "n1.n_regionkey", "n1.n_comment"]}, {"Node Type": "Hash", "Parent Relationship": "Inner", "Parallel Aware": false, "Startup Cost": 16.5, "Total Cost": 16.5, "Plan Rows": 3, "Plan Width": 4, "Actual Startup Time": 0.021, "Actual Total Time": 0.023, "Actual Rows": 1, "Actual Loops": 1, "Output": ["region.r_regionkey"], "Hash Buckets": 1024, "Original Hash Buckets": 1024, "Hash Batches": 1, "Original Hash Batches": 1, "Peak Memory Usage": 9, "Plans": [{"Node Type": "Seq Scan", "Parent Relationship": "Outer", "Parallel Aware": false, "Relation Name": "region", "Schema": "public", "Alias": "region", "Startup Cost": 0.0, "Total Cost": 16.5, "Plan Rows": 3, "Plan Width": 4, "Actual Startup Time": 0.012, "Actual Total Time": 0.012, "Actual Rows": 1, "Actual Loops": 1, "Output": ["region.r_regionkey"], "Filter": "((region.r_name)::text = 'EUROPE'::text)", "Rows Removed by Filter": 4}]}]}]}]}]}]}]}]}, {"Node Type": "Hash", "Parent Relationship": "Inner", "Parallel Aware": false, "Startup Cost": 161.0, "Total Cost": 161.0, "Plan Rows": 5000, "Plan Width": 8, "Actual Startup Time": 2.316, "Actual Total Time": 2.316, "Actual Rows": 5000, "Actual Loops": 1, "Output": ["supplier.s_suppkey", "supplier.s_nationkey"], "Hash Buckets": 8192, "Original Hash Buckets": 8192, "Hash Batches": 1, "Original Hash Batches": 1, "Peak Memory Usage": 260, "Plans": [{"Node Type": "Seq Scan", "Parent Relationship": "Outer", "Parallel Aware": false, "Relation Name": "supplier", "Schema": "public", "Alias": "supplier", "Startup Cost": 0.0, "Total Cost": 161.0, "Plan Rows": 5000, "Plan Width": 8, "Actual Startup Time": 0.007, "Actual Total Time": 0.852, "Actual Rows": 5000, "Actual Loops": 1, "Output": ["supplier.s_suppkey", "supplier.s_nationkey"]}]}]}, {"Node Type": "Index Scan", "Parent Relationship": "Inner", "Parallel Aware": false, "Scan Direction": "Forward", "Index Name": "nation_pkey", "Relation Name": "nation", "Schema": "public", "Alias": "n2", "Startup Cost": 0.15, "Total Cost": 0.17, "Plan Rows": 1, "Plan Width": 33, "Actual Startup Time": 0.002, "Actual Total Time": 0.002, "Actual Rows": 1, "Actual Loops": 1156, "Output": ["n2.n_nationkey", "n2.n_name", "n2.n_regionkey", "n2.n_comment"], "Index Cond": "(n2.n_nationkey = supplier.s_nationkey)", "Rows Removed by Index Recheck": 0}]}]}]}, "Planning Time": 3.131, "Triggers": [], "Execution Time": 1053.715}]
q21#####[{"Plan": {"Node Type": "Aggregate", "Strategy": "Sorted", "Partial Mode": "Simple", "Parallel Aware": false, "Startup Cost": 26293.93, "Total Cost": 26294.25, "Plan Rows": 9, "Plan Width": 98, "Actual Startup Time": 210.395, "Actual Total Time": 210.507, "Actual Rows": 4, "Actual Loops": 1, "Output": ["n1.n_name", "n2.n_name", "(date_part('year'::text, (lineitem.l_shipdate)::timestamp without time zone))", "sum((lineitem.l_extendedprice * ('1'::numeric - lineitem.l_discount)))"], "Group Key": ["n1.n_name", "n2.n_name", "(date_part('year'::text, (lineitem.l_shipdate)::timestamp without time zone))"], "Plans": [{"Node Type": "Sort", "Parent Relationship": "Outer", "Parallel Aware": false, "Startup Cost": 26293.93, "Total Cost": 26293.95, "Plan Rows": 9, "Plan Width": 78, "Actual Startup Time": 210.347, "Actual Total Time": 210.377, "Actual Rows": 599, "Actual Loops": 1, "Output": ["n1.n_name", "n2.n_name", "(date_part('year'::text, (lineitem.l_shipdate)::timestamp without time zone))", "lineitem.l_extendedprice", "lineitem.l_discount"], "Sort Key": ["n1.n_name", "n2.n_name", "(date_part('year'::text, (lineitem.l_shipdate)::timestamp without time zone))"], "Sort Method": "quicksort", "Sort Space Used": 71, "Sort Space Type": "Memory", "Plans": [{"Node Type": "Hash Join", "Parent Relationship": "Outer", "Parallel Aware": false, "Join Type": "Inner", "Startup Cost": 5327.32, "Total Cost": 26293.79, "Plan Rows": 9, "Plan Width": 78, "Actual Startup Time": 78.722, "Actual Total Time": 209.914, "Actual Rows": 599, "Actual Loops": 1, "Output": ["n1.n_name", "n2.n_name", "date_part('year'::text, (lineitem.l_shipdate)::timestamp without time zone)", "lineitem.l_extendedprice", "lineitem.l_discount"], "Inner Unique": false, "Hash Cond": "(lineitem.l_suppkey = supplier.s_suppkey)", "Join Filter": "((((n1.n_name)::text = 'MOZAMBIQUE'::text) AND ((n2.n_name)::text = 'GERMANY'::text)) OR (((n1.n_name)::text = 'GERMANY'::text) AND ((n2.n_name)::text = 'MOZAMBIQUE'::text)))", "Rows Removed by Join Filter": 579, "Plans": [{"Node Type": "Hash Join", "Parent Relationship": "Outer", "Parallel Aware": false, "Join Type": "Inner", "Startup Cost": 5273.84, "Total Cost": 26233.09, "Plan Rows": 1815, "Plan Width": 49, "Actual Startup Time": 76.948, "Actual Total Time": 207.046, "Actual Rows": 14780, "Actual Loops": 1, "Output": ["lineitem.l_shipdate", "lineitem.l_extendedprice", "lineitem.l_discount", "lineitem.l_suppkey", "n2.n_name"], "Inner Unique": false, "Hash Cond": "(lineitem.l_orderkey = orders.o_orderkey)", "Plans": [{"Node Type": "Seq Scan", "Parent Relationship": "Outer", "Parallel Aware": false, "Relation Name": "lineitem", "Schema": "public", "Alias": "lineitem", "Startup Cost": 0.0, "Total Cost": 20247.0, "Plan Rows": 185095, "Plan Width": 24, "Actual Startup Time": 0.028, "Actual Total Time": 112.517, "Actual Rows": 182585, "Actual Loops": 1, "Output": ["lineitem.l_orderkey", "lineitem.l_partkey", "lineitem.l_suppkey", "lineitem.l_linenumber", "lineitem.l_quantity", "lineitem.l_extendedprice", "lineitem.l_discount", "lineitem.l_tax", "lineitem.l_returnflag", "lineitem.l_linestatus", "lineitem.l_shipdate", "lineitem.l_commitdate", "lineitem.l_receiptdate", "lineitem.l_shipinstruct", "lineitem.l_shipmode", "lineitem.l_comment"], "Filter": "((lineitem.l_shipdate >= '1995-01-01'::date) AND (lineitem.l_shipdate <= '1996-12-31'::date))", "Rows Removed by Filter": 417415}, {"Node Type": "Hash", "Parent Relationship": "Inner", "Parallel Aware": false, "Startup Cost": 5255.45, "Total Cost": 5255.45, "Plan Rows": 1471, "Plan Width": 33, "Actual Startup Time": 76.885, "Actual Total Time": 76.889, "Actual Rows": 12058, "Actual Loops": 1, "Output": ["orders.o_orderkey", "n2.n_name"], "Hash Buckets": 16384, "Original Hash Buckets": 2048, "Hash Batches": 1, "Original Hash Batches": 1, "Peak Memory Usage": 664, "Plans": [{"Node Type": "Hash Join", "Parent Relationship": "Outer", "Parallel Aware": false, "Join Type": "Inner", "Startup Cost": 568.25, "Total Cost": 5255.45, "Plan Rows": 1471, "Plan Width": 33, "Actual Startup Time": 3.677, "Actual Total Time": 72.112, "Actual Rows": 12058, "Actual Loops": 1, "Output": ["orders.o_orderkey", "n2.n_name"], "Inner Unique": false, "Hash Cond": "(orders.o_custkey = customer.c_custkey)", "Plans": [{"Node Type": "Seq Scan", "Parent Relationship": "Outer", "Parallel Aware": false, "Relation Name": "orders", "Schema": "public", "Alias": "orders", "Startup Cost": 0.0, "Total Cost": 4110.0, "Plan Rows": 150000, "Plan Width": 8, "Actual Startup Time": 0.004, "Actual Total Time": 23.44, "Actual Rows": 150000, "Actual Loops": 1, "Output": ["orders.o_orderkey", "orders.o_custkey", "orders.o_orderstatus", "orders.o_totalprice", "orders.o_orderdate", "orders.o_orderpriority", "orders.o_clerk", "orders.o_shippriority", "orders.o_comment"]}, {"Node Type": "Hash", "Parent Relationship": "Inner", "Parallel Aware": false, "Startup Cost": 566.41, "Total Cost": 566.41, "Plan Rows": 147, "Plan Width": 33, "Actual Startup Time": 3.608, "Actual Total Time": 3.611, "Actual Rows": 1206, "Actual Loops": 1, "Output": ["customer.c_custkey", "n2.n_name"], "Hash Buckets": 2048, "Original Hash Buckets": 1024, "Hash Batches": 1, "Original Hash Batches": 1, "Peak Memory Usage": 70, "Plans": [{"Node Type": "Hash Join", "Parent Relationship": "Outer", "Parallel Aware": false, "Join Type": "Inner", "Startup Cost": 17.71, "Total Cost": 566.41, "Plan Rows": 147, "Plan Width": 33, "Actual Startup Time": 0.1, "Actual Total Time": 3.323, "Actual Rows": 1206, "Actual Loops": 1, "Output": ["customer.c_custkey", "n2.n_name"], "Inner Unique": true, "Hash Cond": "(customer.c_nationkey = n2.n_nationkey)", "Plans": [{"Node Type": "Seq Scan", "Parent Relationship": "Outer", "Parallel Aware": false, "Relation Name": "customer", "Schema": "public", "Alias": "customer", "Startup Cost": 0.0, "Total Cost": 509.0, "Plan Rows": 15000, "Plan Width": 8, "Actual Startup Time": 0.004, "Actual Total Time": 1.028, "Actual Rows": 15000, "Actual Loops": 1, "Output": ["customer.c_custkey", "customer.c_name", "customer.c_address", "customer.c_nationkey", "customer.c_phone", "customer.c_acctbal", "customer.c_mktsegment", "customer.c_comment"]}, {"Node Type": "Hash", "Parent Relationship": "Inner", "Parallel Aware": false, "Startup Cost": 17.65, "Total Cost": 17.65, "Plan Rows": 5, "Plan Width": 33, "Actual Startup Time": 0.026, "Actual Total Time": 0.027, "Actual Rows": 2, "Actual Loops": 1, "Output": ["n2.n_name", "n2.n_nationkey"], "Hash Buckets": 1024, "Original Hash Buckets": 1024, "Hash Batches": 1, "Original Hash Batches": 1, "Peak Memory Usage": 9, "Plans": [{"Node Type": "Seq Scan", "Parent Relationship": "Outer", "Parallel Aware": false, "Relation Name": "nation", "Schema": "public", "Alias": "n2", "Startup Cost": 0.0, "Total Cost": 17.65, "Plan Rows": 5, "Plan Width": 33, "Actual Startup Time": 0.007, "Actual Total Time": 0.01, "Actual Rows": 2, "Actual Loops": 1, "Output": ["n2.n_name", "n2.n_nationkey"], "Filter": "(((n2.n_name)::text = 'GERMANY'::text) OR ((n2.n_name)::text = 'MOZAMBIQUE'::text))", "Rows Removed by Filter": 23}]}]}]}]}]}]}, {"Node Type": "Hash", "Parent Relationship": "Inner", "Parallel Aware": false, "Startup Cost": 53.36, "Total Cost": 53.36, "Plan Rows": 10, "Plan Width": 33, "Actual Startup Time": 0.539, "Actual Total Time": 0.541, "Actual Rows": 84, "Actual Loops": 1, "Output": ["supplier.s_suppkey", "n1.n_name"], "Hash Buckets": 1024, "Original Hash Buckets": 1024, "Hash Batches": 1, "Original Hash Batches": 1, "Peak Memory Usage": 12, "Plans": [{"Node Type": "Hash Join", "Parent Relationship": "Outer", "Parallel Aware": false, "Join Type": "Inner", "Startup Cost": 17.71, "Total Cost": 53.36, "Plan Rows": 10, "Plan Width": 33, "Actual Startup Time": 0.103, "Actual Total Time": 0.509, "Actual Rows": 84, "Actual Loops": 1, "Output": ["supplier.s_suppkey", "n1.n_name"], "Inner Unique": true, "Hash Cond": "(supplier.s_nationkey = n1.n_nationkey)", "Plans": [{"Node Type": "Seq Scan", "Parent Relationship": "Outer", "Parallel Aware": false, "Relation Name": "supplier", "Schema": "public", "Alias": "supplier", "Startup Cost": 0.0, "Total Cost": 33.0, "Plan Rows": 1000, "Plan Width": 8, "Actual Startup Time": 0.006, "Actual Total Time": 0.288, "Actual Rows": 1000, "Actual Loops": 1, "Output": ["supplier.s_suppkey", "supplier.s_name", "supplier.s_address", "supplier.s_nationkey", "supplier.s_phone", "supplier.s_acctbal", "supplier.s_comment"]}, {"Node Type": "Hash", "Parent Relationship": "Inner", "Parallel Aware": false, "Startup Cost": 17.65, "Total Cost": 17.65, "Plan Rows": 5, "Plan Width": 33, "Actual Startup Time": 0.066, "Actual Total Time": 0.066, "Actual Rows": 2, "Actual Loops": 1, "Output": ["n1.n_name", "n1.n_nationkey"], "Hash Buckets": 1024, "Original Hash Buckets": 1024, "Hash Batches": 1, "Original Hash Batches": 1, "Peak Memory Usage": 9, "Plans": [{"Node Type": "Seq Scan", "Parent Relationship": "Outer", "Parallel Aware": false, "Relation Name": "nation", "Schema": "public", "Alias": "n1", "Startup Cost": 0.0, "Total Cost": 17.65, "Plan Rows": 5, "Plan Width": 33, "Actual Startup Time": 0.051, "Actual Total Time": 0.054, "Actual Rows": 2, "Actual Loops": 1, "Output": ["n1.n_name", "n1.n_nationkey"], "Filter": "(((n1.n_name)::text = 'MOZAMBIQUE'::text) OR ((n1.n_name)::text = 'GERMANY'::text))", "Rows Removed by Filter": 23}]}]}]}]}]}]}, "Planning Time": 1.142, "Triggers": [], "Execution Time": 210.629}]
q22#####[{"Plan": {"Node Type": "Aggregate", "Strategy": "Sorted", "Partial Mode": "Simple", "Parallel Aware": false, "Startup Cost": 129332.86, "Total Cost": 129334.39, "Plan Rows": 34, "Plan Width": 40, "Actual Startup Time": 607.244, "Actual Total Time": 607.404, "Actual Rows": 2, "Actual Loops": 1, "Output": ["(date_part('year'::text, (orders.o_orderdate)::timestamp without time zone))", "(sum(CASE WHEN ((n2.n_name)::text = 'CANADA'::text) THEN (lineitem.l_extendedprice * ('1'::numeric - lineitem.l_discount)) ELSE '0'::numeric END) / sum((lineitem.l_extendedprice * ('1'::numeric - lineitem.l_discount))))"], "Group Key": ["(date_part('year'::text, (orders.o_orderdate)::timestamp without time zone))"], "Plans": [{"Node Type": "Sort", "Parent Relationship": "Outer", "Parallel Aware": false, "Startup Cost": 129332.86, "Total Cost": 129332.95, "Plan Rows": 34, "Plan Width": 49, "Actual Startup Time": 607.073, "Actual Total Time": 607.126, "Actual Rows": 1263, "Actual Loops": 1, "Output": ["(date_part('year'::text, (orders.o_orderdate)::timestamp without time zone))", "n2.n_name", "lineitem.l_extendedprice", "lineitem.l_discount"], "Sort Key": ["(date_part('year'::text, (orders.o_orderdate)::timestamp without time zone))"], "Sort Method": "quicksort", "Sort Space Used": 147, "Sort Space Type": "Memory", "Plans": [{"Node Type": "Nested Loop", "Parent Relationship": "Outer", "Parallel Aware": false, "Join Type": "Inner", "Startup Cost": 31571.3, "Total Cost": 129332.0, "Plan Rows": 34, "Plan Width": 49, "Actual Startup Time": 179.345, "Actual Total Time": 606.767, "Actual Rows": 1263, "Actual Loops": 1, "Output": ["date_part('year'::text, (orders.o_orderdate)::timestamp without time zone)", "n2.n_name", "lineitem.l_extendedprice", "lineitem.l_discount"], "Inner Unique": true, "Plans": [{"Node Type": "Hash Join", "Parent Relationship": "Outer", "Parallel Aware": false, "Join Type": "Inner", "Startup Cost": 31571.15, "Total Cost": 129325.89, "Plan Rows": 34, "Plan Width": 20, "Actual Startup Time": 179.331, "Actual Total Time": 605.441, "Actual Rows": 1263, "Actual Loops": 1, "Output": ["lineitem.l_extendedprice", "lineitem.l_discount", "supplier.s_nationkey", "orders.o_orderdate"], "Inner Unique": false, "Hash Cond": "(lineitem.l_suppkey = supplier.s_suppkey)", "Plans": [{"Node Type": "Hash Join", "Parent Relationship": "Outer", "Parallel Aware": false, "Join Type": "Inner", "Startup Cost": 31347.65, "Total Cost": 129101.92, "Plan Rows": 34, "Plan Width": 20, "Actual Startup Time": 178.379, "Actual Total Time": 603.957, "Actual Rows": 1263, "Actual Loops": 1, "Output": ["lineitem.l_extendedprice", "lineitem.l_discount", "lineitem.l_suppkey", "orders.o_orderdate"], "Inner Unique": false, "Hash Cond": "(lineitem.l_orderkey = orders.o_orderkey)", "Plans": [{"Node Type": "Hash Join", "Parent Relationship": "Outer", "Parallel Aware": false, "Join Type": "Inner", "Startup Cost": 3306.29, "Total Cost": 100985.63, "Plan Rows": 19889, "Plan Width": 20, "Actual Startup Time": 74.523, "Actual Total Time": 494.639, "Actual Rows": 21230, "Actual Loops": 1, "Output": ["lineitem.l_extendedprice", "lineitem.l_discount", "lineitem.l_suppkey", "lineitem.l_orderkey"], "Inner Unique": false, "Hash Cond": "(lineitem.l_partkey = part.p_partkey)", "Plans": [{"Node Type": "Seq Scan", "Parent Relationship": "Outer", "Parallel Aware": false, "Relation Name": "lineitem", "Schema": "public", "Alias": "lineitem", "Startup Cost": 0.0, "Total Cost": 86231.15, "Plan Rows": 2999815, "Plan Width": 24, "Actual Startup Time": 0.01, "Actual Total Time": 252.765, "Actual Rows": 2999671, "Actual Loops": 1, "Output": ["lineitem.l_orderkey", "lineitem.l_partkey", "lineitem.l_suppkey", "lineitem.l_linenumber", "lineitem.l_quantity", "lineitem.l_extendedprice", "lineitem.l_discount", "lineitem.l_tax", "lineitem.l_returnflag", "lineitem.l_linestatus", "lineitem.l_shipdate", "lineitem.l_commitdate", "lineitem.l_receiptdate", "lineitem.l_shipinstruct", "lineitem.l_shipmode", "lineitem.l_comment"]}, {"Node Type": "Hash", "Parent Relationship": "Inner", "Parallel Aware": false, "Startup Cost": 3298.0, "Total Cost": 3298.0, "Plan Rows": 663, "Plan Width": 4, "Actual Startup Time": 74.464, "Actual Total Time": 74.465, "Actual Rows": 709, "Actual Loops": 1, "Output": ["part.p_partkey"], "Hash Buckets": 1024, "Original Hash Buckets": 1024, "Hash Batches": 1, "Original Hash Batches": 1, "Peak Memory Usage": 33, "Plans": [{"Node Type": "Seq Scan", "Parent Relationship": "Outer", "Parallel Aware": false, "Relation Name": "part", "Schema": "public", "Alias": "part", "Startup Cost": 0.0, "Total Cost": 3298.0, "Plan Rows": 663, "Plan Width": 4, "Actual Startup Time": 0.023, "Actual Total Time": 74.24, "Actual Rows": 709, "Actual Loops": 1, "Output": ["part.p_partkey"], "Filter": "((part.p_type)::text = 'LARGE PLATED BRASS'::text)", "Rows Removed by Filter": 99291}]}]}, {"Node Type": "Hash", "Parent Relationship": "Inner", "Parallel Aware": false, "Startup Cost": 28025.12, "Total Cost": 28025.12, "Plan Rows": 1300, "Plan Width": 8, "Actual Startup Time": 103.625, "Actual Total Time": 103.629, "Actual Rows": 45875, "Actual Loops": 1, "Output": ["orders.o_orderdate", "orders.o_orderkey"], "Hash Buckets": 65536, "Original Hash Buckets": 2048, "Hash Batches": 1, "Original Hash Batches": 1, "Peak Memory Usage": 2304, "Plans": [{"Node Type": "Hash Join", "Parent Relationship": "Outer", "Parallel Aware": false, "Join Type": "Inner", "Startup Cost": 2867.1, "Total Cost": 28025.12, "Plan Rows": 1300, "Plan Width": 8, "Actual Startup Time": 10.306, "Actual Total Time": 99.672, "Actual Rows": 45875, "Actual Loops": 1, "Output": ["orders.o_orderdate", "orders.o_orderkey"], "Inner Unique": false, "Hash Cond": "(orders.o_custkey = customer.c_custkey)", "Plans": [{"Node Type": "Seq Scan", "Parent Relationship": "Outer", "Parallel Aware": false, "Relation Name": "orders", "Schema": "public", "Alias": "orders", "Startup Cost": 0.0, "Total Cost": 24300.0, "Plan Rows": 225336, "Plan Width": 12, "Actual Startup Time": 0.013, "Actual Total Time": 72.185, "Actual Rows": 228641, "Actual Loops": 1, "Output": ["orders.o_orderkey", "orders.o_custkey", "orders.o_orderstatus", "orders.o_totalprice", "orders.o_orderdate", "orders.o_orderpriority", "orders.o_clerk", "orders.o_shippriority", "orders.o_comment"], "Filter": "((orders.o_orderdate >= '1995-01-01'::date) AND (orders.o_orderdate <= '1996-12-31'::date))", "Rows Removed by Filter": 521359}, {"Node Type": "Hash", "Parent Relationship": "Inner", "Parallel Aware": false, "Startup Cost": 2861.68, "Total Cost": 2861.68, "Plan Rows": 433, "Plan Width": 4, "Actual Startup Time": 10.286, "Actual Total Time": 10.288, "Actual Rows": 15048, "Actual Loops": 1, "Output": ["customer.c_custkey"], "Hash Buckets": 16384, "Original Hash Buckets": 1024, "Hash Batches": 1, "Original Hash Batches": 1, "Peak Memory Usage": 658, "Plans": [{"Node Type": "Hash Join", "Parent Relationship": "Outer", "Parallel Aware": false, "Join Type": "Inner", "Startup Cost": 33.02, "Total Cost": 2861.68, "Plan Rows": 433, "Plan Width": 4, "Actual Startup Time": 0.04, "Actual Total Time": 9.239, "Actual Rows": 15048, "Actual Loops": 1, "Output": ["customer.c_custkey"], "Inner Unique": false, "Hash Cond": "(customer.c_nationkey = n1.n_nationkey)", "Plans": [{"Node Type": "Seq Scan", "Parent Relationship": "Outer", "Parallel Aware": false, "Relation Name": "customer", "Schema": "public", "Alias": "customer", "Startup Cost": 0.0, "Total Cost": 2543.0, "Plan Rows": 75000, "Plan Width": 8, "Actual Startup Time": 0.002, "Actual Total Time": 3.348, "Actual Rows": 75000, "Actual Loops": 1, "Output": ["customer.c_custkey", "customer.c_name", "customer.c_address", "customer.c_nationkey", "customer.c_phone", "customer.c_acctbal", "customer.c_mktsegment", "customer.c_comment"]}, {"Node Type": "Hash", "Parent Relationship": "Inner", "Parallel Aware": false, "Startup Cost": 32.99, "Total Cost": 32.99, "Plan Rows": 3, "Plan Width": 4, "Actual Startup Time": 0.033, "Actual Total Time": 0.034, "Actual Rows": 5, "Actual Loops": 1, "Output": ["n1.n_nationkey"], "Hash Buckets": 1024, "Original Hash Buckets": 1024, "Hash Batches": 1, "Original Hash Batches": 1, "Peak Memory Usage": 9, "Plans": [{"Node Type": "Hash Join", "Parent Relationship": "Outer", "Parallel Aware": false, "Join Type": "Inner", "Startup Cost": 16.54, "Total Cost": 32.99, "Plan Rows": 3, "Plan Width": 4, "Actual Startup Time": 0.029, "Actual Total Time": 0.032, "Actual Rows": 5, "Actual Loops": 1, "Output": ["n1.n_nationkey"], "Inner Unique": true, "Hash Cond": "(n1.n_regionkey = region.r_regionkey)", "Plans": [{"Node Type": "Seq Scan", "Parent Relationship": "Outer", "Parallel Aware": false, "Relation Name": "nation", "Schema": "public", "Alias": "n1", "Startup Cost": 0.0, "Total Cost": 15.1, "Plan Rows": 510, "Plan Width": 8, "Actual Startup Time": 0.001, "Actual Total Time": 0.002, "Actual Rows": 25, "Actual Loops": 1, "Output": ["n1.n_nationkey", "n1.n_name", "n1.n_regionkey", "n1.n_comment"]}, {"Node Type": "Hash", "Parent Relationship": "Inner", "Parallel Aware": false, "Startup Cost": 16.5, "Total Cost": 16.5, "Plan Rows": 3, "Plan Width": 4, "Actual Startup Time": 0.005, "Actual Total Time": 0.006, "Actual Rows": 1, "Actual Loops": 1, "Output": ["region.r_regionkey"], "Hash Buckets": 1024, "Original Hash Buckets": 1024, "Hash Batches": 1, "Original Hash Batches": 1, "Peak Memory Usage": 9, "Plans": [{"Node Type": "Seq Scan", "Parent Relationship": "Outer", "Parallel Aware": false, "Relation Name": "region", "Schema": "public", "Alias": "region", "Startup Cost": 0.0, "Total Cost": 16.5, "Plan Rows": 3, "Plan Width": 4, "Actual Startup Time": 0.003, "Actual Total Time": 0.004, "Actual Rows": 1, "Actual Loops": 1, "Output": ["region.r_regionkey"], "Filter": "((region.r_name)::text = 'AMERICA'::text)", "Rows Removed by Filter": 4}]}]}]}]}]}]}]}]}, {"Node Type": "Hash", "Parent Relationship": "Inner", "Parallel Aware": false, "Startup Cost": 161.0, "Total Cost": 161.0, "Plan Rows": 5000, "Plan Width": 8, "Actual Startup Time": 0.938, "Actual Total Time": 0.939, "Actual Rows": 5000, "Actual Loops": 1, "Output": ["supplier.s_suppkey", "supplier.s_nationkey"], "Hash Buckets": 8192, "Original Hash Buckets": 8192, "Hash Batches": 1, "Original Hash Batches": 1, "Peak Memory Usage": 260, "Plans": [{"Node Type": "Seq Scan", "Parent Relationship": "Outer", "Parallel Aware": false, "Relation Name": "supplier", "Schema": "public", "Alias": "supplier", "Startup Cost": 0.0, "Total Cost": 161.0, "Plan Rows": 5000, "Plan Width": 8, "Actual Startup Time": 0.002, "Actual Total Time": 0.454, "Actual Rows": 5000, "Actual Loops": 1, "Output": ["supplier.s_suppkey", "supplier.s_nationkey"]}]}]}, {"Node Type": "Index Scan", "Parent Relationship": "Inner", "Parallel Aware": false, "Scan Direction": "Forward", "Index Name": "nation_pkey", "Relation Name": "nation", "Schema": "public", "Alias": "n2", "Startup Cost": 0.15, "Total Cost": 0.17, "Plan Rows": 1, "Plan Width": 33, "Actual Startup Time": 0.001, "Actual Total Time": 0.001, "Actual Rows": 1, "Actual Loops": 1263, "Output": ["n2.n_nationkey", "n2.n_name", "n2.n_regionkey", "n2.n_comment"], "Index Cond": "(n2.n_nationkey = supplier.s_nationkey)", "Rows Removed by Index Recheck": 0}]}]}]}, "Planning Time": 2.861, "Triggers": [], "Execution Time": 607.519}]
q1#####[{"Plan": {"Node Type": "Aggregate", "Strategy": "Sorted", "Partial Mode": "Simple", "Parallel Aware": false, "Startup Cost": 26293.93, "Total Cost": 26294.25, "Plan Rows": 9, "Plan Width": 98, "Actual Startup Time": 846.477, "Actual Total Time": 846.681, "Actual Rows": 4, "Actual Loops": 1, "Output": ["n1.n_name", "n2.n_name", "(date_part('year'::text, (lineitem.l_shipdate)::timestamp without time zone))", "sum((lineitem.l_extendedprice * ('1'::numeric - lineitem.l_discount)))"], "Group Key": ["n1.n_name", "n2.n_name", "(date_part('year'::text, (lineitem.l_shipdate)::timestamp without time zone))"], "Plans": [{"Node Type": "Sort", "Parent Relationship": "Outer", "Parallel Aware": false, "Startup Cost": 26293.93, "Total Cost": 26293.95, "Plan Rows": 9, "Plan Width": 78, "Actual Startup Time": 846.392, "Actual Total Time": 846.471, "Actual Rows": 573, "Actual Loops": 1, "Output": ["n1.n_name", "n2.n_name", "(date_part('year'::text, (lineitem.l_shipdate)::timestamp without time zone))", "lineitem.l_extendedprice", "lineitem.l_discount"], "Sort Key": ["n1.n_name", "n2.n_name", "(date_part('year'::text, (lineitem.l_shipdate)::timestamp without time zone))"], "Sort Method": "quicksort", "Sort Space Used": 69, "Sort Space Type": "Memory", "Plans": [{"Node Type": "Hash Join", "Parent Relationship": "Outer", "Parallel Aware": false, "Join Type": "Inner", "Startup Cost": 5327.32, "Total Cost": 26293.79, "Plan Rows": 9, "Plan Width": 78, "Actual Startup Time": 445.81, "Actual Total Time": 845.726, "Actual Rows": 573, "Actual Loops": 1, "Output": ["n1.n_name", "n2.n_name", "date_part('year'::text, (lineitem.l_shipdate)::timestamp without time zone)", "lineitem.l_extendedprice", "lineitem.l_discount"], "Inner Unique": false, "Hash Cond": "(lineitem.l_suppkey = supplier.s_suppkey)", "Join Filter": "((((n1.n_name)::text = 'ALGERIA'::text) AND ((n2.n_name)::text = 'SAUDI ARABIA'::text)) OR (((n1.n_name)::text = 'SAUDI ARABIA'::text) AND ((n2.n_name)::text = 'ALGERIA'::text)))", "Rows Removed by Join Filter": 591, "Plans": [{"Node Type": "Hash Join", "Parent Relationship": "Outer", "Parallel Aware": false, "Join Type": "Inner", "Startup Cost": 5273.84, "Total Cost": 26233.09, "Plan Rows": 1815, "Plan Width": 49, "Actual Startup Time": 438.246, "Actual Total Time": 835.947, "Actual Rows": 13927, "Actual Loops": 1, "Output": ["lineitem.l_shipdate", "lineitem.l_extendedprice", "lineitem.l_discount", "lineitem.l_suppkey", "n2.n_name"], "Inner Unique": false, "Hash Cond": "(lineitem.l_orderkey = orders.o_orderkey)", "Plans": [{"Node Type": "Seq Scan", "Parent Relationship": "Outer", "Parallel Aware": false, "Relation Name": "lineitem", "Schema": "public", "Alias": "lineitem", "Startup Cost": 0.0, "Total Cost": 20247.0, "Plan Rows": 185095, "Plan Width": 24, "Actual Startup Time": 1.627, "Actual Total Time": 376.134, "Actual Rows": 182585, "Actual Loops": 1, "Output": ["lineitem.l_orderkey", "lineitem.l_partkey", "lineitem.l_suppkey", "lineitem.l_linenumber", "lineitem.l_quantity", "lineitem.l_extendedprice", "lineitem.l_discount", "lineitem.l_tax", "lineitem.l_returnflag", "lineitem.l_linestatus", "lineitem.l_shipdate", "lineitem.l_commitdate", "lineitem.l_receiptdate", "lineitem.l_shipinstruct", "lineitem.l_shipmode", "lineitem.l_comment"], "Filter": "((lineitem.l_shipdate >= '1995-01-01'::date) AND (lineitem.l_shipdate <= '1996-12-31'::date))", "Rows Removed by Filter": 417415}, {"Node Type": "Hash", "Parent Relationship": "Inner", "Parallel Aware": false, "Startup Cost": 5255.45, "Total Cost": 5255.45, "Plan Rows": 1471, "Plan Width": 33, "Actual Startup Time": 435.137, "Actual Total Time": 435.166, "Actual Rows": 11269, "Actual Loops": 1, "Output": ["orders.o_orderkey", "n2.n_name"], "Hash Buckets": 16384, "Original Hash Buckets": 2048, "Hash Batches": 1, "Original Hash Batches": 1, "Peak Memory Usage": 639, "Plans": [{"Node Type": "Hash Join", "Parent Relationship": "Outer", "Parallel Aware": false, "Join Type": "Inner", "Startup Cost": 568.25, "Total Cost": 5255.45, "Plan Rows": 1471, "Plan Width": 33, "Actual Startup Time": 78.53, "Actual Total Time": 430.658, "Actual Rows": 11269, "Actual Loops": 1, "Output": ["orders.o_orderkey", "n2.n_name"], "Inner Unique": false, "Hash Cond": "(orders.o_custkey = customer.c_custkey)", "Plans": [{"Node Type": "Seq Scan", "Parent Relationship": "Outer", "Parallel Aware": false, "Relation Name": "orders", "Schema": "public", "Alias": "orders", "Startup Cost": 0.0, "Total Cost": 4110.0, "Plan Rows": 150000, "Plan Width": 8, "Actual Startup Time": 0.76, "Actual Total Time": 338.034, "Actual Rows": 150000, "Actual Loops": 1, "Output": ["orders.o_orderkey", "orders.o_custkey", "orders.o_orderstatus", "orders.o_totalprice", "orders.o_orderdate", "orders.o_orderpriority", "orders.o_clerk", "orders.o_shippriority", "orders.o_comment"]}, {"Node Type": "Hash", "Parent Relationship": "Inner", "Parallel Aware": false, "Startup Cost": 566.41, "Total Cost": 566.41, "Plan Rows": 147, "Plan Width": 33, "Actual Startup Time": 77.668, "Actual Total Time": 77.685, "Actual Rows": 1146, "Actual Loops": 1, "Output": ["customer.c_custkey", "n2.n_name"], "Hash Buckets": 2048, "Original Hash Buckets": 1024, "Hash Batches": 1, "Original Hash Batches": 1, "Peak Memory Usage": 68, "Plans": [{"Node Type": "Hash Join", "Parent Relationship": "Outer", "Parallel Aware": false, "Join Type": "Inner", "Startup Cost": 17.71, "Total Cost": 566.41, "Plan Rows": 147, "Plan Width": 33, "Actual Startup Time": 0.48, "Actual Total Time": 76.514, "Actual Rows": 1146, "Actual Loops": 1, "Output": ["customer.c_custkey", "n2.n_name"], "Inner Unique": true, "Hash Cond": "(customer.c_nationkey = n2.n_nationkey)", "Plans": [{"Node Type": "Seq Scan", "Parent Relationship": "Outer", "Parallel Aware": false, "Relation Name": "customer", "Schema": "public", "Alias": "customer", "Startup Cost": 0.0, "Total Cost": 509.0, "Plan Rows": 15000, "Plan Width": 8, "Actual Startup Time": 0.003, "Actual Total Time": 74.194, "Actual Rows": 15000, "Actual Loops": 1, "Output": ["customer.c_custkey", "customer.c_name", "customer.c_address", "customer.c_nationkey", "customer.c_phone", "customer.c_acctbal", "customer.c_mktsegment", "customer.c_comment"]}, {"Node Type": "Hash", "Parent Relationship": "Inner", "Parallel Aware": false, "Startup Cost": 17.65, "Total Cost": 17.65, "Plan Rows": 5, "Plan Width": 33, "Actual Startup Time": 0.014, "Actual Total Time": 0.018, "Actual Rows": 2, "Actual Loops": 1, "Output": ["n2.n_name", "n2.n_nationkey"], "Hash Buckets": 1024, "Original Hash Buckets": 1024, "Hash Batches": 1, "Original Hash Batches": 1, "Peak Memory Usage": 9, "Plans": [{"Node Type": "Seq Scan", "Parent Relationship": "Outer", "Parallel Aware": false, "Relation Name": "nation", "Schema": "public", "Alias": "n2", "Startup Cost": 0.0, "Total Cost": 17.65, "Plan Rows": 5, "Plan Width": 33, "Actual Startup Time": 0.005, "Actual Total Time": 0.007, "Actual Rows": 2, "Actual Loops": 1, "Output": ["n2.n_name", "n2.n_nationkey"], "Filter": "(((n2.n_name)::text = 'SAUDI ARABIA'::text) OR ((n2.n_name)::text = 'ALGERIA'::text))", "Rows Removed by Filter": 23}]}]}]}]}]}]}, {"Node Type": "Hash", "Parent Relationship": "Inner", "Parallel Aware": false, "Startup Cost": 53.36, "Total Cost": 53.36, "Plan Rows": 10, "Plan Width": 33, "Actual Startup Time": 7.272, "Actual Total Time": 7.283, "Actual Rows": 83, "Actual Loops": 1, "Output": ["supplier.s_suppkey", "n1.n_name"], "Hash Buckets": 1024, "Original Hash Buckets": 1024, "Hash Batches": 1, "Original Hash Batches": 1, "Peak Memory Usage": 12, "Plans": [{"Node Type": "Hash Join", "Parent Relationship": "Outer", "Parallel Aware": false, "Join Type": "Inner", "Startup Cost": 17.71, "Total Cost": 53.36, "Plan Rows": 10, "Plan Width": 33, "Actual Startup Time": 0.019, "Actual Total Time": 7.192, "Actual Rows": 83, "Actual Loops": 1, "Output": ["supplier.s_suppkey", "n1.n_name"], "Inner Unique": true, "Hash Cond": "(supplier.s_nationkey = n1.n_nationkey)", "Plans": [{"Node Type": "Seq Scan", "Parent Relationship": "Outer", "Parallel Aware": false, "Relation Name": "supplier", "Schema": "public", "Alias": "supplier", "Startup Cost": 0.0, "Total Cost": 33.0, "Plan Rows": 1000, "Plan Width": 8, "Actual Startup Time": 0.004, "Actual Total Time": 7.013, "Actual Rows": 1000, "Actual Loops": 1, "Output": ["supplier.s_suppkey", "supplier.s_name", "supplier.s_address", "supplier.s_nationkey", "supplier.s_phone", "supplier.s_acctbal", "supplier.s_comment"]}, {"Node Type": "Hash", "Parent Relationship": "Inner", "Parallel Aware": false, "Startup Cost": 17.65, "Total Cost": 17.65, "Plan Rows": 5, "Plan Width": 33, "Actual Startup Time": 0.007, "Actual Total Time": 0.01, "Actual Rows": 2, "Actual Loops": 1, "Output": ["n1.n_name", "n1.n_nationkey"], "Hash Buckets": 1024, "Original Hash Buckets": 1024, "Hash Batches": 1, "Original Hash Batches": 1, "Peak Memory Usage": 9, "Plans": [{"Node Type": "Seq Scan", "Parent Relationship": "Outer", "Parallel Aware": false, "Relation Name": "nation", "Schema": "public", "Alias": "n1", "Startup Cost": 0.0, "Total Cost": 17.65, "Plan Rows": 5, "Plan Width": 33, "Actual Startup Time": 0.003, "Actual Total Time": 0.004, "Actual Rows": 2, "Actual Loops": 1, "Output": ["n1.n_name", "n1.n_nationkey"], "Filter": "(((n1.n_name)::text = 'ALGERIA'::text) OR ((n1.n_name)::text = 'SAUDI ARABIA'::text))", "Rows Removed by Filter": 23}]}]}]}]}]}]}, "Planning Time": 2.089, "Triggers": [], "Execution Time": 847.048}]
q2#####[{"Plan": {"Node Type": "Sort", "Parallel Aware": false, "Startup Cost": 1348979.72, "Total Cost": 1356500.72, "Plan Rows": 3008400, "Plan Width": 205, "Actual Startup Time": 11563.679, "Actual Total Time": 11565.9, "Actual Rows": 18974, "Actual Loops": 1, "Output": ["customer.c_custkey", "customer.c_name", "(sum((lineitem.l_extendedprice * ('1'::numeric - lineitem.l_discount))))", "customer.c_acctbal", "nation.n_name", "customer.c_address", "customer.c_phone", "customer.c_comment"], "Sort Key": ["(sum((lineitem.l_extendedprice * ('1'::numeric - lineitem.l_discount)))) DESC"], "Sort Method": "external merge", "Sort Space Used": 3216, "Sort Space Type": "Disk", "Plans": [{"Node Type": "Aggregate", "Strategy": "Sorted", "Partial Mode": "Simple", "Parent Relationship": "Outer", "Parallel Aware": false, "Startup Cost": 139001.3, "Total Cost": 428874.38, "Plan Rows": 3008400, "Plan Width": 205, "Actual Startup Time": 11269.631, "Actual Total Time": 11512.107, "Actual Rows": 18974, "Actual Loops": 1, "Output": ["customer.c_custkey", "customer.c_name", "sum((lineitem.l_extendedprice * ('1'::numeric - lineitem.l_discount)))", "customer.c_acctbal", "nation.n_name", "customer.c_address", "customer.c_phone", "customer.c_comment"], "Group Key": ["customer.c_custkey", "customer.c_name", "customer.c_acctbal", "customer.c_phone", "nation.n_name", "customer.c_address", "customer.c_comment"], "Plans": [{"Node Type": "Incremental Sort", "Parent Relationship": "Outer", "Parallel Aware": false, "Startup Cost": 139001.3, "Total Cost": 316059.38, "Plan Rows": 3008400, "Plan Width": 185, "Actual Startup Time": 11264.856, "Actual Total Time": 11443.356, "Actual Rows": 56973, "Actual Loops": 1, "Output": ["customer.c_custkey", "customer.c_name", "customer.c_acctbal", "nation.n_name", "customer.c_address", "customer.c_phone", "customer.c_comment", "lineitem.l_extendedprice", "lineitem.l_discount"], "Sort Key": ["customer.c_custkey", "customer.c_name", "customer.c_acctbal", "customer.c_phone", "nation.n_name", "customer.c_address", "customer.c_comment"], "Presorted Key": ["customer.c_custkey"], "Full-sort Groups": {"Group Count": 1692, "Sort Methods Used": ["quicksort"], "Sort Space Memory": {"Average Sort Space Used": 34, "Peak Sort Space Used": 34}}, "Plans": [{"Node Type": "Merge Join", "Parent Relationship": "Outer", "Parallel Aware": false, "Join Type": "Inner", "Startup Cost": 138999.51, "Total Cost": 139825.69, "Plan Rows": 3008400, "Plan Width": 185, "Actual Startup Time": 11264.449, "Actual Total Time": 11402.279, "Actual Rows": 56973, "Actual Loops": 1, "Output": ["customer.c_custkey", "customer.c_name", "customer.c_acctbal", "nation.n_name", "customer.c_address", "customer.c_phone", "customer.c_comment", "lineitem.l_extendedprice", "lineitem.l_discount"], "Inner Unique": false, "Merge Cond": "(customer.c_custkey = orders.o_custkey)", "Plans": [{"Node Type": "Sort", "Parent Relationship": "Outer", "Parallel Aware": false, "Startup Cost": 15247.96, "Total Cost": 15435.46, "Plan Rows": 75000, "Plan Width": 173, "Actual Startup Time": 479.171, "Actual Total Time": 588.756, "Actual Rows": 74996, "Actual Loops": 1, "Output": ["customer.c_custkey", "customer.c_name", "customer.c_acctbal", "customer.c_address", "customer.c_phone", "customer.c_comment", "nation.n_name"], "Sort Key": ["customer.c_custkey"], "Sort Method": "external merge", "Sort Space Used": 12024, "Sort Space Type": "Disk", "Plans": [{"Node Type": "Hash Join", "Parent Relationship": "Outer", "Parallel Aware": false, "Join Type": "Inner", "Startup Cost": 21.48, "Total Cost": 2762.99, "Plan Rows": 75000, "Plan Width": 173, "Actual Startup Time": 2.445, "Actual Total Time": 164.134, "Actual Rows": 75000, "Actual Loops": 1, "Output": ["customer.c_custkey", "customer.c_name", "customer.c_acctbal", "customer.c_address", "customer.c_phone", "customer.c_comment", "nation.n_name"], "Inner Unique": true, "Hash Cond": "(customer.c_nationkey = nation.n_nationkey)", "Plans": [{"Node Type": "Seq Scan", "Parent Relationship": "Outer", "Parallel Aware": false, "Relation Name": "customer", "Schema": "public", "Alias": "customer", "Startup Cost": 0.0, "Total Cost": 2543.0, "Plan Rows": 75000, "Plan Width": 148, "Actual Startup Time": 0.666, "Actual Total Time": 146.04, "Actual Rows": 75000, "Actual Loops": 1, "Output": ["customer.c_custkey", "customer.c_name", "customer.c_address", "customer.c_nationkey", "customer.c_phone", "customer.c_acctbal", "customer.c_mktsegment", "customer.c_comment"]}, {"Node Type": "Hash", "Parent Relationship": "Inner", "Parallel Aware": false, "Startup Cost": 15.1, "Total Cost": 15.1, "Plan Rows": 510, "Plan Width": 33, "Actual Startup Time": 0.841, "Actual Total Time": 0.85, "Actual Rows": 25, "Actual Loops": 1, "Output": ["nation.n_name", "nation.n_nationkey"], "Hash Buckets": 1024, "Original Hash Buckets": 1024, "Hash Batches": 1, "Original Hash Batches": 1, "Peak Memory Usage": 10, "Plans": [{"Node Type": "Seq Scan", "Parent Relationship": "Outer", "Parallel Aware": false, "Relation Name": "nation", "Schema": "public", "Alias": "nation", "Startup Cost": 0.0, "Total Cost": 15.1, "Plan Rows": 510, "Plan Width": 33, "Actual Startup Time": 0.007, "Actual Total Time": 0.011, "Actual Rows": 25, "Actual Loops": 1, "Output": ["nation.n_name", "nation.n_nationkey"]}]}]}]}, {"Node Type": "Sort", "Parent Relationship": "Inner", "Parallel Aware": false, "Startup Cost": 123751.51, "Total Cost": 123826.72, "Plan Rows": 30084, "Plan Width": 16, "Actual Startup Time": 10784.601, "Actual Total Time": 10793.994, "Actual Rows": 56973, "Actual Loops": 1, "Output": ["orders.o_custkey", "lineitem.l_extendedprice", "lineitem.l_discount"], "Sort Key": ["orders.o_custkey"], "Sort Method": "external sort", "Sort Space Used": 1768, "Sort Space Type": "Disk", "Plans": [{"Node Type": "Hash Join", "Parent Relationship": "Outer", "Parallel Aware": false, "Join Type": "Inner", "Startup Cost": 24677.03, "Total Cost": 121513.76, "Plan Rows": 30084, "Plan Width": 16, "Actual Startup Time": 1939.955, "Actual Total Time": 10431.11, "Actual Rows": 56973, "Actual Loops": 1, "Output": ["orders.o_custkey", "lineitem.l_extendedprice", "lineitem.l_discount"], "Inner Unique": false, "Hash Cond": "(lineitem.l_orderkey = orders.o_orderkey)", "Plans": [{"Node Type": "Seq Scan", "Parent Relationship": "Outer", "Parallel Aware": false, "Relation Name": "lineitem", "Schema": "public", "Alias": "lineitem", "Startup Cost": 0.0, "Total Cost": 93730.69, "Plan Rows": 748054, "Plan Width": 16, "Actual Startup Time": 0.014, "Actual Total Time": 8231.096, "Actual Rows": 739563, "Actual Loops": 1, "Output": ["lineitem.l_orderkey", "lineitem.l_partkey", "lineitem.l_suppkey", "lineitem.l_linenumber", "lineitem.l_quantity", "lineitem.l_extendedprice", "lineitem.l_discount", "lineitem.l_tax", "lineitem.l_returnflag", "lineitem.l_linestatus", "lineitem.l_shipdate", "lineitem.l_commitdate", "lineitem.l_receiptdate", "lineitem.l_shipinstruct", "lineitem.l_shipmode", "lineitem.l_comment"], "Filter": "(lineitem.l_returnflag = 'R'::bpchar)", "Rows Removed by Filter": 2260108}, {"Node Type": "Hash", "Parent Relationship": "Inner", "Parallel Aware": false, "Startup Cost": 24300.0, "Total Cost": 24300.0, "Plan Rows": 30162, "Plan Width": 8, "Actual Startup Time": 1939.782, "Actual Total Time": 1939.786, "Actual Rows": 28646, "Actual Loops": 1, "Output": ["orders.o_custkey", "orders.o_orderkey"], "Hash Buckets": 32768, "Original Hash Buckets": 32768, "Hash Batches": 1, "Original Hash Batches": 1, "Peak Memory Usage": 1375, "Plans": [{"Node Type": "Seq Scan", "Parent Relationship": "Outer", "Parallel Aware": false, "Relation Name": "orders", "Schema": "public", "Alias": "orders", "Startup Cost": 0.0, "Total Cost": 24300.0, "Plan Rows": 30162, "Plan Width": 8, "Actual Startup Time": 0.006, "Actual Total Time": 1901.064, "Actual Rows": 28646, "Actual Loops": 1, "Output": ["orders.o_custkey", "orders.o_orderkey"], "Filter": "((orders.o_orderdate >= '1993-06-05'::date) AND (orders.o_orderdate < '1993-09-05 00:00:00'::timestamp without time zone))", "Rows Removed by Filter": 721354}]}]}]}]}]}]}]}, "Planning Time": 0.603, "Triggers": [], "Execution Time": 11574.782}]
q3#####[{"Plan": {"Node Type": "Aggregate", "Strategy": "Sorted", "Partial Mode": "Simple", "Parallel Aware": false, "Startup Cost": 26293.93, "Total Cost": 26294.25, "Plan Rows": 9, "Plan Width": 98, "Actual Startup Time": 847.807, "Actual Total Time": 847.964, "Actual Rows": 4, "Actual Loops": 1, "Output": ["n1.n_name", "n2.n_name", "(date_part('year'::text, (lineitem.l_shipdate)::timestamp without time zone))", "sum((lineitem.l_extendedprice * ('1'::numeric - lineitem.l_discount)))"], "Group Key": ["n1.n_name", "n2.n_name", "(date_part('year'::text, (lineitem.l_shipdate)::timestamp without time zone))"], "Plans": [{"Node Type": "Sort", "Parent Relationship": "Outer", "Parallel Aware": false, "Startup Cost": 26293.93, "Total Cost": 26293.95, "Plan Rows": 9, "Plan Width": 78, "Actual Startup Time": 847.759, "Actual Total Time": 847.816, "Actual Rows": 597, "Actual Loops": 1, "Output": ["n1.n_name", "n2.n_name", "(date_part('year'::text, (lineitem.l_shipdate)::timestamp without time zone))", "lineitem.l_extendedprice", "lineitem.l_discount"], "Sort Key": ["n1.n_name", "n2.n_name", "(date_part('year'::text, (lineitem.l_shipdate)::timestamp without time zone))"], "Sort Method": "quicksort", "Sort Space Used": 71, "Sort Space Type": "Memory", "Plans": [{"Node Type": "Hash Join", "Parent Relationship": "Outer", "Parallel Aware": false, "Join Type": "Inner", "Startup Cost": 5327.32, "Total Cost": 26293.79, "Plan Rows": 9, "Plan Width": 78, "Actual Startup Time": 453.909, "Actual Total Time": 847.082, "Actual Rows": 597, "Actual Loops": 1, "Output": ["n1.n_name", "n2.n_name", "date_part('year'::text, (lineitem.l_shipdate)::timestamp without time zone)", "lineitem.l_extendedprice", "lineitem.l_discount"], "Inner Unique": false, "Hash Cond": "(lineitem.l_suppkey = supplier.s_suppkey)", "Join Filter": "((((n1.n_name)::text = 'ALGERIA'::text) AND ((n2.n_name)::text = 'EGYPT'::text)) OR (((n1.n_name)::text = 'EGYPT'::text) AND ((n2.n_name)::text = 'ALGERIA'::text)))", "Rows Removed by Join Filter": 565, "Plans": [{"Node Type": "Hash Join", "Parent Relationship": "Outer", "Parallel Aware": false, "Join Type": "Inner", "Startup Cost": 5273.84, "Total Cost": 26233.09, "Plan Rows": 1815, "Plan Width": 49, "Actual Startup Time": 436.537, "Actual Total Time": 834.986, "Actual Rows": 14854, "Actual Loops": 1, "Output": ["lineitem.l_shipdate", "lineitem.l_extendedprice", "lineitem.l_discount", "lineitem.l_suppkey", "n2.n_name"], "Inner Unique": false, "Hash Cond": "(lineitem.l_orderkey = orders.o_orderkey)", "Plans": [{"Node Type": "Seq Scan", "Parent Relationship": "Outer", "Parallel Aware": false, "Relation Name": "lineitem", "Schema": "public", "Alias": "lineitem", "Startup Cost": 0.0, "Total Cost": 20247.0, "Plan Rows": 185095, "Plan Width": 24, "Actual Startup Time": 1.672, "Actual Total Time": 376.941, "Actual Rows": 182585, "Actual Loops": 1, "Output": ["lineitem.l_orderkey", "lineitem.l_partkey", "lineitem.l_suppkey", "lineitem.l_linenumber", "lineitem.l_quantity", "lineitem.l_extendedprice", "lineitem.l_discount", "lineitem.l_tax", "lineitem.l_returnflag", "lineitem.l_linestatus", "lineitem.l_shipdate", "lineitem.l_commitdate", "lineitem.l_receiptdate", "lineitem.l_shipinstruct", "lineitem.l_shipmode", "lineitem.l_comment"], "Filter": "((lineitem.l_shipdate >= '1995-01-01'::date) AND (lineitem.l_shipdate <= '1996-12-31'::date))", "Rows Removed by Filter": 417415}, {"Node Type": "Hash", "Parent Relationship": "Inner", "Parallel Aware": false, "Startup Cost": 5255.45, "Total Cost": 5255.45, "Plan Rows": 1471, "Plan Width": 33, "Actual Startup Time": 434.64, "Actual Total Time": 434.659, "Actual Rows": 12082, "Actual Loops": 1, "Output": ["orders.o_orderkey", "n2.n_name"], "Hash Buckets": 16384, "Original Hash Buckets": 2048, "Hash Batches": 1, "Original Hash Batches": 1, "Peak Memory Usage": 635, "Plans": [{"Node Type": "Hash Join", "Parent Relationship": "Outer", "Parallel Aware": false, "Join Type": "Inner", "Startup Cost": 568.25, "Total Cost": 5255.45, "Plan Rows": 1471, "Plan Width": 33, "Actual Startup Time": 78.26, "Actual Total Time": 430.096, "Actual Rows": 12082, "Actual Loops": 1, "Output": ["orders.o_orderkey", "n2.n_name"], "Inner Unique": false, "Hash Cond": "(orders.o_custkey = customer.c_custkey)", "Plans": [{"Node Type": "Seq Scan", "Parent Relationship": "Outer", "Parallel Aware": false, "Relation Name": "orders", "Schema": "public", "Alias": "orders", "Startup Cost": 0.0, "Total Cost": 4110.0, "Plan Rows": 150000, "Plan Width": 8, "Actual Startup Time": 0.565, "Actual Total Time": 337.238, "Actual Rows": 150000, "Actual Loops": 1, "Output": ["orders.o_orderkey", "orders.o_custkey", "orders.o_orderstatus", "orders.o_totalprice", "orders.o_orderdate", "orders.o_orderpriority", "orders.o_clerk", "orders.o_shippriority", "orders.o_comment"]}, {"Node Type": "Hash", "Parent Relationship": "Inner", "Parallel Aware": false, "Startup Cost": 566.41, "Total Cost": 566.41, "Plan Rows": 147, "Plan Width": 33, "Actual Startup Time": 77.516, "Actual Total Time": 77.524, "Actual Rows": 1226, "Actual Loops": 1, "Output": ["customer.c_custkey", "n2.n_name"], "Hash Buckets": 2048, "Original Hash Buckets": 1024, "Hash Batches": 1, "Original Hash Batches": 1, "Peak Memory Usage": 68, "Plans": [{"Node Type": "Hash Join", "Parent Relationship": "Outer", "Parallel Aware": false, "Join Type": "Inner", "Startup Cost": 17.71, "Total Cost": 566.41, "Plan Rows": 147, "Plan Width": 33, "Actual Startup Time": 0.387, "Actual Total Time": 73.492, "Actual Rows": 1226, "Actual Loops": 1, "Output": ["customer.c_custkey", "n2.n_name"], "Inner Unique": true, "Hash Cond": "(customer.c_nationkey = n2.n_nationkey)", "Plans": [{"Node Type": "Seq Scan", "Parent Relationship": "Outer", "Parallel Aware": false, "Relation Name": "customer", "Schema": "public", "Alias": "customer", "Startup Cost": 0.0, "Total Cost": 509.0, "Plan Rows": 15000, "Plan Width": 8, "Actual Startup Time": 0.02, "Actual Total Time": 71.04, "Actual Rows": 15000, "Actual Loops": 1, "Output": ["customer.c_custkey", "customer.c_name", "customer.c_address", "customer.c_nationkey", "customer.c_phone", "customer.c_acctbal", "customer.c_mktsegment", "customer.c_comment"]}, {"Node Type": "Hash", "Parent Relationship": "Inner", "Parallel Aware": false, "Startup Cost": 17.65, "Total Cost": 17.65, "Plan Rows": 5, "Plan Width": 33, "Actual Startup Time": 0.154, "Actual Total Time": 0.154, "Actual Rows": 2, "Actual Loops": 1, "Output": ["n2.n_name", "n2.n_nationkey"], "Hash Buckets": 1024, "Original Hash Buckets": 1024, "Hash Batches": 1, "Original Hash Batches": 1, "Peak Memory Usage": 9, "Plans": [{"Node Type": "Seq Scan", "Parent Relationship": "Outer", "Parallel Aware": false, "Relation Name": "nation", "Schema": "public", "Alias": "n2", "Startup Cost": 0.0, "Total Cost": 17.65, "Plan Rows": 5, "Plan Width": 33, "Actual Startup Time": 0.12, "Actual Total Time": 0.126, "Actual Rows": 2, "Actual Loops": 1, "Output": ["n2.n_name", "n2.n_nationkey"], "Filter": "(((n2.n_name)::text = 'EGYPT'::text) OR ((n2.n_name)::text = 'ALGERIA'::text))", "Rows Removed by Filter": 23}]}]}]}]}]}]}, {"Node Type": "Hash", "Parent Relationship": "Inner", "Parallel Aware": false, "Startup Cost": 53.36, "Total Cost": 53.36, "Plan Rows": 10, "Plan Width": 33, "Actual Startup Time": 9.834, "Actual Total Time": 9.841, "Actual Rows": 76, "Actual Loops": 1, "Output": ["supplier.s_suppkey", "n1.n_name"], "Hash Buckets": 1024, "Original Hash Buckets": 1024, "Hash Batches": 1, "Original Hash Batches": 1, "Peak Memory Usage": 12, "Plans": [{"Node Type": "Hash Join", "Parent Relationship": "Outer", "Parallel Aware": false, "Join Type": "Inner", "Startup Cost": 17.71, "Total Cost": 53.36, "Plan Rows": 10, "Plan Width": 33, "Actual Startup Time": 4.316, "Actual Total Time": 9.808, "Actual Rows": 76, "Actual Loops": 1, "Output": ["supplier.s_suppkey", "n1.n_name"], "Inner Unique": true, "Hash Cond": "(supplier.s_nationkey = n1.n_nationkey)", "Plans": [{"Node Type": "Seq Scan", "Parent Relationship": "Outer", "Parallel Aware": false, "Relation Name": "supplier", "Schema": "public", "Alias": "supplier", "Startup Cost": 0.0, "Total Cost": 33.0, "Plan Rows": 1000, "Plan Width": 8, "Actual Startup Time": 0.007, "Actual Total Time": 5.344, "Actual Rows": 1000, "Actual Loops": 1, "Output": ["supplier.s_suppkey", "supplier.s_name", "supplier.s_address", "supplier.s_nationkey", "supplier.s_phone", "supplier.s_acctbal", "supplier.s_comment"]}, {"Node Type": "Hash", "Parent Relationship": "Inner", "Parallel Aware": false, "Startup Cost": 17.65, "Total Cost": 17.65, "Plan Rows": 5, "Plan Width": 33, "Actual Startup Time": 4.299, "Actual Total Time": 4.302, "Actual Rows": 2, "Actual Loops": 1, "Output": ["n1.n_name", "n1.n_nationkey"], "Hash Buckets": 1024, "Original Hash Buckets": 1024, "Hash Batches": 1, "Original Hash Batches": 1, "Peak Memory Usage": 9, "Plans": [{"Node Type": "Seq Scan", "Parent Relationship": "Outer", "Parallel Aware": false, "Relation Name": "nation", "Schema": "public", "Alias": "n1", "Startup Cost": 0.0, "Total Cost": 17.65, "Plan Rows": 5, "Plan Width": 33, "Actual Startup Time": 4.294, "Actual Total Time": 4.295, "Actual Rows": 2, "Actual Loops": 1, "Output": ["n1.n_name", "n1.n_nationkey"], "Filter": "(((n1.n_name)::text = 'ALGERIA'::text) OR ((n1.n_name)::text = 'EGYPT'::text))", "Rows Removed by Filter": 23}]}]}]}]}]}]}, "Planning Time": 8.609, "Triggers": [], "Execution Time": 848.231}]
q4#####[{"Plan": {"Node Type": "Sort", "Parallel Aware": false, "Startup Cost": 1316316.81, "Total Cost": 1323643.56, "Plan Rows": 2930700, "Plan Width": 205, "Actual Startup Time": 10572.414, "Actual Total Time": 10575.284, "Actual Rows": 18790, "Actual Loops": 1, "Output": ["customer.c_custkey", "customer.c_name", "(sum((lineitem.l_extendedprice * ('1'::numeric - lineitem.l_discount))))", "customer.c_acctbal", "nation.n_name", "customer.c_address", "customer.c_phone", "customer.c_comment"], "Sort Key": ["(sum((lineitem.l_extendedprice * ('1'::numeric - lineitem.l_discount)))) DESC"], "Sort Method": "external merge", "Sort Space Used": 3184, "Sort Space Type": "Disk", "Plans": [{"Node Type": "Aggregate", "Strategy": "Sorted", "Partial Mode": "Simple", "Parent Relationship": "Outer", "Parallel Aware": false, "Startup Cost": 138920.41, "Total Cost": 420525.4, "Plan Rows": 2930700, "Plan Width": 205, "Actual Startup Time": 10398.901, "Actual Total Time": 10545.379, "Actual Rows": 18790, "Actual Loops": 1, "Output": ["customer.c_custkey", "customer.c_name", "sum((lineitem.l_extendedprice * ('1'::numeric - lineitem.l_discount)))", "customer.c_acctbal", "nation.n_name", "customer.c_address", "customer.c_phone", "customer.c_comment"], "Group Key": ["customer.c_custkey", "customer.c_name", "customer.c_acctbal", "customer.c_phone", "nation.n_name", "customer.c_address", "customer.c_comment"], "Plans": [{"Node Type": "Incremental Sort", "Parent Relationship": "Outer", "Parallel Aware": false, "Startup Cost": 138920.41, "Total Cost": 310624.15, "Plan Rows": 2930700, "Plan Width": 185, "Actual Startup Time": 10398.884, "Actual Total Time": 10508.341, "Actual Rows": 56250, "Actual Loops": 1, "Output": ["customer.c_custkey", "customer.c_name", "customer.c_acctbal", "nation.n_name", "customer.c_address", "customer.c_phone", "customer.c_comment", "lineitem.l_extendedprice", "lineitem.l_discount"], "Sort Key": ["customer.c_custkey", "customer.c_name", "customer.c_acctbal", "customer.c_phone", "nation.n_name", "customer.c_address", "customer.c_comment"], "Presorted Key": ["customer.c_custkey"], "Full-sort Groups": {"Group Count": 1673, "Sort Methods Used": ["quicksort"], "Sort Space Memory": {"Average Sort Space Used": 35, "Peak Sort Space Used": 35}}, "Plans": [{"Node Type": "Merge Join", "Parent Relationship": "Outer", "Parallel Aware": false, "Join Type": "Inner", "Startup Cost": 138918.68, "Total Cost": 139733.2, "Plan Rows": 2930700, "Plan Width": 185, "Actual Startup Time": 10398.598, "Actual Total Time": 10476.653, "Actual Rows": 56250, "Actual Loops": 1, "Output": ["customer.c_custkey", "customer.c_name", "customer.c_acctbal", "nation.n_name", "customer.c_address", "customer.c_phone", "customer.c_comment", "lineitem.l_extendedprice", "lineitem.l_discount"], "Inner Unique": false, "Merge Cond": "(customer.c_custkey = orders.o_custkey)", "Plans": [{"Node Type": "Sort", "Parent Relationship": "Outer", "Parallel Aware": false, "Startup Cost": 15247.96, "Total Cost": 15435.46, "Plan Rows": 75000, "Plan Width": 173, "Actual Startup Time": 289.293, "Actual Total Time": 344.853, "Actual Rows": 74996, "Actual Loops": 1, "Output": ["customer.c_custkey", "customer.c_name", "customer.c_acctbal", "customer.c_address", "customer.c_phone", "customer.c_comment", "nation.n_name"], "Sort Key": ["customer.c_custkey"], "Sort Method": "external merge", "Sort Space Used": 12024, "Sort Space Type": "Disk", "Plans": [{"Node Type": "Hash Join", "Parent Relationship": "Outer", "Parallel Aware": false, "Join Type": "Inner", "Startup Cost": 21.48, "Total Cost": 2762.99, "Plan Rows": 75000, "Plan Width": 173, "Actual Startup Time": 0.447, "Actual Total Time": 49.458, "Actual Rows": 75000, "Actual Loops": 1, "Output": ["customer.c_custkey", "customer.c_name", "customer.c_acctbal", "customer.c_address", "customer.c_phone", "customer.c_comment", "nation.n_name"], "Inner Unique": true, "Hash Cond": "(customer.c_nationkey = nation.n_nationkey)", "Plans": [{"Node Type": "Seq Scan", "Parent Relationship": "Outer", "Parallel Aware": false, "Relation Name": "customer", "Schema": "public", "Alias": "customer", "Startup Cost": 0.0, "Total Cost": 2543.0, "Plan Rows": 75000, "Plan Width": 148, "Actual Startup Time": 0.419, "Actual Total Time": 10.767, "Actual Rows": 75000, "Actual Loops": 1, "Output": ["customer.c_custkey", "customer.c_name", "customer.c_address", "customer.c_nationkey", "customer.c_phone", "customer.c_acctbal", "customer.c_mktsegment", "customer.c_comment"]}, {"Node Type": "Hash", "Parent Relationship": "Inner", "Parallel Aware": false, "Startup Cost": 15.1, "Total Cost": 15.1, "Plan Rows": 510, "Plan Width": 33, "Actual Startup Time": 0.016, "Actual Total Time": 0.025, "Actual Rows": 25, "Actual Loops": 1, "Output": ["nation.n_name", "nation.n_nationkey"], "Hash Buckets": 1024, "Original Hash Buckets": 1024, "Hash Batches": 1, "Original Hash Batches": 1, "Peak Memory Usage": 10, "Plans": [{"Node Type": "Seq Scan", "Parent Relationship": "Outer", "Parallel Aware": false, "Relation Name": "nation", "Schema": "public", "Alias": "nation", "Startup Cost": 0.0, "Total Cost": 15.1, "Plan Rows": 510, "Plan Width": 33, "Actual Startup Time": 0.006, "Actual Total Time": 0.007, "Actual Rows": 25, "Actual Loops": 1, "Output": ["nation.n_name", "nation.n_nationkey"]}]}]}]}, {"Node Type": "Sort", "Parent Relationship": "Inner", "Parallel Aware": false, "Startup Cost": 123670.67, "Total Cost": 123743.94, "Plan Rows": 29307, "Plan Width": 16, "Actual Startup Time": 10109.244, "Actual Total Time": 10115.709, "Actual Rows": 56250, "Actual Loops": 1, "Output": ["orders.o_custkey", "lineitem.l_extendedprice", "lineitem.l_discount"], "Sort Key": ["orders.o_custkey"], "Sort Method": "external sort", "Sort Space Used": 1744, "Sort Space Type": "Disk", "Plans": [{"Node Type": "Hash Join", "Parent Relationship": "Outer", "Parallel Aware": false, "Join Type": "Inner", "Startup Cost": 24667.29, "Total Cost": 121496.25, "Plan Rows": 29307, "Plan Width": 16, "Actual Startup Time": 2456.105, "Actual Total Time": 9771.114, "Actual Rows": 56250, "Actual Loops": 1, "Output": ["orders.o_custkey", "lineitem.l_extendedprice", "lineitem.l_discount"], "Inner Unique": false, "Hash Cond": "(lineitem.l_orderkey = orders.o_orderkey)", "Plans": [{"Node Type": "Seq Scan", "Parent Relationship": "Outer", "Parallel Aware": false, "Relation Name": "lineitem", "Schema": "public", "Alias": "lineitem", "Startup Cost": 0.0, "Total Cost": 93730.69, "Plan Rows": 748054, "Plan Width": 16, "Actual Startup Time": 0.026, "Actual Total Time": 7097.184, "Actual Rows": 739563, "Actual Loops": 1, "Output": ["lineitem.l_orderkey", "lineitem.l_partkey", "lineitem.l_suppkey", "lineitem.l_linenumber", "lineitem.l_quantity", "lineitem.l_extendedprice", "lineitem.l_discount", "lineitem.l_tax", "lineitem.l_returnflag", "lineitem.l_linestatus", "lineitem.l_shipdate", "lineitem.l_commitdate", "lineitem.l_receiptdate", "lineitem.l_shipinstruct", "lineitem.l_shipmode", "lineitem.l_comment"], "Filter": "(lineitem.l_returnflag = 'R'::bpchar)", "Rows Removed by Filter": 2260108}, {"Node Type": "Hash", "Parent Relationship": "Inner", "Parallel Aware": false, "Startup Cost": 24300.0, "Total Cost": 24300.0, "Plan Rows": 29383, "Plan Width": 8, "Actual Startup Time": 2455.86, "Actual Total Time": 2455.861, "Actual Rows": 28153, "Actual Loops": 1, "Output": ["orders.o_custkey", "orders.o_orderkey"], "Hash Buckets": 32768, "Original Hash Buckets": 32768, "Hash Batches": 1, "Original Hash Batches": 1, "Peak Memory Usage": 1356, "Plans": [{"Node Type": "Seq Scan", "Parent Relationship": "Outer", "Parallel Aware": false, "Relation Name": "orders", "Schema": "public", "Alias": "orders", "Startup Cost": 0.0, "Total Cost": 24300.0, "Plan Rows": 29383, "Plan Width": 8, "Actual Startup Time": 0.008, "Actual Total Time": 2405.042, "Actual Rows": 28153, "Actual Loops": 1, "Output": ["orders.o_custkey", "orders.o_orderkey"], "Filter": "((orders.o_orderdate >= '1993-04-01'::date) AND (orders.o_orderdate < '1993-07-01 00:00:00'::timestamp without time zone))", "Rows Removed by Filter": 721847}]}]}]}]}]}]}]}, "Planning Time": 0.427, "Triggers": [], "Execution Time": 10581.017}]
q5#####[{"Plan": {"Node Type": "Sort", "Parallel Aware": false, "Startup Cost": 1271560.97, "Total Cost": 1278621.22, "Plan Rows": 2824100, "Plan Width": 205, "Actual Startup Time": 9838.337, "Actual Total Time": 9841.206, "Actual Rows": 19024, "Actual Loops": 1, "Output": ["customer.c_custkey", "customer.c_name", "(sum((lineitem.l_extendedprice * ('1'::numeric - lineitem.l_discount))))", "customer.c_acctbal", "nation.n_name", "customer.c_address", "customer.c_phone", "customer.c_comment"], "Sort Key": ["(sum((lineitem.l_extendedprice * ('1'::numeric - lineitem.l_discount)))) DESC"], "Sort Method": "external merge", "Sort Space Used": 3224, "Sort Space Type": "Disk", "Plans": [{"Node Type": "Aggregate", "Strategy": "Sorted", "Partial Mode": "Simple", "Parent Relationship": "Outer", "Parallel Aware": false, "Startup Cost": 138809.67, "Total Cost": 409107.69, "Plan Rows": 2824100, "Plan Width": 205, "Actual Startup Time": 9545.622, "Actual Total Time": 9785.343, "Actual Rows": 19024, "Actual Loops": 1, "Output": ["customer.c_custkey", "customer.c_name", "sum((lineitem.l_extendedprice * ('1'::numeric - lineitem.l_discount)))", "customer.c_acctbal", "nation.n_name", "customer.c_address", "customer.c_phone", "customer.c_comment"], "Group Key": ["customer.c_custkey", "customer.c_name", "customer.c_acctbal", "customer.c_phone", "nation.n_name", "customer.c_address", "customer.c_comment"], "Plans": [{"Node Type": "Incremental Sort", "Parent Relationship": "Outer", "Parallel Aware": false, "Startup Cost": 138809.67, "Total Cost": 303203.94, "Plan Rows": 2824100, "Plan Width": 185, "Actual Startup Time": 9545.569, "Actual Total Time": 9743.681, "Actual Rows": 57685, "Actual Loops": 1, "Output": ["customer.c_custkey", "customer.c_name", "customer.c_acctbal", "nation.n_name", "customer.c_address", "customer.c_phone", "customer.c_comment", "lineitem.l_extendedprice", "lineitem.l_discount"], "Sort Key": ["customer.c_custkey", "customer.c_name", "customer.c_acctbal", "customer.c_phone", "nation.n_name", "customer.c_address", "customer.c_comment"], "Presorted Key": ["customer.c_custkey"], "Full-sort Groups": {"Group Count": 1713, "Sort Methods Used": ["quicksort"], "Sort Space Memory": {"Average Sort Space Used": 33, "Peak Sort Space Used": 33}}, "Plans": [{"Node Type": "Merge Join", "Parent Relationship": "Outer", "Parallel Aware": false, "Join Type": "Inner", "Startup Cost": 138808.01, "Total Cost": 139606.55, "Plan Rows": 2824100, "Plan Width": 185, "Actual Startup Time": 9545.179, "Actual Total Time": 9695.101, "Actual Rows": 57685, "Actual Loops": 1, "Output": ["customer.c_custkey", "customer.c_name", "customer.c_acctbal", "nation.n_name", "customer.c_address", "customer.c_phone", "customer.c_comment", "lineitem.l_extendedprice", "lineitem.l_discount"], "Inner Unique": false, "Merge Cond": "(customer.c_custkey = orders.o_custkey)", "Plans": [{"Node Type": "Sort", "Parent Relationship": "Outer", "Parallel Aware": false, "Startup Cost": 15247.96, "Total Cost": 15435.46, "Plan Rows": 75000, "Plan Width": 173, "Actual Startup Time": 390.402, "Actual Total Time": 498.671, "Actual Rows": 75000, "Actual Loops": 1, "Output": ["customer.c_custkey", "customer.c_name", "customer.c_acctbal", "customer.c_address", "customer.c_phone", "customer.c_comment", "nation.n_name"], "Sort Key": ["customer.c_custkey"], "Sort Method": "external merge", "Sort Space Used": 12024, "Sort Space Type": "Disk", "Plans": [{"Node Type": "Hash Join", "Parent Relationship": "Outer", "Parallel Aware": false, "Join Type": "Inner", "Startup Cost": 21.48, "Total Cost": 2762.99, "Plan Rows": 75000, "Plan Width": 173, "Actual Startup Time": 0.027, "Actual Total Time": 34.585, "Actual Rows": 75000, "Actual Loops": 1, "Output": ["customer.c_custkey", "customer.c_name", "customer.c_acctbal", "customer.c_address", "customer.c_phone", "customer.c_comment", "nation.n_name"], "Inner Unique": true, "Hash Cond": "(customer.c_nationkey = nation.n_nationkey)", "Plans": [{"Node Type": "Seq Scan", "Parent Relationship": "Outer", "Parallel Aware": false, "Relation Name": "customer", "Schema": "public", "Alias": "customer", "Startup Cost": 0.0, "Total Cost": 2543.0, "Plan Rows": 75000, "Plan Width": 148, "Actual Startup Time": 0.007, "Actual Total Time": 8.64, "Actual Rows": 75000, "Actual Loops": 1, "Output": ["customer.c_custkey", "customer.c_name", "customer.c_address", "customer.c_nationkey", "customer.c_phone", "customer.c_acctbal", "customer.c_mktsegment", "customer.c_comment"]}, {"Node Type": "Hash", "Parent Relationship": "Inner", "Parallel Aware": false, "Startup Cost": 15.1, "Total Cost": 15.1, "Plan Rows": 510, "Plan Width": 33, "Actual Startup Time": 0.013, "Actual Total Time": 0.024, "Actual Rows": 25, "Actual Loops": 1, "Output": ["nation.n_name", "nation.n_nationkey"], "Hash Buckets": 1024, "Original Hash Buckets": 1024, "Hash Batches": 1, "Original Hash Batches": 1, "Peak Memory Usage": 10, "Plans": [{"Node Type": "Seq Scan", "Parent Relationship": "Outer", "Parallel Aware": false, "Relation Name": "nation", "Schema": "public", "Alias": "nation", "Startup Cost": 0.0, "Total Cost": 15.1, "Plan Rows": 510, "Plan Width": 33, "Actual Startup Time": 0.007, "Actual Total Time": 0.014, "Actual Rows": 25, "Actual Loops": 1, "Output": ["nation.n_name", "nation.n_nationkey"]}]}]}]}, {"Node Type": "Sort", "Parent Relationship": "Inner", "Parallel Aware": false, "Startup Cost": 123560.01, "Total Cost": 123630.61, "Plan Rows": 28241, "Plan Width": 16, "Actual Startup Time": 9154.367, "Actual Total Time": 9173.795, "Actual Rows": 57685, "Actual Loops": 1, "Output": ["orders.o_custkey", "lineitem.l_extendedprice", "lineitem.l_discount"], "Sort Key": ["orders.o_custkey"], "Sort Method": "external sort", "Sort Space Used": 1784, "Sort Space Type": "Disk", "Plans": [{"Node Type": "Hash Join", "Parent Relationship": "Outer", "Parallel Aware": false, "Join Type": "Inner", "Startup Cost": 24653.92, "Total Cost": 121472.23, "Plan Rows": 28241, "Plan Width": 16, "Actual Startup Time": 1587.915, "Actual Total Time": 8898.93, "Actual Rows": 57685, "Actual Loops": 1, "Output": ["orders.o_custkey", "lineitem.l_extendedprice", "lineitem.l_discount"], "Inner Unique": false, "Hash Cond": "(lineitem.l_orderkey = orders.o_orderkey)", "Plans": [{"Node Type": "Seq Scan", "Parent Relationship": "Outer", "Parallel Aware": false, "Relation Name": "lineitem", "Schema": "public", "Alias": "lineitem", "Startup Cost": 0.0, "Total Cost": 93730.69, "Plan Rows": 748054, "Plan Width": 16, "Actual Startup Time": 0.011, "Actual Total Time": 7089.686, "Actual Rows": 739563, "Actual Loops": 1, "Output": ["lineitem.l_orderkey", "lineitem.l_partkey", "lineitem.l_suppkey", "lineitem.l_linenumber", "lineitem.l_quantity", "lineitem.l_extendedprice", "lineitem.l_discount", "lineitem.l_tax", "lineitem.l_returnflag", "lineitem.l_linestatus", "lineitem.l_shipdate", "lineitem.l_commitdate", "lineitem.l_receiptdate", "lineitem.l_shipinstruct", "lineitem.l_shipmode", "lineitem.l_comment"], "Filter": "(lineitem.l_returnflag = 'R'::bpchar)", "Rows Removed by Filter": 2260108}, {"Node Type": "Hash", "Parent Relationship": "Inner", "Parallel Aware": false, "Startup Cost": 24300.0, "Total Cost": 24300.0, "Plan Rows": 28314, "Plan Width": 8, "Actual Startup Time": 1586.803, "Actual Total Time": 1586.803, "Actual Rows": 28777, "Actual Loops": 1, "Output": ["orders.o_custkey", "orders.o_orderkey"], "Hash Buckets": 32768, "Original Hash Buckets": 32768, "Hash Batches": 1, "Original Hash Batches": 1, "Peak Memory Usage": 1381, "Plans": [{"Node Type": "Seq Scan", "Parent Relationship": "Outer", "Parallel Aware": false, "Relation Name": "orders", "Schema": "public", "Alias": "orders", "Startup Cost": 0.0, "Total Cost": 24300.0, "Plan Rows": 28314, "Plan Width": 8, "Actual Startup Time": 0.004, "Actual Total Time": 1511.473, "Actual Rows": 28777, "Actual Loops": 1, "Output": ["orders.o_custkey", "orders.o_orderkey"], "Filter": "((orders.o_orderdate >= '1994-10-05'::date) AND (orders.o_orderdate < '1995-01-05 00:00:00'::timestamp without time zone))", "Rows Removed by Filter": 721223}]}]}]}]}]}]}]}, "Planning Time": 1.087, "Triggers": [], "Execution Time": 9856.259}]
q6#####[{"Plan": {"Node Type": "Sort", "Parallel Aware": false, "Startup Cost": 125323.45, "Total Cost": 125323.72, "Plan Rows": 106, "Plan Width": 61, "Actual Startup Time": 7358.871, "Actual Total Time": 7359.432, "Actual Rows": 5, "Actual Loops": 1, "Output": ["nation.n_name", "(sum((lineitem.l_extendedprice * ('1'::numeric - lineitem.l_discount))))"], "Sort Key": ["(sum((lineitem.l_extendedprice * ('1'::numeric - lineitem.l_discount)))) DESC"], "Sort Method": "quicksort", "Sort Space Used": 25, "Sort Space Type": "Memory", "Plans": [{"Node Type": "Aggregate", "Strategy": "Sorted", "Partial Mode": "Simple", "Parent Relationship": "Outer", "Parallel Aware": false, "Startup Cost": 125317.24, "Total Cost": 125319.89, "Plan Rows": 106, "Plan Width": 61, "Actual Startup Time": 7353.89, "Actual Total Time": 7359.373, "Actual Rows": 5, "Actual Loops": 1, "Output": ["nation.n_name", "sum((lineitem.l_extendedprice * ('1'::numeric - lineitem.l_discount)))"], "Group Key": ["nation.n_name"], "Plans": [{"Node Type": "Sort", "Parent Relationship": "Outer", "Parallel Aware": false, "Startup Cost": 125317.24, "Total Cost": 125317.5, "Plan Rows": 106, "Plan Width": 41, "Actual Startup Time": 7353.645, "Actual Total Time": 7358.296, "Actual Rows": 3648, "Actual Loops": 1, "Output": ["nation.n_name", "lineitem.l_extendedprice", "lineitem.l_discount"], "Sort Key": ["nation.n_name"], "Sort Method": "quicksort", "Sort Space Used": 381, "Sort Space Type": "Memory", "Plans": [{"Node Type": "Hash Join", "Parent Relationship": "Outer", "Parallel Aware": false, "Join Type": "Inner", "Startup Cost": 27785.82, "Total Cost": 125313.67, "Plan Rows": 106, "Plan Width": 41, "Actual Startup Time": 898.836, "Actual Total Time": 7340.988, "Actual Rows": 3648, "Actual Loops": 1, "Output": ["nation.n_name", "lineitem.l_extendedprice", "lineitem.l_discount"], "Inner Unique": false, "Hash Cond": "((lineitem.l_suppkey = supplier.s_suppkey) AND (customer.c_nationkey = supplier.s_nationkey))", "Plans": [{"Node Type": "Hash Join", "Parent Relationship": "Outer", "Parallel Aware": false, "Join Type": "Inner", "Startup Cost": 27549.82, "Total Cost": 125056.76, "Plan Rows": 2647, "Plan Width": 53, "Actual Startup Time": 876.943, "Actual Total Time": 7282.273, "Actual Rows": 92470, "Actual Loops": 1, "Output": ["customer.c_nationkey", "lineitem.l_extendedprice", "lineitem.l_discount", "lineitem.l_suppkey", "nation.n_name", "nation.n_nationkey"], "Inner Unique": false, "Hash Cond": "(lineitem.l_orderkey = orders.o_orderkey)", "Plans": [{"Node Type": "Seq Scan", "Parent Relationship": "Outer", "Parallel Aware": false, "Relation Name": "lineitem", "Schema": "public", "Alias": "lineitem", "Startup Cost": 0.0, "Total Cost": 86231.15, "Plan Rows": 2999815, "Plan Width": 20, "Actual Startup Time": 2.877, "Actual Total Time": 5502.085, "Actual Rows": 2999671, "Actual Loops": 1, "Output": ["lineitem.l_orderkey", "lineitem.l_partkey", "lineitem.l_suppkey", "lineitem.l_linenumber", "lineitem.l_quantity", "lineitem.l_extendedprice", "lineitem.l_discount", "lineitem.l_tax", "lineitem.l_returnflag", "lineitem.l_linestatus", "lineitem.l_shipdate", "lineitem.l_commitdate", "lineitem.l_receiptdate", "lineitem.l_shipinstruct", "lineitem.l_shipmode", "lineitem.l_comment"]}, {"Node Type": "Hash", "Parent Relationship": "Inner", "Parallel Aware": false, "Startup Cost": 27541.55, "Total Cost": 27541.55, "Plan Rows": 662, "Plan Width": 41, "Actual Startup Time": 873.817, "Actual Total Time": 874.361, "Actual Rows": 22974, "Actual Loops": 1, "Output": ["customer.c_nationkey", "orders.o_orderkey", "nation.n_name", "nation.n_nationkey"], "Hash Buckets": 32768, "Original Hash Buckets": 1024, "Hash Batches": 1, "Original Hash Batches": 1, "Peak Memory Usage": 1459, "Plans": [{"Node Type": "Hash Join", "Parent Relationship": "Outer", "Parallel Aware": false, "Join Type": "Inner", "Startup Cost": 2804.78, "Total Cost": 27541.55, "Plan Rows": 662, "Plan Width": 41, "Actual Startup Time": 230.93, "Actual Total Time": 866.321, "Actual Rows": 22974, "Actual Loops": 1, "Output": ["customer.c_nationkey", "orders.o_orderkey", "nation.n_name", "nation.n_nationkey"], "Inner Unique": false, "Hash Cond": "(orders.o_custkey = customer.c_custkey)", "Plans": [{"Node Type": "Seq Scan", "Parent Relationship": "Outer", "Parallel Aware": false, "Relation Name": "orders", "Schema": "public", "Alias": "orders", "Startup Cost": 0.0, "Total Cost": 24300.0, "Plan Rows": 114706, "Plan Width": 8, "Actual Startup Time": 0.303, "Actual Total Time": 594.237, "Actual Rows": 114174, "Actual Loops": 1, "Output": ["orders.o_orderkey", "orders.o_custkey", "orders.o_orderstatus", "orders.o_totalprice", "orders.o_orderdate", "orders.o_orderpriority", "orders.o_clerk", "orders.o_shippriority", "orders.o_comment"], "Filter": "((orders.o_orderdate >= '1996-01-10'::date) AND (orders.o_orderdate < '1997-01-10 00:00:00'::timestamp without time zone))", "Rows Removed by Filter": 635826}, {"Node Type": "Hash", "Parent Relationship": "Inner", "Parallel Aware": false, "Startup Cost": 2799.37, "Total Cost": 2799.37, "Plan Rows": 433, "Plan Width": 41, "Actual Startup Time": 230.616, "Actual Total Time": 231.138, "Actual Rows": 14993, "Actual Loops": 1, "Output": ["customer.c_custkey", "customer.c_nationkey", "nation.n_name", "nation.n_nationkey"], "Hash Buckets": 16384, "Original Hash Buckets": 1024, "Hash Batches": 1, "Original Hash Batches": 1, "Peak Memory Usage": 913, "Plans": [{"Node Type": "Hash Join", "Parent Relationship": "Outer", "Parallel Aware": false, "Join Type": "Inner", "Startup Cost": 38.01, "Total Cost": 2799.37, "Plan Rows": 433, "Plan Width": 41, "Actual Startup Time": 10.543, "Actual Total Time": 228.552, "Actual Rows": 14993, "Actual Loops": 1, "Output": ["customer.c_custkey", "customer.c_nationkey", "nation.n_name", "nation.n_nationkey"], "Inner Unique": true, "Hash Cond": "(nation.n_regionkey = region.r_regionkey)", "Plans": [{"Node Type": "Hash Join", "Parent Relationship": "Outer", "Parallel Aware": false, "Join Type": "Inner", "Startup Cost": 21.48, "Total Cost": 2762.99, "Plan Rows": 7500, "Plan Width": 45, "Actual Startup Time": 0.097, "Actual Total Time": 213.585, "Actual Rows": 75000, "Actual Loops": 1, "Output": ["customer.c_custkey", "customer.c_nationkey", "nation.n_name", "nation.n_nationkey", "nation.n_regionkey"], "Inner Unique": true, "Hash Cond": "(customer.c_nationkey = nation.n_nationkey)", "Plans": [{"Node Type": "Seq Scan", "Parent Relationship": "Outer", "Parallel Aware": false, "Relation Name": "customer", "Schema": "public", "Alias": "customer", "Startup Cost": 0.0, "Total Cost": 2543.0, "Plan Rows": 75000, "Plan Width": 8, "Actual Startup Time": 0.059, "Actual Total Time": 25.818, "Actual Rows": 75000, "Actual Loops": 1, "Output": ["customer.c_custkey", "customer.c_name", "customer.c_address", "customer.c_nationkey", "customer.c_phone", "customer.c_acctbal", "customer.c_mktsegment", "customer.c_comment"]}, {"Node Type": "Hash", "Parent Relationship": "Inner", "Parallel Aware": false, "Startup Cost": 15.1, "Total Cost": 15.1, "Plan Rows": 510, "Plan Width": 37, "Actual Startup Time": 0.02, "Actual Total Time": 0.03, "Actual Rows": 25, "Actual Loops": 1, "Output": ["nation.n_name", "nation.n_nationkey", "nation.n_regionkey"], "Hash Buckets": 1024, "Original Hash Buckets": 1024, "Hash Batches": 1, "Original Hash Batches": 1, "Peak Memory Usage": 10, "Plans": [{"Node Type": "Seq Scan", "Parent Relationship": "Outer", "Parallel Aware": false, "Relation Name": "nation", "Schema": "public", "Alias": "nation", "Startup Cost": 0.0, "Total Cost": 15.1, "Plan Rows": 510, "Plan Width": 37, "Actual Startup Time": 0.014, "Actual Total Time": 0.018, "Actual Rows": 25, "Actual Loops": 1, "Output": ["nation.n_name", "nation.n_nationkey", "nation.n_regionkey"]}]}]}, {"Node Type": "Hash", "Parent Relationship": "Inner", "Parallel Aware": false, "Startup Cost": 16.5, "Total Cost": 16.5, "Plan Rows": 3, "Plan Width": 4, "Actual Startup Time": 10.433, "Actual Total Time": 10.443, "Actual Rows": 1, "Actual Loops": 1, "Output": ["region.r_regionkey"], "Hash Buckets": 1024, "Original Hash Buckets": 1024, "Hash Batches": 1, "Original Hash Batches": 1, "Peak Memory Usage": 9, "Plans": [{"Node Type": "Seq Scan", "Parent Relationship": "Outer", "Parallel Aware": false, "Relation Name": "region", "Schema": "public", "Alias": "region", "Startup Cost": 0.0, "Total Cost": 16.5, "Plan Rows": 3, "Plan Width": 4, "Actual Startup Time": 10.42, "Actual Total Time": 10.423, "Actual Rows": 1, "Actual Loops": 1, "Output": ["region.r_regionkey"], "Filter": "((region.r_name)::text = 'EUROPE'::text)", "Rows Removed by Filter": 4}]}]}]}]}]}]}, {"Node Type": "Hash", "Parent Relationship": "Inner", "Parallel Aware": false, "Startup Cost": 161.0, "Total Cost": 161.0, "Plan Rows": 5000, "Plan Width": 8, "Actual Startup Time": 21.63, "Actual Total Time": 21.63, "Actual Rows": 5000, "Actual Loops": 1, "Output": ["supplier.s_suppkey", "supplier.s_nationkey"], "Hash Buckets": 8192, "Original Hash Buckets": 8192, "Hash Batches": 1, "Original Hash Batches": 1, "Peak Memory Usage": 260, "Plans": [{"Node Type": "Seq Scan", "Parent Relationship": "Outer", "Parallel Aware": false, "Relation Name": "supplier", "Schema": "public", "Alias": "supplier", "Startup Cost": 0.0, "Total Cost": 161.0, "Plan Rows": 5000, "Plan Width": 8, "Actual Startup Time": 0.009, "Actual Total Time": 21.111, "Actual Rows": 5000, "Actual Loops": 1, "Output": ["supplier.s_suppkey", "supplier.s_nationkey"]}]}]}]}]}]}, "Planning Time": 1.435, "Triggers": [], "Execution Time": 7360.698}]
q7#####[{"Plan": {"Node Type": "Aggregate", "Strategy": "Sorted", "Partial Mode": "Simple", "Parallel Aware": false, "Startup Cost": 26293.93, "Total Cost": 26294.25, "Plan Rows": 9, "Plan Width": 98, "Actual Startup Time": 850.15, "Actual Total Time": 850.569, "Actual Rows": 4, "Actual Loops": 1, "Output": ["n1.n_name", "n2.n_name", "(date_part('year'::text, (lineitem.l_shipdate)::timestamp without time zone))", "sum((lineitem.l_extendedprice * ('1'::numeric - lineitem.l_discount)))"], "Group Key": ["n1.n_name", "n2.n_name", "(date_part('year'::text, (lineitem.l_shipdate)::timestamp without time zone))"], "Plans": [{"Node Type": "Sort", "Parent Relationship": "Outer", "Parallel Aware": false, "Startup Cost": 26293.93, "Total Cost": 26293.95, "Plan Rows": 9, "Plan Width": 78, "Actual Startup Time": 849.993, "Actual Total Time": 850.113, "Actual Rows": 597, "Actual Loops": 1, "Output": ["n1.n_name", "n2.n_name", "(date_part('year'::text, (lineitem.l_shipdate)::timestamp without time zone))", "lineitem.l_extendedprice", "lineitem.l_discount"], "Sort Key": ["n1.n_name", "n2.n_name", "(date_part('year'::text, (lineitem.l_shipdate)::timestamp without time zone))"], "Sort Method": "quicksort", "Sort Space Used": 71, "Sort Space Type": "Memory", "Plans": [{"Node Type": "Hash Join", "Parent Relationship": "Outer", "Parallel Aware": false, "Join Type": "Inner", "Startup Cost": 5327.32, "Total Cost": 26293.79, "Plan Rows": 9, "Plan Width": 78, "Actual Startup Time": 455.792, "Actual Total Time": 849.322, "Actual Rows": 597, "Actual Loops": 1, "Output": ["n1.n_name", "n2.n_name", "date_part('year'::text, (lineitem.l_shipdate)::timestamp without time zone)", "lineitem.l_extendedprice", "lineitem.l_discount"], "Inner Unique": false, "Hash Cond": "(lineitem.l_suppkey = supplier.s_suppkey)", "Join Filter": "((((n1.n_name)::text = 'EGYPT'::text) AND ((n2.n_name)::text = 'ALGERIA'::text)) OR (((n1.n_name)::text = 'ALGERIA'::text) AND ((n2.n_name)::text = 'EGYPT'::text)))", "Rows Removed by Join Filter": 565, "Plans": [{"Node Type": "Hash Join", "Parent Relationship": "Outer", "Parallel Aware": false, "Join Type": "Inner", "Startup Cost": 5273.84, "Total Cost": 26233.09, "Plan Rows": 1815, "Plan Width": 49, "Actual Startup Time": 436.809, "Actual Total Time": 835.325, "Actual Rows": 14854, "Actual Loops": 1, "Output": ["lineitem.l_shipdate", "lineitem.l_extendedprice", "lineitem.l_discount", "lineitem.l_suppkey", "n2.n_name"], "Inner Unique": false, "Hash Cond": "(lineitem.l_orderkey = orders.o_orderkey)", "Plans": [{"Node Type": "Seq Scan", "Parent Relationship": "Outer", "Parallel Aware": false, "Relation Name": "lineitem", "Schema": "public", "Alias": "lineitem", "Startup Cost": 0.0, "Total Cost": 20247.0, "Plan Rows": 185095, "Plan Width": 24, "Actual Startup Time": 1.719, "Actual Total Time": 375.508, "Actual Rows": 182585, "Actual Loops": 1, "Output": ["lineitem.l_orderkey", "lineitem.l_partkey", "lineitem.l_suppkey", "lineitem.l_linenumber", "lineitem.l_quantity", "lineitem.l_extendedprice", "lineitem.l_discount", "lineitem.l_tax", "lineitem.l_returnflag", "lineitem.l_linestatus", "lineitem.l_shipdate", "lineitem.l_commitdate", "lineitem.l_receiptdate", "lineitem.l_shipinstruct", "lineitem.l_shipmode", "lineitem.l_comment"], "Filter": "((lineitem.l_shipdate >= '1995-01-01'::date) AND (lineitem.l_shipdate <= '1996-12-31'::date))", "Rows Removed by Filter": 417415}, {"Node Type": "Hash", "Parent Relationship": "Inner", "Parallel Aware": false, "Startup Cost": 5255.45, "Total Cost": 5255.45, "Plan Rows": 1471, "Plan Width": 33, "Actual Startup Time": 434.767, "Actual Total Time": 434.805, "Actual Rows": 12082, "Actual Loops": 1, "Output": ["orders.o_orderkey", "n2.n_name"], "Hash Buckets": 16384, "Original Hash Buckets": 2048, "Hash Batches": 1, "Original Hash Batches": 1, "Peak Memory Usage": 635, "Plans": [{"Node Type": "Hash Join", "Parent Relationship": "Outer", "Parallel Aware": false, "Join Type": "Inner", "Startup Cost": 568.25, "Total Cost": 5255.45, "Plan Rows": 1471, "Plan Width": 33, "Actual Startup Time": 78.638, "Actual Total Time": 430.434, "Actual Rows": 12082, "Actual Loops": 1, "Output": ["orders.o_orderkey", "n2.n_name"], "Inner Unique": false, "Hash Cond": "(orders.o_custkey = customer.c_custkey)", "Plans": [{"Node Type": "Seq Scan", "Parent Relationship": "Outer", "Parallel Aware": false, "Relation Name": "orders", "Schema": "public", "Alias": "orders", "Startup Cost": 0.0, "Total Cost": 4110.0, "Plan Rows": 150000, "Plan Width": 8, "Actual Startup Time": 0.484, "Actual Total Time": 337.355, "Actual Rows": 150000, "Actual Loops": 1, "Output": ["orders.o_orderkey", "orders.o_custkey", "orders.o_orderstatus", "orders.o_totalprice", "orders.o_orderdate", "orders.o_orderpriority", "orders.o_clerk", "orders.o_shippriority", "orders.o_comment"]}, {"Node Type": "Hash", "Parent Relationship": "Inner", "Parallel Aware": false, "Startup Cost": 566.41, "Total Cost": 566.41, "Plan Rows": 147, "Plan Width": 33, "Actual Startup Time": 77.655, "Actual Total Time": 77.676, "Actual Rows": 1226, "Actual Loops": 1, "Output": ["customer.c_custkey", "n2.n_name"], "Hash Buckets": 2048, "Original Hash Buckets": 1024, "Hash Batches": 1, "Original Hash Batches": 1, "Peak Memory Usage": 68, "Plans": [{"Node Type": "Hash Join", "Parent Relationship": "Outer", "Parallel Aware": false, "Join Type": "Inner", "Startup Cost": 17.71, "Total Cost": 566.41, "Plan Rows": 147, "Plan Width": 33, "Actual Startup Time": 0.222, "Actual Total Time": 77.035, "Actual Rows": 1226, "Actual Loops": 1, "Output": ["customer.c_custkey", "n2.n_name"], "Inner Unique": true, "Hash Cond": "(customer.c_nationkey = n2.n_nationkey)", "Plans": [{"Node Type": "Seq Scan", "Parent Relationship": "Outer", "Parallel Aware": false, "Relation Name": "customer", "Schema": "public", "Alias": "customer", "Startup Cost": 0.0, "Total Cost": 509.0, "Plan Rows": 15000, "Plan Width": 8, "Actual Startup Time": 0.003, "Actual Total Time": 74.34, "Actual Rows": 15000, "Actual Loops": 1, "Output": ["customer.c_custkey", "customer.c_name", "customer.c_address", "customer.c_nationkey", "customer.c_phone", "customer.c_acctbal", "customer.c_mktsegment", "customer.c_comment"]}, {"Node Type": "Hash", "Parent Relationship": "Inner", "Parallel Aware": false, "Startup Cost": 17.65, "Total Cost": 17.65, "Plan Rows": 5, "Plan Width": 33, "Actual Startup Time": 0.022, "Actual Total Time": 0.026, "Actual Rows": 2, "Actual Loops": 1, "Output": ["n2.n_name", "n2.n_nationkey"], "Hash Buckets": 1024, "Original Hash Buckets": 1024, "Hash Batches": 1, "Original Hash Batches": 1, "Peak Memory Usage": 9, "Plans": [{"Node Type": "Seq Scan", "Parent Relationship": "Outer", "Parallel Aware": false, "Relation Name": "nation", "Schema": "public", "Alias": "n2", "Startup Cost": 0.0, "Total Cost": 17.65, "Plan Rows": 5, "Plan Width": 33, "Actual Startup Time": 0.004, "Actual Total Time": 0.006, "Actual Rows": 2, "Actual Loops": 1, "Output": ["n2.n_name", "n2.n_nationkey"], "Filter": "(((n2.n_name)::text = 'ALGERIA'::text) OR ((n2.n_name)::text = 'EGYPT'::text))", "Rows Removed by Filter": 23}]}]}]}]}]}]}, {"Node Type": "Hash", "Parent Relationship": "Inner", "Parallel Aware": false, "Startup Cost": 53.36, "Total Cost": 53.36, "Plan Rows": 10, "Plan Width": 33, "Actual Startup Time": 11.701, "Actual Total Time": 11.71, "Actual Rows": 76, "Actual Loops": 1, "Output": ["supplier.s_suppkey", "n1.n_name"], "Hash Buckets": 1024, "Original Hash Buckets": 1024, "Hash Batches": 1, "Original Hash Batches": 1, "Peak Memory Usage": 12, "Plans": [{"Node Type": "Hash Join", "Parent Relationship": "Outer", "Parallel Aware": false, "Join Type": "Inner", "Startup Cost": 17.71, "Total Cost": 53.36, "Plan Rows": 10, "Plan Width": 33, "Actual Startup Time": 3.65, "Actual Total Time": 11.628, "Actual Rows": 76, "Actual Loops": 1, "Output": ["supplier.s_suppkey", "n1.n_name"], "Inner Unique": true, "Hash Cond": "(supplier.s_nationkey = n1.n_nationkey)", "Plans": [{"Node Type": "Seq Scan", "Parent Relationship": "Outer", "Parallel Aware": false, "Relation Name": "supplier", "Schema": "public", "Alias": "supplier", "Startup Cost": 0.0, "Total Cost": 33.0, "Plan Rows": 1000, "Plan Width": 8, "Actual Startup Time": 1.273, "Actual Total Time": 9.062, "Actual Rows": 1000, "Actual Loops": 1, "Output": ["supplier.s_suppkey", "supplier.s_name", "supplier.s_address", "supplier.s_nationkey", "supplier.s_phone", "supplier.s_acctbal", "supplier.s_comment"]}, {"Node Type": "Hash", "Parent Relationship": "Inner", "Parallel Aware": false, "Startup Cost": 17.65, "Total Cost": 17.65, "Plan Rows": 5, "Plan Width": 33, "Actual Startup Time": 2.361, "Actual Total Time": 2.365, "Actual Rows": 2, "Actual Loops": 1, "Output": ["n1.n_name", "n1.n_nationkey"], "Hash Buckets": 1024, "Original Hash Buckets": 1024, "Hash Batches": 1, "Original Hash Batches": 1, "Peak Memory Usage": 9, "Plans": [{"Node Type": "Seq Scan", "Parent Relationship": "Outer", "Parallel Aware": false, "Relation Name": "nation", "Schema": "public", "Alias": "n1", "Startup Cost": 0.0, "Total Cost": 17.65, "Plan Rows": 5, "Plan Width": 33, "Actual Startup Time": 2.356, "Actual Total Time": 2.358, "Actual Rows": 2, "Actual Loops": 1, "Output": ["n1.n_name", "n1.n_nationkey"], "Filter": "(((n1.n_name)::text = 'EGYPT'::text) OR ((n1.n_name)::text = 'ALGERIA'::text))", "Rows Removed by Filter": 23}]}]}]}]}]}]}, "Planning Time": 0.674, "Triggers": [], "Execution Time": 850.717}]
q8#####[{"Plan": {"Node Type": "Sort", "Parallel Aware": false, "Startup Cost": 125303.41, "Total Cost": 125303.66, "Plan Rows": 102, "Plan Width": 61, "Actual Startup Time": 3059.294, "Actual Total Time": 3059.586, "Actual Rows": 5, "Actual Loops": 1, "Output": ["nation.n_name", "(sum((lineitem.l_extendedprice * ('1'::numeric - lineitem.l_discount))))"], "Sort Key": ["(sum((lineitem.l_extendedprice * ('1'::numeric - lineitem.l_discount)))) DESC"], "Sort Method": "quicksort", "Sort Space Used": 25, "Sort Space Type": "Memory", "Plans": [{"Node Type": "Aggregate", "Strategy": "Sorted", "Partial Mode": "Simple", "Parent Relationship": "Outer", "Parallel Aware": false, "Startup Cost": 125297.45, "Total Cost": 125300.0, "Plan Rows": 102, "Plan Width": 61, "Actual Startup Time": 3058.305, "Actual Total Time": 3059.36, "Actual Rows": 5, "Actual Loops": 1, "Output": ["nation.n_name", "sum((lineitem.l_extendedprice * ('1'::numeric - lineitem.l_discount)))"], "Group Key": ["nation.n_name"], "Plans": [{"Node Type": "Sort", "Parent Relationship": "Outer", "Parallel Aware": false, "Startup Cost": 125297.45, "Total Cost": 125297.71, "Plan Rows": 102, "Plan Width": 41, "Actual Startup Time": 3057.932, "Actual Total Time": 3058.496, "Actual Rows": 3717, "Actual Loops": 1, "Output": ["nation.n_name", "lineitem.l_extendedprice", "lineitem.l_discount"], "Sort Key": ["nation.n_name"], "Sort Method": "quicksort", "Sort Space Used": 385, "Sort Space Type": "Memory", "Plans": [{"Node Type": "Hash Join", "Parent Relationship": "Outer", "Parallel Aware": false, "Join Type": "Inner", "Startup Cost": 27768.11, "Total Cost": 125294.05, "Plan Rows": 102, "Plan Width": 41, "Actual Startup Time": 317.464, "Actual Total Time": 3046.568, "Actual Rows": 3717, "Actual Loops": 1, "Output": ["nation.n_name", "lineitem.l_extendedprice", "lineitem.l_discount"], "Inner Unique": false, "Hash Cond": "((lineitem.l_suppkey = supplier.s_suppkey) AND (customer.c_nationkey = supplier.s_nationkey))", "Plans": [{"Node Type": "Hash Join", "Parent Relationship": "Outer", "Parallel Aware": false, "Join Type": "Inner", "Startup Cost": 27532.11, "Total Cost": 125037.96, "Plan Rows": 2542, "Plan Width": 53, "Actual Startup Time": 308.169, "Actual Total Time": 2996.863, "Actual Rows": 91992, "Actual Loops": 1, "Output": ["customer.c_nationkey", "lineitem.l_extendedprice", "lineitem.l_discount", "lineitem.l_suppkey", "nation.n_name", "nation.n_nationkey"], "Inner Unique": false, "Hash Cond": "(lineitem.l_orderkey = orders.o_orderkey)", "Plans": [{"Node Type": "Seq Scan", "Parent Relationship": "Outer", "Parallel Aware": false, "Relation Name": "lineitem", "Schema": "public", "Alias": "lineitem", "Startup Cost": 0.0, "Total Cost": 86231.15, "Plan Rows": 2999815, "Plan Width": 20, "Actual Startup Time": 0.034, "Actual Total Time": 2190.55, "Actual Rows": 2999671, "Actual Loops": 1, "Output": ["lineitem.l_orderkey", "lineitem.l_partkey", "lineitem.l_suppkey", "lineitem.l_linenumber", "lineitem.l_quantity", "lineitem.l_extendedprice", "lineitem.l_discount", "lineitem.l_tax", "lineitem.l_returnflag", "lineitem.l_linestatus", "lineitem.l_shipdate", "lineitem.l_commitdate", "lineitem.l_receiptdate", "lineitem.l_shipinstruct", "lineitem.l_shipmode", "lineitem.l_comment"]}, {"Node Type": "Hash", "Parent Relationship": "Inner", "Parallel Aware": false, "Startup Cost": 27524.17, "Total Cost": 27524.17, "Plan Rows": 635, "Plan Width": 41, "Actual Startup Time": 306.054, "Actual Total Time": 306.326, "Actual Rows": 22993, "Actual Loops": 1, "Output": ["customer.c_nationkey", "orders.o_orderkey", "nation.n_name", "nation.n_nationkey"], "Hash Buckets": 32768, "Original Hash Buckets": 1024, "Hash Batches": 1, "Original Hash Batches": 1, "Peak Memory Usage": 1442, "Plans": [{"Node Type": "Hash Join", "Parent Relationship": "Outer", "Parallel Aware": false, "Join Type": "Inner", "Startup Cost": 2804.78, "Total Cost": 27524.17, "Plan Rows": 635, "Plan Width": 41, "Actual Startup Time": 65.989, "Actual Total Time": 284.248, "Actual Rows": 22993, "Actual Loops": 1, "Output": ["customer.c_nationkey", "orders.o_orderkey", "nation.n_name", "nation.n_nationkey"], "Inner Unique": false, "Hash Cond": "(orders.o_custkey = customer.c_custkey)", "Plans": [{"Node Type": "Seq Scan", "Parent Relationship": "Outer", "Parallel Aware": false, "Relation Name": "orders", "Schema": "public", "Alias": "orders", "Startup Cost": 0.0, "Total Cost": 24300.0, "Plan Rows": 110142, "Plan Width": 8, "Actual Startup Time": 0.032, "Actual Total Time": 186.612, "Actual Rows": 114234, "Actual Loops": 1, "Output": ["orders.o_orderkey", "orders.o_custkey", "orders.o_orderstatus", "orders.o_totalprice", "orders.o_orderdate", "orders.o_orderpriority", "orders.o_clerk", "orders.o_shippriority", "orders.o_comment"], "Filter": "((orders.o_orderdate >= '1995-01-01'::date) AND (orders.o_orderdate < '1996-01-01 00:00:00'::timestamp without time zone))", "Rows Removed by Filter": 635766}, {"Node Type": "Hash", "Parent Relationship": "Inner", "Parallel Aware": false, "Startup Cost": 2799.37, "Total Cost": 2799.37, "Plan Rows": 433, "Plan Width": 41, "Actual Startup Time": 65.938, "Actual Total Time": 66.183, "Actual Rows": 15053, "Actual Loops": 1, "Output": ["customer.c_custkey", "customer.c_nationkey", "nation.n_name", "nation.n_nationkey"], "Hash Buckets": 16384, "Original Hash Buckets": 1024, "Hash Batches": 1, "Original Hash Batches": 1, "Peak Memory Usage": 905, "Plans": [{"Node Type": "Hash Join", "Parent Relationship": "Outer", "Parallel Aware": false, "Join Type": "Inner", "Startup Cost": 38.01, "Total Cost": 2799.37, "Plan Rows": 433, "Plan Width": 41, "Actual Startup Time": 0.105, "Actual Total Time": 62.633, "Actual Rows": 15053, "Actual Loops": 1, "Output": ["customer.c_custkey", "customer.c_nationkey", "nation.n_name", "nation.n_nationkey"], "Inner Unique": true, "Hash Cond": "(nation.n_regionkey = region.r_regionkey)", "Plans": [{"Node Type": "Hash Join", "Parent Relationship": "Outer", "Parallel Aware": false, "Join Type": "Inner", "Startup Cost": 21.48, "Total Cost": 2762.99, "Plan Rows": 7500, "Plan Width": 45, "Actual Startup Time": 0.046, "Actual Total Time": 51.904, "Actual Rows": 75000, "Actual Loops": 1, "Output": ["customer.c_custkey", "customer.c_nationkey", "nation.n_name", "nation.n_nationkey", "nation.n_regionkey"], "Inner Unique": true, "Hash Cond": "(customer.c_nationkey = nation.n_nationkey)", "Plans": [{"Node Type": "Seq Scan", "Parent Relationship": "Outer", "Parallel Aware": false, "Relation Name": "customer", "Schema": "public", "Alias": "customer", "Startup Cost": 0.0, "Total Cost": 2543.0, "Plan Rows": 75000, "Plan Width": 8, "Actual Startup Time": 0.012, "Actual Total Time": 7.581, "Actual Rows": 75000, "Actual Loops": 1, "Output": ["customer.c_custkey", "customer.c_name", "customer.c_address", "customer.c_nationkey", "customer.c_phone", "customer.c_acctbal", "customer.c_mktsegment", "customer.c_comment"]}, {"Node Type": "Hash", "Parent Relationship": "Inner", "Parallel Aware": false, "Startup Cost": 15.1, "Total Cost": 15.1, "Plan Rows": 510, "Plan Width": 37, "Actual Startup Time": 0.015, "Actual Total Time": 0.031, "Actual Rows": 25, "Actual Loops": 1, "Output": ["nation.n_name", "nation.n_nationkey", "nation.n_regionkey"], "Hash Buckets": 1024, "Original Hash Buckets": 1024, "Hash Batches": 1, "Original Hash Batches": 1, "Peak Memory Usage": 10, "Plans": [{"Node Type": "Seq Scan", "Parent Relationship": "Outer", "Parallel Aware": false, "Relation Name": "nation", "Schema": "public", "Alias": "nation", "Startup Cost": 0.0, "Total Cost": 15.1, "Plan Rows": 510, "Plan Width": 37, "Actual Startup Time": 0.006, "Actual Total Time": 0.012, "Actual Rows": 25, "Actual Loops": 1, "Output": ["nation.n_name", "nation.n_nationkey", "nation.n_regionkey"]}]}]}, {"Node Type": "Hash", "Parent Relationship": "Inner", "Parallel Aware": false, "Startup Cost": 16.5, "Total Cost": 16.5, "Plan Rows": 3, "Plan Width": 4, "Actual Startup Time": 0.032, "Actual Total Time": 0.048, "Actual Rows": 1, "Actual Loops": 1, "Output": ["region.r_regionkey"], "Hash Buckets": 1024, "Original Hash Buckets": 1024, "Hash Batches": 1, "Original Hash Batches": 1, "Peak Memory Usage": 9, "Plans": [{"Node Type": "Seq Scan", "Parent Relationship": "Outer", "Parallel Aware": false, "Relation Name": "region", "Schema": "public", "Alias": "region", "Startup Cost": 0.0, "Total Cost": 16.5, "Plan Rows": 3, "Plan Width": 4, "Actual Startup Time": 0.028, "Actual Total Time": 0.033, "Actual Rows": 1, "Actual Loops": 1, "Output": ["region.r_regionkey"], "Filter": "((region.r_name)::text = 'ASIA'::text)", "Rows Removed by Filter": 4}]}]}]}]}]}]}, {"Node Type": "Hash", "Parent Relationship": "Inner", "Parallel Aware": false, "Startup Cost": 161.0, "Total Cost": 161.0, "Plan Rows": 5000, "Plan Width": 8, "Actual Startup Time": 7.7, "Actual Total Time": 7.701, "Actual Rows": 5000, "Actual Loops": 1, "Output": ["supplier.s_suppkey", "supplier.s_nationkey"], "Hash Buckets": 8192, "Original Hash Buckets": 8192, "Hash Batches": 1, "Original Hash Batches": 1, "Peak Memory Usage": 260, "Plans": [{"Node Type": "Seq Scan", "Parent Relationship": "Outer", "Parallel Aware": false, "Relation Name": "supplier", "Schema": "public", "Alias": "supplier", "Startup Cost": 0.0, "Total Cost": 161.0, "Plan Rows": 5000, "Plan Width": 8, "Actual Startup Time": 0.011, "Actual Total Time": 6.787, "Actual Rows": 5000, "Actual Loops": 1, "Output": ["supplier.s_suppkey", "supplier.s_nationkey"]}]}]}]}]}]}, "Planning Time": 1.445, "Triggers": [], "Execution Time": 3060.187}]
q9#####[{"Plan": {"Node Type": "Aggregate", "Strategy": "Sorted", "Partial Mode": "Simple", "Parallel Aware": false, "Startup Cost": 129376.78, "Total Cost": 129378.58, "Plan Rows": 40, "Plan Width": 40, "Actual Startup Time": 2194.705, "Actual Total Time": 2195.138, "Actual Rows": 2, "Actual Loops": 1, "Output": ["(date_part('year'::text, (orders.o_orderdate)::timestamp without time zone))", "(sum(CASE WHEN ((n2.n_name)::text = 'MOZAMBIQUE'::text) THEN (lineitem.l_extendedprice * ('1'::numeric - lineitem.l_discount)) ELSE '0'::numeric END) / sum((lineitem.l_extendedprice * ('1'::numeric - lineitem.l_discount))))"], "Group Key": ["(date_part('year'::text, (orders.o_orderdate)::timestamp without time zone))"], "Plans": [{"Node Type": "Sort", "Parent Relationship": "Outer", "Parallel Aware": false, "Startup Cost": 129376.78, "Total Cost": 129376.88, "Plan Rows": 40, "Plan Width": 49, "Actual Startup Time": 2194.167, "Actual Total Time": 2194.411, "Actual Rows": 1297, "Actual Loops": 1, "Output": ["(date_part('year'::text, (orders.o_orderdate)::timestamp without time zone))", "n2.n_name", "lineitem.l_extendedprice", "lineitem.l_discount"], "Sort Key": ["(date_part('year'::text, (orders.o_orderdate)::timestamp without time zone))"], "Sort Method": "quicksort", "Sort Space Used": 150, "Sort Space Type": "Memory", "Plans": [{"Node Type": "Nested Loop", "Parent Relationship": "Outer", "Parallel Aware": false, "Join Type": "Inner", "Startup Cost": 31572.55, "Total Cost": 129375.72, "Plan Rows": 40, "Plan Width": 49, "Actual Startup Time": 770.91, "Actual Total Time": 2192.759, "Actual Rows": 1297, "Actual Loops": 1, "Output": ["date_part('year'::text, (orders.o_orderdate)::timestamp without time zone)", "n2.n_name", "lineitem.l_extendedprice", "lineitem.l_discount"], "Inner Unique": true, "Plans": [{"Node Type": "Hash Join", "Parent Relationship": "Outer", "Parallel Aware": false, "Join Type": "Inner", "Startup Cost": 31572.4, "Total Cost": 129368.53, "Plan Rows": 40, "Plan Width": 20, "Actual Startup Time": 770.782, "Actual Total Time": 2184.702, "Actual Rows": 1297, "Actual Loops": 1, "Output": ["lineitem.l_extendedprice", "lineitem.l_discount", "supplier.s_nationkey", "orders.o_orderdate"], "Inner Unique": false, "Hash Cond": "(lineitem.l_suppkey = supplier.s_suppkey)", "Plans": [{"Node Type": "Hash Join", "Parent Relationship": "Outer", "Parallel Aware": false, "Join Type": "Inner", "Startup Cost": 31348.9, "Total Cost": 129144.48, "Plan Rows": 40, "Plan Width": 20, "Actual Startup Time": 769.191, "Actual Total Time": 2181.458, "Actual Rows": 1297, "Actual Loops": 1, "Output": ["lineitem.l_extendedprice", "lineitem.l_discount", "lineitem.l_suppkey", "orders.o_orderdate"], "Inner Unique": false, "Hash Cond": "(lineitem.l_orderkey = orders.o_orderkey)", "Plans": [{"Node Type": "Hash Join", "Parent Relationship": "Outer", "Parallel Aware": false, "Join Type": "Inner", "Startup Cost": 3307.54, "Total Cost": 101016.88, "Plan Rows": 22889, "Plan Width": 20, "Actual Startup Time": 418.785, "Actual Total Time": 1813.032, "Actual Rows": 21434, "Actual Loops": 1, "Output": ["lineitem.l_extendedprice", "lineitem.l_discount", "lineitem.l_suppkey", "lineitem.l_orderkey"], "Inner Unique": false, "Hash Cond": "(lineitem.l_partkey = part.p_partkey)", "Plans": [{"Node Type": "Seq Scan", "Parent Relationship": "Outer", "Parallel Aware": false, "Relation Name": "lineitem", "Schema": "public", "Alias": "lineitem", "Startup Cost": 0.0, "Total Cost": 86231.15, "Plan Rows": 2999815, "Plan Width": 24, "Actual Startup Time": 0.009, "Actual Total Time": 1020.548, "Actual Rows": 2999671, "Actual Loops": 1, "Output": ["lineitem.l_orderkey", "lineitem.l_partkey", "lineitem.l_suppkey", "lineitem.l_linenumber", "lineitem.l_quantity", "lineitem.l_extendedprice", "lineitem.l_discount", "lineitem.l_tax", "lineitem.l_returnflag", "lineitem.l_linestatus", "lineitem.l_shipdate", "lineitem.l_commitdate", "lineitem.l_receiptdate", "lineitem.l_shipinstruct", "lineitem.l_shipmode", "lineitem.l_comment"]}, {"Node Type": "Hash", "Parent Relationship": "Inner", "Parallel Aware": false, "Startup Cost": 3298.0, "Total Cost": 3298.0, "Plan Rows": 763, "Plan Width": 4, "Actual Startup Time": 418.722, "Actual Total Time": 418.726, "Actual Rows": 721, "Actual Loops": 1, "Output": ["part.p_partkey"], "Hash Buckets": 1024, "Original Hash Buckets": 1024, "Hash Batches": 1, "Original Hash Batches": 1, "Peak Memory Usage": 34, "Plans": [{"Node Type": "Seq Scan", "Parent Relationship": "Outer", "Parallel Aware": false, "Relation Name": "part", "Schema": "public", "Alias": "part", "Startup Cost": 0.0, "Total Cost": 3298.0, "Plan Rows": 763, "Plan Width": 4, "Actual Startup Time": 0.01, "Actual Total Time": 417.736, "Actual Rows": 721, "Actual Loops": 1, "Output": ["part.p_partkey"], "Filter": "((part.p_type)::text = 'SMALL BRUSHED TIN'::text)", "Rows Removed by Filter": 99279}]}]}, {"Node Type": "Hash", "Parent Relationship": "Inner", "Parallel Aware": false, "Startup Cost": 28025.12, "Total Cost": 28025.12, "Plan Rows": 1300, "Plan Width": 8, "Actual Startup Time": 347.839, "Actual Total Time": 347.903, "Actual Rows": 45528, "Actual Loops": 1, "Output": ["orders.o_orderdate", "orders.o_orderkey"], "Hash Buckets": 65536, "Original Hash Buckets": 2048, "Hash Batches": 1, "Original Hash Batches": 1, "Peak Memory Usage": 2291, "Plans": [{"Node Type": "Hash Join", "Parent Relationship": "Outer", "Parallel Aware": false, "Join Type": "Inner", "Startup Cost": 2867.1, "Total Cost": 28025.12, "Plan Rows": 1300, "Plan Width": 8, "Actual Startup Time": 31.083, "Actual Total Time": 316.865, "Actual Rows": 45528, "Actual Loops": 1, "Output": ["orders.o_orderdate", "orders.o_orderkey"], "Inner Unique": false, "Hash Cond": "(orders.o_custkey = customer.c_custkey)", "Plans": [{"Node Type": "Seq Scan", "Parent Relationship": "Outer", "Parallel Aware": false, "Relation Name": "orders", "Schema": "public", "Alias": "orders", "Startup Cost": 0.0, "Total Cost": 24300.0, "Plan Rows": 225336, "Plan Width": 12, "Actual Startup Time": 0.041, "Actual Total Time": 232.761, "Actual Rows": 228641, "Actual Loops": 1, "Output": ["orders.o_orderkey", "orders.o_custkey", "orders.o_orderstatus", "orders.o_totalprice", "orders.o_orderdate", "orders.o_orderpriority", "orders.o_clerk", "orders.o_shippriority", "orders.o_comment"], "Filter": "((orders.o_orderdate >= '1995-01-01'::date) AND (orders.o_orderdate <= '1996-12-31'::date))", "Rows Removed by Filter": 521359}, {"Node Type": "Hash", "Parent Relationship": "Inner", "Parallel Aware": false, "Startup Cost": 2861.68, "Total Cost": 2861.68, "Plan Rows": 433, "Plan Width": 4, "Actual Startup Time": 30.95, "Actual Total Time": 30.99, "Actual Rows": 14960, "Actual Loops": 1, "Output": ["customer.c_custkey"], "Hash Buckets": 16384, "Original Hash Buckets": 1024, "Hash Batches": 1, "Original Hash Batches": 1, "Peak Memory Usage": 654, "Plans": [{"Node Type": "Hash Join", "Parent Relationship": "Outer", "Parallel Aware": false, "Join Type": "Inner", "Startup Cost": 33.02, "Total Cost": 2861.68, "Plan Rows": 433, "Plan Width": 4, "Actual Startup Time": 0.219, "Actual Total Time": 27.405, "Actual Rows": 14960, "Actual Loops": 1, "Output": ["customer.c_custkey"], "Inner Unique": false, "Hash Cond": "(customer.c_nationkey = n1.n_nationkey)", "Plans": [{"Node Type": "Seq Scan", "Parent Relationship": "Outer", "Parallel Aware": false, "Relation Name": "customer", "Schema": "public", "Alias": "customer", "Startup Cost": 0.0, "Total Cost": 2543.0, "Plan Rows": 75000, "Plan Width": 8, "Actual Startup Time": 0.019, "Actual Total Time": 12.791, "Actual Rows": 75000, "Actual Loops": 1, "Output": ["customer.c_custkey", "customer.c_name", "customer.c_address", "customer.c_nationkey", "customer.c_phone", "customer.c_acctbal", "customer.c_mktsegment", "customer.c_comment"]}, {"Node Type": "Hash", "Parent Relationship": "Inner", "Parallel Aware": false, "Startup Cost": 32.99, "Total Cost": 32.99, "Plan Rows": 3, "Plan Width": 4, "Actual Startup Time": 0.157, "Actual Total Time": 0.186, "Actual Rows": 5, "Actual Loops": 1, "Output": ["n1.n_nationkey"], "Hash Buckets": 1024, "Original Hash Buckets": 1024, "Hash Batches": 1, "Original Hash Batches": 1, "Peak Memory Usage": 9, "Plans": [{"Node Type": "Hash Join", "Parent Relationship": "Outer", "Parallel Aware": false, "Join Type": "Inner", "Startup Cost": 16.54, "Total Cost": 32.99, "Plan Rows": 3, "Plan Width": 4, "Actual Startup Time": 0.142, "Actual Total Time": 0.164, "Actual Rows": 5, "Actual Loops": 1, "Output": ["n1.n_nationkey"], "Inner Unique": true, "Hash Cond": "(n1.n_regionkey = region.r_regionkey)", "Plans": [{"Node Type": "Seq Scan", "Parent Relationship": "Outer", "Parallel Aware": false, "Relation Name": "nation", "Schema": "public", "Alias": "n1", "Startup Cost": 0.0, "Total Cost": 15.1, "Plan Rows": 510, "Plan Width": 8, "Actual Startup Time": 0.012, "Actual Total Time": 0.014, "Actual Rows": 25, "Actual Loops": 1, "Output": ["n1.n_nationkey", "n1.n_name", "n1.n_regionkey", "n1.n_comment"]}, {"Node Type": "Hash", "Parent Relationship": "Inner", "Parallel Aware": false, "Startup Cost": 16.5, "Total Cost": 16.5, "Plan Rows": 3, "Plan Width": 4, "Actual Startup Time": 0.042, "Actual Total Time": 0.052, "Actual Rows": 1, "Actual Loops": 1, "Output": ["region.r_regionkey"], "Hash Buckets": 1024, "Original Hash Buckets": 1024, "Hash Batches": 1, "Original Hash Batches": 1, "Peak Memory Usage": 9, "Plans": [{"Node Type": "Seq Scan", "Parent Relationship": "Outer", "Parallel Aware": false, "Relation Name": "region", "Schema": "public", "Alias": "region", "Startup Cost": 0.0, "Total Cost": 16.5, "Plan Rows": 3, "Plan Width": 4, "Actual Startup Time": 0.031, "Actual Total Time": 0.035, "Actual Rows": 1, "Actual Loops": 1, "Output": ["region.r_regionkey"], "Filter": "((region.r_name)::text = 'AFRICA'::text)", "Rows Removed by Filter": 4}]}]}]}]}]}]}]}]}, {"Node Type": "Hash", "Parent Relationship": "Inner", "Parallel Aware": false, "Startup Cost": 161.0, "Total Cost": 161.0, "Plan Rows": 5000, "Plan Width": 8, "Actual Startup Time": 1.555, "Actual Total Time": 1.556, "Actual Rows": 5000, "Actual Loops": 1, "Output": ["supplier.s_suppkey", "supplier.s_nationkey"], "Hash Buckets": 8192, "Original Hash Buckets": 8192, "Hash Batches": 1, "Original Hash Batches": 1, "Peak Memory Usage": 260, "Plans": [{"Node Type": "Seq Scan", "Parent Relationship": "Outer", "Parallel Aware": false, "Relation Name": "supplier", "Schema": "public", "Alias": "supplier", "Startup Cost": 0.0, "Total Cost": 161.0, "Plan Rows": 5000, "Plan Width": 8, "Actual Startup Time": 0.004, "Actual Total Time": 0.847, "Actual Rows": 5000, "Actual Loops": 1, "Output": ["supplier.s_suppkey", "supplier.s_nationkey"]}]}]}, {"Node Type": "Index Scan", "Parent Relationship": "Inner", "Parallel Aware": false, "Scan Direction": "Forward", "Index Name": "nation_pkey", "Relation Name": "nation", "Schema": "public", "Alias": "n2", "Startup Cost": 0.15, "Total Cost": 0.17, "Plan Rows": 1, "Plan Width": 33, "Actual Startup Time": 0.004, "Actual Total Time": 0.004, "Actual Rows": 1, "Actual Loops": 1297, "Output": ["n2.n_nationkey", "n2.n_name", "n2.n_regionkey", "n2.n_comment"], "Index Cond": "(n2.n_nationkey = supplier.s_nationkey)", "Rows Removed by Index Recheck": 0}]}]}]}, "Planning Time": 1.384, "Triggers": [], "Execution Time": 2196.154}]
q10#####[{"Plan": {"Node Type": "Aggregate", "Strategy": "Sorted", "Partial Mode": "Simple", "Parallel Aware": false, "Startup Cost": 26293.93, "Total Cost": 26294.25, "Plan Rows": 9, "Plan Width": 98, "Actual Startup Time": 850.314, "Actual Total Time": 850.745, "Actual Rows": 4, "Actual Loops": 1, "Output": ["n1.n_name", "n2.n_name", "(date_part('year'::text, (lineitem.l_shipdate)::timestamp without time zone))", "sum((lineitem.l_extendedprice * ('1'::numeric - lineitem.l_discount)))"], "Group Key": ["n1.n_name", "n2.n_name", "(date_part('year'::text, (lineitem.l_shipdate)::timestamp without time zone))"], "Plans": [{"Node Type": "Sort", "Parent Relationship": "Outer", "Parallel Aware": false, "Startup Cost": 26293.93, "Total Cost": 26293.95, "Plan Rows": 9, "Plan Width": 78, "Actual Startup Time": 850.163, "Actual Total Time": 850.289, "Actual Rows": 658, "Actual Loops": 1, "Output": ["n1.n_name", "n2.n_name", "(date_part('year'::text, (lineitem.l_shipdate)::timestamp without time zone))", "lineitem.l_extendedprice", "lineitem.l_discount"], "Sort Key": ["n1.n_name", "n2.n_name", "(date_part('year'::text, (lineitem.l_shipdate)::timestamp without time zone))"], "Sort Method": "quicksort", "Sort Space Used": 76, "Sort Space Type": "Memory", "Plans": [{"Node Type": "Hash Join", "Parent Relationship": "Outer", "Parallel Aware": false, "Join Type": "Inner", "Startup Cost": 5327.32, "Total Cost": 26293.79, "Plan Rows": 9, "Plan Width": 78, "Actual Startup Time": 450.514, "Actual Total Time": 849.131, "Actual Rows": 658, "Actual Loops": 1, "Output": ["n1.n_name", "n2.n_name", "date_part('year'::text, (lineitem.l_shipdate)::timestamp without time zone)", "lineitem.l_extendedprice", "lineitem.l_discount"], "Inner Unique": false, "Hash Cond": "(lineitem.l_suppkey = supplier.s_suppkey)", "Join Filter": "((((n1.n_name)::text = 'BRAZIL'::text) AND ((n2.n_name)::text = 'CANADA'::text)) OR (((n1.n_name)::text = 'CANADA'::text) AND ((n2.n_name)::text = 'BRAZIL'::text)))", "Rows Removed by Join Filter": 581, "Plans": [{"Node Type": "Hash Join", "Parent Relationship": "Outer", "Parallel Aware": false, "Join Type": "Inner", "Startup Cost": 5273.84, "Total Cost": 26233.09, "Plan Rows": 1815, "Plan Width": 49, "Actual Startup Time": 437.145, "Actual Total Time": 834.729, "Actual Rows": 14507, "Actual Loops": 1, "Output": ["lineitem.l_shipdate", "lineitem.l_extendedprice", "lineitem.l_discount", "lineitem.l_suppkey", "n2.n_name"], "Inner Unique": false, "Hash Cond": "(lineitem.l_orderkey = orders.o_orderkey)", "Plans": [{"Node Type": "Seq Scan", "Parent Relationship": "Outer", "Parallel Aware": false, "Relation Name": "lineitem", "Schema": "public", "Alias": "lineitem", "Startup Cost": 0.0, "Total Cost": 20247.0, "Plan Rows": 185095, "Plan Width": 24, "Actual Startup Time": 1.647, "Actual Total Time": 376.271, "Actual Rows": 182585, "Actual Loops": 1, "Output": ["lineitem.l_orderkey", "lineitem.l_partkey", "lineitem.l_suppkey", "lineitem.l_linenumber", "lineitem.l_quantity", "lineitem.l_extendedprice", "lineitem.l_discount", "lineitem.l_tax", "lineitem.l_returnflag", "lineitem.l_linestatus", "lineitem.l_shipdate", "lineitem.l_commitdate", "lineitem.l_receiptdate", "lineitem.l_shipinstruct", "lineitem.l_shipmode", "lineitem.l_comment"], "Filter": "((lineitem.l_shipdate >= '1995-01-01'::date) AND (lineitem.l_shipdate <= '1996-12-31'::date))", "Rows Removed by Filter": 417415}, {"Node Type": "Hash", "Parent Relationship": "Inner", "Parallel Aware": false, "Startup Cost": 5255.45, "Total Cost": 5255.45, "Plan Rows": 1471, "Plan Width": 33, "Actual Startup Time": 434.413, "Actual Total Time": 434.446, "Actual Rows": 12220, "Actual Loops": 1, "Output": ["orders.o_orderkey", "n2.n_name"], "Hash Buckets": 16384, "Original Hash Buckets": 2048, "Hash Batches": 1, "Original Hash Batches": 1, "Peak Memory Usage": 642, "Plans": [{"Node Type": "Hash Join", "Parent Relationship": "Outer", "Parallel Aware": false, "Join Type": "Inner", "Startup Cost": 568.25, "Total Cost": 5255.45, "Plan Rows": 1471, "Plan Width": 33, "Actual Startup Time": 77.972, "Actual Total Time": 429.858, "Actual Rows": 12220, "Actual Loops": 1, "Output": ["orders.o_orderkey", "n2.n_name"], "Inner Unique": false, "Hash Cond": "(orders.o_custkey = customer.c_custkey)", "Plans": [{"Node Type": "Seq Scan", "Parent Relationship": "Outer", "Parallel Aware": false, "Relation Name": "orders", "Schema": "public", "Alias": "orders", "Startup Cost": 0.0, "Total Cost": 4110.0, "Plan Rows": 150000, "Plan Width": 8, "Actual Startup Time": 1.118, "Actual Total Time": 337.598, "Actual Rows": 150000, "Actual Loops": 1, "Output": ["orders.o_orderkey", "orders.o_custkey", "orders.o_orderstatus", "orders.o_totalprice", "orders.o_orderdate", "orders.o_orderpriority", "orders.o_clerk", "orders.o_shippriority", "orders.o_comment"]}, {"Node Type": "Hash", "Parent Relationship": "Inner", "Parallel Aware": false, "Startup Cost": 566.41, "Total Cost": 566.41, "Plan Rows": 147, "Plan Width": 33, "Actual Startup Time": 75.892, "Actual Total Time": 75.91, "Actual Rows": 1202, "Actual Loops": 1, "Output": ["customer.c_custkey", "n2.n_name"], "Hash Buckets": 2048, "Original Hash Buckets": 1024, "Hash Batches": 1, "Original Hash Batches": 1, "Peak Memory Usage": 67, "Plans": [{"Node Type": "Hash Join", "Parent Relationship": "Outer", "Parallel Aware": false, "Join Type": "Inner", "Startup Cost": 17.71, "Total Cost": 566.41, "Plan Rows": 147, "Plan Width": 33, "Actual Startup Time": 1.475, "Actual Total Time": 73.896, "Actual Rows": 1202, "Actual Loops": 1, "Output": ["customer.c_custkey", "n2.n_name"], "Inner Unique": true, "Hash Cond": "(customer.c_nationkey = n2.n_nationkey)", "Plans": [{"Node Type": "Seq Scan", "Parent Relationship": "Outer", "Parallel Aware": false, "Relation Name": "customer", "Schema": "public", "Alias": "customer", "Startup Cost": 0.0, "Total Cost": 509.0, "Plan Rows": 15000, "Plan Width": 8, "Actual Startup Time": 0.003, "Actual Total Time": 69.981, "Actual Rows": 15000, "Actual Loops": 1, "Output": ["customer.c_custkey", "customer.c_name", "customer.c_address", "customer.c_nationkey", "customer.c_phone", "customer.c_acctbal", "customer.c_mktsegment", "customer.c_comment"]}, {"Node Type": "Hash", "Parent Relationship": "Inner", "Parallel Aware": false, "Startup Cost": 17.65, "Total Cost": 17.65, "Plan Rows": 5, "Plan Width": 33, "Actual Startup Time": 0.009, "Actual Total Time": 0.012, "Actual Rows": 2, "Actual Loops": 1, "Output": ["n2.n_name", "n2.n_nationkey"], "Hash Buckets": 1024, "Original Hash Buckets": 1024, "Hash Batches": 1, "Original Hash Batches": 1, "Peak Memory Usage": 9, "Plans": [{"Node Type": "Seq Scan", "Parent Relationship": "Outer", "Parallel Aware": false, "Relation Name": "nation", "Schema": "public", "Alias": "n2", "Startup Cost": 0.0, "Total Cost": 17.65, "Plan Rows": 5, "Plan Width": 33, "Actual Startup Time": 0.005, "Actual Total Time": 0.007, "Actual Rows": 2, "Actual Loops": 1, "Output": ["n2.n_name", "n2.n_nationkey"], "Filter": "(((n2.n_name)::text = 'CANADA'::text) OR ((n2.n_name)::text = 'BRAZIL'::text))", "Rows Removed by Filter": 23}]}]}]}]}]}]}, {"Node Type": "Hash", "Parent Relationship": "Inner", "Parallel Aware": false, "Startup Cost": 53.36, "Total Cost": 53.36, "Plan Rows": 10, "Plan Width": 33, "Actual Startup Time": 11.931, "Actual Total Time": 11.952, "Actual Rows": 80, "Actual Loops": 1, "Output": ["supplier.s_suppkey", "n1.n_name"], "Hash Buckets": 1024, "Original Hash Buckets": 1024, "Hash Batches": 1, "Original Hash Batches": 1, "Peak Memory Usage": 12, "Plans": [{"Node Type": "Hash Join", "Parent Relationship": "Outer", "Parallel Aware": false, "Join Type": "Inner", "Startup Cost": 17.71, "Total Cost": 53.36, "Plan Rows": 10, "Plan Width": 33, "Actual Startup Time": 3.677, "Actual Total Time": 11.915, "Actual Rows": 80, "Actual Loops": 1, "Output": ["supplier.s_suppkey", "n1.n_name"], "Inner Unique": true, "Hash Cond": "(supplier.s_nationkey = n1.n_nationkey)", "Plans": [{"Node Type": "Seq Scan", "Parent Relationship": "Outer", "Parallel Aware": false, "Relation Name": "supplier", "Schema": "public", "Alias": "supplier", "Startup Cost": 0.0, "Total Cost": 33.0, "Plan Rows": 1000, "Plan Width": 8, "Actual Startup Time": 1.208, "Actual Total Time": 9.09, "Actual Rows": 1000, "Actual Loops": 1, "Output": ["supplier.s_suppkey", "supplier.s_name", "supplier.s_address", "supplier.s_nationkey", "supplier.s_phone", "supplier.s_acctbal", "supplier.s_comment"]}, {"Node Type": "Hash", "Parent Relationship": "Inner", "Parallel Aware": false, "Startup Cost": 17.65, "Total Cost": 17.65, "Plan Rows": 5, "Plan Width": 33, "Actual Startup Time": 2.451, "Actual Total Time": 2.455, "Actual Rows": 2, "Actual Loops": 1, "Output": ["n1.n_name", "n1.n_nationkey"], "Hash Buckets": 1024, "Original Hash Buckets": 1024, "Hash Batches": 1, "Original Hash Batches": 1, "Peak Memory Usage": 9, "Plans": [{"Node Type": "Seq Scan", "Parent Relationship": "Outer", "Parallel Aware": false, "Relation Name": "nation", "Schema": "public", "Alias": "n1", "Startup Cost": 0.0, "Total Cost": 17.65, "Plan Rows": 5, "Plan Width": 33, "Actual Startup Time": 2.443, "Actual Total Time": 2.446, "Actual Rows": 2, "Actual Loops": 1, "Output": ["n1.n_name", "n1.n_nationkey"], "Filter": "(((n1.n_name)::text = 'BRAZIL'::text) OR ((n1.n_name)::text = 'CANADA'::text))", "Rows Removed by Filter": 23}]}]}]}]}]}]}, "Planning Time": 1.014, "Triggers": [], "Execution Time": 851.009}]
q11#####[{"Plan": {"Node Type": "Aggregate", "Strategy": "Sorted", "Partial Mode": "Simple", "Parallel Aware": false, "Startup Cost": 26293.93, "Total Cost": 26294.25, "Plan Rows": 9, "Plan Width": 98, "Actual Startup Time": 812.534, "Actual Total Time": 812.666, "Actual Rows": 4, "Actual Loops": 1, "Output": ["n1.n_name", "n2.n_name", "(date_part('year'::text, (lineitem.l_shipdate)::timestamp without time zone))", "sum((lineitem.l_extendedprice * ('1'::numeric - lineitem.l_discount)))"], "Group Key": ["n1.n_name", "n2.n_name", "(date_part('year'::text, (lineitem.l_shipdate)::timestamp without time zone))"], "Plans": [{"Node Type": "Sort", "Parent Relationship": "Outer", "Parallel Aware": false, "Startup Cost": 26293.93, "Total Cost": 26293.95, "Plan Rows": 9, "Plan Width": 78, "Actual Startup Time": 812.489, "Actual Total Time": 812.532, "Actual Rows": 566, "Actual Loops": 1, "Output": ["n1.n_name", "n2.n_name", "(date_part('year'::text, (lineitem.l_shipdate)::timestamp without time zone))", "lineitem.l_extendedprice", "lineitem.l_discount"], "Sort Key": ["n1.n_name", "n2.n_name", "(date_part('year'::text, (lineitem.l_shipdate)::timestamp without time zone))"], "Sort Method": "quicksort", "Sort Space Used": 69, "Sort Space Type": "Memory", "Plans": [{"Node Type": "Hash Join", "Parent Relationship": "Outer", "Parallel Aware": false, "Join Type": "Inner", "Startup Cost": 5327.32, "Total Cost": 26293.79, "Plan Rows": 9, "Plan Width": 78, "Actual Startup Time": 412.825, "Actual Total Time": 811.748, "Actual Rows": 566, "Actual Loops": 1, "Output": ["n1.n_name", "n2.n_name", "date_part('year'::text, (lineitem.l_shipdate)::timestamp without time zone)", "lineitem.l_extendedprice", "lineitem.l_discount"], "Inner Unique": false, "Hash Cond": "(lineitem.l_suppkey = supplier.s_suppkey)", "Join Filter": "((((n1.n_name)::text = 'ROMANIA'::text) AND ((n2.n_name)::text = 'INDIA'::text)) OR (((n1.n_name)::text = 'INDIA'::text) AND ((n2.n_name)::text = 'ROMANIA'::text)))", "Rows Removed by Join Filter": 604, "Plans": [{"Node Type": "Hash Join", "Parent Relationship": "Outer", "Parallel Aware": false, "Join Type": "Inner", "Startup Cost": 5273.84, "Total Cost": 26233.09, "Plan Rows": 1815, "Plan Width": 49, "Actual Startup Time": 410.733, "Actual Total Time": 809.091, "Actual Rows": 14746, "Actual Loops": 1, "Output": ["lineitem.l_shipdate", "lineitem.l_extendedprice", "lineitem.l_discount", "lineitem.l_suppkey", "n2.n_name"], "Inner Unique": false, "Hash Cond": "(lineitem.l_orderkey = orders.o_orderkey)", "Plans": [{"Node Type": "Seq Scan", "Parent Relationship": "Outer", "Parallel Aware": false, "Relation Name": "lineitem", "Schema": "public", "Alias": "lineitem", "Startup Cost": 0.0, "Total Cost": 20247.0, "Plan Rows": 185095, "Plan Width": 24, "Actual Startup Time": 0.012, "Actual Total Time": 375.874, "Actual Rows": 182585, "Actual Loops": 1, "Output": ["lineitem.l_orderkey", "lineitem.l_partkey", "lineitem.l_suppkey", "lineitem.l_linenumber", "lineitem.l_quantity", "lineitem.l_extendedprice", "lineitem.l_discount", "lineitem.l_tax", "lineitem.l_returnflag", "lineitem.l_linestatus", "lineitem.l_shipdate", "lineitem.l_commitdate", "lineitem.l_receiptdate", "lineitem.l_shipinstruct", "lineitem.l_shipmode", "lineitem.l_comment"], "Filter": "((lineitem.l_shipdate >= '1995-01-01'::date) AND (lineitem.l_shipdate <= '1996-12-31'::date))", "Rows Removed by Filter": 417415}, {"Node Type": "Hash", "Parent Relationship": "Inner", "Parallel Aware": false, "Startup Cost": 5255.45, "Total Cost": 5255.45, "Plan Rows": 1471, "Plan Width": 33, "Actual Startup Time": 410.668, "Actual Total Time": 410.683, "Actual Rows": 11932, "Actual Loops": 1, "Output": ["orders.o_orderkey", "n2.n_name"], "Hash Buckets": 16384, "Original Hash Buckets": 2048, "Hash Batches": 1, "Original Hash Batches": 1, "Peak Memory Usage": 630, "Plans": [{"Node Type": "Hash Join", "Parent Relationship": "Outer", "Parallel Aware": false, "Join Type": "Inner", "Startup Cost": 568.25, "Total Cost": 5255.45, "Plan Rows": 1471, "Plan Width": 33, "Actual Startup Time": 54.395, "Actual Total Time": 406.086, "Actual Rows": 11932, "Actual Loops": 1, "Output": ["orders.o_orderkey", "n2.n_name"], "Inner Unique": false, "Hash Cond": "(orders.o_custkey = customer.c_custkey)", "Plans": [{"Node Type": "Seq Scan", "Parent Relationship": "Outer", "Parallel Aware": false, "Relation Name": "orders", "Schema": "public", "Alias": "orders", "Startup Cost": 0.0, "Total Cost": 4110.0, "Plan Rows": 150000, "Plan Width": 8, "Actual Startup Time": 0.002, "Actual Total Time": 336.843, "Actual Rows": 150000, "Actual Loops": 1, "Output": ["orders.o_orderkey", "orders.o_custkey", "orders.o_orderstatus", "orders.o_totalprice", "orders.o_orderdate", "orders.o_orderpriority", "orders.o_clerk", "orders.o_shippriority", "orders.o_comment"]}, {"Node Type": "Hash", "Parent Relationship": "Inner", "Parallel Aware": false, "Startup Cost": 566.41, "Total Cost": 566.41, "Plan Rows": 147, "Plan Width": 33, "Actual Startup Time": 54.357, "Actual Total Time": 54.371, "Actual Rows": 1185, "Actual Loops": 1, "Output": ["customer.c_custkey", "n2.n_name"], "Hash Buckets": 2048, "Original Hash Buckets": 1024, "Hash Batches": 1, "Original Hash Batches": 1, "Peak Memory Usage": 66, "Plans": [{"Node Type": "Hash Join", "Parent Relationship": "Outer", "Parallel Aware": false, "Join Type": "Inner", "Startup Cost": 17.71, "Total Cost": 566.41, "Plan Rows": 147, "Plan Width": 33, "Actual Startup Time": 0.058, "Actual Total Time": 53.758, "Actual Rows": 1185, "Actual Loops": 1, "Output": ["customer.c_custkey", "n2.n_name"], "Inner Unique": true, "Hash Cond": "(customer.c_nationkey = n2.n_nationkey)", "Plans": [{"Node Type": "Seq Scan", "Parent Relationship": "Outer", "Parallel Aware": false, "Relation Name": "customer", "Schema": "public", "Alias": "customer", "Startup Cost": 0.0, "Total Cost": 509.0, "Plan Rows": 15000, "Plan Width": 8, "Actual Startup Time": 0.001, "Actual Total Time": 52.1, "Actual Rows": 15000, "Actual Loops": 1, "Output": ["customer.c_custkey", "customer.c_name", "customer.c_address", "customer.c_nationkey", "customer.c_phone", "customer.c_acctbal", "customer.c_mktsegment", "customer.c_comment"]}, {"Node Type": "Hash", "Parent Relationship": "Inner", "Parallel Aware": false, "Startup Cost": 17.65, "Total Cost": 17.65, "Plan Rows": 5, "Plan Width": 33, "Actual Startup Time": 0.012, "Actual Total Time": 0.013, "Actual Rows": 2, "Actual Loops": 1, "Output": ["n2.n_name", "n2.n_nationkey"], "Hash Buckets": 1024, "Original Hash Buckets": 1024, "Hash Batches": 1, "Original Hash Batches": 1, "Peak Memory Usage": 9, "Plans": [{"Node Type": "Seq Scan", "Parent Relationship": "Outer", "Parallel Aware": false, "Relation Name": "nation", "Schema": "public", "Alias": "n2", "Startup Cost": 0.0, "Total Cost": 17.65, "Plan Rows": 5, "Plan Width": 33, "Actual Startup Time": 0.002, "Actual Total Time": 0.004, "Actual Rows": 2, "Actual Loops": 1, "Output": ["n2.n_name", "n2.n_nationkey"], "Filter": "(((n2.n_name)::text = 'INDIA'::text) OR ((n2.n_name)::text = 'ROMANIA'::text))", "Rows Removed by Filter": 23}]}]}]}]}]}]}, {"Node Type": "Hash", "Parent Relationship": "Inner", "Parallel Aware": false, "Startup Cost": 53.36, "Total Cost": 53.36, "Plan Rows": 10, "Plan Width": 33, "Actual Startup Time": 0.233, "Actual Total Time": 0.234, "Actual Rows": 80, "Actual Loops": 1, "Output": ["supplier.s_suppkey", "n1.n_name"], "Hash Buckets": 1024, "Original Hash Buckets": 1024, "Hash Batches": 1, "Original Hash Batches": 1, "Peak Memory Usage": 12, "Plans": [{"Node Type": "Hash Join", "Parent Relationship": "Outer", "Parallel Aware": false, "Join Type": "Inner", "Startup Cost": 17.71, "Total Cost": 53.36, "Plan Rows": 10, "Plan Width": 33, "Actual Startup Time": 0.061, "Actual Total Time": 0.216, "Actual Rows": 80, "Actual Loops": 1, "Output": ["supplier.s_suppkey", "n1.n_name"], "Inner Unique": true, "Hash Cond": "(supplier.s_nationkey = n1.n_nationkey)", "Plans": [{"Node Type": "Seq Scan", "Parent Relationship": "Outer", "Parallel Aware": false, "Relation Name": "supplier", "Schema": "public", "Alias": "supplier", "Startup Cost": 0.0, "Total Cost": 33.0, "Plan Rows": 1000, "Plan Width": 8, "Actual Startup Time": 0.005, "Actual Total Time": 0.097, "Actual Rows": 1000, "Actual Loops": 1, "Output": ["supplier.s_suppkey", "supplier.s_name", "supplier.s_address", "supplier.s_nationkey", "supplier.s_phone", "supplier.s_acctbal", "supplier.s_comment"]}, {"Node Type": "Hash", "Parent Relationship": "Inner", "Parallel Aware": false, "Startup Cost": 17.65, "Total Cost": 17.65, "Plan Rows": 5, "Plan Width": 33, "Actual Startup Time": 0.014, "Actual Total Time": 0.015, "Actual Rows": 2, "Actual Loops": 1, "Output": ["n1.n_name", "n1.n_nationkey"], "Hash Buckets": 1024, "Original Hash Buckets": 1024, "Hash Batches": 1, "Original Hash Batches": 1, "Peak Memory Usage": 9, "Plans": [{"Node Type": "Seq Scan", "Parent Relationship": "Outer", "Parallel Aware": false, "Relation Name": "nation", "Schema": "public", "Alias": "n1", "Startup Cost": 0.0, "Total Cost": 17.65, "Plan Rows": 5, "Plan Width": 33, "Actual Startup Time": 0.006, "Actual Total Time": 0.007, "Actual Rows": 2, "Actual Loops": 1, "Output": ["n1.n_name", "n1.n_nationkey"], "Filter": "(((n1.n_name)::text = 'ROMANIA'::text) OR ((n1.n_name)::text = 'INDIA'::text))", "Rows Removed by Filter": 23}]}]}]}]}]}]}, "Planning Time": 0.739, "Triggers": [], "Execution Time": 813.096}]
q12#####[{"Plan": {"Node Type": "Aggregate", "Strategy": "Sorted", "Partial Mode": "Simple", "Parallel Aware": false, "Startup Cost": 26293.93, "Total Cost": 26294.25, "Plan Rows": 9, "Plan Width": 98, "Actual Startup Time": 821.976, "Actual Total Time": 822.323, "Actual Rows": 4, "Actual Loops": 1, "Output": ["n1.n_name", "n2.n_name", "(date_part('year'::text, (lineitem.l_shipdate)::timestamp without time zone))", "sum((lineitem.l_extendedprice * ('1'::numeric - lineitem.l_discount)))"], "Group Key": ["n1.n_name", "n2.n_name", "(date_part('year'::text, (lineitem.l_shipdate)::timestamp without time zone))"], "Plans": [{"Node Type": "Sort", "Parent Relationship": "Outer", "Parallel Aware": false, "Startup Cost": 26293.93, "Total Cost": 26293.95, "Plan Rows": 9, "Plan Width": 78, "Actual Startup Time": 821.879, "Actual Total Time": 821.945, "Actual Rows": 595, "Actual Loops": 1, "Output": ["n1.n_name", "n2.n_name", "(date_part('year'::text, (lineitem.l_shipdate)::timestamp without time zone))", "lineitem.l_extendedprice", "lineitem.l_discount"], "Sort Key": ["n1.n_name", "n2.n_name", "(date_part('year'::text, (lineitem.l_shipdate)::timestamp without time zone))"], "Sort Method": "quicksort", "Sort Space Used": 71, "Sort Space Type": "Memory", "Plans": [{"Node Type": "Hash Join", "Parent Relationship": "Outer", "Parallel Aware": false, "Join Type": "Inner", "Startup Cost": 5327.32, "Total Cost": 26293.79, "Plan Rows": 9, "Plan Width": 78, "Actual Startup Time": 431.387, "Actual Total Time": 821.108, "Actual Rows": 595, "Actual Loops": 1, "Output": ["n1.n_name", "n2.n_name", "date_part('year'::text, (lineitem.l_shipdate)::timestamp without time zone)", "lineitem.l_extendedprice", "lineitem.l_discount"], "Inner Unique": false, "Hash Cond": "(lineitem.l_suppkey = supplier.s_suppkey)", "Join Filter": "((((n1.n_name)::text = 'VIETNAM'::text) AND ((n2.n_name)::text = 'RUSSIA'::text)) OR (((n1.n_name)::text = 'RUSSIA'::text) AND ((n2.n_name)::text = 'VIETNAM'::text)))", "Rows Removed by Join Filter": 574, "Plans": [{"Node Type": "Hash Join", "Parent Relationship": "Outer", "Parallel Aware": false, "Join Type": "Inner", "Startup Cost": 5273.84, "Total Cost": 26233.09, "Plan Rows": 1815, "Plan Width": 49, "Actual Startup Time": 419.966, "Actual Total Time": 817.713, "Actual Rows": 13969, "Actual Loops": 1, "Output": ["lineitem.l_shipdate", "lineitem.l_extendedprice", "lineitem.l_discount", "lineitem.l_suppkey", "n2.n_name"], "Inner Unique": false, "Hash Cond": "(lineitem.l_orderkey = orders.o_orderkey)", "Plans": [{"Node Type": "Seq Scan", "Parent Relationship": "Outer", "Parallel Aware": false, "Relation Name": "lineitem", "Schema": "public", "Alias": "lineitem", "Startup Cost": 0.0, "Total Cost": 20247.0, "Plan Rows": 185095, "Plan Width": 24, "Actual Startup Time": 0.022, "Actual Total Time": 374.882, "Actual Rows": 182585, "Actual Loops": 1, "Output": ["lineitem.l_orderkey", "lineitem.l_partkey", "lineitem.l_suppkey", "lineitem.l_linenumber", "lineitem.l_quantity", "lineitem.l_extendedprice", "lineitem.l_discount", "lineitem.l_tax", "lineitem.l_returnflag", "lineitem.l_linestatus", "lineitem.l_shipdate", "lineitem.l_commitdate", "lineitem.l_receiptdate", "lineitem.l_shipinstruct", "lineitem.l_shipmode", "lineitem.l_comment"], "Filter": "((lineitem.l_shipdate >= '1995-01-01'::date) AND (lineitem.l_shipdate <= '1996-12-31'::date))", "Rows Removed by Filter": 417415}, {"Node Type": "Hash", "Parent Relationship": "Inner", "Parallel Aware": false, "Startup Cost": 5255.45, "Total Cost": 5255.45, "Plan Rows": 1471, "Plan Width": 33, "Actual Startup Time": 419.418, "Actual Total Time": 419.424, "Actual Rows": 11634, "Actual Loops": 1, "Output": ["orders.o_orderkey", "n2.n_name"], "Hash Buckets": 16384, "Original Hash Buckets": 2048, "Hash Batches": 1, "Original Hash Batches": 1, "Peak Memory Usage": 623, "Plans": [{"Node Type": "Hash Join", "Parent Relationship": "Outer", "Parallel Aware": false, "Join Type": "Inner", "Startup Cost": 568.25, "Total Cost": 5255.45, "Plan Rows": 1471, "Plan Width": 33, "Actual Startup Time": 62.988, "Actual Total Time": 414.824, "Actual Rows": 11634, "Actual Loops": 1, "Output": ["orders.o_orderkey", "n2.n_name"], "Inner Unique": false, "Hash Cond": "(orders.o_custkey = customer.c_custkey)", "Plans": [{"Node Type": "Seq Scan", "Parent Relationship": "Outer", "Parallel Aware": false, "Relation Name": "orders", "Schema": "public", "Alias": "orders", "Startup Cost": 0.0, "Total Cost": 4110.0, "Plan Rows": 150000, "Plan Width": 8, "Actual Startup Time": 0.003, "Actual Total Time": 336.204, "Actual Rows": 150000, "Actual Loops": 1, "Output": ["orders.o_orderkey", "orders.o_custkey", "orders.o_orderstatus", "orders.o_totalprice", "orders.o_orderdate", "orders.o_orderpriority", "orders.o_clerk", "orders.o_shippriority", "orders.o_comment"]}, {"Node Type": "Hash", "Parent Relationship": "Inner", "Parallel Aware": false, "Startup Cost": 566.41, "Total Cost": 566.41, "Plan Rows": 147, "Plan Width": 33, "Actual Startup Time": 62.935, "Actual Total Time": 62.938, "Actual Rows": 1172, "Actual Loops": 1, "Output": ["customer.c_custkey", "n2.n_name"], "Hash Buckets": 2048, "Original Hash Buckets": 1024, "Hash Batches": 1, "Original Hash Batches": 1, "Peak Memory Usage": 66, "Plans": [{"Node Type": "Hash Join", "Parent Relationship": "Outer", "Parallel Aware": false, "Join Type": "Inner", "Startup Cost": 17.71, "Total Cost": 566.41, "Plan Rows": 147, "Plan Width": 33, "Actual Startup Time": 0.087, "Actual Total Time": 61.444, "Actual Rows": 1172, "Actual Loops": 1, "Output": ["customer.c_custkey", "n2.n_name"], "Inner Unique": true, "Hash Cond": "(customer.c_nationkey = n2.n_nationkey)", "Plans": [{"Node Type": "Seq Scan", "Parent Relationship": "Outer", "Parallel Aware": false, "Relation Name": "customer", "Schema": "public", "Alias": "customer", "Startup Cost": 0.0, "Total Cost": 509.0, "Plan Rows": 15000, "Plan Width": 8, "Actual Startup Time": 0.002, "Actual Total Time": 59.539, "Actual Rows": 15000, "Actual Loops": 1, "Output": ["customer.c_custkey", "customer.c_name", "customer.c_address", "customer.c_nationkey", "customer.c_phone", "customer.c_acctbal", "customer.c_mktsegment", "customer.c_comment"]}, {"Node Type": "Hash", "Parent Relationship": "Inner", "Parallel Aware": false, "Startup Cost": 17.65, "Total Cost": 17.65, "Plan Rows": 5, "Plan Width": 33, "Actual Startup Time": 0.015, "Actual Total Time": 0.016, "Actual Rows": 2, "Actual Loops": 1, "Output": ["n2.n_name", "n2.n_nationkey"], "Hash Buckets": 1024, "Original Hash Buckets": 1024, "Hash Batches": 1, "Original Hash Batches": 1, "Peak Memory Usage": 9, "Plans": [{"Node Type": "Seq Scan", "Parent Relationship": "Outer", "Parallel Aware": false, "Relation Name": "nation", "Schema": "public", "Alias": "n2", "Startup Cost": 0.0, "Total Cost": 17.65, "Plan Rows": 5, "Plan Width": 33, "Actual Startup Time": 0.005, "Actual Total Time": 0.006, "Actual Rows": 2, "Actual Loops": 1, "Output": ["n2.n_name", "n2.n_nationkey"], "Filter": "(((n2.n_name)::text = 'RUSSIA'::text) OR ((n2.n_name)::text = 'VIETNAM'::text))", "Rows Removed by Filter": 23}]}]}]}]}]}]}, {"Node Type": "Hash", "Parent Relationship": "Inner", "Parallel Aware": false, "Startup Cost": 53.36, "Total Cost": 53.36, "Plan Rows": 10, "Plan Width": 33, "Actual Startup Time": 0.854, "Actual Total Time": 0.857, "Actual Rows": 86, "Actual Loops": 1, "Output": ["supplier.s_suppkey", "n1.n_name"], "Hash Buckets": 1024, "Original Hash Buckets": 1024, "Hash Batches": 1, "Original Hash Batches": 1, "Peak Memory Usage": 12, "Plans": [{"Node Type": "Hash Join", "Parent Relationship": "Outer", "Parallel Aware": false, "Join Type": "Inner", "Startup Cost": 17.71, "Total Cost": 53.36, "Plan Rows": 10, "Plan Width": 33, "Actual Startup Time": 0.33, "Actual Total Time": 0.658, "Actual Rows": 86, "Actual Loops": 1, "Output": ["supplier.s_suppkey", "n1.n_name"], "Inner Unique": true, "Hash Cond": "(supplier.s_nationkey = n1.n_nationkey)", "Plans": [{"Node Type": "Seq Scan", "Parent Relationship": "Outer", "Parallel Aware": false, "Relation Name": "supplier", "Schema": "public", "Alias": "supplier", "Startup Cost": 0.0, "Total Cost": 33.0, "Plan Rows": 1000, "Plan Width": 8, "Actual Startup Time": 0.006, "Actual Total Time": 0.203, "Actual Rows": 1000, "Actual Loops": 1, "Output": ["supplier.s_suppkey", "supplier.s_name", "supplier.s_address", "supplier.s_nationkey", "supplier.s_phone", "supplier.s_acctbal", "supplier.s_comment"]}, {"Node Type": "Hash", "Parent Relationship": "Inner", "Parallel Aware": false, "Startup Cost": 17.65, "Total Cost": 17.65, "Plan Rows": 5, "Plan Width": 33, "Actual Startup Time": 0.019, "Actual Total Time": 0.02, "Actual Rows": 2, "Actual Loops": 1, "Output": ["n1.n_name", "n1.n_nationkey"], "Hash Buckets": 1024, "Original Hash Buckets": 1024, "Hash Batches": 1, "Original Hash Batches": 1, "Peak Memory Usage": 9, "Plans": [{"Node Type": "Seq Scan", "Parent Relationship": "Outer", "Parallel Aware": false, "Relation Name": "nation", "Schema": "public", "Alias": "n1", "Startup Cost": 0.0, "Total Cost": 17.65, "Plan Rows": 5, "Plan Width": 33, "Actual Startup Time": 0.006, "Actual Total Time": 0.007, "Actual Rows": 2, "Actual Loops": 1, "Output": ["n1.n_name", "n1.n_nationkey"], "Filter": "(((n1.n_name)::text = 'VIETNAM'::text) OR ((n1.n_name)::text = 'RUSSIA'::text))", "Rows Removed by Filter": 23}]}]}]}]}]}]}, "Planning Time": 1.239, "Triggers": [], "Execution Time": 824.156}]
q13#####[{"Plan": {"Node Type": "Sort", "Parallel Aware": false, "Startup Cost": 1248329.79, "Total Cost": 1255251.54, "Plan Rows": 2768700, "Plan Width": 205, "Actual Startup Time": 1661.301, "Actual Total Time": 1664.985, "Actual Rows": 18769, "Actual Loops": 1, "Output": ["customer.c_custkey", "customer.c_name", "(sum((lineitem.l_extendedprice * ('1'::numeric - lineitem.l_discount))))", "customer.c_acctbal", "nation.n_name", "customer.c_address", "customer.c_phone", "customer.c_comment"], "Sort Key": ["(sum((lineitem.l_extendedprice * ('1'::numeric - lineitem.l_discount)))) DESC"], "Sort Method": "external merge", "Sort Space Used": 3184, "Sort Space Type": "Disk", "Plans": [{"Node Type": "Aggregate", "Strategy": "Sorted", "Partial Mode": "Simple", "Parent Relationship": "Outer", "Parallel Aware": false, "Startup Cost": 138752.24, "Total Cost": 403191.13, "Plan Rows": 2768700, "Plan Width": 205, "Actual Startup Time": 1494.133, "Actual Total Time": 1630.346, "Actual Rows": 18769, "Actual Loops": 1, "Output": ["customer.c_custkey", "customer.c_name", "sum((lineitem.l_extendedprice * ('1'::numeric - lineitem.l_discount)))", "customer.c_acctbal", "nation.n_name", "customer.c_address", "customer.c_phone", "customer.c_comment"], "Group Key": ["customer.c_custkey", "customer.c_name", "customer.c_acctbal", "customer.c_phone", "nation.n_name", "customer.c_address", "customer.c_comment"], "Plans": [{"Node Type": "Incremental Sort", "Parent Relationship": "Outer", "Parallel Aware": false, "Startup Cost": 138752.24, "Total Cost": 299364.88, "Plan Rows": 2768700, "Plan Width": 185, "Actual Startup Time": 1494.064, "Actual Total Time": 1587.161, "Actual Rows": 56621, "Actual Loops": 1, "Output": ["customer.c_custkey", "customer.c_name", "customer.c_acctbal", "nation.n_name", "customer.c_address", "customer.c_phone", "customer.c_comment", "lineitem.l_extendedprice", "lineitem.l_discount"], "Sort Key": ["customer.c_custkey", "customer.c_name", "customer.c_acctbal", "customer.c_phone", "nation.n_name", "customer.c_address", "customer.c_comment"], "Presorted Key": ["customer.c_custkey"], "Full-sort Groups": {"Group Count": 1683, "Sort Methods Used": ["quicksort"], "Sort Space Memory": {"Average Sort Space Used": 34, "Peak Sort Space Used": 34}}, "Plans": [{"Node Type": "Merge Join", "Parent Relationship": "Outer", "Parallel Aware": false, "Join Type": "Inner", "Startup Cost": 138750.62, "Total Cost": 139540.85, "Plan Rows": 2768700, "Plan Width": 185, "Actual Startup Time": 1493.927, "Actual Total Time": 1549.204, "Actual Rows": 56621, "Actual Loops": 1, "Output": ["customer.c_custkey", "customer.c_name", "customer.c_acctbal", "nation.n_name", "customer.c_address", "customer.c_phone", "customer.c_comment", "lineitem.l_extendedprice", "lineitem.l_discount"], "Inner Unique": false, "Merge Cond": "(customer.c_custkey = orders.o_custkey)", "Plans": [{"Node Type": "Sort", "Parent Relationship": "Outer", "Parallel Aware": false, "Startup Cost": 15247.96, "Total Cost": 15435.46, "Plan Rows": 75000, "Plan Width": 173, "Actual Startup Time": 149.777, "Actual Total Time": 181.336, "Actual Rows": 75000, "Actual Loops": 1, "Output": ["customer.c_custkey", "customer.c_name", "customer.c_acctbal", "customer.c_address", "customer.c_phone", "customer.c_comment", "nation.n_name"], "Sort Key": ["customer.c_custkey"], "Sort Method": "external merge", "Sort Space Used": 12024, "Sort Space Type": "Disk", "Plans": [{"Node Type": "Hash Join", "Parent Relationship": "Outer", "Parallel Aware": false, "Join Type": "Inner", "Startup Cost": 21.48, "Total Cost": 2762.99, "Plan Rows": 75000, "Plan Width": 173, "Actual Startup Time": 0.099, "Actual Total Time": 43.691, "Actual Rows": 75000, "Actual Loops": 1, "Output": ["customer.c_custkey", "customer.c_name", "customer.c_acctbal", "customer.c_address", "customer.c_phone", "customer.c_comment", "nation.n_name"], "Inner Unique": true, "Hash Cond": "(customer.c_nationkey = nation.n_nationkey)", "Plans": [{"Node Type": "Seq Scan", "Parent Relationship": "Outer", "Parallel Aware": false, "Relation Name": "customer", "Schema": "public", "Alias": "customer", "Startup Cost": 0.0, "Total Cost": 2543.0, "Plan Rows": 75000, "Plan Width": 148, "Actual Startup Time": 0.014, "Actual Total Time": 8.126, "Actual Rows": 75000, "Actual Loops": 1, "Output": ["customer.c_custkey", "customer.c_name", "customer.c_address", "customer.c_nationkey", "customer.c_phone", "customer.c_acctbal", "customer.c_mktsegment", "customer.c_comment"]}, {"Node Type": "Hash", "Parent Relationship": "Inner", "Parallel Aware": false, "Startup Cost": 15.1, "Total Cost": 15.1, "Plan Rows": 510, "Plan Width": 33, "Actual Startup Time": 0.032, "Actual Total Time": 0.033, "Actual Rows": 25, "Actual Loops": 1, "Output": ["nation.n_name", "nation.n_nationkey"], "Hash Buckets": 1024, "Original Hash Buckets": 1024, "Hash Batches": 1, "Original Hash Batches": 1, "Peak Memory Usage": 10, "Plans": [{"Node Type": "Seq Scan", "Parent Relationship": "Outer", "Parallel Aware": false, "Relation Name": "nation", "Schema": "public", "Alias": "nation", "Startup Cost": 0.0, "Total Cost": 15.1, "Plan Rows": 510, "Plan Width": 33, "Actual Startup Time": 0.011, "Actual Total Time": 0.013, "Actual Rows": 25, "Actual Loops": 1, "Output": ["nation.n_name", "nation.n_nationkey"]}]}]}]}, {"Node Type": "Sort", "Parent Relationship": "Inner", "Parallel Aware": false, "Startup Cost": 123502.62, "Total Cost": 123571.84, "Plan Rows": 27687, "Plan Width": 16, "Actual Startup Time": 1344.08, "Actual Total Time": 1352.81, "Actual Rows": 56621, "Actual Loops": 1, "Output": ["orders.o_custkey", "lineitem.l_extendedprice", "lineitem.l_discount"], "Sort Key": ["orders.o_custkey"], "Sort Method": "external sort", "Sort Space Used": 1752, "Sort Space Type": "Disk", "Plans": [{"Node Type": "Hash Join", "Parent Relationship": "Outer", "Parallel Aware": false, "Join Type": "Inner", "Startup Cost": 24646.99, "Total Cost": 121459.75, "Plan Rows": 27687, "Plan Width": 16, "Actual Startup Time": 145.433, "Actual Total Time": 1258.602, "Actual Rows": 56621, "Actual Loops": 1, "Output": ["orders.o_custkey", "lineitem.l_extendedprice", "lineitem.l_discount"], "Inner Unique": false, "Hash Cond": "(lineitem.l_orderkey = orders.o_orderkey)", "Plans": [{"Node Type": "Seq Scan", "Parent Relationship": "Outer", "Parallel Aware": false, "Relation Name": "lineitem", "Schema": "public", "Alias": "lineitem", "Startup Cost": 0.0, "Total Cost": 93730.69, "Plan Rows": 748054, "Plan Width": 16, "Actual Startup Time": 0.017, "Actual Total Time": 977.162, "Actual Rows": 739563, "Actual Loops": 1, "Output": ["lineitem.l_orderkey", "lineitem.l_partkey", "lineitem.l_suppkey", "lineitem.l_linenumber", "lineitem.l_quantity", "lineitem.l_extendedprice", "lineitem.l_discount", "lineitem.l_tax", "lineitem.l_returnflag", "lineitem.l_linestatus", "lineitem.l_shipdate", "lineitem.l_commitdate", "lineitem.l_receiptdate", "lineitem.l_shipinstruct", "lineitem.l_shipmode", "lineitem.l_comment"], "Filter": "(lineitem.l_returnflag = 'R'::bpchar)", "Rows Removed by Filter": 2260108}, {"Node Type": "Hash", "Parent Relationship": "Inner", "Parallel Aware": false, "Startup Cost": 24300.0, "Total Cost": 24300.0, "Plan Rows": 27759, "Plan Width": 8, "Actual Startup Time": 145.355, "Actual Total Time": 145.355, "Actual Rows": 28243, "Actual Loops": 1, "Output": ["orders.o_custkey", "orders.o_orderkey"], "Hash Buckets": 32768, "Original Hash Buckets": 32768, "Hash Batches": 1, "Original Hash Batches": 1, "Peak Memory Usage": 1360, "Plans": [{"Node Type": "Seq Scan", "Parent Relationship": "Outer", "Parallel Aware": false, "Relation Name": "orders", "Schema": "public", "Alias": "orders", "Startup Cost": 0.0, "Total Cost": 24300.0, "Plan Rows": 27759, "Plan Width": 8, "Actual Startup Time": 0.007, "Actual Total Time": 135.879, "Actual Rows": 28243, "Actual Loops": 1, "Output": ["orders.o_custkey", "orders.o_orderkey"], "Filter": "((orders.o_orderdate >= '1994-09-02'::date) AND (orders.o_orderdate < '1994-12-02 00:00:00'::timestamp without time zone))", "Rows Removed by Filter": 721757}]}]}]}]}]}]}]}, "Planning Time": 0.4, "Triggers": [], "Execution Time": 1672.76}]
q14#####[{"Plan": {"Node Type": "Sort", "Parallel Aware": false, "Startup Cost": 1190631.03, "Total Cost": 1197208.28, "Plan Rows": 2630900, "Plan Width": 205, "Actual Startup Time": 1547.705, "Actual Total Time": 1551.207, "Actual Rows": 17789, "Actual Loops": 1, "Output": ["customer.c_custkey", "customer.c_name", "(sum((lineitem.l_extendedprice * ('1'::numeric - lineitem.l_discount))))", "customer.c_acctbal", "nation.n_name", "customer.c_address", "customer.c_phone", "customer.c_comment"], "Sort Key": ["(sum((lineitem.l_extendedprice * ('1'::numeric - lineitem.l_discount)))) DESC"], "Sort Method": "external merge", "Sort Space Used": 3024, "Sort Space Type": "Disk", "Plans": [{"Node Type": "Aggregate", "Strategy": "Sorted", "Partial Mode": "Simple", "Parent Relationship": "Outer", "Parallel Aware": false, "Startup Cost": 138609.72, "Total Cost": 388527.36, "Plan Rows": 2630900, "Plan Width": 205, "Actual Startup Time": 1391.674, "Actual Total Time": 1517.719, "Actual Rows": 17789, "Actual Loops": 1, "Output": ["customer.c_custkey", "customer.c_name", "sum((lineitem.l_extendedprice * ('1'::numeric - lineitem.l_discount)))", "customer.c_acctbal", "nation.n_name", "customer.c_address", "customer.c_phone", "customer.c_comment"], "Group Key": ["customer.c_custkey", "customer.c_name", "customer.c_acctbal", "customer.c_phone", "nation.n_name", "customer.c_address", "customer.c_comment"], "Plans": [{"Node Type": "Incremental Sort", "Parent Relationship": "Outer", "Parallel Aware": false, "Startup Cost": 138609.72, "Total Cost": 289868.61, "Plan Rows": 2630900, "Plan Width": 185, "Actual Startup Time": 1391.628, "Actual Total Time": 1478.662, "Actual Rows": 47368, "Actual Loops": 1, "Output": ["customer.c_custkey", "customer.c_name", "customer.c_acctbal", "nation.n_name", "customer.c_address", "customer.c_phone", "customer.c_comment", "lineitem.l_extendedprice", "lineitem.l_discount"], "Sort Key": ["customer.c_custkey", "customer.c_name", "customer.c_acctbal", "customer.c_phone", "nation.n_name", "customer.c_address", "customer.c_comment"], "Presorted Key": ["customer.c_custkey"], "Full-sort Groups": {"Group Count": 1419, "Sort Methods Used": ["quicksort"], "Sort Space Memory": {"Average Sort Space Used": 33, "Peak Sort Space Used": 33}}, "Plans": [{"Node Type": "Merge Join", "Parent Relationship": "Outer", "Parallel Aware": false, "Join Type": "Inner", "Startup Cost": 138608.2, "Total Cost": 139377.76, "Plan Rows": 2630900, "Plan Width": 185, "Actual Startup Time": 1391.519, "Actual Total Time": 1455.354, "Actual Rows": 47368, "Actual Loops": 1, "Output": ["customer.c_custkey", "customer.c_name", "customer.c_acctbal", "nation.n_name", "customer.c_address", "customer.c_phone", "customer.c_comment", "lineitem.l_extendedprice", "lineitem.l_discount"], "Inner Unique": false, "Merge Cond": "(customer.c_custkey = orders.o_custkey)", "Plans": [{"Node Type": "Sort", "Parent Relationship": "Outer", "Parallel Aware": false, "Startup Cost": 15247.96, "Total Cost": 15435.46, "Plan Rows": 75000, "Plan Width": 173, "Actual Startup Time": 73.155, "Actual Total Time": 119.585, "Actual Rows": 75000, "Actual Loops": 1, "Output": ["customer.c_custkey", "customer.c_name", "customer.c_acctbal", "customer.c_address", "customer.c_phone", "customer.c_comment", "nation.n_name"], "Sort Key": ["customer.c_custkey"], "Sort Method": "external merge", "Sort Space Used": 12024, "Sort Space Type": "Disk", "Plans": [{"Node Type": "Hash Join", "Parent Relationship": "Outer", "Parallel Aware": false, "Join Type": "Inner", "Startup Cost": 21.48, "Total Cost": 2762.99, "Plan Rows": 75000, "Plan Width": 173, "Actual Startup Time": 0.144, "Actual Total Time": 38.731, "Actual Rows": 75000, "Actual Loops": 1, "Output": ["customer.c_custkey", "customer.c_name", "customer.c_acctbal", "customer.c_address", "customer.c_phone", "customer.c_comment", "nation.n_name"], "Inner Unique": true, "Hash Cond": "(customer.c_nationkey = nation.n_nationkey)", "Plans": [{"Node Type": "Seq Scan", "Parent Relationship": "Outer", "Parallel Aware": false, "Relation Name": "customer", "Schema": "public", "Alias": "customer", "Startup Cost": 0.0, "Total Cost": 2543.0, "Plan Rows": 75000, "Plan Width": 148, "Actual Startup Time": 0.019, "Actual Total Time": 7.206, "Actual Rows": 75000, "Actual Loops": 1, "Output": ["customer.c_custkey", "customer.c_name", "customer.c_address", "customer.c_nationkey", "customer.c_phone", "customer.c_acctbal", "customer.c_mktsegment", "customer.c_comment"]}, {"Node Type": "Hash", "Parent Relationship": "Inner", "Parallel Aware": false, "Startup Cost": 15.1, "Total Cost": 15.1, "Plan Rows": 510, "Plan Width": 33, "Actual Startup Time": 0.01, "Actual Total Time": 0.016, "Actual Rows": 25, "Actual Loops": 1, "Output": ["nation.n_name", "nation.n_nationkey"], "Hash Buckets": 1024, "Original Hash Buckets": 1024, "Hash Batches": 1, "Original Hash Batches": 1, "Peak Memory Usage": 10, "Plans": [{"Node Type": "Seq Scan", "Parent Relationship": "Outer", "Parallel Aware": false, "Relation Name": "nation", "Schema": "public", "Alias": "nation", "Startup Cost": 0.0, "Total Cost": 15.1, "Plan Rows": 510, "Plan Width": 33, "Actual Startup Time": 0.005, "Actual Total Time": 0.006, "Actual Rows": 25, "Actual Loops": 1, "Output": ["nation.n_name", "nation.n_nationkey"]}]}]}]}, {"Node Type": "Sort", "Parent Relationship": "Inner", "Parallel Aware": false, "Startup Cost": 123360.2, "Total Cost": 123425.98, "Plan Rows": 26309, "Plan Width": 16, "Actual Startup Time": 1318.327, "Actual Total Time": 1322.776, "Actual Rows": 47368, "Actual Loops": 1, "Output": ["orders.o_custkey", "lineitem.l_extendedprice", "lineitem.l_discount"], "Sort Key": ["orders.o_custkey"], "Sort Method": "external sort", "Sort Space Used": 1472, "Sort Space Type": "Disk", "Plans": [{"Node Type": "Hash Join", "Parent Relationship": "Outer", "Parallel Aware": false, "Join Type": "Inner", "Startup Cost": 24629.71, "Total Cost": 121428.69, "Plan Rows": 26309, "Plan Width": 16, "Actual Startup Time": 246.039, "Actual Total Time": 1274.028, "Actual Rows": 47368, "Actual Loops": 1, "Output": ["orders.o_custkey", "lineitem.l_extendedprice", "lineitem.l_discount"], "Inner Unique": false, "Hash Cond": "(lineitem.l_orderkey = orders.o_orderkey)", "Plans": [{"Node Type": "Seq Scan", "Parent Relationship": "Outer", "Parallel Aware": false, "Relation Name": "lineitem", "Schema": "public", "Alias": "lineitem", "Startup Cost": 0.0, "Total Cost": 93730.69, "Plan Rows": 748054, "Plan Width": 16, "Actual Startup Time": 0.035, "Actual Total Time": 909.658, "Actual Rows": 739563, "Actual Loops": 1, "Output": ["lineitem.l_orderkey", "lineitem.l_partkey", "lineitem.l_suppkey", "lineitem.l_linenumber", "lineitem.l_quantity", "lineitem.l_extendedprice", "lineitem.l_discount", "lineitem.l_tax", "lineitem.l_returnflag", "lineitem.l_linestatus", "lineitem.l_shipdate", "lineitem.l_commitdate", "lineitem.l_receiptdate", "lineitem.l_shipinstruct", "lineitem.l_shipmode", "lineitem.l_comment"], "Filter": "(lineitem.l_returnflag = 'R'::bpchar)", "Rows Removed by Filter": 2260108}, {"Node Type": "Hash", "Parent Relationship": "Inner", "Parallel Aware": false, "Startup Cost": 24300.0, "Total Cost": 24300.0, "Plan Rows": 26377, "Plan Width": 8, "Actual Startup Time": 245.984, "Actual Total Time": 245.984, "Actual Rows": 28396, "Actual Loops": 1, "Output": ["orders.o_custkey", "orders.o_orderkey"], "Hash Buckets": 32768, "Original Hash Buckets": 32768, "Hash Batches": 1, "Original Hash Batches": 1, "Peak Memory Usage": 1366, "Plans": [{"Node Type": "Seq Scan", "Parent Relationship": "Outer", "Parallel Aware": false, "Relation Name": "orders", "Schema": "public", "Alias": "orders", "Startup Cost": 0.0, "Total Cost": 24300.0, "Plan Rows": 26377, "Plan Width": 8, "Actual Startup Time": 0.028, "Actual Total Time": 233.188, "Actual Rows": 28396, "Actual Loops": 1, "Output": ["orders.o_custkey", "orders.o_orderkey"], "Filter": "((orders.o_orderdate >= '1995-01-01'::date) AND (orders.o_orderdate < '1995-04-01 00:00:00'::timestamp without time zone))", "Rows Removed by Filter": 721604}]}]}]}]}]}]}]}, "Planning Time": 0.813, "Triggers": [], "Execution Time": 1564.336}]
q15#####[{"Plan": {"Node Type": "Aggregate", "Strategy": "Sorted", "Partial Mode": "Simple", "Parallel Aware": false, "Startup Cost": 129332.86, "Total Cost": 129334.39, "Plan Rows": 34, "Plan Width": 40, "Actual Startup Time": 1111.148, "Actual Total Time": 1111.45, "Actual Rows": 2, "Actual Loops": 1, "Output": ["(date_part('year'::text, (orders.o_orderdate)::timestamp without time zone))", "(sum(CASE WHEN ((n2.n_name)::text = 'EGYPT'::text) THEN (lineitem.l_extendedprice * ('1'::numeric - lineitem.l_discount)) ELSE '0'::numeric END) / sum((lineitem.l_extendedprice * ('1'::numeric - lineitem.l_discount))))"], "Group Key": ["(date_part('year'::text, (orders.o_orderdate)::timestamp without time zone))"], "Plans": [{"Node Type": "Sort", "Parent Relationship": "Outer", "Parallel Aware": false, "Startup Cost": 129332.86, "Total Cost": 129332.95, "Plan Rows": 34, "Plan Width": 49, "Actual Startup Time": 1110.781, "Actual Total Time": 1110.882, "Actual Rows": 1208, "Actual Loops": 1, "Output": ["(date_part('year'::text, (orders.o_orderdate)::timestamp without time zone))", "n2.n_name", "lineitem.l_extendedprice", "lineitem.l_discount"], "Sort Key": ["(date_part('year'::text, (orders.o_orderdate)::timestamp without time zone))"], "Sort Method": "quicksort", "Sort Space Used": 143, "Sort Space Type": "Memory", "Plans": [{"Node Type": "Nested Loop", "Parent Relationship": "Outer", "Parallel Aware": false, "Join Type": "Inner", "Startup Cost": 31571.3, "Total Cost": 129332.0, "Plan Rows": 34, "Plan Width": 49, "Actual Startup Time": 346.142, "Actual Total Time": 1109.991, "Actual Rows": 1208, "Actual Loops": 1, "Output": ["date_part('year'::text, (orders.o_orderdate)::timestamp without time zone)", "n2.n_name", "lineitem.l_extendedprice", "lineitem.l_discount"], "Inner Unique": true, "Plans": [{"Node Type": "Hash Join", "Parent Relationship": "Outer", "Parallel Aware": false, "Join Type": "Inner", "Startup Cost": 31571.15, "Total Cost": 129325.89, "Plan Rows": 34, "Plan Width": 20, "Actual Startup Time": 346.106, "Actual Total Time": 1102.933, "Actual Rows": 1208, "Actual Loops": 1, "Output": ["lineitem.l_extendedprice", "lineitem.l_discount", "supplier.s_nationkey", "orders.o_orderdate"], "Inner Unique": false, "Hash Cond": "(lineitem.l_suppkey = supplier.s_suppkey)", "Plans": [{"Node Type": "Hash Join", "Parent Relationship": "Outer", "Parallel Aware": false, "Join Type": "Inner", "Startup Cost": 31347.65, "Total Cost": 129101.92, "Plan Rows": 34, "Plan Width": 20, "Actual Startup Time": 344.82, "Actual Total Time": 1100.766, "Actual Rows": 1208, "Actual Loops": 1, "Output": ["lineitem.l_extendedprice", "lineitem.l_discount", "lineitem.l_suppkey", "orders.o_orderdate"], "Inner Unique": false, "Hash Cond": "(lineitem.l_orderkey = orders.o_orderkey)", "Plans": [{"Node Type": "Hash Join", "Parent Relationship": "Outer", "Parallel Aware": false, "Join Type": "Inner", "Startup Cost": 3306.29, "Total Cost": 100985.63, "Plan Rows": 19889, "Plan Width": 20, "Actual Startup Time": 136.957, "Actual Total Time": 885.089, "Actual Rows": 19632, "Actual Loops": 1, "Output": ["lineitem.l_extendedprice", "lineitem.l_discount", "lineitem.l_suppkey", "lineitem.l_orderkey"], "Inner Unique": false, "Hash Cond": "(lineitem.l_partkey = part.p_partkey)", "Plans": [{"Node Type": "Seq Scan", "Parent Relationship": "Outer", "Parallel Aware": false, "Relation Name": "lineitem", "Schema": "public", "Alias": "lineitem", "Startup Cost": 0.0, "Total Cost": 86231.15, "Plan Rows": 2999815, "Plan Width": 24, "Actual Startup Time": 0.016, "Actual Total Time": 464.205, "Actual Rows": 2999671, "Actual Loops": 1, "Output": ["lineitem.l_orderkey", "lineitem.l_partkey", "lineitem.l_suppkey", "lineitem.l_linenumber", "lineitem.l_quantity", "lineitem.l_extendedprice", "lineitem.l_discount", "lineitem.l_tax", "lineitem.l_returnflag", "lineitem.l_linestatus", "lineitem.l_shipdate", "lineitem.l_commitdate", "lineitem.l_receiptdate", "lineitem.l_shipinstruct", "lineitem.l_shipmode", "lineitem.l_comment"]}, {"Node Type": "Hash", "Parent Relationship": "Inner", "Parallel Aware": false, "Startup Cost": 3298.0, "Total Cost": 3298.0, "Plan Rows": 663, "Plan Width": 4, "Actual Startup Time": 136.859, "Actual Total Time": 136.86, "Actual Rows": 660, "Actual Loops": 1, "Output": ["part.p_partkey"], "Hash Buckets": 1024, "Original Hash Buckets": 1024, "Hash Batches": 1, "Original Hash Batches": 1, "Peak Memory Usage": 32, "Plans": [{"Node Type": "Seq Scan", "Parent Relationship": "Outer", "Parallel Aware": false, "Relation Name": "part", "Schema": "public", "Alias": "part", "Startup Cost": 0.0, "Total Cost": 3298.0, "Plan Rows": 663, "Plan Width": 4, "Actual Startup Time": 0.025, "Actual Total Time": 136.3, "Actual Rows": 660, "Actual Loops": 1, "Output": ["part.p_partkey"], "Filter": "((part.p_type)::text = 'STANDARD ANODIZED STEEL'::text)", "Rows Removed by Filter": 99340}]}]}, {"Node Type": "Hash", "Parent Relationship": "Inner", "Parallel Aware": false, "Startup Cost": 28025.12, "Total Cost": 28025.12, "Plan Rows": 1300, "Plan Width": 8, "Actual Startup Time": 207.79, "Actual Total Time": 207.804, "Actual Rows": 45208, "Actual Loops": 1, "Output": ["orders.o_orderdate", "orders.o_orderkey"], "Hash Buckets": 65536, "Original Hash Buckets": 2048, "Hash Batches": 1, "Original Hash Batches": 1, "Peak Memory Usage": 2278, "Plans": [{"Node Type": "Hash Join", "Parent Relationship": "Outer", "Parallel Aware": false, "Join Type": "Inner", "Startup Cost": 2867.1, "Total Cost": 28025.12, "Plan Rows": 1300, "Plan Width": 8, "Actual Startup Time": 24.481, "Actual Total Time": 200.114, "Actual Rows": 45208, "Actual Loops": 1, "Output": ["orders.o_orderdate", "orders.o_orderkey"], "Inner Unique": false, "Hash Cond": "(orders.o_custkey = customer.c_custkey)", "Plans": [{"Node Type": "Seq Scan", "Parent Relationship": "Outer", "Parallel Aware": false, "Relation Name": "orders", "Schema": "public", "Alias": "orders", "Startup Cost": 0.0, "Total Cost": 24300.0, "Plan Rows": 225336, "Plan Width": 12, "Actual Startup Time": 0.026, "Actual Total Time": 135.012, "Actual Rows": 228641, "Actual Loops": 1, "Output": ["orders.o_orderkey", "orders.o_custkey", "orders.o_orderstatus", "orders.o_totalprice", "orders.o_orderdate", "orders.o_orderpriority", "orders.o_clerk", "orders.o_shippriority", "orders.o_comment"], "Filter": "((orders.o_orderdate >= '1995-01-01'::date) AND (orders.o_orderdate <= '1996-12-31'::date))", "Rows Removed by Filter": 521359}, {"Node Type": "Hash", "Parent Relationship": "Inner", "Parallel Aware": false, "Startup Cost": 2861.68, "Total Cost": 2861.68, "Plan Rows": 433, "Plan Width": 4, "Actual Startup Time": 24.402, "Actual Total Time": 24.41, "Actual Rows": 14946, "Actual Loops": 1, "Output": ["customer.c_custkey"], "Hash Buckets": 16384, "Original Hash Buckets": 1024, "Hash Batches": 1, "Original Hash Batches": 1, "Peak Memory Usage": 654, "Plans": [{"Node Type": "Hash Join", "Parent Relationship": "Outer", "Parallel Aware": false, "Join Type": "Inner", "Startup Cost": 33.02, "Total Cost": 2861.68, "Plan Rows": 433, "Plan Width": 4, "Actual Startup Time": 0.111, "Actual Total Time": 19.603, "Actual Rows": 14946, "Actual Loops": 1, "Output": ["customer.c_custkey"], "Inner Unique": false, "Hash Cond": "(customer.c_nationkey = n1.n_nationkey)", "Plans": [{"Node Type": "Seq Scan", "Parent Relationship": "Outer", "Parallel Aware": false, "Relation Name": "customer", "Schema": "public", "Alias": "customer", "Startup Cost": 0.0, "Total Cost": 2543.0, "Plan Rows": 75000, "Plan Width": 8, "Actual Startup Time": 0.008, "Actual Total Time": 7.006, "Actual Rows": 75000, "Actual Loops": 1, "Output": ["customer.c_custkey", "customer.c_name", "customer.c_address", "customer.c_nationkey", "customer.c_phone", "customer.c_acctbal", "customer.c_mktsegment", "customer.c_comment"]}, {"Node Type": "Hash", "Parent Relationship": "Inner", "Parallel Aware": false, "Startup Cost": 32.99, "Total Cost": 32.99, "Plan Rows": 3, "Plan Width": 4, "Actual Startup Time": 0.078, "Actual Total Time": 0.083, "Actual Rows": 5, "Actual Loops": 1, "Output": ["n1.n_nationkey"], "Hash Buckets": 1024, "Original Hash Buckets": 1024, "Hash Batches": 1, "Original Hash Batches": 1, "Peak Memory Usage": 9, "Plans": [{"Node Type": "Hash Join", "Parent Relationship": "Outer", "Parallel Aware": false, "Join Type": "Inner", "Startup Cost": 16.54, "Total Cost": 32.99, "Plan Rows": 3, "Plan Width": 4, "Actual Startup Time": 0.07, "Actual Total Time": 0.077, "Actual Rows": 5, "Actual Loops": 1, "Output": ["n1.n_nationkey"], "Inner Unique": true, "Hash Cond": "(n1.n_regionkey = region.r_regionkey)", "Plans": [{"Node Type": "Seq Scan", "Parent Relationship": "Outer", "Parallel Aware": false, "Relation Name": "nation", "Schema": "public", "Alias": "n1", "Startup Cost": 0.0, "Total Cost": 15.1, "Plan Rows": 510, "Plan Width": 8, "Actual Startup Time": 0.004, "Actual Total Time": 0.006, "Actual Rows": 25, "Actual Loops": 1, "Output": ["n1.n_nationkey", "n1.n_name", "n1.n_regionkey", "n1.n_comment"]}, {"Node Type": "Hash", "Parent Relationship": "Inner", "Parallel Aware": false, "Startup Cost": 16.5, "Total Cost": 16.5, "Plan Rows": 3, "Plan Width": 4, "Actual Startup Time": 0.027, "Actual Total Time": 0.028, "Actual Rows": 1, "Actual Loops": 1, "Output": ["region.r_regionkey"], "Hash Buckets": 1024, "Original Hash Buckets": 1024, "Hash Batches": 1, "Original Hash Batches": 1, "Peak Memory Usage": 9, "Plans": [{"Node Type": "Seq Scan", "Parent Relationship": "Outer", "Parallel Aware": false, "Relation Name": "region", "Schema": "public", "Alias": "region", "Startup Cost": 0.0, "Total Cost": 16.5, "Plan Rows": 3, "Plan Width": 4, "Actual Startup Time": 0.019, "Actual Total Time": 0.019, "Actual Rows": 1, "Actual Loops": 1, "Output": ["region.r_regionkey"], "Filter": "((region.r_name)::text = 'MIDDLE EAST'::text)", "Rows Removed by Filter": 4}]}]}]}]}]}]}]}]}, {"Node Type": "Hash", "Parent Relationship": "Inner", "Parallel Aware": false, "Startup Cost": 161.0, "Total Cost": 161.0, "Plan Rows": 5000, "Plan Width": 8, "Actual Startup Time": 1.218, "Actual Total Time": 1.219, "Actual Rows": 5000, "Actual Loops": 1, "Output": ["supplier.s_suppkey", "supplier.s_nationkey"], "Hash Buckets": 8192, "Original Hash Buckets": 8192, "Hash Batches": 1, "Original Hash Batches": 1, "Peak Memory Usage": 260, "Plans": [{"Node Type": "Seq Scan", "Parent Relationship": "Outer", "Parallel Aware": false, "Relation Name": "supplier", "Schema": "public", "Alias": "supplier", "Startup Cost": 0.0, "Total Cost": 161.0, "Plan Rows": 5000, "Plan Width": 8, "Actual Startup Time": 0.004, "Actual Total Time": 0.589, "Actual Rows": 5000, "Actual Loops": 1, "Output": ["supplier.s_suppkey", "supplier.s_nationkey"]}]}]}, {"Node Type": "Index Scan", "Parent Relationship": "Inner", "Parallel Aware": false, "Scan Direction": "Forward", "Index Name": "nation_pkey", "Relation Name": "nation", "Schema": "public", "Alias": "n2", "Startup Cost": 0.15, "Total Cost": 0.17, "Plan Rows": 1, "Plan Width": 33, "Actual Startup Time": 0.005, "Actual Total Time": 0.005, "Actual Rows": 1, "Actual Loops": 1208, "Output": ["n2.n_nationkey", "n2.n_name", "n2.n_regionkey", "n2.n_comment"], "Index Cond": "(n2.n_nationkey = supplier.s_nationkey)", "Rows Removed by Index Recheck": 0}]}]}]}, "Planning Time": 2.123, "Triggers": [], "Execution Time": 1111.834}]
q16#####[{"Plan": {"Node Type": "Sort", "Parallel Aware": false, "Startup Cost": 125310.21, "Total Cost": 125310.47, "Plan Rows": 103, "Plan Width": 61, "Actual Startup Time": 1393.571, "Actual Total Time": 1393.648, "Actual Rows": 5, "Actual Loops": 1, "Output": ["nation.n_name", "(sum((lineitem.l_extendedprice * ('1'::numeric - lineitem.l_discount))))"], "Sort Key": ["(sum((lineitem.l_extendedprice * ('1'::numeric - lineitem.l_discount)))) DESC"], "Sort Method": "quicksort", "Sort Space Used": 25, "Sort Space Type": "Memory", "Plans": [{"Node Type": "Aggregate", "Strategy": "Sorted", "Partial Mode": "Simple", "Parent Relationship": "Outer", "Parallel Aware": false, "Startup Cost": 125304.19, "Total Cost": 125306.77, "Plan Rows": 103, "Plan Width": 61, "Actual Startup Time": 1392.976, "Actual Total Time": 1393.613, "Actual Rows": 5, "Actual Loops": 1, "Output": ["nation.n_name", "sum((lineitem.l_extendedprice * ('1'::numeric - lineitem.l_discount)))"], "Group Key": ["nation.n_name"], "Plans": [{"Node Type": "Sort", "Parent Relationship": "Outer", "Parallel Aware": false, "Startup Cost": 125304.19, "Total Cost": 125304.45, "Plan Rows": 103, "Plan Width": 41, "Actual Startup Time": 1392.757, "Actual Total Time": 1392.953, "Actual Rows": 3551, "Actual Loops": 1, "Output": ["nation.n_name", "lineitem.l_extendedprice", "lineitem.l_discount"], "Sort Key": ["nation.n_name"], "Sort Method": "quicksort", "Sort Space Used": 373, "Sort Space Type": "Memory", "Plans": [{"Node Type": "Hash Join", "Parent Relationship": "Outer", "Parallel Aware": false, "Join Type": "Inner", "Startup Cost": 27774.17, "Total Cost": 125300.75, "Plan Rows": 103, "Plan Width": 41, "Actual Startup Time": 178.918, "Actual Total Time": 1386.026, "Actual Rows": 3551, "Actual Loops": 1, "Output": ["nation.n_name", "lineitem.l_extendedprice", "lineitem.l_discount"], "Inner Unique": false, "Hash Cond": "((lineitem.l_suppkey = supplier.s_suppkey) AND (customer.c_nationkey = supplier.s_nationkey))", "Plans": [{"Node Type": "Hash Join", "Parent Relationship": "Outer", "Parallel Aware": false, "Join Type": "Inner", "Startup Cost": 27538.17, "Total Cost": 125044.38, "Plan Rows": 2578, "Plan Width": 53, "Actual Startup Time": 173.634, "Actual Total Time": 1364.764, "Actual Rows": 90143, "Actual Loops": 1, "Output": ["customer.c_nationkey", "lineitem.l_extendedprice", "lineitem.l_discount", "lineitem.l_suppkey", "nation.n_name", "nation.n_nationkey"], "Inner Unique": false, "Hash Cond": "(lineitem.l_orderkey = orders.o_orderkey)", "Plans": [{"Node Type": "Seq Scan", "Parent Relationship": "Outer", "Parallel Aware": false, "Relation Name": "lineitem", "Schema": "public", "Alias": "lineitem", "Startup Cost": 0.0, "Total Cost": 86231.15, "Plan Rows": 2999815, "Plan Width": 20, "Actual Startup Time": 0.019, "Actual Total Time": 844.071, "Actual Rows": 2999671, "Actual Loops": 1, "Output": ["lineitem.l_orderkey", "lineitem.l_partkey", "lineitem.l_suppkey", "lineitem.l_linenumber", "lineitem.l_quantity", "lineitem.l_extendedprice", "lineitem.l_discount", "lineitem.l_tax", "lineitem.l_returnflag", "lineitem.l_linestatus", "lineitem.l_shipdate", "lineitem.l_commitdate", "lineitem.l_receiptdate", "lineitem.l_shipinstruct", "lineitem.l_shipmode", "lineitem.l_comment"]}, {"Node Type": "Hash", "Parent Relationship": "Inner", "Parallel Aware": false, "Startup Cost": 27530.12, "Total Cost": 27530.12, "Plan Rows": 644, "Plan Width": 41, "Actual Startup Time": 173.558, "Actual Total Time": 173.63, "Actual Rows": 22550, "Actual Loops": 1, "Output": ["customer.c_nationkey", "orders.o_orderkey", "nation.n_name", "nation.n_nationkey"], "Hash Buckets": 32768, "Original Hash Buckets": 1024, "Hash Batches": 1, "Original Hash Batches": 1, "Peak Memory Usage": 1437, "Plans": [{"Node Type": "Hash Join", "Parent Relationship": "Outer", "Parallel Aware": false, "Join Type": "Inner", "Startup Cost": 2804.78, "Total Cost": 27530.12, "Plan Rows": 644, "Plan Width": 41, "Actual Startup Time": 40.095, "Actual Total Time": 156.904, "Actual Rows": 22550, "Actual Loops": 1, "Output": ["customer.c_nationkey", "orders.o_orderkey", "nation.n_name", "nation.n_nationkey"], "Inner Unique": false, "Hash Cond": "(orders.o_custkey = customer.c_custkey)", "Plans": [{"Node Type": "Seq Scan", "Parent Relationship": "Outer", "Parallel Aware": false, "Relation Name": "orders", "Schema": "public", "Alias": "orders", "Startup Cost": 0.0, "Total Cost": 24300.0, "Plan Rows": 111704, "Plan Width": 8, "Actual Startup Time": 0.011, "Actual Total Time": 92.953, "Actual Rows": 113997, "Actual Loops": 1, "Output": ["orders.o_orderkey", "orders.o_custkey", "orders.o_orderstatus", "orders.o_totalprice", "orders.o_orderdate", "orders.o_orderpriority", "orders.o_clerk", "orders.o_shippriority", "orders.o_comment"], "Filter": "((orders.o_orderdate >= '1994-01-01'::date) AND (orders.o_orderdate < '1995-01-01 00:00:00'::timestamp without time zone))", "Rows Removed by Filter": 636003}, {"Node Type": "Hash", "Parent Relationship": "Inner", "Parallel Aware": false, "Startup Cost": 2799.37, "Total Cost": 2799.37, "Plan Rows": 433, "Plan Width": 41, "Actual Startup Time": 40.073, "Actual Total Time": 40.128, "Actual Rows": 14946, "Actual Loops": 1, "Output": ["customer.c_custkey", "customer.c_nationkey", "nation.n_name", "nation.n_nationkey"], "Hash Buckets": 16384, "Original Hash Buckets": 1024, "Hash Batches": 1, "Original Hash Batches": 1, "Peak Memory Usage": 911, "Plans": [{"Node Type": "Hash Join", "Parent Relationship": "Outer", "Parallel Aware": false, "Join Type": "Inner", "Startup Cost": 38.01, "Total Cost": 2799.37, "Plan Rows": 433, "Plan Width": 41, "Actual Startup Time": 0.039, "Actual Total Time": 33.463, "Actual Rows": 14946, "Actual Loops": 1, "Output": ["customer.c_custkey", "customer.c_nationkey", "nation.n_name", "nation.n_nationkey"], "Inner Unique": true, "Hash Cond": "(nation.n_regionkey = region.r_regionkey)", "Plans": [{"Node Type": "Hash Join", "Parent Relationship": "Outer", "Parallel Aware": false, "Join Type": "Inner", "Startup Cost": 21.48, "Total Cost": 2762.99, "Plan Rows": 7500, "Plan Width": 45, "Actual Startup Time": 0.015, "Actual Total Time": 26.989, "Actual Rows": 75000, "Actual Loops": 1, "Output": ["customer.c_custkey", "customer.c_nationkey", "nation.n_name", "nation.n_nationkey", "nation.n_regionkey"], "Inner Unique": true, "Hash Cond": "(customer.c_nationkey = nation.n_nationkey)", "Plans": [{"Node Type": "Seq Scan", "Parent Relationship": "Outer", "Parallel Aware": false, "Relation Name": "customer", "Schema": "public", "Alias": "customer", "Startup Cost": 0.0, "Total Cost": 2543.0, "Plan Rows": 75000, "Plan Width": 8, "Actual Startup Time": 0.004, "Actual Total Time": 11.41, "Actual Rows": 75000, "Actual Loops": 1, "Output": ["customer.c_custkey", "customer.c_name", "customer.c_address", "customer.c_nationkey", "customer.c_phone", "customer.c_acctbal", "customer.c_mktsegment", "customer.c_comment"]}, {"Node Type": "Hash", "Parent Relationship": "Inner", "Parallel Aware": false, "Startup Cost": 15.1, "Total Cost": 15.1, "Plan Rows": 510, "Plan Width": 37, "Actual Startup Time": 0.006, "Actual Total Time": 0.014, "Actual Rows": 25, "Actual Loops": 1, "Output": ["nation.n_name", "nation.n_nationkey", "nation.n_regionkey"], "Hash Buckets": 1024, "Original Hash Buckets": 1024, "Hash Batches": 1, "Original Hash Batches": 1, "Peak Memory Usage": 10, "Plans": [{"Node Type": "Seq Scan", "Parent Relationship": "Outer", "Parallel Aware": false, "Relation Name": "nation", "Schema": "public", "Alias": "nation", "Startup Cost": 0.0, "Total Cost": 15.1, "Plan Rows": 510, "Plan Width": 37, "Actual Startup Time": 0.002, "Actual Total Time": 0.005, "Actual Rows": 25, "Actual Loops": 1, "Output": ["nation.n_name", "nation.n_nationkey", "nation.n_regionkey"]}]}]}, {"Node Type": "Hash", "Parent Relationship": "Inner", "Parallel Aware": false, "Startup Cost": 16.5, "Total Cost": 16.5, "Plan Rows": 3, "Plan Width": 4, "Actual Startup Time": 0.017, "Actual Total Time": 0.018, "Actual Rows": 1, "Actual Loops": 1, "Output": ["region.r_regionkey"], "Hash Buckets": 1024, "Original Hash Buckets": 1024, "Hash Batches": 1, "Original Hash Batches": 1, "Peak Memory Usage": 9, "Plans": [{"Node Type": "Seq Scan", "Parent Relationship": "Outer", "Parallel Aware": false, "Relation Name": "region", "Schema": "public", "Alias": "region", "Startup Cost": 0.0, "Total Cost": 16.5, "Plan Rows": 3, "Plan Width": 4, "Actual Startup Time": 0.016, "Actual Total Time": 0.016, "Actual Rows": 1, "Actual Loops": 1, "Output": ["region.r_regionkey"], "Filter": "((region.r_name)::text = 'MIDDLE EAST'::text)", "Rows Removed by Filter": 4}]}]}]}]}]}]}, {"Node Type": "Hash", "Parent Relationship": "Inner", "Parallel Aware": false, "Startup Cost": 161.0, "Total Cost": 161.0, "Plan Rows": 5000, "Plan Width": 8, "Actual Startup Time": 1.138, "Actual Total Time": 1.138, "Actual Rows": 5000, "Actual Loops": 1, "Output": ["supplier.s_suppkey", "supplier.s_nationkey"], "Hash Buckets": 8192, "Original Hash Buckets": 8192, "Hash Batches": 1, "Original Hash Batches": 1, "Peak Memory Usage": 260, "Plans": [{"Node Type": "Seq Scan", "Parent Relationship": "Outer", "Parallel Aware": false, "Relation Name": "supplier", "Schema": "public", "Alias": "supplier", "Startup Cost": 0.0, "Total Cost": 161.0, "Plan Rows": 5000, "Plan Width": 8, "Actual Startup Time": 0.005, "Actual Total Time": 0.579, "Actual Rows": 5000, "Actual Loops": 1, "Output": ["supplier.s_suppkey", "supplier.s_nationkey"]}]}]}]}]}]}, "Planning Time": 3.932, "Triggers": [], "Execution Time": 1394.035}]
q17#####[{"Plan": {"Node Type": "Sort", "Parallel Aware": false, "Startup Cost": 125319.75, "Total Cost": 125320.01, "Plan Rows": 105, "Plan Width": 61, "Actual Startup Time": 1104.23, "Actual Total Time": 1104.246, "Actual Rows": 5, "Actual Loops": 1, "Output": ["nation.n_name", "(sum((lineitem.l_extendedprice * ('1'::numeric - lineitem.l_discount))))"], "Sort Key": ["(sum((lineitem.l_extendedprice * ('1'::numeric - lineitem.l_discount)))) DESC"], "Sort Method": "quicksort", "Sort Space Used": 25, "Sort Space Type": "Memory", "Plans": [{"Node Type": "Aggregate", "Strategy": "Sorted", "Partial Mode": "Simple", "Parent Relationship": "Outer", "Parallel Aware": false, "Startup Cost": 125313.6, "Total Cost": 125316.22, "Plan Rows": 105, "Plan Width": 61, "Actual Startup Time": 1098.547, "Actual Total Time": 1104.227, "Actual Rows": 5, "Actual Loops": 1, "Output": ["nation.n_name", "sum((lineitem.l_extendedprice * ('1'::numeric - lineitem.l_discount)))"], "Group Key": ["nation.n_name"], "Plans": [{"Node Type": "Sort", "Parent Relationship": "Outer", "Parallel Aware": false, "Startup Cost": 125313.6, "Total Cost": 125313.86, "Plan Rows": 105, "Plan Width": 41, "Actual Startup Time": 1098.159, "Actual Total Time": 1098.406, "Actual Rows": 3732, "Actual Loops": 1, "Output": ["nation.n_name", "lineitem.l_extendedprice", "lineitem.l_discount"], "Sort Key": ["nation.n_name"], "Sort Method": "quicksort", "Sort Space Used": 387, "Sort Space Type": "Memory", "Plans": [{"Node Type": "Hash Join", "Parent Relationship": "Outer", "Parallel Aware": false, "Join Type": "Inner", "Startup Cost": 27782.58, "Total Cost": 125310.07, "Plan Rows": 105, "Plan Width": 41, "Actual Startup Time": 325.14, "Actual Total Time": 1095.662, "Actual Rows": 3732, "Actual Loops": 1, "Output": ["nation.n_name", "lineitem.l_extendedprice", "lineitem.l_discount"], "Inner Unique": false, "Hash Cond": "((lineitem.l_suppkey = supplier.s_suppkey) AND (customer.c_nationkey = supplier.s_nationkey))", "Plans": [{"Node Type": "Hash Join", "Parent Relationship": "Outer", "Parallel Aware": false, "Join Type": "Inner", "Startup Cost": 27546.58, "Total Cost": 125053.31, "Plan Rows": 2628, "Plan Width": 53, "Actual Startup Time": 320.764, "Actual Total Time": 1080.49, "Actual Rows": 91016, "Actual Loops": 1, "Output": ["customer.c_nationkey", "lineitem.l_extendedprice", "lineitem.l_discount", "lineitem.l_suppkey", "nation.n_name", "nation.n_nationkey"], "Inner Unique": false, "Hash Cond": "(lineitem.l_orderkey = orders.o_orderkey)", "Plans": [{"Node Type": "Seq Scan", "Parent Relationship": "Outer", "Parallel Aware": false, "Relation Name": "lineitem", "Schema": "public", "Alias": "lineitem", "Startup Cost": 0.0, "Total Cost": 86231.15, "Plan Rows": 2999815, "Plan Width": 20, "Actual Startup Time": 0.016, "Actual Total Time": 526.974, "Actual Rows": 2999671, "Actual Loops": 1, "Output": ["lineitem.l_orderkey", "lineitem.l_partkey", "lineitem.l_suppkey", "lineitem.l_linenumber", "lineitem.l_quantity", "lineitem.l_extendedprice", "lineitem.l_discount", "lineitem.l_tax", "lineitem.l_returnflag", "lineitem.l_linestatus", "lineitem.l_shipdate", "lineitem.l_commitdate", "lineitem.l_receiptdate", "lineitem.l_shipinstruct", "lineitem.l_shipmode", "lineitem.l_comment"]}, {"Node Type": "Hash", "Parent Relationship": "Inner", "Parallel Aware": false, "Startup Cost": 27538.36, "Total Cost": 27538.36, "Plan Rows": 657, "Plan Width": 41, "Actual Startup Time": 319.633, "Actual Total Time": 319.646, "Actual Rows": 22761, "Actual Loops": 1, "Output": ["customer.c_nationkey", "orders.o_orderkey", "nation.n_name", "nation.n_nationkey"], "Hash Buckets": 32768, "Original Hash Buckets": 1024, "Hash Batches": 1, "Original Hash Batches": 1, "Peak Memory Usage": 1430, "Plans": [{"Node Type": "Hash Join", "Parent Relationship": "Outer", "Parallel Aware": false, "Join Type": "Inner", "Startup Cost": 2804.78, "Total Cost": 27538.36, "Plan Rows": 657, "Plan Width": 41, "Actual Startup Time": 101.199, "Actual Total Time": 306.245, "Actual Rows": 22761, "Actual Loops": 1, "Output": ["customer.c_nationkey", "orders.o_orderkey", "nation.n_name", "nation.n_nationkey"], "Inner Unique": false, "Hash Cond": "(orders.o_custkey = customer.c_custkey)", "Plans": [{"Node Type": "Seq Scan", "Parent Relationship": "Outer", "Parallel Aware": false, "Relation Name": "orders", "Schema": "public", "Alias": "orders", "Startup Cost": 0.0, "Total Cost": 24300.0, "Plan Rows": 113871, "Plan Width": 8, "Actual Startup Time": 0.007, "Actual Total Time": 187.581, "Actual Rows": 113599, "Actual Loops": 1, "Output": ["orders.o_orderkey", "orders.o_custkey", "orders.o_orderstatus", "orders.o_totalprice", "orders.o_orderdate", "orders.o_orderpriority", "orders.o_clerk", "orders.o_shippriority", "orders.o_comment"], "Filter": "((orders.o_orderdate >= '1997-01-10'::date) AND (orders.o_orderdate < '1998-01-10 00:00:00'::timestamp without time zone))", "Rows Removed by Filter": 636401}, {"Node Type": "Hash", "Parent Relationship": "Inner", "Parallel Aware": false, "Startup Cost": 2799.37, "Total Cost": 2799.37, "Plan Rows": 433, "Plan Width": 41, "Actual Startup Time": 101.161, "Actual Total Time": 101.17, "Actual Rows": 15053, "Actual Loops": 1, "Output": ["customer.c_custkey", "customer.c_nationkey", "nation.n_name", "nation.n_nationkey"], "Hash Buckets": 16384, "Original Hash Buckets": 1024, "Hash Batches": 1, "Original Hash Batches": 1, "Peak Memory Usage": 905, "Plans": [{"Node Type": "Hash Join", "Parent Relationship": "Outer", "Parallel Aware": false, "Join Type": "Inner", "Startup Cost": 38.01, "Total Cost": 2799.37, "Plan Rows": 433, "Plan Width": 41, "Actual Startup Time": 0.359, "Actual Total Time": 89.801, "Actual Rows": 15053, "Actual Loops": 1, "Output": ["customer.c_custkey", "customer.c_nationkey", "nation.n_name", "nation.n_nationkey"], "Inner Unique": true, "Hash Cond": "(nation.n_regionkey = region.r_regionkey)", "Plans": [{"Node Type": "Hash Join", "Parent Relationship": "Outer", "Parallel Aware": false, "Join Type": "Inner", "Startup Cost": 21.48, "Total Cost": 2762.99, "Plan Rows": 7500, "Plan Width": 45, "Actual Startup Time": 0.052, "Actual Total Time": 84.307, "Actual Rows": 75000, "Actual Loops": 1, "Output": ["customer.c_custkey", "customer.c_nationkey", "nation.n_name", "nation.n_nationkey", "nation.n_regionkey"], "Inner Unique": true, "Hash Cond": "(customer.c_nationkey = nation.n_nationkey)", "Plans": [{"Node Type": "Seq Scan", "Parent Relationship": "Outer", "Parallel Aware": false, "Relation Name": "customer", "Schema": "public", "Alias": "customer", "Startup Cost": 0.0, "Total Cost": 2543.0, "Plan Rows": 75000, "Plan Width": 8, "Actual Startup Time": 0.013, "Actual Total Time": 9.439, "Actual Rows": 75000, "Actual Loops": 1, "Output": ["customer.c_custkey", "customer.c_name", "customer.c_address", "customer.c_nationkey", "customer.c_phone", "customer.c_acctbal", "customer.c_mktsegment", "customer.c_comment"]}, {"Node Type": "Hash", "Parent Relationship": "Inner", "Parallel Aware": false, "Startup Cost": 15.1, "Total Cost": 15.1, "Plan Rows": 510, "Plan Width": 37, "Actual Startup Time": 0.012, "Actual Total Time": 0.013, "Actual Rows": 25, "Actual Loops": 1, "Output": ["nation.n_name", "nation.n_nationkey", "nation.n_regionkey"], "Hash Buckets": 1024, "Original Hash Buckets": 1024, "Hash Batches": 1, "Original Hash Batches": 1, "Peak Memory Usage": 10, "Plans": [{"Node Type": "Seq Scan", "Parent Relationship": "Outer", "Parallel Aware": false, "Relation Name": "nation", "Schema": "public", "Alias": "nation", "Startup Cost": 0.0, "Total Cost": 15.1, "Plan Rows": 510, "Plan Width": 37, "Actual Startup Time": 0.002, "Actual Total Time": 0.003, "Actual Rows": 25, "Actual Loops": 1, "Output": ["nation.n_name", "nation.n_nationkey", "nation.n_regionkey"]}]}]}, {"Node Type": "Hash", "Parent Relationship": "Inner", "Parallel Aware": false, "Startup Cost": 16.5, "Total Cost": 16.5, "Plan Rows": 3, "Plan Width": 4, "Actual Startup Time": 0.041, "Actual Total Time": 0.041, "Actual Rows": 1, "Actual Loops": 1, "Output": ["region.r_regionkey"], "Hash Buckets": 1024, "Original Hash Buckets": 1024, "Hash Batches": 1, "Original Hash Batches": 1, "Peak Memory Usage": 9, "Plans": [{"Node Type": "Seq Scan", "Parent Relationship": "Outer", "Parallel Aware": false, "Relation Name": "region", "Schema": "public", "Alias": "region", "Startup Cost": 0.0, "Total Cost": 16.5, "Plan Rows": 3, "Plan Width": 4, "Actual Startup Time": 0.034, "Actual Total Time": 0.034, "Actual Rows": 1, "Actual Loops": 1, "Output": ["region.r_regionkey"], "Filter": "((region.r_name)::text = 'ASIA'::text)", "Rows Removed by Filter": 4}]}]}]}]}]}]}, {"Node Type": "Hash", "Parent Relationship": "Inner", "Parallel Aware": false, "Startup Cost": 161.0, "Total Cost": 161.0, "Plan Rows": 5000, "Plan Width": 8, "Actual Startup Time": 1.97, "Actual Total Time": 1.97, "Actual Rows": 5000, "Actual Loops": 1, "Output": ["supplier.s_suppkey", "supplier.s_nationkey"], "Hash Buckets": 8192, "Original Hash Buckets": 8192, "Hash Batches": 1, "Original Hash Batches": 1, "Peak Memory Usage": 260, "Plans": [{"Node Type": "Seq Scan", "Parent Relationship": "Outer", "Parallel Aware": false, "Relation Name": "supplier", "Schema": "public", "Alias": "supplier", "Startup Cost": 0.0, "Total Cost": 161.0, "Plan Rows": 5000, "Plan Width": 8, "Actual Startup Time": 0.012, "Actual Total Time": 1.43, "Actual Rows": 5000, "Actual Loops": 1, "Output": ["supplier.s_suppkey", "supplier.s_nationkey"]}]}]}]}]}]}, "Planning Time": 0.9, "Triggers": [], "Execution Time": 1104.37}]
q18#####[{"Plan": {"Node Type": "Sort", "Parallel Aware": false, "Startup Cost": 125325.51, "Total Cost": 125325.77, "Plan Rows": 106, "Plan Width": 61, "Actual Startup Time": 1578.505, "Actual Total Time": 1578.57, "Actual Rows": 5, "Actual Loops": 1, "Output": ["nation.n_name", "(sum((lineitem.l_extendedprice * ('1'::numeric - lineitem.l_discount))))"], "Sort Key": ["(sum((lineitem.l_extendedprice * ('1'::numeric - lineitem.l_discount)))) DESC"], "Sort Method": "quicksort", "Sort Space Used": 25, "Sort Space Type": "Memory", "Plans": [{"Node Type": "Aggregate", "Strategy": "Sorted", "Partial Mode": "Simple", "Parent Relationship": "Outer", "Parallel Aware": false, "Startup Cost": 125319.29, "Total Cost": 125321.94, "Plan Rows": 106, "Plan Width": 61, "Actual Startup Time": 1577.876, "Actual Total Time": 1578.536, "Actual Rows": 5, "Actual Loops": 1, "Output": ["nation.n_name", "sum((lineitem.l_extendedprice * ('1'::numeric - lineitem.l_discount)))"], "Group Key": ["nation.n_name"], "Plans": [{"Node Type": "Sort", "Parent Relationship": "Outer", "Parallel Aware": false, "Startup Cost": 125319.29, "Total Cost": 125319.56, "Plan Rows": 106, "Plan Width": 41, "Actual Startup Time": 1577.489, "Actual Total Time": 1577.718, "Actual Rows": 3424, "Actual Loops": 1, "Output": ["nation.n_name", "lineitem.l_extendedprice", "lineitem.l_discount"], "Sort Key": ["nation.n_name"], "Sort Method": "quicksort", "Sort Space Used": 363, "Sort Space Type": "Memory", "Plans": [{"Node Type": "Hash Join", "Parent Relationship": "Outer", "Parallel Aware": false, "Join Type": "Inner", "Startup Cost": 27787.67, "Total Cost": 125315.72, "Plan Rows": 106, "Plan Width": 41, "Actual Startup Time": 216.848, "Actual Total Time": 1573.519, "Actual Rows": 3424, "Actual Loops": 1, "Output": ["nation.n_name", "lineitem.l_extendedprice", "lineitem.l_discount"], "Inner Unique": false, "Hash Cond": "((lineitem.l_suppkey = supplier.s_suppkey) AND (customer.c_nationkey = supplier.s_nationkey))", "Plans": [{"Node Type": "Hash Join", "Parent Relationship": "Outer", "Parallel Aware": false, "Join Type": "Inner", "Startup Cost": 27551.67, "Total Cost": 125058.73, "Plan Rows": 2658, "Plan Width": 53, "Actual Startup Time": 213.574, "Actual Total Time": 1552.982, "Actual Rows": 90071, "Actual Loops": 1, "Output": ["customer.c_nationkey", "lineitem.l_extendedprice", "lineitem.l_discount", "lineitem.l_suppkey", "nation.n_name", "nation.n_nationkey"], "Inner Unique": false, "Hash Cond": "(lineitem.l_orderkey = orders.o_orderkey)", "Plans": [{"Node Type": "Seq Scan", "Parent Relationship": "Outer", "Parallel Aware": false, "Relation Name": "lineitem", "Schema": "public", "Alias": "lineitem", "Startup Cost": 0.0, "Total Cost": 86231.15, "Plan Rows": 2999815, "Plan Width": 20, "Actual Startup Time": 0.021, "Actual Total Time": 948.416, "Actual Rows": 2999671, "Actual Loops": 1, "Output": ["lineitem.l_orderkey", "lineitem.l_partkey", "lineitem.l_suppkey", "lineitem.l_linenumber", "lineitem.l_quantity", "lineitem.l_extendedprice", "lineitem.l_discount", "lineitem.l_tax", "lineitem.l_returnflag", "lineitem.l_linestatus", "lineitem.l_shipdate", "lineitem.l_commitdate", "lineitem.l_receiptdate", "lineitem.l_shipinstruct", "lineitem.l_shipmode", "lineitem.l_comment"]}, {"Node Type": "Hash", "Parent Relationship": "Inner", "Parallel Aware": false, "Startup Cost": 27543.36, "Total Cost": 27543.36, "Plan Rows": 665, "Plan Width": 41, "Actual Startup Time": 213.265, "Actual Total Time": 213.321, "Actual Rows": 22564, "Actual Loops": 1, "Output": ["customer.c_nationkey", "orders.o_orderkey", "nation.n_name", "nation.n_nationkey"], "Hash Buckets": 32768, "Original Hash Buckets": 1024, "Hash Batches": 1, "Original Hash Batches": 1, "Peak Memory Usage": 1438, "Plans": [{"Node Type": "Hash Join", "Parent Relationship": "Outer", "Parallel Aware": false, "Join Type": "Inner", "Startup Cost": 2804.78, "Total Cost": 27543.36, "Plan Rows": 665, "Plan Width": 41, "Actual Startup Time": 46.084, "Actual Total Time": 204.597, "Actual Rows": 22564, "Actual Loops": 1, "Output": ["customer.c_nationkey", "orders.o_orderkey", "nation.n_name", "nation.n_nationkey"], "Inner Unique": false, "Hash Cond": "(orders.o_custkey = customer.c_custkey)", "Plans": [{"Node Type": "Seq Scan", "Parent Relationship": "Outer", "Parallel Aware": false, "Relation Name": "orders", "Schema": "public", "Alias": "orders", "Startup Cost": 0.0, "Total Cost": 24300.0, "Plan Rows": 115182, "Plan Width": 8, "Actual Startup Time": 0.011, "Actual Total Time": 142.664, "Actual Rows": 114407, "Actual Loops": 1, "Output": ["orders.o_orderkey", "orders.o_custkey", "orders.o_orderstatus", "orders.o_totalprice", "orders.o_orderdate", "orders.o_orderpriority", "orders.o_clerk", "orders.o_shippriority", "orders.o_comment"], "Filter": "((orders.o_orderdate >= '1996-01-01'::date) AND (orders.o_orderdate < '1997-01-01 00:00:00'::timestamp without time zone))", "Rows Removed by Filter": 635593}, {"Node Type": "Hash", "Parent Relationship": "Inner", "Parallel Aware": false, "Startup Cost": 2799.37, "Total Cost": 2799.37, "Plan Rows": 433, "Plan Width": 41, "Actual Startup Time": 46.053, "Actual Total Time": 46.095, "Actual Rows": 14946, "Actual Loops": 1, "Output": ["customer.c_custkey", "customer.c_nationkey", "nation.n_name", "nation.n_nationkey"], "Hash Buckets": 16384, "Original Hash Buckets": 1024, "Hash Batches": 1, "Original Hash Batches": 1, "Peak Memory Usage": 911, "Plans": [{"Node Type": "Hash Join", "Parent Relationship": "Outer", "Parallel Aware": false, "Join Type": "Inner", "Startup Cost": 38.01, "Total Cost": 2799.37, "Plan Rows": 433, "Plan Width": 41, "Actual Startup Time": 0.339, "Actual Total Time": 42.164, "Actual Rows": 14946, "Actual Loops": 1, "Output": ["customer.c_custkey", "customer.c_nationkey", "nation.n_name", "nation.n_nationkey"], "Inner Unique": true, "Hash Cond": "(nation.n_regionkey = region.r_regionkey)", "Plans": [{"Node Type": "Hash Join", "Parent Relationship": "Outer", "Parallel Aware": false, "Join Type": "Inner", "Startup Cost": 21.48, "Total Cost": 2762.99, "Plan Rows": 7500, "Plan Width": 45, "Actual Startup Time": 0.285, "Actual Total Time": 35.625, "Actual Rows": 75000, "Actual Loops": 1, "Output": ["customer.c_custkey", "customer.c_nationkey", "nation.n_name", "nation.n_nationkey", "nation.n_regionkey"], "Inner Unique": true, "Hash Cond": "(customer.c_nationkey = nation.n_nationkey)", "Plans": [{"Node Type": "Seq Scan", "Parent Relationship": "Outer", "Parallel Aware": false, "Relation Name": "customer", "Schema": "public", "Alias": "customer", "Startup Cost": 0.0, "Total Cost": 2543.0, "Plan Rows": 75000, "Plan Width": 8, "Actual Startup Time": 0.011, "Actual Total Time": 7.45, "Actual Rows": 75000, "Actual Loops": 1, "Output": ["customer.c_custkey", "customer.c_name", "customer.c_address", "customer.c_nationkey", "customer.c_phone", "customer.c_acctbal", "customer.c_mktsegment", "customer.c_comment"]}, {"Node Type": "Hash", "Parent Relationship": "Inner", "Parallel Aware": false, "Startup Cost": 15.1, "Total Cost": 15.1, "Plan Rows": 510, "Plan Width": 37, "Actual Startup Time": 0.015, "Actual Total Time": 0.016, "Actual Rows": 25, "Actual Loops": 1, "Output": ["nation.n_name", "nation.n_nationkey", "nation.n_regionkey"], "Hash Buckets": 1024, "Original Hash Buckets": 1024, "Hash Batches": 1, "Original Hash Batches": 1, "Peak Memory Usage": 10, "Plans": [{"Node Type": "Seq Scan", "Parent Relationship": "Outer", "Parallel Aware": false, "Relation Name": "nation", "Schema": "public", "Alias": "nation", "Startup Cost": 0.0, "Total Cost": 15.1, "Plan Rows": 510, "Plan Width": 37, "Actual Startup Time": 0.004, "Actual Total Time": 0.006, "Actual Rows": 25, "Actual Loops": 1, "Output": ["nation.n_name", "nation.n_nationkey", "nation.n_regionkey"]}]}]}, {"Node Type": "Hash", "Parent Relationship": "Inner", "Parallel Aware": false, "Startup Cost": 16.5, "Total Cost": 16.5, "Plan Rows": 3, "Plan Width": 4, "Actual Startup Time": 0.033, "Actual Total Time": 0.039, "Actual Rows": 1, "Actual Loops": 1, "Output": ["region.r_regionkey"], "Hash Buckets": 1024, "Original Hash Buckets": 1024, "Hash Batches": 1, "Original Hash Batches": 1, "Peak Memory Usage": 9, "Plans": [{"Node Type": "Seq Scan", "Parent Relationship": "Outer", "Parallel Aware": false, "Relation Name": "region", "Schema": "public", "Alias": "region", "Startup Cost": 0.0, "Total Cost": 16.5, "Plan Rows": 3, "Plan Width": 4, "Actual Startup Time": 0.031, "Actual Total Time": 0.033, "Actual Rows": 1, "Actual Loops": 1, "Output": ["region.r_regionkey"], "Filter": "((region.r_name)::text = 'MIDDLE EAST'::text)", "Rows Removed by Filter": 4}]}]}]}]}]}]}, {"Node Type": "Hash", "Parent Relationship": "Inner", "Parallel Aware": false, "Startup Cost": 161.0, "Total Cost": 161.0, "Plan Rows": 5000, "Plan Width": 8, "Actual Startup Time": 1.482, "Actual Total Time": 1.483, "Actual Rows": 5000, "Actual Loops": 1, "Output": ["supplier.s_suppkey", "supplier.s_nationkey"], "Hash Buckets": 8192, "Original Hash Buckets": 8192, "Hash Batches": 1, "Original Hash Batches": 1, "Peak Memory Usage": 260, "Plans": [{"Node Type": "Seq Scan", "Parent Relationship": "Outer", "Parallel Aware": false, "Relation Name": "supplier", "Schema": "public", "Alias": "supplier", "Startup Cost": 0.0, "Total Cost": 161.0, "Plan Rows": 5000, "Plan Width": 8, "Actual Startup Time": 0.01, "Actual Total Time": 1.053, "Actual Rows": 5000, "Actual Loops": 1, "Output": ["supplier.s_suppkey", "supplier.s_nationkey"]}]}]}]}]}]}, "Planning Time": 0.809, "Triggers": [], "Execution Time": 1580.2}]
q19#####[{"Plan": {"Node Type": "Aggregate", "Strategy": "Sorted", "Partial Mode": "Simple", "Parallel Aware": false, "Startup Cost": 26292.89, "Total Cost": 26293.21, "Plan Rows": 9, "Plan Width": 98, "Actual Startup Time": 214.032, "Actual Total Time": 214.152, "Actual Rows": 4, "Actual Loops": 1, "Output": ["n1.n_name", "n2.n_name", "(date_part('year'::text, (lineitem.l_shipdate)::timestamp without time zone))", "sum((lineitem.l_extendedprice * ('1'::numeric - lineitem.l_discount)))"], "Group Key": ["n1.n_name", "n2.n_name", "(date_part('year'::text, (lineitem.l_shipdate)::timestamp without time zone))"], "Plans": [{"Node Type": "Sort", "Parent Relationship": "Outer", "Parallel Aware": false, "Startup Cost": 26292.89, "Total Cost": 26292.92, "Plan Rows": 9, "Plan Width": 78, "Actual Startup Time": 213.987, "Actual Total Time": 214.017, "Actual Rows": 620, "Actual Loops": 1, "Output": ["n1.n_name", "n2.n_name", "(date_part('year'::text, (lineitem.l_shipdate)::timestamp without time zone))", "lineitem.l_extendedprice", "lineitem.l_discount"], "Sort Key": ["n1.n_name", "n2.n_name", "(date_part('year'::text, (lineitem.l_shipdate)::timestamp without time zone))"], "Sort Method": "quicksort", "Sort Space Used": 73, "Sort Space Type": "Memory", "Plans": [{"Node Type": "Hash Join", "Parent Relationship": "Outer", "Parallel Aware": false, "Join Type": "Inner", "Startup Cost": 5327.32, "Total Cost": 26292.75, "Plan Rows": 9, "Plan Width": 78, "Actual Startup Time": 82.678, "Actual Total Time": 213.442, "Actual Rows": 620, "Actual Loops": 1, "Output": ["n1.n_name", "n2.n_name", "date_part('year'::text, (lineitem.l_shipdate)::timestamp without time zone)", "lineitem.l_extendedprice", "lineitem.l_discount"], "Inner Unique": false, "Hash Cond": "(lineitem.l_suppkey = supplier.s_suppkey)", "Join Filter": "((((n1.n_name)::text = 'IRAN'::text) AND ((n2.n_name)::text = 'IRAQ'::text)) OR (((n1.n_name)::text = 'IRAQ'::text) AND ((n2.n_name)::text = 'IRAN'::text)))", "Rows Removed by Join Filter": 640, "Plans": [{"Node Type": "Hash Join", "Parent Relationship": "Outer", "Parallel Aware": false, "Join Type": "Inner", "Startup Cost": 5273.84, "Total Cost": 26232.07, "Plan Rows": 1812, "Plan Width": 49, "Actual Startup Time": 82.244, "Actual Total Time": 211.311, "Actual Rows": 15085, "Actual Loops": 1, "Output": ["lineitem.l_shipdate", "lineitem.l_extendedprice", "lineitem.l_discount", "lineitem.l_suppkey", "n2.n_name"], "Inner Unique": false, "Hash Cond": "(lineitem.l_orderkey = orders.o_orderkey)", "Plans": [{"Node Type": "Seq Scan", "Parent Relationship": "Outer", "Parallel Aware": false, "Relation Name": "lineitem", "Schema": "public", "Alias": "lineitem", "Startup Cost": 0.0, "Total Cost": 20247.0, "Plan Rows": 184827, "Plan Width": 24, "Actual Startup Time": 0.088, "Actual Total Time": 111.085, "Actual Rows": 182360, "Actual Loops": 1, "Output": ["lineitem.l_orderkey", "lineitem.l_partkey", "lineitem.l_suppkey", "lineitem.l_linenumber", "lineitem.l_quantity", "lineitem.l_extendedprice", "lineitem.l_discount", "lineitem.l_tax", "lineitem.l_returnflag", "lineitem.l_linestatus", "lineitem.l_shipdate", "lineitem.l_commitdate", "lineitem.l_receiptdate", "lineitem.l_shipinstruct", "lineitem.l_shipmode", "lineitem.l_comment"], "Filter": "((lineitem.l_shipdate >= '1995-01-02'::date) AND (lineitem.l_shipdate <= '1996-12-31'::date))", "Rows Removed by Filter": 417640}, {"Node Type": "Hash", "Parent Relationship": "Inner", "Parallel Aware": false, "Startup Cost": 5255.45, "Total Cost": 5255.45, "Plan Rows": 1471, "Plan Width": 33, "Actual Startup Time": 82.126, "Actual Total Time": 82.13, "Actual Rows": 12594, "Actual Loops": 1, "Output": ["orders.o_orderkey", "n2.n_name"], "Hash Buckets": 16384, "Original Hash Buckets": 2048, "Hash Batches": 1, "Original Hash Batches": 1, "Peak Memory Usage": 633, "Plans": [{"Node Type": "Hash Join", "Parent Relationship": "Outer", "Parallel Aware": false, "Join Type": "Inner", "Startup Cost": 568.25, "Total Cost": 5255.45, "Plan Rows": 1471, "Plan Width": 33, "Actual Startup Time": 8.49, "Actual Total Time": 78.83, "Actual Rows": 12594, "Actual Loops": 1, "Output": ["orders.o_orderkey", "n2.n_name"], "Inner Unique": false, "Hash Cond": "(orders.o_custkey = customer.c_custkey)", "Plans": [{"Node Type": "Seq Scan", "Parent Relationship": "Outer", "Parallel Aware": false, "Relation Name": "orders", "Schema": "public", "Alias": "orders", "Startup Cost": 0.0, "Total Cost": 4110.0, "Plan Rows": 150000, "Plan Width": 8, "Actual Startup Time": 0.005, "Actual Total Time": 27.058, "Actual Rows": 150000, "Actual Loops": 1, "Output": ["orders.o_orderkey", "orders.o_custkey", "orders.o_orderstatus", "orders.o_totalprice", "orders.o_orderdate", "orders.o_orderpriority", "orders.o_clerk", "orders.o_shippriority", "orders.o_comment"]}, {"Node Type": "Hash", "Parent Relationship": "Inner", "Parallel Aware": false, "Startup Cost": 566.41, "Total Cost": 566.41, "Plan Rows": 147, "Plan Width": 33, "Actual Startup Time": 8.469, "Actual Total Time": 8.471, "Actual Rows": 1263, "Actual Loops": 1, "Output": ["customer.c_custkey", "n2.n_name"], "Hash Buckets": 2048, "Original Hash Buckets": 1024, "Hash Batches": 1, "Original Hash Batches": 1, "Peak Memory Usage": 67, "Plans": [{"Node Type": "Hash Join", "Parent Relationship": "Outer", "Parallel Aware": false, "Join Type": "Inner", "Startup Cost": 17.71, "Total Cost": 566.41, "Plan Rows": 147, "Plan Width": 33, "Actual Startup Time": 0.017, "Actual Total Time": 8.052, "Actual Rows": 1263, "Actual Loops": 1, "Output": ["customer.c_custkey", "n2.n_name"], "Inner Unique": true, "Hash Cond": "(customer.c_nationkey = n2.n_nationkey)", "Plans": [{"Node Type": "Seq Scan", "Parent Relationship": "Outer", "Parallel Aware": false, "Relation Name": "customer", "Schema": "public", "Alias": "customer", "Startup Cost": 0.0, "Total Cost": 509.0, "Plan Rows": 15000, "Plan Width": 8, "Actual Startup Time": 0.003, "Actual Total Time": 3.366, "Actual Rows": 15000, "Actual Loops": 1, "Output": ["customer.c_custkey", "customer.c_name", "customer.c_address", "customer.c_nationkey", "customer.c_phone", "customer.c_acctbal", "customer.c_mktsegment", "customer.c_comment"]}, {"Node Type": "Hash", "Parent Relationship": "Inner", "Parallel Aware": false, "Startup Cost": 17.65, "Total Cost": 17.65, "Plan Rows": 5, "Plan Width": 33, "Actual Startup Time": 0.006, "Actual Total Time": 0.006, "Actual Rows": 2, "Actual Loops": 1, "Output": ["n2.n_name", "n2.n_nationkey"], "Hash Buckets": 1024, "Original Hash Buckets": 1024, "Hash Batches": 1, "Original Hash Batches": 1, "Peak Memory Usage": 9, "Plans": [{"Node Type": "Seq Scan", "Parent Relationship": "Outer", "Parallel Aware": false, "Relation Name": "nation", "Schema": "public", "Alias": "n2", "Startup Cost": 0.0, "Total Cost": 17.65, "Plan Rows": 5, "Plan Width": 33, "Actual Startup Time": 0.003, "Actual Total Time": 0.004, "Actual Rows": 2, "Actual Loops": 1, "Output": ["n2.n_name", "n2.n_nationkey"], "Filter": "(((n2.n_name)::text = 'IRAQ'::text) OR ((n2.n_name)::text = 'IRAN'::text))", "Rows Removed by Filter": 23}]}]}]}]}]}]}, {"Node Type": "Hash", "Parent Relationship": "Inner", "Parallel Aware": false, "Startup Cost": 53.36, "Total Cost": 53.36, "Plan Rows": 10, "Plan Width": 33, "Actual Startup Time": 0.377, "Actual Total Time": 0.379, "Actual Rows": 83, "Actual Loops": 1, "Output": ["supplier.s_suppkey", "n1.n_name"], "Hash Buckets": 1024, "Original Hash Buckets": 1024, "Hash Batches": 1, "Original Hash Batches": 1, "Peak Memory Usage": 12, "Plans": [{"Node Type": "Hash Join", "Parent Relationship": "Outer", "Parallel Aware": false, "Join Type": "Inner", "Startup Cost": 17.71, "Total Cost": 53.36, "Plan Rows": 10, "Plan Width": 33, "Actual Startup Time": 0.028, "Actual Total Time": 0.355, "Actual Rows": 83, "Actual Loops": 1, "Output": ["supplier.s_suppkey", "n1.n_name"], "Inner Unique": true, "Hash Cond": "(supplier.s_nationkey = n1.n_nationkey)", "Plans": [{"Node Type": "Seq Scan", "Parent Relationship": "Outer", "Parallel Aware": false, "Relation Name": "supplier", "Schema": "public", "Alias": "supplier", "Startup Cost": 0.0, "Total Cost": 33.0, "Plan Rows": 1000, "Plan Width": 8, "Actual Startup Time": 0.009, "Actual Total Time": 0.266, "Actual Rows": 1000, "Actual Loops": 1, "Output": ["supplier.s_suppkey", "supplier.s_name", "supplier.s_address", "supplier.s_nationkey", "supplier.s_phone", "supplier.s_acctbal", "supplier.s_comment"]}, {"Node Type": "Hash", "Parent Relationship": "Inner", "Parallel Aware": false, "Startup Cost": 17.65, "Total Cost": 17.65, "Plan Rows": 5, "Plan Width": 33, "Actual Startup Time": 0.012, "Actual Total Time": 0.013, "Actual Rows": 2, "Actual Loops": 1, "Output": ["n1.n_name", "n1.n_nationkey"], "Hash Buckets": 1024, "Original Hash Buckets": 1024, "Hash Batches": 1, "Original Hash Batches": 1, "Peak Memory Usage": 9, "Plans": [{"Node Type": "Seq Scan", "Parent Relationship": "Outer", "Parallel Aware": false, "Relation Name": "nation", "Schema": "public", "Alias": "n1", "Startup Cost": 0.0, "Total Cost": 17.65, "Plan Rows": 5, "Plan Width": 33, "Actual Startup Time": 0.008, "Actual Total Time": 0.009, "Actual Rows": 2, "Actual Loops": 1, "Output": ["n1.n_name", "n1.n_nationkey"], "Filter": "(((n1.n_name)::text = 'IRAN'::text) OR ((n1.n_name)::text = 'IRAQ'::text))", "Rows Removed by Filter": 23}]}]}]}]}]}]}, "Planning Time": 0.696, "Triggers": [], "Execution Time": 214.246}]
q20#####[{"Plan": {"Node Type": "Aggregate", "Strategy": "Sorted", "Partial Mode": "Simple", "Parallel Aware": false, "Startup Cost": 129332.86, "Total Cost": 129334.39, "Plan Rows": 34, "Plan Width": 40, "Actual Startup Time": 1052.301, "Actual Total Time": 1052.531, "Actual Rows": 2, "Actual Loops": 1, "Output": ["(date_part('year'::text, (orders.o_orderdate)::timestamp without time zone))", "(sum(CASE WHEN ((n2.n_name)::text = 'GERMANY'::text) THEN (lineitem.l_extendedprice * ('1'::numeric - lineitem.l_discount)) ELSE '0'::numeric END) / sum((lineitem.l_extendedprice * ('1'::numeric - lineitem.l_discount))))"], "Group Key": ["(date_part('year'::text, (orders.o_orderdate)::timestamp without time zone))"], "Plans": [{"Node Type": "Sort", "Parent Relationship": "Outer", "Parallel Aware": false, "Startup Cost": 129332.86, "Total Cost": 129332.95, "Plan Rows": 34, "Plan Width": 49, "Actual Startup Time": 1052.004, "Actual Total Time": 1052.163, "Actual Rows": 1156, "Actual Loops": 1, "Output": ["(date_part('year'::text, (orders.o_orderdate)::timestamp without time zone))", "n2.n_name", "lineitem.l_extendedprice", "lineitem.l_discount"], "Sort Key": ["(date_part('year'::text, (orders.o_orderdate)::timestamp without time zone))"], "Sort Method": "quicksort", "Sort Space Used": 139, "Sort Space Type": "Memory", "Plans": [{"Node Type": "Nested Loop", "Parent Relationship": "Outer", "Parallel Aware": false, "Join Type": "Inner", "Startup Cost": 31571.3, "Total Cost": 129332.0, "Plan Rows": 34, "Plan Width": 49, "Actual Startup Time": 274.637, "Actual Total Time": 1050.633, "Actual Rows": 1156, "Actual Loops": 1, "Output": ["date_part('year'::text, (orders.o_orderdate)::timestamp without time zone)", "n2.n_name", "lineitem.l_extendedprice", "lineitem.l_discount"], "Inner Unique": true, "Plans": [{"Node Type": "Hash Join", "Parent Relationship": "Outer", "Parallel Aware": false, "Join Type": "Inner", "Startup Cost": 31571.15, "Total Cost": 129325.89, "Plan Rows": 34, "Plan Width": 20, "Actual Startup Time": 274.617, "Actual Total Time": 1047.465, "Actual Rows": 1156, "Actual Loops": 1, "Output": ["lineitem.l_extendedprice", "lineitem.l_discount", "supplier.s_nationkey", "orders.o_orderdate"], "Inner Unique": false, "Hash Cond": "(lineitem.l_suppkey = supplier.s_suppkey)", "Plans": [{"Node Type": "Hash Join", "Parent Relationship": "Outer", "Parallel Aware": false, "Join Type": "Inner", "Startup Cost": 31347.65, "Total Cost": 129101.92, "Plan Rows": 34, "Plan Width": 20, "Actual Startup Time": 272.235, "Actual Total Time": 1044.02, "Actual Rows": 1156, "Actual Loops": 1, "Output": ["lineitem.l_extendedprice", "lineitem.l_discount", "lineitem.l_suppkey", "orders.o_orderdate"], "Inner Unique": false, "Hash Cond": "(lineitem.l_orderkey = orders.o_orderkey)", "Plans": [{"Node Type": "Hash Join", "Parent Relationship": "Outer", "Parallel Aware": false, "Join Type": "Inner", "Startup Cost": 3306.29, "Total Cost": 100985.63, "Plan Rows": 19889, "Plan Width": 20, "Actual Startup Time": 74.115, "Actual Total Time": 837.537, "Actual Rows": 18705, "Actual Loops": 1, "Output": ["lineitem.l_extendedprice", "lineitem.l_discount", "lineitem.l_suppkey", "lineitem.l_orderkey"], "Inner Unique": false, "Hash Cond": "(lineitem.l_partkey = part.p_partkey)", "Plans": [{"Node Type": "Seq Scan", "Parent Relationship": "Outer", "Parallel Aware": false, "Relation Name": "lineitem", "Schema": "public", "Alias": "lineitem", "Startup Cost": 0.0, "Total Cost": 86231.15, "Plan Rows": 2999815, "Plan Width": 24, "Actual Startup Time": 0.02, "Actual Total Time": 537.642, "Actual Rows": 2999671, "Actual Loops": 1, "Output": ["lineitem.l_orderkey", "lineitem.l_partkey", "lineitem.l_suppkey", "lineitem.l_linenumber", "lineitem.l_quantity", "lineitem.l_extendedprice", "lineitem.l_discount", "lineitem.l_tax", "lineitem.l_returnflag", "lineitem.l_linestatus", "lineitem.l_shipdate", "lineitem.l_commitdate", "lineitem.l_receiptdate", "lineitem.l_shipinstruct", "lineitem.l_shipmode", "lineitem.l_comment"]}, {"Node Type": "Hash", "Parent Relationship": "Inner", "Parallel Aware": false, "Startup Cost": 3298.0, "Total Cost": 3298.0, "Plan Rows": 663, "Plan Width": 4, "Actual Startup Time": 73.499, "Actual Total Time": 73.499, "Actual Rows": 622, "Actual Loops": 1, "Output": ["part.p_partkey"], "Hash Buckets": 1024, "Original Hash Buckets": 1024, "Hash Batches": 1, "Original Hash Batches": 1, "Peak Memory Usage": 30, "Plans": [{"Node Type": "Seq Scan", "Parent Relationship": "Outer", "Parallel Aware": false, "Relation Name": "part", "Schema": "public", "Alias": "part", "Startup Cost": 0.0, "Total Cost": 3298.0, "Plan Rows": 663, "Plan Width": 4, "Actual Startup Time": 0.028, "Actual Total Time": 73.108, "Actual Rows": 622, "Actual Loops": 1, "Output": ["part.p_partkey"], "Filter": "((part.p_type)::text = 'MEDIUM PLATED COPPER'::text)", "Rows Removed by Filter": 99378}]}]}, {"Node Type": "Hash", "Parent Relationship": "Inner", "Parallel Aware": false, "Startup Cost": 28025.12, "Total Cost": 28025.12, "Plan Rows": 1300, "Plan Width": 8, "Actual Startup Time": 197.394, "Actual Total Time": 197.465, "Actual Rows": 46000, "Actual Loops": 1, "Output": ["orders.o_orderdate", "orders.o_orderkey"], "Hash Buckets": 65536, "Original Hash Buckets": 2048, "Hash Batches": 1, "Original Hash Batches": 1, "Peak Memory Usage": 2309, "Plans": [{"Node Type": "Hash Join", "Parent Relationship": "Outer", "Parallel Aware": false, "Join Type": "Inner", "Startup Cost": 2867.1, "Total Cost": 28025.12, "Plan Rows": 1300, "Plan Width": 8, "Actual Startup Time": 22.683, "Actual Total Time": 186.989, "Actual Rows": 46000, "Actual Loops": 1, "Output": ["orders.o_orderdate", "orders.o_orderkey"], "Inner Unique": false, "Hash Cond": "(orders.o_custkey = customer.c_custkey)", "Plans": [{"Node Type": "Seq Scan", "Parent Relationship": "Outer", "Parallel Aware": false, "Relation Name": "orders", "Schema": "public", "Alias": "orders", "Startup Cost": 0.0, "Total Cost": 24300.0, "Plan Rows": 225336, "Plan Width": 12, "Actual Startup Time": 0.014, "Actual Total Time": 126.122, "Actual Rows": 228641, "Actual Loops": 1, "Output": ["orders.o_orderkey", "orders.o_custkey", "orders.o_orderstatus", "orders.o_totalprice", "orders.o_orderdate", "orders.o_orderpriority", "orders.o_clerk", "orders.o_shippriority", "orders.o_comment"], "Filter": "((orders.o_orderdate >= '1995-01-01'::date) AND (orders.o_orderdate <= '1996-12-31'::date))", "Rows Removed by Filter": 521359}, {"Node Type": "Hash", "Parent Relationship": "Inner", "Parallel Aware": false, "Startup Cost": 2861.68, "Total Cost": 2861.68, "Plan Rows": 433, "Plan Width": 4, "Actual Startup Time": 22.646, "Actual Total Time": 22.694, "Actual Rows": 14993, "Actual Loops": 1, "Output": ["customer.c_custkey"], "Hash Buckets": 16384, "Original Hash Buckets": 1024, "Hash Batches": 1, "Original Hash Batches": 1, "Peak Memory Usage": 656, "Plans": [{"Node Type": "Hash Join", "Parent Relationship": "Outer", "Parallel Aware": false, "Join Type": "Inner", "Startup Cost": 33.02, "Total Cost": 2861.68, "Plan Rows": 433, "Plan Width": 4, "Actual Startup Time": 0.102, "Actual Total Time": 20.082, "Actual Rows": 14993, "Actual Loops": 1, "Output": ["customer.c_custkey"], "Inner Unique": false, "Hash Cond": "(customer.c_nationkey = n1.n_nationkey)", "Plans": [{"Node Type": "Seq Scan", "Parent Relationship": "Outer", "Parallel Aware": false, "Relation Name": "customer", "Schema": "public", "Alias": "customer", "Startup Cost": 0.0, "Total Cost": 2543.0, "Plan Rows": 75000, "Plan Width": 8, "Actual Startup Time": 0.006, "Actual Total Time": 10.486, "Actual Rows": 75000, "Actual Loops": 1, "Output": ["customer.c_custkey", "customer.c_name", "customer.c_address", "customer.c_nationkey", "customer.c_phone", "customer.c_acctbal", "customer.c_mktsegment", "customer.c_comment"]}, {"Node Type": "Hash", "Parent Relationship": "Inner", "Parallel Aware": false, "Startup Cost": 32.99, "Total Cost": 32.99, "Plan Rows": 3, "Plan Width": 4, "Actual Startup Time": 0.068, "Actual Total Time": 0.103, "Actual Rows": 5, "Actual Loops": 1, "Output": ["n1.n_nationkey"], "Hash Buckets": 1024, "Original Hash Buckets": 1024, "Hash Batches": 1, "Original Hash Batches": 1, "Peak Memory Usage": 9, "Plans": [{"Node Type": "Hash Join", "Parent Relationship": "Outer", "Parallel Aware": false, "Join Type": "Inner", "Startup Cost": 16.54, "Total Cost": 32.99, "Plan Rows": 3, "Plan Width": 4, "Actual Startup Time": 0.06, "Actual Total Time": 0.087, "Actual Rows": 5, "Actual Loops": 1, "Output": ["n1.n_nationkey"], "Inner Unique": true, "Hash Cond": "(n1.n_regionkey = region.r_regionkey)", "Plans": [{"Node Type": "Seq Scan", "Parent Relationship": "Outer", "Parallel Aware": false, "Relation Name": "nation", "Schema": "public", "Alias": "n1", "Startup Cost": 0.0, "Total Cost": 15.1, "Plan Rows": 510, "Plan Width": 8, "Actual Startup Time": 0.004, "Actual Total Time": 0.011, "Actual Rows": 25, "Actual Loops": 1, "Output": ["n1.n_nationkey", "n1.n_name", "n1.n_regionkey", "n1.n_comment"]}, {"Node Type": "Hash", "Parent Relationship": "Inner", "Parallel Aware": false, "Startup Cost": 16.5, "Total Cost": 16.5, "Plan Rows": 3, "Plan Width": 4, "Actual Startup Time": 0.021, "Actual Total Time": 0.023, "Actual Rows": 1, "Actual Loops": 1, "Output": ["region.r_regionkey"], "Hash Buckets": 1024, "Original Hash Buckets": 1024, "Hash Batches": 1, "Original Hash Batches": 1, "Peak Memory Usage": 9, "Plans": [{"Node Type": "Seq Scan", "Parent Relationship": "Outer", "Parallel Aware": false, "Relation Name": "region", "Schema": "public", "Alias": "region", "Startup Cost": 0.0, "Total Cost": 16.5, "Plan Rows": 3, "Plan Width": 4, "Actual Startup Time": 0.012, "Actual Total Time": 0.012, "Actual Rows": 1, "Actual Loops": 1, "Output": ["region.r_regionkey"], "Filter": "((region.r_name)::text = 'EUROPE'::text)", "Rows Removed by Filter": 4}]}]}]}]}]}]}]}]}, {"Node Type": "Hash", "Parent Relationship": "Inner", "Parallel Aware": false, "Startup Cost": 161.0, "Total Cost": 161.0, "Plan Rows": 5000, "Plan Width": 8, "Actual Startup Time": 2.316, "Actual Total Time": 2.316, "Actual Rows": 5000, "Actual Loops": 1, "Output": ["supplier.s_suppkey", "supplier.s_nationkey"], "Hash Buckets": 8192, "Original Hash Buckets": 8192, "Hash Batches": 1, "Original Hash Batches": 1, "Peak Memory Usage": 260, "Plans": [{"Node Type": "Seq Scan", "Parent Relationship": "Outer", "Parallel Aware": false, "Relation Name": "supplier", "Schema": "public", "Alias": "supplier", "Startup Cost": 0.0, "Total Cost": 161.0, "Plan Rows": 5000, "Plan Width": 8, "Actual Startup Time": 0.007, "Actual Total Time": 0.852, "Actual Rows": 5000, "Actual Loops": 1, "Output": ["supplier.s_suppkey", "supplier.s_nationkey"]}]}]}, {"Node Type": "Index Scan", "Parent Relationship": "Inner", "Parallel Aware": false, "Scan Direction": "Forward", "Index Name": "nation_pkey", "Relation Name": "nation", "Schema": "public", "Alias": "n2", "Startup Cost": 0.15, "Total Cost": 0.17, "Plan Rows": 1, "Plan Width": 33, "Actual Startup Time": 0.002, "Actual Total Time": 0.002, "Actual Rows": 1, "Actual Loops": 1156, "Output": ["n2.n_nationkey", "n2.n_name", "n2.n_regionkey", "n2.n_comment"], "Index Cond": "(n2.n_nationkey = supplier.s_nationkey)", "Rows Removed by Index Recheck": 0}]}]}]}, "Planning Time": 1.303, "Triggers": [], "Execution Time": 1053.715}]
q2#####[{"Plan": {"Node Type": "Sort", "Parallel Aware": false, "Startup Cost": 3266930.33, "Total Cost": 3281693.08, "Plan Rows": 5905100, "Plan Width": 205, "Actual Startup Time": 21158.471, "Actual Total Time": 21166.74, "Actual Rows": 37940, "Actual Loops": 1, "Output": ["customer.c_custkey", "customer.c_name", "(sum((lineitem.l_extendedprice * ('1'::numeric - lineitem.l_discount))))", "customer.c_acctbal", "nation.n_name", "customer.c_address", "customer.c_phone", "customer.c_comment"], "Sort Key": ["(sum((lineitem.l_extendedprice * ('1'::numeric - lineitem.l_discount)))) DESC"], "Sort Method": "external merge", "Sort Space Used": 6424, "Sort Space Type": "Disk", "Plans": [{"Node Type": "Aggregate", "Strategy": "Sorted", "Partial Mode": "Simple", "Parent Relationship": "Outer", "Parallel Aware": false, "Startup Cost": 278972.54, "Total Cost": 846830.11, "Plan Rows": 5905100, "Plan Width": 205, "Actual Startup Time": 20268.224, "Actual Total Time": 21038.247, "Actual Rows": 37940, "Actual Loops": 1, "Output": ["customer.c_custkey", "customer.c_name", "sum((lineitem.l_extendedprice * ('1'::numeric - lineitem.l_discount)))", "customer.c_acctbal", "nation.n_name", "customer.c_address", "customer.c_phone", "customer.c_comment"], "Group Key": ["customer.c_custkey", "customer.c_name", "customer.c_acctbal", "customer.c_phone", "nation.n_name", "customer.c_address", "customer.c_comment"], "Plans": [{"Node Type": "Incremental Sort", "Parent Relationship": "Outer", "Parallel Aware": false, "Startup Cost": 278972.54, "Total Cost": 625388.86, "Plan Rows": 5905100, "Plan Width": 185, "Actual Startup Time": 20259.058, "Actual Total Time": 20920.066, "Actual Rows": 114847, "Actual Loops": 1, "Output": ["customer.c_custkey", "customer.c_name", "customer.c_acctbal", "nation.n_name", "customer.c_address", "customer.c_phone", "customer.c_comment", "lineitem.l_extendedprice", "lineitem.l_discount"], "Sort Key": ["customer.c_custkey", "customer.c_name", "customer.c_acctbal", "customer.c_phone", "nation.n_name", "customer.c_address", "customer.c_comment"], "Presorted Key": ["customer.c_custkey"], "Full-sort Groups": {"Group Count": 3414, "Sort Methods Used": ["quicksort"], "Sort Space Memory": {"Average Sort Space Used": 34, "Peak Sort Space Used": 34}}, "Plans": [{"Node Type": "Merge Join", "Parent Relationship": "Outer", "Parallel Aware": false, "Join Type": "Inner", "Startup Cost": 278970.79, "Total Cost": 280606.56, "Plan Rows": 5905100, "Plan Width": 185, "Actual Startup Time": 20258.509, "Actual Total Time": 20848.082, "Actual Rows": 114847, "Actual Loops": 1, "Output": ["customer.c_custkey", "customer.c_name", "customer.c_acctbal", "nation.n_name", "customer.c_address", "customer.c_phone", "customer.c_comment", "lineitem.l_extendedprice", "lineitem.l_discount"], "Inner Unique": false, "Merge Cond": "(customer.c_custkey = orders.o_custkey)", "Plans": [{"Node Type": "Sort", "Parent Relationship": "Outer", "Parallel Aware": false, "Startup Cost": 31219.95, "Total Cost": 31594.95, "Plan Rows": 150000, "Plan Width": 173, "Actual Startup Time": 283.201, "Actual Total Time": 820.118, "Actual Rows": 149991, "Actual Loops": 1, "Output": ["customer.c_custkey", "customer.c_name", "customer.c_acctbal", "customer.c_address", "customer.c_phone", "customer.c_comment", "nation.n_name"], "Sort Key": ["customer.c_custkey"], "Sort Method": "external merge", "Sort Space Used": 24056, "Sort Space Type": "Disk", "Plans": [{"Node Type": "Hash Join", "Parent Relationship": "Outer", "Parallel Aware": false, "Join Type": "Inner", "Startup Cost": 21.48, "Total Cost": 5503.5, "Plan Rows": 150000, "Plan Width": 173, "Actual Startup Time": 0.028, "Actual Total Time": 60.903, "Actual Rows": 150000, "Actual Loops": 1, "Output": ["customer.c_custkey", "customer.c_name", "customer.c_acctbal", "customer.c_address", "customer.c_phone", "customer.c_comment", "nation.n_name"], "Inner Unique": true, "Hash Cond": "(customer.c_nationkey = nation.n_nationkey)", "Plans": [{"Node Type": "Seq Scan", "Parent Relationship": "Outer", "Parallel Aware": false, "Relation Name": "customer", "Schema": "public", "Alias": "customer", "Startup Cost": 0.0, "Total Cost": 5085.0, "Plan Rows": 150000, "Plan Width": 148, "Actual Startup Time": 0.014, "Actual Total Time": 20.691, "Actual Rows": 150000, "Actual Loops": 1, "Output": ["customer.c_custkey", "customer.c_name", "customer.c_address", "customer.c_nationkey", "customer.c_phone", "customer.c_acctbal", "customer.c_mktsegment", "customer.c_comment"]}, {"Node Type": "Hash", "Parent Relationship": "Inner", "Parallel Aware": false, "Startup Cost": 15.1, "Total Cost": 15.1, "Plan Rows": 510, "Plan Width": 33, "Actual Startup Time": 0.007, "Actual Total Time": 0.022, "Actual Rows": 25, "Actual Loops": 1, "Output": ["nation.n_name", "nation.n_nationkey"], "Hash Buckets": 1024, "Original Hash Buckets": 1024, "Hash Batches": 1, "Original Hash Batches": 1, "Peak Memory Usage": 10, "Plans": [{"Node Type": "Seq Scan", "Parent Relationship": "Outer", "Parallel Aware": false, "Relation Name": "nation", "Schema": "public", "Alias": "nation", "Startup Cost": 0.0, "Total Cost": 15.1, "Plan Rows": 510, "Plan Width": 33, "Actual Startup Time": 0.002, "Actual Total Time": 0.008, "Actual Rows": 25, "Actual Loops": 1, "Output": ["nation.n_name", "nation.n_nationkey"]}]}]}]}, {"Node Type": "Sort", "Parent Relationship": "Inner", "Parallel Aware": false, "Startup Cost": 247750.85, "Total Cost": 247898.47, "Plan Rows": 59051, "Plan Width": 16, "Actual Startup Time": 19975.235, "Actual Total Time": 19992.395, "Actual Rows": 114847, "Actual Loops": 1, "Output": ["orders.o_custkey", "lineitem.l_extendedprice", "lineitem.l_discount"], "Sort Key": ["orders.o_custkey"], "Sort Method": "external sort", "Sort Space Used": 3552, "Sort Space Type": "Disk", "Plans": [{"Node Type": "Hash Join", "Parent Relationship": "Outer", "Parallel Aware": false, "Join Type": "Inner", "Startup Cost": 49332.86, "Total Cost": 243071.15, "Plan Rows": 59051, "Plan Width": 16, "Actual Startup Time": 6998.142, "Actual Total Time": 19584.789, "Actual Rows": 114847, "Actual Loops": 1, "Output": ["orders.o_custkey", "lineitem.l_extendedprice", "lineitem.l_discount"], "Inner Unique": false, "Hash Cond": "(lineitem.l_orderkey = orders.o_orderkey)", "Plans": [{"Node Type": "Seq Scan", "Parent Relationship": "Outer", "Parallel Aware": false, "Relation Name": "lineitem", "Schema": "public", "Alias": "lineitem", "Startup Cost": 0.0, "Total Cost": 187520.7, "Plan Rows": 1500554, "Plan Width": 16, "Actual Startup Time": 0.031, "Actual Total Time": 12116.863, "Actual Rows": 1478870, "Actual Loops": 1, "Output": ["lineitem.l_orderkey", "lineitem.l_partkey", "lineitem.l_suppkey", "lineitem.l_linenumber", "lineitem.l_quantity", "lineitem.l_extendedprice", "lineitem.l_discount", "lineitem.l_tax", "lineitem.l_returnflag", "lineitem.l_linestatus", "lineitem.l_shipdate", "lineitem.l_commitdate", "lineitem.l_receiptdate", "lineitem.l_shipinstruct", "lineitem.l_shipmode", "lineitem.l_comment"], "Filter": "(lineitem.l_returnflag = 'R'::bpchar)", "Rows Removed by Filter": 4522345}, {"Node Type": "Hash", "Parent Relationship": "Inner", "Parallel Aware": false, "Startup Cost": 48595.0, "Total Cost": 48595.0, "Plan Rows": 59029, "Plan Width": 8, "Actual Startup Time": 6996.856, "Actual Total Time": 6996.859, "Actual Rows": 57425, "Actual Loops": 1, "Output": ["orders.o_custkey", "orders.o_orderkey"], "Hash Buckets": 65536, "Original Hash Buckets": 65536, "Hash Batches": 1, "Original Hash Batches": 1, "Peak Memory Usage": 2756, "Plans": [{"Node Type": "Seq Scan", "Parent Relationship": "Outer", "Parallel Aware": false, "Relation Name": "orders", "Schema": "public", "Alias": "orders", "Startup Cost": 0.0, "Total Cost": 48595.0, "Plan Rows": 59029, "Plan Width": 8, "Actual Startup Time": 0.012, "Actual Total Time": 6943.566, "Actual Rows": 57425, "Actual Loops": 1, "Output": ["orders.o_custkey", "orders.o_orderkey"], "Filter": "((orders.o_orderdate >= '1993-06-05'::date) AND (orders.o_orderdate < '1993-09-05 00:00:00'::timestamp without time zone))", "Rows Removed by Filter": 1442575}]}]}]}]}]}]}]}, "Planning Time": 1.892, "Triggers": [], "Execution Time": 21173.513}]
q1#####[{"Plan": {"Node Type": "Aggregate", "Strategy": "Sorted", "Partial Mode": "Simple", "Parallel Aware": false, "Startup Cost": 262572.21, "Total Cost": 262575.32, "Plan Rows": 89, "Plan Width": 98, "Actual Startup Time": 23955.473, "Actual Total Time": 23956.996, "Actual Rows": 4, "Actual Loops": 1, "Output": ["n1.n_name", "n2.n_name", "(date_part('year'::text, (lineitem.l_shipdate)::timestamp without time zone))", "sum((lineitem.l_extendedprice * ('1'::numeric - lineitem.l_discount)))"], "Group Key": ["n1.n_name", "n2.n_name", "(date_part('year'::text, (lineitem.l_shipdate)::timestamp without time zone))"], "Plans": [{"Node Type": "Sort", "Parent Relationship": "Outer", "Parallel Aware": false, "Startup Cost": 262572.21, "Total Cost": 262572.43, "Plan Rows": 89, "Plan Width": 78, "Actual Startup Time": 23954.869, "Actual Total Time": 23955.294, "Actual Rows": 6018, "Actual Loops": 1, "Output": ["n1.n_name", "n2.n_name", "(date_part('year'::text, (lineitem.l_shipdate)::timestamp without time zone))", "lineitem.l_extendedprice", "lineitem.l_discount"], "Sort Key": ["n1.n_name", "n2.n_name", "(date_part('year'::text, (lineitem.l_shipdate)::timestamp without time zone))"], "Sort Method": "quicksort", "Sort Space Used": 663, "Sort Space Type": "Memory", "Plans": [{"Node Type": "Hash Join", "Parent Relationship": "Outer", "Parallel Aware": false, "Join Type": "Inner", "Startup Cost": 52936.46, "Total Cost": 262569.33, "Plan Rows": 89, "Plan Width": 78, "Actual Startup Time": 8734.271, "Actual Total Time": 23919.765, "Actual Rows": 6018, "Actual Loops": 1, "Output": ["n1.n_name", "n2.n_name", "date_part('year'::text, (lineitem.l_shipdate)::timestamp without time zone)", "lineitem.l_extendedprice", "lineitem.l_discount"], "Inner Unique": false, "Hash Cond": "(lineitem.l_suppkey = supplier.s_suppkey)", "Join Filter": "((((n1.n_name)::text = 'ALGERIA'::text) AND ((n2.n_name)::text = 'SAUDI ARABIA'::text)) OR (((n1.n_name)::text = 'SAUDI ARABIA'::text) AND ((n2.n_name)::text = 'ALGERIA'::text)))", "Rows Removed by Join Filter": 6021, "Plans": [{"Node Type": "Hash Join", "Parent Relationship": "Outer", "Parallel Aware": false, "Join Type": "Inner", "Startup Cost": 52569.05, "Total Cost": 262194.33, "Plan Rows": 1809, "Plan Width": 49, "Actual Startup Time": 8562.646, "Actual Total Time": 23664.054, "Actual Rows": 144253, "Actual Loops": 1, "Output": ["lineitem.l_shipdate", "lineitem.l_extendedprice", "lineitem.l_discount", "lineitem.l_suppkey", "n2.n_name"], "Inner Unique": false, "Hash Cond": "(lineitem.l_orderkey = orders.o_orderkey)", "Plans": [{"Node Type": "Seq Scan", "Parent Relationship": "Outer", "Parallel Aware": false, "Relation Name": "lineitem", "Schema": "public", "Alias": "lineitem", "Startup Cost": 0.0, "Total Cost": 202524.24, "Plan Rows": 1845366, "Plan Width": 24, "Actual Startup Time": 0.58, "Actual Total Time": 10017.234, "Actual Rows": 1828450, "Actual Loops": 1, "Output": ["lineitem.l_orderkey", "lineitem.l_partkey", "lineitem.l_suppkey", "lineitem.l_linenumber", "lineitem.l_quantity", "lineitem.l_extendedprice", "lineitem.l_discount", "lineitem.l_tax", "lineitem.l_returnflag", "lineitem.l_linestatus", "lineitem.l_shipdate", "lineitem.l_commitdate", "lineitem.l_receiptdate", "lineitem.l_shipinstruct", "lineitem.l_shipmode", "lineitem.l_comment"], "Filter": "((lineitem.l_shipdate >= '1995-01-01'::date) AND (lineitem.l_shipdate <= '1996-12-31'::date))", "Rows Removed by Filter": 4172765}, {"Node Type": "Hash", "Parent Relationship": "Inner", "Parallel Aware": false, "Startup Cost": 52385.22, "Total Cost": 52385.22, "Plan Rows": 14706, "Plan Width": 33, "Actual Startup Time": 8557.808, "Actual Total Time": 8557.86, "Actual Rows": 118075, "Actual Loops": 1, "Output": ["orders.o_orderkey", "n2.n_name"], "Hash Buckets": 131072, "Original Hash Buckets": 16384, "Hash Batches": 2, "Original Hash Batches": 1, "Peak Memory Usage": 3715, "Plans": [{"Node Type": "Hash Join", "Parent Relationship": "Outer", "Parallel Aware": false, "Join Type": "Inner", "Startup Cost": 5518.12, "Total Cost": 52385.22, "Plan Rows": 14706, "Plan Width": 33, "Actual Startup Time": 879.913, "Actual Total Time": 8469.711, "Actual Rows": 118075, "Actual Loops": 1, "Output": ["orders.o_orderkey", "n2.n_name"], "Inner Unique": false, "Hash Cond": "(orders.o_custkey = customer.c_custkey)", "Plans": [{"Node Type": "Seq Scan", "Parent Relationship": "Outer", "Parallel Aware": false, "Relation Name": "orders", "Schema": "public", "Alias": "orders", "Startup Cost": 0.0, "Total Cost": 41095.0, "Plan Rows": 1500000, "Plan Width": 8, "Actual Startup Time": 1.774, "Actual Total Time": 7042.165, "Actual Rows": 1500000, "Actual Loops": 1, "Output": ["orders.o_orderkey", "orders.o_custkey", "orders.o_orderstatus", "orders.o_totalprice", "orders.o_orderdate", "orders.o_orderpriority", "orders.o_clerk", "orders.o_shippriority", "orders.o_comment"]}, {"Node Type": "Hash", "Parent Relationship": "Inner", "Parallel Aware": false, "Startup Cost": 5499.73, "Total Cost": 5499.73, "Plan Rows": 1471, "Plan Width": 33, "Actual Startup Time": 878.121, "Actual Total Time": 878.157, "Actual Rows": 11829, "Actual Loops": 1, "Output": ["customer.c_custkey", "n2.n_name"], "Hash Buckets": 16384, "Original Hash Buckets": 2048, "Hash Batches": 1, "Original Hash Batches": 1, "Peak Memory Usage": 666, "Plans": [{"Node Type": "Hash Join", "Parent Relationship": "Outer", "Parallel Aware": false, "Join Type": "Inner", "Startup Cost": 17.71, "Total Cost": 5499.73, "Plan Rows": 1471, "Plan Width": 33, "Actual Startup Time": 0.027, "Actual Total Time": 870.279, "Actual Rows": 11829, "Actual Loops": 1, "Output": ["customer.c_custkey", "n2.n_name"], "Inner Unique": true, "Hash Cond": "(customer.c_nationkey = n2.n_nationkey)", "Plans": [{"Node Type": "Seq Scan", "Parent Relationship": "Outer", "Parallel Aware": false, "Relation Name": "customer", "Schema": "public", "Alias": "customer", "Startup Cost": 0.0, "Total Cost": 5085.0, "Plan Rows": 150000, "Plan Width": 8, "Actual Startup Time": 0.005, "Actual Total Time": 120.476, "Actual Rows": 150000, "Actual Loops": 1, "Output": ["customer.c_custkey", "customer.c_name", "customer.c_address", "customer.c_nationkey", "customer.c_phone", "customer.c_acctbal", "customer.c_mktsegment", "customer.c_comment"]}, {"Node Type": "Hash", "Parent Relationship": "Inner", "Parallel Aware": false, "Startup Cost": 17.65, "Total Cost": 17.65, "Plan Rows": 5, "Plan Width": 33, "Actual Startup Time": 0.009, "Actual Total Time": 0.014, "Actual Rows": 2, "Actual Loops": 1, "Output": ["n2.n_name", "n2.n_nationkey"], "Hash Buckets": 1024, "Original Hash Buckets": 1024, "Hash Batches": 1, "Original Hash Batches": 1, "Peak Memory Usage": 9, "Plans": [{"Node Type": "Seq Scan", "Parent Relationship": "Outer", "Parallel Aware": false, "Relation Name": "nation", "Schema": "public", "Alias": "n2", "Startup Cost": 0.0, "Total Cost": 17.65, "Plan Rows": 5, "Plan Width": 33, "Actual Startup Time": 0.006, "Actual Total Time": 0.008, "Actual Rows": 2, "Actual Loops": 1, "Output": ["n2.n_name", "n2.n_nationkey"], "Filter": "(((n2.n_name)::text = 'SAUDI ARABIA'::text) OR ((n2.n_name)::text = 'ALGERIA'::text))", "Rows Removed by Filter": 23}]}]}]}]}]}]}, {"Node Type": "Hash", "Parent Relationship": "Inner", "Parallel Aware": false, "Startup Cost": 366.18, "Total Cost": 366.18, "Plan Rows": 98, "Plan Width": 33, "Actual Startup Time": 164.335, "Actual Total Time": 164.363, "Actual Rows": 831, "Actual Loops": 1, "Output": ["supplier.s_suppkey", "n1.n_name"], "Hash Buckets": 1024, "Original Hash Buckets": 1024, "Hash Batches": 1, "Original Hash Batches": 1, "Peak Memory Usage": 46, "Plans": [{"Node Type": "Hash Join", "Parent Relationship": "Outer", "Parallel Aware": false, "Join Type": "Inner", "Startup Cost": 17.71, "Total Cost": 366.18, "Plan Rows": 98, "Plan Width": 33, "Actual Startup Time": 0.423, "Actual Total Time": 163.825, "Actual Rows": 831, "Actual Loops": 1, "Output": ["supplier.s_suppkey", "n1.n_name"], "Inner Unique": true, "Hash Cond": "(supplier.s_nationkey = n1.n_nationkey)", "Plans": [{"Node Type": "Seq Scan", "Parent Relationship": "Outer", "Parallel Aware": false, "Relation Name": "supplier", "Schema": "public", "Alias": "supplier", "Startup Cost": 0.0, "Total Cost": 322.0, "Plan Rows": 10000, "Plan Width": 8, "Actual Startup Time": 0.165, "Actual Total Time": 30.837, "Actual Rows": 10000, "Actual Loops": 1, "Output": ["supplier.s_suppkey", "supplier.s_name", "supplier.s_address", "supplier.s_nationkey", "supplier.s_phone", "supplier.s_acctbal", "supplier.s_comment"]}, {"Node Type": "Hash", "Parent Relationship": "Inner", "Parallel Aware": false, "Startup Cost": 17.65, "Total Cost": 17.65, "Plan Rows": 5, "Plan Width": 33, "Actual Startup Time": 0.249, "Actual Total Time": 0.257, "Actual Rows": 2, "Actual Loops": 1, "Output": ["n1.n_name", "n1.n_nationkey"], "Hash Buckets": 1024, "Original Hash Buckets": 1024, "Hash Batches": 1, "Original Hash Batches": 1, "Peak Memory Usage": 9, "Plans": [{"Node Type": "Seq Scan", "Parent Relationship": "Outer", "Parallel Aware": false, "Relation Name": "nation", "Schema": "public", "Alias": "n1", "Startup Cost": 0.0, "Total Cost": 17.65, "Plan Rows": 5, "Plan Width": 33, "Actual Startup Time": 0.243, "Actual Total Time": 0.247, "Actual Rows": 2, "Actual Loops": 1, "Output": ["n1.n_name", "n1.n_nationkey"], "Filter": "(((n1.n_name)::text = 'ALGERIA'::text) OR ((n1.n_name)::text = 'SAUDI ARABIA'::text))", "Rows Removed by Filter": 23}]}]}]}]}]}]}, "Planning Time": 2.541, "Triggers": [], "Execution Time": 23958.629}]
q4#####[{"Plan": {"Node Type": "Sort", "Parallel Aware": false, "Startup Cost": 3024165.0, "Total Cost": 3037769.0, "Plan Rows": 5441600, "Plan Width": 205, "Actual Startup Time": 20446.329, "Actual Total Time": 20452.627, "Actual Rows": 37633, "Actual Loops": 1, "Output": ["customer.c_custkey", "customer.c_name", "(sum((lineitem.l_extendedprice * ('1'::numeric - lineitem.l_discount))))", "customer.c_acctbal", "nation.n_name", "customer.c_address", "customer.c_phone", "customer.c_comment"], "Sort Key": ["(sum((lineitem.l_extendedprice * ('1'::numeric - lineitem.l_discount)))) DESC"], "Sort Method": "external merge", "Sort Space Used": 6376, "Sort Space Type": "Disk", "Plans": [{"Node Type": "Aggregate", "Strategy": "Sorted", "Partial Mode": "Simple", "Parent Relationship": "Outer", "Parallel Aware": false, "Startup Cost": 278468.71, "Total Cost": 797235.69, "Plan Rows": 5441600, "Plan Width": 205, "Actual Startup Time": 19655.665, "Actual Total Time": 20371.132, "Actual Rows": 37633, "Actual Loops": 1, "Output": ["customer.c_custkey", "customer.c_name", "sum((lineitem.l_extendedprice * ('1'::numeric - lineitem.l_discount)))", "customer.c_acctbal", "nation.n_name", "customer.c_address", "customer.c_phone", "customer.c_comment"], "Group Key": ["customer.c_custkey", "customer.c_name", "customer.c_acctbal", "customer.c_phone", "nation.n_name", "customer.c_address", "customer.c_comment"], "Plans": [{"Node Type": "Incremental Sort", "Parent Relationship": "Outer", "Parallel Aware": false, "Startup Cost": 278468.71, "Total Cost": 593175.69, "Plan Rows": 5441600, "Plan Width": 185, "Actual Startup Time": 19655.313, "Actual Total Time": 20247.156, "Actual Rows": 112740, "Actual Loops": 1, "Output": ["customer.c_custkey", "customer.c_name", "customer.c_acctbal", "nation.n_name", "customer.c_address", "customer.c_phone", "customer.c_comment", "lineitem.l_extendedprice", "lineitem.l_discount"], "Sort Key": ["customer.c_custkey", "customer.c_name", "customer.c_acctbal", "customer.c_phone", "nation.n_name", "customer.c_address", "customer.c_comment"], "Presorted Key": ["customer.c_custkey"], "Full-sort Groups": {"Group Count": 3356, "Sort Methods Used": ["quicksort"], "Sort Space Memory": {"Average Sort Space Used": 33, "Peak Sort Space Used": 33}}, "Plans": [{"Node Type": "Merge Join", "Parent Relationship": "Outer", "Parallel Aware": false, "Join Type": "Inner", "Startup Cost": 278467.13, "Total Cost": 280033.37, "Plan Rows": 5441600, "Plan Width": 185, "Actual Startup Time": 19654.065, "Actual Total Time": 20163.579, "Actual Rows": 112740, "Actual Loops": 1, "Output": ["customer.c_custkey", "customer.c_name", "customer.c_acctbal", "nation.n_name", "customer.c_address", "customer.c_phone", "customer.c_comment", "lineitem.l_extendedprice", "lineitem.l_discount"], "Inner Unique": false, "Merge Cond": "(customer.c_custkey = orders.o_custkey)", "Plans": [{"Node Type": "Sort", "Parent Relationship": "Outer", "Parallel Aware": false, "Startup Cost": 31219.95, "Total Cost": 31594.95, "Plan Rows": 150000, "Plan Width": 173, "Actual Startup Time": 265.42, "Actual Total Time": 720.995, "Actual Rows": 150000, "Actual Loops": 1, "Output": ["customer.c_custkey", "customer.c_name", "customer.c_acctbal", "customer.c_address", "customer.c_phone", "customer.c_comment", "nation.n_name"], "Sort Key": ["customer.c_custkey"], "Sort Method": "external merge", "Sort Space Used": 24056, "Sort Space Type": "Disk", "Plans": [{"Node Type": "Hash Join", "Parent Relationship": "Outer", "Parallel Aware": false, "Join Type": "Inner", "Startup Cost": 21.48, "Total Cost": 5503.5, "Plan Rows": 150000, "Plan Width": 173, "Actual Startup Time": 0.107, "Actual Total Time": 73.672, "Actual Rows": 150000, "Actual Loops": 1, "Output": ["customer.c_custkey", "customer.c_name", "customer.c_acctbal", "customer.c_address", "customer.c_phone", "customer.c_comment", "nation.n_name"], "Inner Unique": true, "Hash Cond": "(customer.c_nationkey = nation.n_nationkey)", "Plans": [{"Node Type": "Seq Scan", "Parent Relationship": "Outer", "Parallel Aware": false, "Relation Name": "customer", "Schema": "public", "Alias": "customer", "Startup Cost": 0.0, "Total Cost": 5085.0, "Plan Rows": 150000, "Plan Width": 148, "Actual Startup Time": 0.067, "Actual Total Time": 14.351, "Actual Rows": 150000, "Actual Loops": 1, "Output": ["customer.c_custkey", "customer.c_name", "customer.c_address", "customer.c_nationkey", "customer.c_phone", "customer.c_acctbal", "customer.c_mktsegment", "customer.c_comment"]}, {"Node Type": "Hash", "Parent Relationship": "Inner", "Parallel Aware": false, "Startup Cost": 15.1, "Total Cost": 15.1, "Plan Rows": 510, "Plan Width": 33, "Actual Startup Time": 0.019, "Actual Total Time": 0.023, "Actual Rows": 25, "Actual Loops": 1, "Output": ["nation.n_name", "nation.n_nationkey"], "Hash Buckets": 1024, "Original Hash Buckets": 1024, "Hash Batches": 1, "Original Hash Batches": 1, "Peak Memory Usage": 10, "Plans": [{"Node Type": "Seq Scan", "Parent Relationship": "Outer", "Parallel Aware": false, "Relation Name": "nation", "Schema": "public", "Alias": "nation", "Startup Cost": 0.0, "Total Cost": 15.1, "Plan Rows": 510, "Plan Width": 33, "Actual Startup Time": 0.006, "Actual Total Time": 0.008, "Actual Rows": 25, "Actual Loops": 1, "Output": ["nation.n_name", "nation.n_nationkey"]}]}]}]}, {"Node Type": "Sort", "Parent Relationship": "Inner", "Parallel Aware": false, "Startup Cost": 247247.18, "Total Cost": 247383.22, "Plan Rows": 54416, "Plan Width": 16, "Actual Startup Time": 19387.025, "Actual Total Time": 19409.22, "Actual Rows": 112740, "Actual Loops": 1, "Output": ["orders.o_custkey", "lineitem.l_extendedprice", "lineitem.l_discount"], "Sort Key": ["orders.o_custkey"], "Sort Method": "external sort", "Sort Space Used": 3488, "Sort Space Type": "Disk", "Plans": [{"Node Type": "Hash Join", "Parent Relationship": "Outer", "Parallel Aware": false, "Join Type": "Inner", "Startup Cost": 49274.95, "Total Cost": 242966.89, "Plan Rows": 54416, "Plan Width": 16, "Actual Startup Time": 3678.537, "Actual Total Time": 19035.768, "Actual Rows": 112740, "Actual Loops": 1, "Output": ["orders.o_custkey", "lineitem.l_extendedprice", "lineitem.l_discount"], "Inner Unique": false, "Hash Cond": "(lineitem.l_orderkey = orders.o_orderkey)", "Plans": [{"Node Type": "Seq Scan", "Parent Relationship": "Outer", "Parallel Aware": false, "Relation Name": "lineitem", "Schema": "public", "Alias": "lineitem", "Startup Cost": 0.0, "Total Cost": 187520.7, "Plan Rows": 1500554, "Plan Width": 16, "Actual Startup Time": 0.057, "Actual Total Time": 14849.224, "Actual Rows": 1478870, "Actual Loops": 1, "Output": ["lineitem.l_orderkey", "lineitem.l_partkey", "lineitem.l_suppkey", "lineitem.l_linenumber", "lineitem.l_quantity", "lineitem.l_extendedprice", "lineitem.l_discount", "lineitem.l_tax", "lineitem.l_returnflag", "lineitem.l_linestatus", "lineitem.l_shipdate", "lineitem.l_commitdate", "lineitem.l_receiptdate", "lineitem.l_shipinstruct", "lineitem.l_shipmode", "lineitem.l_comment"], "Filter": "(lineitem.l_returnflag = 'R'::bpchar)", "Rows Removed by Filter": 4522345}, {"Node Type": "Hash", "Parent Relationship": "Inner", "Parallel Aware": false, "Startup Cost": 48595.0, "Total Cost": 48595.0, "Plan Rows": 54396, "Plan Width": 8, "Actual Startup Time": 3677.794, "Actual Total Time": 3677.797, "Actual Rows": 56434, "Actual Loops": 1, "Output": ["orders.o_custkey", "orders.o_orderkey"], "Hash Buckets": 65536, "Original Hash Buckets": 65536, "Hash Batches": 1, "Original Hash Batches": 1, "Peak Memory Usage": 2717, "Plans": [{"Node Type": "Seq Scan", "Parent Relationship": "Outer", "Parallel Aware": false, "Relation Name": "orders", "Schema": "public", "Alias": "orders", "Startup Cost": 0.0, "Total Cost": 48595.0, "Plan Rows": 54396, "Plan Width": 8, "Actual Startup Time": 0.009, "Actual Total Time": 3640.729, "Actual Rows": 56434, "Actual Loops": 1, "Output": ["orders.o_custkey", "orders.o_orderkey"], "Filter": "((orders.o_orderdate >= '1993-04-01'::date) AND (orders.o_orderdate < '1993-07-01 00:00:00'::timestamp without time zone))", "Rows Removed by Filter": 1443566}]}]}]}]}]}]}]}, "Planning Time": 1.749, "Triggers": [], "Execution Time": 20462.311}]
q3#####[{"Plan": {"Node Type": "Aggregate", "Strategy": "Sorted", "Partial Mode": "Simple", "Parallel Aware": false, "Startup Cost": 262572.21, "Total Cost": 262575.32, "Plan Rows": 89, "Plan Width": 98, "Actual Startup Time": 22187.43, "Actual Total Time": 22189.476, "Actual Rows": 4, "Actual Loops": 1, "Output": ["n1.n_name", "n2.n_name", "(date_part('year'::text, (lineitem.l_shipdate)::timestamp without time zone))", "sum((lineitem.l_extendedprice * ('1'::numeric - lineitem.l_discount)))"], "Group Key": ["n1.n_name", "n2.n_name", "(date_part('year'::text, (lineitem.l_shipdate)::timestamp without time zone))"], "Plans": [{"Node Type": "Sort", "Parent Relationship": "Outer", "Parallel Aware": false, "Startup Cost": 262572.21, "Total Cost": 262572.43, "Plan Rows": 89, "Plan Width": 78, "Actual Startup Time": 22187.049, "Actual Total Time": 22187.572, "Actual Rows": 6033, "Actual Loops": 1, "Output": ["n1.n_name", "n2.n_name", "(date_part('year'::text, (lineitem.l_shipdate)::timestamp without time zone))", "lineitem.l_extendedprice", "lineitem.l_discount"], "Sort Key": ["n1.n_name", "n2.n_name", "(date_part('year'::text, (lineitem.l_shipdate)::timestamp without time zone))"], "Sort Method": "quicksort", "Sort Space Used": 664, "Sort Space Type": "Memory", "Plans": [{"Node Type": "Hash Join", "Parent Relationship": "Outer", "Parallel Aware": false, "Join Type": "Inner", "Startup Cost": 52936.46, "Total Cost": 262569.33, "Plan Rows": 89, "Plan Width": 78, "Actual Startup Time": 5235.918, "Actual Total Time": 22174.649, "Actual Rows": 6033, "Actual Loops": 1, "Output": ["n1.n_name", "n2.n_name", "date_part('year'::text, (lineitem.l_shipdate)::timestamp without time zone)", "lineitem.l_extendedprice", "lineitem.l_discount"], "Inner Unique": false, "Hash Cond": "(lineitem.l_suppkey = supplier.s_suppkey)", "Join Filter": "((((n1.n_name)::text = 'ALGERIA'::text) AND ((n2.n_name)::text = 'EGYPT'::text)) OR (((n1.n_name)::text = 'EGYPT'::text) AND ((n2.n_name)::text = 'ALGERIA'::text)))", "Rows Removed by Join Filter": 6071, "Plans": [{"Node Type": "Hash Join", "Parent Relationship": "Outer", "Parallel Aware": false, "Join Type": "Inner", "Startup Cost": 52569.05, "Total Cost": 262194.33, "Plan Rows": 1809, "Plan Width": 49, "Actual Startup Time": 5142.453, "Actual Total Time": 22026.054, "Actual Rows": 145126, "Actual Loops": 1, "Output": ["lineitem.l_shipdate", "lineitem.l_extendedprice", "lineitem.l_discount", "lineitem.l_suppkey", "n2.n_name"], "Inner Unique": false, "Hash Cond": "(lineitem.l_orderkey = orders.o_orderkey)", "Plans": [{"Node Type": "Seq Scan", "Parent Relationship": "Outer", "Parallel Aware": false, "Relation Name": "lineitem", "Schema": "public", "Alias": "lineitem", "Startup Cost": 0.0, "Total Cost": 202524.24, "Plan Rows": 1845366, "Plan Width": 24, "Actual Startup Time": 0.046, "Actual Total Time": 12118.554, "Actual Rows": 1828450, "Actual Loops": 1, "Output": ["lineitem.l_orderkey", "lineitem.l_partkey", "lineitem.l_suppkey", "lineitem.l_linenumber", "lineitem.l_quantity", "lineitem.l_extendedprice", "lineitem.l_discount", "lineitem.l_tax", "lineitem.l_returnflag", "lineitem.l_linestatus", "lineitem.l_shipdate", "lineitem.l_commitdate", "lineitem.l_receiptdate", "lineitem.l_shipinstruct", "lineitem.l_shipmode", "lineitem.l_comment"], "Filter": "((lineitem.l_shipdate >= '1995-01-01'::date) AND (lineitem.l_shipdate <= '1996-12-31'::date))", "Rows Removed by Filter": 4172765}, {"Node Type": "Hash", "Parent Relationship": "Inner", "Parallel Aware": false, "Startup Cost": 52385.22, "Total Cost": 52385.22, "Plan Rows": 14706, "Plan Width": 33, "Actual Startup Time": 5137.309, "Actual Total Time": 5137.437, "Actual Rows": 118733, "Actual Loops": 1, "Output": ["orders.o_orderkey", "n2.n_name"], "Hash Buckets": 131072, "Original Hash Buckets": 16384, "Hash Batches": 2, "Original Hash Batches": 1, "Peak Memory Usage": 3513, "Plans": [{"Node Type": "Hash Join", "Parent Relationship": "Outer", "Parallel Aware": false, "Join Type": "Inner", "Startup Cost": 5518.12, "Total Cost": 52385.22, "Plan Rows": 14706, "Plan Width": 33, "Actual Startup Time": 85.037, "Actual Total Time": 5026.248, "Actual Rows": 118733, "Actual Loops": 1, "Output": ["orders.o_orderkey", "n2.n_name"], "Inner Unique": false, "Hash Cond": "(orders.o_custkey = customer.c_custkey)", "Plans": [{"Node Type": "Seq Scan", "Parent Relationship": "Outer", "Parallel Aware": false, "Relation Name": "orders", "Schema": "public", "Alias": "orders", "Startup Cost": 0.0, "Total Cost": 41095.0, "Plan Rows": 1500000, "Plan Width": 8, "Actual Startup Time": 0.007, "Actual Total Time": 4428.709, "Actual Rows": 1500000, "Actual Loops": 1, "Output": ["orders.o_orderkey", "orders.o_custkey", "orders.o_orderstatus", "orders.o_totalprice", "orders.o_orderdate", "orders.o_orderpriority", "orders.o_clerk", "orders.o_shippriority", "orders.o_comment"]}, {"Node Type": "Hash", "Parent Relationship": "Inner", "Parallel Aware": false, "Startup Cost": 5499.73, "Total Cost": 5499.73, "Plan Rows": 1471, "Plan Width": 33, "Actual Startup Time": 85.008, "Actual Total Time": 85.028, "Actual Rows": 11920, "Actual Loops": 1, "Output": ["customer.c_custkey", "n2.n_name"], "Hash Buckets": 16384, "Original Hash Buckets": 2048, "Hash Batches": 1, "Original Hash Batches": 1, "Peak Memory Usage": 629, "Plans": [{"Node Type": "Hash Join", "Parent Relationship": "Outer", "Parallel Aware": false, "Join Type": "Inner", "Startup Cost": 17.71, "Total Cost": 5499.73, "Plan Rows": 1471, "Plan Width": 33, "Actual Startup Time": 0.043, "Actual Total Time": 81.388, "Actual Rows": 11920, "Actual Loops": 1, "Output": ["customer.c_custkey", "n2.n_name"], "Inner Unique": true, "Hash Cond": "(customer.c_nationkey = n2.n_nationkey)", "Plans": [{"Node Type": "Seq Scan", "Parent Relationship": "Outer", "Parallel Aware": false, "Relation Name": "customer", "Schema": "public", "Alias": "customer", "Startup Cost": 0.0, "Total Cost": 5085.0, "Plan Rows": 150000, "Plan Width": 8, "Actual Startup Time": 0.009, "Actual Total Time": 22.616, "Actual Rows": 150000, "Actual Loops": 1, "Output": ["customer.c_custkey", "customer.c_name", "customer.c_address", "customer.c_nationkey", "customer.c_phone", "customer.c_acctbal", "customer.c_mktsegment", "customer.c_comment"]}, {"Node Type": "Hash", "Parent Relationship": "Inner", "Parallel Aware": false, "Startup Cost": 17.65, "Total Cost": 17.65, "Plan Rows": 5, "Plan Width": 33, "Actual Startup Time": 0.016, "Actual Total Time": 0.021, "Actual Rows": 2, "Actual Loops": 1, "Output": ["n2.n_name", "n2.n_nationkey"], "Hash Buckets": 1024, "Original Hash Buckets": 1024, "Hash Batches": 1, "Original Hash Batches": 1, "Peak Memory Usage": 9, "Plans": [{"Node Type": "Seq Scan", "Parent Relationship": "Outer", "Parallel Aware": false, "Relation Name": "nation", "Schema": "public", "Alias": "n2", "Startup Cost": 0.0, "Total Cost": 17.65, "Plan Rows": 5, "Plan Width": 33, "Actual Startup Time": 0.009, "Actual Total Time": 0.011, "Actual Rows": 2, "Actual Loops": 1, "Output": ["n2.n_name", "n2.n_nationkey"], "Filter": "(((n2.n_name)::text = 'EGYPT'::text) OR ((n2.n_name)::text = 'ALGERIA'::text))", "Rows Removed by Filter": 23}]}]}]}]}]}]}, {"Node Type": "Hash", "Parent Relationship": "Inner", "Parallel Aware": false, "Startup Cost": 366.18, "Total Cost": 366.18, "Plan Rows": 98, "Plan Width": 33, "Actual Startup Time": 91.511, "Actual Total Time": 91.52, "Actual Rows": 835, "Actual Loops": 1, "Output": ["supplier.s_suppkey", "n1.n_name"], "Hash Buckets": 1024, "Original Hash Buckets": 1024, "Hash Batches": 1, "Original Hash Batches": 1, "Peak Memory Usage": 44, "Plans": [{"Node Type": "Hash Join", "Parent Relationship": "Outer", "Parallel Aware": false, "Join Type": "Inner", "Startup Cost": 17.71, "Total Cost": 366.18, "Plan Rows": 98, "Plan Width": 33, "Actual Startup Time": 0.021, "Actual Total Time": 91.286, "Actual Rows": 835, "Actual Loops": 1, "Output": ["supplier.s_suppkey", "n1.n_name"], "Inner Unique": true, "Hash Cond": "(supplier.s_nationkey = n1.n_nationkey)", "Plans": [{"Node Type": "Seq Scan", "Parent Relationship": "Outer", "Parallel Aware": false, "Relation Name": "supplier", "Schema": "public", "Alias": "supplier", "Startup Cost": 0.0, "Total Cost": 322.0, "Plan Rows": 10000, "Plan Width": 8, "Actual Startup Time": 0.002, "Actual Total Time": 1.774, "Actual Rows": 10000, "Actual Loops": 1, "Output": ["supplier.s_suppkey", "supplier.s_name", "supplier.s_address", "supplier.s_nationkey", "supplier.s_phone", "supplier.s_acctbal", "supplier.s_comment"]}, {"Node Type": "Hash", "Parent Relationship": "Inner", "Parallel Aware": false, "Startup Cost": 17.65, "Total Cost": 17.65, "Plan Rows": 5, "Plan Width": 33, "Actual Startup Time": 0.012, "Actual Total Time": 0.012, "Actual Rows": 2, "Actual Loops": 1, "Output": ["n1.n_name", "n1.n_nationkey"], "Hash Buckets": 1024, "Original Hash Buckets": 1024, "Hash Batches": 1, "Original Hash Batches": 1, "Peak Memory Usage": 9, "Plans": [{"Node Type": "Seq Scan", "Parent Relationship": "Outer", "Parallel Aware": false, "Relation Name": "nation", "Schema": "public", "Alias": "n1", "Startup Cost": 0.0, "Total Cost": 17.65, "Plan Rows": 5, "Plan Width": 33, "Actual Startup Time": 0.008, "Actual Total Time": 0.01, "Actual Rows": 2, "Actual Loops": 1, "Output": ["n1.n_name", "n1.n_nationkey"], "Filter": "(((n1.n_name)::text = 'ALGERIA'::text) OR ((n1.n_name)::text = 'EGYPT'::text))", "Rows Removed by Filter": 23}]}]}]}]}]}]}, "Planning Time": 3.321, "Triggers": [], "Execution Time": 22189.748}]
q6#####[{"Plan": {"Node Type": "Sort", "Parallel Aware": false, "Startup Cost": 250637.24, "Total Cost": 250637.74, "Plan Rows": 200, "Plan Width": 61, "Actual Startup Time": 10571.462, "Actual Total Time": 10571.517, "Actual Rows": 5, "Actual Loops": 1, "Output": ["nation.n_name", "(sum((lineitem.l_extendedprice * ('1'::numeric - lineitem.l_discount))))"], "Sort Key": ["(sum((lineitem.l_extendedprice * ('1'::numeric - lineitem.l_discount)))) DESC"], "Sort Method": "quicksort", "Sort Space Used": 25, "Sort Space Type": "Memory", "Plans": [{"Node Type": "Aggregate", "Strategy": "Sorted", "Partial Mode": "Simple", "Parent Relationship": "Outer", "Parallel Aware": false, "Startup Cost": 250624.52, "Total Cost": 250629.6, "Plan Rows": 200, "Plan Width": 61, "Actual Startup Time": 10560.038, "Actual Total Time": 10571.462, "Actual Rows": 5, "Actual Loops": 1, "Output": ["nation.n_name", "sum((lineitem.l_extendedprice * ('1'::numeric - lineitem.l_discount)))"], "Group Key": ["nation.n_name"], "Plans": [{"Node Type": "Sort", "Parent Relationship": "Outer", "Parallel Aware": false, "Startup Cost": 250624.52, "Total Cost": 250625.04, "Plan Rows": 206, "Plan Width": 41, "Actual Startup Time": 10559.33, "Actual Total Time": 10559.914, "Actual Rows": 7380, "Actual Loops": 1, "Output": ["nation.n_name", "lineitem.l_extendedprice", "lineitem.l_discount"], "Sort Key": ["nation.n_name"], "Sort Method": "quicksort", "Sort Space Used": 769, "Sort Space Type": "Memory", "Plans": [{"Node Type": "Hash Join", "Parent Relationship": "Outer", "Parallel Aware": false, "Join Type": "Inner", "Startup Cost": 55502.05, "Total Cost": 250616.6, "Plan Rows": 206, "Plan Width": 41, "Actual Startup Time": 4394.869, "Actual Total Time": 10538.212, "Actual Rows": 7380, "Actual Loops": 1, "Output": ["nation.n_name", "lineitem.l_extendedprice", "lineitem.l_discount"], "Inner Unique": false, "Hash Cond": "((lineitem.l_suppkey = supplier.s_suppkey) AND (customer.c_nationkey = supplier.s_nationkey))", "Plans": [{"Node Type": "Hash Join", "Parent Relationship": "Outer", "Parallel Aware": false, "Join Type": "Inner", "Startup Cost": 55030.05, "Total Cost": 250103.97, "Plan Rows": 5143, "Plan Width": 53, "Actual Startup Time": 4297.782, "Actual Total Time": 10373.336, "Actual Rows": 185392, "Actual Loops": 1, "Output": ["customer.c_nationkey", "lineitem.l_extendedprice", "lineitem.l_discount", "lineitem.l_suppkey", "nation.n_name", "nation.n_nationkey"], "Inner Unique": false, "Hash Cond": "(lineitem.l_orderkey = orders.o_orderkey)", "Plans": [{"Node Type": "Seq Scan", "Parent Relationship": "Outer", "Parallel Aware": false, "Relation Name": "lineitem", "Schema": "public", "Alias": "lineitem", "Startup Cost": 0.0, "Total Cost": 172517.16, "Plan Rows": 6001416, "Plan Width": 20, "Actual Startup Time": 0.02, "Actual Total Time": 4741.507, "Actual Rows": 6001215, "Actual Loops": 1, "Output": ["lineitem.l_orderkey", "lineitem.l_partkey", "lineitem.l_suppkey", "lineitem.l_linenumber", "lineitem.l_quantity", "lineitem.l_extendedprice", "lineitem.l_discount", "lineitem.l_tax", "lineitem.l_returnflag", "lineitem.l_linestatus", "lineitem.l_shipdate", "lineitem.l_commitdate", "lineitem.l_receiptdate", "lineitem.l_shipinstruct", "lineitem.l_shipmode", "lineitem.l_comment"]}, {"Node Type": "Hash", "Parent Relationship": "Inner", "Parallel Aware": false, "Startup Cost": 55013.98, "Total Cost": 55013.98, "Plan Rows": 1286, "Plan Width": 41, "Actual Startup Time": 4297.231, "Actual Total Time": 4297.275, "Actual Rows": 46468, "Actual Loops": 1, "Output": ["customer.c_nationkey", "orders.o_orderkey", "nation.n_name", "nation.n_nationkey"], "Hash Buckets": 65536, "Original Hash Buckets": 2048, "Hash Batches": 1, "Original Hash Batches": 1, "Peak Memory Usage": 2942, "Plans": [{"Node Type": "Hash Join", "Parent Relationship": "Outer", "Parallel Aware": false, "Join Type": "Inner", "Startup Cost": 5570.54, "Total Cost": 55013.98, "Plan Rows": 1286, "Plan Width": 41, "Actual Startup Time": 159.125, "Actual Total Time": 4208.975, "Actual Rows": 46468, "Actual Loops": 1, "Output": ["customer.c_nationkey", "orders.o_orderkey", "nation.n_name", "nation.n_nationkey"], "Inner Unique": false, "Hash Cond": "(orders.o_custkey = customer.c_custkey)", "Plans": [{"Node Type": "Seq Scan", "Parent Relationship": "Outer", "Parallel Aware": false, "Relation Name": "orders", "Schema": "public", "Alias": "orders", "Startup Cost": 0.0, "Total Cost": 48595.0, "Plan Rows": 222822, "Plan Width": 8, "Actual Startup Time": 0.202, "Actual Total Time": 3843.073, "Actual Rows": 228464, "Actual Loops": 1, "Output": ["orders.o_orderkey", "orders.o_custkey", "orders.o_orderstatus", "orders.o_totalprice", "orders.o_orderdate", "orders.o_orderpriority", "orders.o_clerk", "orders.o_shippriority", "orders.o_comment"], "Filter": "((orders.o_orderdate >= '1996-01-10'::date) AND (orders.o_orderdate < '1997-01-10 00:00:00'::timestamp without time zone))", "Rows Removed by Filter": 1271536}, {"Node Type": "Hash", "Parent Relationship": "Inner", "Parallel Aware": false, "Startup Cost": 5559.73, "Total Cost": 5559.73, "Plan Rows": 865, "Plan Width": 41, "Actual Startup Time": 158.781, "Actual Total Time": 158.808, "Actual Rows": 30197, "Actual Loops": 1, "Output": ["customer.c_custkey", "customer.c_nationkey", "nation.n_name", "nation.n_nationkey"], "Hash Buckets": 32768, "Original Hash Buckets": 1024, "Hash Batches": 1, "Original Hash Batches": 1, "Peak Memory Usage": 1837, "Plans": [{"Node Type": "Hash Join", "Parent Relationship": "Outer", "Parallel Aware": false, "Join Type": "Inner", "Startup Cost": 38.01, "Total Cost": 5559.73, "Plan Rows": 865, "Plan Width": 41, "Actual Startup Time": 0.128, "Actual Total Time": 144.266, "Actual Rows": 30197, "Actual Loops": 1, "Output": ["customer.c_custkey", "customer.c_nationkey", "nation.n_name", "nation.n_nationkey"], "Inner Unique": true, "Hash Cond": "(nation.n_regionkey = region.r_regionkey)", "Plans": [{"Node Type": "Hash Join", "Parent Relationship": "Outer", "Parallel Aware": false, "Join Type": "Inner", "Startup Cost": 21.48, "Total Cost": 5503.5, "Plan Rows": 15000, "Plan Width": 45, "Actual Startup Time": 0.049, "Actual Total Time": 128.918, "Actual Rows": 150000, "Actual Loops": 1, "Output": ["customer.c_custkey", "customer.c_nationkey", "nation.n_name", "nation.n_nationkey", "nation.n_regionkey"], "Inner Unique": true, "Hash Cond": "(customer.c_nationkey = nation.n_nationkey)", "Plans": [{"Node Type": "Seq Scan", "Parent Relationship": "Outer", "Parallel Aware": false, "Relation Name": "customer", "Schema": "public", "Alias": "customer", "Startup Cost": 0.0, "Total Cost": 5085.0, "Plan Rows": 150000, "Plan Width": 8, "Actual Startup Time": 0.006, "Actual Total Time": 29.862, "Actual Rows": 150000, "Actual Loops": 1, "Output": ["customer.c_custkey", "customer.c_name", "customer.c_address", "customer.c_nationkey", "customer.c_phone", "customer.c_acctbal", "customer.c_mktsegment", "customer.c_comment"]}, {"Node Type": "Hash", "Parent Relationship": "Inner", "Parallel Aware": false, "Startup Cost": 15.1, "Total Cost": 15.1, "Plan Rows": 510, "Plan Width": 37, "Actual Startup Time": 0.011, "Actual Total Time": 0.012, "Actual Rows": 25, "Actual Loops": 1, "Output": ["nation.n_name", "nation.n_nationkey", "nation.n_regionkey"], "Hash Buckets": 1024, "Original Hash Buckets": 1024, "Hash Batches": 1, "Original Hash Batches": 1, "Peak Memory Usage": 10, "Plans": [{"Node Type": "Seq Scan", "Parent Relationship": "Outer", "Parallel Aware": false, "Relation Name": "nation", "Schema": "public", "Alias": "nation", "Startup Cost": 0.0, "Total Cost": 15.1, "Plan Rows": 510, "Plan Width": 37, "Actual Startup Time": 0.004, "Actual Total Time": 0.006, "Actual Rows": 25, "Actual Loops": 1, "Output": ["nation.n_name", "nation.n_nationkey", "nation.n_regionkey"]}]}]}, {"Node Type": "Hash", "Parent Relationship": "Inner", "Parallel Aware": false, "Startup Cost": 16.5, "Total Cost": 16.5, "Plan Rows": 3, "Plan Width": 4, "Actual Startup Time": 0.041, "Actual Total Time": 0.046, "Actual Rows": 1, "Actual Loops": 1, "Output": ["region.r_regionkey"], "Hash Buckets": 1024, "Original Hash Buckets": 1024, "Hash Batches": 1, "Original Hash Batches": 1, "Peak Memory Usage": 9, "Plans": [{"Node Type": "Seq Scan", "Parent Relationship": "Outer", "Parallel Aware": false, "Relation Name": "region", "Schema": "public", "Alias": "region", "Startup Cost": 0.0, "Total Cost": 16.5, "Plan Rows": 3, "Plan Width": 4, "Actual Startup Time": 0.031, "Actual Total Time": 0.032, "Actual Rows": 1, "Actual Loops": 1, "Output": ["region.r_regionkey"], "Filter": "((region.r_name)::text = 'EUROPE'::text)", "Rows Removed by Filter": 4}]}]}]}]}]}]}, {"Node Type": "Hash", "Parent Relationship": "Inner", "Parallel Aware": false, "Startup Cost": 322.0, "Total Cost": 322.0, "Plan Rows": 10000, "Plan Width": 8, "Actual Startup Time": 88.73, "Actual Total Time": 88.73, "Actual Rows": 10000, "Actual Loops": 1, "Output": ["supplier.s_suppkey", "supplier.s_nationkey"], "Hash Buckets": 16384, "Original Hash Buckets": 16384, "Hash Batches": 1, "Original Hash Batches": 1, "Peak Memory Usage": 519, "Plans": [{"Node Type": "Seq Scan", "Parent Relationship": "Outer", "Parallel Aware": false, "Relation Name": "supplier", "Schema": "public", "Alias": "supplier", "Startup Cost": 0.0, "Total Cost": 322.0, "Plan Rows": 10000, "Plan Width": 8, "Actual Startup Time": 0.05, "Actual Total Time": 81.403, "Actual Rows": 10000, "Actual Loops": 1, "Output": ["supplier.s_suppkey", "supplier.s_nationkey"]}]}]}]}]}]}, "Planning Time": 9.806, "Triggers": [], "Execution Time": 10574.422}]
q5#####[{"Plan": {"Node Type": "Sort", "Parallel Aware": false, "Startup Cost": 3173990.12, "Total Cost": 3188309.62, "Plan Rows": 5727800, "Plan Width": 205, "Actual Startup Time": 14041.532, "Actual Total Time": 14068.702, "Actual Rows": 38013, "Actual Loops": 1, "Output": ["customer.c_custkey", "customer.c_name", "(sum((lineitem.l_extendedprice * ('1'::numeric - lineitem.l_discount))))", "customer.c_acctbal", "nation.n_name", "customer.c_address", "customer.c_phone", "customer.c_comment"], "Sort Key": ["(sum((lineitem.l_extendedprice * ('1'::numeric - lineitem.l_discount)))) DESC"], "Sort Method": "external merge", "Sort Space Used": 6440, "Sort Space Type": "Disk", "Plans": [{"Node Type": "Aggregate", "Strategy": "Sorted", "Partial Mode": "Simple", "Parent Relationship": "Outer", "Parallel Aware": false, "Startup Cost": 278779.49, "Total Cost": 827810.47, "Plan Rows": 5727800, "Plan Width": 205, "Actual Startup Time": 11421.436, "Actual Total Time": 13303.177, "Actual Rows": 38013, "Actual Loops": 1, "Output": ["customer.c_custkey", "customer.c_name", "sum((lineitem.l_extendedprice * ('1'::numeric - lineitem.l_discount)))", "customer.c_acctbal", "nation.n_name", "customer.c_address", "customer.c_phone", "customer.c_comment"], "Group Key": ["customer.c_custkey", "customer.c_name", "customer.c_acctbal", "customer.c_phone", "nation.n_name", "customer.c_address", "customer.c_comment"], "Plans": [{"Node Type": "Incremental Sort", "Parent Relationship": "Outer", "Parallel Aware": false, "Startup Cost": 278779.49, "Total Cost": 613017.97, "Plan Rows": 5727800, "Plan Width": 185, "Actual Startup Time": 11421.338, "Actual Total Time": 13023.458, "Actual Rows": 114399, "Actual Loops": 1, "Output": ["customer.c_custkey", "customer.c_name", "customer.c_acctbal", "nation.n_name", "customer.c_address", "customer.c_phone", "customer.c_comment", "lineitem.l_extendedprice", "lineitem.l_discount"], "Sort Key": ["customer.c_custkey", "customer.c_name", "customer.c_acctbal", "customer.c_phone", "nation.n_name", "customer.c_address", "customer.c_comment"], "Presorted Key": ["customer.c_custkey"], "Full-sort Groups": {"Group Count": 3399, "Sort Methods Used": ["quicksort"], "Sort Space Memory": {"Average Sort Space Used": 33, "Peak Sort Space Used": 33}}, "Plans": [{"Node Type": "Merge Join", "Parent Relationship": "Outer", "Parallel Aware": false, "Join Type": "Inner", "Startup Cost": 278777.81, "Total Cost": 280386.98, "Plan Rows": 5727800, "Plan Width": 185, "Actual Startup Time": 11413.927, "Actual Total Time": 12827.609, "Actual Rows": 114399, "Actual Loops": 1, "Output": ["customer.c_custkey", "customer.c_name", "customer.c_acctbal", "nation.n_name", "customer.c_address", "customer.c_phone", "customer.c_comment", "lineitem.l_extendedprice", "lineitem.l_discount"], "Inner Unique": false, "Merge Cond": "(customer.c_custkey = orders.o_custkey)", "Plans": [{"Node Type": "Sort", "Parent Relationship": "Outer", "Parallel Aware": false, "Startup Cost": 31219.95, "Total Cost": 31594.95, "Plan Rows": 150000, "Plan Width": 173, "Actual Startup Time": 322.049, "Actual Total Time": 1600.001, "Actual Rows": 150000, "Actual Loops": 1, "Output": ["customer.c_custkey", "customer.c_name", "customer.c_acctbal", "customer.c_address", "customer.c_phone", "customer.c_comment", "nation.n_name"], "Sort Key": ["customer.c_custkey"], "Sort Method": "external merge", "Sort Space Used": 24056, "Sort Space Type": "Disk", "Plans": [{"Node Type": "Hash Join", "Parent Relationship": "Outer", "Parallel Aware": false, "Join Type": "Inner", "Startup Cost": 21.48, "Total Cost": 5503.5, "Plan Rows": 150000, "Plan Width": 173, "Actual Startup Time": 0.041, "Actual Total Time": 115.957, "Actual Rows": 150000, "Actual Loops": 1, "Output": ["customer.c_custkey", "customer.c_name", "customer.c_acctbal", "customer.c_address", "customer.c_phone", "customer.c_comment", "nation.n_name"], "Inner Unique": true, "Hash Cond": "(customer.c_nationkey = nation.n_nationkey)", "Plans": [{"Node Type": "Seq Scan", "Parent Relationship": "Outer", "Parallel Aware": false, "Relation Name": "customer", "Schema": "public", "Alias": "customer", "Startup Cost": 0.0, "Total Cost": 5085.0, "Plan Rows": 150000, "Plan Width": 148, "Actual Startup Time": 0.023, "Actual Total Time": 22.693, "Actual Rows": 150000, "Actual Loops": 1, "Output": ["customer.c_custkey", "customer.c_name", "customer.c_address", "customer.c_nationkey", "customer.c_phone", "customer.c_acctbal", "customer.c_mktsegment", "customer.c_comment"]}, {"Node Type": "Hash", "Parent Relationship": "Inner", "Parallel Aware": false, "Startup Cost": 15.1, "Total Cost": 15.1, "Plan Rows": 510, "Plan Width": 33, "Actual Startup Time": 0.01, "Actual Total Time": 0.018, "Actual Rows": 25, "Actual Loops": 1, "Output": ["nation.n_name", "nation.n_nationkey"], "Hash Buckets": 1024, "Original Hash Buckets": 1024, "Hash Batches": 1, "Original Hash Batches": 1, "Peak Memory Usage": 10, "Plans": [{"Node Type": "Seq Scan", "Parent Relationship": "Outer", "Parallel Aware": false, "Relation Name": "nation", "Schema": "public", "Alias": "nation", "Startup Cost": 0.0, "Total Cost": 15.1, "Plan Rows": 510, "Plan Width": 33, "Actual Startup Time": 0.005, "Actual Total Time": 0.006, "Actual Rows": 25, "Actual Loops": 1, "Output": ["nation.n_name", "nation.n_nationkey"]}]}]}]}, {"Node Type": "Sort", "Parent Relationship": "Inner", "Parallel Aware": false, "Startup Cost": 247557.86, "Total Cost": 247701.06, "Plan Rows": 57278, "Plan Width": 16, "Actual Startup Time": 11091.811, "Actual Total Time": 11141.854, "Actual Rows": 114399, "Actual Loops": 1, "Output": ["orders.o_custkey", "lineitem.l_extendedprice", "lineitem.l_discount"], "Sort Key": ["orders.o_custkey"], "Sort Method": "external sort", "Sort Space Used": 3536, "Sort Space Type": "Disk", "Plans": [{"Node Type": "Hash Join", "Parent Relationship": "Outer", "Parallel Aware": false, "Join Type": "Inner", "Startup Cost": 49310.71, "Total Cost": 243031.27, "Plan Rows": 57278, "Plan Width": 16, "Actual Startup Time": 4824.983, "Actual Total Time": 10881.251, "Actual Rows": 114399, "Actual Loops": 1, "Output": ["orders.o_custkey", "lineitem.l_extendedprice", "lineitem.l_discount"], "Inner Unique": false, "Hash Cond": "(lineitem.l_orderkey = orders.o_orderkey)", "Plans": [{"Node Type": "Seq Scan", "Parent Relationship": "Outer", "Parallel Aware": false, "Relation Name": "lineitem", "Schema": "public", "Alias": "lineitem", "Startup Cost": 0.0, "Total Cost": 187520.7, "Plan Rows": 1500554, "Plan Width": 16, "Actual Startup Time": 0.035, "Actual Total Time": 5454.806, "Actual Rows": 1478870, "Actual Loops": 1, "Output": ["lineitem.l_orderkey", "lineitem.l_partkey", "lineitem.l_suppkey", "lineitem.l_linenumber", "lineitem.l_quantity", "lineitem.l_extendedprice", "lineitem.l_discount", "lineitem.l_tax", "lineitem.l_returnflag", "lineitem.l_linestatus", "lineitem.l_shipdate", "lineitem.l_commitdate", "lineitem.l_receiptdate", "lineitem.l_shipinstruct", "lineitem.l_shipmode", "lineitem.l_comment"], "Filter": "(lineitem.l_returnflag = 'R'::bpchar)", "Rows Removed by Filter": 4522345}, {"Node Type": "Hash", "Parent Relationship": "Inner", "Parallel Aware": false, "Startup Cost": 48595.0, "Total Cost": 48595.0, "Plan Rows": 57257, "Plan Width": 8, "Actual Startup Time": 4824.396, "Actual Total Time": 4824.397, "Actual Rows": 57207, "Actual Loops": 1, "Output": ["orders.o_custkey", "orders.o_orderkey"], "Hash Buckets": 65536, "Original Hash Buckets": 65536, "Hash Batches": 1, "Original Hash Batches": 1, "Peak Memory Usage": 2747, "Plans": [{"Node Type": "Seq Scan", "Parent Relationship": "Outer", "Parallel Aware": false, "Relation Name": "orders", "Schema": "public", "Alias": "orders", "Startup Cost": 0.0, "Total Cost": 48595.0, "Plan Rows": 57257, "Plan Width": 8, "Actual Startup Time": 0.013, "Actual Total Time": 4767.458, "Actual Rows": 57207, "Actual Loops": 1, "Output": ["orders.o_custkey", "orders.o_orderkey"], "Filter": "((orders.o_orderdate >= '1994-10-05'::date) AND (orders.o_orderdate < '1995-01-05 00:00:00'::timestamp without time zone))", "Rows Removed by Filter": 1442793}]}]}]}]}]}]}]}, "Planning Time": 7.244, "Triggers": [], "Execution Time": 14090.121}]
q7#####[{"Plan": {"Node Type": "Aggregate", "Strategy": "Sorted", "Partial Mode": "Simple", "Parallel Aware": false, "Startup Cost": 262572.21, "Total Cost": 262575.32, "Plan Rows": 89, "Plan Width": 98, "Actual Startup Time": 11240.88, "Actual Total Time": 11242.098, "Actual Rows": 4, "Actual Loops": 1, "Output": ["n1.n_name", "n2.n_name", "(date_part('year'::text, (lineitem.l_shipdate)::timestamp without time zone))", "sum((lineitem.l_extendedprice * ('1'::numeric - lineitem.l_discount)))"], "Group Key": ["n1.n_name", "n2.n_name", "(date_part('year'::text, (lineitem.l_shipdate)::timestamp without time zone))"], "Plans": [{"Node Type": "Sort", "Parent Relationship": "Outer", "Parallel Aware": false, "Startup Cost": 262572.21, "Total Cost": 262572.43, "Plan Rows": 89, "Plan Width": 78, "Actual Startup Time": 11240.227, "Actual Total Time": 11240.542, "Actual Rows": 6033, "Actual Loops": 1, "Output": ["n1.n_name", "n2.n_name", "(date_part('year'::text, (lineitem.l_shipdate)::timestamp without time zone))", "lineitem.l_extendedprice", "lineitem.l_discount"], "Sort Key": ["n1.n_name", "n2.n_name", "(date_part('year'::text, (lineitem.l_shipdate)::timestamp without time zone))"], "Sort Method": "quicksort", "Sort Space Used": 664, "Sort Space Type": "Memory", "Plans": [{"Node Type": "Hash Join", "Parent Relationship": "Outer", "Parallel Aware": false, "Join Type": "Inner", "Startup Cost": 52936.46, "Total Cost": 262569.33, "Plan Rows": 89, "Plan Width": 78, "Actual Startup Time": 3329.466, "Actual Total Time": 11217.079, "Actual Rows": 6033, "Actual Loops": 1, "Output": ["n1.n_name", "n2.n_name", "date_part('year'::text, (lineitem.l_shipdate)::timestamp without time zone)", "lineitem.l_extendedprice", "lineitem.l_discount"], "Inner Unique": false, "Hash Cond": "(lineitem.l_suppkey = supplier.s_suppkey)", "Join Filter": "((((n1.n_name)::text = 'EGYPT'::text) AND ((n2.n_name)::text = 'ALGERIA'::text)) OR (((n1.n_name)::text = 'ALGERIA'::text) AND ((n2.n_name)::text = 'EGYPT'::text)))", "Rows Removed by Join Filter": 6071, "Plans": [{"Node Type": "Hash Join", "Parent Relationship": "Outer", "Parallel Aware": false, "Join Type": "Inner", "Startup Cost": 52569.05, "Total Cost": 262194.33, "Plan Rows": 1809, "Plan Width": 49, "Actual Startup Time": 3322.692, "Actual Total Time": 11156.833, "Actual Rows": 145126, "Actual Loops": 1, "Output": ["lineitem.l_shipdate", "lineitem.l_extendedprice", "lineitem.l_discount", "lineitem.l_suppkey", "n2.n_name"], "Inner Unique": false, "Hash Cond": "(lineitem.l_orderkey = orders.o_orderkey)", "Plans": [{"Node Type": "Seq Scan", "Parent Relationship": "Outer", "Parallel Aware": false, "Relation Name": "lineitem", "Schema": "public", "Alias": "lineitem", "Startup Cost": 0.0, "Total Cost": 202524.24, "Plan Rows": 1845366, "Plan Width": 24, "Actual Startup Time": 0.035, "Actual Total Time": 4595.568, "Actual Rows": 1828450, "Actual Loops": 1, "Output": ["lineitem.l_orderkey", "lineitem.l_partkey", "lineitem.l_suppkey", "lineitem.l_linenumber", "lineitem.l_quantity", "lineitem.l_extendedprice", "lineitem.l_discount", "lineitem.l_tax", "lineitem.l_returnflag", "lineitem.l_linestatus", "lineitem.l_shipdate", "lineitem.l_commitdate", "lineitem.l_receiptdate", "lineitem.l_shipinstruct", "lineitem.l_shipmode", "lineitem.l_comment"], "Filter": "((lineitem.l_shipdate >= '1995-01-01'::date) AND (lineitem.l_shipdate <= '1996-12-31'::date))", "Rows Removed by Filter": 4172765}, {"Node Type": "Hash", "Parent Relationship": "Inner", "Parallel Aware": false, "Startup Cost": 52385.22, "Total Cost": 52385.22, "Plan Rows": 14706, "Plan Width": 33, "Actual Startup Time": 3320.222, "Actual Total Time": 3320.247, "Actual Rows": 118733, "Actual Loops": 1, "Output": ["orders.o_orderkey", "n2.n_name"], "Hash Buckets": 131072, "Original Hash Buckets": 16384, "Hash Batches": 2, "Original Hash Batches": 1, "Peak Memory Usage": 3513, "Plans": [{"Node Type": "Hash Join", "Parent Relationship": "Outer", "Parallel Aware": false, "Join Type": "Inner", "Startup Cost": 5518.12, "Total Cost": 52385.22, "Plan Rows": 14706, "Plan Width": 33, "Actual Startup Time": 73.499, "Actual Total Time": 3213.24, "Actual Rows": 118733, "Actual Loops": 1, "Output": ["orders.o_orderkey", "n2.n_name"], "Inner Unique": false, "Hash Cond": "(orders.o_custkey = customer.c_custkey)", "Plans": [{"Node Type": "Seq Scan", "Parent Relationship": "Outer", "Parallel Aware": false, "Relation Name": "orders", "Schema": "public", "Alias": "orders", "Startup Cost": 0.0, "Total Cost": 41095.0, "Plan Rows": 1500000, "Plan Width": 8, "Actual Startup Time": 0.013, "Actual Total Time": 2605.891, "Actual Rows": 1500000, "Actual Loops": 1, "Output": ["orders.o_orderkey", "orders.o_custkey", "orders.o_orderstatus", "orders.o_totalprice", "orders.o_orderdate", "orders.o_orderpriority", "orders.o_clerk", "orders.o_shippriority", "orders.o_comment"]}, {"Node Type": "Hash", "Parent Relationship": "Inner", "Parallel Aware": false, "Startup Cost": 5499.73, "Total Cost": 5499.73, "Plan Rows": 1471, "Plan Width": 33, "Actual Startup Time": 73.383, "Actual Total Time": 73.404, "Actual Rows": 11920, "Actual Loops": 1, "Output": ["customer.c_custkey", "n2.n_name"], "Hash Buckets": 16384, "Original Hash Buckets": 2048, "Hash Batches": 1, "Original Hash Batches": 1, "Peak Memory Usage": 629, "Plans": [{"Node Type": "Hash Join", "Parent Relationship": "Outer", "Parallel Aware": false, "Join Type": "Inner", "Startup Cost": 17.71, "Total Cost": 5499.73, "Plan Rows": 1471, "Plan Width": 33, "Actual Startup Time": 0.051, "Actual Total Time": 52.045, "Actual Rows": 11920, "Actual Loops": 1, "Output": ["customer.c_custkey", "n2.n_name"], "Inner Unique": true, "Hash Cond": "(customer.c_nationkey = n2.n_nationkey)", "Plans": [{"Node Type": "Seq Scan", "Parent Relationship": "Outer", "Parallel Aware": false, "Relation Name": "customer", "Schema": "public", "Alias": "customer", "Startup Cost": 0.0, "Total Cost": 5085.0, "Plan Rows": 150000, "Plan Width": 8, "Actual Startup Time": 0.005, "Actual Total Time": 18.724, "Actual Rows": 150000, "Actual Loops": 1, "Output": ["customer.c_custkey", "customer.c_name", "customer.c_address", "customer.c_nationkey", "customer.c_phone", "customer.c_acctbal", "customer.c_mktsegment", "customer.c_comment"]}, {"Node Type": "Hash", "Parent Relationship": "Inner", "Parallel Aware": false, "Startup Cost": 17.65, "Total Cost": 17.65, "Plan Rows": 5, "Plan Width": 33, "Actual Startup Time": 0.012, "Actual Total Time": 0.019, "Actual Rows": 2, "Actual Loops": 1, "Output": ["n2.n_name", "n2.n_nationkey"], "Hash Buckets": 1024, "Original Hash Buckets": 1024, "Hash Batches": 1, "Original Hash Batches": 1, "Peak Memory Usage": 9, "Plans": [{"Node Type": "Seq Scan", "Parent Relationship": "Outer", "Parallel Aware": false, "Relation Name": "nation", "Schema": "public", "Alias": "n2", "Startup Cost": 0.0, "Total Cost": 17.65, "Plan Rows": 5, "Plan Width": 33, "Actual Startup Time": 0.006, "Actual Total Time": 0.007, "Actual Rows": 2, "Actual Loops": 1, "Output": ["n2.n_name", "n2.n_nationkey"], "Filter": "(((n2.n_name)::text = 'ALGERIA'::text) OR ((n2.n_name)::text = 'EGYPT'::text))", "Rows Removed by Filter": 23}]}]}]}]}]}]}, {"Node Type": "Hash", "Parent Relationship": "Inner", "Parallel Aware": false, "Startup Cost": 366.18, "Total Cost": 366.18, "Plan Rows": 98, "Plan Width": 33, "Actual Startup Time": 6.596, "Actual Total Time": 6.614, "Actual Rows": 835, "Actual Loops": 1, "Output": ["supplier.s_suppkey", "n1.n_name"], "Hash Buckets": 1024, "Original Hash Buckets": 1024, "Hash Batches": 1, "Original Hash Batches": 1, "Peak Memory Usage": 44, "Plans": [{"Node Type": "Hash Join", "Parent Relationship": "Outer", "Parallel Aware": false, "Join Type": "Inner", "Startup Cost": 17.71, "Total Cost": 366.18, "Plan Rows": 98, "Plan Width": 33, "Actual Startup Time": 0.071, "Actual Total Time": 6.39, "Actual Rows": 835, "Actual Loops": 1, "Output": ["supplier.s_suppkey", "n1.n_name"], "Inner Unique": true, "Hash Cond": "(supplier.s_nationkey = n1.n_nationkey)", "Plans": [{"Node Type": "Seq Scan", "Parent Relationship": "Outer", "Parallel Aware": false, "Relation Name": "supplier", "Schema": "public", "Alias": "supplier", "Startup Cost": 0.0, "Total Cost": 322.0, "Plan Rows": 10000, "Plan Width": 8, "Actual Startup Time": 0.01, "Actual Total Time": 0.694, "Actual Rows": 10000, "Actual Loops": 1, "Output": ["supplier.s_suppkey", "supplier.s_name", "supplier.s_address", "supplier.s_nationkey", "supplier.s_phone", "supplier.s_acctbal", "supplier.s_comment"]}, {"Node Type": "Hash", "Parent Relationship": "Inner", "Parallel Aware": false, "Startup Cost": 17.65, "Total Cost": 17.65, "Plan Rows": 5, "Plan Width": 33, "Actual Startup Time": 0.039, "Actual Total Time": 0.048, "Actual Rows": 2, "Actual Loops": 1, "Output": ["n1.n_name", "n1.n_nationkey"], "Hash Buckets": 1024, "Original Hash Buckets": 1024, "Hash Batches": 1, "Original Hash Batches": 1, "Peak Memory Usage": 9, "Plans": [{"Node Type": "Seq Scan", "Parent Relationship": "Outer", "Parallel Aware": false, "Relation Name": "nation", "Schema": "public", "Alias": "n1", "Startup Cost": 0.0, "Total Cost": 17.65, "Plan Rows": 5, "Plan Width": 33, "Actual Startup Time": 0.011, "Actual Total Time": 0.019, "Actual Rows": 2, "Actual Loops": 1, "Output": ["n1.n_name", "n1.n_nationkey"], "Filter": "(((n1.n_name)::text = 'EGYPT'::text) OR ((n1.n_name)::text = 'ALGERIA'::text))", "Rows Removed by Filter": 23}]}]}]}]}]}]}, "Planning Time": 26.549, "Triggers": [], "Execution Time": 11242.68}]
q8#####[{"Plan": {"Node Type": "Sort", "Parallel Aware": false, "Startup Cost": 250657.84, "Total Cost": 250658.34, "Plan Rows": 200, "Plan Width": 61, "Actual Startup Time": 8986.961, "Actual Total Time": 8987.099, "Actual Rows": 5, "Actual Loops": 1, "Output": ["nation.n_name", "(sum((lineitem.l_extendedprice * ('1'::numeric - lineitem.l_discount))))"], "Sort Key": ["(sum((lineitem.l_extendedprice * ('1'::numeric - lineitem.l_discount)))) DESC"], "Sort Method": "quicksort", "Sort Space Used": 25, "Sort Space Type": "Memory", "Plans": [{"Node Type": "Aggregate", "Strategy": "Sorted", "Partial Mode": "Simple", "Parent Relationship": "Outer", "Parallel Aware": false, "Startup Cost": 250645.08, "Total Cost": 250650.2, "Plan Rows": 200, "Plan Width": 61, "Actual Startup Time": 8975.935, "Actual Total Time": 8986.954, "Actual Rows": 5, "Actual Loops": 1, "Output": ["nation.n_name", "sum((lineitem.l_extendedprice * ('1'::numeric - lineitem.l_discount)))"], "Group Key": ["nation.n_name"], "Plans": [{"Node Type": "Sort", "Parent Relationship": "Outer", "Parallel Aware": false, "Startup Cost": 250645.08, "Total Cost": 250645.6, "Plan Rows": 210, "Plan Width": 41, "Actual Startup Time": 8974.839, "Actual Total Time": 8975.767, "Actual Rows": 7378, "Actual Loops": 1, "Output": ["nation.n_name", "lineitem.l_extendedprice", "lineitem.l_discount"], "Sort Key": ["nation.n_name"], "Sort Method": "quicksort", "Sort Space Used": 766, "Sort Space Type": "Memory", "Plans": [{"Node Type": "Hash Join", "Parent Relationship": "Outer", "Parallel Aware": false, "Join Type": "Inner", "Startup Cost": 55520.48, "Total Cost": 250636.98, "Plan Rows": 210, "Plan Width": 41, "Actual Startup Time": 3607.718, "Actual Total Time": 8955.423, "Actual Rows": 7378, "Actual Loops": 1, "Output": ["nation.n_name", "lineitem.l_extendedprice", "lineitem.l_discount"], "Inner Unique": false, "Hash Cond": "((lineitem.l_suppkey = supplier.s_suppkey) AND (customer.c_nationkey = supplier.s_nationkey))", "Plans": [{"Node Type": "Hash Join", "Parent Relationship": "Outer", "Parallel Aware": false, "Join Type": "Inner", "Startup Cost": 55048.48, "Total Cost": 250123.48, "Plan Rows": 5253, "Plan Width": 53, "Actual Startup Time": 3575.574, "Actual Total Time": 8795.821, "Actual Rows": 183585, "Actual Loops": 1, "Output": ["customer.c_nationkey", "lineitem.l_extendedprice", "lineitem.l_discount", "lineitem.l_suppkey", "nation.n_name", "nation.n_nationkey"], "Inner Unique": false, "Hash Cond": "(lineitem.l_orderkey = orders.o_orderkey)", "Plans": [{"Node Type": "Seq Scan", "Parent Relationship": "Outer", "Parallel Aware": false, "Relation Name": "lineitem", "Schema": "public", "Alias": "lineitem", "Startup Cost": 0.0, "Total Cost": 172517.16, "Plan Rows": 6001416, "Plan Width": 20, "Actual Startup Time": 0.017, "Actual Total Time": 3411.026, "Actual Rows": 6001215, "Actual Loops": 1, "Output": ["lineitem.l_orderkey", "lineitem.l_partkey", "lineitem.l_suppkey", "lineitem.l_linenumber", "lineitem.l_quantity", "lineitem.l_extendedprice", "lineitem.l_discount", "lineitem.l_tax", "lineitem.l_returnflag", "lineitem.l_linestatus", "lineitem.l_shipdate", "lineitem.l_commitdate", "lineitem.l_receiptdate", "lineitem.l_shipinstruct", "lineitem.l_shipmode", "lineitem.l_comment"]}, {"Node Type": "Hash", "Parent Relationship": "Inner", "Parallel Aware": false, "Startup Cost": 55032.07, "Total Cost": 55032.07, "Plan Rows": 1313, "Plan Width": 41, "Actual Startup Time": 3575.275, "Actual Total Time": 3575.384, "Actual Rows": 45731, "Actual Loops": 1, "Output": ["customer.c_nationkey", "orders.o_orderkey", "nation.n_name", "nation.n_nationkey"], "Hash Buckets": 65536, "Original Hash Buckets": 2048, "Hash Batches": 1, "Original Hash Batches": 1, "Peak Memory Usage": 2871, "Plans": [{"Node Type": "Hash Join", "Parent Relationship": "Outer", "Parallel Aware": false, "Join Type": "Inner", "Startup Cost": 5570.54, "Total Cost": 55032.07, "Plan Rows": 1313, "Plan Width": 41, "Actual Startup Time": 271.547, "Actual Total Time": 3536.212, "Actual Rows": 45731, "Actual Loops": 1, "Output": ["customer.c_nationkey", "orders.o_orderkey", "nation.n_name", "nation.n_nationkey"], "Inner Unique": false, "Hash Cond": "(orders.o_custkey = customer.c_custkey)", "Plans": [{"Node Type": "Seq Scan", "Parent Relationship": "Outer", "Parallel Aware": false, "Relation Name": "orders", "Schema": "public", "Alias": "orders", "Startup Cost": 0.0, "Total Cost": 48595.0, "Plan Rows": 227574, "Plan Width": 8, "Actual Startup Time": 0.032, "Actual Total Time": 3042.562, "Actual Rows": 228637, "Actual Loops": 1, "Output": ["orders.o_orderkey", "orders.o_custkey", "orders.o_orderstatus", "orders.o_totalprice", "orders.o_orderdate", "orders.o_orderpriority", "orders.o_clerk", "orders.o_shippriority", "orders.o_comment"], "Filter": "((orders.o_orderdate >= '1995-01-01'::date) AND (orders.o_orderdate < '1996-01-01 00:00:00'::timestamp without time zone))", "Rows Removed by Filter": 1271363}, {"Node Type": "Hash", "Parent Relationship": "Inner", "Parallel Aware": false, "Startup Cost": 5559.73, "Total Cost": 5559.73, "Plan Rows": 865, "Plan Width": 41, "Actual Startup Time": 271.466, "Actual Total Time": 271.565, "Actual Rows": 30183, "Actual Loops": 1, "Output": ["customer.c_custkey", "customer.c_nationkey", "nation.n_name", "nation.n_nationkey"], "Hash Buckets": 32768, "Original Hash Buckets": 1024, "Hash Batches": 1, "Original Hash Batches": 1, "Peak Memory Usage": 1813, "Plans": [{"Node Type": "Hash Join", "Parent Relationship": "Outer", "Parallel Aware": false, "Join Type": "Inner", "Startup Cost": 38.01, "Total Cost": 5559.73, "Plan Rows": 865, "Plan Width": 41, "Actual Startup Time": 0.119, "Actual Total Time": 88.405, "Actual Rows": 30183, "Actual Loops": 1, "Output": ["customer.c_custkey", "customer.c_nationkey", "nation.n_name", "nation.n_nationkey"], "Inner Unique": true, "Hash Cond": "(nation.n_regionkey = region.r_regionkey)", "Plans": [{"Node Type": "Hash Join", "Parent Relationship": "Outer", "Parallel Aware": false, "Join Type": "Inner", "Startup Cost": 21.48, "Total Cost": 5503.5, "Plan Rows": 15000, "Plan Width": 45, "Actual Startup Time": 0.059, "Actual Total Time": 71.279, "Actual Rows": 150000, "Actual Loops": 1, "Output": ["customer.c_custkey", "customer.c_nationkey", "nation.n_name", "nation.n_nationkey", "nation.n_regionkey"], "Inner Unique": true, "Hash Cond": "(customer.c_nationkey = nation.n_nationkey)", "Plans": [{"Node Type": "Seq Scan", "Parent Relationship": "Outer", "Parallel Aware": false, "Relation Name": "customer", "Schema": "public", "Alias": "customer", "Startup Cost": 0.0, "Total Cost": 5085.0, "Plan Rows": 150000, "Plan Width": 8, "Actual Startup Time": 0.004, "Actual Total Time": 20.759, "Actual Rows": 150000, "Actual Loops": 1, "Output": ["customer.c_custkey", "customer.c_name", "customer.c_address", "customer.c_nationkey", "customer.c_phone", "customer.c_acctbal", "customer.c_mktsegment", "customer.c_comment"]}, {"Node Type": "Hash", "Parent Relationship": "Inner", "Parallel Aware": false, "Startup Cost": 15.1, "Total Cost": 15.1, "Plan Rows": 510, "Plan Width": 37, "Actual Startup Time": 0.013, "Actual Total Time": 0.014, "Actual Rows": 25, "Actual Loops": 1, "Output": ["nation.n_name", "nation.n_nationkey", "nation.n_regionkey"], "Hash Buckets": 1024, "Original Hash Buckets": 1024, "Hash Batches": 1, "Original Hash Batches": 1, "Peak Memory Usage": 10, "Plans": [{"Node Type": "Seq Scan", "Parent Relationship": "Outer", "Parallel Aware": false, "Relation Name": "nation", "Schema": "public", "Alias": "nation", "Startup Cost": 0.0, "Total Cost": 15.1, "Plan Rows": 510, "Plan Width": 37, "Actual Startup Time": 0.003, "Actual Total Time": 0.005, "Actual Rows": 25, "Actual Loops": 1, "Output": ["nation.n_name", "nation.n_nationkey", "nation.n_regionkey"]}]}]}, {"Node Type": "Hash", "Parent Relationship": "Inner", "Parallel Aware": false, "Startup Cost": 16.5, "Total Cost": 16.5, "Plan Rows": 3, "Plan Width": 4, "Actual Startup Time": 0.02, "Actual Total Time": 0.027, "Actual Rows": 1, "Actual Loops": 1, "Output": ["region.r_regionkey"], "Hash Buckets": 1024, "Original Hash Buckets": 1024, "Hash Batches": 1, "Original Hash Batches": 1, "Peak Memory Usage": 9, "Plans": [{"Node Type": "Seq Scan", "Parent Relationship": "Outer", "Parallel Aware": false, "Relation Name": "region", "Schema": "public", "Alias": "region", "Startup Cost": 0.0, "Total Cost": 16.5, "Plan Rows": 3, "Plan Width": 4, "Actual Startup Time": 0.01, "Actual Total Time": 0.01, "Actual Rows": 1, "Actual Loops": 1, "Output": ["region.r_regionkey"], "Filter": "((region.r_name)::text = 'ASIA'::text)", "Rows Removed by Filter": 4}]}]}]}]}]}]}, {"Node Type": "Hash", "Parent Relationship": "Inner", "Parallel Aware": false, "Startup Cost": 322.0, "Total Cost": 322.0, "Plan Rows": 10000, "Plan Width": 8, "Actual Startup Time": 13.078, "Actual Total Time": 13.079, "Actual Rows": 10000, "Actual Loops": 1, "Output": ["supplier.s_suppkey", "supplier.s_nationkey"], "Hash Buckets": 16384, "Original Hash Buckets": 16384, "Hash Batches": 1, "Original Hash Batches": 1, "Peak Memory Usage": 519, "Plans": [{"Node Type": "Seq Scan", "Parent Relationship": "Outer", "Parallel Aware": false, "Relation Name": "supplier", "Schema": "public", "Alias": "supplier", "Startup Cost": 0.0, "Total Cost": 322.0, "Plan Rows": 10000, "Plan Width": 8, "Actual Startup Time": 0.02, "Actual Total Time": 6.943, "Actual Rows": 10000, "Actual Loops": 1, "Output": ["supplier.s_suppkey", "supplier.s_nationkey"]}]}]}]}]}]}, "Planning Time": 19.228, "Triggers": [], "Execution Time": 8999.376}]
q9#####[{"Plan": {"Node Type": "Aggregate", "Strategy": "Sorted", "Partial Mode": "Simple", "Parallel Aware": false, "Startup Cost": 258688.17, "Total Cost": 258691.27, "Plan Rows": 69, "Plan Width": 40, "Actual Startup Time": 7387.87, "Actual Total Time": 7405.535, "Actual Rows": 2, "Actual Loops": 1, "Output": ["(date_part('year'::text, (orders.o_orderdate)::timestamp without time zone))", "(sum(CASE WHEN ((n2.n_name)::text = 'MOZAMBIQUE'::text) THEN (lineitem.l_extendedprice * ('1'::numeric - lineitem.l_discount)) ELSE '0'::numeric END) / sum((lineitem.l_extendedprice * ('1'::numeric - lineitem.l_discount))))"], "Group Key": ["(date_part('year'::text, (orders.o_orderdate)::timestamp without time zone))"], "Plans": [{"Node Type": "Sort", "Parent Relationship": "Outer", "Parallel Aware": false, "Startup Cost": 258688.17, "Total Cost": 258688.34, "Plan Rows": 69, "Plan Width": 49, "Actual Startup Time": 7387.434, "Actual Total Time": 7404.951, "Actual Rows": 2613, "Actual Loops": 1, "Output": ["(date_part('year'::text, (orders.o_orderdate)::timestamp without time zone))", "n2.n_name", "lineitem.l_extendedprice", "lineitem.l_discount"], "Sort Key": ["(date_part('year'::text, (orders.o_orderdate)::timestamp without time zone))"], "Sort Method": "quicksort", "Sort Space Used": 301, "Sort Space Type": "Memory", "Plans": [{"Node Type": "Nested Loop", "Parent Relationship": "Outer", "Parallel Aware": false, "Join Type": "Inner", "Startup Cost": 63101.7, "Total Cost": 258686.06, "Plan Rows": 69, "Plan Width": 49, "Actual Startup Time": 2147.217, "Actual Total Time": 7402.386, "Actual Rows": 2613, "Actual Loops": 1, "Output": ["date_part('year'::text, (orders.o_orderdate)::timestamp without time zone)", "n2.n_name", "lineitem.l_extendedprice", "lineitem.l_discount"], "Inner Unique": true, "Plans": [{"Node Type": "Hash Join", "Parent Relationship": "Outer", "Parallel Aware": false, "Join Type": "Inner", "Startup Cost": 63101.55, "Total Cost": 258674.0, "Plan Rows": 69, "Plan Width": 20, "Actual Startup Time": 2147.105, "Actual Total Time": 7380.689, "Actual Rows": 2613, "Actual Loops": 1, "Output": ["lineitem.l_extendedprice", "lineitem.l_discount", "supplier.s_nationkey", "orders.o_orderdate"], "Inner Unique": false, "Hash Cond": "(lineitem.l_suppkey = supplier.s_suppkey)", "Plans": [{"Node Type": "Hash Join", "Parent Relationship": "Outer", "Parallel Aware": false, "Join Type": "Inner", "Startup Cost": 62654.55, "Total Cost": 258226.05, "Plan Rows": 69, "Plan Width": 20, "Actual Startup Time": 2136.384, "Actual Total Time": 7355.319, "Actual Rows": 2613, "Actual Loops": 1, "Output": ["lineitem.l_extendedprice", "lineitem.l_discount", "lineitem.l_suppkey", "orders.o_orderdate"], "Inner Unique": false, "Hash Cond": "(lineitem.l_orderkey = orders.o_orderkey)", "Plans": [{"Node Type": "Hash Join", "Parent Relationship": "Outer", "Parallel Aware": false, "Join Type": "Inner", "Startup Cost": 6613.61, "Total Cost": 202034.87, "Plan Rows": 39879, "Plan Width": 20, "Actual Startup Time": 685.424, "Actual Total Time": 5685.517, "Actual Rows": 42185, "Actual Loops": 1, "Output": ["lineitem.l_extendedprice", "lineitem.l_discount", "lineitem.l_suppkey", "lineitem.l_orderkey"], "Inner Unique": false, "Hash Cond": "(lineitem.l_partkey = part.p_partkey)", "Plans": [{"Node Type": "Seq Scan", "Parent Relationship": "Outer", "Parallel Aware": false, "Relation Name": "lineitem", "Schema": "public", "Alias": "lineitem", "Startup Cost": 0.0, "Total Cost": 172517.16, "Plan Rows": 6001416, "Plan Width": 24, "Actual Startup Time": 0.014, "Actual Total Time": 3771.623, "Actual Rows": 6001215, "Actual Loops": 1, "Output": ["lineitem.l_orderkey", "lineitem.l_partkey", "lineitem.l_suppkey", "lineitem.l_linenumber", "lineitem.l_quantity", "lineitem.l_extendedprice", "lineitem.l_discount", "lineitem.l_tax", "lineitem.l_returnflag", "lineitem.l_linestatus", "lineitem.l_shipdate", "lineitem.l_commitdate", "lineitem.l_receiptdate", "lineitem.l_shipinstruct", "lineitem.l_shipmode", "lineitem.l_comment"]}, {"Node Type": "Hash", "Parent Relationship": "Inner", "Parallel Aware": false, "Startup Cost": 6597.0, "Total Cost": 6597.0, "Plan Rows": 1329, "Plan Width": 4, "Actual Startup Time": 685.087, "Actual Total Time": 685.09, "Actual Rows": 1413, "Actual Loops": 1, "Output": ["part.p_partkey"], "Hash Buckets": 2048, "Original Hash Buckets": 2048, "Hash Batches": 1, "Original Hash Batches": 1, "Peak Memory Usage": 66, "Plans": [{"Node Type": "Seq Scan", "Parent Relationship": "Outer", "Parallel Aware": false, "Relation Name": "part", "Schema": "public", "Alias": "part", "Startup Cost": 0.0, "Total Cost": 6597.0, "Plan Rows": 1329, "Plan Width": 4, "Actual Startup Time": 11.527, "Actual Total Time": 684.176, "Actual Rows": 1413, "Actual Loops": 1, "Output": ["part.p_partkey"], "Filter": "((part.p_type)::text = 'SMALL BRUSHED TIN'::text)", "Rows Removed by Filter": 198587}]}]}, {"Node Type": "Hash", "Parent Relationship": "Inner", "Parallel Aware": false, "Startup Cost": 56008.49, "Total Cost": 56008.49, "Plan Rows": 2596, "Plan Width": 8, "Actual Startup Time": 1449.667, "Actual Total Time": 1467.018, "Actual Rows": 91174, "Actual Loops": 1, "Output": ["orders.o_orderdate", "orders.o_orderkey"], "Hash Buckets": 131072, "Original Hash Buckets": 4096, "Hash Batches": 2, "Original Hash Batches": 1, "Peak Memory Usage": 3073, "Plans": [{"Node Type": "Hash Join", "Parent Relationship": "Outer", "Parallel Aware": false, "Join Type": "Inner", "Startup Cost": 5700.16, "Total Cost": 56008.49, "Plan Rows": 2596, "Plan Width": 8, "Actual Startup Time": 103.537, "Actual Total Time": 1396.311, "Actual Rows": 91174, "Actual Loops": 1, "Output": ["orders.o_orderdate", "orders.o_orderkey"], "Inner Unique": false, "Hash Cond": "(orders.o_custkey = customer.c_custkey)", "Plans": [{"Node Type": "Seq Scan", "Parent Relationship": "Outer", "Parallel Aware": false, "Relation Name": "orders", "Schema": "public", "Alias": "orders", "Startup Cost": 0.0, "Total Cost": 48595.0, "Plan Rows": 449969, "Plan Width": 12, "Actual Startup Time": 0.039, "Actual Total Time": 1017.516, "Actual Rows": 457263, "Actual Loops": 1, "Output": ["orders.o_orderkey", "orders.o_custkey", "orders.o_orderstatus", "orders.o_totalprice", "orders.o_orderdate", "orders.o_orderpriority", "orders.o_clerk", "orders.o_shippriority", "orders.o_comment"], "Filter": "((orders.o_orderdate >= '1995-01-01'::date) AND (orders.o_orderdate <= '1996-12-31'::date))", "Rows Removed by Filter": 1042737}, {"Node Type": "Hash", "Parent Relationship": "Inner", "Parallel Aware": false, "Startup Cost": 5689.34, "Total Cost": 5689.34, "Plan Rows": 865, "Plan Width": 4, "Actual Startup Time": 103.457, "Actual Total Time": 120.789, "Actual Rows": 29764, "Actual Loops": 1, "Output": ["customer.c_custkey"], "Hash Buckets": 32768, "Original Hash Buckets": 1024, "Hash Batches": 1, "Original Hash Batches": 1, "Peak Memory Usage": 1303, "Plans": [{"Node Type": "Hash Join", "Parent Relationship": "Outer", "Parallel Aware": false, "Join Type": "Inner", "Startup Cost": 33.02, "Total Cost": 5689.34, "Plan Rows": 865, "Plan Width": 4, "Actual Startup Time": 0.133, "Actual Total Time": 110.179, "Actual Rows": 29764, "Actual Loops": 1, "Output": ["customer.c_custkey"], "Inner Unique": false, "Hash Cond": "(customer.c_nationkey = n1.n_nationkey)", "Plans": [{"Node Type": "Seq Scan", "Parent Relationship": "Outer", "Parallel Aware": false, "Relation Name": "customer", "Schema": "public", "Alias": "customer", "Startup Cost": 0.0, "Total Cost": 5085.0, "Plan Rows": 150000, "Plan Width": 8, "Actual Startup Time": 0.01, "Actual Total Time": 30.574, "Actual Rows": 150000, "Actual Loops": 1, "Output": ["customer.c_custkey", "customer.c_name", "customer.c_address", "customer.c_nationkey", "customer.c_phone", "customer.c_acctbal", "customer.c_mktsegment", "customer.c_comment"]}, {"Node Type": "Hash", "Parent Relationship": "Inner", "Parallel Aware": false, "Startup Cost": 32.99, "Total Cost": 32.99, "Plan Rows": 3, "Plan Width": 4, "Actual Startup Time": 0.095, "Actual Total Time": 17.415, "Actual Rows": 5, "Actual Loops": 1, "Output": ["n1.n_nationkey"], "Hash Buckets": 1024, "Original Hash Buckets": 1024, "Hash Batches": 1, "Original Hash Batches": 1, "Peak Memory Usage": 9, "Plans": [{"Node Type": "Hash Join", "Parent Relationship": "Outer", "Parallel Aware": false, "Join Type": "Inner", "Startup Cost": 16.54, "Total Cost": 32.99, "Plan Rows": 3, "Plan Width": 4, "Actual Startup Time": 0.079, "Actual Total Time": 17.398, "Actual Rows": 5, "Actual Loops": 1, "Output": ["n1.n_nationkey"], "Inner Unique": true, "Hash Cond": "(n1.n_regionkey = region.r_regionkey)", "Plans": [{"Node Type": "Seq Scan", "Parent Relationship": "Outer", "Parallel Aware": false, "Relation Name": "nation", "Schema": "public", "Alias": "n1", "Startup Cost": 0.0, "Total Cost": 15.1, "Plan Rows": 510, "Plan Width": 8, "Actual Startup Time": 0.019, "Actual Total Time": 0.027, "Actual Rows": 25, "Actual Loops": 1, "Output": ["n1.n_nationkey", "n1.n_name", "n1.n_regionkey", "n1.n_comment"]}, {"Node Type": "Hash", "Parent Relationship": "Inner", "Parallel Aware": false, "Startup Cost": 16.5, "Total Cost": 16.5, "Plan Rows": 3, "Plan Width": 4, "Actual Startup Time": 0.027, "Actual Total Time": 0.034, "Actual Rows": 1, "Actual Loops": 1, "Output": ["region.r_regionkey"], "Hash Buckets": 1024, "Original Hash Buckets": 1024, "Hash Batches": 1, "Original Hash Batches": 1, "Peak Memory Usage": 9, "Plans": [{"Node Type": "Seq Scan", "Parent Relationship": "Outer", "Parallel Aware": false, "Relation Name": "region", "Schema": "public", "Alias": "region", "Startup Cost": 0.0, "Total Cost": 16.5, "Plan Rows": 3, "Plan Width": 4, "Actual Startup Time": 0.015, "Actual Total Time": 0.016, "Actual Rows": 1, "Actual Loops": 1, "Output": ["region.r_regionkey"], "Filter": "((region.r_name)::text = 'AFRICA'::text)", "Rows Removed by Filter": 4}]}]}]}]}]}]}]}]}, {"Node Type": "Hash", "Parent Relationship": "Inner", "Parallel Aware": false, "Startup Cost": 322.0, "Total Cost": 322.0, "Plan Rows": 10000, "Plan Width": 8, "Actual Startup Time": 10.5, "Actual Total Time": 10.501, "Actual Rows": 10000, "Actual Loops": 1, "Output": ["supplier.s_suppkey", "supplier.s_nationkey"], "Hash Buckets": 16384, "Original Hash Buckets": 16384, "Hash Batches": 1, "Original Hash Batches": 1, "Peak Memory Usage": 519, "Plans": [{"Node Type": "Seq Scan", "Parent Relationship": "Outer", "Parallel Aware": false, "Relation Name": "supplier", "Schema": "public", "Alias": "supplier", "Startup Cost": 0.0, "Total Cost": 322.0, "Plan Rows": 10000, "Plan Width": 8, "Actual Startup Time": 0.019, "Actual Total Time": 1.249, "Actual Rows": 10000, "Actual Loops": 1, "Output": ["supplier.s_suppkey", "supplier.s_nationkey"]}]}]}, {"Node Type": "Index Scan", "Parent Relationship": "Inner", "Parallel Aware": false, "Scan Direction": "Forward", "Index Name": "nation_pkey", "Relation Name": "nation", "Schema": "public", "Alias": "n2", "Startup Cost": 0.15, "Total Cost": 0.17, "Plan Rows": 1, "Plan Width": 33, "Actual Startup Time": 0.006, "Actual Total Time": 0.006, "Actual Rows": 1, "Actual Loops": 2613, "Output": ["n2.n_nationkey", "n2.n_name", "n2.n_regionkey", "n2.n_comment"], "Index Cond": "(n2.n_nationkey = supplier.s_nationkey)", "Rows Removed by Index Recheck": 0}]}]}]}, "Planning Time": 23.864, "Triggers": [], "Execution Time": 7423.671}]
q11#####[{"Plan": {"Node Type": "Aggregate", "Strategy": "Sorted", "Partial Mode": "Simple", "Parallel Aware": false, "Startup Cost": 262572.21, "Total Cost": 262575.32, "Plan Rows": 89, "Plan Width": 98, "Actual Startup Time": 10061.415, "Actual Total Time": 10068.179, "Actual Rows": 4, "Actual Loops": 1, "Output": ["n1.n_name", "n2.n_name", "(date_part('year'::text, (lineitem.l_shipdate)::timestamp without time zone))", "sum((lineitem.l_extendedprice * ('1'::numeric - lineitem.l_discount)))"], "Group Key": ["n1.n_name", "n2.n_name", "(date_part('year'::text, (lineitem.l_shipdate)::timestamp without time zone))"], "Plans": [{"Node Type": "Sort", "Parent Relationship": "Outer", "Parallel Aware": false, "Startup Cost": 262572.21, "Total Cost": 262572.43, "Plan Rows": 89, "Plan Width": 78, "Actual Startup Time": 10060.008, "Actual Total Time": 10060.974, "Actual Rows": 5900, "Actual Loops": 1, "Output": ["n1.n_name", "n2.n_name", "(date_part('year'::text, (lineitem.l_shipdate)::timestamp without time zone))", "lineitem.l_extendedprice", "lineitem.l_discount"], "Sort Key": ["n1.n_name", "n2.n_name", "(date_part('year'::text, (lineitem.l_shipdate)::timestamp without time zone))"], "Sort Method": "quicksort", "Sort Space Used": 653, "Sort Space Type": "Memory", "Plans": [{"Node Type": "Hash Join", "Parent Relationship": "Outer", "Parallel Aware": false, "Join Type": "Inner", "Startup Cost": 52936.46, "Total Cost": 262569.33, "Plan Rows": 89, "Plan Width": 78, "Actual Startup Time": 1636.114, "Actual Total Time": 10041.511, "Actual Rows": 5900, "Actual Loops": 1, "Output": ["n1.n_name", "n2.n_name", "date_part('year'::text, (lineitem.l_shipdate)::timestamp without time zone)", "lineitem.l_extendedprice", "lineitem.l_discount"], "Inner Unique": false, "Hash Cond": "(lineitem.l_suppkey = supplier.s_suppkey)", "Join Filter": "((((n1.n_name)::text = 'ROMANIA'::text) AND ((n2.n_name)::text = 'INDIA'::text)) OR (((n1.n_name)::text = 'INDIA'::text) AND ((n2.n_name)::text = 'ROMANIA'::text)))", "Rows Removed by Join Filter": 5979, "Plans": [{"Node Type": "Hash Join", "Parent Relationship": "Outer", "Parallel Aware": false, "Join Type": "Inner", "Startup Cost": 52569.05, "Total Cost": 262194.33, "Plan Rows": 1809, "Plan Width": 49, "Actual Startup Time": 1623.781, "Actual Total Time": 9942.082, "Actual Rows": 146789, "Actual Loops": 1, "Output": ["lineitem.l_shipdate", "lineitem.l_extendedprice", "lineitem.l_discount", "lineitem.l_suppkey", "n2.n_name"], "Inner Unique": false, "Hash Cond": "(lineitem.l_orderkey = orders.o_orderkey)", "Plans": [{"Node Type": "Seq Scan", "Parent Relationship": "Outer", "Parallel Aware": false, "Relation Name": "lineitem", "Schema": "public", "Alias": "lineitem", "Startup Cost": 0.0, "Total Cost": 202524.24, "Plan Rows": 1845366, "Plan Width": 24, "Actual Startup Time": 0.038, "Actual Total Time": 3722.171, "Actual Rows": 1828450, "Actual Loops": 1, "Output": ["lineitem.l_orderkey", "lineitem.l_partkey", "lineitem.l_suppkey", "lineitem.l_linenumber", "lineitem.l_quantity", "lineitem.l_extendedprice", "lineitem.l_discount", "lineitem.l_tax", "lineitem.l_returnflag", "lineitem.l_linestatus", "lineitem.l_shipdate", "lineitem.l_commitdate", "lineitem.l_receiptdate", "lineitem.l_shipinstruct", "lineitem.l_shipmode", "lineitem.l_comment"], "Filter": "((lineitem.l_shipdate >= '1995-01-01'::date) AND (lineitem.l_shipdate <= '1996-12-31'::date))", "Rows Removed by Filter": 4172765}, {"Node Type": "Hash", "Parent Relationship": "Inner", "Parallel Aware": false, "Startup Cost": 52385.22, "Total Cost": 52385.22, "Plan Rows": 14706, "Plan Width": 33, "Actual Startup Time": 1622.614, "Actual Total Time": 1622.777, "Actual Rows": 120839, "Actual Loops": 1, "Output": ["orders.o_orderkey", "n2.n_name"], "Hash Buckets": 131072, "Original Hash Buckets": 16384, "Hash Batches": 2, "Original Hash Batches": 1, "Peak Memory Usage": 3561, "Plans": [{"Node Type": "Hash Join", "Parent Relationship": "Outer", "Parallel Aware": false, "Join Type": "Inner", "Startup Cost": 5518.12, "Total Cost": 52385.22, "Plan Rows": 14706, "Plan Width": 33, "Actual Startup Time": 84.444, "Actual Total Time": 1530.819, "Actual Rows": 120839, "Actual Loops": 1, "Output": ["orders.o_orderkey", "n2.n_name"], "Inner Unique": false, "Hash Cond": "(orders.o_custkey = customer.c_custkey)", "Plans": [{"Node Type": "Seq Scan", "Parent Relationship": "Outer", "Parallel Aware": false, "Relation Name": "orders", "Schema": "public", "Alias": "orders", "Startup Cost": 0.0, "Total Cost": 41095.0, "Plan Rows": 1500000, "Plan Width": 8, "Actual Startup Time": 0.025, "Actual Total Time": 962.617, "Actual Rows": 1500000, "Actual Loops": 1, "Output": ["orders.o_orderkey", "orders.o_custkey", "orders.o_orderstatus", "orders.o_totalprice", "orders.o_orderdate", "orders.o_orderpriority", "orders.o_clerk", "orders.o_shippriority", "orders.o_comment"]}, {"Node Type": "Hash", "Parent Relationship": "Inner", "Parallel Aware": false, "Startup Cost": 5499.73, "Total Cost": 5499.73, "Plan Rows": 1471, "Plan Width": 33, "Actual Startup Time": 84.351, "Actual Total Time": 84.468, "Actual Rows": 12142, "Actual Loops": 1, "Output": ["customer.c_custkey", "n2.n_name"], "Hash Buckets": 16384, "Original Hash Buckets": 2048, "Hash Batches": 1, "Original Hash Batches": 1, "Peak Memory Usage": 638, "Plans": [{"Node Type": "Hash Join", "Parent Relationship": "Outer", "Parallel Aware": false, "Join Type": "Inner", "Startup Cost": 17.71, "Total Cost": 5499.73, "Plan Rows": 1471, "Plan Width": 33, "Actual Startup Time": 0.093, "Actual Total Time": 79.69, "Actual Rows": 12142, "Actual Loops": 1, "Output": ["customer.c_custkey", "n2.n_name"], "Inner Unique": true, "Hash Cond": "(customer.c_nationkey = n2.n_nationkey)", "Plans": [{"Node Type": "Seq Scan", "Parent Relationship": "Outer", "Parallel Aware": false, "Relation Name": "customer", "Schema": "public", "Alias": "customer", "Startup Cost": 0.0, "Total Cost": 5085.0, "Plan Rows": 150000, "Plan Width": 8, "Actual Startup Time": 0.022, "Actual Total Time": 24.873, "Actual Rows": 150000, "Actual Loops": 1, "Output": ["customer.c_custkey", "customer.c_name", "customer.c_address", "customer.c_nationkey", "customer.c_phone", "customer.c_acctbal", "customer.c_mktsegment", "customer.c_comment"]}, {"Node Type": "Hash", "Parent Relationship": "Inner", "Parallel Aware": false, "Startup Cost": 17.65, "Total Cost": 17.65, "Plan Rows": 5, "Plan Width": 33, "Actual Startup Time": 0.015, "Actual Total Time": 0.021, "Actual Rows": 2, "Actual Loops": 1, "Output": ["n2.n_name", "n2.n_nationkey"], "Hash Buckets": 1024, "Original Hash Buckets": 1024, "Hash Batches": 1, "Original Hash Batches": 1, "Peak Memory Usage": 9, "Plans": [{"Node Type": "Seq Scan", "Parent Relationship": "Outer", "Parallel Aware": false, "Relation Name": "nation", "Schema": "public", "Alias": "n2", "Startup Cost": 0.0, "Total Cost": 17.65, "Plan Rows": 5, "Plan Width": 33, "Actual Startup Time": 0.009, "Actual Total Time": 0.011, "Actual Rows": 2, "Actual Loops": 1, "Output": ["n2.n_name", "n2.n_nationkey"], "Filter": "(((n2.n_name)::text = 'INDIA'::text) OR ((n2.n_name)::text = 'ROMANIA'::text))", "Rows Removed by Filter": 23}]}]}]}]}]}]}, {"Node Type": "Hash", "Parent Relationship": "Inner", "Parallel Aware": false, "Startup Cost": 366.18, "Total Cost": 366.18, "Plan Rows": 98, "Plan Width": 33, "Actual Startup Time": 8.164, "Actual Total Time": 8.233, "Actual Rows": 813, "Actual Loops": 1, "Output": ["supplier.s_suppkey", "n1.n_name"], "Hash Buckets": 1024, "Original Hash Buckets": 1024, "Hash Batches": 1, "Original Hash Batches": 1, "Peak Memory Usage": 43, "Plans": [{"Node Type": "Hash Join", "Parent Relationship": "Outer", "Parallel Aware": false, "Join Type": "Inner", "Startup Cost": 17.71, "Total Cost": 366.18, "Plan Rows": 98, "Plan Width": 33, "Actual Startup Time": 3.623, "Actual Total Time": 7.951, "Actual Rows": 813, "Actual Loops": 1, "Output": ["supplier.s_suppkey", "n1.n_name"], "Inner Unique": true, "Hash Cond": "(supplier.s_nationkey = n1.n_nationkey)", "Plans": [{"Node Type": "Seq Scan", "Parent Relationship": "Outer", "Parallel Aware": false, "Relation Name": "supplier", "Schema": "public", "Alias": "supplier", "Startup Cost": 0.0, "Total Cost": 322.0, "Plan Rows": 10000, "Plan Width": 8, "Actual Startup Time": 0.012, "Actual Total Time": 1.427, "Actual Rows": 10000, "Actual Loops": 1, "Output": ["supplier.s_suppkey", "supplier.s_name", "supplier.s_address", "supplier.s_nationkey", "supplier.s_phone", "supplier.s_acctbal", "supplier.s_comment"]}, {"Node Type": "Hash", "Parent Relationship": "Inner", "Parallel Aware": false, "Startup Cost": 17.65, "Total Cost": 17.65, "Plan Rows": 5, "Plan Width": 33, "Actual Startup Time": 1.504, "Actual Total Time": 1.542, "Actual Rows": 2, "Actual Loops": 1, "Output": ["n1.n_name", "n1.n_nationkey"], "Hash Buckets": 1024, "Original Hash Buckets": 1024, "Hash Batches": 1, "Original Hash Batches": 1, "Peak Memory Usage": 9, "Plans": [{"Node Type": "Seq Scan", "Parent Relationship": "Outer", "Parallel Aware": false, "Relation Name": "nation", "Schema": "public", "Alias": "n1", "Startup Cost": 0.0, "Total Cost": 17.65, "Plan Rows": 5, "Plan Width": 33, "Actual Startup Time": 0.536, "Actual Total Time": 0.564, "Actual Rows": 2, "Actual Loops": 1, "Output": ["n1.n_name", "n1.n_nationkey"], "Filter": "(((n1.n_name)::text = 'ROMANIA'::text) OR ((n1.n_name)::text = 'INDIA'::text))", "Rows Removed by Filter": 23}]}]}]}]}]}]}, "Planning Time": 1.405, "Triggers": [], "Execution Time": 10111.801}]
q10#####[{"Plan": {"Node Type": "Aggregate", "Strategy": "Sorted", "Partial Mode": "Simple", "Parallel Aware": false, "Startup Cost": 262572.21, "Total Cost": 262575.32, "Plan Rows": 89, "Plan Width": 98, "Actual Startup Time": 10684.352, "Actual Total Time": 10702.49, "Actual Rows": 4, "Actual Loops": 1, "Output": ["n1.n_name", "n2.n_name", "(date_part('year'::text, (lineitem.l_shipdate)::timestamp without time zone))", "sum((lineitem.l_extendedprice * ('1'::numeric - lineitem.l_discount)))"], "Group Key": ["n1.n_name", "n2.n_name", "(date_part('year'::text, (lineitem.l_shipdate)::timestamp without time zone))"], "Plans": [{"Node Type": "Sort", "Parent Relationship": "Outer", "Parallel Aware": false, "Startup Cost": 262572.21, "Total Cost": 262572.43, "Plan Rows": 89, "Plan Width": 78, "Actual Startup Time": 10683.455, "Actual Total Time": 10683.97, "Actual Rows": 6012, "Actual Loops": 1, "Output": ["n1.n_name", "n2.n_name", "(date_part('year'::text, (lineitem.l_shipdate)::timestamp without time zone))", "lineitem.l_extendedprice", "lineitem.l_discount"], "Sort Key": ["n1.n_name", "n2.n_name", "(date_part('year'::text, (lineitem.l_shipdate)::timestamp without time zone))"], "Sort Method": "quicksort", "Sort Space Used": 662, "Sort Space Type": "Memory", "Plans": [{"Node Type": "Hash Join", "Parent Relationship": "Outer", "Parallel Aware": false, "Join Type": "Inner", "Startup Cost": 52936.46, "Total Cost": 262569.33, "Plan Rows": 89, "Plan Width": 78, "Actual Startup Time": 1387.595, "Actual Total Time": 10663.48, "Actual Rows": 6012, "Actual Loops": 1, "Output": ["n1.n_name", "n2.n_name", "date_part('year'::text, (lineitem.l_shipdate)::timestamp without time zone)", "lineitem.l_extendedprice", "lineitem.l_discount"], "Inner Unique": false, "Hash Cond": "(lineitem.l_suppkey = supplier.s_suppkey)", "Join Filter": "((((n1.n_name)::text = 'BRAZIL'::text) AND ((n2.n_name)::text = 'CANADA'::text)) OR (((n1.n_name)::text = 'CANADA'::text) AND ((n2.n_name)::text = 'BRAZIL'::text)))", "Rows Removed by Join Filter": 5916, "Plans": [{"Node Type": "Hash Join", "Parent Relationship": "Outer", "Parallel Aware": false, "Join Type": "Inner", "Startup Cost": 52569.05, "Total Cost": 262194.33, "Plan Rows": 1809, "Plan Width": 49, "Actual Startup Time": 1378.563, "Actual Total Time": 10592.571, "Actual Rows": 146923, "Actual Loops": 1, "Output": ["lineitem.l_shipdate", "lineitem.l_extendedprice", "lineitem.l_discount", "lineitem.l_suppkey", "n2.n_name"], "Inner Unique": false, "Hash Cond": "(lineitem.l_orderkey = orders.o_orderkey)", "Plans": [{"Node Type": "Seq Scan", "Parent Relationship": "Outer", "Parallel Aware": false, "Relation Name": "lineitem", "Schema": "public", "Alias": "lineitem", "Startup Cost": 0.0, "Total Cost": 202524.24, "Plan Rows": 1845366, "Plan Width": 24, "Actual Startup Time": 0.136, "Actual Total Time": 4190.525, "Actual Rows": 1828450, "Actual Loops": 1, "Output": ["lineitem.l_orderkey", "lineitem.l_partkey", "lineitem.l_suppkey", "lineitem.l_linenumber", "lineitem.l_quantity", "lineitem.l_extendedprice", "lineitem.l_discount", "lineitem.l_tax", "lineitem.l_returnflag", "lineitem.l_linestatus", "lineitem.l_shipdate", "lineitem.l_commitdate", "lineitem.l_receiptdate", "lineitem.l_shipinstruct", "lineitem.l_shipmode", "lineitem.l_comment"], "Filter": "((lineitem.l_shipdate >= '1995-01-01'::date) AND (lineitem.l_shipdate <= '1996-12-31'::date))", "Rows Removed by Filter": 4172765}, {"Node Type": "Hash", "Parent Relationship": "Inner", "Parallel Aware": false, "Startup Cost": 52385.22, "Total Cost": 52385.22, "Plan Rows": 14706, "Plan Width": 33, "Actual Startup Time": 1377.983, "Actual Total Time": 1378.029, "Actual Rows": 120617, "Actual Loops": 1, "Output": ["orders.o_orderkey", "n2.n_name"], "Hash Buckets": 131072, "Original Hash Buckets": 16384, "Hash Batches": 2, "Original Hash Batches": 1, "Peak Memory Usage": 3553, "Plans": [{"Node Type": "Hash Join", "Parent Relationship": "Outer", "Parallel Aware": false, "Join Type": "Inner", "Startup Cost": 5518.12, "Total Cost": 52385.22, "Plan Rows": 14706, "Plan Width": 33, "Actual Startup Time": 147.04, "Actual Total Time": 1299.21, "Actual Rows": 120617, "Actual Loops": 1, "Output": ["orders.o_orderkey", "n2.n_name"], "Inner Unique": false, "Hash Cond": "(orders.o_custkey = customer.c_custkey)", "Plans": [{"Node Type": "Seq Scan", "Parent Relationship": "Outer", "Parallel Aware": false, "Relation Name": "orders", "Schema": "public", "Alias": "orders", "Startup Cost": 0.0, "Total Cost": 41095.0, "Plan Rows": 1500000, "Plan Width": 8, "Actual Startup Time": 0.023, "Actual Total Time": 686.271, "Actual Rows": 1500000, "Actual Loops": 1, "Output": ["orders.o_orderkey", "orders.o_custkey", "orders.o_orderstatus", "orders.o_totalprice", "orders.o_orderdate", "orders.o_orderpriority", "orders.o_clerk", "orders.o_shippriority", "orders.o_comment"]}, {"Node Type": "Hash", "Parent Relationship": "Inner", "Parallel Aware": false, "Startup Cost": 5499.73, "Total Cost": 5499.73, "Plan Rows": 1471, "Plan Width": 33, "Actual Startup Time": 146.998, "Actual Total Time": 147.025, "Actual Rows": 12019, "Actual Loops": 1, "Output": ["customer.c_custkey", "n2.n_name"], "Hash Buckets": 16384, "Original Hash Buckets": 2048, "Hash Batches": 1, "Original Hash Batches": 1, "Peak Memory Usage": 633, "Plans": [{"Node Type": "Hash Join", "Parent Relationship": "Outer", "Parallel Aware": false, "Join Type": "Inner", "Startup Cost": 17.71, "Total Cost": 5499.73, "Plan Rows": 1471, "Plan Width": 33, "Actual Startup Time": 0.075, "Actual Total Time": 133.917, "Actual Rows": 12019, "Actual Loops": 1, "Output": ["customer.c_custkey", "n2.n_name"], "Inner Unique": true, "Hash Cond": "(customer.c_nationkey = n2.n_nationkey)", "Plans": [{"Node Type": "Seq Scan", "Parent Relationship": "Outer", "Parallel Aware": false, "Relation Name": "customer", "Schema": "public", "Alias": "customer", "Startup Cost": 0.0, "Total Cost": 5085.0, "Plan Rows": 150000, "Plan Width": 8, "Actual Startup Time": 0.01, "Actual Total Time": 36.751, "Actual Rows": 150000, "Actual Loops": 1, "Output": ["customer.c_custkey", "customer.c_name", "customer.c_address", "customer.c_nationkey", "customer.c_phone", "customer.c_acctbal", "customer.c_mktsegment", "customer.c_comment"]}, {"Node Type": "Hash", "Parent Relationship": "Inner", "Parallel Aware": false, "Startup Cost": 17.65, "Total Cost": 17.65, "Plan Rows": 5, "Plan Width": 33, "Actual Startup Time": 0.027, "Actual Total Time": 0.036, "Actual Rows": 2, "Actual Loops": 1, "Output": ["n2.n_name", "n2.n_nationkey"], "Hash Buckets": 1024, "Original Hash Buckets": 1024, "Hash Batches": 1, "Original Hash Batches": 1, "Peak Memory Usage": 9, "Plans": [{"Node Type": "Seq Scan", "Parent Relationship": "Outer", "Parallel Aware": false, "Relation Name": "nation", "Schema": "public", "Alias": "n2", "Startup Cost": 0.0, "Total Cost": 17.65, "Plan Rows": 5, "Plan Width": 33, "Actual Startup Time": 0.019, "Actual Total Time": 0.022, "Actual Rows": 2, "Actual Loops": 1, "Output": ["n2.n_name", "n2.n_nationkey"], "Filter": "(((n2.n_name)::text = 'CANADA'::text) OR ((n2.n_name)::text = 'BRAZIL'::text))", "Rows Removed by Filter": 23}]}]}]}]}]}]}, {"Node Type": "Hash", "Parent Relationship": "Inner", "Parallel Aware": false, "Startup Cost": 366.18, "Total Cost": 366.18, "Plan Rows": 98, "Plan Width": 33, "Actual Startup Time": 2.03, "Actual Total Time": 2.053, "Actual Rows": 809, "Actual Loops": 1, "Output": ["supplier.s_suppkey", "n1.n_name"], "Hash Buckets": 1024, "Original Hash Buckets": 1024, "Hash Batches": 1, "Original Hash Batches": 1, "Peak Memory Usage": 42, "Plans": [{"Node Type": "Hash Join", "Parent Relationship": "Outer", "Parallel Aware": false, "Join Type": "Inner", "Startup Cost": 17.71, "Total Cost": 366.18, "Plan Rows": 98, "Plan Width": 33, "Actual Startup Time": 0.026, "Actual Total Time": 1.905, "Actual Rows": 809, "Actual Loops": 1, "Output": ["supplier.s_suppkey", "n1.n_name"], "Inner Unique": true, "Hash Cond": "(supplier.s_nationkey = n1.n_nationkey)", "Plans": [{"Node Type": "Seq Scan", "Parent Relationship": "Outer", "Parallel Aware": false, "Relation Name": "supplier", "Schema": "public", "Alias": "supplier", "Startup Cost": 0.0, "Total Cost": 322.0, "Plan Rows": 10000, "Plan Width": 8, "Actual Startup Time": 0.004, "Actual Total Time": 0.775, "Actual Rows": 10000, "Actual Loops": 1, "Output": ["supplier.s_suppkey", "supplier.s_name", "supplier.s_address", "supplier.s_nationkey", "supplier.s_phone", "supplier.s_acctbal", "supplier.s_comment"]}, {"Node Type": "Hash", "Parent Relationship": "Inner", "Parallel Aware": false, "Startup Cost": 17.65, "Total Cost": 17.65, "Plan Rows": 5, "Plan Width": 33, "Actual Startup Time": 0.012, "Actual Total Time": 0.021, "Actual Rows": 2, "Actual Loops": 1, "Output": ["n1.n_name", "n1.n_nationkey"], "Hash Buckets": 1024, "Original Hash Buckets": 1024, "Hash Batches": 1, "Original Hash Batches": 1, "Peak Memory Usage": 9, "Plans": [{"Node Type": "Seq Scan", "Parent Relationship": "Outer", "Parallel Aware": false, "Relation Name": "nation", "Schema": "public", "Alias": "n1", "Startup Cost": 0.0, "Total Cost": 17.65, "Plan Rows": 5, "Plan Width": 33, "Actual Startup Time": 0.008, "Actual Total Time": 0.011, "Actual Rows": 2, "Actual Loops": 1, "Output": ["n1.n_name", "n1.n_nationkey"], "Filter": "(((n1.n_name)::text = 'BRAZIL'::text) OR ((n1.n_name)::text = 'CANADA'::text))", "Rows Removed by Filter": 23}]}]}]}]}]}]}, "Planning Time": 6.682, "Triggers": [], "Execution Time": 10703.722}]
q12#####[{"Plan": {"Node Type": "Aggregate", "Strategy": "Sorted", "Partial Mode": "Simple", "Parallel Aware": false, "Startup Cost": 262572.21, "Total Cost": 262575.32, "Plan Rows": 89, "Plan Width": 98, "Actual Startup Time": 11703.873, "Actual Total Time": 11704.972, "Actual Rows": 4, "Actual Loops": 1, "Output": ["n1.n_name", "n2.n_name", "(date_part('year'::text, (lineitem.l_shipdate)::timestamp without time zone))", "sum((lineitem.l_extendedprice * ('1'::numeric - lineitem.l_discount)))"], "Group Key": ["n1.n_name", "n2.n_name", "(date_part('year'::text, (lineitem.l_shipdate)::timestamp without time zone))"], "Plans": [{"Node Type": "Sort", "Parent Relationship": "Outer", "Parallel Aware": false, "Startup Cost": 262572.21, "Total Cost": 262572.43, "Plan Rows": 89, "Plan Width": 78, "Actual Startup Time": 11703.444, "Actual Total Time": 11703.718, "Actual Rows": 6019, "Actual Loops": 1, "Output": ["n1.n_name", "n2.n_name", "(date_part('year'::text, (lineitem.l_shipdate)::timestamp without time zone))", "lineitem.l_extendedprice", "lineitem.l_discount"], "Sort Key": ["n1.n_name", "n2.n_name", "(date_part('year'::text, (lineitem.l_shipdate)::timestamp without time zone))"], "Sort Method": "quicksort", "Sort Space Used": 663, "Sort Space Type": "Memory", "Plans": [{"Node Type": "Hash Join", "Parent Relationship": "Outer", "Parallel Aware": false, "Join Type": "Inner", "Startup Cost": 52936.46, "Total Cost": 262569.33, "Plan Rows": 89, "Plan Width": 78, "Actual Startup Time": 1978.581, "Actual Total Time": 11657.731, "Actual Rows": 6019, "Actual Loops": 1, "Output": ["n1.n_name", "n2.n_name", "date_part('year'::text, (lineitem.l_shipdate)::timestamp without time zone)", "lineitem.l_extendedprice", "lineitem.l_discount"], "Inner Unique": false, "Hash Cond": "(lineitem.l_suppkey = supplier.s_suppkey)", "Join Filter": "((((n1.n_name)::text = 'VIETNAM'::text) AND ((n2.n_name)::text = 'RUSSIA'::text)) OR (((n1.n_name)::text = 'RUSSIA'::text) AND ((n2.n_name)::text = 'VIETNAM'::text)))", "Rows Removed by Join Filter": 5989, "Plans": [{"Node Type": "Hash Join", "Parent Relationship": "Outer", "Parallel Aware": false, "Join Type": "Inner", "Startup Cost": 52569.05, "Total Cost": 262194.33, "Plan Rows": 1809, "Plan Width": 49, "Actual Startup Time": 1920.439, "Actual Total Time": 11501.144, "Actual Rows": 148643, "Actual Loops": 1, "Output": ["lineitem.l_shipdate", "lineitem.l_extendedprice", "lineitem.l_discount", "lineitem.l_suppkey", "n2.n_name"], "Inner Unique": false, "Hash Cond": "(lineitem.l_orderkey = orders.o_orderkey)", "Plans": [{"Node Type": "Seq Scan", "Parent Relationship": "Outer", "Parallel Aware": false, "Relation Name": "lineitem", "Schema": "public", "Alias": "lineitem", "Startup Cost": 0.0, "Total Cost": 202524.24, "Plan Rows": 1845366, "Plan Width": 24, "Actual Startup Time": 0.039, "Actual Total Time": 5731.336, "Actual Rows": 1828450, "Actual Loops": 1, "Output": ["lineitem.l_orderkey", "lineitem.l_partkey", "lineitem.l_suppkey", "lineitem.l_linenumber", "lineitem.l_quantity", "lineitem.l_extendedprice", "lineitem.l_discount", "lineitem.l_tax", "lineitem.l_returnflag", "lineitem.l_linestatus", "lineitem.l_shipdate", "lineitem.l_commitdate", "lineitem.l_receiptdate", "lineitem.l_shipinstruct", "lineitem.l_shipmode", "lineitem.l_comment"], "Filter": "((lineitem.l_shipdate >= '1995-01-01'::date) AND (lineitem.l_shipdate <= '1996-12-31'::date))", "Rows Removed by Filter": 4172765}, {"Node Type": "Hash", "Parent Relationship": "Inner", "Parallel Aware": false, "Startup Cost": 52385.22, "Total Cost": 52385.22, "Plan Rows": 14706, "Plan Width": 33, "Actual Startup Time": 1914.957, "Actual Total Time": 1914.972, "Actual Rows": 121842, "Actual Loops": 1, "Output": ["orders.o_orderkey", "n2.n_name"], "Hash Buckets": 131072, "Original Hash Buckets": 16384, "Hash Batches": 2, "Original Hash Batches": 1, "Peak Memory Usage": 3617, "Plans": [{"Node Type": "Hash Join", "Parent Relationship": "Outer", "Parallel Aware": false, "Join Type": "Inner", "Startup Cost": 5518.12, "Total Cost": 52385.22, "Plan Rows": 14706, "Plan Width": 33, "Actual Startup Time": 92.125, "Actual Total Time": 1705.224, "Actual Rows": 121842, "Actual Loops": 1, "Output": ["orders.o_orderkey", "n2.n_name"], "Inner Unique": false, "Hash Cond": "(orders.o_custkey = customer.c_custkey)", "Plans": [{"Node Type": "Seq Scan", "Parent Relationship": "Outer", "Parallel Aware": false, "Relation Name": "orders", "Schema": "public", "Alias": "orders", "Startup Cost": 0.0, "Total Cost": 41095.0, "Plan Rows": 1500000, "Plan Width": 8, "Actual Startup Time": 0.017, "Actual Total Time": 1022.791, "Actual Rows": 1500000, "Actual Loops": 1, "Output": ["orders.o_orderkey", "orders.o_custkey", "orders.o_orderstatus", "orders.o_totalprice", "orders.o_orderdate", "orders.o_orderpriority", "orders.o_clerk", "orders.o_shippriority", "orders.o_comment"]}, {"Node Type": "Hash", "Parent Relationship": "Inner", "Parallel Aware": false, "Startup Cost": 5499.73, "Total Cost": 5499.73, "Plan Rows": 1471, "Plan Width": 33, "Actual Startup Time": 92.071, "Actual Total Time": 92.08, "Actual Rows": 12086, "Actual Loops": 1, "Output": ["customer.c_custkey", "n2.n_name"], "Hash Buckets": 16384, "Original Hash Buckets": 2048, "Hash Batches": 1, "Original Hash Batches": 1, "Peak Memory Usage": 642, "Plans": [{"Node Type": "Hash Join", "Parent Relationship": "Outer", "Parallel Aware": false, "Join Type": "Inner", "Startup Cost": 17.71, "Total Cost": 5499.73, "Plan Rows": 1471, "Plan Width": 33, "Actual Startup Time": 0.069, "Actual Total Time": 81.333, "Actual Rows": 12086, "Actual Loops": 1, "Output": ["customer.c_custkey", "n2.n_name"], "Inner Unique": true, "Hash Cond": "(customer.c_nationkey = n2.n_nationkey)", "Plans": [{"Node Type": "Seq Scan", "Parent Relationship": "Outer", "Parallel Aware": false, "Relation Name": "customer", "Schema": "public", "Alias": "customer", "Startup Cost": 0.0, "Total Cost": 5085.0, "Plan Rows": 150000, "Plan Width": 8, "Actual Startup Time": 0.006, "Actual Total Time": 20.46, "Actual Rows": 150000, "Actual Loops": 1, "Output": ["customer.c_custkey", "customer.c_name", "customer.c_address", "customer.c_nationkey", "customer.c_phone", "customer.c_acctbal", "customer.c_mktsegment", "customer.c_comment"]}, {"Node Type": "Hash", "Parent Relationship": "Inner", "Parallel Aware": false, "Startup Cost": 17.65, "Total Cost": 17.65, "Plan Rows": 5, "Plan Width": 33, "Actual Startup Time": 0.017, "Actual Total Time": 0.018, "Actual Rows": 2, "Actual Loops": 1, "Output": ["n2.n_name", "n2.n_nationkey"], "Hash Buckets": 1024, "Original Hash Buckets": 1024, "Hash Batches": 1, "Original Hash Batches": 1, "Peak Memory Usage": 9, "Plans": [{"Node Type": "Seq Scan", "Parent Relationship": "Outer", "Parallel Aware": false, "Relation Name": "nation", "Schema": "public", "Alias": "n2", "Startup Cost": 0.0, "Total Cost": 17.65, "Plan Rows": 5, "Plan Width": 33, "Actual Startup Time": 0.008, "Actual Total Time": 0.009, "Actual Rows": 2, "Actual Loops": 1, "Output": ["n2.n_name", "n2.n_nationkey"], "Filter": "(((n2.n_name)::text = 'RUSSIA'::text) OR ((n2.n_name)::text = 'VIETNAM'::text))", "Rows Removed by Filter": 23}]}]}]}]}]}]}, {"Node Type": "Hash", "Parent Relationship": "Inner", "Parallel Aware": false, "Startup Cost": 366.18, "Total Cost": 366.18, "Plan Rows": 98, "Plan Width": 33, "Actual Startup Time": 57.669, "Actual Total Time": 57.677, "Actual Rows": 800, "Actual Loops": 1, "Output": ["supplier.s_suppkey", "n1.n_name"], "Hash Buckets": 1024, "Original Hash Buckets": 1024, "Hash Batches": 1, "Original Hash Batches": 1, "Peak Memory Usage": 42, "Plans": [{"Node Type": "Hash Join", "Parent Relationship": "Outer", "Parallel Aware": false, "Join Type": "Inner", "Startup Cost": 17.71, "Total Cost": 366.18, "Plan Rows": 98, "Plan Width": 33, "Actual Startup Time": 0.029, "Actual Total Time": 57.485, "Actual Rows": 800, "Actual Loops": 1, "Output": ["supplier.s_suppkey", "n1.n_name"], "Inner Unique": true, "Hash Cond": "(supplier.s_nationkey = n1.n_nationkey)", "Plans": [{"Node Type": "Seq Scan", "Parent Relationship": "Outer", "Parallel Aware": false, "Relation Name": "supplier", "Schema": "public", "Alias": "supplier", "Startup Cost": 0.0, "Total Cost": 322.0, "Plan Rows": 10000, "Plan Width": 8, "Actual Startup Time": 0.008, "Actual Total Time": 12.843, "Actual Rows": 10000, "Actual Loops": 1, "Output": ["supplier.s_suppkey", "supplier.s_name", "supplier.s_address", "supplier.s_nationkey", "supplier.s_phone", "supplier.s_acctbal", "supplier.s_comment"]}, {"Node Type": "Hash", "Parent Relationship": "Inner", "Parallel Aware": false, "Startup Cost": 17.65, "Total Cost": 17.65, "Plan Rows": 5, "Plan Width": 33, "Actual Startup Time": 0.007, "Actual Total Time": 0.007, "Actual Rows": 2, "Actual Loops": 1, "Output": ["n1.n_name", "n1.n_nationkey"], "Hash Buckets": 1024, "Original Hash Buckets": 1024, "Hash Batches": 1, "Original Hash Batches": 1, "Peak Memory Usage": 9, "Plans": [{"Node Type": "Seq Scan", "Parent Relationship": "Outer", "Parallel Aware": false, "Relation Name": "nation", "Schema": "public", "Alias": "n1", "Startup Cost": 0.0, "Total Cost": 17.65, "Plan Rows": 5, "Plan Width": 33, "Actual Startup Time": 0.004, "Actual Total Time": 0.005, "Actual Rows": 2, "Actual Loops": 1, "Output": ["n1.n_name", "n1.n_nationkey"], "Filter": "(((n1.n_name)::text = 'VIETNAM'::text) OR ((n1.n_name)::text = 'RUSSIA'::text))", "Rows Removed by Filter": 23}]}]}]}]}]}]}, "Planning Time": 22.791, "Triggers": [], "Execution Time": 11711.714}]
q14#####[{"Plan": {"Node Type": "Sort", "Parallel Aware": false, "Startup Cost": 3067167.8, "Total Cost": 3080977.3, "Plan Rows": 5523800, "Plan Width": 205, "Actual Startup Time": 8689.265, "Actual Total Time": 8774.641, "Actual Rows": 35593, "Actual Loops": 1, "Output": ["customer.c_custkey", "customer.c_name", "(sum((lineitem.l_extendedprice * ('1'::numeric - lineitem.l_discount))))", "customer.c_acctbal", "nation.n_name", "customer.c_address", "customer.c_phone", "customer.c_comment"], "Sort Key": ["(sum((lineitem.l_extendedprice * ('1'::numeric - lineitem.l_discount)))) DESC"], "Sort Method": "external merge", "Sort Space Used": 6016, "Sort Space Type": "Disk", "Plans": [{"Node Type": "Aggregate", "Strategy": "Sorted", "Partial Mode": "Simple", "Parent Relationship": "Outer", "Parallel Aware": false, "Startup Cost": 278557.86, "Total Cost": 806000.71, "Plan Rows": 5523800, "Plan Width": 205, "Actual Startup Time": 7679.574, "Actual Total Time": 8565.211, "Actual Rows": 35593, "Actual Loops": 1, "Output": ["customer.c_custkey", "customer.c_name", "sum((lineitem.l_extendedprice * ('1'::numeric - lineitem.l_discount)))", "customer.c_acctbal", "nation.n_name", "customer.c_address", "customer.c_phone", "customer.c_comment"], "Group Key": ["customer.c_custkey", "customer.c_name", "customer.c_acctbal", "customer.c_phone", "nation.n_name", "customer.c_address", "customer.c_comment"], "Plans": [{"Node Type": "Incremental Sort", "Parent Relationship": "Outer", "Parallel Aware": false, "Startup Cost": 278557.86, "Total Cost": 598858.21, "Plan Rows": 5523800, "Plan Width": 185, "Actual Startup Time": 7679.531, "Actual Total Time": 8309.929, "Actual Rows": 94907, "Actual Loops": 1, "Output": ["customer.c_custkey", "customer.c_name", "customer.c_acctbal", "nation.n_name", "customer.c_address", "customer.c_phone", "customer.c_comment", "lineitem.l_extendedprice", "lineitem.l_discount"], "Sort Key": ["customer.c_custkey", "customer.c_name", "customer.c_acctbal", "customer.c_phone", "nation.n_name", "customer.c_address", "customer.c_comment"], "Presorted Key": ["customer.c_custkey"], "Full-sort Groups": {"Group Count": 2839, "Sort Methods Used": ["quicksort"], "Sort Space Memory": {"Average Sort Space Used": 33, "Peak Sort Space Used": 33}}, "Plans": [{"Node Type": "Merge Join", "Parent Relationship": "Outer", "Parallel Aware": false, "Join Type": "Inner", "Startup Cost": 278556.25, "Total Cost": 280134.82, "Plan Rows": 5523800, "Plan Width": 185, "Actual Startup Time": 7675.068, "Actual Total Time": 8174.92, "Actual Rows": 94907, "Actual Loops": 1, "Output": ["customer.c_custkey", "customer.c_name", "customer.c_acctbal", "nation.n_name", "customer.c_address", "customer.c_phone", "customer.c_comment", "lineitem.l_extendedprice", "lineitem.l_discount"], "Inner Unique": false, "Merge Cond": "(customer.c_custkey = orders.o_custkey)", "Plans": [{"Node Type": "Sort", "Parent Relationship": "Outer", "Parallel Aware": false, "Startup Cost": 31219.95, "Total Cost": 31594.95, "Plan Rows": 150000, "Plan Width": 173, "Actual Startup Time": 309.227, "Actual Total Time": 653.785, "Actual Rows": 150000, "Actual Loops": 1, "Output": ["customer.c_custkey", "customer.c_name", "customer.c_acctbal", "customer.c_address", "customer.c_phone", "customer.c_comment", "nation.n_name"], "Sort Key": ["customer.c_custkey"], "Sort Method": "external merge", "Sort Space Used": 24056, "Sort Space Type": "Disk", "Plans": [{"Node Type": "Hash Join", "Parent Relationship": "Outer", "Parallel Aware": false, "Join Type": "Inner", "Startup Cost": 21.48, "Total Cost": 5503.5, "Plan Rows": 150000, "Plan Width": 173, "Actual Startup Time": 0.055, "Actual Total Time": 111.132, "Actual Rows": 150000, "Actual Loops": 1, "Output": ["customer.c_custkey", "customer.c_name", "customer.c_acctbal", "customer.c_address", "customer.c_phone", "customer.c_comment", "nation.n_name"], "Inner Unique": true, "Hash Cond": "(customer.c_nationkey = nation.n_nationkey)", "Plans": [{"Node Type": "Seq Scan", "Parent Relationship": "Outer", "Parallel Aware": false, "Relation Name": "customer", "Schema": "public", "Alias": "customer", "Startup Cost": 0.0, "Total Cost": 5085.0, "Plan Rows": 150000, "Plan Width": 148, "Actual Startup Time": 0.021, "Actual Total Time": 39.557, "Actual Rows": 150000, "Actual Loops": 1, "Output": ["customer.c_custkey", "customer.c_name", "customer.c_address", "customer.c_nationkey", "customer.c_phone", "customer.c_acctbal", "customer.c_mktsegment", "customer.c_comment"]}, {"Node Type": "Hash", "Parent Relationship": "Inner", "Parallel Aware": false, "Startup Cost": 15.1, "Total Cost": 15.1, "Plan Rows": 510, "Plan Width": 33, "Actual Startup Time": 0.019, "Actual Total Time": 0.032, "Actual Rows": 25, "Actual Loops": 1, "Output": ["nation.n_name", "nation.n_nationkey"], "Hash Buckets": 1024, "Original Hash Buckets": 1024, "Hash Batches": 1, "Original Hash Batches": 1, "Peak Memory Usage": 10, "Plans": [{"Node Type": "Seq Scan", "Parent Relationship": "Outer", "Parallel Aware": false, "Relation Name": "nation", "Schema": "public", "Alias": "nation", "Startup Cost": 0.0, "Total Cost": 15.1, "Plan Rows": 510, "Plan Width": 33, "Actual Startup Time": 0.006, "Actual Total Time": 0.016, "Actual Rows": 25, "Actual Loops": 1, "Output": ["nation.n_name", "nation.n_nationkey"]}]}]}]}, {"Node Type": "Sort", "Parent Relationship": "Inner", "Parallel Aware": false, "Startup Cost": 247336.31, "Total Cost": 247474.4, "Plan Rows": 55238, "Plan Width": 16, "Actual Startup Time": 7365.763, "Actual Total Time": 7394.994, "Actual Rows": 94907, "Actual Loops": 1, "Output": ["orders.o_custkey", "lineitem.l_extendedprice", "lineitem.l_discount"], "Sort Key": ["orders.o_custkey"], "Sort Method": "external sort", "Sort Space Used": 2928, "Sort Space Type": "Disk", "Plans": [{"Node Type": "Hash Join", "Parent Relationship": "Outer", "Parallel Aware": false, "Join Type": "Inner", "Startup Cost": 49285.22, "Total Cost": 242985.38, "Plan Rows": 55238, "Plan Width": 16, "Actual Startup Time": 1409.407, "Actual Total Time": 7146.624, "Actual Rows": 94907, "Actual Loops": 1, "Output": ["orders.o_custkey", "lineitem.l_extendedprice", "lineitem.l_discount"], "Inner Unique": false, "Hash Cond": "(lineitem.l_orderkey = orders.o_orderkey)", "Plans": [{"Node Type": "Seq Scan", "Parent Relationship": "Outer", "Parallel Aware": false, "Relation Name": "lineitem", "Schema": "public", "Alias": "lineitem", "Startup Cost": 0.0, "Total Cost": 187520.7, "Plan Rows": 1500554, "Plan Width": 16, "Actual Startup Time": 0.054, "Actual Total Time": 4866.78, "Actual Rows": 1478870, "Actual Loops": 1, "Output": ["lineitem.l_orderkey", "lineitem.l_partkey", "lineitem.l_suppkey", "lineitem.l_linenumber", "lineitem.l_quantity", "lineitem.l_extendedprice", "lineitem.l_discount", "lineitem.l_tax", "lineitem.l_returnflag", "lineitem.l_linestatus", "lineitem.l_shipdate", "lineitem.l_commitdate", "lineitem.l_receiptdate", "lineitem.l_shipinstruct", "lineitem.l_shipmode", "lineitem.l_comment"], "Filter": "(lineitem.l_returnflag = 'R'::bpchar)", "Rows Removed by Filter": 4522345}, {"Node Type": "Hash", "Parent Relationship": "Inner", "Parallel Aware": false, "Startup Cost": 48595.0, "Total Cost": 48595.0, "Plan Rows": 55218, "Plan Width": 8, "Actual Startup Time": 1408.099, "Actual Total Time": 1408.1, "Actual Rows": 56506, "Actual Loops": 1, "Output": ["orders.o_custkey", "orders.o_orderkey"], "Hash Buckets": 65536, "Original Hash Buckets": 65536, "Hash Batches": 1, "Original Hash Batches": 1, "Peak Memory Usage": 2720, "Plans": [{"Node Type": "Seq Scan", "Parent Relationship": "Outer", "Parallel Aware": false, "Relation Name": "orders", "Schema": "public", "Alias": "orders", "Startup Cost": 0.0, "Total Cost": 48595.0, "Plan Rows": 55218, "Plan Width": 8, "Actual Startup Time": 0.009, "Actual Total Time": 1353.81, "Actual Rows": 56506, "Actual Loops": 1, "Output": ["orders.o_custkey", "orders.o_orderkey"], "Filter": "((orders.o_orderdate >= '1995-01-01'::date) AND (orders.o_orderdate < '1995-04-01 00:00:00'::timestamp without time zone))", "Rows Removed by Filter": 1443494}]}]}]}]}]}]}]}, "Planning Time": 3.898, "Triggers": [], "Execution Time": 8827.36}]
q13#####[{"Plan": {"Node Type": "Sort", "Parallel Aware": false, "Startup Cost": 3158107.06, "Total Cost": 3172350.81, "Plan Rows": 5697500, "Plan Width": 205, "Actual Startup Time": 10933.214, "Actual Total Time": 10943.282, "Actual Rows": 37614, "Actual Loops": 1, "Output": ["customer.c_custkey", "customer.c_name", "(sum((lineitem.l_extendedprice * ('1'::numeric - lineitem.l_discount))))", "customer.c_acctbal", "nation.n_name", "customer.c_address", "customer.c_phone", "customer.c_comment"], "Sort Key": ["(sum((lineitem.l_extendedprice * ('1'::numeric - lineitem.l_discount)))) DESC"], "Sort Method": "external merge", "Sort Space Used": 6368, "Sort Space Type": "Disk", "Plans": [{"Node Type": "Aggregate", "Strategy": "Sorted", "Partial Mode": "Simple", "Parent Relationship": "Outer", "Parallel Aware": false, "Startup Cost": 278746.54, "Total Cost": 824566.0, "Plan Rows": 5697500, "Plan Width": 205, "Actual Startup Time": 9943.146, "Actual Total Time": 10850.407, "Actual Rows": 37614, "Actual Loops": 1, "Output": ["customer.c_custkey", "customer.c_name", "sum((lineitem.l_extendedprice * ('1'::numeric - lineitem.l_discount)))", "customer.c_acctbal", "nation.n_name", "customer.c_address", "customer.c_phone", "customer.c_comment"], "Group Key": ["customer.c_custkey", "customer.c_name", "customer.c_acctbal", "customer.c_phone", "nation.n_name", "customer.c_address", "customer.c_comment"], "Plans": [{"Node Type": "Incremental Sort", "Parent Relationship": "Outer", "Parallel Aware": false, "Startup Cost": 278746.54, "Total Cost": 610909.75, "Plan Rows": 5697500, "Plan Width": 185, "Actual Startup Time": 9937.31, "Actual Total Time": 10675.52, "Actual Rows": 112954, "Actual Loops": 1, "Output": ["customer.c_custkey", "customer.c_name", "customer.c_acctbal", "nation.n_name", "customer.c_address", "customer.c_phone", "customer.c_comment", "lineitem.l_extendedprice", "lineitem.l_discount"], "Sort Key": ["customer.c_custkey", "customer.c_name", "customer.c_acctbal", "customer.c_phone", "nation.n_name", "customer.c_address", "customer.c_comment"], "Presorted Key": ["customer.c_custkey"], "Full-sort Groups": {"Group Count": 3356, "Sort Methods Used": ["quicksort"], "Sort Space Memory": {"Average Sort Space Used": 33, "Peak Sort Space Used": 33}}, "Plans": [{"Node Type": "Merge Join", "Parent Relationship": "Outer", "Parallel Aware": false, "Join Type": "Inner", "Startup Cost": 278744.87, "Total Cost": 280349.49, "Plan Rows": 5697500, "Plan Width": 185, "Actual Startup Time": 9937.165, "Actual Total Time": 10448.234, "Actual Rows": 112954, "Actual Loops": 1, "Output": ["customer.c_custkey", "customer.c_name", "customer.c_acctbal", "nation.n_name", "customer.c_address", "customer.c_phone", "customer.c_comment", "lineitem.l_extendedprice", "lineitem.l_discount"], "Inner Unique": false, "Merge Cond": "(customer.c_custkey = orders.o_custkey)", "Plans": [{"Node Type": "Sort", "Parent Relationship": "Outer", "Parallel Aware": false, "Startup Cost": 31219.95, "Total Cost": 31594.95, "Plan Rows": 150000, "Plan Width": 173, "Actual Startup Time": 343.435, "Actual Total Time": 756.236, "Actual Rows": 150000, "Actual Loops": 1, "Output": ["customer.c_custkey", "customer.c_name", "customer.c_acctbal", "customer.c_address", "customer.c_phone", "customer.c_comment", "nation.n_name"], "Sort Key": ["customer.c_custkey"], "Sort Method": "external merge", "Sort Space Used": 24056, "Sort Space Type": "Disk", "Plans": [{"Node Type": "Hash Join", "Parent Relationship": "Outer", "Parallel Aware": false, "Join Type": "Inner", "Startup Cost": 21.48, "Total Cost": 5503.5, "Plan Rows": 150000, "Plan Width": 173, "Actual Startup Time": 0.119, "Actual Total Time": 180.757, "Actual Rows": 150000, "Actual Loops": 1, "Output": ["customer.c_custkey", "customer.c_name", "customer.c_acctbal", "customer.c_address", "customer.c_phone", "customer.c_comment", "nation.n_name"], "Inner Unique": true, "Hash Cond": "(customer.c_nationkey = nation.n_nationkey)", "Plans": [{"Node Type": "Seq Scan", "Parent Relationship": "Outer", "Parallel Aware": false, "Relation Name": "customer", "Schema": "public", "Alias": "customer", "Startup Cost": 0.0, "Total Cost": 5085.0, "Plan Rows": 150000, "Plan Width": 148, "Actual Startup Time": 0.053, "Actual Total Time": 43.479, "Actual Rows": 150000, "Actual Loops": 1, "Output": ["customer.c_custkey", "customer.c_name", "customer.c_address", "customer.c_nationkey", "customer.c_phone", "customer.c_acctbal", "customer.c_mktsegment", "customer.c_comment"]}, {"Node Type": "Hash", "Parent Relationship": "Inner", "Parallel Aware": false, "Startup Cost": 15.1, "Total Cost": 15.1, "Plan Rows": 510, "Plan Width": 33, "Actual Startup Time": 0.03, "Actual Total Time": 0.034, "Actual Rows": 25, "Actual Loops": 1, "Output": ["nation.n_name", "nation.n_nationkey"], "Hash Buckets": 1024, "Original Hash Buckets": 1024, "Hash Batches": 1, "Original Hash Batches": 1, "Peak Memory Usage": 10, "Plans": [{"Node Type": "Seq Scan", "Parent Relationship": "Outer", "Parallel Aware": false, "Relation Name": "nation", "Schema": "public", "Alias": "nation", "Startup Cost": 0.0, "Total Cost": 15.1, "Plan Rows": 510, "Plan Width": 33, "Actual Startup Time": 0.012, "Actual Total Time": 0.017, "Actual Rows": 25, "Actual Loops": 1, "Output": ["nation.n_name", "nation.n_nationkey"]}]}]}]}, {"Node Type": "Sort", "Parent Relationship": "Inner", "Parallel Aware": false, "Startup Cost": 247524.92, "Total Cost": 247667.36, "Plan Rows": 56975, "Plan Width": 16, "Actual Startup Time": 9592.786, "Actual Total Time": 9628.225, "Actual Rows": 112954, "Actual Loops": 1, "Output": ["orders.o_custkey", "lineitem.l_extendedprice", "lineitem.l_discount"], "Sort Key": ["orders.o_custkey"], "Sort Method": "external sort", "Sort Space Used": 3496, "Sort Space Type": "Disk", "Plans": [{"Node Type": "Hash Join", "Parent Relationship": "Outer", "Parallel Aware": false, "Join Type": "Inner", "Startup Cost": 49306.93, "Total Cost": 243024.45, "Plan Rows": 56975, "Plan Width": 16, "Actual Startup Time": 1807.022, "Actual Total Time": 9300.762, "Actual Rows": 112954, "Actual Loops": 1, "Output": ["orders.o_custkey", "lineitem.l_extendedprice", "lineitem.l_discount"], "Inner Unique": false, "Hash Cond": "(lineitem.l_orderkey = orders.o_orderkey)", "Plans": [{"Node Type": "Seq Scan", "Parent Relationship": "Outer", "Parallel Aware": false, "Relation Name": "lineitem", "Schema": "public", "Alias": "lineitem", "Startup Cost": 0.0, "Total Cost": 187520.7, "Plan Rows": 1500554, "Plan Width": 16, "Actual Startup Time": 22.621, "Actual Total Time": 6429.537, "Actual Rows": 1478870, "Actual Loops": 1, "Output": ["lineitem.l_orderkey", "lineitem.l_partkey", "lineitem.l_suppkey", "lineitem.l_linenumber", "lineitem.l_quantity", "lineitem.l_extendedprice", "lineitem.l_discount", "lineitem.l_tax", "lineitem.l_returnflag", "lineitem.l_linestatus", "lineitem.l_shipdate", "lineitem.l_commitdate", "lineitem.l_receiptdate", "lineitem.l_shipinstruct", "lineitem.l_shipmode", "lineitem.l_comment"], "Filter": "(lineitem.l_returnflag = 'R'::bpchar)", "Rows Removed by Filter": 4522345}, {"Node Type": "Hash", "Parent Relationship": "Inner", "Parallel Aware": false, "Startup Cost": 48595.0, "Total Cost": 48595.0, "Plan Rows": 56954, "Plan Width": 8, "Actual Startup Time": 1781.193, "Actual Total Time": 1781.194, "Actual Rows": 56468, "Actual Loops": 1, "Output": ["orders.o_custkey", "orders.o_orderkey"], "Hash Buckets": 65536, "Original Hash Buckets": 65536, "Hash Batches": 1, "Original Hash Batches": 1, "Peak Memory Usage": 2718, "Plans": [{"Node Type": "Seq Scan", "Parent Relationship": "Outer", "Parallel Aware": false, "Relation Name": "orders", "Schema": "public", "Alias": "orders", "Startup Cost": 0.0, "Total Cost": 48595.0, "Plan Rows": 56954, "Plan Width": 8, "Actual Startup Time": 2.539, "Actual Total Time": 1709.166, "Actual Rows": 56468, "Actual Loops": 1, "Output": ["orders.o_custkey", "orders.o_orderkey"], "Filter": "((orders.o_orderdate >= '1994-09-02'::date) AND (orders.o_orderdate < '1994-12-02 00:00:00'::timestamp without time zone))", "Rows Removed by Filter": 1443532}]}]}]}]}]}]}]}, "Planning Time": 20.872, "Triggers": [], "Execution Time": 10950.071}]
q15#####[{"Plan": {"Node Type": "Aggregate", "Strategy": "Sorted", "Partial Mode": "Simple", "Parallel Aware": false, "Startup Cost": 258688.17, "Total Cost": 258691.27, "Plan Rows": 69, "Plan Width": 40, "Actual Startup Time": 9564.577, "Actual Total Time": 9565.165, "Actual Rows": 2, "Actual Loops": 1, "Output": ["(date_part('year'::text, (orders.o_orderdate)::timestamp without time zone))", "(sum(CASE WHEN ((n2.n_name)::text = 'EGYPT'::text) THEN (lineitem.l_extendedprice * ('1'::numeric - lineitem.l_discount)) ELSE '0'::numeric END) / sum((lineitem.l_extendedprice * ('1'::numeric - lineitem.l_discount))))"], "Group Key": ["(date_part('year'::text, (orders.o_orderdate)::timestamp without time zone))"], "Plans": [{"Node Type": "Sort", "Parent Relationship": "Outer", "Parallel Aware": false, "Startup Cost": 258688.17, "Total Cost": 258688.34, "Plan Rows": 69, "Plan Width": 49, "Actual Startup Time": 9563.76, "Actual Total Time": 9564.048, "Actual Rows": 2493, "Actual Loops": 1, "Output": ["(date_part('year'::text, (orders.o_orderdate)::timestamp without time zone))", "n2.n_name", "lineitem.l_extendedprice", "lineitem.l_discount"], "Sort Key": ["(date_part('year'::text, (orders.o_orderdate)::timestamp without time zone))"], "Sort Method": "quicksort", "Sort Space Used": 291, "Sort Space Type": "Memory", "Plans": [{"Node Type": "Nested Loop", "Parent Relationship": "Outer", "Parallel Aware": false, "Join Type": "Inner", "Startup Cost": 63101.7, "Total Cost": 258686.06, "Plan Rows": 69, "Plan Width": 49, "Actual Startup Time": 2613.516, "Actual Total Time": 9560.069, "Actual Rows": 2493, "Actual Loops": 1, "Output": ["date_part('year'::text, (orders.o_orderdate)::timestamp without time zone)", "n2.n_name", "lineitem.l_extendedprice", "lineitem.l_discount"], "Inner Unique": true, "Plans": [{"Node Type": "Hash Join", "Parent Relationship": "Outer", "Parallel Aware": false, "Join Type": "Inner", "Startup Cost": 63101.55, "Total Cost": 258674.0, "Plan Rows": 69, "Plan Width": 20, "Actual Startup Time": 2613.342, "Actual Total Time": 9516.05, "Actual Rows": 2493, "Actual Loops": 1, "Output": ["lineitem.l_extendedprice", "lineitem.l_discount", "supplier.s_nationkey", "orders.o_orderdate"], "Inner Unique": false, "Hash Cond": "(lineitem.l_suppkey = supplier.s_suppkey)", "Plans": [{"Node Type": "Hash Join", "Parent Relationship": "Outer", "Parallel Aware": false, "Join Type": "Inner", "Startup Cost": 62654.55, "Total Cost": 258226.05, "Plan Rows": 69, "Plan Width": 20, "Actual Startup Time": 2608.959, "Actual Total Time": 9491.611, "Actual Rows": 2493, "Actual Loops": 1, "Output": ["lineitem.l_extendedprice", "lineitem.l_discount", "lineitem.l_suppkey", "orders.o_orderdate"], "Inner Unique": false, "Hash Cond": "(lineitem.l_orderkey = orders.o_orderkey)", "Plans": [{"Node Type": "Hash Join", "Parent Relationship": "Outer", "Parallel Aware": false, "Join Type": "Inner", "Startup Cost": 6613.61, "Total Cost": 202034.87, "Plan Rows": 39879, "Plan Width": 20, "Actual Startup Time": 529.007, "Actual Total Time": 7346.08, "Actual Rows": 40919, "Actual Loops": 1, "Output": ["lineitem.l_extendedprice", "lineitem.l_discount", "lineitem.l_suppkey", "lineitem.l_orderkey"], "Inner Unique": false, "Hash Cond": "(lineitem.l_partkey = part.p_partkey)", "Plans": [{"Node Type": "Seq Scan", "Parent Relationship": "Outer", "Parallel Aware": false, "Relation Name": "lineitem", "Schema": "public", "Alias": "lineitem", "Startup Cost": 0.0, "Total Cost": 172517.16, "Plan Rows": 6001416, "Plan Width": 24, "Actual Startup Time": 0.01, "Actual Total Time": 5420.996, "Actual Rows": 6001215, "Actual Loops": 1, "Output": ["lineitem.l_orderkey", "lineitem.l_partkey", "lineitem.l_suppkey", "lineitem.l_linenumber", "lineitem.l_quantity", "lineitem.l_extendedprice", "lineitem.l_discount", "lineitem.l_tax", "lineitem.l_returnflag", "lineitem.l_linestatus", "lineitem.l_shipdate", "lineitem.l_commitdate", "lineitem.l_receiptdate", "lineitem.l_shipinstruct", "lineitem.l_shipmode", "lineitem.l_comment"]}, {"Node Type": "Hash", "Parent Relationship": "Inner", "Parallel Aware": false, "Startup Cost": 6597.0, "Total Cost": 6597.0, "Plan Rows": 1329, "Plan Width": 4, "Actual Startup Time": 528.171, "Actual Total Time": 528.174, "Actual Rows": 1359, "Actual Loops": 1, "Output": ["part.p_partkey"], "Hash Buckets": 2048, "Original Hash Buckets": 2048, "Hash Batches": 1, "Original Hash Batches": 1, "Peak Memory Usage": 64, "Plans": [{"Node Type": "Seq Scan", "Parent Relationship": "Outer", "Parallel Aware": false, "Relation Name": "part", "Schema": "public", "Alias": "part", "Startup Cost": 0.0, "Total Cost": 6597.0, "Plan Rows": 1329, "Plan Width": 4, "Actual Startup Time": 54.521, "Actual Total Time": 524.307, "Actual Rows": 1359, "Actual Loops": 1, "Output": ["part.p_partkey"], "Filter": "((part.p_type)::text = 'STANDARD ANODIZED STEEL'::text)", "Rows Removed by Filter": 198641}]}]}, {"Node Type": "Hash", "Parent Relationship": "Inner", "Parallel Aware": false, "Startup Cost": 56008.49, "Total Cost": 56008.49, "Plan Rows": 2596, "Plan Width": 8, "Actual Startup Time": 2032.799, "Actual Total Time": 2032.831, "Actual Rows": 90488, "Actual Loops": 1, "Output": ["orders.o_orderdate", "orders.o_orderkey"], "Hash Buckets": 131072, "Original Hash Buckets": 4096, "Hash Batches": 2, "Original Hash Batches": 1, "Peak Memory Usage": 3073, "Plans": [{"Node Type": "Hash Join", "Parent Relationship": "Outer", "Parallel Aware": false, "Join Type": "Inner", "Startup Cost": 5700.16, "Total Cost": 56008.49, "Plan Rows": 2596, "Plan Width": 8, "Actual Startup Time": 308.168, "Actual Total Time": 1974.685, "Actual Rows": 90488, "Actual Loops": 1, "Output": ["orders.o_orderdate", "orders.o_orderkey"], "Inner Unique": false, "Hash Cond": "(orders.o_custkey = customer.c_custkey)", "Plans": [{"Node Type": "Seq Scan", "Parent Relationship": "Outer", "Parallel Aware": false, "Relation Name": "orders", "Schema": "public", "Alias": "orders", "Startup Cost": 0.0, "Total Cost": 48595.0, "Plan Rows": 449969, "Plan Width": 12, "Actual Startup Time": 0.204, "Actual Total Time": 1369.093, "Actual Rows": 457263, "Actual Loops": 1, "Output": ["orders.o_orderkey", "orders.o_custkey", "orders.o_orderstatus", "orders.o_totalprice", "orders.o_orderdate", "orders.o_orderpriority", "orders.o_clerk", "orders.o_shippriority", "orders.o_comment"], "Filter": "((orders.o_orderdate >= '1995-01-01'::date) AND (orders.o_orderdate <= '1996-12-31'::date))", "Rows Removed by Filter": 1042737}, {"Node Type": "Hash", "Parent Relationship": "Inner", "Parallel Aware": false, "Startup Cost": 5689.34, "Total Cost": 5689.34, "Plan Rows": 865, "Plan Width": 4, "Actual Startup Time": 307.195, "Actual Total Time": 307.213, "Actual Rows": 29904, "Actual Loops": 1, "Output": ["customer.c_custkey"], "Hash Buckets": 32768, "Original Hash Buckets": 1024, "Hash Batches": 1, "Original Hash Batches": 1, "Peak Memory Usage": 1308, "Plans": [{"Node Type": "Hash Join", "Parent Relationship": "Outer", "Parallel Aware": false, "Join Type": "Inner", "Startup Cost": 33.02, "Total Cost": 5689.34, "Plan Rows": 865, "Plan Width": 4, "Actual Startup Time": 10.293, "Actual Total Time": 273.887, "Actual Rows": 29904, "Actual Loops": 1, "Output": ["customer.c_custkey"], "Inner Unique": false, "Hash Cond": "(customer.c_nationkey = n1.n_nationkey)", "Plans": [{"Node Type": "Seq Scan", "Parent Relationship": "Outer", "Parallel Aware": false, "Relation Name": "customer", "Schema": "public", "Alias": "customer", "Startup Cost": 0.0, "Total Cost": 5085.0, "Plan Rows": 150000, "Plan Width": 8, "Actual Startup Time": 0.046, "Actual Total Time": 74.375, "Actual Rows": 150000, "Actual Loops": 1, "Output": ["customer.c_custkey", "customer.c_name", "customer.c_address", "customer.c_nationkey", "customer.c_phone", "customer.c_acctbal", "customer.c_mktsegment", "customer.c_comment"]}, {"Node Type": "Hash", "Parent Relationship": "Inner", "Parallel Aware": false, "Startup Cost": 32.99, "Total Cost": 32.99, "Plan Rows": 3, "Plan Width": 4, "Actual Startup Time": 10.219, "Actual Total Time": 10.223, "Actual Rows": 5, "Actual Loops": 1, "Output": ["n1.n_nationkey"], "Hash Buckets": 1024, "Original Hash Buckets": 1024, "Hash Batches": 1, "Original Hash Batches": 1, "Peak Memory Usage": 9, "Plans": [{"Node Type": "Hash Join", "Parent Relationship": "Outer", "Parallel Aware": false, "Join Type": "Inner", "Startup Cost": 16.54, "Total Cost": 32.99, "Plan Rows": 3, "Plan Width": 4, "Actual Startup Time": 10.21, "Actual Total Time": 10.216, "Actual Rows": 5, "Actual Loops": 1, "Output": ["n1.n_nationkey"], "Inner Unique": true, "Hash Cond": "(n1.n_regionkey = region.r_regionkey)", "Plans": [{"Node Type": "Seq Scan", "Parent Relationship": "Outer", "Parallel Aware": false, "Relation Name": "nation", "Schema": "public", "Alias": "n1", "Startup Cost": 0.0, "Total Cost": 15.1, "Plan Rows": 510, "Plan Width": 8, "Actual Startup Time": 0.036, "Actual Total Time": 0.038, "Actual Rows": 25, "Actual Loops": 1, "Output": ["n1.n_nationkey", "n1.n_name", "n1.n_regionkey", "n1.n_comment"]}, {"Node Type": "Hash", "Parent Relationship": "Inner", "Parallel Aware": false, "Startup Cost": 16.5, "Total Cost": 16.5, "Plan Rows": 3, "Plan Width": 4, "Actual Startup Time": 0.112, "Actual Total Time": 0.113, "Actual Rows": 1, "Actual Loops": 1, "Output": ["region.r_regionkey"], "Hash Buckets": 1024, "Original Hash Buckets": 1024, "Hash Batches": 1, "Original Hash Batches": 1, "Peak Memory Usage": 9, "Plans": [{"Node Type": "Seq Scan", "Parent Relationship": "Outer", "Parallel Aware": false, "Relation Name": "region", "Schema": "public", "Alias": "region", "Startup Cost": 0.0, "Total Cost": 16.5, "Plan Rows": 3, "Plan Width": 4, "Actual Startup Time": 0.064, "Actual Total Time": 0.065, "Actual Rows": 1, "Actual Loops": 1, "Output": ["region.r_regionkey"], "Filter": "((region.r_name)::text = 'MIDDLE EAST'::text)", "Rows Removed by Filter": 4}]}]}]}]}]}]}]}]}, {"Node Type": "Hash", "Parent Relationship": "Inner", "Parallel Aware": false, "Startup Cost": 322.0, "Total Cost": 322.0, "Plan Rows": 10000, "Plan Width": 8, "Actual Startup Time": 4.255, "Actual Total Time": 4.256, "Actual Rows": 10000, "Actual Loops": 1, "Output": ["supplier.s_suppkey", "supplier.s_nationkey"], "Hash Buckets": 16384, "Original Hash Buckets": 16384, "Hash Batches": 1, "Original Hash Batches": 1, "Peak Memory Usage": 519, "Plans": [{"Node Type": "Seq Scan", "Parent Relationship": "Outer", "Parallel Aware": false, "Relation Name": "supplier", "Schema": "public", "Alias": "supplier", "Startup Cost": 0.0, "Total Cost": 322.0, "Plan Rows": 10000, "Plan Width": 8, "Actual Startup Time": 0.014, "Actual Total Time": 3.266, "Actual Rows": 10000, "Actual Loops": 1, "Output": ["supplier.s_suppkey", "supplier.s_nationkey"]}]}]}, {"Node Type": "Index Scan", "Parent Relationship": "Inner", "Parallel Aware": false, "Scan Direction": "Forward", "Index Name": "nation_pkey", "Relation Name": "nation", "Schema": "public", "Alias": "n2", "Startup Cost": 0.15, "Total Cost": 0.17, "Plan Rows": 1, "Plan Width": 33, "Actual Startup Time": 0.004, "Actual Total Time": 0.004, "Actual Rows": 1, "Actual Loops": 2493, "Output": ["n2.n_nationkey", "n2.n_name", "n2.n_regionkey", "n2.n_comment"], "Index Cond": "(n2.n_nationkey = supplier.s_nationkey)", "Rows Removed by Index Recheck": 0}]}]}]}, "Planning Time": 2.428, "Triggers": [], "Execution Time": 9565.773}]
q16#####[{"Plan": {"Node Type": "Sort", "Parallel Aware": false, "Startup Cost": 250682.26, "Total Cost": 250682.76, "Plan Rows": 200, "Plan Width": 61, "Actual Startup Time": 7888.888, "Actual Total Time": 7892.793, "Actual Rows": 5, "Actual Loops": 1, "Output": ["nation.n_name", "(sum((lineitem.l_extendedprice * ('1'::numeric - lineitem.l_discount))))"], "Sort Key": ["(sum((lineitem.l_extendedprice * ('1'::numeric - lineitem.l_discount)))) DESC"], "Sort Method": "quicksort", "Sort Space Used": 25, "Sort Space Type": "Memory", "Plans": [{"Node Type": "Aggregate", "Strategy": "Sorted", "Partial Mode": "Simple", "Parent Relationship": "Outer", "Parallel Aware": false, "Startup Cost": 250669.43, "Total Cost": 250674.62, "Plan Rows": 200, "Plan Width": 61, "Actual Startup Time": 7869.997, "Actual Total Time": 7892.579, "Actual Rows": 5, "Actual Loops": 1, "Output": ["nation.n_name", "sum((lineitem.l_extendedprice * ('1'::numeric - lineitem.l_discount)))"], "Group Key": ["nation.n_name"], "Plans": [{"Node Type": "Sort", "Parent Relationship": "Outer", "Parallel Aware": false, "Startup Cost": 250669.43, "Total Cost": 250669.97, "Plan Rows": 215, "Plan Width": 41, "Actual Startup Time": 7854.346, "Actual Total Time": 7860.742, "Actual Rows": 7251, "Actual Loops": 1, "Output": ["nation.n_name", "lineitem.l_extendedprice", "lineitem.l_discount"], "Sort Key": ["nation.n_name"], "Sort Method": "quicksort", "Sort Space Used": 756, "Sort Space Type": "Memory", "Plans": [{"Node Type": "Hash Join", "Parent Relationship": "Outer", "Parallel Aware": false, "Join Type": "Inner", "Startup Cost": 55542.3, "Total Cost": 250661.1, "Plan Rows": 215, "Plan Width": 41, "Actual Startup Time": 2438.045, "Actual Total Time": 7832.088, "Actual Rows": 7251, "Actual Loops": 1, "Output": ["nation.n_name", "lineitem.l_extendedprice", "lineitem.l_discount"], "Inner Unique": false, "Hash Cond": "((lineitem.l_suppkey = supplier.s_suppkey) AND (customer.c_nationkey = supplier.s_nationkey))", "Plans": [{"Node Type": "Hash Join", "Parent Relationship": "Outer", "Parallel Aware": false, "Join Type": "Inner", "Startup Cost": 55070.3, "Total Cost": 250146.58, "Plan Rows": 5383, "Plan Width": 53, "Actual Startup Time": 2408.305, "Actual Total Time": 7673.819, "Actual Rows": 179992, "Actual Loops": 1, "Output": ["customer.c_nationkey", "lineitem.l_extendedprice", "lineitem.l_discount", "lineitem.l_suppkey", "nation.n_name", "nation.n_nationkey"], "Inner Unique": false, "Hash Cond": "(lineitem.l_orderkey = orders.o_orderkey)", "Plans": [{"Node Type": "Seq Scan", "Parent Relationship": "Outer", "Parallel Aware": false, "Relation Name": "lineitem", "Schema": "public", "Alias": "lineitem", "Startup Cost": 0.0, "Total Cost": 172517.16, "Plan Rows": 6001416, "Plan Width": 20, "Actual Startup Time": 0.126, "Actual Total Time": 3520.735, "Actual Rows": 6001215, "Actual Loops": 1, "Output": ["lineitem.l_orderkey", "lineitem.l_partkey", "lineitem.l_suppkey", "lineitem.l_linenumber", "lineitem.l_quantity", "lineitem.l_extendedprice", "lineitem.l_discount", "lineitem.l_tax", "lineitem.l_returnflag", "lineitem.l_linestatus", "lineitem.l_shipdate", "lineitem.l_commitdate", "lineitem.l_receiptdate", "lineitem.l_shipinstruct", "lineitem.l_shipmode", "lineitem.l_comment"]}, {"Node Type": "Hash", "Parent Relationship": "Inner", "Parallel Aware": false, "Startup Cost": 55053.49, "Total Cost": 55053.49, "Plan Rows": 1345, "Plan Width": 41, "Actual Startup Time": 2407.263, "Actual Total Time": 2411.082, "Actual Rows": 45009, "Actual Loops": 1, "Output": ["customer.c_nationkey", "orders.o_orderkey", "nation.n_name", "nation.n_nationkey"], "Hash Buckets": 65536, "Original Hash Buckets": 2048, "Hash Batches": 1, "Original Hash Batches": 1, "Peak Memory Usage": 2868, "Plans": [{"Node Type": "Hash Join", "Parent Relationship": "Outer", "Parallel Aware": false, "Join Type": "Inner", "Startup Cost": 5570.54, "Total Cost": 55053.49, "Plan Rows": 1345, "Plan Width": 41, "Actual Startup Time": 471.023, "Actual Total Time": 2374.116, "Actual Rows": 45009, "Actual Loops": 1, "Output": ["customer.c_nationkey", "orders.o_orderkey", "nation.n_name", "nation.n_nationkey"], "Inner Unique": false, "Hash Cond": "(orders.o_custkey = customer.c_custkey)", "Plans": [{"Node Type": "Seq Scan", "Parent Relationship": "Outer", "Parallel Aware": false, "Relation Name": "orders", "Schema": "public", "Alias": "orders", "Startup Cost": 0.0, "Total Cost": 48595.0, "Plan Rows": 233198, "Plan Width": 8, "Actual Startup Time": 1.014, "Actual Total Time": 1711.518, "Actual Rows": 227597, "Actual Loops": 1, "Output": ["orders.o_orderkey", "orders.o_custkey", "orders.o_orderstatus", "orders.o_totalprice", "orders.o_orderdate", "orders.o_orderpriority", "orders.o_clerk", "orders.o_shippriority", "orders.o_comment"], "Filter": "((orders.o_orderdate >= '1994-01-01'::date) AND (orders.o_orderdate < '1995-01-01 00:00:00'::timestamp without time zone))", "Rows Removed by Filter": 1272403}, {"Node Type": "Hash", "Parent Relationship": "Inner", "Parallel Aware": false, "Startup Cost": 5559.73, "Total Cost": 5559.73, "Plan Rows": 865, "Plan Width": 41, "Actual Startup Time": 469.819, "Actual Total Time": 473.445, "Actual Rows": 29904, "Actual Loops": 1, "Output": ["customer.c_custkey", "customer.c_nationkey", "nation.n_name", "nation.n_nationkey"], "Hash Buckets": 32768, "Original Hash Buckets": 1024, "Hash Batches": 1, "Original Hash Batches": 1, "Peak Memory Usage": 1821, "Plans": [{"Node Type": "Hash Join", "Parent Relationship": "Outer", "Parallel Aware": false, "Join Type": "Inner", "Startup Cost": 38.01, "Total Cost": 5559.73, "Plan Rows": 865, "Plan Width": 41, "Actual Startup Time": 1.802, "Actual Total Time": 430.517, "Actual Rows": 29904, "Actual Loops": 1, "Output": ["customer.c_custkey", "customer.c_nationkey", "nation.n_name", "nation.n_nationkey"], "Inner Unique": true, "Hash Cond": "(nation.n_regionkey = region.r_regionkey)", "Plans": [{"Node Type": "Hash Join", "Parent Relationship": "Outer", "Parallel Aware": false, "Join Type": "Inner", "Startup Cost": 21.48, "Total Cost": 5503.5, "Plan Rows": 15000, "Plan Width": 45, "Actual Startup Time": 1.648, "Actual Total Time": 344.116, "Actual Rows": 150000, "Actual Loops": 1, "Output": ["customer.c_custkey", "customer.c_nationkey", "nation.n_name", "nation.n_nationkey", "nation.n_regionkey"], "Inner Unique": true, "Hash Cond": "(customer.c_nationkey = nation.n_nationkey)", "Plans": [{"Node Type": "Seq Scan", "Parent Relationship": "Outer", "Parallel Aware": false, "Relation Name": "customer", "Schema": "public", "Alias": "customer", "Startup Cost": 0.0, "Total Cost": 5085.0, "Plan Rows": 150000, "Plan Width": 8, "Actual Startup Time": 0.011, "Actual Total Time": 71.344, "Actual Rows": 150000, "Actual Loops": 1, "Output": ["customer.c_custkey", "customer.c_name", "customer.c_address", "customer.c_nationkey", "customer.c_phone", "customer.c_acctbal", "customer.c_mktsegment", "customer.c_comment"]}, {"Node Type": "Hash", "Parent Relationship": "Inner", "Parallel Aware": false, "Startup Cost": 15.1, "Total Cost": 15.1, "Plan Rows": 510, "Plan Width": 37, "Actual Startup Time": 0.748, "Actual Total Time": 0.755, "Actual Rows": 25, "Actual Loops": 1, "Output": ["nation.n_name", "nation.n_nationkey", "nation.n_regionkey"], "Hash Buckets": 1024, "Original Hash Buckets": 1024, "Hash Batches": 1, "Original Hash Batches": 1, "Peak Memory Usage": 10, "Plans": [{"Node Type": "Seq Scan", "Parent Relationship": "Outer", "Parallel Aware": false, "Relation Name": "nation", "Schema": "public", "Alias": "nation", "Startup Cost": 0.0, "Total Cost": 15.1, "Plan Rows": 510, "Plan Width": 37, "Actual Startup Time": 0.715, "Actual Total Time": 0.717, "Actual Rows": 25, "Actual Loops": 1, "Output": ["nation.n_name", "nation.n_nationkey", "nation.n_regionkey"]}]}]}, {"Node Type": "Hash", "Parent Relationship": "Inner", "Parallel Aware": false, "Startup Cost": 16.5, "Total Cost": 16.5, "Plan Rows": 3, "Plan Width": 4, "Actual Startup Time": 0.064, "Actual Total Time": 0.097, "Actual Rows": 1, "Actual Loops": 1, "Output": ["region.r_regionkey"], "Hash Buckets": 1024, "Original Hash Buckets": 1024, "Hash Batches": 1, "Original Hash Batches": 1, "Peak Memory Usage": 9, "Plans": [{"Node Type": "Seq Scan", "Parent Relationship": "Outer", "Parallel Aware": false, "Relation Name": "region", "Schema": "public", "Alias": "region", "Startup Cost": 0.0, "Total Cost": 16.5, "Plan Rows": 3, "Plan Width": 4, "Actual Startup Time": 0.054, "Actual Total Time": 0.058, "Actual Rows": 1, "Actual Loops": 1, "Output": ["region.r_regionkey"], "Filter": "((region.r_name)::text = 'MIDDLE EAST'::text)", "Rows Removed by Filter": 4}]}]}]}]}]}]}, {"Node Type": "Hash", "Parent Relationship": "Inner", "Parallel Aware": false, "Startup Cost": 322.0, "Total Cost": 322.0, "Plan Rows": 10000, "Plan Width": 8, "Actual Startup Time": 28.227, "Actual Total Time": 28.228, "Actual Rows": 10000, "Actual Loops": 1, "Output": ["supplier.s_suppkey", "supplier.s_nationkey"], "Hash Buckets": 16384, "Original Hash Buckets": 16384, "Hash Batches": 1, "Original Hash Batches": 1, "Peak Memory Usage": 519, "Plans": [{"Node Type": "Seq Scan", "Parent Relationship": "Outer", "Parallel Aware": false, "Relation Name": "supplier", "Schema": "public", "Alias": "supplier", "Startup Cost": 0.0, "Total Cost": 322.0, "Plan Rows": 10000, "Plan Width": 8, "Actual Startup Time": 0.011, "Actual Total Time": 12.598, "Actual Rows": 10000, "Actual Loops": 1, "Output": ["supplier.s_suppkey", "supplier.s_nationkey"]}]}]}]}]}]}, "Planning Time": 11.821, "Triggers": [], "Execution Time": 7898.785}]
q17#####[{"Plan": {"Node Type": "Sort", "Parallel Aware": false, "Startup Cost": 250669.53, "Total Cost": 250670.03, "Plan Rows": 200, "Plan Width": 61, "Actual Startup Time": 7704.097, "Actual Total Time": 7704.36, "Actual Rows": 5, "Actual Loops": 1, "Output": ["nation.n_name", "(sum((lineitem.l_extendedprice * ('1'::numeric - lineitem.l_discount))))"], "Sort Key": ["(sum((lineitem.l_extendedprice * ('1'::numeric - lineitem.l_discount)))) DESC"], "Sort Method": "quicksort", "Sort Space Used": 25, "Sort Space Type": "Memory", "Plans": [{"Node Type": "Aggregate", "Strategy": "Sorted", "Partial Mode": "Simple", "Parent Relationship": "Outer", "Parallel Aware": false, "Startup Cost": 250656.72, "Total Cost": 250661.88, "Plan Rows": 200, "Plan Width": 61, "Actual Startup Time": 7701.302, "Actual Total Time": 7704.306, "Actual Rows": 5, "Actual Loops": 1, "Output": ["nation.n_name", "sum((lineitem.l_extendedprice * ('1'::numeric - lineitem.l_discount)))"], "Group Key": ["nation.n_name"], "Plans": [{"Node Type": "Sort", "Parent Relationship": "Outer", "Parallel Aware": false, "Startup Cost": 250656.72, "Total Cost": 250657.25, "Plan Rows": 213, "Plan Width": 41, "Actual Startup Time": 7700.866, "Actual Total Time": 7701.577, "Actual Rows": 7352, "Actual Loops": 1, "Output": ["nation.n_name", "lineitem.l_extendedprice", "lineitem.l_discount"], "Sort Key": ["nation.n_name"], "Sort Method": "quicksort", "Sort Space Used": 764, "Sort Space Type": "Memory", "Plans": [{"Node Type": "Hash Join", "Parent Relationship": "Outer", "Parallel Aware": false, "Join Type": "Inner", "Startup Cost": 55530.89, "Total Cost": 250648.48, "Plan Rows": 213, "Plan Width": 41, "Actual Startup Time": 1833.536, "Actual Total Time": 7681.174, "Actual Rows": 7352, "Actual Loops": 1, "Output": ["nation.n_name", "lineitem.l_extendedprice", "lineitem.l_discount"], "Inner Unique": false, "Hash Cond": "((lineitem.l_suppkey = supplier.s_suppkey) AND (customer.c_nationkey = supplier.s_nationkey))", "Plans": [{"Node Type": "Hash Join", "Parent Relationship": "Outer", "Parallel Aware": false, "Join Type": "Inner", "Startup Cost": 55058.89, "Total Cost": 250134.49, "Plan Rows": 5315, "Plan Width": 53, "Actual Startup Time": 1810.133, "Actual Total Time": 7537.044, "Actual Rows": 182884, "Actual Loops": 1, "Output": ["customer.c_nationkey", "lineitem.l_extendedprice", "lineitem.l_discount", "lineitem.l_suppkey", "nation.n_name", "nation.n_nationkey"], "Inner Unique": false, "Hash Cond": "(lineitem.l_orderkey = orders.o_orderkey)", "Plans": [{"Node Type": "Seq Scan", "Parent Relationship": "Outer", "Parallel Aware": false, "Relation Name": "lineitem", "Schema": "public", "Alias": "lineitem", "Startup Cost": 0.0, "Total Cost": 172517.16, "Plan Rows": 6001416, "Plan Width": 20, "Actual Startup Time": 0.015, "Actual Total Time": 3848.34, "Actual Rows": 6001215, "Actual Loops": 1, "Output": ["lineitem.l_orderkey", "lineitem.l_partkey", "lineitem.l_suppkey", "lineitem.l_linenumber", "lineitem.l_quantity", "lineitem.l_extendedprice", "lineitem.l_discount", "lineitem.l_tax", "lineitem.l_returnflag", "lineitem.l_linestatus", "lineitem.l_shipdate", "lineitem.l_commitdate", "lineitem.l_receiptdate", "lineitem.l_shipinstruct", "lineitem.l_shipmode", "lineitem.l_comment"]}, {"Node Type": "Hash", "Parent Relationship": "Inner", "Parallel Aware": false, "Startup Cost": 55042.29, "Total Cost": 55042.29, "Plan Rows": 1328, "Plan Width": 41, "Actual Startup Time": 1809.755, "Actual Total Time": 1809.992, "Actual Rows": 45831, "Actual Loops": 1, "Output": ["customer.c_nationkey", "orders.o_orderkey", "nation.n_name", "nation.n_nationkey"], "Hash Buckets": 65536, "Original Hash Buckets": 2048, "Hash Batches": 1, "Original Hash Batches": 1, "Peak Memory Usage": 2876, "Plans": [{"Node Type": "Hash Join", "Parent Relationship": "Outer", "Parallel Aware": false, "Join Type": "Inner", "Startup Cost": 5570.54, "Total Cost": 55042.29, "Plan Rows": 1328, "Plan Width": 41, "Actual Startup Time": 158.575, "Actual Total Time": 1762.498, "Actual Rows": 45831, "Actual Loops": 1, "Output": ["customer.c_nationkey", "orders.o_orderkey", "nation.n_name", "nation.n_nationkey"], "Inner Unique": false, "Hash Cond": "(orders.o_custkey = customer.c_custkey)", "Plans": [{"Node Type": "Seq Scan", "Parent Relationship": "Outer", "Parallel Aware": false, "Relation Name": "orders", "Schema": "public", "Alias": "orders", "Startup Cost": 0.0, "Total Cost": 48595.0, "Plan Rows": 230258, "Plan Width": 8, "Actual Startup Time": 0.021, "Actual Total Time": 1369.428, "Actual Rows": 227876, "Actual Loops": 1, "Output": ["orders.o_orderkey", "orders.o_custkey", "orders.o_orderstatus", "orders.o_totalprice", "orders.o_orderdate", "orders.o_orderpriority", "orders.o_clerk", "orders.o_shippriority", "orders.o_comment"], "Filter": "((orders.o_orderdate >= '1997-01-10'::date) AND (orders.o_orderdate < '1998-01-10 00:00:00'::timestamp without time zone))", "Rows Removed by Filter": 1272124}, {"Node Type": "Hash", "Parent Relationship": "Inner", "Parallel Aware": false, "Startup Cost": 5559.73, "Total Cost": 5559.73, "Plan Rows": 865, "Plan Width": 41, "Actual Startup Time": 158.521, "Actual Total Time": 158.7, "Actual Rows": 30183, "Actual Loops": 1, "Output": ["customer.c_custkey", "customer.c_nationkey", "nation.n_name", "nation.n_nationkey"], "Hash Buckets": 32768, "Original Hash Buckets": 1024, "Hash Batches": 1, "Original Hash Batches": 1, "Peak Memory Usage": 1813, "Plans": [{"Node Type": "Hash Join", "Parent Relationship": "Outer", "Parallel Aware": false, "Join Type": "Inner", "Startup Cost": 38.01, "Total Cost": 5559.73, "Plan Rows": 865, "Plan Width": 41, "Actual Startup Time": 0.109, "Actual Total Time": 144.328, "Actual Rows": 30183, "Actual Loops": 1, "Output": ["customer.c_custkey", "customer.c_nationkey", "nation.n_name", "nation.n_nationkey"], "Inner Unique": true, "Hash Cond": "(nation.n_regionkey = region.r_regionkey)", "Plans": [{"Node Type": "Hash Join", "Parent Relationship": "Outer", "Parallel Aware": false, "Join Type": "Inner", "Startup Cost": 21.48, "Total Cost": 5503.5, "Plan Rows": 15000, "Plan Width": 45, "Actual Startup Time": 0.039, "Actual Total Time": 109.71, "Actual Rows": 150000, "Actual Loops": 1, "Output": ["customer.c_custkey", "customer.c_nationkey", "nation.n_name", "nation.n_nationkey", "nation.n_regionkey"], "Inner Unique": true, "Hash Cond": "(customer.c_nationkey = nation.n_nationkey)", "Plans": [{"Node Type": "Seq Scan", "Parent Relationship": "Outer", "Parallel Aware": false, "Relation Name": "customer", "Schema": "public", "Alias": "customer", "Startup Cost": 0.0, "Total Cost": 5085.0, "Plan Rows": 150000, "Plan Width": 8, "Actual Startup Time": 0.01, "Actual Total Time": 32.707, "Actual Rows": 150000, "Actual Loops": 1, "Output": ["customer.c_custkey", "customer.c_name", "customer.c_address", "customer.c_nationkey", "customer.c_phone", "customer.c_acctbal", "customer.c_mktsegment", "customer.c_comment"]}, {"Node Type": "Hash", "Parent Relationship": "Inner", "Parallel Aware": false, "Startup Cost": 15.1, "Total Cost": 15.1, "Plan Rows": 510, "Plan Width": 37, "Actual Startup Time": 0.014, "Actual Total Time": 0.043, "Actual Rows": 25, "Actual Loops": 1, "Output": ["nation.n_name", "nation.n_nationkey", "nation.n_regionkey"], "Hash Buckets": 1024, "Original Hash Buckets": 1024, "Hash Batches": 1, "Original Hash Batches": 1, "Peak Memory Usage": 10, "Plans": [{"Node Type": "Seq Scan", "Parent Relationship": "Outer", "Parallel Aware": false, "Relation Name": "nation", "Schema": "public", "Alias": "nation", "Startup Cost": 0.0, "Total Cost": 15.1, "Plan Rows": 510, "Plan Width": 37, "Actual Startup Time": 0.005, "Actual Total Time": 0.032, "Actual Rows": 25, "Actual Loops": 1, "Output": ["nation.n_name", "nation.n_nationkey", "nation.n_regionkey"]}]}]}, {"Node Type": "Hash", "Parent Relationship": "Inner", "Parallel Aware": false, "Startup Cost": 16.5, "Total Cost": 16.5, "Plan Rows": 3, "Plan Width": 4, "Actual Startup Time": 0.049, "Actual Total Time": 0.083, "Actual Rows": 1, "Actual Loops": 1, "Output": ["region.r_regionkey"], "Hash Buckets": 1024, "Original Hash Buckets": 1024, "Hash Batches": 1, "Original Hash Batches": 1, "Peak Memory Usage": 9, "Plans": [{"Node Type": "Seq Scan", "Parent Relationship": "Outer", "Parallel Aware": false, "Relation Name": "region", "Schema": "public", "Alias": "region", "Startup Cost": 0.0, "Total Cost": 16.5, "Plan Rows": 3, "Plan Width": 4, "Actual Startup Time": 0.038, "Actual Total Time": 0.042, "Actual Rows": 1, "Actual Loops": 1, "Output": ["region.r_regionkey"], "Filter": "((region.r_name)::text = 'ASIA'::text)", "Rows Removed by Filter": 4}]}]}]}]}]}]}, {"Node Type": "Hash", "Parent Relationship": "Inner", "Parallel Aware": false, "Startup Cost": 322.0, "Total Cost": 322.0, "Plan Rows": 10000, "Plan Width": 8, "Actual Startup Time": 19.195, "Actual Total Time": 19.196, "Actual Rows": 10000, "Actual Loops": 1, "Output": ["supplier.s_suppkey", "supplier.s_nationkey"], "Hash Buckets": 16384, "Original Hash Buckets": 16384, "Hash Batches": 1, "Original Hash Batches": 1, "Peak Memory Usage": 519, "Plans": [{"Node Type": "Seq Scan", "Parent Relationship": "Outer", "Parallel Aware": false, "Relation Name": "supplier", "Schema": "public", "Alias": "supplier", "Startup Cost": 0.0, "Total Cost": 322.0, "Plan Rows": 10000, "Plan Width": 8, "Actual Startup Time": 0.012, "Actual Total Time": 16.963, "Actual Rows": 10000, "Actual Loops": 1, "Output": ["supplier.s_suppkey", "supplier.s_nationkey"]}]}]}]}]}]}, "Planning Time": 33.799, "Triggers": [], "Execution Time": 7707.104}]
q18#####[{"Plan": {"Node Type": "Sort", "Parallel Aware": false, "Startup Cost": 250635.3, "Total Cost": 250635.8, "Plan Rows": 200, "Plan Width": 61, "Actual Startup Time": 6737.74, "Actual Total Time": 6737.889, "Actual Rows": 5, "Actual Loops": 1, "Output": ["nation.n_name", "(sum((lineitem.l_extendedprice * ('1'::numeric - lineitem.l_discount))))"], "Sort Key": ["(sum((lineitem.l_extendedprice * ('1'::numeric - lineitem.l_discount)))) DESC"], "Sort Method": "quicksort", "Sort Space Used": 25, "Sort Space Type": "Memory", "Plans": [{"Node Type": "Aggregate", "Strategy": "Sorted", "Partial Mode": "Simple", "Parent Relationship": "Outer", "Parallel Aware": false, "Startup Cost": 250622.59, "Total Cost": 250627.66, "Plan Rows": 200, "Plan Width": 61, "Actual Startup Time": 6735.351, "Actual Total Time": 6737.771, "Actual Rows": 5, "Actual Loops": 1, "Output": ["nation.n_name", "sum((lineitem.l_extendedprice * ('1'::numeric - lineitem.l_discount)))"], "Group Key": ["nation.n_name"], "Plans": [{"Node Type": "Sort", "Parent Relationship": "Outer", "Parallel Aware": false, "Startup Cost": 250622.59, "Total Cost": 250623.11, "Plan Rows": 205, "Plan Width": 41, "Actual Startup Time": 6734.928, "Actual Total Time": 6735.683, "Actual Rows": 7406, "Actual Loops": 1, "Output": ["nation.n_name", "lineitem.l_extendedprice", "lineitem.l_discount"], "Sort Key": ["nation.n_name"], "Sort Method": "quicksort", "Sort Space Used": 769, "Sort Space Type": "Memory", "Plans": [{"Node Type": "Hash Join", "Parent Relationship": "Outer", "Parallel Aware": false, "Join Type": "Inner", "Startup Cost": 55500.37, "Total Cost": 250614.72, "Plan Rows": 205, "Plan Width": 41, "Actual Startup Time": 1367.256, "Actual Total Time": 6708.801, "Actual Rows": 7406, "Actual Loops": 1, "Output": ["nation.n_name", "lineitem.l_extendedprice", "lineitem.l_discount"], "Inner Unique": false, "Hash Cond": "((lineitem.l_suppkey = supplier.s_suppkey) AND (customer.c_nationkey = supplier.s_nationkey))", "Plans": [{"Node Type": "Hash Join", "Parent Relationship": "Outer", "Parallel Aware": false, "Join Type": "Inner", "Startup Cost": 55028.37, "Total Cost": 250102.17, "Plan Rows": 5133, "Plan Width": 53, "Actual Startup Time": 1361.377, "Actual Total Time": 6553.393, "Actual Rows": 181938, "Actual Loops": 1, "Output": ["customer.c_nationkey", "lineitem.l_extendedprice", "lineitem.l_discount", "lineitem.l_suppkey", "nation.n_name", "nation.n_nationkey"], "Inner Unique": false, "Hash Cond": "(lineitem.l_orderkey = orders.o_orderkey)", "Plans": [{"Node Type": "Seq Scan", "Parent Relationship": "Outer", "Parallel Aware": false, "Relation Name": "lineitem", "Schema": "public", "Alias": "lineitem", "Startup Cost": 0.0, "Total Cost": 172517.16, "Plan Rows": 6001416, "Plan Width": 20, "Actual Startup Time": 0.018, "Actual Total Time": 3460.397, "Actual Rows": 6001215, "Actual Loops": 1, "Output": ["lineitem.l_orderkey", "lineitem.l_partkey", "lineitem.l_suppkey", "lineitem.l_linenumber", "lineitem.l_quantity", "lineitem.l_extendedprice", "lineitem.l_discount", "lineitem.l_tax", "lineitem.l_returnflag", "lineitem.l_linestatus", "lineitem.l_shipdate", "lineitem.l_commitdate", "lineitem.l_receiptdate", "lineitem.l_shipinstruct", "lineitem.l_shipmode", "lineitem.l_comment"]}, {"Node Type": "Hash", "Parent Relationship": "Inner", "Parallel Aware": false, "Startup Cost": 55012.34, "Total Cost": 55012.34, "Plan Rows": 1283, "Plan Width": 41, "Actual Startup Time": 1361.015, "Actual Total Time": 1361.134, "Actual Rows": 45231, "Actual Loops": 1, "Output": ["customer.c_nationkey", "orders.o_orderkey", "nation.n_name", "nation.n_nationkey"], "Hash Buckets": 65536, "Original Hash Buckets": 2048, "Hash Batches": 1, "Original Hash Batches": 1, "Peak Memory Usage": 2878, "Plans": [{"Node Type": "Hash Join", "Parent Relationship": "Outer", "Parallel Aware": false, "Join Type": "Inner", "Startup Cost": 5570.54, "Total Cost": 55012.34, "Plan Rows": 1283, "Plan Width": 41, "Actual Startup Time": 197.953, "Actual Total Time": 1326.616, "Actual Rows": 45231, "Actual Loops": 1, "Output": ["customer.c_nationkey", "orders.o_orderkey", "nation.n_name", "nation.n_nationkey"], "Inner Unique": false, "Hash Cond": "(orders.o_custkey = customer.c_custkey)", "Plans": [{"Node Type": "Seq Scan", "Parent Relationship": "Outer", "Parallel Aware": false, "Relation Name": "orders", "Schema": "public", "Alias": "orders", "Startup Cost": 0.0, "Total Cost": 48595.0, "Plan Rows": 222393, "Plan Width": 8, "Actual Startup Time": 0.023, "Actual Total Time": 916.079, "Actual Rows": 228626, "Actual Loops": 1, "Output": ["orders.o_orderkey", "orders.o_custkey", "orders.o_orderstatus", "orders.o_totalprice", "orders.o_orderdate", "orders.o_orderpriority", "orders.o_clerk", "orders.o_shippriority", "orders.o_comment"], "Filter": "((orders.o_orderdate >= '1996-01-01'::date) AND (orders.o_orderdate < '1997-01-01 00:00:00'::timestamp without time zone))", "Rows Removed by Filter": 1271374}, {"Node Type": "Hash", "Parent Relationship": "Inner", "Parallel Aware": false, "Startup Cost": 5559.73, "Total Cost": 5559.73, "Plan Rows": 865, "Plan Width": 41, "Actual Startup Time": 197.89, "Actual Total Time": 197.976, "Actual Rows": 29904, "Actual Loops": 1, "Output": ["customer.c_custkey", "customer.c_nationkey", "nation.n_name", "nation.n_nationkey"], "Hash Buckets": 32768, "Original Hash Buckets": 1024, "Hash Batches": 1, "Original Hash Batches": 1, "Peak Memory Usage": 1821, "Plans": [{"Node Type": "Hash Join", "Parent Relationship": "Outer", "Parallel Aware": false, "Join Type": "Inner", "Startup Cost": 38.01, "Total Cost": 5559.73, "Plan Rows": 865, "Plan Width": 41, "Actual Startup Time": 0.143, "Actual Total Time": 187.512, "Actual Rows": 29904, "Actual Loops": 1, "Output": ["customer.c_custkey", "customer.c_nationkey", "nation.n_name", "nation.n_nationkey"], "Inner Unique": true, "Hash Cond": "(nation.n_regionkey = region.r_regionkey)", "Plans": [{"Node Type": "Hash Join", "Parent Relationship": "Outer", "Parallel Aware": false, "Join Type": "Inner", "Startup Cost": 21.48, "Total Cost": 5503.5, "Plan Rows": 15000, "Plan Width": 45, "Actual Startup Time": 0.069, "Actual Total Time": 170.703, "Actual Rows": 150000, "Actual Loops": 1, "Output": ["customer.c_custkey", "customer.c_nationkey", "nation.n_name", "nation.n_nationkey", "nation.n_regionkey"], "Inner Unique": true, "Hash Cond": "(customer.c_nationkey = nation.n_nationkey)", "Plans": [{"Node Type": "Seq Scan", "Parent Relationship": "Outer", "Parallel Aware": false, "Relation Name": "customer", "Schema": "public", "Alias": "customer", "Startup Cost": 0.0, "Total Cost": 5085.0, "Plan Rows": 150000, "Plan Width": 8, "Actual Startup Time": 0.01, "Actual Total Time": 28.259, "Actual Rows": 150000, "Actual Loops": 1, "Output": ["customer.c_custkey", "customer.c_name", "customer.c_address", "customer.c_nationkey", "customer.c_phone", "customer.c_acctbal", "customer.c_mktsegment", "customer.c_comment"]}, {"Node Type": "Hash", "Parent Relationship": "Inner", "Parallel Aware": false, "Startup Cost": 15.1, "Total Cost": 15.1, "Plan Rows": 510, "Plan Width": 37, "Actual Startup Time": 0.015, "Actual Total Time": 0.02, "Actual Rows": 25, "Actual Loops": 1, "Output": ["nation.n_name", "nation.n_nationkey", "nation.n_regionkey"], "Hash Buckets": 1024, "Original Hash Buckets": 1024, "Hash Batches": 1, "Original Hash Batches": 1, "Peak Memory Usage": 10, "Plans": [{"Node Type": "Seq Scan", "Parent Relationship": "Outer", "Parallel Aware": false, "Relation Name": "nation", "Schema": "public", "Alias": "nation", "Startup Cost": 0.0, "Total Cost": 15.1, "Plan Rows": 510, "Plan Width": 37, "Actual Startup Time": 0.004, "Actual Total Time": 0.006, "Actual Rows": 25, "Actual Loops": 1, "Output": ["nation.n_name", "nation.n_nationkey", "nation.n_regionkey"]}]}]}, {"Node Type": "Hash", "Parent Relationship": "Inner", "Parallel Aware": false, "Startup Cost": 16.5, "Total Cost": 16.5, "Plan Rows": 3, "Plan Width": 4, "Actual Startup Time": 0.043, "Actual Total Time": 0.055, "Actual Rows": 1, "Actual Loops": 1, "Output": ["region.r_regionkey"], "Hash Buckets": 1024, "Original Hash Buckets": 1024, "Hash Batches": 1, "Original Hash Batches": 1, "Peak Memory Usage": 9, "Plans": [{"Node Type": "Seq Scan", "Parent Relationship": "Outer", "Parallel Aware": false, "Relation Name": "region", "Schema": "public", "Alias": "region", "Startup Cost": 0.0, "Total Cost": 16.5, "Plan Rows": 3, "Plan Width": 4, "Actual Startup Time": 0.028, "Actual Total Time": 0.029, "Actual Rows": 1, "Actual Loops": 1, "Output": ["region.r_regionkey"], "Filter": "((region.r_name)::text = 'MIDDLE EAST'::text)", "Rows Removed by Filter": 4}]}]}]}]}]}]}, {"Node Type": "Hash", "Parent Relationship": "Inner", "Parallel Aware": false, "Startup Cost": 322.0, "Total Cost": 322.0, "Plan Rows": 10000, "Plan Width": 8, "Actual Startup Time": 5.33, "Actual Total Time": 5.331, "Actual Rows": 10000, "Actual Loops": 1, "Output": ["supplier.s_suppkey", "supplier.s_nationkey"], "Hash Buckets": 16384, "Original Hash Buckets": 16384, "Hash Batches": 1, "Original Hash Batches": 1, "Peak Memory Usage": 519, "Plans": [{"Node Type": "Seq Scan", "Parent Relationship": "Outer", "Parallel Aware": false, "Relation Name": "supplier", "Schema": "public", "Alias": "supplier", "Startup Cost": 0.0, "Total Cost": 322.0, "Plan Rows": 10000, "Plan Width": 8, "Actual Startup Time": 0.009, "Actual Total Time": 3.615, "Actual Rows": 10000, "Actual Loops": 1, "Output": ["supplier.s_suppkey", "supplier.s_nationkey"]}]}]}]}]}]}, "Planning Time": 5.852, "Triggers": [], "Execution Time": 6744.022}]
q19#####[{"Plan": {"Node Type": "Aggregate", "Strategy": "Sorted", "Partial Mode": "Simple", "Parallel Aware": false, "Startup Cost": 262562.72, "Total Cost": 262565.84, "Plan Rows": 89, "Plan Width": 98, "Actual Startup Time": 7881.933, "Actual Total Time": 7884.064, "Actual Rows": 4, "Actual Loops": 1, "Output": ["n1.n_name", "n2.n_name", "(date_part('year'::text, (lineitem.l_shipdate)::timestamp without time zone))", "sum((lineitem.l_extendedprice * ('1'::numeric - lineitem.l_discount)))"], "Group Key": ["n1.n_name", "n2.n_name", "(date_part('year'::text, (lineitem.l_shipdate)::timestamp without time zone))"], "Plans": [{"Node Type": "Sort", "Parent Relationship": "Outer", "Parallel Aware": false, "Startup Cost": 262562.72, "Total Cost": 262562.95, "Plan Rows": 89, "Plan Width": 78, "Actual Startup Time": 7881.486, "Actual Total Time": 7882.033, "Actual Rows": 6023, "Actual Loops": 1, "Output": ["n1.n_name", "n2.n_name", "(date_part('year'::text, (lineitem.l_shipdate)::timestamp without time zone))", "lineitem.l_extendedprice", "lineitem.l_discount"], "Sort Key": ["n1.n_name", "n2.n_name", "(date_part('year'::text, (lineitem.l_shipdate)::timestamp without time zone))"], "Sort Method": "quicksort", "Sort Space Used": 663, "Sort Space Type": "Memory", "Plans": [{"Node Type": "Hash Join", "Parent Relationship": "Outer", "Parallel Aware": false, "Join Type": "Inner", "Startup Cost": 52936.46, "Total Cost": 262559.84, "Plan Rows": 89, "Plan Width": 78, "Actual Startup Time": 1957.535, "Actual Total Time": 7871.241, "Actual Rows": 6023, "Actual Loops": 1, "Output": ["n1.n_name", "n2.n_name", "date_part('year'::text, (lineitem.l_shipdate)::timestamp without time zone)", "lineitem.l_extendedprice", "lineitem.l_discount"], "Inner Unique": false, "Hash Cond": "(lineitem.l_suppkey = supplier.s_suppkey)", "Join Filter": "((((n1.n_name)::text = 'IRAN'::text) AND ((n2.n_name)::text = 'IRAQ'::text)) OR (((n1.n_name)::text = 'IRAQ'::text) AND ((n2.n_name)::text = 'IRAN'::text)))", "Rows Removed by Join Filter": 5962, "Plans": [{"Node Type": "Hash Join", "Parent Relationship": "Outer", "Parallel Aware": false, "Join Type": "Inner", "Startup Cost": 52569.05, "Total Cost": 262184.86, "Plan Rows": 1806, "Plan Width": 49, "Actual Startup Time": 1945.999, "Actual Total Time": 7805.723, "Actual Rows": 143596, "Actual Loops": 1, "Output": ["lineitem.l_shipdate", "lineitem.l_extendedprice", "lineitem.l_discount", "lineitem.l_suppkey", "n2.n_name"], "Inner Unique": false, "Hash Cond": "(lineitem.l_orderkey = orders.o_orderkey)", "Plans": [{"Node Type": "Seq Scan", "Parent Relationship": "Outer", "Parallel Aware": false, "Relation Name": "lineitem", "Schema": "public", "Alias": "lineitem", "Startup Cost": 0.0, "Total Cost": 202524.24, "Plan Rows": 1842904, "Plan Width": 24, "Actual Startup Time": 0.341, "Actual Total Time": 4088.929, "Actual Rows": 1825959, "Actual Loops": 1, "Output": ["lineitem.l_orderkey", "lineitem.l_partkey", "lineitem.l_suppkey", "lineitem.l_linenumber", "lineitem.l_quantity", "lineitem.l_extendedprice", "lineitem.l_discount", "lineitem.l_tax", "lineitem.l_returnflag", "lineitem.l_linestatus", "lineitem.l_shipdate", "lineitem.l_commitdate", "lineitem.l_receiptdate", "lineitem.l_shipinstruct", "lineitem.l_shipmode", "lineitem.l_comment"], "Filter": "((lineitem.l_shipdate >= '1995-01-02'::date) AND (lineitem.l_shipdate <= '1996-12-31'::date))", "Rows Removed by Filter": 4175256}, {"Node Type": "Hash", "Parent Relationship": "Inner", "Parallel Aware": false, "Startup Cost": 52385.22, "Total Cost": 52385.22, "Plan Rows": 14706, "Plan Width": 33, "Actual Startup Time": 1944.817, "Actual Total Time": 1944.841, "Actual Rows": 118577, "Actual Loops": 1, "Output": ["orders.o_orderkey", "n2.n_name"], "Hash Buckets": 131072, "Original Hash Buckets": 16384, "Hash Batches": 2, "Original Hash Batches": 1, "Peak Memory Usage": 3403, "Plans": [{"Node Type": "Hash Join", "Parent Relationship": "Outer", "Parallel Aware": false, "Join Type": "Inner", "Startup Cost": 5518.12, "Total Cost": 52385.22, "Plan Rows": 14706, "Plan Width": 33, "Actual Startup Time": 153.038, "Actual Total Time": 1796.584, "Actual Rows": 118577, "Actual Loops": 1, "Output": ["orders.o_orderkey", "n2.n_name"], "Inner Unique": false, "Hash Cond": "(orders.o_custkey = customer.c_custkey)", "Plans": [{"Node Type": "Seq Scan", "Parent Relationship": "Outer", "Parallel Aware": false, "Relation Name": "orders", "Schema": "public", "Alias": "orders", "Startup Cost": 0.0, "Total Cost": 41095.0, "Plan Rows": 1500000, "Plan Width": 8, "Actual Startup Time": 0.014, "Actual Total Time": 1049.356, "Actual Rows": 1500000, "Actual Loops": 1, "Output": ["orders.o_orderkey", "orders.o_custkey", "orders.o_orderstatus", "orders.o_totalprice", "orders.o_orderdate", "orders.o_orderpriority", "orders.o_clerk", "orders.o_shippriority", "orders.o_comment"]}, {"Node Type": "Hash", "Parent Relationship": "Inner", "Parallel Aware": false, "Startup Cost": 5499.73, "Total Cost": 5499.73, "Plan Rows": 1471, "Plan Width": 33, "Actual Startup Time": 152.996, "Actual Total Time": 153.019, "Actual Rows": 11972, "Actual Loops": 1, "Output": ["customer.c_custkey", "n2.n_name"], "Hash Buckets": 16384, "Original Hash Buckets": 2048, "Hash Batches": 1, "Original Hash Batches": 1, "Peak Memory Usage": 608, "Plans": [{"Node Type": "Hash Join", "Parent Relationship": "Outer", "Parallel Aware": false, "Join Type": "Inner", "Startup Cost": 17.71, "Total Cost": 5499.73, "Plan Rows": 1471, "Plan Width": 33, "Actual Startup Time": 0.043, "Actual Total Time": 149.272, "Actual Rows": 11972, "Actual Loops": 1, "Output": ["customer.c_custkey", "n2.n_name"], "Inner Unique": true, "Hash Cond": "(customer.c_nationkey = n2.n_nationkey)", "Plans": [{"Node Type": "Seq Scan", "Parent Relationship": "Outer", "Parallel Aware": false, "Relation Name": "customer", "Schema": "public", "Alias": "customer", "Startup Cost": 0.0, "Total Cost": 5085.0, "Plan Rows": 150000, "Plan Width": 8, "Actual Startup Time": 0.009, "Actual Total Time": 31.23, "Actual Rows": 150000, "Actual Loops": 1, "Output": ["customer.c_custkey", "customer.c_name", "customer.c_address", "customer.c_nationkey", "customer.c_phone", "customer.c_acctbal", "customer.c_mktsegment", "customer.c_comment"]}, {"Node Type": "Hash", "Parent Relationship": "Inner", "Parallel Aware": false, "Startup Cost": 17.65, "Total Cost": 17.65, "Plan Rows": 5, "Plan Width": 33, "Actual Startup Time": 0.013, "Actual Total Time": 0.021, "Actual Rows": 2, "Actual Loops": 1, "Output": ["n2.n_name", "n2.n_nationkey"], "Hash Buckets": 1024, "Original Hash Buckets": 1024, "Hash Batches": 1, "Original Hash Batches": 1, "Peak Memory Usage": 9, "Plans": [{"Node Type": "Seq Scan", "Parent Relationship": "Outer", "Parallel Aware": false, "Relation Name": "nation", "Schema": "public", "Alias": "n2", "Startup Cost": 0.0, "Total Cost": 17.65, "Plan Rows": 5, "Plan Width": 33, "Actual Startup Time": 0.004, "Actual Total Time": 0.005, "Actual Rows": 2, "Actual Loops": 1, "Output": ["n2.n_name", "n2.n_nationkey"], "Filter": "(((n2.n_name)::text = 'IRAQ'::text) OR ((n2.n_name)::text = 'IRAN'::text))", "Rows Removed by Filter": 23}]}]}]}]}]}]}, {"Node Type": "Hash", "Parent Relationship": "Inner", "Parallel Aware": false, "Startup Cost": 366.18, "Total Cost": 366.18, "Plan Rows": 98, "Plan Width": 33, "Actual Startup Time": 8.69, "Actual Total Time": 8.694, "Actual Rows": 831, "Actual Loops": 1, "Output": ["supplier.s_suppkey", "n1.n_name"], "Hash Buckets": 1024, "Original Hash Buckets": 1024, "Hash Batches": 1, "Original Hash Batches": 1, "Peak Memory Usage": 42, "Plans": [{"Node Type": "Hash Join", "Parent Relationship": "Outer", "Parallel Aware": false, "Join Type": "Inner", "Startup Cost": 17.71, "Total Cost": 366.18, "Plan Rows": 98, "Plan Width": 33, "Actual Startup Time": 0.04, "Actual Total Time": 8.482, "Actual Rows": 831, "Actual Loops": 1, "Output": ["supplier.s_suppkey", "n1.n_name"], "Inner Unique": true, "Hash Cond": "(supplier.s_nationkey = n1.n_nationkey)", "Plans": [{"Node Type": "Seq Scan", "Parent Relationship": "Outer", "Parallel Aware": false, "Relation Name": "supplier", "Schema": "public", "Alias": "supplier", "Startup Cost": 0.0, "Total Cost": 322.0, "Plan Rows": 10000, "Plan Width": 8, "Actual Startup Time": 0.009, "Actual Total Time": 0.886, "Actual Rows": 10000, "Actual Loops": 1, "Output": ["supplier.s_suppkey", "supplier.s_name", "supplier.s_address", "supplier.s_nationkey", "supplier.s_phone", "supplier.s_acctbal", "supplier.s_comment"]}, {"Node Type": "Hash", "Parent Relationship": "Inner", "Parallel Aware": false, "Startup Cost": 17.65, "Total Cost": 17.65, "Plan Rows": 5, "Plan Width": 33, "Actual Startup Time": 0.011, "Actual Total Time": 0.011, "Actual Rows": 2, "Actual Loops": 1, "Output": ["n1.n_name", "n1.n_nationkey"], "Hash Buckets": 1024, "Original Hash Buckets": 1024, "Hash Batches": 1, "Original Hash Batches": 1, "Peak Memory Usage": 9, "Plans": [{"Node Type": "Seq Scan", "Parent Relationship": "Outer", "Parallel Aware": false, "Relation Name": "nation", "Schema": "public", "Alias": "n1", "Startup Cost": 0.0, "Total Cost": 17.65, "Plan Rows": 5, "Plan Width": 33, "Actual Startup Time": 0.006, "Actual Total Time": 0.007, "Actual Rows": 2, "Actual Loops": 1, "Output": ["n1.n_name", "n1.n_nationkey"], "Filter": "(((n1.n_name)::text = 'IRAN'::text) OR ((n1.n_name)::text = 'IRAQ'::text))", "Rows Removed by Filter": 23}]}]}]}]}]}]}, "Planning Time": 17.941, "Triggers": [], "Execution Time": 7890.147}]
q20#####[{"Plan": {"Node Type": "Aggregate", "Strategy": "Sorted", "Partial Mode": "Simple", "Parallel Aware": false, "Startup Cost": 258688.17, "Total Cost": 258691.27, "Plan Rows": 69, "Plan Width": 40, "Actual Startup Time": 6050.879, "Actual Total Time": 6051.267, "Actual Rows": 2, "Actual Loops": 1, "Output": ["(date_part('year'::text, (orders.o_orderdate)::timestamp without time zone))", "(sum(CASE WHEN ((n2.n_name)::text = 'GERMANY'::text) THEN (lineitem.l_extendedprice * ('1'::numeric - lineitem.l_discount)) ELSE '0'::numeric END) / sum((lineitem.l_extendedprice * ('1'::numeric - lineitem.l_discount))))"], "Group Key": ["(date_part('year'::text, (orders.o_orderdate)::timestamp without time zone))"], "Plans": [{"Node Type": "Sort", "Parent Relationship": "Outer", "Parallel Aware": false, "Startup Cost": 258688.17, "Total Cost": 258688.34, "Plan Rows": 69, "Plan Width": 49, "Actual Startup Time": 6050.491, "Actual Total Time": 6050.673, "Actual Rows": 2415, "Actual Loops": 1, "Output": ["(date_part('year'::text, (orders.o_orderdate)::timestamp without time zone))", "n2.n_name", "lineitem.l_extendedprice", "lineitem.l_discount"], "Sort Key": ["(date_part('year'::text, (orders.o_orderdate)::timestamp without time zone))"], "Sort Method": "quicksort", "Sort Space Used": 285, "Sort Space Type": "Memory", "Plans": [{"Node Type": "Nested Loop", "Parent Relationship": "Outer", "Parallel Aware": false, "Join Type": "Inner", "Startup Cost": 63101.7, "Total Cost": 258686.06, "Plan Rows": 69, "Plan Width": 49, "Actual Startup Time": 2514.158, "Actual Total Time": 6046.411, "Actual Rows": 2415, "Actual Loops": 1, "Output": ["date_part('year'::text, (orders.o_orderdate)::timestamp without time zone)", "n2.n_name", "lineitem.l_extendedprice", "lineitem.l_discount"], "Inner Unique": true, "Plans": [{"Node Type": "Hash Join", "Parent Relationship": "Outer", "Parallel Aware": false, "Join Type": "Inner", "Startup Cost": 63101.55, "Total Cost": 258674.0, "Plan Rows": 69, "Plan Width": 20, "Actual Startup Time": 2512.857, "Actual Total Time": 6034.831, "Actual Rows": 2415, "Actual Loops": 1, "Output": ["lineitem.l_extendedprice", "lineitem.l_discount", "supplier.s_nationkey", "orders.o_orderdate"], "Inner Unique": false, "Hash Cond": "(lineitem.l_suppkey = supplier.s_suppkey)", "Plans": [{"Node Type": "Hash Join", "Parent Relationship": "Outer", "Parallel Aware": false, "Join Type": "Inner", "Startup Cost": 62654.55, "Total Cost": 258226.05, "Plan Rows": 69, "Plan Width": 20, "Actual Startup Time": 2461.36, "Actual Total Time": 5974.305, "Actual Rows": 2415, "Actual Loops": 1, "Output": ["lineitem.l_extendedprice", "lineitem.l_discount", "lineitem.l_suppkey", "orders.o_orderdate"], "Inner Unique": false, "Hash Cond": "(lineitem.l_orderkey = orders.o_orderkey)", "Plans": [{"Node Type": "Hash Join", "Parent Relationship": "Outer", "Parallel Aware": false, "Join Type": "Inner", "Startup Cost": 6613.61, "Total Cost": 202034.87, "Plan Rows": 39879, "Plan Width": 20, "Actual Startup Time": 619.573, "Actual Total Time": 4082.716, "Actual Rows": 39322, "Actual Loops": 1, "Output": ["lineitem.l_extendedprice", "lineitem.l_discount", "lineitem.l_suppkey", "lineitem.l_orderkey"], "Inner Unique": false, "Hash Cond": "(lineitem.l_partkey = part.p_partkey)", "Plans": [{"Node Type": "Seq Scan", "Parent Relationship": "Outer", "Parallel Aware": false, "Relation Name": "lineitem", "Schema": "public", "Alias": "lineitem", "Startup Cost": 0.0, "Total Cost": 172517.16, "Plan Rows": 6001416, "Plan Width": 24, "Actual Startup Time": 0.093, "Actual Total Time": 2693.226, "Actual Rows": 6001215, "Actual Loops": 1, "Output": ["lineitem.l_orderkey", "lineitem.l_partkey", "lineitem.l_suppkey", "lineitem.l_linenumber", "lineitem.l_quantity", "lineitem.l_extendedprice", "lineitem.l_discount", "lineitem.l_tax", "lineitem.l_returnflag", "lineitem.l_linestatus", "lineitem.l_shipdate", "lineitem.l_commitdate", "lineitem.l_receiptdate", "lineitem.l_shipinstruct", "lineitem.l_shipmode", "lineitem.l_comment"]}, {"Node Type": "Hash", "Parent Relationship": "Inner", "Parallel Aware": false, "Startup Cost": 6597.0, "Total Cost": 6597.0, "Plan Rows": 1329, "Plan Width": 4, "Actual Startup Time": 614.15, "Actual Total Time": 614.153, "Actual Rows": 1308, "Actual Loops": 1, "Output": ["part.p_partkey"], "Hash Buckets": 2048, "Original Hash Buckets": 2048, "Hash Batches": 1, "Original Hash Batches": 1, "Peak Memory Usage": 62, "Plans": [{"Node Type": "Seq Scan", "Parent Relationship": "Outer", "Parallel Aware": false, "Relation Name": "part", "Schema": "public", "Alias": "part", "Startup Cost": 0.0, "Total Cost": 6597.0, "Plan Rows": 1329, "Plan Width": 4, "Actual Startup Time": 5.219, "Actual Total Time": 612.668, "Actual Rows": 1308, "Actual Loops": 1, "Output": ["part.p_partkey"], "Filter": "((part.p_type)::text = 'MEDIUM PLATED COPPER'::text)", "Rows Removed by Filter": 198692}]}]}, {"Node Type": "Hash", "Parent Relationship": "Inner", "Parallel Aware": false, "Startup Cost": 56008.49, "Total Cost": 56008.49, "Plan Rows": 2596, "Plan Width": 8, "Actual Startup Time": 1837.531, "Actual Total Time": 1837.572, "Actual Rows": 92715, "Actual Loops": 1, "Output": ["orders.o_orderdate", "orders.o_orderkey"], "Hash Buckets": 131072, "Original Hash Buckets": 4096, "Hash Batches": 2, "Original Hash Batches": 1, "Peak Memory Usage": 3073, "Plans": [{"Node Type": "Hash Join", "Parent Relationship": "Outer", "Parallel Aware": false, "Join Type": "Inner", "Startup Cost": 5700.16, "Total Cost": 56008.49, "Plan Rows": 2596, "Plan Width": 8, "Actual Startup Time": 97.907, "Actual Total Time": 1747.571, "Actual Rows": 92715, "Actual Loops": 1, "Output": ["orders.o_orderdate", "orders.o_orderkey"], "Inner Unique": false, "Hash Cond": "(orders.o_custkey = customer.c_custkey)", "Plans": [{"Node Type": "Seq Scan", "Parent Relationship": "Outer", "Parallel Aware": false, "Relation Name": "orders", "Schema": "public", "Alias": "orders", "Startup Cost": 0.0, "Total Cost": 48595.0, "Plan Rows": 449969, "Plan Width": 12, "Actual Startup Time": 0.043, "Actual Total Time": 1381.332, "Actual Rows": 457263, "Actual Loops": 1, "Output": ["orders.o_orderkey", "orders.o_custkey", "orders.o_orderstatus", "orders.o_totalprice", "orders.o_orderdate", "orders.o_orderpriority", "orders.o_clerk", "orders.o_shippriority", "orders.o_comment"], "Filter": "((orders.o_orderdate >= '1995-01-01'::date) AND (orders.o_orderdate <= '1996-12-31'::date))", "Rows Removed by Filter": 1042737}, {"Node Type": "Hash", "Parent Relationship": "Inner", "Parallel Aware": false, "Startup Cost": 5689.34, "Total Cost": 5689.34, "Plan Rows": 865, "Plan Width": 4, "Actual Startup Time": 97.731, "Actual Total Time": 97.758, "Actual Rows": 30197, "Actual Loops": 1, "Output": ["customer.c_custkey"], "Hash Buckets": 32768, "Original Hash Buckets": 1024, "Hash Batches": 1, "Original Hash Batches": 1, "Peak Memory Usage": 1318, "Plans": [{"Node Type": "Hash Join", "Parent Relationship": "Outer", "Parallel Aware": false, "Join Type": "Inner", "Startup Cost": 33.02, "Total Cost": 5689.34, "Plan Rows": 865, "Plan Width": 4, "Actual Startup Time": 0.161, "Actual Total Time": 89.591, "Actual Rows": 30197, "Actual Loops": 1, "Output": ["customer.c_custkey"], "Inner Unique": false, "Hash Cond": "(customer.c_nationkey = n1.n_nationkey)", "Plans": [{"Node Type": "Seq Scan", "Parent Relationship": "Outer", "Parallel Aware": false, "Relation Name": "customer", "Schema": "public", "Alias": "customer", "Startup Cost": 0.0, "Total Cost": 5085.0, "Plan Rows": 150000, "Plan Width": 8, "Actual Startup Time": 0.016, "Actual Total Time": 19.452, "Actual Rows": 150000, "Actual Loops": 1, "Output": ["customer.c_custkey", "customer.c_name", "customer.c_address", "customer.c_nationkey", "customer.c_phone", "customer.c_acctbal", "customer.c_mktsegment", "customer.c_comment"]}, {"Node Type": "Hash", "Parent Relationship": "Inner", "Parallel Aware": false, "Startup Cost": 32.99, "Total Cost": 32.99, "Plan Rows": 3, "Plan Width": 4, "Actual Startup Time": 0.111, "Actual Total Time": 0.122, "Actual Rows": 5, "Actual Loops": 1, "Output": ["n1.n_nationkey"], "Hash Buckets": 1024, "Original Hash Buckets": 1024, "Hash Batches": 1, "Original Hash Batches": 1, "Peak Memory Usage": 9, "Plans": [{"Node Type": "Hash Join", "Parent Relationship": "Outer", "Parallel Aware": false, "Join Type": "Inner", "Startup Cost": 16.54, "Total Cost": 32.99, "Plan Rows": 3, "Plan Width": 4, "Actual Startup Time": 0.1, "Actual Total Time": 0.111, "Actual Rows": 5, "Actual Loops": 1, "Output": ["n1.n_nationkey"], "Inner Unique": true, "Hash Cond": "(n1.n_regionkey = region.r_regionkey)", "Plans": [{"Node Type": "Seq Scan", "Parent Relationship": "Outer", "Parallel Aware": false, "Relation Name": "nation", "Schema": "public", "Alias": "n1", "Startup Cost": 0.0, "Total Cost": 15.1, "Plan Rows": 510, "Plan Width": 8, "Actual Startup Time": 0.028, "Actual Total Time": 0.032, "Actual Rows": 25, "Actual Loops": 1, "Output": ["n1.n_nationkey", "n1.n_name", "n1.n_regionkey", "n1.n_comment"]}, {"Node Type": "Hash", "Parent Relationship": "Inner", "Parallel Aware": false, "Startup Cost": 16.5, "Total Cost": 16.5, "Plan Rows": 3, "Plan Width": 4, "Actual Startup Time": 0.04, "Actual Total Time": 0.04, "Actual Rows": 1, "Actual Loops": 1, "Output": ["region.r_regionkey"], "Hash Buckets": 1024, "Original Hash Buckets": 1024, "Hash Batches": 1, "Original Hash Batches": 1, "Peak Memory Usage": 9, "Plans": [{"Node Type": "Seq Scan", "Parent Relationship": "Outer", "Parallel Aware": false, "Relation Name": "region", "Schema": "public", "Alias": "region", "Startup Cost": 0.0, "Total Cost": 16.5, "Plan Rows": 3, "Plan Width": 4, "Actual Startup Time": 0.033, "Actual Total Time": 0.034, "Actual Rows": 1, "Actual Loops": 1, "Output": ["region.r_regionkey"], "Filter": "((region.r_name)::text = 'EUROPE'::text)", "Rows Removed by Filter": 4}]}]}]}]}]}]}]}]}, {"Node Type": "Hash", "Parent Relationship": "Inner", "Parallel Aware": false, "Startup Cost": 322.0, "Total Cost": 322.0, "Plan Rows": 10000, "Plan Width": 8, "Actual Startup Time": 34.897, "Actual Total Time": 34.897, "Actual Rows": 10000, "Actual Loops": 1, "Output": ["supplier.s_suppkey", "supplier.s_nationkey"], "Hash Buckets": 16384, "Original Hash Buckets": 16384, "Hash Batches": 1, "Original Hash Batches": 1, "Peak Memory Usage": 519, "Plans": [{"Node Type": "Seq Scan", "Parent Relationship": "Outer", "Parallel Aware": false, "Relation Name": "supplier", "Schema": "public", "Alias": "supplier", "Startup Cost": 0.0, "Total Cost": 322.0, "Plan Rows": 10000, "Plan Width": 8, "Actual Startup Time": 0.034, "Actual Total Time": 12.476, "Actual Rows": 10000, "Actual Loops": 1, "Output": ["supplier.s_suppkey", "supplier.s_nationkey"]}]}]}, {"Node Type": "Index Scan", "Parent Relationship": "Inner", "Parallel Aware": false, "Scan Direction": "Forward", "Index Name": "nation_pkey", "Relation Name": "nation", "Schema": "public", "Alias": "n2", "Startup Cost": 0.15, "Total Cost": 0.17, "Plan Rows": 1, "Plan Width": 33, "Actual Startup Time": 0.002, "Actual Total Time": 0.002, "Actual Rows": 1, "Actual Loops": 2415, "Output": ["n2.n_nationkey", "n2.n_name", "n2.n_regionkey", "n2.n_comment"], "Index Cond": "(n2.n_nationkey = supplier.s_nationkey)", "Rows Removed by Index Recheck": 0}]}]}]}, "Planning Time": 6.556, "Triggers": [], "Execution Time": 6055.003}]
q21#####[{"Plan": {"Node Type": "Aggregate", "Strategy": "Sorted", "Partial Mode": "Simple", "Parallel Aware": false, "Startup Cost": 262633.16, "Total Cost": 262633.44, "Plan Rows": 8, "Plan Width": 98, "Actual Startup Time": 2692.966, "Actual Total Time": 2694.339, "Actual Rows": 4, "Actual Loops": 1, "Output": ["n1.n_name", "n2.n_name", "(date_part('year'::text, (lineitem.l_shipdate)::timestamp without time zone))", "sum((lineitem.l_extendedprice * ('1'::numeric - lineitem.l_discount)))"], "Group Key": ["n1.n_name", "n2.n_name", "(date_part('year'::text, (lineitem.l_shipdate)::timestamp without time zone))"], "Plans": [{"Node Type": "Sort", "Parent Relationship": "Outer", "Parallel Aware": false, "Startup Cost": 262633.16, "Total Cost": 262633.18, "Plan Rows": 8, "Plan Width": 78, "Actual Startup Time": 2692.507, "Actual Total Time": 2692.794, "Actual Rows": 5950, "Actual Loops": 1, "Output": ["n1.n_name", "n2.n_name", "(date_part('year'::text, (lineitem.l_shipdate)::timestamp without time zone))", "lineitem.l_extendedprice", "lineitem.l_discount"], "Sort Key": ["n1.n_name", "n2.n_name", "(date_part('year'::text, (lineitem.l_shipdate)::timestamp without time zone))"], "Sort Method": "quicksort", "Sort Space Used": 657, "Sort Space Type": "Memory", "Plans": [{"Node Type": "Hash Join", "Parent Relationship": "Outer", "Parallel Aware": false, "Join Type": "Inner", "Startup Cost": 52936.46, "Total Cost": 262633.04, "Plan Rows": 8, "Plan Width": 78, "Actual Startup Time": 594.674, "Actual Total Time": 2685.86, "Actual Rows": 5950, "Actual Loops": 1, "Output": ["n1.n_name", "n2.n_name", "date_part('year'::text, (lineitem.l_shipdate)::timestamp without time zone)", "lineitem.l_extendedprice", "lineitem.l_discount"], "Inner Unique": false, "Hash Cond": "(lineitem.l_orderkey = orders.o_orderkey)", "Join Filter": "((((n1.n_name)::text = 'MOZAMBIQUE'::text) AND ((n2.n_name)::text = 'GERMANY'::text)) OR (((n1.n_name)::text = 'GERMANY'::text) AND ((n2.n_name)::text = 'MOZAMBIQUE'::text)))", "Rows Removed by Join Filter": 5885, "Plans": [{"Node Type": "Hash Join", "Parent Relationship": "Outer", "Parallel Aware": false, "Join Type": "Inner", "Startup Cost": 367.41, "Total Cost": 209992.58, "Plan Rows": 18088, "Plan Width": 49, "Actual Startup Time": 9.982, "Actual Total Time": 1948.607, "Actual Rows": 147298, "Actual Loops": 1, "Output": ["lineitem.l_shipdate", "lineitem.l_extendedprice", "lineitem.l_discount", "lineitem.l_orderkey", "n1.n_name"], "Inner Unique": false, "Hash Cond": "(lineitem.l_suppkey = supplier.s_suppkey)", "Plans": [{"Node Type": "Seq Scan", "Parent Relationship": "Outer", "Parallel Aware": false, "Relation Name": "lineitem", "Schema": "public", "Alias": "lineitem", "Startup Cost": 0.0, "Total Cost": 202524.24, "Plan Rows": 1845366, "Plan Width": 24, "Actual Startup Time": 0.063, "Actual Total Time": 1691.379, "Actual Rows": 1828450, "Actual Loops": 1, "Output": ["lineitem.l_orderkey", "lineitem.l_partkey", "lineitem.l_suppkey", "lineitem.l_linenumber", "lineitem.l_quantity", "lineitem.l_extendedprice", "lineitem.l_discount", "lineitem.l_tax", "lineitem.l_returnflag", "lineitem.l_linestatus", "lineitem.l_shipdate", "lineitem.l_commitdate", "lineitem.l_receiptdate", "lineitem.l_shipinstruct", "lineitem.l_shipmode", "lineitem.l_comment"], "Filter": "((lineitem.l_shipdate >= '1995-01-01'::date) AND (lineitem.l_shipdate <= '1996-12-31'::date))", "Rows Removed by Filter": 4172765}, {"Node Type": "Hash", "Parent Relationship": "Inner", "Parallel Aware": false, "Startup Cost": 366.18, "Total Cost": 366.18, "Plan Rows": 98, "Plan Width": 33, "Actual Startup Time": 9.891, "Actual Total Time": 9.908, "Actual Rows": 802, "Actual Loops": 1, "Output": ["supplier.s_suppkey", "n1.n_name"], "Hash Buckets": 1024, "Original Hash Buckets": 1024, "Hash Batches": 1, "Original Hash Batches": 1, "Peak Memory Usage": 44, "Plans": [{"Node Type": "Hash Join", "Parent Relationship": "Outer", "Parallel Aware": false, "Join Type": "Inner", "Startup Cost": 17.71, "Total Cost": 366.18, "Plan Rows": 98, "Plan Width": 33, "Actual Startup Time": 0.05, "Actual Total Time": 9.726, "Actual Rows": 802, "Actual Loops": 1, "Output": ["supplier.s_suppkey", "n1.n_name"], "Inner Unique": true, "Hash Cond": "(supplier.s_nationkey = n1.n_nationkey)", "Plans": [{"Node Type": "Seq Scan", "Parent Relationship": "Outer", "Parallel Aware": false, "Relation Name": "supplier", "Schema": "public", "Alias": "supplier", "Startup Cost": 0.0, "Total Cost": 322.0, "Plan Rows": 10000, "Plan Width": 8, "Actual Startup Time": 0.035, "Actual Total Time": 8.805, "Actual Rows": 10000, "Actual Loops": 1, "Output": ["supplier.s_suppkey", "supplier.s_name", "supplier.s_address", "supplier.s_nationkey", "supplier.s_phone", "supplier.s_acctbal", "supplier.s_comment"]}, {"Node Type": "Hash", "Parent Relationship": "Inner", "Parallel Aware": false, "Startup Cost": 17.65, "Total Cost": 17.65, "Plan Rows": 5, "Plan Width": 33, "Actual Startup Time": 0.007, "Actual Total Time": 0.01, "Actual Rows": 2, "Actual Loops": 1, "Output": ["n1.n_name", "n1.n_nationkey"], "Hash Buckets": 1024, "Original Hash Buckets": 1024, "Hash Batches": 1, "Original Hash Batches": 1, "Peak Memory Usage": 9, "Plans": [{"Node Type": "Seq Scan", "Parent Relationship": "Outer", "Parallel Aware": false, "Relation Name": "nation", "Schema": "public", "Alias": "n1", "Startup Cost": 0.0, "Total Cost": 17.65, "Plan Rows": 5, "Plan Width": 33, "Actual Startup Time": 0.004, "Actual Total Time": 0.007, "Actual Rows": 2, "Actual Loops": 1, "Output": ["n1.n_name", "n1.n_nationkey"], "Filter": "(((n1.n_name)::text = 'MOZAMBIQUE'::text) OR ((n1.n_name)::text = 'GERMANY'::text))", "Rows Removed by Filter": 23}]}]}]}]}, {"Node Type": "Hash", "Parent Relationship": "Inner", "Parallel Aware": false, "Startup Cost": 52385.22, "Total Cost": 52385.22, "Plan Rows": 14706, "Plan Width": 33, "Actual Startup Time": 580.337, "Actual Total Time": 580.371, "Actual Rows": 120991, "Actual Loops": 1, "Output": ["orders.o_orderkey", "n2.n_name"], "Hash Buckets": 131072, "Original Hash Buckets": 16384, "Hash Batches": 2, "Original Hash Batches": 1, "Peak Memory Usage": 3719, "Plans": [{"Node Type": "Hash Join", "Parent Relationship": "Outer", "Parallel Aware": false, "Join Type": "Inner", "Startup Cost": 5518.12, "Total Cost": 52385.22, "Plan Rows": 14706, "Plan Width": 33, "Actual Startup Time": 86.923, "Actual Total Time": 549.612, "Actual Rows": 120991, "Actual Loops": 1, "Output": ["orders.o_orderkey", "n2.n_name"], "Inner Unique": false, "Hash Cond": "(orders.o_custkey = customer.c_custkey)", "Plans": [{"Node Type": "Seq Scan", "Parent Relationship": "Outer", "Parallel Aware": false, "Relation Name": "orders", "Schema": "public", "Alias": "orders", "Startup Cost": 0.0, "Total Cost": 41095.0, "Plan Rows": 1500000, "Plan Width": 8, "Actual Startup Time": 0.01, "Actual Total Time": 265.934, "Actual Rows": 1500000, "Actual Loops": 1, "Output": ["orders.o_orderkey", "orders.o_custkey", "orders.o_orderstatus", "orders.o_totalprice", "orders.o_orderdate", "orders.o_orderpriority", "orders.o_clerk", "orders.o_shippriority", "orders.o_comment"]}, {"Node Type": "Hash", "Parent Relationship": "Inner", "Parallel Aware": false, "Startup Cost": 5499.73, "Total Cost": 5499.73, "Plan Rows": 1471, "Plan Width": 33, "Actual Startup Time": 86.862, "Actual Total Time": 86.882, "Actual Rows": 11882, "Actual Loops": 1, "Output": ["customer.c_custkey", "n2.n_name"], "Hash Buckets": 16384, "Original Hash Buckets": 2048, "Hash Batches": 1, "Original Hash Batches": 1, "Peak Memory Usage": 657, "Plans": [{"Node Type": "Hash Join", "Parent Relationship": "Outer", "Parallel Aware": false, "Join Type": "Inner", "Startup Cost": 17.71, "Total Cost": 5499.73, "Plan Rows": 1471, "Plan Width": 33, "Actual Startup Time": 0.145, "Actual Total Time": 84.232, "Actual Rows": 11882, "Actual Loops": 1, "Output": ["customer.c_custkey", "n2.n_name"], "Inner Unique": true, "Hash Cond": "(customer.c_nationkey = n2.n_nationkey)", "Plans": [{"Node Type": "Seq Scan", "Parent Relationship": "Outer", "Parallel Aware": false, "Relation Name": "customer", "Schema": "public", "Alias": "customer", "Startup Cost": 0.0, "Total Cost": 5085.0, "Plan Rows": 150000, "Plan Width": 8, "Actual Startup Time": 0.039, "Actual Total Time": 11.583, "Actual Rows": 150000, "Actual Loops": 1, "Output": ["customer.c_custkey", "customer.c_name", "customer.c_address", "customer.c_nationkey", "customer.c_phone", "customer.c_acctbal", "customer.c_mktsegment", "customer.c_comment"]}, {"Node Type": "Hash", "Parent Relationship": "Inner", "Parallel Aware": false, "Startup Cost": 17.65, "Total Cost": 17.65, "Plan Rows": 5, "Plan Width": 33, "Actual Startup Time": 0.027, "Actual Total Time": 0.03, "Actual Rows": 2, "Actual Loops": 1, "Output": ["n2.n_name", "n2.n_nationkey"], "Hash Buckets": 1024, "Original Hash Buckets": 1024, "Hash Batches": 1, "Original Hash Batches": 1, "Peak Memory Usage": 9, "Plans": [{"Node Type": "Seq Scan", "Parent Relationship": "Outer", "Parallel Aware": false, "Relation Name": "nation", "Schema": "public", "Alias": "n2", "Startup Cost": 0.0, "Total Cost": 17.65, "Plan Rows": 5, "Plan Width": 33, "Actual Startup Time": 0.012, "Actual Total Time": 0.014, "Actual Rows": 2, "Actual Loops": 1, "Output": ["n2.n_name", "n2.n_nationkey"], "Filter": "(((n2.n_name)::text = 'GERMANY'::text) OR ((n2.n_name)::text = 'MOZAMBIQUE'::text))", "Rows Removed by Filter": 23}]}]}]}]}]}]}]}]}, "Planning Time": 1.517, "Triggers": [], "Execution Time": 2695.35}]
q22#####[{"Plan": {"Node Type": "Aggregate", "Strategy": "Sorted", "Partial Mode": "Simple", "Parallel Aware": false, "Startup Cost": 261775.31, "Total Cost": 261778.42, "Plan Rows": 69, "Plan Width": 40, "Actual Startup Time": 2735.406, "Actual Total Time": 2735.807, "Actual Rows": 2, "Actual Loops": 1, "Output": ["(date_part('year'::text, (orders.o_orderdate)::timestamp without time zone))", "(sum(CASE WHEN ((n2.n_name)::text = 'CANADA'::text) THEN (lineitem.l_extendedprice * ('1'::numeric - lineitem.l_discount)) ELSE '0'::numeric END) / sum((lineitem.l_extendedprice * ('1'::numeric - lineitem.l_discount))))"], "Group Key": ["(date_part('year'::text, (orders.o_orderdate)::timestamp without time zone))"], "Plans": [{"Node Type": "Sort", "Parent Relationship": "Outer", "Parallel Aware": false, "Startup Cost": 261775.31, "Total Cost": 261775.49, "Plan Rows": 69, "Plan Width": 49, "Actual Startup Time": 2734.965, "Actual Total Time": 2735.138, "Actual Rows": 2592, "Actual Loops": 1, "Output": ["(date_part('year'::text, (orders.o_orderdate)::timestamp without time zone))", "n2.n_name", "lineitem.l_extendedprice", "lineitem.l_discount"], "Sort Key": ["(date_part('year'::text, (orders.o_orderdate)::timestamp without time zone))"], "Sort Method": "quicksort", "Sort Space Used": 299, "Sort Space Type": "Memory", "Plans": [{"Node Type": "Hash Join", "Parent Relationship": "Outer", "Parallel Aware": false, "Join Type": "Inner", "Startup Cost": 210685.06, "Total Cost": 261773.21, "Plan Rows": 69, "Plan Width": 49, "Actual Startup Time": 2220.828, "Actual Total Time": 2733.75, "Actual Rows": 2592, "Actual Loops": 1, "Output": ["date_part('year'::text, (orders.o_orderdate)::timestamp without time zone)", "n2.n_name", "lineitem.l_extendedprice", "lineitem.l_discount"], "Inner Unique": false, "Hash Cond": "(orders.o_custkey = customer.c_custkey)", "Plans": [{"Node Type": "Hash Join", "Parent Relationship": "Outer", "Parallel Aware": false, "Join Type": "Inner", "Startup Cost": 203576.46, "Total Cost": 253978.45, "Plan Rows": 11960, "Plan Width": 49, "Actual Startup Time": 2089.528, "Actual Total Time": 2592.788, "Actual Rows": 13144, "Actual Loops": 1, "Output": ["lineitem.l_extendedprice", "lineitem.l_discount", "orders.o_orderdate", "orders.o_custkey", "n2.n_name"], "Inner Unique": false, "Hash Cond": "(orders.o_orderkey = lineitem.l_orderkey)", "Plans": [{"Node Type": "Seq Scan", "Parent Relationship": "Outer", "Parallel Aware": false, "Relation Name": "orders", "Schema": "public", "Alias": "orders", "Startup Cost": 0.0, "Total Cost": 48595.0, "Plan Rows": 449969, "Plan Width": 12, "Actual Startup Time": 0.054, "Actual Total Time": 417.892, "Actual Rows": 457263, "Actual Loops": 1, "Output": ["orders.o_orderkey", "orders.o_custkey", "orders.o_orderstatus", "orders.o_totalprice", "orders.o_orderdate", "orders.o_orderpriority", "orders.o_clerk", "orders.o_shippriority", "orders.o_comment"], "Filter": "((orders.o_orderdate >= '1995-01-01'::date) AND (orders.o_orderdate <= '1996-12-31'::date))", "Rows Removed by Filter": 1042737}, {"Node Type": "Hash", "Parent Relationship": "Inner", "Parallel Aware": false, "Startup Cost": 203078.08, "Total Cost": 203078.08, "Plan Rows": 39871, "Plan Width": 45, "Actual Startup Time": 2088.406, "Actual Total Time": 2088.442, "Actual Rows": 42613, "Actual Loops": 1, "Output": ["lineitem.l_extendedprice", "lineitem.l_discount", "lineitem.l_orderkey", "n2.n_name"], "Hash Buckets": 65536, "Original Hash Buckets": 65536, "Hash Batches": 1, "Original Hash Batches": 1, "Peak Memory Usage": 2972, "Plans": [{"Node Type": "Hash Join", "Parent Relationship": "Outer", "Parallel Aware": false, "Join Type": "Inner", "Startup Cost": 7108.56, "Total Cost": 203078.08, "Plan Rows": 39871, "Plan Width": 45, "Actual Startup Time": 82.056, "Actual Total Time": 2070.492, "Actual Rows": 42613, "Actual Loops": 1, "Output": ["lineitem.l_extendedprice", "lineitem.l_discount", "lineitem.l_orderkey", "n2.n_name"], "Inner Unique": false, "Hash Cond": "(lineitem.l_suppkey = supplier.s_suppkey)", "Plans": [{"Node Type": "Hash Join", "Parent Relationship": "Outer", "Parallel Aware": false, "Join Type": "Inner", "Startup Cost": 6613.61, "Total Cost": 202034.87, "Plan Rows": 39879, "Plan Width": 20, "Actual Startup Time": 76.432, "Actual Total Time": 2041.477, "Actual Rows": 42613, "Actual Loops": 1, "Output": ["lineitem.l_extendedprice", "lineitem.l_discount", "lineitem.l_suppkey", "lineitem.l_orderkey"], "Inner Unique": false, "Hash Cond": "(lineitem.l_partkey = part.p_partkey)", "Plans": [{"Node Type": "Seq Scan", "Parent Relationship": "Outer", "Parallel Aware": false, "Relation Name": "lineitem", "Schema": "public", "Alias": "lineitem", "Startup Cost": 0.0, "Total Cost": 172517.16, "Plan Rows": 6001416, "Plan Width": 24, "Actual Startup Time": 0.018, "Actual Total Time": 1487.055, "Actual Rows": 6001215, "Actual Loops": 1, "Output": ["lineitem.l_orderkey", "lineitem.l_partkey", "lineitem.l_suppkey", "lineitem.l_linenumber", "lineitem.l_quantity", "lineitem.l_extendedprice", "lineitem.l_discount", "lineitem.l_tax", "lineitem.l_returnflag", "lineitem.l_linestatus", "lineitem.l_shipdate", "lineitem.l_commitdate", "lineitem.l_receiptdate", "lineitem.l_shipinstruct", "lineitem.l_shipmode", "lineitem.l_comment"]}, {"Node Type": "Hash", "Parent Relationship": "Inner", "Parallel Aware": false, "Startup Cost": 6597.0, "Total Cost": 6597.0, "Plan Rows": 1329, "Plan Width": 4, "Actual Startup Time": 76.364, "Actual Total Time": 76.365, "Actual Rows": 1415, "Actual Loops": 1, "Output": ["part.p_partkey"], "Hash Buckets": 2048, "Original Hash Buckets": 2048, "Hash Batches": 1, "Original Hash Batches": 1, "Peak Memory Usage": 66, "Plans": [{"Node Type": "Seq Scan", "Parent Relationship": "Outer", "Parallel Aware": false, "Relation Name": "part", "Schema": "public", "Alias": "part", "Startup Cost": 0.0, "Total Cost": 6597.0, "Plan Rows": 1329, "Plan Width": 4, "Actual Startup Time": 0.055, "Actual Total Time": 75.44, "Actual Rows": 1415, "Actual Loops": 1, "Output": ["part.p_partkey"], "Filter": "((part.p_type)::text = 'LARGE PLATED BRASS'::text)", "Rows Removed by Filter": 198585}]}]}, {"Node Type": "Hash", "Parent Relationship": "Inner", "Parallel Aware": false, "Startup Cost": 369.95, "Total Cost": 369.95, "Plan Rows": 10000, "Plan Width": 33, "Actual Startup Time": 5.456, "Actual Total Time": 5.471, "Actual Rows": 10000, "Actual Loops": 1, "Output": ["supplier.s_suppkey", "n2.n_name"], "Hash Buckets": 16384, "Original Hash Buckets": 16384, "Hash Batches": 1, "Original Hash Batches": 1, "Peak Memory Usage": 559, "Plans": [{"Node Type": "Hash Join", "Parent Relationship": "Outer", "Parallel Aware": false, "Join Type": "Inner", "Startup Cost": 21.48, "Total Cost": 369.95, "Plan Rows": 10000, "Plan Width": 33, "Actual Startup Time": 0.143, "Actual Total Time": 3.772, "Actual Rows": 10000, "Actual Loops": 1, "Output": ["supplier.s_suppkey", "n2.n_name"], "Inner Unique": true, "Hash Cond": "(supplier.s_nationkey = n2.n_nationkey)", "Plans": [{"Node Type": "Seq Scan", "Parent Relationship": "Outer", "Parallel Aware": false, "Relation Name": "supplier", "Schema": "public", "Alias": "supplier", "Startup Cost": 0.0, "Total Cost": 322.0, "Plan Rows": 10000, "Plan Width": 8, "Actual Startup Time": 0.045, "Actual Total Time": 1.313, "Actual Rows": 10000, "Actual Loops": 1, "Output": ["supplier.s_suppkey", "supplier.s_name", "supplier.s_address", "supplier.s_nationkey", "supplier.s_phone", "supplier.s_acctbal", "supplier.s_comment"]}, {"Node Type": "Hash", "Parent Relationship": "Inner", "Parallel Aware": false, "Startup Cost": 15.1, "Total Cost": 15.1, "Plan Rows": 510, "Plan Width": 33, "Actual Startup Time": 0.066, "Actual Total Time": 0.068, "Actual Rows": 25, "Actual Loops": 1, "Output": ["n2.n_name", "n2.n_nationkey"], "Hash Buckets": 1024, "Original Hash Buckets": 1024, "Hash Batches": 1, "Original Hash Batches": 1, "Peak Memory Usage": 10, "Plans": [{"Node Type": "Seq Scan", "Parent Relationship": "Outer", "Parallel Aware": false, "Relation Name": "nation", "Schema": "public", "Alias": "n2", "Startup Cost": 0.0, "Total Cost": 15.1, "Plan Rows": 510, "Plan Width": 33, "Actual Startup Time": 0.027, "Actual Total Time": 0.035, "Actual Rows": 25, "Actual Loops": 1, "Output": ["n2.n_name", "n2.n_nationkey"]}]}]}]}]}]}]}, {"Node Type": "Hash", "Parent Relationship": "Inner", "Parallel Aware": false, "Startup Cost": 5689.34, "Total Cost": 5689.34, "Plan Rows": 86500, "Plan Width": 4, "Actual Startup Time": 129.378, "Actual Total Time": 129.388, "Actual Rows": 29952, "Actual Loops": 1, "Output": ["customer.c_custkey"], "Hash Buckets": 131072, "Original Hash Buckets": 131072, "Hash Batches": 2, "Original Hash Batches": 2, "Peak Memory Usage": 1551, "Plans": [{"Node Type": "Hash Join", "Parent Relationship": "Outer", "Parallel Aware": false, "Join Type": "Inner", "Startup Cost": 33.02, "Total Cost": 5689.34, "Plan Rows": 86500, "Plan Width": 4, "Actual Startup Time": 0.532, "Actual Total Time": 108.753, "Actual Rows": 29952, "Actual Loops": 1, "Output": ["customer.c_custkey"], "Inner Unique": false, "Hash Cond": "(customer.c_nationkey = n1.n_nationkey)", "Plans": [{"Node Type": "Seq Scan", "Parent Relationship": "Outer", "Parallel Aware": false, "Relation Name": "customer", "Schema": "public", "Alias": "customer", "Startup Cost": 0.0, "Total Cost": 5085.0, "Plan Rows": 150000, "Plan Width": 8, "Actual Startup Time": 0.033, "Actual Total Time": 23.64, "Actual Rows": 150000, "Actual Loops": 1, "Output": ["customer.c_custkey", "customer.c_name", "customer.c_address", "customer.c_nationkey", "customer.c_phone", "customer.c_acctbal", "customer.c_mktsegment", "customer.c_comment"]}, {"Node Type": "Hash", "Parent Relationship": "Inner", "Parallel Aware": false, "Startup Cost": 32.99, "Total Cost": 32.99, "Plan Rows": 3, "Plan Width": 4, "Actual Startup Time": 0.493, "Actual Total Time": 0.496, "Actual Rows": 5, "Actual Loops": 1, "Output": ["n1.n_nationkey"], "Hash Buckets": 1024, "Original Hash Buckets": 1024, "Hash Batches": 1, "Original Hash Batches": 1, "Peak Memory Usage": 9, "Plans": [{"Node Type": "Hash Join", "Parent Relationship": "Outer", "Parallel Aware": false, "Join Type": "Inner", "Startup Cost": 16.54, "Total Cost": 32.99, "Plan Rows": 3, "Plan Width": 4, "Actual Startup Time": 0.489, "Actual Total Time": 0.492, "Actual Rows": 5, "Actual Loops": 1, "Output": ["n1.n_nationkey"], "Inner Unique": true, "Hash Cond": "(n1.n_regionkey = region.r_regionkey)", "Plans": [{"Node Type": "Seq Scan", "Parent Relationship": "Outer", "Parallel Aware": false, "Relation Name": "nation", "Schema": "public", "Alias": "n1", "Startup Cost": 0.0, "Total Cost": 15.1, "Plan Rows": 510, "Plan Width": 8, "Actual Startup Time": 0.424, "Actual Total Time": 0.425, "Actual Rows": 25, "Actual Loops": 1, "Output": ["n1.n_nationkey", "n1.n_name", "n1.n_regionkey", "n1.n_comment"]}, {"Node Type": "Hash", "Parent Relationship": "Inner", "Parallel Aware": false, "Startup Cost": 16.5, "Total Cost": 16.5, "Plan Rows": 3, "Plan Width": 4, "Actual Startup Time": 0.055, "Actual Total Time": 0.056, "Actual Rows": 1, "Actual Loops": 1, "Output": ["region.r_regionkey"], "Hash Buckets": 1024, "Original Hash Buckets": 1024, "Hash Batches": 1, "Original Hash Batches": 1, "Peak Memory Usage": 9, "Plans": [{"Node Type": "Seq Scan", "Parent Relationship": "Outer", "Parallel Aware": false, "Relation Name": "region", "Schema": "public", "Alias": "region", "Startup Cost": 0.0, "Total Cost": 16.5, "Plan Rows": 3, "Plan Width": 4, "Actual Startup Time": 0.051, "Actual Total Time": 0.052, "Actual Rows": 1, "Actual Loops": 1, "Output": ["region.r_regionkey"], "Filter": "((region.r_name)::text = 'AMERICA'::text)", "Rows Removed by Filter": 4}]}]}]}]}]}]}]}]}, "Planning Time": 5.101, "Triggers": [], "Execution Time": 2736.413}]
