q1#####[{"Plan": {"Node Type": "Aggregate", "Strategy": "Sorted", "Partial Mode": "Simple", "Parallel Aware": false, "Startup Cost": 262594.54, "Total Cost": 262594.82, "Plan Rows": 8, "Plan Width": 98, "Actual Startup Time": 19567.83, "Actual Total Time": 19571.76, "Actual Rows": 4, "Actual Loops": 1, "Output": ["n1.n_name", "n2.n_name", "(date_part('year'::text, (lineitem.l_shipdate)::timestamp without time zone))", "sum((lineitem.l_extendedprice * ('1'::numeric - lineitem.l_discount)))"], "Group Key": ["n1.n_name", "n2.n_name", "(date_part('year'::text, (lineitem.l_shipdate)::timestamp without time zone))"], "Plans": [{"Node Type": "Sort", "Parent Relationship": "Outer", "Parallel Aware": false, "Startup Cost": 262594.54, "Total Cost": 262594.56, "Plan Rows": 8, "Plan Width": 78, "Actual Startup Time": 19567.447, "Actual Total Time": 19570.123, "Actual Rows": 5935, "Actual Loops": 1, "Output": ["n1.n_name", "n2.n_name", "(date_part('year'::text, (lineitem.l_shipdate)::timestamp without time zone))", "lineitem.l_extendedprice", "lineitem.l_discount"], "Sort Key": ["n1.n_name", "n2.n_name", "(date_part('year'::text, (lineitem.l_shipdate)::timestamp without time zone))"], "Sort Method": "quicksort", "Sort Space Used": 656, "Sort Space Type": "Memory", "Plans": [{"Node Type": "Hash Join", "Parent Relationship": "Outer", "Parallel Aware": false, "Join Type": "Inner", "Startup Cost": 52933.46, "Total Cost": 262594.42, "Plan Rows": 8, "Plan Width": 78, "Actual Startup Time": 7868.828, "Actual Total Time": 19553.663, "Actual Rows": 5935, "Actual Loops": 1, "Output": ["n1.n_name", "n2.n_name", "date_part('year'::text, (lineitem.l_shipdate)::timestamp without time zone)", "lineitem.l_extendedprice", "lineitem.l_discount"], "Inner Unique": false, "Hash Cond": "(lineitem.l_orderkey = orders.o_orderkey)", "Join Filter": "((((n1.n_name)::text = 'ALGERIA'::text) AND ((n2.n_name)::text = 'SAUDI ARABIA'::text)) OR (((n1.n_name)::text = 'SAUDI ARABIA'::text) AND ((n2.n_name)::text = 'ALGERIA'::text)))", "Rows Removed by Join Filter": 5989, "Plans": [{"Node Type": "Hash Join", "Parent Relationship": "Outer", "Parallel Aware": false, "Join Type": "Inner", "Startup Cost": 367.41, "Total Cost": 209957.03, "Plan Rows": 18072, "Plan Width": 49, "Actual Startup Time": 109.633, "Actual Total Time": 11311.068, "Actual Rows": 152174, "Actual Loops": 1, "Output": ["lineitem.l_shipdate", "lineitem.l_extendedprice", "lineitem.l_discount", "lineitem.l_orderkey", "n1.n_name"], "Inner Unique": false, "Hash Cond": "(lineitem.l_suppkey = supplier.s_suppkey)", "Plans": [{"Node Type": "Seq Scan", "Parent Relationship": "Outer", "Parallel Aware": false, "Relation Name": "lineitem", "Schema": "public", "Alias": "lineitem", "Startup Cost": 0.0, "Total Cost": 202484.64, "Plan Rows": 1846489, "Plan Width": 24, "Actual Startup Time": 3.631, "Actual Total Time": 10868.225, "Actual Rows": 1827668, "Actual Loops": 1, "Output": ["lineitem.l_orderkey", "lineitem.l_partkey", "lineitem.l_suppkey", "lineitem.l_linenumber", "lineitem.l_quantity", "lineitem.l_extendedprice", "lineitem.l_discount", "lineitem.l_tax", "lineitem.l_returnflag", "lineitem.l_linestatus", "lineitem.l_shipdate", "lineitem.l_commitdate", "lineitem.l_receiptdate", "lineitem.l_shipinstruct", "lineitem.l_shipmode", "lineitem.l_comment"], "Filter": "((lineitem.l_shipdate >= '1995-01-01'::date) AND (lineitem.l_shipdate <= '1996-12-31'::date))", "Rows Removed by Filter": 4172335}, {"Node Type": "Hash", "Parent Relationship": "Inner", "Parallel Aware": false, "Startup Cost": 366.18, "Total Cost": 366.18, "Plan Rows": 98, "Plan Width": 33, "Actual Startup Time": 105.919, "Actual Total Time": 105.959, "Actual Rows": 831, "Actual Loops": 1, "Output": ["supplier.s_suppkey", "n1.n_name"], "Hash Buckets": 1024, "Original Hash Buckets": 1024, "Hash Batches": 1, "Original Hash Batches": 1, "Peak Memory Usage": 46, "Plans": [{"Node Type": "Hash Join", "Parent Relationship": "Outer", "Parallel Aware": false, "Join Type": "Inner", "Startup Cost": 17.71, "Total Cost": 366.18, "Plan Rows": 98, "Plan Width": 33, "Actual Startup Time": 1.893, "Actual Total Time": 105.515, "Actual Rows": 831, "Actual Loops": 1, "Output": ["supplier.s_suppkey", "n1.n_name"], "Inner Unique": true, "Hash Cond": "(supplier.s_nationkey = n1.n_nationkey)", "Plans": [{"Node Type": "Seq Scan", "Parent Relationship": "Outer", "Parallel Aware": false, "Relation Name": "supplier", "Schema": "public", "Alias": "supplier", "Startup Cost": 0.0, "Total Cost": 322.0, "Plan Rows": 10000, "Plan Width": 8, "Actual Startup Time": 1.298, "Actual Total Time": 100.071, "Actual Rows": 10000, "Actual Loops": 1, "Output": ["supplier.s_suppkey", "supplier.s_name", "supplier.s_address", "supplier.s_nationkey", "supplier.s_phone", "supplier.s_acctbal", "supplier.s_comment"]}, {"Node Type": "Hash", "Parent Relationship": "Inner", "Parallel Aware": false, "Startup Cost": 17.65, "Total Cost": 17.65, "Plan Rows": 5, "Plan Width": 33, "Actual Startup Time": 0.585, "Actual Total Time": 0.594, "Actual Rows": 2, "Actual Loops": 1, "Output": ["n1.n_name", "n1.n_nationkey"], "Hash Buckets": 1024, "Original Hash Buckets": 1024, "Hash Batches": 1, "Original Hash Batches": 1, "Peak Memory Usage": 9, "Plans": [{"Node Type": "Seq Scan", "Parent Relationship": "Outer", "Parallel Aware": false, "Relation Name": "nation", "Schema": "public", "Alias": "n1", "Startup Cost": 0.0, "Total Cost": 17.65, "Plan Rows": 5, "Plan Width": 33, "Actual Startup Time": 0.579, "Actual Total Time": 0.582, "Actual Rows": 2, "Actual Loops": 1, "Output": ["n1.n_name", "n1.n_nationkey"], "Filter": "(((n1.n_name)::text = 'ALGERIA'::text) OR ((n1.n_name)::text = 'SAUDI ARABIA'::text))", "Rows Removed by Filter": 23}]}]}]}]}, {"Node Type": "Hash", "Parent Relationship": "Inner", "Parallel Aware": false, "Startup Cost": 52382.22, "Total Cost": 52382.22, "Plan Rows": 14706, "Plan Width": 33, "Actual Startup Time": 7732.579, "Actual Total Time": 7732.674, "Actual Rows": 117730, "Actual Loops": 1, "Output": ["orders.o_orderkey", "n2.n_name"], "Hash Buckets": 131072, "Original Hash Buckets": 16384, "Hash Batches": 2, "Original Hash Batches": 1, "Peak Memory Usage": 3696, "Plans": [{"Node Type": "Hash Join", "Parent Relationship": "Outer", "Parallel Aware": false, "Join Type": "Inner", "Startup Cost": 5518.12, "Total Cost": 52382.22, "Plan Rows": 14706, "Plan Width": 33, "Actual Startup Time": 1879.816, "Actual Total Time": 7383.637, "Actual Rows": 117730, "Actual Loops": 1, "Output": ["orders.o_orderkey", "n2.n_name"], "Inner Unique": false, "Hash Cond": "(orders.o_custkey = customer.c_custkey)", "Plans": [{"Node Type": "Seq Scan", "Parent Relationship": "Outer", "Parallel Aware": false, "Relation Name": "orders", "Schema": "public", "Alias": "orders", "Startup Cost": 0.0, "Total Cost": 41092.0, "Plan Rows": 1500000, "Plan Width": 8, "Actual Startup Time": 1.827, "Actual Total Time": 5146.713, "Actual Rows": 1500000, "Actual Loops": 1, "Output": ["orders.o_orderkey", "orders.o_custkey", "orders.o_orderstatus", "orders.o_totalprice", "orders.o_orderdate", "orders.o_orderpriority", "orders.o_clerk", "orders.o_shippriority", "orders.o_comment"]}, {"Node Type": "Hash", "Parent Relationship": "Inner", "Parallel Aware": false, "Startup Cost": 5499.73, "Total Cost": 5499.73, "Plan Rows": 1471, "Plan Width": 33, "Actual Startup Time": 1876.116, "Actual Total Time": 1876.197, "Actual Rows": 11829, "Actual Loops": 1, "Output": ["customer.c_custkey", "n2.n_name"], "Hash Buckets": 16384, "Original Hash Buckets": 2048, "Hash Batches": 1, "Original Hash Batches": 1, "Peak Memory Usage": 666, "Plans": [{"Node Type": "Hash Join", "Parent Relationship": "Outer", "Parallel Aware": false, "Join Type": "Inner", "Startup Cost": 17.71, "Total Cost": 5499.73, "Plan Rows": 1471, "Plan Width": 33, "Actual Startup Time": 2.854, "Actual Total Time": 1843.849, "Actual Rows": 11829, "Actual Loops": 1, "Output": ["customer.c_custkey", "n2.n_name"], "Inner Unique": true, "Hash Cond": "(customer.c_nationkey = n2.n_nationkey)", "Plans": [{"Node Type": "Seq Scan", "Parent Relationship": "Outer", "Parallel Aware": false, "Relation Name": "customer", "Schema": "public", "Alias": "customer", "Startup Cost": 0.0, "Total Cost": 5085.0, "Plan Rows": 150000, "Plan Width": 8, "Actual Startup Time": 2.62, "Actual Total Time": 1810.679, "Actual Rows": 150000, "Actual Loops": 1, "Output": ["customer.c_custkey", "customer.c_name", "customer.c_address", "customer.c_nationkey", "customer.c_phone", "customer.c_acctbal", "customer.c_mktsegment", "customer.c_comment"]}, {"Node Type": "Hash", "Parent Relationship": "Inner", "Parallel Aware": false, "Startup Cost": 17.65, "Total Cost": 17.65, "Plan Rows": 5, "Plan Width": 33, "Actual Startup Time": 0.201, "Actual Total Time": 0.261, "Actual Rows": 2, "Actual Loops": 1, "Output": ["n2.n_name", "n2.n_nationkey"], "Hash Buckets": 1024, "Original Hash Buckets": 1024, "Hash Batches": 1, "Original Hash Batches": 1, "Peak Memory Usage": 9, "Plans": [{"Node Type": "Seq Scan", "Parent Relationship": "Outer", "Parallel Aware": false, "Relation Name": "nation", "Schema": "public", "Alias": "n2", "Startup Cost": 0.0, "Total Cost": 17.65, "Plan Rows": 5, "Plan Width": 33, "Actual Startup Time": 0.011, "Actual Total Time": 0.062, "Actual Rows": 2, "Actual Loops": 1, "Output": ["n2.n_name", "n2.n_nationkey"], "Filter": "(((n2.n_name)::text = 'SAUDI ARABIA'::text) OR ((n2.n_name)::text = 'ALGERIA'::text))", "Rows Removed by Filter": 23}]}]}]}]}]}]}]}]}, "Planning Time": 0.824, "Triggers": [], "Execution Time": 19573.449}]
q3#####[{"Plan": {"Node Type": "Aggregate", "Strategy": "Sorted", "Partial Mode": "Simple", "Parallel Aware": false, "Startup Cost": 262594.54, "Total Cost": 262594.82, "Plan Rows": 8, "Plan Width": 98, "Actual Startup Time": 17281.448, "Actual Total Time": 17291.819, "Actual Rows": 4, "Actual Loops": 1, "Output": ["n1.n_name", "n2.n_name", "(date_part('year'::text, (lineitem.l_shipdate)::timestamp without time zone))", "sum((lineitem.l_extendedprice * ('1'::numeric - lineitem.l_discount)))"], "Group Key": ["n1.n_name", "n2.n_name", "(date_part('year'::text, (lineitem.l_shipdate)::timestamp without time zone))"], "Plans": [{"Node Type": "Sort", "Parent Relationship": "Outer", "Parallel Aware": false, "Startup Cost": 262594.54, "Total Cost": 262594.56, "Plan Rows": 8, "Plan Width": 78, "Actual Startup Time": 17281.07, "Actual Total Time": 17287.712, "Actual Rows": 6014, "Actual Loops": 1, "Output": ["n1.n_name", "n2.n_name", "(date_part('year'::text, (lineitem.l_shipdate)::timestamp without time zone))", "lineitem.l_extendedprice", "lineitem.l_discount"], "Sort Key": ["n1.n_name", "n2.n_name", "(date_part('year'::text, (lineitem.l_shipdate)::timestamp without time zone))"], "Sort Method": "quicksort", "Sort Space Used": 662, "Sort Space Type": "Memory", "Plans": [{"Node Type": "Hash Join", "Parent Relationship": "Outer", "Parallel Aware": false, "Join Type": "Inner", "Startup Cost": 52933.46, "Total Cost": 262594.42, "Plan Rows": 8, "Plan Width": 78, "Actual Startup Time": 5874.059, "Actual Total Time": 17248.272, "Actual Rows": 6014, "Actual Loops": 1, "Output": ["n1.n_name", "n2.n_name", "date_part('year'::text, (lineitem.l_shipdate)::timestamp without time zone)", "lineitem.l_extendedprice", "lineitem.l_discount"], "Inner Unique": false, "Hash Cond": "(lineitem.l_orderkey = orders.o_orderkey)", "Join Filter": "((((n1.n_name)::text = 'ALGERIA'::text) AND ((n2.n_name)::text = 'EGYPT'::text)) OR (((n1.n_name)::text = 'EGYPT'::text) AND ((n2.n_name)::text = 'ALGERIA'::text)))", "Rows Removed by Join Filter": 6077, "Plans": [{"Node Type": "Hash Join", "Parent Relationship": "Outer", "Parallel Aware": false, "Join Type": "Inner", "Startup Cost": 367.41, "Total Cost": 209957.03, "Plan Rows": 18072, "Plan Width": 49, "Actual Startup Time": 3.792, "Actual Total Time": 10940.612, "Actual Rows": 153129, "Actual Loops": 1, "Output": ["lineitem.l_shipdate", "lineitem.l_extendedprice", "lineitem.l_discount", "lineitem.l_orderkey", "n1.n_name"], "Inner Unique": false, "Hash Cond": "(lineitem.l_suppkey = supplier.s_suppkey)", "Plans": [{"Node Type": "Seq Scan", "Parent Relationship": "Outer", "Parallel Aware": false, "Relation Name": "lineitem", "Schema": "public", "Alias": "lineitem", "Startup Cost": 0.0, "Total Cost": 202484.64, "Plan Rows": 1846489, "Plan Width": 24, "Actual Startup Time": 0.02, "Actual Total Time": 10635.775, "Actual Rows": 1827668, "Actual Loops": 1, "Output": ["lineitem.l_orderkey", "lineitem.l_partkey", "lineitem.l_suppkey", "lineitem.l_linenumber", "lineitem.l_quantity", "lineitem.l_extendedprice", "lineitem.l_discount", "lineitem.l_tax", "lineitem.l_returnflag", "lineitem.l_linestatus", "lineitem.l_shipdate", "lineitem.l_commitdate", "lineitem.l_receiptdate", "lineitem.l_shipinstruct", "lineitem.l_shipmode", "lineitem.l_comment"], "Filter": "((lineitem.l_shipdate >= '1995-01-01'::date) AND (lineitem.l_shipdate <= '1996-12-31'::date))", "Rows Removed by Filter": 4172335}, {"Node Type": "Hash", "Parent Relationship": "Inner", "Parallel Aware": false, "Startup Cost": 366.18, "Total Cost": 366.18, "Plan Rows": 98, "Plan Width": 33, "Actual Startup Time": 3.75, "Actual Total Time": 3.754, "Actual Rows": 835, "Actual Loops": 1, "Output": ["supplier.s_suppkey", "n1.n_name"], "Hash Buckets": 1024, "Original Hash Buckets": 1024, "Hash Batches": 1, "Original Hash Batches": 1, "Peak Memory Usage": 44, "Plans": [{"Node Type": "Hash Join", "Parent Relationship": "Outer", "Parallel Aware": false, "Join Type": "Inner", "Startup Cost": 17.71, "Total Cost": 366.18, "Plan Rows": 98, "Plan Width": 33, "Actual Startup Time": 0.635, "Actual Total Time": 2.354, "Actual Rows": 835, "Actual Loops": 1, "Output": ["supplier.s_suppkey", "n1.n_name"], "Inner Unique": true, "Hash Cond": "(supplier.s_nationkey = n1.n_nationkey)", "Plans": [{"Node Type": "Seq Scan", "Parent Relationship": "Outer", "Parallel Aware": false, "Relation Name": "supplier", "Schema": "public", "Alias": "supplier", "Startup Cost": 0.0, "Total Cost": 322.0, "Plan Rows": 10000, "Plan Width": 8, "Actual Startup Time": 0.005, "Actual Total Time": 0.674, "Actual Rows": 10000, "Actual Loops": 1, "Output": ["supplier.s_suppkey", "supplier.s_name", "supplier.s_address", "supplier.s_nationkey", "supplier.s_phone", "supplier.s_acctbal", "supplier.s_comment"]}, {"Node Type": "Hash", "Parent Relationship": "Inner", "Parallel Aware": false, "Startup Cost": 17.65, "Total Cost": 17.65, "Plan Rows": 5, "Plan Width": 33, "Actual Startup Time": 0.616, "Actual Total Time": 0.617, "Actual Rows": 2, "Actual Loops": 1, "Output": ["n1.n_name", "n1.n_nationkey"], "Hash Buckets": 1024, "Original Hash Buckets": 1024, "Hash Batches": 1, "Original Hash Batches": 1, "Peak Memory Usage": 9, "Plans": [{"Node Type": "Seq Scan", "Parent Relationship": "Outer", "Parallel Aware": false, "Relation Name": "nation", "Schema": "public", "Alias": "n1", "Startup Cost": 0.0, "Total Cost": 17.65, "Plan Rows": 5, "Plan Width": 33, "Actual Startup Time": 0.009, "Actual Total Time": 0.011, "Actual Rows": 2, "Actual Loops": 1, "Output": ["n1.n_name", "n1.n_nationkey"], "Filter": "(((n1.n_name)::text = 'ALGERIA'::text) OR ((n1.n_name)::text = 'EGYPT'::text))", "Rows Removed by Filter": 23}]}]}]}]}, {"Node Type": "Hash", "Parent Relationship": "Inner", "Parallel Aware": false, "Startup Cost": 52382.22, "Total Cost": 52382.22, "Plan Rows": 14706, "Plan Width": 33, "Actual Startup Time": 5866.625, "Actual Total Time": 5866.65, "Actual Rows": 118964, "Actual Loops": 1, "Output": ["orders.o_orderkey", "n2.n_name"], "Hash Buckets": 131072, "Original Hash Buckets": 16384, "Hash Batches": 2, "Original Hash Batches": 1, "Peak Memory Usage": 3525, "Plans": [{"Node Type": "Hash Join", "Parent Relationship": "Outer", "Parallel Aware": false, "Join Type": "Inner", "Startup Cost": 5518.12, "Total Cost": 52382.22, "Plan Rows": 14706, "Plan Width": 33, "Actual Startup Time": 46.565, "Actual Total Time": 5642.85, "Actual Rows": 118964, "Actual Loops": 1, "Output": ["orders.o_orderkey", "n2.n_name"], "Inner Unique": false, "Hash Cond": "(orders.o_custkey = customer.c_custkey)", "Plans": [{"Node Type": "Seq Scan", "Parent Relationship": "Outer", "Parallel Aware": false, "Relation Name": "orders", "Schema": "public", "Alias": "orders", "Startup Cost": 0.0, "Total Cost": 41092.0, "Plan Rows": 1500000, "Plan Width": 8, "Actual Startup Time": 0.06, "Actual Total Time": 5231.825, "Actual Rows": 1500000, "Actual Loops": 1, "Output": ["orders.o_orderkey", "orders.o_custkey", "orders.o_orderstatus", "orders.o_totalprice", "orders.o_orderdate", "orders.o_orderpriority", "orders.o_clerk", "orders.o_shippriority", "orders.o_comment"]}, {"Node Type": "Hash", "Parent Relationship": "Inner", "Parallel Aware": false, "Startup Cost": 5499.73, "Total Cost": 5499.73, "Plan Rows": 1471, "Plan Width": 33, "Actual Startup Time": 45.858, "Actual Total Time": 45.871, "Actual Rows": 11920, "Actual Loops": 1, "Output": ["customer.c_custkey", "n2.n_name"], "Hash Buckets": 16384, "Original Hash Buckets": 2048, "Hash Batches": 1, "Original Hash Batches": 1, "Peak Memory Usage": 629, "Plans": [{"Node Type": "Hash Join", "Parent Relationship": "Outer", "Parallel Aware": false, "Join Type": "Inner", "Startup Cost": 17.71, "Total Cost": 5499.73, "Plan Rows": 1471, "Plan Width": 33, "Actual Startup Time": 0.67, "Actual Total Time": 25.4, "Actual Rows": 11920, "Actual Loops": 1, "Output": ["customer.c_custkey", "n2.n_name"], "Inner Unique": true, "Hash Cond": "(customer.c_nationkey = n2.n_nationkey)", "Plans": [{"Node Type": "Seq Scan", "Parent Relationship": "Outer", "Parallel Aware": false, "Relation Name": "customer", "Schema": "public", "Alias": "customer", "Startup Cost": 0.0, "Total Cost": 5085.0, "Plan Rows": 150000, "Plan Width": 8, "Actual Startup Time": 0.004, "Actual Total Time": 11.628, "Actual Rows": 150000, "Actual Loops": 1, "Output": ["customer.c_custkey", "customer.c_name", "customer.c_address", "customer.c_nationkey", "customer.c_phone", "customer.c_acctbal", "customer.c_mktsegment", "customer.c_comment"]}, {"Node Type": "Hash", "Parent Relationship": "Inner", "Parallel Aware": false, "Startup Cost": 17.65, "Total Cost": 17.65, "Plan Rows": 5, "Plan Width": 33, "Actual Startup Time": 0.012, "Actual Total Time": 0.017, "Actual Rows": 2, "Actual Loops": 1, "Output": ["n2.n_name", "n2.n_nationkey"], "Hash Buckets": 1024, "Original Hash Buckets": 1024, "Hash Batches": 1, "Original Hash Batches": 1, "Peak Memory Usage": 9, "Plans": [{"Node Type": "Seq Scan", "Parent Relationship": "Outer", "Parallel Aware": false, "Relation Name": "nation", "Schema": "public", "Alias": "n2", "Startup Cost": 0.0, "Total Cost": 17.65, "Plan Rows": 5, "Plan Width": 33, "Actual Startup Time": 0.006, "Actual Total Time": 0.007, "Actual Rows": 2, "Actual Loops": 1, "Output": ["n2.n_name", "n2.n_nationkey"], "Filter": "(((n2.n_name)::text = 'EGYPT'::text) OR ((n2.n_name)::text = 'ALGERIA'::text))", "Rows Removed by Filter": 23}]}]}]}]}]}]}]}]}, "Planning Time": 15.31, "Triggers": [], "Execution Time": 17296.975}]
q2#####[{"Plan": {"Node Type": "Sort", "Parallel Aware": false, "Startup Cost": 3218449.44, "Total Cost": 3232981.19, "Plan Rows": 5812700, "Plan Width": 205, "Actual Startup Time": 19865.706, "Actual Total Time": 19895.291, "Actual Rows": 38937, "Actual Loops": 1, "Output": ["customer.c_custkey", "customer.c_name", "(sum((lineitem.l_extendedprice * ('1'::numeric - lineitem.l_discount))))", "customer.c_acctbal", "nation.n_name", "customer.c_address", "customer.c_phone", "customer.c_comment"], "Sort Key": ["(sum((lineitem.l_extendedprice * ('1'::numeric - lineitem.l_discount)))) DESC"], "Sort Method": "external merge", "Sort Space Used": 6584, "Sort Space Type": "Disk", "Plans": [{"Node Type": "Aggregate", "Strategy": "Sorted", "Partial Mode": "Simple", "Parent Relationship": "Outer", "Parallel Aware": false, "Startup Cost": 278842.23, "Total Cost": 836881.01, "Plan Rows": 5812700, "Plan Width": 205, "Actual Startup Time": 18696.216, "Actual Total Time": 19733.064, "Actual Rows": 38937, "Actual Loops": 1, "Output": ["customer.c_custkey", "customer.c_name", "sum((lineitem.l_extendedprice * ('1'::numeric - lineitem.l_discount)))", "customer.c_acctbal", "nation.n_name", "customer.c_address", "customer.c_phone", "customer.c_comment"], "Group Key": ["customer.c_custkey", "customer.c_name", "customer.c_acctbal", "customer.c_phone", "nation.n_name", "customer.c_address", "customer.c_comment"], "Plans": [{"Node Type": "Incremental Sort", "Parent Relationship": "Outer", "Parallel Aware": false, "Startup Cost": 278842.23, "Total Cost": 618904.76, "Plan Rows": 5812700, "Plan Width": 185, "Actual Startup Time": 18696.172, "Actual Total Time": 19542.937, "Actual Rows": 115038, "Actual Loops": 1, "Output": ["customer.c_custkey", "customer.c_name", "customer.c_acctbal", "nation.n_name", "customer.c_address", "customer.c_phone", "customer.c_comment", "lineitem.l_extendedprice", "lineitem.l_discount"], "Sort Key": ["customer.c_custkey", "customer.c_name", "customer.c_acctbal", "customer.c_phone", "nation.n_name", "customer.c_address", "customer.c_comment"], "Presorted Key": ["customer.c_custkey"], "Full-sort Groups": {"Group Count": 3422, "Sort Methods Used": ["quicksort"], "Sort Space Memory": {"Average Sort Space Used": 33, "Peak Sort Space Used": 33}}, "Plans": [{"Node Type": "Merge Join", "Parent Relationship": "Outer", "Parallel Aware": false, "Join Type": "Inner", "Startup Cost": 278840.52, "Total Cost": 280462.42, "Plan Rows": 5812700, "Plan Width": 185, "Actual Startup Time": 18694.195, "Actual Total Time": 19435.581, "Actual Rows": 115038, "Actual Loops": 1, "Output": ["customer.c_custkey", "customer.c_name", "customer.c_acctbal", "nation.n_name", "customer.c_address", "customer.c_phone", "customer.c_comment", "lineitem.l_extendedprice", "lineitem.l_discount"], "Inner Unique": false, "Merge Cond": "(customer.c_custkey = orders.o_custkey)", "Plans": [{"Node Type": "Sort", "Parent Relationship": "Outer", "Parallel Aware": false, "Startup Cost": 31219.95, "Total Cost": 31594.95, "Plan Rows": 150000, "Plan Width": 173, "Actual Startup Time": 1321.375, "Actual Total Time": 1950.19, "Actual Rows": 150000, "Actual Loops": 1, "Output": ["customer.c_custkey", "customer.c_name", "customer.c_acctbal", "customer.c_address", "customer.c_phone", "customer.c_comment", "nation.n_name"], "Sort Key": ["customer.c_custkey"], "Sort Method": "external merge", "Sort Space Used": 24056, "Sort Space Type": "Disk", "Plans": [{"Node Type": "Hash Join", "Parent Relationship": "Outer", "Parallel Aware": false, "Join Type": "Inner", "Startup Cost": 21.48, "Total Cost": 5503.5, "Plan Rows": 150000, "Plan Width": 173, "Actual Startup Time": 1.133, "Actual Total Time": 418.957, "Actual Rows": 150000, "Actual Loops": 1, "Output": ["customer.c_custkey", "customer.c_name", "customer.c_acctbal", "customer.c_address", "customer.c_phone", "customer.c_comment", "nation.n_name"], "Inner Unique": true, "Hash Cond": "(customer.c_nationkey = nation.n_nationkey)", "Plans": [{"Node Type": "Seq Scan", "Parent Relationship": "Outer", "Parallel Aware": false, "Relation Name": "customer", "Schema": "public", "Alias": "customer", "Startup Cost": 0.0, "Total Cost": 5085.0, "Plan Rows": 150000, "Plan Width": 148, "Actual Startup Time": 0.013, "Actual Total Time": 376.255, "Actual Rows": 150000, "Actual Loops": 1, "Output": ["customer.c_custkey", "customer.c_name", "customer.c_address", "customer.c_nationkey", "customer.c_phone", "customer.c_acctbal", "customer.c_mktsegment", "customer.c_comment"]}, {"Node Type": "Hash", "Parent Relationship": "Inner", "Parallel Aware": false, "Startup Cost": 15.1, "Total Cost": 15.1, "Plan Rows": 510, "Plan Width": 33, "Actual Startup Time": 0.017, "Actual Total Time": 0.029, "Actual Rows": 25, "Actual Loops": 1, "Output": ["nation.n_name", "nation.n_nationkey"], "Hash Buckets": 1024, "Original Hash Buckets": 1024, "Hash Batches": 1, "Original Hash Batches": 1, "Peak Memory Usage": 10, "Plans": [{"Node Type": "Seq Scan", "Parent Relationship": "Outer", "Parallel Aware": false, "Relation Name": "nation", "Schema": "public", "Alias": "nation", "Startup Cost": 0.0, "Total Cost": 15.1, "Plan Rows": 510, "Plan Width": 33, "Actual Startup Time": 0.005, "Actual Total Time": 0.009, "Actual Rows": 25, "Actual Loops": 1, "Output": ["nation.n_name", "nation.n_nationkey"]}]}]}]}, {"Node Type": "Sort", "Parent Relationship": "Inner", "Parallel Aware": false, "Startup Cost": 247620.57, "Total Cost": 247765.89, "Plan Rows": 58127, "Plan Width": 16, "Actual Startup Time": 17372.181, "Actual Total Time": 17412.899, "Actual Rows": 115038, "Actual Loops": 1, "Output": ["orders.o_custkey", "lineitem.l_extendedprice", "lineitem.l_discount"], "Sort Key": ["orders.o_custkey"], "Sort Method": "external sort", "Sort Space Used": 3552, "Sort Space Type": "Disk", "Plans": [{"Node Type": "Hash Join", "Parent Relationship": "Outer", "Parallel Aware": false, "Join Type": "Inner", "Startup Cost": 49316.66, "Total Cost": 243020.71, "Plan Rows": 58127, "Plan Width": 16, "Actual Startup Time": 5842.726, "Actual Total Time": 17031.464, "Actual Rows": 115038, "Actual Loops": 1, "Output": ["orders.o_custkey", "lineitem.l_extendedprice", "lineitem.l_discount"], "Inner Unique": false, "Hash Cond": "(lineitem.l_orderkey = orders.o_orderkey)", "Plans": [{"Node Type": "Seq Scan", "Parent Relationship": "Outer", "Parallel Aware": false, "Relation Name": "lineitem", "Schema": "public", "Alias": "lineitem", "Startup Cost": 0.0, "Total Cost": 187482.86, "Plan Rows": 1503978, "Plan Width": 16, "Actual Startup Time": 0.014, "Actual Total Time": 10658.488, "Actual Rows": 1479175, "Actual Loops": 1, "Output": ["lineitem.l_orderkey", "lineitem.l_partkey", "lineitem.l_suppkey", "lineitem.l_linenumber", "lineitem.l_quantity", "lineitem.l_extendedprice", "lineitem.l_discount", "lineitem.l_tax", "lineitem.l_returnflag", "lineitem.l_linestatus", "lineitem.l_shipdate", "lineitem.l_commitdate", "lineitem.l_receiptdate", "lineitem.l_shipinstruct", "lineitem.l_shipmode", "lineitem.l_comment"], "Filter": "(lineitem.l_returnflag = 'R'::bpchar)", "Rows Removed by Filter": 4520828}, {"Node Type": "Hash", "Parent Relationship": "Inner", "Parallel Aware": false, "Startup Cost": 48592.0, "Total Cost": 48592.0, "Plan Rows": 57973, "Plan Width": 8, "Actual Startup Time": 5832.178, "Actual Total Time": 5832.179, "Actual Rows": 57425, "Actual Loops": 1, "Output": ["orders.o_custkey", "orders.o_orderkey"], "Hash Buckets": 65536, "Original Hash Buckets": 65536, "Hash Batches": 1, "Original Hash Batches": 1, "Peak Memory Usage": 2756, "Plans": [{"Node Type": "Seq Scan", "Parent Relationship": "Outer", "Parallel Aware": false, "Relation Name": "orders", "Schema": "public", "Alias": "orders", "Startup Cost": 0.0, "Total Cost": 48592.0, "Plan Rows": 57973, "Plan Width": 8, "Actual Startup Time": 0.018, "Actual Total Time": 5724.113, "Actual Rows": 57425, "Actual Loops": 1, "Output": ["orders.o_custkey", "orders.o_orderkey"], "Filter": "((orders.o_orderdate >= '1993-06-05'::date) AND (orders.o_orderdate < '1993-09-05 00:00:00'::timestamp without time zone))", "Rows Removed by Filter": 1442575}]}]}]}]}]}]}]}, "Planning Time": 13.466, "Triggers": [], "Execution Time": 19908.594}]
q4#####[{"Plan": {"Node Type": "Sort", "Parallel Aware": false, "Startup Cost": 3162587.22, "Total Cost": 3176852.47, "Plan Rows": 5706100, "Plan Width": 205, "Actual Startup Time": 18224.352, "Actual Total Time": 18243.317, "Actual Rows": 38285, "Actual Loops": 1, "Output": ["customer.c_custkey", "customer.c_name", "(sum((lineitem.l_extendedprice * ('1'::numeric - lineitem.l_discount))))", "customer.c_acctbal", "nation.n_name", "customer.c_address", "customer.c_phone", "customer.c_comment"], "Sort Key": ["(sum((lineitem.l_extendedprice * ('1'::numeric - lineitem.l_discount)))) DESC"], "Sort Method": "external merge", "Sort Space Used": 6472, "Sort Space Type": "Disk", "Plans": [{"Node Type": "Aggregate", "Strategy": "Sorted", "Partial Mode": "Simple", "Parent Relationship": "Outer", "Parallel Aware": false, "Startup Cost": 278726.27, "Total Cost": 825457.08, "Plan Rows": 5706100, "Plan Width": 205, "Actual Startup Time": 17043.337, "Actual Total Time": 18088.283, "Actual Rows": 38285, "Actual Loops": 1, "Output": ["customer.c_custkey", "customer.c_name", "sum((lineitem.l_extendedprice * ('1'::numeric - lineitem.l_discount)))", "customer.c_acctbal", "nation.n_name", "customer.c_address", "customer.c_phone", "customer.c_comment"], "Group Key": ["customer.c_custkey", "customer.c_name", "customer.c_acctbal", "customer.c_phone", "nation.n_name", "customer.c_address", "customer.c_comment"], "Plans": [{"Node Type": "Incremental Sort", "Parent Relationship": "Outer", "Parallel Aware": false, "Startup Cost": 278726.27, "Total Cost": 611478.33, "Plan Rows": 5706100, "Plan Width": 185, "Actual Startup Time": 17043.328, "Actual Total Time": 17915.558, "Actual Rows": 112679, "Actual Loops": 1, "Output": ["customer.c_custkey", "customer.c_name", "customer.c_acctbal", "nation.n_name", "customer.c_address", "customer.c_phone", "customer.c_comment", "lineitem.l_extendedprice", "lineitem.l_discount"], "Sort Key": ["customer.c_custkey", "customer.c_name", "customer.c_acctbal", "customer.c_phone", "nation.n_name", "customer.c_address", "customer.c_comment"], "Presorted Key": ["customer.c_custkey"], "Full-sort Groups": {"Group Count": 3356, "Sort Methods Used": ["quicksort"], "Sort Space Memory": {"Average Sort Space Used": 34, "Peak Sort Space Used": 34}}, "Plans": [{"Node Type": "Merge Join", "Parent Relationship": "Outer", "Parallel Aware": false, "Join Type": "Inner", "Startup Cost": 278724.59, "Total Cost": 280330.51, "Plan Rows": 5706100, "Plan Width": 185, "Actual Startup Time": 17043.236, "Actual Total Time": 17800.881, "Actual Rows": 112679, "Actual Loops": 1, "Output": ["customer.c_custkey", "customer.c_name", "customer.c_acctbal", "nation.n_name", "customer.c_address", "customer.c_phone", "customer.c_comment", "lineitem.l_extendedprice", "lineitem.l_discount"], "Inner Unique": false, "Merge Cond": "(customer.c_custkey = orders.o_custkey)", "Plans": [{"Node Type": "Sort", "Parent Relationship": "Outer", "Parallel Aware": false, "Startup Cost": 31219.95, "Total Cost": 31594.95, "Plan Rows": 150000, "Plan Width": 173, "Actual Startup Time": 533.85, "Actual Total Time": 1184.252, "Actual Rows": 149996, "Actual Loops": 1, "Output": ["customer.c_custkey", "customer.c_name", "customer.c_acctbal", "customer.c_address", "customer.c_phone", "customer.c_comment", "nation.n_name"], "Sort Key": ["customer.c_custkey"], "Sort Method": "external merge", "Sort Space Used": 24056, "Sort Space Type": "Disk", "Plans": [{"Node Type": "Hash Join", "Parent Relationship": "Outer", "Parallel Aware": false, "Join Type": "Inner", "Startup Cost": 21.48, "Total Cost": 5503.5, "Plan Rows": 150000, "Plan Width": 173, "Actual Startup Time": 0.028, "Actual Total Time": 42.856, "Actual Rows": 150000, "Actual Loops": 1, "Output": ["customer.c_custkey", "customer.c_name", "customer.c_acctbal", "customer.c_address", "customer.c_phone", "customer.c_comment", "nation.n_name"], "Inner Unique": true, "Hash Cond": "(customer.c_nationkey = nation.n_nationkey)", "Plans": [{"Node Type": "Seq Scan", "Parent Relationship": "Outer", "Parallel Aware": false, "Relation Name": "customer", "Schema": "public", "Alias": "customer", "Startup Cost": 0.0, "Total Cost": 5085.0, "Plan Rows": 150000, "Plan Width": 148, "Actual Startup Time": 0.013, "Actual Total Time": 9.826, "Actual Rows": 150000, "Actual Loops": 1, "Output": ["customer.c_custkey", "customer.c_name", "customer.c_address", "customer.c_nationkey", "customer.c_phone", "customer.c_acctbal", "customer.c_mktsegment", "customer.c_comment"]}, {"Node Type": "Hash", "Parent Relationship": "Inner", "Parallel Aware": false, "Startup Cost": 15.1, "Total Cost": 15.1, "Plan Rows": 510, "Plan Width": 33, "Actual Startup Time": 0.008, "Actual Total Time": 0.017, "Actual Rows": 25, "Actual Loops": 1, "Output": ["nation.n_name", "nation.n_nationkey"], "Hash Buckets": 1024, "Original Hash Buckets": 1024, "Hash Batches": 1, "Original Hash Batches": 1, "Peak Memory Usage": 10, "Plans": [{"Node Type": "Seq Scan", "Parent Relationship": "Outer", "Parallel Aware": false, "Relation Name": "nation", "Schema": "public", "Alias": "nation", "Startup Cost": 0.0, "Total Cost": 15.1, "Plan Rows": 510, "Plan Width": 33, "Actual Startup Time": 0.003, "Actual Total Time": 0.005, "Actual Rows": 25, "Actual Loops": 1, "Output": ["nation.n_name", "nation.n_nationkey"]}]}]}]}, {"Node Type": "Sort", "Parent Relationship": "Inner", "Parallel Aware": false, "Startup Cost": 247504.65, "Total Cost": 247647.3, "Plan Rows": 57061, "Plan Width": 16, "Actual Startup Time": 16508.086, "Actual Total Time": 16553.983, "Actual Rows": 112679, "Actual Loops": 1, "Output": ["orders.o_custkey", "lineitem.l_extendedprice", "lineitem.l_discount"], "Sort Key": ["orders.o_custkey"], "Sort Method": "external sort", "Sort Space Used": 3472, "Sort Space Type": "Disk", "Plans": [{"Node Type": "Hash Join", "Parent Relationship": "Outer", "Parallel Aware": false, "Join Type": "Inner", "Startup Cost": 49303.38, "Total Cost": 242996.76, "Plan Rows": 57061, "Plan Width": 16, "Actual Startup Time": 4945.306, "Actual Total Time": 16087.133, "Actual Rows": 112679, "Actual Loops": 1, "Output": ["orders.o_custkey", "lineitem.l_extendedprice", "lineitem.l_discount"], "Inner Unique": false, "Hash Cond": "(lineitem.l_orderkey = orders.o_orderkey)", "Plans": [{"Node Type": "Seq Scan", "Parent Relationship": "Outer", "Parallel Aware": false, "Relation Name": "lineitem", "Schema": "public", "Alias": "lineitem", "Startup Cost": 0.0, "Total Cost": 187482.86, "Plan Rows": 1503978, "Plan Width": 16, "Actual Startup Time": 0.015, "Actual Total Time": 10603.481, "Actual Rows": 1479175, "Actual Loops": 1, "Output": ["lineitem.l_orderkey", "lineitem.l_partkey", "lineitem.l_suppkey", "lineitem.l_linenumber", "lineitem.l_quantity", "lineitem.l_extendedprice", "lineitem.l_discount", "lineitem.l_tax", "lineitem.l_returnflag", "lineitem.l_linestatus", "lineitem.l_shipdate", "lineitem.l_commitdate", "lineitem.l_receiptdate", "lineitem.l_shipinstruct", "lineitem.l_shipmode", "lineitem.l_comment"], "Filter": "(lineitem.l_returnflag = 'R'::bpchar)", "Rows Removed by Filter": 4520828}, {"Node Type": "Hash", "Parent Relationship": "Inner", "Parallel Aware": false, "Startup Cost": 48592.0, "Total Cost": 48592.0, "Plan Rows": 56910, "Plan Width": 8, "Actual Startup Time": 4939.909, "Actual Total Time": 4939.91, "Actual Rows": 56434, "Actual Loops": 1, "Output": ["orders.o_custkey", "orders.o_orderkey"], "Hash Buckets": 65536, "Original Hash Buckets": 65536, "Hash Batches": 1, "Original Hash Batches": 1, "Peak Memory Usage": 2717, "Plans": [{"Node Type": "Seq Scan", "Parent Relationship": "Outer", "Parallel Aware": false, "Relation Name": "orders", "Schema": "public", "Alias": "orders", "Startup Cost": 0.0, "Total Cost": 48592.0, "Plan Rows": 56910, "Plan Width": 8, "Actual Startup Time": 0.018, "Actual Total Time": 4839.584, "Actual Rows": 56434, "Actual Loops": 1, "Output": ["orders.o_custkey", "orders.o_orderkey"], "Filter": "((orders.o_orderdate >= '1993-04-01'::date) AND (orders.o_orderdate < '1993-07-01 00:00:00'::timestamp without time zone))", "Rows Removed by Filter": 1443566}]}]}]}]}]}]}]}, "Planning Time": 3.318, "Triggers": [], "Execution Time": 18254.243}]
q6#####[{"Plan": {"Node Type": "Sort", "Parallel Aware": false, "Startup Cost": 250717.61, "Total Cost": 250717.66, "Plan Rows": 20, "Plan Width": 61, "Actual Startup Time": 9759.243, "Actual Total Time": 9759.35, "Actual Rows": 5, "Actual Loops": 1, "Output": ["nation.n_name", "(sum((lineitem.l_extendedprice * ('1'::numeric - lineitem.l_discount))))"], "Sort Key": ["(sum((lineitem.l_extendedprice * ('1'::numeric - lineitem.l_discount)))) DESC"], "Sort Method": "quicksort", "Sort Space Used": 25, "Sort Space Type": "Memory", "Plans": [{"Node Type": "Aggregate", "Strategy": "Sorted", "Partial Mode": "Simple", "Parent Relationship": "Outer", "Parallel Aware": false, "Startup Cost": 250716.67, "Total Cost": 250717.17, "Plan Rows": 20, "Plan Width": 61, "Actual Startup Time": 9754.386, "Actual Total Time": 9759.284, "Actual Rows": 5, "Actual Loops": 1, "Output": ["nation.n_name", "sum((lineitem.l_extendedprice * ('1'::numeric - lineitem.l_discount)))"], "Group Key": ["nation.n_name"], "Plans": [{"Node Type": "Sort", "Parent Relationship": "Outer", "Parallel Aware": false, "Startup Cost": 250716.67, "Total Cost": 250716.72, "Plan Rows": 20, "Plan Width": 41, "Actual Startup Time": 9753.74, "Actual Total Time": 9754.851, "Actual Rows": 7388, "Actual Loops": 1, "Output": ["nation.n_name", "lineitem.l_extendedprice", "lineitem.l_discount"], "Sort Key": ["nation.n_name"], "Sort Method": "quicksort", "Sort Space Used": 770, "Sort Space Type": "Memory", "Plans": [{"Node Type": "Hash Join", "Parent Relationship": "Outer", "Parallel Aware": false, "Join Type": "Inner", "Startup Cost": 55639.32, "Total Cost": 250716.24, "Plan Rows": 20, "Plan Width": 41, "Actual Startup Time": 3981.508, "Actual Total Time": 9735.273, "Actual Rows": 7388, "Actual Loops": 1, "Output": ["nation.n_name", "lineitem.l_extendedprice", "lineitem.l_discount"], "Inner Unique": false, "Hash Cond": "((lineitem.l_suppkey = supplier.s_suppkey) AND (customer.c_nationkey = supplier.s_nationkey))", "Plans": [{"Node Type": "Hash Join", "Parent Relationship": "Outer", "Parallel Aware": false, "Join Type": "Inner", "Startup Cost": 55167.32, "Total Cost": 250203.12, "Plan Rows": 5206, "Plan Width": 53, "Actual Startup Time": 3945.256, "Actual Total Time": 9631.977, "Actual Rows": 184361, "Actual Loops": 1, "Output": ["customer.c_nationkey", "lineitem.l_extendedprice", "lineitem.l_discount", "lineitem.l_suppkey", "nation.n_name", "nation.n_nationkey"], "Inner Unique": false, "Hash Cond": "(lineitem.l_orderkey = orders.o_orderkey)", "Plans": [{"Node Type": "Seq Scan", "Parent Relationship": "Outer", "Parallel Aware": false, "Relation Name": "lineitem", "Schema": "public", "Alias": "lineitem", "Startup Cost": 0.0, "Total Cost": 172481.09, "Plan Rows": 6000709, "Plan Width": 20, "Actual Startup Time": 0.021, "Actual Total Time": 4474.694, "Actual Rows": 6000003, "Actual Loops": 1, "Output": ["lineitem.l_orderkey", "lineitem.l_partkey", "lineitem.l_suppkey", "lineitem.l_linenumber", "lineitem.l_quantity", "lineitem.l_extendedprice", "lineitem.l_discount", "lineitem.l_tax", "lineitem.l_returnflag", "lineitem.l_linestatus", "lineitem.l_shipdate", "lineitem.l_commitdate", "lineitem.l_receiptdate", "lineitem.l_shipinstruct", "lineitem.l_shipmode", "lineitem.l_comment"]}, {"Node Type": "Hash", "Parent Relationship": "Inner", "Parallel Aware": false, "Startup Cost": 55151.05, "Total Cost": 55151.05, "Plan Rows": 1301, "Plan Width": 41, "Actual Startup Time": 3944.961, "Actual Total Time": 3945.064, "Actual Rows": 46097, "Actual Loops": 1, "Output": ["customer.c_nationkey", "orders.o_orderkey", "nation.n_name", "nation.n_nationkey"], "Hash Buckets": 65536, "Original Hash Buckets": 2048, "Hash Batches": 1, "Original Hash Batches": 1, "Peak Memory Usage": 2924, "Plans": [{"Node Type": "Hash Join", "Parent Relationship": "Outer", "Parallel Aware": false, "Join Type": "Inner", "Startup Cost": 5700.16, "Total Cost": 55151.05, "Plan Rows": 1301, "Plan Width": 41, "Actual Startup Time": 172.456, "Actual Total Time": 3878.327, "Actual Rows": 46097, "Actual Loops": 1, "Output": ["customer.c_nationkey", "orders.o_orderkey", "nation.n_name", "nation.n_nationkey"], "Inner Unique": false, "Hash Cond": "(orders.o_custkey = customer.c_custkey)", "Plans": [{"Node Type": "Seq Scan", "Parent Relationship": "Outer", "Parallel Aware": false, "Relation Name": "orders", "Schema": "public", "Alias": "orders", "Startup Cost": 0.0, "Total Cost": 48592.0, "Plan Rows": 225570, "Plan Width": 8, "Actual Startup Time": 4.313, "Actual Total Time": 3548.453, "Actual Rows": 228464, "Actual Loops": 1, "Output": ["orders.o_orderkey", "orders.o_custkey", "orders.o_orderstatus", "orders.o_totalprice", "orders.o_orderdate", "orders.o_orderpriority", "orders.o_clerk", "orders.o_shippriority", "orders.o_comment"], "Filter": "((orders.o_orderdate >= '1996-01-10'::date) AND (orders.o_orderdate < '1997-01-10 00:00:00'::timestamp without time zone))", "Rows Removed by Filter": 1271536}, {"Node Type": "Hash", "Parent Relationship": "Inner", "Parallel Aware": false, "Startup Cost": 5689.34, "Total Cost": 5689.34, "Plan Rows": 865, "Plan Width": 41, "Actual Startup Time": 168.062, "Actual Total Time": 168.137, "Actual Rows": 30197, "Actual Loops": 1, "Output": ["customer.c_custkey", "customer.c_nationkey", "nation.n_name", "nation.n_nationkey"], "Hash Buckets": 32768, "Original Hash Buckets": 1024, "Hash Batches": 1, "Original Hash Batches": 1, "Peak Memory Usage": 1837, "Plans": [{"Node Type": "Hash Join", "Parent Relationship": "Outer", "Parallel Aware": false, "Join Type": "Inner", "Startup Cost": 33.02, "Total Cost": 5689.34, "Plan Rows": 865, "Plan Width": 41, "Actual Startup Time": 2.487, "Actual Total Time": 142.656, "Actual Rows": 30197, "Actual Loops": 1, "Output": ["customer.c_custkey", "customer.c_nationkey", "nation.n_name", "nation.n_nationkey"], "Inner Unique": false, "Hash Cond": "(customer.c_nationkey = nation.n_nationkey)", "Plans": [{"Node Type": "Seq Scan", "Parent Relationship": "Outer", "Parallel Aware": false, "Relation Name": "customer", "Schema": "public", "Alias": "customer", "Startup Cost": 0.0, "Total Cost": 5085.0, "Plan Rows": 150000, "Plan Width": 8, "Actual Startup Time": 0.068, "Actual Total Time": 61.155, "Actual Rows": 150000, "Actual Loops": 1, "Output": ["customer.c_custkey", "customer.c_name", "customer.c_address", "customer.c_nationkey", "customer.c_phone", "customer.c_acctbal", "customer.c_mktsegment", "customer.c_comment"]}, {"Node Type": "Hash", "Parent Relationship": "Inner", "Parallel Aware": false, "Startup Cost": 32.99, "Total Cost": 32.99, "Plan Rows": 3, "Plan Width": 33, "Actual Startup Time": 2.36, "Actual Total Time": 2.379, "Actual Rows": 5, "Actual Loops": 1, "Output": ["nation.n_name", "nation.n_nationkey"], "Hash Buckets": 1024, "Original Hash Buckets": 1024, "Hash Batches": 1, "Original Hash Batches": 1, "Peak Memory Usage": 9, "Plans": [{"Node Type": "Hash Join", "Parent Relationship": "Outer", "Parallel Aware": false, "Join Type": "Inner", "Startup Cost": 16.54, "Total Cost": 32.99, "Plan Rows": 3, "Plan Width": 33, "Actual Startup Time": 2.35, "Actual Total Time": 2.371, "Actual Rows": 5, "Actual Loops": 1, "Output": ["nation.n_name", "nation.n_nationkey"], "Inner Unique": true, "Hash Cond": "(nation.n_regionkey = region.r_regionkey)", "Plans": [{"Node Type": "Seq Scan", "Parent Relationship": "Outer", "Parallel Aware": false, "Relation Name": "nation", "Schema": "public", "Alias": "nation", "Startup Cost": 0.0, "Total Cost": 15.1, "Plan Rows": 510, "Plan Width": 37, "Actual Startup Time": 0.007, "Actual Total Time": 0.009, "Actual Rows": 25, "Actual Loops": 1, "Output": ["nation.n_nationkey", "nation.n_name", "nation.n_regionkey", "nation.n_comment"]}, {"Node Type": "Hash", "Parent Relationship": "Inner", "Parallel Aware": false, "Startup Cost": 16.5, "Total Cost": 16.5, "Plan Rows": 3, "Plan Width": 4, "Actual Startup Time": 2.265, "Actual Total Time": 2.273, "Actual Rows": 1, "Actual Loops": 1, "Output": ["region.r_regionkey"], "Hash Buckets": 1024, "Original Hash Buckets": 1024, "Hash Batches": 1, "Original Hash Batches": 1, "Peak Memory Usage": 9, "Plans": [{"Node Type": "Seq Scan", "Parent Relationship": "Outer", "Parallel Aware": false, "Relation Name": "region", "Schema": "public", "Alias": "region", "Startup Cost": 0.0, "Total Cost": 16.5, "Plan Rows": 3, "Plan Width": 4, "Actual Startup Time": 2.233, "Actual Total Time": 2.234, "Actual Rows": 1, "Actual Loops": 1, "Output": ["region.r_regionkey"], "Filter": "((region.r_name)::text = 'EUROPE'::text)", "Rows Removed by Filter": 4}]}]}]}]}]}]}]}]}, {"Node Type": "Hash", "Parent Relationship": "Inner", "Parallel Aware": false, "Startup Cost": 322.0, "Total Cost": 322.0, "Plan Rows": 10000, "Plan Width": 8, "Actual Startup Time": 23.573, "Actual Total Time": 23.573, "Actual Rows": 10000, "Actual Loops": 1, "Output": ["supplier.s_suppkey", "supplier.s_nationkey"], "Hash Buckets": 16384, "Original Hash Buckets": 16384, "Hash Batches": 1, "Original Hash Batches": 1, "Peak Memory Usage": 519, "Plans": [{"Node Type": "Seq Scan", "Parent Relationship": "Outer", "Parallel Aware": false, "Relation Name": "supplier", "Schema": "public", "Alias": "supplier", "Startup Cost": 0.0, "Total Cost": 322.0, "Plan Rows": 10000, "Plan Width": 8, "Actual Startup Time": 0.009, "Actual Total Time": 21.867, "Actual Rows": 10000, "Actual Loops": 1, "Output": ["supplier.s_suppkey", "supplier.s_nationkey"]}]}]}]}]}]}, "Planning Time": 9.44, "Triggers": [], "Execution Time": 9761.256}]
q7#####[{"Plan": {"Node Type": "Aggregate", "Strategy": "Sorted", "Partial Mode": "Simple", "Parallel Aware": false, "Startup Cost": 262594.54, "Total Cost": 262594.82, "Plan Rows": 8, "Plan Width": 98, "Actual Startup Time": 9327.7, "Actual Total Time": 9335.219, "Actual Rows": 4, "Actual Loops": 1, "Output": ["n1.n_name", "n2.n_name", "(date_part('year'::text, (lineitem.l_shipdate)::timestamp without time zone))", "sum((lineitem.l_extendedprice * ('1'::numeric - lineitem.l_discount)))"], "Group Key": ["n1.n_name", "n2.n_name", "(date_part('year'::text, (lineitem.l_shipdate)::timestamp without time zone))"], "Plans": [{"Node Type": "Sort", "Parent Relationship": "Outer", "Parallel Aware": false, "Startup Cost": 262594.54, "Total Cost": 262594.56, "Plan Rows": 8, "Plan Width": 78, "Actual Startup Time": 9327.259, "Actual Total Time": 9330.9, "Actual Rows": 6014, "Actual Loops": 1, "Output": ["n1.n_name", "n2.n_name", "(date_part('year'::text, (lineitem.l_shipdate)::timestamp without time zone))", "lineitem.l_extendedprice", "lineitem.l_discount"], "Sort Key": ["n1.n_name", "n2.n_name", "(date_part('year'::text, (lineitem.l_shipdate)::timestamp without time zone))"], "Sort Method": "quicksort", "Sort Space Used": 662, "Sort Space Type": "Memory", "Plans": [{"Node Type": "Hash Join", "Parent Relationship": "Outer", "Parallel Aware": false, "Join Type": "Inner", "Startup Cost": 52933.46, "Total Cost": 262594.42, "Plan Rows": 8, "Plan Width": 78, "Actual Startup Time": 3661.086, "Actual Total Time": 9318.458, "Actual Rows": 6014, "Actual Loops": 1, "Output": ["n1.n_name", "n2.n_name", "date_part('year'::text, (lineitem.l_shipdate)::timestamp without time zone)", "lineitem.l_extendedprice", "lineitem.l_discount"], "Inner Unique": false, "Hash Cond": "(lineitem.l_orderkey = orders.o_orderkey)", "Join Filter": "((((n1.n_name)::text = 'EGYPT'::text) AND ((n2.n_name)::text = 'ALGERIA'::text)) OR (((n1.n_name)::text = 'ALGERIA'::text) AND ((n2.n_name)::text = 'EGYPT'::text)))", "Rows Removed by Join Filter": 6077, "Plans": [{"Node Type": "Hash Join", "Parent Relationship": "Outer", "Parallel Aware": false, "Join Type": "Inner", "Startup Cost": 367.41, "Total Cost": 209957.03, "Plan Rows": 18072, "Plan Width": 49, "Actual Startup Time": 2.28, "Actual Total Time": 5448.822, "Actual Rows": 153129, "Actual Loops": 1, "Output": ["lineitem.l_shipdate", "lineitem.l_extendedprice", "lineitem.l_discount", "lineitem.l_orderkey", "n1.n_name"], "Inner Unique": false, "Hash Cond": "(lineitem.l_suppkey = supplier.s_suppkey)", "Plans": [{"Node Type": "Seq Scan", "Parent Relationship": "Outer", "Parallel Aware": false, "Relation Name": "lineitem", "Schema": "public", "Alias": "lineitem", "Startup Cost": 0.0, "Total Cost": 202484.64, "Plan Rows": 1846489, "Plan Width": 24, "Actual Startup Time": 0.021, "Actual Total Time": 5122.873, "Actual Rows": 1827668, "Actual Loops": 1, "Output": ["lineitem.l_orderkey", "lineitem.l_partkey", "lineitem.l_suppkey", "lineitem.l_linenumber", "lineitem.l_quantity", "lineitem.l_extendedprice", "lineitem.l_discount", "lineitem.l_tax", "lineitem.l_returnflag", "lineitem.l_linestatus", "lineitem.l_shipdate", "lineitem.l_commitdate", "lineitem.l_receiptdate", "lineitem.l_shipinstruct", "lineitem.l_shipmode", "lineitem.l_comment"], "Filter": "((lineitem.l_shipdate >= '1995-01-01'::date) AND (lineitem.l_shipdate <= '1996-12-31'::date))", "Rows Removed by Filter": 4172335}, {"Node Type": "Hash", "Parent Relationship": "Inner", "Parallel Aware": false, "Startup Cost": 366.18, "Total Cost": 366.18, "Plan Rows": 98, "Plan Width": 33, "Actual Startup Time": 2.234, "Actual Total Time": 4.149, "Actual Rows": 835, "Actual Loops": 1, "Output": ["supplier.s_suppkey", "n1.n_name"], "Hash Buckets": 1024, "Original Hash Buckets": 1024, "Hash Batches": 1, "Original Hash Batches": 1, "Peak Memory Usage": 44, "Plans": [{"Node Type": "Hash Join", "Parent Relationship": "Outer", "Parallel Aware": false, "Join Type": "Inner", "Startup Cost": 17.71, "Total Cost": 366.18, "Plan Rows": 98, "Plan Width": 33, "Actual Startup Time": 0.076, "Actual Total Time": 3.989, "Actual Rows": 835, "Actual Loops": 1, "Output": ["supplier.s_suppkey", "n1.n_name"], "Inner Unique": true, "Hash Cond": "(supplier.s_nationkey = n1.n_nationkey)", "Plans": [{"Node Type": "Seq Scan", "Parent Relationship": "Outer", "Parallel Aware": false, "Relation Name": "supplier", "Schema": "public", "Alias": "supplier", "Startup Cost": 0.0, "Total Cost": 322.0, "Plan Rows": 10000, "Plan Width": 8, "Actual Startup Time": 0.006, "Actual Total Time": 0.805, "Actual Rows": 10000, "Actual Loops": 1, "Output": ["supplier.s_suppkey", "supplier.s_name", "supplier.s_address", "supplier.s_nationkey", "supplier.s_phone", "supplier.s_acctbal", "supplier.s_comment"]}, {"Node Type": "Hash", "Parent Relationship": "Inner", "Parallel Aware": false, "Startup Cost": 17.65, "Total Cost": 17.65, "Plan Rows": 5, "Plan Width": 33, "Actual Startup Time": 0.035, "Actual Total Time": 1.885, "Actual Rows": 2, "Actual Loops": 1, "Output": ["n1.n_name", "n1.n_nationkey"], "Hash Buckets": 1024, "Original Hash Buckets": 1024, "Hash Batches": 1, "Original Hash Batches": 1, "Peak Memory Usage": 9, "Plans": [{"Node Type": "Seq Scan", "Parent Relationship": "Outer", "Parallel Aware": false, "Relation Name": "nation", "Schema": "public", "Alias": "n1", "Startup Cost": 0.0, "Total Cost": 17.65, "Plan Rows": 5, "Plan Width": 33, "Actual Startup Time": 0.005, "Actual Total Time": 0.013, "Actual Rows": 2, "Actual Loops": 1, "Output": ["n1.n_name", "n1.n_nationkey"], "Filter": "(((n1.n_name)::text = 'EGYPT'::text) OR ((n1.n_name)::text = 'ALGERIA'::text))", "Rows Removed by Filter": 23}]}]}]}]}, {"Node Type": "Hash", "Parent Relationship": "Inner", "Parallel Aware": false, "Startup Cost": 52382.22, "Total Cost": 52382.22, "Plan Rows": 14706, "Plan Width": 33, "Actual Startup Time": 3653.881, "Actual Total Time": 3654.753, "Actual Rows": 118964, "Actual Loops": 1, "Output": ["orders.o_orderkey", "n2.n_name"], "Hash Buckets": 131072, "Original Hash Buckets": 16384, "Hash Batches": 2, "Original Hash Batches": 1, "Peak Memory Usage": 3525, "Plans": [{"Node Type": "Hash Join", "Parent Relationship": "Outer", "Parallel Aware": false, "Join Type": "Inner", "Startup Cost": 5518.12, "Total Cost": 52382.22, "Plan Rows": 14706, "Plan Width": 33, "Actual Startup Time": 56.443, "Actual Total Time": 3569.529, "Actual Rows": 118964, "Actual Loops": 1, "Output": ["orders.o_orderkey", "n2.n_name"], "Inner Unique": false, "Hash Cond": "(orders.o_custkey = customer.c_custkey)", "Plans": [{"Node Type": "Seq Scan", "Parent Relationship": "Outer", "Parallel Aware": false, "Relation Name": "orders", "Schema": "public", "Alias": "orders", "Startup Cost": 0.0, "Total Cost": 41092.0, "Plan Rows": 1500000, "Plan Width": 8, "Actual Startup Time": 0.024, "Actual Total Time": 2975.146, "Actual Rows": 1500000, "Actual Loops": 1, "Output": ["orders.o_orderkey", "orders.o_custkey", "orders.o_orderstatus", "orders.o_totalprice", "orders.o_orderdate", "orders.o_orderpriority", "orders.o_clerk", "orders.o_shippriority", "orders.o_comment"]}, {"Node Type": "Hash", "Parent Relationship": "Inner", "Parallel Aware": false, "Startup Cost": 5499.73, "Total Cost": 5499.73, "Plan Rows": 1471, "Plan Width": 33, "Actual Startup Time": 56.384, "Actual Total Time": 57.255, "Actual Rows": 11920, "Actual Loops": 1, "Output": ["customer.c_custkey", "n2.n_name"], "Hash Buckets": 16384, "Original Hash Buckets": 2048, "Hash Batches": 1, "Original Hash Batches": 1, "Peak Memory Usage": 629, "Plans": [{"Node Type": "Hash Join", "Parent Relationship": "Outer", "Parallel Aware": false, "Join Type": "Inner", "Startup Cost": 17.71, "Total Cost": 5499.73, "Plan Rows": 1471, "Plan Width": 33, "Actual Startup Time": 0.046, "Actual Total Time": 53.848, "Actual Rows": 11920, "Actual Loops": 1, "Output": ["customer.c_custkey", "n2.n_name"], "Inner Unique": true, "Hash Cond": "(customer.c_nationkey = n2.n_nationkey)", "Plans": [{"Node Type": "Seq Scan", "Parent Relationship": "Outer", "Parallel Aware": false, "Relation Name": "customer", "Schema": "public", "Alias": "customer", "Startup Cost": 0.0, "Total Cost": 5085.0, "Plan Rows": 150000, "Plan Width": 8, "Actual Startup Time": 0.005, "Actual Total Time": 13.362, "Actual Rows": 150000, "Actual Loops": 1, "Output": ["customer.c_custkey", "customer.c_name", "customer.c_address", "customer.c_nationkey", "customer.c_phone", "customer.c_acctbal", "customer.c_mktsegment", "customer.c_comment"]}, {"Node Type": "Hash", "Parent Relationship": "Inner", "Parallel Aware": false, "Startup Cost": 17.65, "Total Cost": 17.65, "Plan Rows": 5, "Plan Width": 33, "Actual Startup Time": 0.013, "Actual Total Time": 0.032, "Actual Rows": 2, "Actual Loops": 1, "Output": ["n2.n_name", "n2.n_nationkey"], "Hash Buckets": 1024, "Original Hash Buckets": 1024, "Hash Batches": 1, "Original Hash Batches": 1, "Peak Memory Usage": 9, "Plans": [{"Node Type": "Seq Scan", "Parent Relationship": "Outer", "Parallel Aware": false, "Relation Name": "nation", "Schema": "public", "Alias": "n2", "Startup Cost": 0.0, "Total Cost": 17.65, "Plan Rows": 5, "Plan Width": 33, "Actual Startup Time": 0.008, "Actual Total Time": 0.011, "Actual Rows": 2, "Actual Loops": 1, "Output": ["n2.n_name", "n2.n_nationkey"], "Filter": "(((n2.n_name)::text = 'ALGERIA'::text) OR ((n2.n_name)::text = 'EGYPT'::text))", "Rows Removed by Filter": 23}]}]}]}]}]}]}]}]}, "Planning Time": 7.414, "Triggers": [], "Execution Time": 9363.919}]
q5#####[{"Plan": {"Node Type": "Sort", "Parallel Aware": false, "Startup Cost": 3141058.79, "Total Cost": 3155221.29, "Plan Rows": 5665000, "Plan Width": 205, "Actual Startup Time": 11019.618, "Actual Total Time": 11028.275, "Actual Rows": 38869, "Actual Loops": 1, "Output": ["customer.c_custkey", "customer.c_name", "(sum((lineitem.l_extendedprice * ('1'::numeric - lineitem.l_discount))))", "customer.c_acctbal", "nation.n_name", "customer.c_address", "customer.c_phone", "customer.c_comment"], "Sort Key": ["(sum((lineitem.l_extendedprice * ('1'::numeric - lineitem.l_discount)))) DESC"], "Sort Method": "external merge", "Sort Space Used": 6568, "Sort Space Type": "Disk", "Plans": [{"Node Type": "Aggregate", "Strategy": "Sorted", "Partial Mode": "Simple", "Parent Relationship": "Outer", "Parallel Aware": false, "Startup Cost": 278681.6, "Total Cost": 821058.31, "Plan Rows": 5665000, "Plan Width": 205, "Actual Startup Time": 10438.161, "Actual Total Time": 10945.326, "Actual Rows": 38869, "Actual Loops": 1, "Output": ["customer.c_custkey", "customer.c_name", "sum((lineitem.l_extendedprice * ('1'::numeric - lineitem.l_discount)))", "customer.c_acctbal", "nation.n_name", "customer.c_address", "customer.c_phone", "customer.c_comment"], "Group Key": ["customer.c_custkey", "customer.c_name", "customer.c_acctbal", "customer.c_phone", "nation.n_name", "customer.c_address", "customer.c_comment"], "Plans": [{"Node Type": "Incremental Sort", "Parent Relationship": "Outer", "Parallel Aware": false, "Startup Cost": 278681.6, "Total Cost": 608620.81, "Plan Rows": 5665000, "Plan Width": 185, "Actual Startup Time": 10438.118, "Actual Total Time": 10847.688, "Actual Rows": 114475, "Actual Loops": 1, "Output": ["customer.c_custkey", "customer.c_name", "customer.c_acctbal", "nation.n_name", "customer.c_address", "customer.c_phone", "customer.c_comment", "lineitem.l_extendedprice", "lineitem.l_discount"], "Sort Key": ["customer.c_custkey", "customer.c_name", "customer.c_acctbal", "customer.c_phone", "nation.n_name", "customer.c_address", "customer.c_comment"], "Presorted Key": ["customer.c_custkey"], "Full-sort Groups": {"Group Count": 3412, "Sort Methods Used": ["quicksort"], "Sort Space Memory": {"Average Sort Space Used": 33, "Peak Sort Space Used": 33}}, "Plans": [{"Node Type": "Merge Join", "Parent Relationship": "Outer", "Parallel Aware": false, "Join Type": "Inner", "Startup Cost": 278679.94, "Total Cost": 280279.69, "Plan Rows": 5665000, "Plan Width": 185, "Actual Startup Time": 10438.039, "Actual Total Time": 10738.468, "Actual Rows": 114475, "Actual Loops": 1, "Output": ["customer.c_custkey", "customer.c_name", "customer.c_acctbal", "nation.n_name", "customer.c_address", "customer.c_phone", "customer.c_comment", "lineitem.l_extendedprice", "lineitem.l_discount"], "Inner Unique": false, "Merge Cond": "(customer.c_custkey = orders.o_custkey)", "Plans": [{"Node Type": "Sort", "Parent Relationship": "Outer", "Parallel Aware": false, "Startup Cost": 31219.95, "Total Cost": 31594.95, "Plan Rows": 150000, "Plan Width": 173, "Actual Startup Time": 630.355, "Actual Total Time": 870.764, "Actual Rows": 149999, "Actual Loops": 1, "Output": ["customer.c_custkey", "customer.c_name", "customer.c_acctbal", "customer.c_address", "customer.c_phone", "customer.c_comment", "nation.n_name"], "Sort Key": ["customer.c_custkey"], "Sort Method": "external merge", "Sort Space Used": 24056, "Sort Space Type": "Disk", "Plans": [{"Node Type": "Hash Join", "Parent Relationship": "Outer", "Parallel Aware": false, "Join Type": "Inner", "Startup Cost": 21.48, "Total Cost": 5503.5, "Plan Rows": 150000, "Plan Width": 173, "Actual Startup Time": 0.05, "Actual Total Time": 434.577, "Actual Rows": 150000, "Actual Loops": 1, "Output": ["customer.c_custkey", "customer.c_name", "customer.c_acctbal", "customer.c_address", "customer.c_phone", "customer.c_comment", "nation.n_name"], "Inner Unique": true, "Hash Cond": "(customer.c_nationkey = nation.n_nationkey)", "Plans": [{"Node Type": "Seq Scan", "Parent Relationship": "Outer", "Parallel Aware": false, "Relation Name": "customer", "Schema": "public", "Alias": "customer", "Startup Cost": 0.0, "Total Cost": 5085.0, "Plan Rows": 150000, "Plan Width": 148, "Actual Startup Time": 0.012, "Actual Total Time": 29.031, "Actual Rows": 150000, "Actual Loops": 1, "Output": ["customer.c_custkey", "customer.c_name", "customer.c_address", "customer.c_nationkey", "customer.c_phone", "customer.c_acctbal", "customer.c_mktsegment", "customer.c_comment"]}, {"Node Type": "Hash", "Parent Relationship": "Inner", "Parallel Aware": false, "Startup Cost": 15.1, "Total Cost": 15.1, "Plan Rows": 510, "Plan Width": 33, "Actual Startup Time": 0.021, "Actual Total Time": 0.022, "Actual Rows": 25, "Actual Loops": 1, "Output": ["nation.n_name", "nation.n_nationkey"], "Hash Buckets": 1024, "Original Hash Buckets": 1024, "Hash Batches": 1, "Original Hash Batches": 1, "Peak Memory Usage": 10, "Plans": [{"Node Type": "Seq Scan", "Parent Relationship": "Outer", "Parallel Aware": false, "Relation Name": "nation", "Schema": "public", "Alias": "nation", "Startup Cost": 0.0, "Total Cost": 15.1, "Plan Rows": 510, "Plan Width": 33, "Actual Startup Time": 0.008, "Actual Total Time": 0.01, "Actual Rows": 25, "Actual Loops": 1, "Output": ["nation.n_name", "nation.n_nationkey"]}]}]}]}, {"Node Type": "Sort", "Parent Relationship": "Inner", "Parallel Aware": false, "Startup Cost": 247459.99, "Total Cost": 247601.61, "Plan Rows": 56650, "Plan Width": 16, "Actual Startup Time": 9807.584, "Actual Total Time": 9826.941, "Actual Rows": 114475, "Actual Loops": 1, "Output": ["orders.o_custkey", "lineitem.l_extendedprice", "lineitem.l_discount"], "Sort Key": ["orders.o_custkey"], "Sort Method": "external sort", "Sort Space Used": 3536, "Sort Space Type": "Disk", "Plans": [{"Node Type": "Hash Join", "Parent Relationship": "Outer", "Parallel Aware": false, "Join Type": "Inner", "Startup Cost": 49298.25, "Total Cost": 242987.53, "Plan Rows": 56650, "Plan Width": 16, "Actual Startup Time": 3954.813, "Actual Total Time": 9681.974, "Actual Rows": 114475, "Actual Loops": 1, "Output": ["orders.o_custkey", "lineitem.l_extendedprice", "lineitem.l_discount"], "Inner Unique": false, "Hash Cond": "(lineitem.l_orderkey = orders.o_orderkey)", "Plans": [{"Node Type": "Seq Scan", "Parent Relationship": "Outer", "Parallel Aware": false, "Relation Name": "lineitem", "Schema": "public", "Alias": "lineitem", "Startup Cost": 0.0, "Total Cost": 187482.86, "Plan Rows": 1503978, "Plan Width": 16, "Actual Startup Time": 0.015, "Actual Total Time": 5228.233, "Actual Rows": 1479175, "Actual Loops": 1, "Output": ["lineitem.l_orderkey", "lineitem.l_partkey", "lineitem.l_suppkey", "lineitem.l_linenumber", "lineitem.l_quantity", "lineitem.l_extendedprice", "lineitem.l_discount", "lineitem.l_tax", "lineitem.l_returnflag", "lineitem.l_linestatus", "lineitem.l_shipdate", "lineitem.l_commitdate", "lineitem.l_receiptdate", "lineitem.l_shipinstruct", "lineitem.l_shipmode", "lineitem.l_comment"], "Filter": "(lineitem.l_returnflag = 'R'::bpchar)", "Rows Removed by Filter": 4520828}, {"Node Type": "Hash", "Parent Relationship": "Inner", "Parallel Aware": false, "Startup Cost": 48592.0, "Total Cost": 48592.0, "Plan Rows": 56500, "Plan Width": 8, "Actual Startup Time": 3954.434, "Actual Total Time": 3954.434, "Actual Rows": 57207, "Actual Loops": 1, "Output": ["orders.o_custkey", "orders.o_orderkey"], "Hash Buckets": 65536, "Original Hash Buckets": 65536, "Hash Batches": 1, "Original Hash Batches": 1, "Peak Memory Usage": 2747, "Plans": [{"Node Type": "Seq Scan", "Parent Relationship": "Outer", "Parallel Aware": false, "Relation Name": "orders", "Schema": "public", "Alias": "orders", "Startup Cost": 0.0, "Total Cost": 48592.0, "Plan Rows": 56500, "Plan Width": 8, "Actual Startup Time": 0.016, "Actual Total Time": 3866.69, "Actual Rows": 57207, "Actual Loops": 1, "Output": ["orders.o_custkey", "orders.o_orderkey"], "Filter": "((orders.o_orderdate >= '1994-10-05'::date) AND (orders.o_orderdate < '1995-01-05 00:00:00'::timestamp without time zone))", "Rows Removed by Filter": 1442793}]}]}]}]}]}]}]}, "Planning Time": 5.848, "Triggers": [], "Execution Time": 11041.117}]
q8#####[{"Plan": {"Node Type": "Sort", "Parallel Aware": false, "Startup Cost": 250738.75, "Total Cost": 250738.81, "Plan Rows": 21, "Plan Width": 61, "Actual Startup Time": 5811.645, "Actual Total Time": 5811.683, "Actual Rows": 5, "Actual Loops": 1, "Output": ["nation.n_name", "(sum((lineitem.l_extendedprice * ('1'::numeric - lineitem.l_discount))))"], "Sort Key": ["(sum((lineitem.l_extendedprice * ('1'::numeric - lineitem.l_discount)))) DESC"], "Sort Method": "quicksort", "Sort Space Used": 25, "Sort Space Type": "Memory", "Plans": [{"Node Type": "Aggregate", "Strategy": "Sorted", "Partial Mode": "Simple", "Parent Relationship": "Outer", "Parallel Aware": false, "Startup Cost": 250737.77, "Total Cost": 250738.29, "Plan Rows": 21, "Plan Width": 61, "Actual Startup Time": 5807.719, "Actual Total Time": 5811.57, "Actual Rows": 5, "Actual Loops": 1, "Output": ["nation.n_name", "sum((lineitem.l_extendedprice * ('1'::numeric - lineitem.l_discount)))"], "Group Key": ["nation.n_name"], "Plans": [{"Node Type": "Sort", "Parent Relationship": "Outer", "Parallel Aware": false, "Startup Cost": 250737.77, "Total Cost": 250737.82, "Plan Rows": 21, "Plan Width": 41, "Actual Startup Time": 5807.33, "Actual Total Time": 5807.658, "Actual Rows": 7463, "Actual Loops": 1, "Output": ["nation.n_name", "lineitem.l_extendedprice", "lineitem.l_discount"], "Sort Key": ["nation.n_name"], "Sort Method": "quicksort", "Sort Space Used": 773, "Sort Space Type": "Memory", "Plans": [{"Node Type": "Hash Join", "Parent Relationship": "Outer", "Parallel Aware": false, "Join Type": "Inner", "Startup Cost": 55658.33, "Total Cost": 250737.31, "Plan Rows": 21, "Plan Width": 41, "Actual Startup Time": 1942.01, "Actual Total Time": 5794.184, "Actual Rows": 7463, "Actual Loops": 1, "Output": ["nation.n_name", "lineitem.l_extendedprice", "lineitem.l_discount"], "Inner Unique": false, "Hash Cond": "((lineitem.l_suppkey = supplier.s_suppkey) AND (customer.c_nationkey = supplier.s_nationkey))", "Plans": [{"Node Type": "Hash Join", "Parent Relationship": "Outer", "Parallel Aware": false, "Join Type": "Inner", "Startup Cost": 55186.33, "Total Cost": 250223.29, "Plan Rows": 5319, "Plan Width": 53, "Actual Startup Time": 1914.079, "Actual Total Time": 5695.377, "Actual Rows": 184804, "Actual Loops": 1, "Output": ["customer.c_nationkey", "lineitem.l_extendedprice", "lineitem.l_discount", "lineitem.l_suppkey", "nation.n_name", "nation.n_nationkey"], "Inner Unique": false, "Hash Cond": "(lineitem.l_orderkey = orders.o_orderkey)", "Plans": [{"Node Type": "Seq Scan", "Parent Relationship": "Outer", "Parallel Aware": false, "Relation Name": "lineitem", "Schema": "public", "Alias": "lineitem", "Startup Cost": 0.0, "Total Cost": 172481.09, "Plan Rows": 6000709, "Plan Width": 20, "Actual Startup Time": 0.026, "Actual Total Time": 2873.852, "Actual Rows": 6000003, "Actual Loops": 1, "Output": ["lineitem.l_orderkey", "lineitem.l_partkey", "lineitem.l_suppkey", "lineitem.l_linenumber", "lineitem.l_quantity", "lineitem.l_extendedprice", "lineitem.l_discount", "lineitem.l_tax", "lineitem.l_returnflag", "lineitem.l_linestatus", "lineitem.l_shipdate", "lineitem.l_commitdate", "lineitem.l_receiptdate", "lineitem.l_shipinstruct", "lineitem.l_shipmode", "lineitem.l_comment"]}, {"Node Type": "Hash", "Parent Relationship": "Inner", "Parallel Aware": false, "Startup Cost": 55169.71, "Total Cost": 55169.71, "Plan Rows": 1330, "Plan Width": 41, "Actual Startup Time": 1913.901, "Actual Total Time": 1913.928, "Actual Rows": 46069, "Actual Loops": 1, "Output": ["customer.c_nationkey", "orders.o_orderkey", "nation.n_name", "nation.n_nationkey"], "Hash Buckets": 65536, "Original Hash Buckets": 2048, "Hash Batches": 1, "Original Hash Batches": 1, "Peak Memory Usage": 2888, "Plans": [{"Node Type": "Hash Join", "Parent Relationship": "Outer", "Parallel Aware": false, "Join Type": "Inner", "Startup Cost": 5700.16, "Total Cost": 55169.71, "Plan Rows": 1330, "Plan Width": 41, "Actual Startup Time": 241.623, "Actual Total Time": 1888.481, "Actual Rows": 46069, "Actual Loops": 1, "Output": ["customer.c_nationkey", "orders.o_orderkey", "nation.n_name", "nation.n_nationkey"], "Inner Unique": false, "Hash Cond": "(orders.o_custkey = customer.c_custkey)", "Plans": [{"Node Type": "Seq Scan", "Parent Relationship": "Outer", "Parallel Aware": false, "Relation Name": "orders", "Schema": "public", "Alias": "orders", "Startup Cost": 0.0, "Total Cost": 48592.0, "Plan Rows": 230470, "Plan Width": 8, "Actual Startup Time": 0.557, "Actual Total Time": 1522.7, "Actual Rows": 228637, "Actual Loops": 1, "Output": ["orders.o_orderkey", "orders.o_custkey", "orders.o_orderstatus", "orders.o_totalprice", "orders.o_orderdate", "orders.o_orderpriority", "orders.o_clerk", "orders.o_shippriority", "orders.o_comment"], "Filter": "((orders.o_orderdate >= '1995-01-01'::date) AND (orders.o_orderdate < '1996-01-01 00:00:00'::timestamp without time zone))", "Rows Removed by Filter": 1271363}, {"Node Type": "Hash", "Parent Relationship": "Inner", "Parallel Aware": false, "Startup Cost": 5689.34, "Total Cost": 5689.34, "Plan Rows": 865, "Plan Width": 41, "Actual Startup Time": 241.03, "Actual Total Time": 241.048, "Actual Rows": 30183, "Actual Loops": 1, "Output": ["customer.c_custkey", "customer.c_nationkey", "nation.n_name", "nation.n_nationkey"], "Hash Buckets": 32768, "Original Hash Buckets": 1024, "Hash Batches": 1, "Original Hash Batches": 1, "Peak Memory Usage": 1813, "Plans": [{"Node Type": "Hash Join", "Parent Relationship": "Outer", "Parallel Aware": false, "Join Type": "Inner", "Startup Cost": 33.02, "Total Cost": 5689.34, "Plan Rows": 865, "Plan Width": 41, "Actual Startup Time": 0.421, "Actual Total Time": 195.912, "Actual Rows": 30183, "Actual Loops": 1, "Output": ["customer.c_custkey", "customer.c_nationkey", "nation.n_name", "nation.n_nationkey"], "Inner Unique": false, "Hash Cond": "(customer.c_nationkey = nation.n_nationkey)", "Plans": [{"Node Type": "Seq Scan", "Parent Relationship": "Outer", "Parallel Aware": false, "Relation Name": "customer", "Schema": "public", "Alias": "customer", "Startup Cost": 0.0, "Total Cost": 5085.0, "Plan Rows": 150000, "Plan Width": 8, "Actual Startup Time": 0.008, "Actual Total Time": 37.101, "Actual Rows": 150000, "Actual Loops": 1, "Output": ["customer.c_custkey", "customer.c_name", "customer.c_address", "customer.c_nationkey", "customer.c_phone", "customer.c_acctbal", "customer.c_mktsegment", "customer.c_comment"]}, {"Node Type": "Hash", "Parent Relationship": "Inner", "Parallel Aware": false, "Startup Cost": 32.99, "Total Cost": 32.99, "Plan Rows": 3, "Plan Width": 33, "Actual Startup Time": 0.181, "Actual Total Time": 0.186, "Actual Rows": 5, "Actual Loops": 1, "Output": ["nation.n_name", "nation.n_nationkey"], "Hash Buckets": 1024, "Original Hash Buckets": 1024, "Hash Batches": 1, "Original Hash Batches": 1, "Peak Memory Usage": 9, "Plans": [{"Node Type": "Hash Join", "Parent Relationship": "Outer", "Parallel Aware": false, "Join Type": "Inner", "Startup Cost": 16.54, "Total Cost": 32.99, "Plan Rows": 3, "Plan Width": 33, "Actual Startup Time": 0.17, "Actual Total Time": 0.178, "Actual Rows": 5, "Actual Loops": 1, "Output": ["nation.n_name", "nation.n_nationkey"], "Inner Unique": true, "Hash Cond": "(nation.n_regionkey = region.r_regionkey)", "Plans": [{"Node Type": "Seq Scan", "Parent Relationship": "Outer", "Parallel Aware": false, "Relation Name": "nation", "Schema": "public", "Alias": "nation", "Startup Cost": 0.0, "Total Cost": 15.1, "Plan Rows": 510, "Plan Width": 37, "Actual Startup Time": 0.006, "Actual Total Time": 0.008, "Actual Rows": 25, "Actual Loops": 1, "Output": ["nation.n_nationkey", "nation.n_name", "nation.n_regionkey", "nation.n_comment"]}, {"Node Type": "Hash", "Parent Relationship": "Inner", "Parallel Aware": false, "Startup Cost": 16.5, "Total Cost": 16.5, "Plan Rows": 3, "Plan Width": 4, "Actual Startup Time": 0.127, "Actual Total Time": 0.128, "Actual Rows": 1, "Actual Loops": 1, "Output": ["region.r_regionkey"], "Hash Buckets": 1024, "Original Hash Buckets": 1024, "Hash Batches": 1, "Original Hash Batches": 1, "Peak Memory Usage": 9, "Plans": [{"Node Type": "Seq Scan", "Parent Relationship": "Outer", "Parallel Aware": false, "Relation Name": "region", "Schema": "public", "Alias": "region", "Startup Cost": 0.0, "Total Cost": 16.5, "Plan Rows": 3, "Plan Width": 4, "Actual Startup Time": 0.017, "Actual Total Time": 0.019, "Actual Rows": 1, "Actual Loops": 1, "Output": ["region.r_regionkey"], "Filter": "((region.r_name)::text = 'ASIA'::text)", "Rows Removed by Filter": 4}]}]}]}]}]}]}]}]}, {"Node Type": "Hash", "Parent Relationship": "Inner", "Parallel Aware": false, "Startup Cost": 322.0, "Total Cost": 322.0, "Plan Rows": 10000, "Plan Width": 8, "Actual Startup Time": 27.336, "Actual Total Time": 27.336, "Actual Rows": 10000, "Actual Loops": 1, "Output": ["supplier.s_suppkey", "supplier.s_nationkey"], "Hash Buckets": 16384, "Original Hash Buckets": 16384, "Hash Batches": 1, "Original Hash Batches": 1, "Peak Memory Usage": 519, "Plans": [{"Node Type": "Seq Scan", "Parent Relationship": "Outer", "Parallel Aware": false, "Relation Name": "supplier", "Schema": "public", "Alias": "supplier", "Startup Cost": 0.0, "Total Cost": 322.0, "Plan Rows": 10000, "Plan Width": 8, "Actual Startup Time": 0.014, "Actual Total Time": 12.173, "Actual Rows": 10000, "Actual Loops": 1, "Output": ["supplier.s_suppkey", "supplier.s_nationkey"]}]}]}]}]}]}, "Planning Time": 4.37, "Triggers": [], "Execution Time": 5817.516}]
q10#####[{"Plan": {"Node Type": "Aggregate", "Strategy": "Sorted", "Partial Mode": "Simple", "Parallel Aware": false, "Startup Cost": 262594.54, "Total Cost": 262594.82, "Plan Rows": 8, "Plan Width": 98, "Actual Startup Time": 5197.434, "Actual Total Time": 5199.126, "Actual Rows": 4, "Actual Loops": 1, "Output": ["n1.n_name", "n2.n_name", "(date_part('year'::text, (lineitem.l_shipdate)::timestamp without time zone))", "sum((lineitem.l_extendedprice * ('1'::numeric - lineitem.l_discount)))"], "Group Key": ["n1.n_name", "n2.n_name", "(date_part('year'::text, (lineitem.l_shipdate)::timestamp without time zone))"], "Plans": [{"Node Type": "Sort", "Parent Relationship": "Outer", "Parallel Aware": false, "Startup Cost": 262594.54, "Total Cost": 262594.56, "Plan Rows": 8, "Plan Width": 78, "Actual Startup Time": 5197.1, "Actual Total Time": 5197.532, "Actual Rows": 5857, "Actual Loops": 1, "Output": ["n1.n_name", "n2.n_name", "(date_part('year'::text, (lineitem.l_shipdate)::timestamp without time zone))", "lineitem.l_extendedprice", "lineitem.l_discount"], "Sort Key": ["n1.n_name", "n2.n_name", "(date_part('year'::text, (lineitem.l_shipdate)::timestamp without time zone))"], "Sort Method": "quicksort", "Sort Space Used": 650, "Sort Space Type": "Memory", "Plans": [{"Node Type": "Hash Join", "Parent Relationship": "Outer", "Parallel Aware": false, "Join Type": "Inner", "Startup Cost": 52933.46, "Total Cost": 262594.42, "Plan Rows": 8, "Plan Width": 78, "Actual Startup Time": 1065.209, "Actual Total Time": 5192.07, "Actual Rows": 5857, "Actual Loops": 1, "Output": ["n1.n_name", "n2.n_name", "date_part('year'::text, (lineitem.l_shipdate)::timestamp without time zone)", "lineitem.l_extendedprice", "lineitem.l_discount"], "Inner Unique": false, "Hash Cond": "(lineitem.l_orderkey = orders.o_orderkey)", "Join Filter": "((((n1.n_name)::text = 'BRAZIL'::text) AND ((n2.n_name)::text = 'CANADA'::text)) OR (((n1.n_name)::text = 'CANADA'::text) AND ((n2.n_name)::text = 'BRAZIL'::text)))", "Rows Removed by Join Filter": 5906, "Plans": [{"Node Type": "Hash Join", "Parent Relationship": "Outer", "Parallel Aware": false, "Join Type": "Inner", "Startup Cost": 367.41, "Total Cost": 209957.03, "Plan Rows": 18072, "Plan Width": 49, "Actual Startup Time": 2.029, "Actual Total Time": 3975.07, "Actual Rows": 147615, "Actual Loops": 1, "Output": ["lineitem.l_shipdate", "lineitem.l_extendedprice", "lineitem.l_discount", "lineitem.l_orderkey", "n1.n_name"], "Inner Unique": false, "Hash Cond": "(lineitem.l_suppkey = supplier.s_suppkey)", "Plans": [{"Node Type": "Seq Scan", "Parent Relationship": "Outer", "Parallel Aware": false, "Relation Name": "lineitem", "Schema": "public", "Alias": "lineitem", "Startup Cost": 0.0, "Total Cost": 202484.64, "Plan Rows": 1846489, "Plan Width": 24, "Actual Startup Time": 0.014, "Actual Total Time": 3747.445, "Actual Rows": 1827668, "Actual Loops": 1, "Output": ["lineitem.l_orderkey", "lineitem.l_partkey", "lineitem.l_suppkey", "lineitem.l_linenumber", "lineitem.l_quantity", "lineitem.l_extendedprice", "lineitem.l_discount", "lineitem.l_tax", "lineitem.l_returnflag", "lineitem.l_linestatus", "lineitem.l_shipdate", "lineitem.l_commitdate", "lineitem.l_receiptdate", "lineitem.l_shipinstruct", "lineitem.l_shipmode", "lineitem.l_comment"], "Filter": "((lineitem.l_shipdate >= '1995-01-01'::date) AND (lineitem.l_shipdate <= '1996-12-31'::date))", "Rows Removed by Filter": 4172335}, {"Node Type": "Hash", "Parent Relationship": "Inner", "Parallel Aware": false, "Startup Cost": 366.18, "Total Cost": 366.18, "Plan Rows": 98, "Plan Width": 33, "Actual Startup Time": 2.0, "Actual Total Time": 2.015, "Actual Rows": 809, "Actual Loops": 1, "Output": ["supplier.s_suppkey", "n1.n_name"], "Hash Buckets": 1024, "Original Hash Buckets": 1024, "Hash Batches": 1, "Original Hash Batches": 1, "Peak Memory Usage": 42, "Plans": [{"Node Type": "Hash Join", "Parent Relationship": "Outer", "Parallel Aware": false, "Join Type": "Inner", "Startup Cost": 17.71, "Total Cost": 366.18, "Plan Rows": 98, "Plan Width": 33, "Actual Startup Time": 0.018, "Actual Total Time": 1.878, "Actual Rows": 809, "Actual Loops": 1, "Output": ["supplier.s_suppkey", "n1.n_name"], "Inner Unique": true, "Hash Cond": "(supplier.s_nationkey = n1.n_nationkey)", "Plans": [{"Node Type": "Seq Scan", "Parent Relationship": "Outer", "Parallel Aware": false, "Relation Name": "supplier", "Schema": "public", "Alias": "supplier", "Startup Cost": 0.0, "Total Cost": 322.0, "Plan Rows": 10000, "Plan Width": 8, "Actual Startup Time": 0.004, "Actual Total Time": 0.858, "Actual Rows": 10000, "Actual Loops": 1, "Output": ["supplier.s_suppkey", "supplier.s_name", "supplier.s_address", "supplier.s_nationkey", "supplier.s_phone", "supplier.s_acctbal", "supplier.s_comment"]}, {"Node Type": "Hash", "Parent Relationship": "Inner", "Parallel Aware": false, "Startup Cost": 17.65, "Total Cost": 17.65, "Plan Rows": 5, "Plan Width": 33, "Actual Startup Time": 0.007, "Actual Total Time": 0.01, "Actual Rows": 2, "Actual Loops": 1, "Output": ["n1.n_name", "n1.n_nationkey"], "Hash Buckets": 1024, "Original Hash Buckets": 1024, "Hash Batches": 1, "Original Hash Batches": 1, "Peak Memory Usage": 9, "Plans": [{"Node Type": "Seq Scan", "Parent Relationship": "Outer", "Parallel Aware": false, "Relation Name": "nation", "Schema": "public", "Alias": "n1", "Startup Cost": 0.0, "Total Cost": 17.65, "Plan Rows": 5, "Plan Width": 33, "Actual Startup Time": 0.003, "Actual Total Time": 0.004, "Actual Rows": 2, "Actual Loops": 1, "Output": ["n1.n_name", "n1.n_nationkey"], "Filter": "(((n1.n_name)::text = 'BRAZIL'::text) OR ((n1.n_name)::text = 'CANADA'::text))", "Rows Removed by Filter": 23}]}]}]}]}, {"Node Type": "Hash", "Parent Relationship": "Inner", "Parallel Aware": false, "Startup Cost": 52382.22, "Total Cost": 52382.22, "Plan Rows": 14706, "Plan Width": 33, "Actual Startup Time": 1062.608, "Actual Total Time": 1062.718, "Actual Rows": 119826, "Actual Loops": 1, "Output": ["orders.o_orderkey", "n2.n_name"], "Hash Buckets": 131072, "Original Hash Buckets": 16384, "Hash Batches": 2, "Original Hash Batches": 1, "Peak Memory Usage": 3538, "Plans": [{"Node Type": "Hash Join", "Parent Relationship": "Outer", "Parallel Aware": false, "Join Type": "Inner", "Startup Cost": 5518.12, "Total Cost": 52382.22, "Plan Rows": 14706, "Plan Width": 33, "Actual Startup Time": 39.9, "Actual Total Time": 1003.266, "Actual Rows": 119826, "Actual Loops": 1, "Output": ["orders.o_orderkey", "n2.n_name"], "Inner Unique": false, "Hash Cond": "(orders.o_custkey = customer.c_custkey)", "Plans": [{"Node Type": "Seq Scan", "Parent Relationship": "Outer", "Parallel Aware": false, "Relation Name": "orders", "Schema": "public", "Alias": "orders", "Startup Cost": 0.0, "Total Cost": 41092.0, "Plan Rows": 1500000, "Plan Width": 8, "Actual Startup Time": 0.017, "Actual Total Time": 677.045, "Actual Rows": 1500000, "Actual Loops": 1, "Output": ["orders.o_orderkey", "orders.o_custkey", "orders.o_orderstatus", "orders.o_totalprice", "orders.o_orderdate", "orders.o_orderpriority", "orders.o_clerk", "orders.o_shippriority", "orders.o_comment"]}, {"Node Type": "Hash", "Parent Relationship": "Inner", "Parallel Aware": false, "Startup Cost": 5499.73, "Total Cost": 5499.73, "Plan Rows": 1471, "Plan Width": 33, "Actual Startup Time": 39.874, "Actual Total Time": 39.9, "Actual Rows": 12019, "Actual Loops": 1, "Output": ["customer.c_custkey", "n2.n_name"], "Hash Buckets": 16384, "Original Hash Buckets": 2048, "Hash Batches": 1, "Original Hash Batches": 1, "Peak Memory Usage": 633, "Plans": [{"Node Type": "Hash Join", "Parent Relationship": "Outer", "Parallel Aware": false, "Join Type": "Inner", "Startup Cost": 17.71, "Total Cost": 5499.73, "Plan Rows": 1471, "Plan Width": 33, "Actual Startup Time": 0.013, "Actual Total Time": 36.579, "Actual Rows": 12019, "Actual Loops": 1, "Output": ["customer.c_custkey", "n2.n_name"], "Inner Unique": true, "Hash Cond": "(customer.c_nationkey = n2.n_nationkey)", "Plans": [{"Node Type": "Seq Scan", "Parent Relationship": "Outer", "Parallel Aware": false, "Relation Name": "customer", "Schema": "public", "Alias": "customer", "Startup Cost": 0.0, "Total Cost": 5085.0, "Plan Rows": 150000, "Plan Width": 8, "Actual Startup Time": 0.002, "Actual Total Time": 12.788, "Actual Rows": 150000, "Actual Loops": 1, "Output": ["customer.c_custkey", "customer.c_name", "customer.c_address", "customer.c_nationkey", "customer.c_phone", "customer.c_acctbal", "customer.c_mktsegment", "customer.c_comment"]}, {"Node Type": "Hash", "Parent Relationship": "Inner", "Parallel Aware": false, "Startup Cost": 17.65, "Total Cost": 17.65, "Plan Rows": 5, "Plan Width": 33, "Actual Startup Time": 0.004, "Actual Total Time": 0.015, "Actual Rows": 2, "Actual Loops": 1, "Output": ["n2.n_name", "n2.n_nationkey"], "Hash Buckets": 1024, "Original Hash Buckets": 1024, "Hash Batches": 1, "Original Hash Batches": 1, "Peak Memory Usage": 9, "Plans": [{"Node Type": "Seq Scan", "Parent Relationship": "Outer", "Parallel Aware": false, "Relation Name": "nation", "Schema": "public", "Alias": "n2", "Startup Cost": 0.0, "Total Cost": 17.65, "Plan Rows": 5, "Plan Width": 33, "Actual Startup Time": 0.002, "Actual Total Time": 0.003, "Actual Rows": 2, "Actual Loops": 1, "Output": ["n2.n_name", "n2.n_nationkey"], "Filter": "(((n2.n_name)::text = 'CANADA'::text) OR ((n2.n_name)::text = 'BRAZIL'::text))", "Rows Removed by Filter": 23}]}]}]}]}]}]}]}]}, "Planning Time": 1.751, "Triggers": [], "Execution Time": 5199.572}]
q11#####[{"Plan": {"Node Type": "Aggregate", "Strategy": "Sorted", "Partial Mode": "Simple", "Parallel Aware": false, "Startup Cost": 262594.54, "Total Cost": 262594.82, "Plan Rows": 8, "Plan Width": 98, "Actual Startup Time": 5179.906, "Actual Total Time": 5180.998, "Actual Rows": 4, "Actual Loops": 1, "Output": ["n1.n_name", "n2.n_name", "(date_part('year'::text, (lineitem.l_shipdate)::timestamp without time zone))", "sum((lineitem.l_extendedprice * ('1'::numeric - lineitem.l_discount)))"], "Group Key": ["n1.n_name", "n2.n_name", "(date_part('year'::text, (lineitem.l_shipdate)::timestamp without time zone))"], "Plans": [{"Node Type": "Sort", "Parent Relationship": "Outer", "Parallel Aware": false, "Startup Cost": 262594.54, "Total Cost": 262594.56, "Plan Rows": 8, "Plan Width": 78, "Actual Startup Time": 5179.496, "Actual Total Time": 5179.773, "Actual Rows": 5985, "Actual Loops": 1, "Output": ["n1.n_name", "n2.n_name", "(date_part('year'::text, (lineitem.l_shipdate)::timestamp without time zone))", "lineitem.l_extendedprice", "lineitem.l_discount"], "Sort Key": ["n1.n_name", "n2.n_name", "(date_part('year'::text, (lineitem.l_shipdate)::timestamp without time zone))"], "Sort Method": "quicksort", "Sort Space Used": 660, "Sort Space Type": "Memory", "Plans": [{"Node Type": "Hash Join", "Parent Relationship": "Outer", "Parallel Aware": false, "Join Type": "Inner", "Startup Cost": 52933.46, "Total Cost": 262594.42, "Plan Rows": 8, "Plan Width": 78, "Actual Startup Time": 894.74, "Actual Total Time": 5172.934, "Actual Rows": 5985, "Actual Loops": 1, "Output": ["n1.n_name", "n2.n_name", "date_part('year'::text, (lineitem.l_shipdate)::timestamp without time zone)", "lineitem.l_extendedprice", "lineitem.l_discount"], "Inner Unique": false, "Hash Cond": "(lineitem.l_orderkey = orders.o_orderkey)", "Join Filter": "((((n1.n_name)::text = 'ROMANIA'::text) AND ((n2.n_name)::text = 'INDIA'::text)) OR (((n1.n_name)::text = 'INDIA'::text) AND ((n2.n_name)::text = 'ROMANIA'::text)))", "Rows Removed by Join Filter": 5929, "Plans": [{"Node Type": "Hash Join", "Parent Relationship": "Outer", "Parallel Aware": false, "Join Type": "Inner", "Startup Cost": 367.41, "Total Cost": 209957.03, "Plan Rows": 18072, "Plan Width": 49, "Actual Startup Time": 3.08, "Actual Total Time": 4146.74, "Actual Rows": 148333, "Actual Loops": 1, "Output": ["lineitem.l_shipdate", "lineitem.l_extendedprice", "lineitem.l_discount", "lineitem.l_orderkey", "n1.n_name"], "Inner Unique": false, "Hash Cond": "(lineitem.l_suppkey = supplier.s_suppkey)", "Plans": [{"Node Type": "Seq Scan", "Parent Relationship": "Outer", "Parallel Aware": false, "Relation Name": "lineitem", "Schema": "public", "Alias": "lineitem", "Startup Cost": 0.0, "Total Cost": 202484.64, "Plan Rows": 1846489, "Plan Width": 24, "Actual Startup Time": 0.013, "Actual Total Time": 3888.413, "Actual Rows": 1827668, "Actual Loops": 1, "Output": ["lineitem.l_orderkey", "lineitem.l_partkey", "lineitem.l_suppkey", "lineitem.l_linenumber", "lineitem.l_quantity", "lineitem.l_extendedprice", "lineitem.l_discount", "lineitem.l_tax", "lineitem.l_returnflag", "lineitem.l_linestatus", "lineitem.l_shipdate", "lineitem.l_commitdate", "lineitem.l_receiptdate", "lineitem.l_shipinstruct", "lineitem.l_shipmode", "lineitem.l_comment"], "Filter": "((lineitem.l_shipdate >= '1995-01-01'::date) AND (lineitem.l_shipdate <= '1996-12-31'::date))", "Rows Removed by Filter": 4172335}, {"Node Type": "Hash", "Parent Relationship": "Inner", "Parallel Aware": false, "Startup Cost": 366.18, "Total Cost": 366.18, "Plan Rows": 98, "Plan Width": 33, "Actual Startup Time": 2.742, "Actual Total Time": 2.754, "Actual Rows": 813, "Actual Loops": 1, "Output": ["supplier.s_suppkey", "n1.n_name"], "Hash Buckets": 1024, "Original Hash Buckets": 1024, "Hash Batches": 1, "Original Hash Batches": 1, "Peak Memory Usage": 43, "Plans": [{"Node Type": "Hash Join", "Parent Relationship": "Outer", "Parallel Aware": false, "Join Type": "Inner", "Startup Cost": 17.71, "Total Cost": 366.18, "Plan Rows": 98, "Plan Width": 33, "Actual Startup Time": 0.133, "Actual Total Time": 2.557, "Actual Rows": 813, "Actual Loops": 1, "Output": ["supplier.s_suppkey", "n1.n_name"], "Inner Unique": true, "Hash Cond": "(supplier.s_nationkey = n1.n_nationkey)", "Plans": [{"Node Type": "Seq Scan", "Parent Relationship": "Outer", "Parallel Aware": false, "Relation Name": "supplier", "Schema": "public", "Alias": "supplier", "Startup Cost": 0.0, "Total Cost": 322.0, "Plan Rows": 10000, "Plan Width": 8, "Actual Startup Time": 0.005, "Actual Total Time": 1.022, "Actual Rows": 10000, "Actual Loops": 1, "Output": ["supplier.s_suppkey", "supplier.s_name", "supplier.s_address", "supplier.s_nationkey", "supplier.s_phone", "supplier.s_acctbal", "supplier.s_comment"]}, {"Node Type": "Hash", "Parent Relationship": "Inner", "Parallel Aware": false, "Startup Cost": 17.65, "Total Cost": 17.65, "Plan Rows": 5, "Plan Width": 33, "Actual Startup Time": 0.014, "Actual Total Time": 0.017, "Actual Rows": 2, "Actual Loops": 1, "Output": ["n1.n_name", "n1.n_nationkey"], "Hash Buckets": 1024, "Original Hash Buckets": 1024, "Hash Batches": 1, "Original Hash Batches": 1, "Peak Memory Usage": 9, "Plans": [{"Node Type": "Seq Scan", "Parent Relationship": "Outer", "Parallel Aware": false, "Relation Name": "nation", "Schema": "public", "Alias": "n1", "Startup Cost": 0.0, "Total Cost": 17.65, "Plan Rows": 5, "Plan Width": 33, "Actual Startup Time": 0.005, "Actual Total Time": 0.009, "Actual Rows": 2, "Actual Loops": 1, "Output": ["n1.n_name", "n1.n_nationkey"], "Filter": "(((n1.n_name)::text = 'ROMANIA'::text) OR ((n1.n_name)::text = 'INDIA'::text))", "Rows Removed by Filter": 23}]}]}]}]}, {"Node Type": "Hash", "Parent Relationship": "Inner", "Parallel Aware": false, "Startup Cost": 52382.22, "Total Cost": 52382.22, "Plan Rows": 14706, "Plan Width": 33, "Actual Startup Time": 885.823, "Actual Total Time": 885.854, "Actual Rows": 120285, "Actual Loops": 1, "Output": ["orders.o_orderkey", "n2.n_name"], "Hash Buckets": 131072, "Original Hash Buckets": 16384, "Hash Batches": 2, "Original Hash Batches": 1, "Peak Memory Usage": 3552, "Plans": [{"Node Type": "Hash Join", "Parent Relationship": "Outer", "Parallel Aware": false, "Join Type": "Inner", "Startup Cost": 5518.12, "Total Cost": 52382.22, "Plan Rows": 14706, "Plan Width": 33, "Actual Startup Time": 54.074, "Actual Total Time": 824.819, "Actual Rows": 120285, "Actual Loops": 1, "Output": ["orders.o_orderkey", "n2.n_name"], "Inner Unique": false, "Hash Cond": "(orders.o_custkey = customer.c_custkey)", "Plans": [{"Node Type": "Seq Scan", "Parent Relationship": "Outer", "Parallel Aware": false, "Relation Name": "orders", "Schema": "public", "Alias": "orders", "Startup Cost": 0.0, "Total Cost": 41092.0, "Plan Rows": 1500000, "Plan Width": 8, "Actual Startup Time": 0.013, "Actual Total Time": 505.312, "Actual Rows": 1500000, "Actual Loops": 1, "Output": ["orders.o_orderkey", "orders.o_custkey", "orders.o_orderstatus", "orders.o_totalprice", "orders.o_orderdate", "orders.o_orderpriority", "orders.o_clerk", "orders.o_shippriority", "orders.o_comment"]}, {"Node Type": "Hash", "Parent Relationship": "Inner", "Parallel Aware": false, "Startup Cost": 5499.73, "Total Cost": 5499.73, "Plan Rows": 1471, "Plan Width": 33, "Actual Startup Time": 53.959, "Actual Total Time": 53.977, "Actual Rows": 12142, "Actual Loops": 1, "Output": ["customer.c_custkey", "n2.n_name"], "Hash Buckets": 16384, "Original Hash Buckets": 2048, "Hash Batches": 1, "Original Hash Batches": 1, "Peak Memory Usage": 638, "Plans": [{"Node Type": "Hash Join", "Parent Relationship": "Outer", "Parallel Aware": false, "Join Type": "Inner", "Startup Cost": 17.71, "Total Cost": 5499.73, "Plan Rows": 1471, "Plan Width": 33, "Actual Startup Time": 0.066, "Actual Total Time": 50.273, "Actual Rows": 12142, "Actual Loops": 1, "Output": ["customer.c_custkey", "n2.n_name"], "Inner Unique": true, "Hash Cond": "(customer.c_nationkey = n2.n_nationkey)", "Plans": [{"Node Type": "Seq Scan", "Parent Relationship": "Outer", "Parallel Aware": false, "Relation Name": "customer", "Schema": "public", "Alias": "customer", "Startup Cost": 0.0, "Total Cost": 5085.0, "Plan Rows": 150000, "Plan Width": 8, "Actual Startup Time": 0.003, "Actual Total Time": 25.8, "Actual Rows": 150000, "Actual Loops": 1, "Output": ["customer.c_custkey", "customer.c_name", "customer.c_address", "customer.c_nationkey", "customer.c_phone", "customer.c_acctbal", "customer.c_mktsegment", "customer.c_comment"]}, {"Node Type": "Hash", "Parent Relationship": "Inner", "Parallel Aware": false, "Startup Cost": 17.65, "Total Cost": 17.65, "Plan Rows": 5, "Plan Width": 33, "Actual Startup Time": 0.012, "Actual Total Time": 0.015, "Actual Rows": 2, "Actual Loops": 1, "Output": ["n2.n_name", "n2.n_nationkey"], "Hash Buckets": 1024, "Original Hash Buckets": 1024, "Hash Batches": 1, "Original Hash Batches": 1, "Peak Memory Usage": 9, "Plans": [{"Node Type": "Seq Scan", "Parent Relationship": "Outer", "Parallel Aware": false, "Relation Name": "nation", "Schema": "public", "Alias": "n2", "Startup Cost": 0.0, "Total Cost": 17.65, "Plan Rows": 5, "Plan Width": 33, "Actual Startup Time": 0.006, "Actual Total Time": 0.007, "Actual Rows": 2, "Actual Loops": 1, "Output": ["n2.n_name", "n2.n_nationkey"], "Filter": "(((n2.n_name)::text = 'INDIA'::text) OR ((n2.n_name)::text = 'ROMANIA'::text))", "Rows Removed by Filter": 23}]}]}]}]}]}]}]}]}, "Planning Time": 4.584, "Triggers": [], "Execution Time": 5181.439}]
q9#####[{"Plan": {"Node Type": "Aggregate", "Strategy": "Sorted", "Partial Mode": "Simple", "Parallel Aware": false, "Startup Cost": 261738.9, "Total Cost": 261742.05, "Plan Rows": 70, "Plan Width": 40, "Actual Startup Time": 7548.569, "Actual Total Time": 7552.289, "Actual Rows": 2, "Actual Loops": 1, "Output": ["(date_part('year'::text, (orders.o_orderdate)::timestamp without time zone))", "(sum(CASE WHEN ((n2.n_name)::text = 'MOZAMBIQUE'::text) THEN (lineitem.l_extendedprice * ('1'::numeric - lineitem.l_discount)) ELSE '0'::numeric END) / sum((lineitem.l_extendedprice * ('1'::numeric - lineitem.l_discount))))"], "Group Key": ["(date_part('year'::text, (orders.o_orderdate)::timestamp without time zone))"], "Plans": [{"Node Type": "Sort", "Parent Relationship": "Outer", "Parallel Aware": false, "Startup Cost": 261738.9, "Total Cost": 261739.08, "Plan Rows": 70, "Plan Width": 49, "Actual Startup Time": 7548.101, "Actual Total Time": 7551.603, "Actual Rows": 2568, "Actual Loops": 1, "Output": ["(date_part('year'::text, (orders.o_orderdate)::timestamp without time zone))", "n2.n_name", "lineitem.l_extendedprice", "lineitem.l_discount"], "Sort Key": ["(date_part('year'::text, (orders.o_orderdate)::timestamp without time zone))"], "Sort Method": "quicksort", "Sort Space Used": 297, "Sort Space Type": "Memory", "Plans": [{"Node Type": "Hash Join", "Parent Relationship": "Outer", "Parallel Aware": false, "Join Type": "Inner", "Startup Cost": 210625.54, "Total Cost": 261736.75, "Plan Rows": 70, "Plan Width": 49, "Actual Startup Time": 5619.149, "Actual Total Time": 7548.395, "Actual Rows": 2568, "Actual Loops": 1, "Output": ["date_part('year'::text, (orders.o_orderdate)::timestamp without time zone)", "n2.n_name", "lineitem.l_extendedprice", "lineitem.l_discount"], "Inner Unique": false, "Hash Cond": "(orders.o_custkey = customer.c_custkey)", "Plans": [{"Node Type": "Hash Join", "Parent Relationship": "Outer", "Parallel Aware": false, "Join Type": "Inner", "Startup Cost": 203516.95, "Total Cost": 253938.95, "Plan Rows": 12069, "Plan Width": 49, "Actual Startup Time": 5553.896, "Actual Total Time": 7414.711, "Actual Rows": 12988, "Actual Loops": 1, "Output": ["lineitem.l_extendedprice", "lineitem.l_discount", "orders.o_orderdate", "orders.o_custkey", "n2.n_name"], "Inner Unique": false, "Hash Cond": "(orders.o_orderkey = lineitem.l_orderkey)", "Plans": [{"Node Type": "Seq Scan", "Parent Relationship": "Outer", "Parallel Aware": false, "Relation Name": "orders", "Schema": "public", "Alias": "orders", "Startup Cost": 0.0, "Total Cost": 48592.0, "Plan Rows": 455817, "Plan Width": 12, "Actual Startup Time": 0.025, "Actual Total Time": 1660.657, "Actual Rows": 457263, "Actual Loops": 1, "Output": ["orders.o_orderkey", "orders.o_custkey", "orders.o_orderstatus", "orders.o_totalprice", "orders.o_orderdate", "orders.o_orderpriority", "orders.o_clerk", "orders.o_shippriority", "orders.o_comment"], "Filter": "((orders.o_orderdate >= '1995-01-01'::date) AND (orders.o_orderdate <= '1996-12-31'::date))", "Rows Removed by Filter": 1042737}, {"Node Type": "Hash", "Parent Relationship": "Inner", "Parallel Aware": false, "Startup Cost": 203020.49, "Total Cost": 203020.49, "Plan Rows": 39717, "Plan Width": 45, "Actual Startup Time": 5548.779, "Actual Total Time": 5552.122, "Actual Rows": 42063, "Actual Loops": 1, "Output": ["lineitem.l_extendedprice", "lineitem.l_discount", "lineitem.l_orderkey", "n2.n_name"], "Hash Buckets": 65536, "Original Hash Buckets": 65536, "Hash Batches": 1, "Original Hash Batches": 1, "Peak Memory Usage": 2939, "Plans": [{"Node Type": "Hash Join", "Parent Relationship": "Outer", "Parallel Aware": false, "Join Type": "Inner", "Startup Cost": 7092.52, "Total Cost": 203020.49, "Plan Rows": 39717, "Plan Width": 45, "Actual Startup Time": 592.074, "Actual Total Time": 5510.736, "Actual Rows": 42063, "Actual Loops": 1, "Output": ["lineitem.l_extendedprice", "lineitem.l_discount", "lineitem.l_orderkey", "n2.n_name"], "Inner Unique": false, "Hash Cond": "(lineitem.l_suppkey = supplier.s_suppkey)", "Plans": [{"Node Type": "Hash Join", "Parent Relationship": "Outer", "Parallel Aware": false, "Join Type": "Inner", "Startup Cost": 6597.57, "Total Cost": 201979.17, "Plan Rows": 39785, "Plan Width": 20, "Actual Startup Time": 583.851, "Actual Total Time": 5451.407, "Actual Rows": 42063, "Actual Loops": 1, "Output": ["lineitem.l_extendedprice", "lineitem.l_discount", "lineitem.l_suppkey", "lineitem.l_orderkey"], "Inner Unique": false, "Hash Cond": "(lineitem.l_partkey = part.p_partkey)", "Plans": [{"Node Type": "Seq Scan", "Parent Relationship": "Outer", "Parallel Aware": false, "Relation Name": "lineitem", "Schema": "public", "Alias": "lineitem", "Startup Cost": 0.0, "Total Cost": 172481.09, "Plan Rows": 6000709, "Plan Width": 24, "Actual Startup Time": 0.019, "Actual Total Time": 4182.05, "Actual Rows": 6000003, "Actual Loops": 1, "Output": ["lineitem.l_orderkey", "lineitem.l_partkey", "lineitem.l_suppkey", "lineitem.l_linenumber", "lineitem.l_quantity", "lineitem.l_extendedprice", "lineitem.l_discount", "lineitem.l_tax", "lineitem.l_returnflag", "lineitem.l_linestatus", "lineitem.l_shipdate", "lineitem.l_commitdate", "lineitem.l_receiptdate", "lineitem.l_shipinstruct", "lineitem.l_shipmode", "lineitem.l_comment"]}, {"Node Type": "Hash", "Parent Relationship": "Inner", "Parallel Aware": false, "Startup Cost": 6581.0, "Total Cost": 6581.0, "Plan Rows": 1326, "Plan Width": 4, "Actual Startup Time": 583.632, "Actual Total Time": 583.691, "Actual Rows": 1413, "Actual Loops": 1, "Output": ["part.p_partkey"], "Hash Buckets": 2048, "Original Hash Buckets": 2048, "Hash Batches": 1, "Original Hash Batches": 1, "Peak Memory Usage": 66, "Plans": [{"Node Type": "Seq Scan", "Parent Relationship": "Outer", "Parallel Aware": false, "Relation Name": "part", "Schema": "public", "Alias": "part", "Startup Cost": 0.0, "Total Cost": 6581.0, "Plan Rows": 1326, "Plan Width": 4, "Actual Startup Time": 1.798, "Actual Total Time": 573.18, "Actual Rows": 1413, "Actual Loops": 1, "Output": ["part.p_partkey"], "Filter": "((part.p_type)::text = 'SMALL BRUSHED TIN'::text)", "Rows Removed by Filter": 198587}]}]}, {"Node Type": "Hash", "Parent Relationship": "Inner", "Parallel Aware": false, "Startup Cost": 369.95, "Total Cost": 369.95, "Plan Rows": 10000, "Plan Width": 33, "Actual Startup Time": 7.743, "Actual Total Time": 8.016, "Actual Rows": 10000, "Actual Loops": 1, "Output": ["supplier.s_suppkey", "n2.n_name"], "Hash Buckets": 16384, "Original Hash Buckets": 16384, "Hash Batches": 1, "Original Hash Batches": 1, "Peak Memory Usage": 559, "Plans": [{"Node Type": "Hash Join", "Parent Relationship": "Outer", "Parallel Aware": false, "Join Type": "Inner", "Startup Cost": 21.48, "Total Cost": 369.95, "Plan Rows": 10000, "Plan Width": 33, "Actual Startup Time": 0.234, "Actual Total Time": 3.589, "Actual Rows": 10000, "Actual Loops": 1, "Output": ["supplier.s_suppkey", "n2.n_name"], "Inner Unique": true, "Hash Cond": "(supplier.s_nationkey = n2.n_nationkey)", "Plans": [{"Node Type": "Seq Scan", "Parent Relationship": "Outer", "Parallel Aware": false, "Relation Name": "supplier", "Schema": "public", "Alias": "supplier", "Startup Cost": 0.0, "Total Cost": 322.0, "Plan Rows": 10000, "Plan Width": 8, "Actual Startup Time": 0.007, "Actual Total Time": 1.026, "Actual Rows": 10000, "Actual Loops": 1, "Output": ["supplier.s_suppkey", "supplier.s_name", "supplier.s_address", "supplier.s_nationkey", "supplier.s_phone", "supplier.s_acctbal", "supplier.s_comment"]}, {"Node Type": "Hash", "Parent Relationship": "Inner", "Parallel Aware": false, "Startup Cost": 15.1, "Total Cost": 15.1, "Plan Rows": 510, "Plan Width": 33, "Actual Startup Time": 0.041, "Actual Total Time": 0.053, "Actual Rows": 25, "Actual Loops": 1, "Output": ["n2.n_name", "n2.n_nationkey"], "Hash Buckets": 1024, "Original Hash Buckets": 1024, "Hash Batches": 1, "Original Hash Batches": 1, "Peak Memory Usage": 10, "Plans": [{"Node Type": "Seq Scan", "Parent Relationship": "Outer", "Parallel Aware": false, "Relation Name": "nation", "Schema": "public", "Alias": "n2", "Startup Cost": 0.0, "Total Cost": 15.1, "Plan Rows": 510, "Plan Width": 33, "Actual Startup Time": 0.006, "Actual Total Time": 0.015, "Actual Rows": 25, "Actual Loops": 1, "Output": ["n2.n_name", "n2.n_nationkey"]}]}]}]}]}]}]}, {"Node Type": "Hash", "Parent Relationship": "Inner", "Parallel Aware": false, "Startup Cost": 5689.34, "Total Cost": 5689.34, "Plan Rows": 86500, "Plan Width": 4, "Actual Startup Time": 59.892, "Actual Total Time": 59.929, "Actual Rows": 29764, "Actual Loops": 1, "Output": ["customer.c_custkey"], "Hash Buckets": 131072, "Original Hash Buckets": 131072, "Hash Batches": 2, "Original Hash Batches": 2, "Peak Memory Usage": 1541, "Plans": [{"Node Type": "Hash Join", "Parent Relationship": "Outer", "Parallel Aware": false, "Join Type": "Inner", "Startup Cost": 33.02, "Total Cost": 5689.34, "Plan Rows": 86500, "Plan Width": 4, "Actual Startup Time": 0.225, "Actual Total Time": 46.942, "Actual Rows": 29764, "Actual Loops": 1, "Output": ["customer.c_custkey"], "Inner Unique": false, "Hash Cond": "(customer.c_nationkey = n1.n_nationkey)", "Plans": [{"Node Type": "Seq Scan", "Parent Relationship": "Outer", "Parallel Aware": false, "Relation Name": "customer", "Schema": "public", "Alias": "customer", "Startup Cost": 0.0, "Total Cost": 5085.0, "Plan Rows": 150000, "Plan Width": 8, "Actual Startup Time": 0.039, "Actual Total Time": 14.134, "Actual Rows": 150000, "Actual Loops": 1, "Output": ["customer.c_custkey", "customer.c_name", "customer.c_address", "customer.c_nationkey", "customer.c_phone", "customer.c_acctbal", "customer.c_mktsegment", "customer.c_comment"]}, {"Node Type": "Hash", "Parent Relationship": "Inner", "Parallel Aware": false, "Startup Cost": 32.99, "Total Cost": 32.99, "Plan Rows": 3, "Plan Width": 4, "Actual Startup Time": 0.152, "Actual Total Time": 0.161, "Actual Rows": 5, "Actual Loops": 1, "Output": ["n1.n_nationkey"], "Hash Buckets": 1024, "Original Hash Buckets": 1024, "Hash Batches": 1, "Original Hash Batches": 1, "Peak Memory Usage": 9, "Plans": [{"Node Type": "Hash Join", "Parent Relationship": "Outer", "Parallel Aware": false, "Join Type": "Inner", "Startup Cost": 16.54, "Total Cost": 32.99, "Plan Rows": 3, "Plan Width": 4, "Actual Startup Time": 0.13, "Actual Total Time": 0.144, "Actual Rows": 5, "Actual Loops": 1, "Output": ["n1.n_nationkey"], "Inner Unique": true, "Hash Cond": "(n1.n_regionkey = region.r_regionkey)", "Plans": [{"Node Type": "Seq Scan", "Parent Relationship": "Outer", "Parallel Aware": false, "Relation Name": "nation", "Schema": "public", "Alias": "n1", "Startup Cost": 0.0, "Total Cost": 15.1, "Plan Rows": 510, "Plan Width": 8, "Actual Startup Time": 0.011, "Actual Total Time": 0.019, "Actual Rows": 25, "Actual Loops": 1, "Output": ["n1.n_nationkey", "n1.n_name", "n1.n_regionkey", "n1.n_comment"]}, {"Node Type": "Hash", "Parent Relationship": "Inner", "Parallel Aware": false, "Startup Cost": 16.5, "Total Cost": 16.5, "Plan Rows": 3, "Plan Width": 4, "Actual Startup Time": 0.061, "Actual Total Time": 0.062, "Actual Rows": 1, "Actual Loops": 1, "Output": ["region.r_regionkey"], "Hash Buckets": 1024, "Original Hash Buckets": 1024, "Hash Batches": 1, "Original Hash Batches": 1, "Peak Memory Usage": 9, "Plans": [{"Node Type": "Seq Scan", "Parent Relationship": "Outer", "Parallel Aware": false, "Relation Name": "region", "Schema": "public", "Alias": "region", "Startup Cost": 0.0, "Total Cost": 16.5, "Plan Rows": 3, "Plan Width": 4, "Actual Startup Time": 0.043, "Actual Total Time": 0.045, "Actual Rows": 1, "Actual Loops": 1, "Output": ["region.r_regionkey"], "Filter": "((region.r_name)::text = 'AFRICA'::text)", "Rows Removed by Filter": 4}]}]}]}]}]}]}]}]}, "Planning Time": 15.137, "Triggers": [], "Execution Time": 7555.387}]
q12#####[{"Plan": {"Node Type": "Aggregate", "Strategy": "Sorted", "Partial Mode": "Simple", "Parallel Aware": false, "Startup Cost": 262594.54, "Total Cost": 262594.82, "Plan Rows": 8, "Plan Width": 98, "Actual Startup Time": 6463.843, "Actual Total Time": 6466.428, "Actual Rows": 4, "Actual Loops": 1, "Output": ["n1.n_name", "n2.n_name", "(date_part('year'::text, (lineitem.l_shipdate)::timestamp without time zone))", "sum((lineitem.l_extendedprice * ('1'::numeric - lineitem.l_discount)))"], "Group Key": ["n1.n_name", "n2.n_name", "(date_part('year'::text, (lineitem.l_shipdate)::timestamp without time zone))"], "Plans": [{"Node Type": "Sort", "Parent Relationship": "Outer", "Parallel Aware": false, "Startup Cost": 262594.54, "Total Cost": 262594.56, "Plan Rows": 8, "Plan Width": 78, "Actual Startup Time": 6463.382, "Actual Total Time": 6464.252, "Actual Rows": 5952, "Actual Loops": 1, "Output": ["n1.n_name", "n2.n_name", "(date_part('year'::text, (lineitem.l_shipdate)::timestamp without time zone))", "lineitem.l_extendedprice", "lineitem.l_discount"], "Sort Key": ["n1.n_name", "n2.n_name", "(date_part('year'::text, (lineitem.l_shipdate)::timestamp without time zone))"], "Sort Method": "quicksort", "Sort Space Used": 658, "Sort Space Type": "Memory", "Plans": [{"Node Type": "Hash Join", "Parent Relationship": "Outer", "Parallel Aware": false, "Join Type": "Inner", "Startup Cost": 52933.46, "Total Cost": 262594.42, "Plan Rows": 8, "Plan Width": 78, "Actual Startup Time": 1799.381, "Actual Total Time": 6455.752, "Actual Rows": 5952, "Actual Loops": 1, "Output": ["n1.n_name", "n2.n_name", "date_part('year'::text, (lineitem.l_shipdate)::timestamp without time zone)", "lineitem.l_extendedprice", "lineitem.l_discount"], "Inner Unique": false, "Hash Cond": "(lineitem.l_orderkey = orders.o_orderkey)", "Join Filter": "((((n1.n_name)::text = 'VIETNAM'::text) AND ((n2.n_name)::text = 'RUSSIA'::text)) OR (((n1.n_name)::text = 'RUSSIA'::text) AND ((n2.n_name)::text = 'VIETNAM'::text)))", "Rows Removed by Join Filter": 6136, "Plans": [{"Node Type": "Hash Join", "Parent Relationship": "Outer", "Parallel Aware": false, "Join Type": "Inner", "Startup Cost": 367.41, "Total Cost": 209957.03, "Plan Rows": 18072, "Plan Width": 49, "Actual Startup Time": 1.631, "Actual Total Time": 4469.156, "Actual Rows": 146501, "Actual Loops": 1, "Output": ["lineitem.l_shipdate", "lineitem.l_extendedprice", "lineitem.l_discount", "lineitem.l_orderkey", "n1.n_name"], "Inner Unique": false, "Hash Cond": "(lineitem.l_suppkey = supplier.s_suppkey)", "Plans": [{"Node Type": "Seq Scan", "Parent Relationship": "Outer", "Parallel Aware": false, "Relation Name": "lineitem", "Schema": "public", "Alias": "lineitem", "Startup Cost": 0.0, "Total Cost": 202484.64, "Plan Rows": 1846489, "Plan Width": 24, "Actual Startup Time": 0.1, "Actual Total Time": 4128.63, "Actual Rows": 1827668, "Actual Loops": 1, "Output": ["lineitem.l_orderkey", "lineitem.l_partkey", "lineitem.l_suppkey", "lineitem.l_linenumber", "lineitem.l_quantity", "lineitem.l_extendedprice", "lineitem.l_discount", "lineitem.l_tax", "lineitem.l_returnflag", "lineitem.l_linestatus", "lineitem.l_shipdate", "lineitem.l_commitdate", "lineitem.l_receiptdate", "lineitem.l_shipinstruct", "lineitem.l_shipmode", "lineitem.l_comment"], "Filter": "((lineitem.l_shipdate >= '1995-01-01'::date) AND (lineitem.l_shipdate <= '1996-12-31'::date))", "Rows Removed by Filter": 4172335}, {"Node Type": "Hash", "Parent Relationship": "Inner", "Parallel Aware": false, "Startup Cost": 366.18, "Total Cost": 366.18, "Plan Rows": 98, "Plan Width": 33, "Actual Startup Time": 1.5, "Actual Total Time": 1.766, "Actual Rows": 800, "Actual Loops": 1, "Output": ["supplier.s_suppkey", "n1.n_name"], "Hash Buckets": 1024, "Original Hash Buckets": 1024, "Hash Batches": 1, "Original Hash Batches": 1, "Peak Memory Usage": 42, "Plans": [{"Node Type": "Hash Join", "Parent Relationship": "Outer", "Parallel Aware": false, "Join Type": "Inner", "Startup Cost": 17.71, "Total Cost": 366.18, "Plan Rows": 98, "Plan Width": 33, "Actual Startup Time": 0.039, "Actual Total Time": 1.623, "Actual Rows": 800, "Actual Loops": 1, "Output": ["supplier.s_suppkey", "n1.n_name"], "Inner Unique": true, "Hash Cond": "(supplier.s_nationkey = n1.n_nationkey)", "Plans": [{"Node Type": "Seq Scan", "Parent Relationship": "Outer", "Parallel Aware": false, "Relation Name": "supplier", "Schema": "public", "Alias": "supplier", "Startup Cost": 0.0, "Total Cost": 322.0, "Plan Rows": 10000, "Plan Width": 8, "Actual Startup Time": 0.005, "Actual Total Time": 0.496, "Actual Rows": 10000, "Actual Loops": 1, "Output": ["supplier.s_suppkey", "supplier.s_name", "supplier.s_address", "supplier.s_nationkey", "supplier.s_phone", "supplier.s_acctbal", "supplier.s_comment"]}, {"Node Type": "Hash", "Parent Relationship": "Inner", "Parallel Aware": false, "Startup Cost": 17.65, "Total Cost": 17.65, "Plan Rows": 5, "Plan Width": 33, "Actual Startup Time": 0.016, "Actual Total Time": 0.25, "Actual Rows": 2, "Actual Loops": 1, "Output": ["n1.n_name", "n1.n_nationkey"], "Hash Buckets": 1024, "Original Hash Buckets": 1024, "Hash Batches": 1, "Original Hash Batches": 1, "Peak Memory Usage": 9, "Plans": [{"Node Type": "Seq Scan", "Parent Relationship": "Outer", "Parallel Aware": false, "Relation Name": "nation", "Schema": "public", "Alias": "n1", "Startup Cost": 0.0, "Total Cost": 17.65, "Plan Rows": 5, "Plan Width": 33, "Actual Startup Time": 0.01, "Actual Total Time": 0.014, "Actual Rows": 2, "Actual Loops": 1, "Output": ["n1.n_name", "n1.n_nationkey"], "Filter": "(((n1.n_name)::text = 'VIETNAM'::text) OR ((n1.n_name)::text = 'RUSSIA'::text))", "Rows Removed by Filter": 23}]}]}]}]}, {"Node Type": "Hash", "Parent Relationship": "Inner", "Parallel Aware": false, "Startup Cost": 52382.22, "Total Cost": 52382.22, "Plan Rows": 14706, "Plan Width": 33, "Actual Startup Time": 1789.677, "Actual Total Time": 1789.889, "Actual Rows": 121483, "Actual Loops": 1, "Output": ["orders.o_orderkey", "n2.n_name"], "Hash Buckets": 131072, "Original Hash Buckets": 16384, "Hash Batches": 2, "Original Hash Batches": 1, "Peak Memory Usage": 3595, "Plans": [{"Node Type": "Hash Join", "Parent Relationship": "Outer", "Parallel Aware": false, "Join Type": "Inner", "Startup Cost": 5518.12, "Total Cost": 52382.22, "Plan Rows": 14706, "Plan Width": 33, "Actual Startup Time": 55.325, "Actual Total Time": 1688.572, "Actual Rows": 121483, "Actual Loops": 1, "Output": ["orders.o_orderkey", "n2.n_name"], "Inner Unique": false, "Hash Cond": "(orders.o_custkey = customer.c_custkey)", "Plans": [{"Node Type": "Seq Scan", "Parent Relationship": "Outer", "Parallel Aware": false, "Relation Name": "orders", "Schema": "public", "Alias": "orders", "Startup Cost": 0.0, "Total Cost": 41092.0, "Plan Rows": 1500000, "Plan Width": 8, "Actual Startup Time": 0.009, "Actual Total Time": 1286.343, "Actual Rows": 1500000, "Actual Loops": 1, "Output": ["orders.o_orderkey", "orders.o_custkey", "orders.o_orderstatus", "orders.o_totalprice", "orders.o_orderdate", "orders.o_orderpriority", "orders.o_clerk", "orders.o_shippriority", "orders.o_comment"]}, {"Node Type": "Hash", "Parent Relationship": "Inner", "Parallel Aware": false, "Startup Cost": 5499.73, "Total Cost": 5499.73, "Plan Rows": 1471, "Plan Width": 33, "Actual Startup Time": 55.277, "Actual Total Time": 55.301, "Actual Rows": 12086, "Actual Loops": 1, "Output": ["customer.c_custkey", "n2.n_name"], "Hash Buckets": 16384, "Original Hash Buckets": 2048, "Hash Batches": 1, "Original Hash Batches": 1, "Peak Memory Usage": 642, "Plans": [{"Node Type": "Hash Join", "Parent Relationship": "Outer", "Parallel Aware": false, "Join Type": "Inner", "Startup Cost": 17.71, "Total Cost": 5499.73, "Plan Rows": 1471, "Plan Width": 33, "Actual Startup Time": 0.058, "Actual Total Time": 50.85, "Actual Rows": 12086, "Actual Loops": 1, "Output": ["customer.c_custkey", "n2.n_name"], "Inner Unique": true, "Hash Cond": "(customer.c_nationkey = n2.n_nationkey)", "Plans": [{"Node Type": "Seq Scan", "Parent Relationship": "Outer", "Parallel Aware": false, "Relation Name": "customer", "Schema": "public", "Alias": "customer", "Startup Cost": 0.0, "Total Cost": 5085.0, "Plan Rows": 150000, "Plan Width": 8, "Actual Startup Time": 0.003, "Actual Total Time": 13.36, "Actual Rows": 150000, "Actual Loops": 1, "Output": ["customer.c_custkey", "customer.c_name", "customer.c_address", "customer.c_nationkey", "customer.c_phone", "customer.c_acctbal", "customer.c_mktsegment", "customer.c_comment"]}, {"Node Type": "Hash", "Parent Relationship": "Inner", "Parallel Aware": false, "Startup Cost": 17.65, "Total Cost": 17.65, "Plan Rows": 5, "Plan Width": 33, "Actual Startup Time": 0.011, "Actual Total Time": 0.014, "Actual Rows": 2, "Actual Loops": 1, "Output": ["n2.n_name", "n2.n_nationkey"], "Hash Buckets": 1024, "Original Hash Buckets": 1024, "Hash Batches": 1, "Original Hash Batches": 1, "Peak Memory Usage": 9, "Plans": [{"Node Type": "Seq Scan", "Parent Relationship": "Outer", "Parallel Aware": false, "Relation Name": "nation", "Schema": "public", "Alias": "n2", "Startup Cost": 0.0, "Total Cost": 17.65, "Plan Rows": 5, "Plan Width": 33, "Actual Startup Time": 0.004, "Actual Total Time": 0.005, "Actual Rows": 2, "Actual Loops": 1, "Output": ["n2.n_name", "n2.n_nationkey"], "Filter": "(((n2.n_name)::text = 'RUSSIA'::text) OR ((n2.n_name)::text = 'VIETNAM'::text))", "Rows Removed by Filter": 23}]}]}]}]}]}]}]}]}, "Planning Time": 14.523, "Triggers": [], "Execution Time": 6467.634}]
q13#####[{"Plan": {"Node Type": "Sort", "Parallel Aware": false, "Startup Cost": 3024189.51, "Total Cost": 3037793.76, "Plan Rows": 5441700, "Plan Width": 205, "Actual Startup Time": 10225.587, "Actual Total Time": 10232.057, "Actual Rows": 38269, "Actual Loops": 1, "Output": ["customer.c_custkey", "customer.c_name", "(sum((lineitem.l_extendedprice * ('1'::numeric - lineitem.l_discount))))", "customer.c_acctbal", "nation.n_name", "customer.c_address", "customer.c_phone", "customer.c_comment"], "Sort Key": ["(sum((lineitem.l_extendedprice * ('1'::numeric - lineitem.l_discount)))) DESC"], "Sort Method": "external merge", "Sort Space Used": 6464, "Sort Space Type": "Disk", "Plans": [{"Node Type": "Aggregate", "Strategy": "Sorted", "Partial Mode": "Simple", "Parent Relationship": "Outer", "Parallel Aware": false, "Startup Cost": 278439.27, "Total Cost": 797216.79, "Plan Rows": 5441700, "Plan Width": 205, "Actual Startup Time": 9227.112, "Actual Total Time": 10183.06, "Actual Rows": 38269, "Actual Loops": 1, "Output": ["customer.c_custkey", "customer.c_name", "sum((lineitem.l_extendedprice * ('1'::numeric - lineitem.l_discount)))", "customer.c_acctbal", "nation.n_name", "customer.c_address", "customer.c_phone", "customer.c_comment"], "Group Key": ["customer.c_custkey", "customer.c_name", "customer.c_acctbal", "customer.c_phone", "nation.n_name", "customer.c_address", "customer.c_comment"], "Plans": [{"Node Type": "Incremental Sort", "Parent Relationship": "Outer", "Parallel Aware": false, "Startup Cost": 278439.27, "Total Cost": 593153.04, "Plan Rows": 5441700, "Plan Width": 185, "Actual Startup Time": 9227.051, "Actual Total Time": 10125.872, "Actual Rows": 112872, "Actual Loops": 1, "Output": ["customer.c_custkey", "customer.c_name", "customer.c_acctbal", "nation.n_name", "customer.c_address", "customer.c_phone", "customer.c_comment", "lineitem.l_extendedprice", "lineitem.l_discount"], "Sort Key": ["customer.c_custkey", "customer.c_name", "customer.c_acctbal", "customer.c_phone", "nation.n_name", "customer.c_address", "customer.c_comment"], "Presorted Key": ["customer.c_custkey"], "Full-sort Groups": {"Group Count": 3358, "Sort Methods Used": ["quicksort"], "Sort Space Memory": {"Average Sort Space Used": 33, "Peak Sort Space Used": 33}}, "Plans": [{"Node Type": "Merge Join", "Parent Relationship": "Outer", "Parallel Aware": false, "Join Type": "Inner", "Startup Cost": 278437.69, "Total Cost": 280003.94, "Plan Rows": 5441700, "Plan Width": 185, "Actual Startup Time": 9226.94, "Actual Total Time": 10077.225, "Actual Rows": 112872, "Actual Loops": 1, "Output": ["customer.c_custkey", "customer.c_name", "customer.c_acctbal", "nation.n_name", "customer.c_address", "customer.c_phone", "customer.c_comment", "lineitem.l_extendedprice", "lineitem.l_discount"], "Inner Unique": false, "Merge Cond": "(customer.c_custkey = orders.o_custkey)", "Plans": [{"Node Type": "Sort", "Parent Relationship": "Outer", "Parallel Aware": false, "Startup Cost": 31219.95, "Total Cost": 31594.95, "Plan Rows": 150000, "Plan Width": 173, "Actual Startup Time": 285.854, "Actual Total Time": 1105.183, "Actual Rows": 150000, "Actual Loops": 1, "Output": ["customer.c_custkey", "customer.c_name", "customer.c_acctbal", "customer.c_address", "customer.c_phone", "customer.c_comment", "nation.n_name"], "Sort Key": ["customer.c_custkey"], "Sort Method": "external merge", "Sort Space Used": 24056, "Sort Space Type": "Disk", "Plans": [{"Node Type": "Hash Join", "Parent Relationship": "Outer", "Parallel Aware": false, "Join Type": "Inner", "Startup Cost": 21.48, "Total Cost": 5503.5, "Plan Rows": 150000, "Plan Width": 173, "Actual Startup Time": 0.057, "Actual Total Time": 47.501, "Actual Rows": 150000, "Actual Loops": 1, "Output": ["customer.c_custkey", "customer.c_name", "customer.c_acctbal", "customer.c_address", "customer.c_phone", "customer.c_comment", "nation.n_name"], "Inner Unique": true, "Hash Cond": "(customer.c_nationkey = nation.n_nationkey)", "Plans": [{"Node Type": "Seq Scan", "Parent Relationship": "Outer", "Parallel Aware": false, "Relation Name": "customer", "Schema": "public", "Alias": "customer", "Startup Cost": 0.0, "Total Cost": 5085.0, "Plan Rows": 150000, "Plan Width": 148, "Actual Startup Time": 0.009, "Actual Total Time": 11.67, "Actual Rows": 150000, "Actual Loops": 1, "Output": ["customer.c_custkey", "customer.c_name", "customer.c_address", "customer.c_nationkey", "customer.c_phone", "customer.c_acctbal", "customer.c_mktsegment", "customer.c_comment"]}, {"Node Type": "Hash", "Parent Relationship": "Inner", "Parallel Aware": false, "Startup Cost": 15.1, "Total Cost": 15.1, "Plan Rows": 510, "Plan Width": 33, "Actual Startup Time": 0.014, "Actual Total Time": 0.019, "Actual Rows": 25, "Actual Loops": 1, "Output": ["nation.n_name", "nation.n_nationkey"], "Hash Buckets": 1024, "Original Hash Buckets": 1024, "Hash Batches": 1, "Original Hash Batches": 1, "Peak Memory Usage": 10, "Plans": [{"Node Type": "Seq Scan", "Parent Relationship": "Outer", "Parallel Aware": false, "Relation Name": "nation", "Schema": "public", "Alias": "nation", "Startup Cost": 0.0, "Total Cost": 15.1, "Plan Rows": 510, "Plan Width": 33, "Actual Startup Time": 0.003, "Actual Total Time": 0.005, "Actual Rows": 25, "Actual Loops": 1, "Output": ["nation.n_name", "nation.n_nationkey"]}]}]}]}, {"Node Type": "Sort", "Parent Relationship": "Inner", "Parallel Aware": false, "Startup Cost": 247217.74, "Total Cost": 247353.78, "Plan Rows": 54417, "Plan Width": 16, "Actual Startup Time": 8938.168, "Actual Total Time": 8947.661, "Actual Rows": 112872, "Actual Loops": 1, "Output": ["orders.o_custkey", "lineitem.l_extendedprice", "lineitem.l_discount"], "Sort Key": ["orders.o_custkey"], "Sort Method": "external sort", "Sort Space Used": 3488, "Sort Space Type": "Disk", "Plans": [{"Node Type": "Hash Join", "Parent Relationship": "Outer", "Parallel Aware": false, "Join Type": "Inner", "Startup Cost": 49270.41, "Total Cost": 242937.36, "Plan Rows": 54417, "Plan Width": 16, "Actual Startup Time": 1474.045, "Actual Total Time": 8597.247, "Actual Rows": 112872, "Actual Loops": 1, "Output": ["orders.o_custkey", "lineitem.l_extendedprice", "lineitem.l_discount"], "Inner Unique": false, "Hash Cond": "(lineitem.l_orderkey = orders.o_orderkey)", "Plans": [{"Node Type": "Seq Scan", "Parent Relationship": "Outer", "Parallel Aware": false, "Relation Name": "lineitem", "Schema": "public", "Alias": "lineitem", "Startup Cost": 0.0, "Total Cost": 187482.86, "Plan Rows": 1503978, "Plan Width": 16, "Actual Startup Time": 0.029, "Actual Total Time": 6584.139, "Actual Rows": 1479175, "Actual Loops": 1, "Output": ["lineitem.l_orderkey", "lineitem.l_partkey", "lineitem.l_suppkey", "lineitem.l_linenumber", "lineitem.l_quantity", "lineitem.l_extendedprice", "lineitem.l_discount", "lineitem.l_tax", "lineitem.l_returnflag", "lineitem.l_linestatus", "lineitem.l_shipdate", "lineitem.l_commitdate", "lineitem.l_receiptdate", "lineitem.l_shipinstruct", "lineitem.l_shipmode", "lineitem.l_comment"], "Filter": "(lineitem.l_returnflag = 'R'::bpchar)", "Rows Removed by Filter": 4520828}, {"Node Type": "Hash", "Parent Relationship": "Inner", "Parallel Aware": false, "Startup Cost": 48592.0, "Total Cost": 48592.0, "Plan Rows": 54273, "Plan Width": 8, "Actual Startup Time": 1472.71, "Actual Total Time": 1472.711, "Actual Rows": 56468, "Actual Loops": 1, "Output": ["orders.o_custkey", "orders.o_orderkey"], "Hash Buckets": 65536, "Original Hash Buckets": 65536, "Hash Batches": 1, "Original Hash Batches": 1, "Peak Memory Usage": 2718, "Plans": [{"Node Type": "Seq Scan", "Parent Relationship": "Outer", "Parallel Aware": false, "Relation Name": "orders", "Schema": "public", "Alias": "orders", "Startup Cost": 0.0, "Total Cost": 48592.0, "Plan Rows": 54273, "Plan Width": 8, "Actual Startup Time": 1.234, "Actual Total Time": 1405.654, "Actual Rows": 56468, "Actual Loops": 1, "Output": ["orders.o_custkey", "orders.o_orderkey"], "Filter": "((orders.o_orderdate >= '1994-09-02'::date) AND (orders.o_orderdate < '1994-12-02 00:00:00'::timestamp without time zone))", "Rows Removed by Filter": 1443532}]}]}]}]}]}]}]}, "Planning Time": 7.294, "Triggers": [], "Execution Time": 10252.4}]
q14#####[{"Plan": {"Node Type": "Sort", "Parallel Aware": false, "Startup Cost": 3129743.99, "Total Cost": 3143852.49, "Plan Rows": 5643400, "Plan Width": 205, "Actual Startup Time": 11723.263, "Actual Total Time": 11729.224, "Actual Rows": 36354, "Actual Loops": 1, "Output": ["customer.c_custkey", "customer.c_name", "(sum((lineitem.l_extendedprice * ('1'::numeric - lineitem.l_discount))))", "customer.c_acctbal", "nation.n_name", "customer.c_address", "customer.c_phone", "customer.c_comment"], "Sort Key": ["(sum((lineitem.l_extendedprice * ('1'::numeric - lineitem.l_discount)))) DESC"], "Sort Method": "external merge", "Sort Space Used": 6152, "Sort Space Type": "Disk", "Plans": [{"Node Type": "Aggregate", "Strategy": "Sorted", "Partial Mode": "Simple", "Parent Relationship": "Outer", "Parallel Aware": false, "Startup Cost": 278658.13, "Total Cost": 818747.85, "Plan Rows": 5643400, "Plan Width": 205, "Actual Startup Time": 11208.33, "Actual Total Time": 11652.895, "Actual Rows": 36354, "Actual Loops": 1, "Output": ["customer.c_custkey", "customer.c_name", "sum((lineitem.l_extendedprice * ('1'::numeric - lineitem.l_discount)))", "customer.c_acctbal", "nation.n_name", "customer.c_address", "customer.c_phone", "customer.c_comment"], "Group Key": ["customer.c_custkey", "customer.c_name", "customer.c_acctbal", "customer.c_phone", "nation.n_name", "customer.c_address", "customer.c_comment"], "Plans": [{"Node Type": "Incremental Sort", "Parent Relationship": "Outer", "Parallel Aware": false, "Startup Cost": 278658.13, "Total Cost": 607120.35, "Plan Rows": 5643400, "Plan Width": 185, "Actual Startup Time": 11206.201, "Actual Total Time": 11564.721, "Actual Rows": 94570, "Actual Loops": 1, "Output": ["customer.c_custkey", "customer.c_name", "customer.c_acctbal", "nation.n_name", "customer.c_address", "customer.c_phone", "customer.c_comment", "lineitem.l_extendedprice", "lineitem.l_discount"], "Sort Key": ["customer.c_custkey", "customer.c_name", "customer.c_acctbal", "customer.c_phone", "nation.n_name", "customer.c_address", "customer.c_comment"], "Presorted Key": ["customer.c_custkey"], "Full-sort Groups": {"Group Count": 2837, "Sort Methods Used": ["quicksort"], "Sort Space Memory": {"Average Sort Space Used": 34, "Peak Sort Space Used": 34}}, "Plans": [{"Node Type": "Merge Join", "Parent Relationship": "Outer", "Parallel Aware": false, "Join Type": "Inner", "Startup Cost": 278656.48, "Total Cost": 280252.99, "Plan Rows": 5643400, "Plan Width": 185, "Actual Startup Time": 11204.855, "Actual Total Time": 11505.102, "Actual Rows": 94570, "Actual Loops": 1, "Output": ["customer.c_custkey", "customer.c_name", "customer.c_acctbal", "nation.n_name", "customer.c_address", "customer.c_phone", "customer.c_comment", "lineitem.l_extendedprice", "lineitem.l_discount"], "Inner Unique": false, "Merge Cond": "(customer.c_custkey = orders.o_custkey)", "Plans": [{"Node Type": "Sort", "Parent Relationship": "Outer", "Parallel Aware": false, "Startup Cost": 31219.95, "Total Cost": 31594.95, "Plan Rows": 150000, "Plan Width": 173, "Actual Startup Time": 266.22, "Actual Total Time": 525.43, "Actual Rows": 150000, "Actual Loops": 1, "Output": ["customer.c_custkey", "customer.c_name", "customer.c_acctbal", "customer.c_address", "customer.c_phone", "customer.c_comment", "nation.n_name"], "Sort Key": ["customer.c_custkey"], "Sort Method": "external merge", "Sort Space Used": 24056, "Sort Space Type": "Disk", "Plans": [{"Node Type": "Hash Join", "Parent Relationship": "Outer", "Parallel Aware": false, "Join Type": "Inner", "Startup Cost": 21.48, "Total Cost": 5503.5, "Plan Rows": 150000, "Plan Width": 173, "Actual Startup Time": 0.06, "Actual Total Time": 89.543, "Actual Rows": 150000, "Actual Loops": 1, "Output": ["customer.c_custkey", "customer.c_name", "customer.c_acctbal", "customer.c_address", "customer.c_phone", "customer.c_comment", "nation.n_name"], "Inner Unique": true, "Hash Cond": "(customer.c_nationkey = nation.n_nationkey)", "Plans": [{"Node Type": "Seq Scan", "Parent Relationship": "Outer", "Parallel Aware": false, "Relation Name": "customer", "Schema": "public", "Alias": "customer", "Startup Cost": 0.0, "Total Cost": 5085.0, "Plan Rows": 150000, "Plan Width": 148, "Actual Startup Time": 0.014, "Actual Total Time": 17.031, "Actual Rows": 150000, "Actual Loops": 1, "Output": ["customer.c_custkey", "customer.c_name", "customer.c_address", "customer.c_nationkey", "customer.c_phone", "customer.c_acctbal", "customer.c_mktsegment", "customer.c_comment"]}, {"Node Type": "Hash", "Parent Relationship": "Inner", "Parallel Aware": false, "Startup Cost": 15.1, "Total Cost": 15.1, "Plan Rows": 510, "Plan Width": 33, "Actual Startup Time": 0.02, "Actual Total Time": 0.024, "Actual Rows": 25, "Actual Loops": 1, "Output": ["nation.n_name", "nation.n_nationkey"], "Hash Buckets": 1024, "Original Hash Buckets": 1024, "Hash Batches": 1, "Original Hash Batches": 1, "Peak Memory Usage": 10, "Plans": [{"Node Type": "Seq Scan", "Parent Relationship": "Outer", "Parallel Aware": false, "Relation Name": "nation", "Schema": "public", "Alias": "nation", "Startup Cost": 0.0, "Total Cost": 15.1, "Plan Rows": 510, "Plan Width": 33, "Actual Startup Time": 0.009, "Actual Total Time": 0.013, "Actual Rows": 25, "Actual Loops": 1, "Output": ["nation.n_name", "nation.n_nationkey"]}]}]}]}, {"Node Type": "Sort", "Parent Relationship": "Inner", "Parallel Aware": false, "Startup Cost": 247436.53, "Total Cost": 247577.62, "Plan Rows": 56434, "Plan Width": 16, "Actual Startup Time": 10932.322, "Actual Total Time": 10945.677, "Actual Rows": 94570, "Actual Loops": 1, "Output": ["orders.o_custkey", "lineitem.l_extendedprice", "lineitem.l_discount"], "Sort Key": ["orders.o_custkey"], "Sort Method": "external sort", "Sort Space Used": 2928, "Sort Space Type": "Disk", "Plans": [{"Node Type": "Hash Join", "Parent Relationship": "Outer", "Parallel Aware": false, "Join Type": "Inner", "Startup Cost": 49295.56, "Total Cost": 242982.68, "Plan Rows": 56434, "Plan Width": 16, "Actual Startup Time": 1192.586, "Actual Total Time": 10647.905, "Actual Rows": 94570, "Actual Loops": 1, "Output": ["orders.o_custkey", "lineitem.l_extendedprice", "lineitem.l_discount"], "Inner Unique": false, "Hash Cond": "(lineitem.l_orderkey = orders.o_orderkey)", "Plans": [{"Node Type": "Seq Scan", "Parent Relationship": "Outer", "Parallel Aware": false, "Relation Name": "lineitem", "Schema": "public", "Alias": "lineitem", "Startup Cost": 0.0, "Total Cost": 187482.86, "Plan Rows": 1503978, "Plan Width": 16, "Actual Startup Time": 0.051, "Actual Total Time": 8939.753, "Actual Rows": 1479175, "Actual Loops": 1, "Output": ["lineitem.l_orderkey", "lineitem.l_partkey", "lineitem.l_suppkey", "lineitem.l_linenumber", "lineitem.l_quantity", "lineitem.l_extendedprice", "lineitem.l_discount", "lineitem.l_tax", "lineitem.l_returnflag", "lineitem.l_linestatus", "lineitem.l_shipdate", "lineitem.l_commitdate", "lineitem.l_receiptdate", "lineitem.l_shipinstruct", "lineitem.l_shipmode", "lineitem.l_comment"], "Filter": "(lineitem.l_returnflag = 'R'::bpchar)", "Rows Removed by Filter": 4520828}, {"Node Type": "Hash", "Parent Relationship": "Inner", "Parallel Aware": false, "Startup Cost": 48592.0, "Total Cost": 48592.0, "Plan Rows": 56285, "Plan Width": 8, "Actual Startup Time": 1191.269, "Actual Total Time": 1191.273, "Actual Rows": 56506, "Actual Loops": 1, "Output": ["orders.o_custkey", "orders.o_orderkey"], "Hash Buckets": 65536, "Original Hash Buckets": 65536, "Hash Batches": 1, "Original Hash Batches": 1, "Peak Memory Usage": 2720, "Plans": [{"Node Type": "Seq Scan", "Parent Relationship": "Outer", "Parallel Aware": false, "Relation Name": "orders", "Schema": "public", "Alias": "orders", "Startup Cost": 0.0, "Total Cost": 48592.0, "Plan Rows": 56285, "Plan Width": 8, "Actual Startup Time": 0.021, "Actual Total Time": 1148.522, "Actual Rows": 56506, "Actual Loops": 1, "Output": ["orders.o_custkey", "orders.o_orderkey"], "Filter": "((orders.o_orderdate >= '1995-01-01'::date) AND (orders.o_orderdate < '1995-04-01 00:00:00'::timestamp without time zone))", "Rows Removed by Filter": 1443494}]}]}]}]}]}]}]}, "Planning Time": 8.739, "Triggers": [], "Execution Time": 11743.846}]
q16#####[{"Plan": {"Node Type": "Sort", "Parallel Aware": false, "Startup Cost": 250712.23, "Total Cost": 250712.28, "Plan Rows": 20, "Plan Width": 61, "Actual Startup Time": 9045.853, "Actual Total Time": 9045.951, "Actual Rows": 5, "Actual Loops": 1, "Output": ["nation.n_name", "(sum((lineitem.l_extendedprice * ('1'::numeric - lineitem.l_discount))))"], "Sort Key": ["(sum((lineitem.l_extendedprice * ('1'::numeric - lineitem.l_discount)))) DESC"], "Sort Method": "quicksort", "Sort Space Used": 25, "Sort Space Type": "Memory", "Plans": [{"Node Type": "Aggregate", "Strategy": "Sorted", "Partial Mode": "Simple", "Parent Relationship": "Outer", "Parallel Aware": false, "Startup Cost": 250711.3, "Total Cost": 250711.8, "Plan Rows": 20, "Plan Width": 61, "Actual Startup Time": 9043.0, "Actual Total Time": 9045.908, "Actual Rows": 5, "Actual Loops": 1, "Output": ["nation.n_name", "sum((lineitem.l_extendedprice * ('1'::numeric - lineitem.l_discount)))"], "Group Key": ["nation.n_name"], "Plans": [{"Node Type": "Sort", "Parent Relationship": "Outer", "Parallel Aware": false, "Startup Cost": 250711.3, "Total Cost": 250711.35, "Plan Rows": 20, "Plan Width": 41, "Actual Startup Time": 9037.429, "Actual Total Time": 9038.222, "Actual Rows": 7231, "Actual Loops": 1, "Output": ["nation.n_name", "lineitem.l_extendedprice", "lineitem.l_discount"], "Sort Key": ["nation.n_name"], "Sort Method": "quicksort", "Sort Space Used": 754, "Sort Space Type": "Memory", "Plans": [{"Node Type": "Hash Join", "Parent Relationship": "Outer", "Parallel Aware": false, "Join Type": "Inner", "Startup Cost": 55634.45, "Total Cost": 250710.87, "Plan Rows": 20, "Plan Width": 41, "Actual Startup Time": 3423.532, "Actual Total Time": 9010.849, "Actual Rows": 7231, "Actual Loops": 1, "Output": ["nation.n_name", "lineitem.l_extendedprice", "lineitem.l_discount"], "Inner Unique": false, "Hash Cond": "((lineitem.l_suppkey = supplier.s_suppkey) AND (customer.c_nationkey = supplier.s_nationkey))", "Plans": [{"Node Type": "Hash Join", "Parent Relationship": "Outer", "Parallel Aware": false, "Join Type": "Inner", "Startup Cost": 55162.45, "Total Cost": 250197.97, "Plan Rows": 5177, "Plan Width": 53, "Actual Startup Time": 3419.692, "Actual Total Time": 8922.325, "Actual Rows": 180832, "Actual Loops": 1, "Output": ["customer.c_nationkey", "lineitem.l_extendedprice", "lineitem.l_discount", "lineitem.l_suppkey", "nation.n_name", "nation.n_nationkey"], "Inner Unique": false, "Hash Cond": "(lineitem.l_orderkey = orders.o_orderkey)", "Plans": [{"Node Type": "Seq Scan", "Parent Relationship": "Outer", "Parallel Aware": false, "Relation Name": "lineitem", "Schema": "public", "Alias": "lineitem", "Startup Cost": 0.0, "Total Cost": 172481.09, "Plan Rows": 6000709, "Plan Width": 20, "Actual Startup Time": 0.019, "Actual Total Time": 4318.099, "Actual Rows": 6000003, "Actual Loops": 1, "Output": ["lineitem.l_orderkey", "lineitem.l_partkey", "lineitem.l_suppkey", "lineitem.l_linenumber", "lineitem.l_quantity", "lineitem.l_extendedprice", "lineitem.l_discount", "lineitem.l_tax", "lineitem.l_returnflag", "lineitem.l_linestatus", "lineitem.l_shipdate", "lineitem.l_commitdate", "lineitem.l_receiptdate", "lineitem.l_shipinstruct", "lineitem.l_shipmode", "lineitem.l_comment"]}, {"Node Type": "Hash", "Parent Relationship": "Inner", "Parallel Aware": false, "Startup Cost": 55146.28, "Total Cost": 55146.28, "Plan Rows": 1294, "Plan Width": 41, "Actual Startup Time": 3419.596, "Actual Total Time": 3419.681, "Actual Rows": 45150, "Actual Loops": 1, "Output": ["customer.c_nationkey", "orders.o_orderkey", "nation.n_name", "nation.n_nationkey"], "Hash Buckets": 65536, "Original Hash Buckets": 2048, "Hash Batches": 1, "Original Hash Batches": 1, "Peak Memory Usage": 2875, "Plans": [{"Node Type": "Hash Join", "Parent Relationship": "Outer", "Parallel Aware": false, "Join Type": "Inner", "Startup Cost": 5700.16, "Total Cost": 55146.28, "Plan Rows": 1294, "Plan Width": 41, "Actual Startup Time": 44.847, "Actual Total Time": 3380.275, "Actual Rows": 45150, "Actual Loops": 1, "Output": ["customer.c_nationkey", "orders.o_orderkey", "nation.n_name", "nation.n_nationkey"], "Inner Unique": false, "Hash Cond": "(orders.o_custkey = customer.c_custkey)", "Plans": [{"Node Type": "Seq Scan", "Parent Relationship": "Outer", "Parallel Aware": false, "Relation Name": "orders", "Schema": "public", "Alias": "orders", "Startup Cost": 0.0, "Total Cost": 48592.0, "Plan Rows": 224315, "Plan Width": 8, "Actual Startup Time": 0.012, "Actual Total Time": 3215.161, "Actual Rows": 227597, "Actual Loops": 1, "Output": ["orders.o_orderkey", "orders.o_custkey", "orders.o_orderstatus", "orders.o_totalprice", "orders.o_orderdate", "orders.o_orderpriority", "orders.o_clerk", "orders.o_shippriority", "orders.o_comment"], "Filter": "((orders.o_orderdate >= '1994-01-01'::date) AND (orders.o_orderdate < '1995-01-01 00:00:00'::timestamp without time zone))", "Rows Removed by Filter": 1272403}, {"Node Type": "Hash", "Parent Relationship": "Inner", "Parallel Aware": false, "Startup Cost": 5689.34, "Total Cost": 5689.34, "Plan Rows": 865, "Plan Width": 41, "Actual Startup Time": 44.786, "Actual Total Time": 44.851, "Actual Rows": 29904, "Actual Loops": 1, "Output": ["customer.c_custkey", "customer.c_nationkey", "nation.n_name", "nation.n_nationkey"], "Hash Buckets": 32768, "Original Hash Buckets": 1024, "Hash Batches": 1, "Original Hash Batches": 1, "Peak Memory Usage": 1821, "Plans": [{"Node Type": "Hash Join", "Parent Relationship": "Outer", "Parallel Aware": false, "Join Type": "Inner", "Startup Cost": 33.02, "Total Cost": 5689.34, "Plan Rows": 865, "Plan Width": 41, "Actual Startup Time": 0.068, "Actual Total Time": 40.421, "Actual Rows": 29904, "Actual Loops": 1, "Output": ["customer.c_custkey", "customer.c_nationkey", "nation.n_name", "nation.n_nationkey"], "Inner Unique": false, "Hash Cond": "(customer.c_nationkey = nation.n_nationkey)", "Plans": [{"Node Type": "Seq Scan", "Parent Relationship": "Outer", "Parallel Aware": false, "Relation Name": "customer", "Schema": "public", "Alias": "customer", "Startup Cost": 0.0, "Total Cost": 5085.0, "Plan Rows": 150000, "Plan Width": 8, "Actual Startup Time": 0.007, "Actual Total Time": 9.342, "Actual Rows": 150000, "Actual Loops": 1, "Output": ["customer.c_custkey", "customer.c_name", "customer.c_address", "customer.c_nationkey", "customer.c_phone", "customer.c_acctbal", "customer.c_mktsegment", "customer.c_comment"]}, {"Node Type": "Hash", "Parent Relationship": "Inner", "Parallel Aware": false, "Startup Cost": 32.99, "Total Cost": 32.99, "Plan Rows": 3, "Plan Width": 33, "Actual Startup Time": 0.046, "Actual Total Time": 0.076, "Actual Rows": 5, "Actual Loops": 1, "Output": ["nation.n_name", "nation.n_nationkey"], "Hash Buckets": 1024, "Original Hash Buckets": 1024, "Hash Batches": 1, "Original Hash Batches": 1, "Peak Memory Usage": 9, "Plans": [{"Node Type": "Hash Join", "Parent Relationship": "Outer", "Parallel Aware": false, "Join Type": "Inner", "Startup Cost": 16.54, "Total Cost": 32.99, "Plan Rows": 3, "Plan Width": 33, "Actual Startup Time": 0.042, "Actual Total Time": 0.07, "Actual Rows": 5, "Actual Loops": 1, "Output": ["nation.n_name", "nation.n_nationkey"], "Inner Unique": true, "Hash Cond": "(nation.n_regionkey = region.r_regionkey)", "Plans": [{"Node Type": "Seq Scan", "Parent Relationship": "Outer", "Parallel Aware": false, "Relation Name": "nation", "Schema": "public", "Alias": "nation", "Startup Cost": 0.0, "Total Cost": 15.1, "Plan Rows": 510, "Plan Width": 37, "Actual Startup Time": 0.003, "Actual Total Time": 0.005, "Actual Rows": 25, "Actual Loops": 1, "Output": ["nation.n_nationkey", "nation.n_name", "nation.n_regionkey", "nation.n_comment"]}, {"Node Type": "Hash", "Parent Relationship": "Inner", "Parallel Aware": false, "Startup Cost": 16.5, "Total Cost": 16.5, "Plan Rows": 3, "Plan Width": 4, "Actual Startup Time": 0.017, "Actual Total Time": 0.022, "Actual Rows": 1, "Actual Loops": 1, "Output": ["region.r_regionkey"], "Hash Buckets": 1024, "Original Hash Buckets": 1024, "Hash Batches": 1, "Original Hash Batches": 1, "Peak Memory Usage": 9, "Plans": [{"Node Type": "Seq Scan", "Parent Relationship": "Outer", "Parallel Aware": false, "Relation Name": "region", "Schema": "public", "Alias": "region", "Startup Cost": 0.0, "Total Cost": 16.5, "Plan Rows": 3, "Plan Width": 4, "Actual Startup Time": 0.014, "Actual Total Time": 0.015, "Actual Rows": 1, "Actual Loops": 1, "Output": ["region.r_regionkey"], "Filter": "((region.r_name)::text = 'MIDDLE EAST'::text)", "Rows Removed by Filter": 4}]}]}]}]}]}]}]}]}, {"Node Type": "Hash", "Parent Relationship": "Inner", "Parallel Aware": false, "Startup Cost": 322.0, "Total Cost": 322.0, "Plan Rows": 10000, "Plan Width": 8, "Actual Startup Time": 3.694, "Actual Total Time": 3.695, "Actual Rows": 10000, "Actual Loops": 1, "Output": ["supplier.s_suppkey", "supplier.s_nationkey"], "Hash Buckets": 16384, "Original Hash Buckets": 16384, "Hash Batches": 1, "Original Hash Batches": 1, "Peak Memory Usage": 519, "Plans": [{"Node Type": "Seq Scan", "Parent Relationship": "Outer", "Parallel Aware": false, "Relation Name": "supplier", "Schema": "public", "Alias": "supplier", "Startup Cost": 0.0, "Total Cost": 322.0, "Plan Rows": 10000, "Plan Width": 8, "Actual Startup Time": 0.004, "Actual Total Time": 1.6, "Actual Rows": 10000, "Actual Loops": 1, "Output": ["supplier.s_suppkey", "supplier.s_nationkey"]}]}]}]}]}]}, "Planning Time": 3.262, "Triggers": [], "Execution Time": 9051.448}]
q18#####[{"Plan": {"Node Type": "Sort", "Parallel Aware": false, "Startup Cost": 250716.67, "Total Cost": 250716.72, "Plan Rows": 20, "Plan Width": 61, "Actual Startup Time": 5824.8, "Actual Total Time": 5824.916, "Actual Rows": 5, "Actual Loops": 1, "Output": ["nation.n_name", "(sum((lineitem.l_extendedprice * ('1'::numeric - lineitem.l_discount))))"], "Sort Key": ["(sum((lineitem.l_extendedprice * ('1'::numeric - lineitem.l_discount)))) DESC"], "Sort Method": "quicksort", "Sort Space Used": 25, "Sort Space Type": "Memory", "Plans": [{"Node Type": "Aggregate", "Strategy": "Sorted", "Partial Mode": "Simple", "Parent Relationship": "Outer", "Parallel Aware": false, "Startup Cost": 250715.74, "Total Cost": 250716.24, "Plan Rows": 20, "Plan Width": 61, "Actual Startup Time": 5821.61, "Actual Total Time": 5824.768, "Actual Rows": 5, "Actual Loops": 1, "Output": ["nation.n_name", "sum((lineitem.l_extendedprice * ('1'::numeric - lineitem.l_discount)))"], "Group Key": ["nation.n_name"], "Plans": [{"Node Type": "Sort", "Parent Relationship": "Outer", "Parallel Aware": false, "Startup Cost": 250715.74, "Total Cost": 250715.79, "Plan Rows": 20, "Plan Width": 41, "Actual Startup Time": 5820.718, "Actual Total Time": 5821.427, "Actual Rows": 7530, "Actual Loops": 1, "Output": ["nation.n_name", "lineitem.l_extendedprice", "lineitem.l_discount"], "Sort Key": ["nation.n_name"], "Sort Method": "quicksort", "Sort Space Used": 778, "Sort Space Type": "Memory", "Plans": [{"Node Type": "Hash Join", "Parent Relationship": "Outer", "Parallel Aware": false, "Join Type": "Inner", "Startup Cost": 55638.46, "Total Cost": 250715.3, "Plan Rows": 20, "Plan Width": 41, "Actual Startup Time": 1140.809, "Actual Total Time": 5805.771, "Actual Rows": 7530, "Actual Loops": 1, "Output": ["nation.n_name", "lineitem.l_extendedprice", "lineitem.l_discount"], "Inner Unique": false, "Hash Cond": "((lineitem.l_suppkey = supplier.s_suppkey) AND (customer.c_nationkey = supplier.s_nationkey))", "Plans": [{"Node Type": "Hash Join", "Parent Relationship": "Outer", "Parallel Aware": false, "Join Type": "Inner", "Startup Cost": 55166.46, "Total Cost": 250202.22, "Plan Rows": 5201, "Plan Width": 53, "Actual Startup Time": 1133.031, "Actual Total Time": 5721.168, "Actual Rows": 182356, "Actual Loops": 1, "Output": ["customer.c_nationkey", "lineitem.l_extendedprice", "lineitem.l_discount", "lineitem.l_suppkey", "nation.n_name", "nation.n_nationkey"], "Inner Unique": false, "Hash Cond": "(lineitem.l_orderkey = orders.o_orderkey)", "Plans": [{"Node Type": "Seq Scan", "Parent Relationship": "Outer", "Parallel Aware": false, "Relation Name": "lineitem", "Schema": "public", "Alias": "lineitem", "Startup Cost": 0.0, "Total Cost": 172481.09, "Plan Rows": 6000709, "Plan Width": 20, "Actual Startup Time": 0.011, "Actual Total Time": 3270.43, "Actual Rows": 6000003, "Actual Loops": 1, "Output": ["lineitem.l_orderkey", "lineitem.l_partkey", "lineitem.l_suppkey", "lineitem.l_linenumber", "lineitem.l_quantity", "lineitem.l_extendedprice", "lineitem.l_discount", "lineitem.l_tax", "lineitem.l_returnflag", "lineitem.l_linestatus", "lineitem.l_shipdate", "lineitem.l_commitdate", "lineitem.l_receiptdate", "lineitem.l_shipinstruct", "lineitem.l_shipmode", "lineitem.l_comment"]}, {"Node Type": "Hash", "Parent Relationship": "Inner", "Parallel Aware": false, "Startup Cost": 55150.21, "Total Cost": 55150.21, "Plan Rows": 1300, "Plan Width": 41, "Actual Startup Time": 1132.843, "Actual Total Time": 1132.944, "Actual Rows": 45493, "Actual Loops": 1, "Output": ["customer.c_nationkey", "orders.o_orderkey", "nation.n_name", "nation.n_nationkey"], "Hash Buckets": 65536, "Original Hash Buckets": 2048, "Hash Batches": 1, "Original Hash Batches": 1, "Peak Memory Usage": 2892, "Plans": [{"Node Type": "Hash Join", "Parent Relationship": "Outer", "Parallel Aware": false, "Join Type": "Inner", "Startup Cost": 5700.16, "Total Cost": 55150.21, "Plan Rows": 1300, "Plan Width": 41, "Actual Startup Time": 112.168, "Actual Total Time": 1101.503, "Actual Rows": 45493, "Actual Loops": 1, "Output": ["customer.c_nationkey", "orders.o_orderkey", "nation.n_name", "nation.n_nationkey"], "Inner Unique": false, "Hash Cond": "(orders.o_custkey = customer.c_custkey)", "Plans": [{"Node Type": "Seq Scan", "Parent Relationship": "Outer", "Parallel Aware": false, "Relation Name": "orders", "Schema": "public", "Alias": "orders", "Startup Cost": 0.0, "Total Cost": 48592.0, "Plan Rows": 225347, "Plan Width": 8, "Actual Startup Time": 0.005, "Actual Total Time": 858.025, "Actual Rows": 228626, "Actual Loops": 1, "Output": ["orders.o_orderkey", "orders.o_custkey", "orders.o_orderstatus", "orders.o_totalprice", "orders.o_orderdate", "orders.o_orderpriority", "orders.o_clerk", "orders.o_shippriority", "orders.o_comment"], "Filter": "((orders.o_orderdate >= '1996-01-01'::date) AND (orders.o_orderdate < '1997-01-01 00:00:00'::timestamp without time zone))", "Rows Removed by Filter": 1271374}, {"Node Type": "Hash", "Parent Relationship": "Inner", "Parallel Aware": false, "Startup Cost": 5689.34, "Total Cost": 5689.34, "Plan Rows": 865, "Plan Width": 41, "Actual Startup Time": 112.041, "Actual Total Time": 112.113, "Actual Rows": 29904, "Actual Loops": 1, "Output": ["customer.c_custkey", "customer.c_nationkey", "nation.n_name", "nation.n_nationkey"], "Hash Buckets": 32768, "Original Hash Buckets": 1024, "Hash Batches": 1, "Original Hash Batches": 1, "Peak Memory Usage": 1821, "Plans": [{"Node Type": "Hash Join", "Parent Relationship": "Outer", "Parallel Aware": false, "Join Type": "Inner", "Startup Cost": 33.02, "Total Cost": 5689.34, "Plan Rows": 865, "Plan Width": 41, "Actual Startup Time": 0.1, "Actual Total Time": 67.395, "Actual Rows": 29904, "Actual Loops": 1, "Output": ["customer.c_custkey", "customer.c_nationkey", "nation.n_name", "nation.n_nationkey"], "Inner Unique": false, "Hash Cond": "(customer.c_nationkey = nation.n_nationkey)", "Plans": [{"Node Type": "Seq Scan", "Parent Relationship": "Outer", "Parallel Aware": false, "Relation Name": "customer", "Schema": "public", "Alias": "customer", "Startup Cost": 0.0, "Total Cost": 5085.0, "Plan Rows": 150000, "Plan Width": 8, "Actual Startup Time": 0.008, "Actual Total Time": 12.483, "Actual Rows": 150000, "Actual Loops": 1, "Output": ["customer.c_custkey", "customer.c_name", "customer.c_address", "customer.c_nationkey", "customer.c_phone", "customer.c_acctbal", "customer.c_mktsegment", "customer.c_comment"]}, {"Node Type": "Hash", "Parent Relationship": "Inner", "Parallel Aware": false, "Startup Cost": 32.99, "Total Cost": 32.99, "Plan Rows": 3, "Plan Width": 33, "Actual Startup Time": 0.067, "Actual Total Time": 0.087, "Actual Rows": 5, "Actual Loops": 1, "Output": ["nation.n_name", "nation.n_nationkey"], "Hash Buckets": 1024, "Original Hash Buckets": 1024, "Hash Batches": 1, "Original Hash Batches": 1, "Peak Memory Usage": 9, "Plans": [{"Node Type": "Hash Join", "Parent Relationship": "Outer", "Parallel Aware": false, "Join Type": "Inner", "Startup Cost": 16.54, "Total Cost": 32.99, "Plan Rows": 3, "Plan Width": 33, "Actual Startup Time": 0.055, "Actual Total Time": 0.075, "Actual Rows": 5, "Actual Loops": 1, "Output": ["nation.n_name", "nation.n_nationkey"], "Inner Unique": true, "Hash Cond": "(nation.n_regionkey = region.r_regionkey)", "Plans": [{"Node Type": "Seq Scan", "Parent Relationship": "Outer", "Parallel Aware": false, "Relation Name": "nation", "Schema": "public", "Alias": "nation", "Startup Cost": 0.0, "Total Cost": 15.1, "Plan Rows": 510, "Plan Width": 37, "Actual Startup Time": 0.003, "Actual Total Time": 0.005, "Actual Rows": 25, "Actual Loops": 1, "Output": ["nation.n_nationkey", "nation.n_name", "nation.n_regionkey", "nation.n_comment"]}, {"Node Type": "Hash", "Parent Relationship": "Inner", "Parallel Aware": false, "Startup Cost": 16.5, "Total Cost": 16.5, "Plan Rows": 3, "Plan Width": 4, "Actual Startup Time": 0.028, "Actual Total Time": 0.032, "Actual Rows": 1, "Actual Loops": 1, "Output": ["region.r_regionkey"], "Hash Buckets": 1024, "Original Hash Buckets": 1024, "Hash Batches": 1, "Original Hash Batches": 1, "Peak Memory Usage": 9, "Plans": [{"Node Type": "Seq Scan", "Parent Relationship": "Outer", "Parallel Aware": false, "Relation Name": "region", "Schema": "public", "Alias": "region", "Startup Cost": 0.0, "Total Cost": 16.5, "Plan Rows": 3, "Plan Width": 4, "Actual Startup Time": 0.022, "Actual Total Time": 0.023, "Actual Rows": 1, "Actual Loops": 1, "Output": ["region.r_regionkey"], "Filter": "((region.r_name)::text = 'MIDDLE EAST'::text)", "Rows Removed by Filter": 4}]}]}]}]}]}]}]}]}, {"Node Type": "Hash", "Parent Relationship": "Inner", "Parallel Aware": false, "Startup Cost": 322.0, "Total Cost": 322.0, "Plan Rows": 10000, "Plan Width": 8, "Actual Startup Time": 6.292, "Actual Total Time": 6.293, "Actual Rows": 10000, "Actual Loops": 1, "Output": ["supplier.s_suppkey", "supplier.s_nationkey"], "Hash Buckets": 16384, "Original Hash Buckets": 16384, "Hash Batches": 1, "Original Hash Batches": 1, "Peak Memory Usage": 519, "Plans": [{"Node Type": "Seq Scan", "Parent Relationship": "Outer", "Parallel Aware": false, "Relation Name": "supplier", "Schema": "public", "Alias": "supplier", "Startup Cost": 0.0, "Total Cost": 322.0, "Plan Rows": 10000, "Plan Width": 8, "Actual Startup Time": 0.005, "Actual Total Time": 1.572, "Actual Rows": 10000, "Actual Loops": 1, "Output": ["supplier.s_suppkey", "supplier.s_nationkey"]}]}]}]}]}]}, "Planning Time": 3.376, "Triggers": [], "Execution Time": 5826.592}]
q15#####[{"Plan": {"Node Type": "Aggregate", "Strategy": "Sorted", "Partial Mode": "Simple", "Parallel Aware": false, "Startup Cost": 261738.9, "Total Cost": 261742.05, "Plan Rows": 70, "Plan Width": 40, "Actual Startup Time": 11763.012, "Actual Total Time": 11763.461, "Actual Rows": 2, "Actual Loops": 1, "Output": ["(date_part('year'::text, (orders.o_orderdate)::timestamp without time zone))", "(sum(CASE WHEN ((n2.n_name)::text = 'EGYPT'::text) THEN (lineitem.l_extendedprice * ('1'::numeric - lineitem.l_discount)) ELSE '0'::numeric END) / sum((lineitem.l_extendedprice * ('1'::numeric - lineitem.l_discount))))"], "Group Key": ["(date_part('year'::text, (orders.o_orderdate)::timestamp without time zone))"], "Plans": [{"Node Type": "Sort", "Parent Relationship": "Outer", "Parallel Aware": false, "Startup Cost": 261738.9, "Total Cost": 261739.08, "Plan Rows": 70, "Plan Width": 49, "Actual Startup Time": 11762.621, "Actual Total Time": 11762.821, "Actual Rows": 2428, "Actual Loops": 1, "Output": ["(date_part('year'::text, (orders.o_orderdate)::timestamp without time zone))", "n2.n_name", "lineitem.l_extendedprice", "lineitem.l_discount"], "Sort Key": ["(date_part('year'::text, (orders.o_orderdate)::timestamp without time zone))"], "Sort Method": "quicksort", "Sort Space Used": 286, "Sort Space Type": "Memory", "Plans": [{"Node Type": "Hash Join", "Parent Relationship": "Outer", "Parallel Aware": false, "Join Type": "Inner", "Startup Cost": 210625.54, "Total Cost": 261736.75, "Plan Rows": 70, "Plan Width": 49, "Actual Startup Time": 10630.289, "Actual Total Time": 11761.002, "Actual Rows": 2428, "Actual Loops": 1, "Output": ["date_part('year'::text, (orders.o_orderdate)::timestamp without time zone)", "n2.n_name", "lineitem.l_extendedprice", "lineitem.l_discount"], "Inner Unique": false, "Hash Cond": "(orders.o_custkey = customer.c_custkey)", "Plans": [{"Node Type": "Hash Join", "Parent Relationship": "Outer", "Parallel Aware": false, "Join Type": "Inner", "Startup Cost": 203516.95, "Total Cost": 253938.95, "Plan Rows": 12069, "Plan Width": 49, "Actual Startup Time": 10340.2, "Actual Total Time": 11447.602, "Actual Rows": 12471, "Actual Loops": 1, "Output": ["lineitem.l_extendedprice", "lineitem.l_discount", "orders.o_orderdate", "orders.o_custkey", "n2.n_name"], "Inner Unique": false, "Hash Cond": "(orders.o_orderkey = lineitem.l_orderkey)", "Plans": [{"Node Type": "Seq Scan", "Parent Relationship": "Outer", "Parallel Aware": false, "Relation Name": "orders", "Schema": "public", "Alias": "orders", "Startup Cost": 0.0, "Total Cost": 48592.0, "Plan Rows": 455817, "Plan Width": 12, "Actual Startup Time": 0.07, "Actual Total Time": 864.289, "Actual Rows": 457263, "Actual Loops": 1, "Output": ["orders.o_orderkey", "orders.o_custkey", "orders.o_orderstatus", "orders.o_totalprice", "orders.o_orderdate", "orders.o_orderpriority", "orders.o_clerk", "orders.o_shippriority", "orders.o_comment"], "Filter": "((orders.o_orderdate >= '1995-01-01'::date) AND (orders.o_orderdate <= '1996-12-31'::date))", "Rows Removed by Filter": 1042737}, {"Node Type": "Hash", "Parent Relationship": "Inner", "Parallel Aware": false, "Startup Cost": 203020.49, "Total Cost": 203020.49, "Plan Rows": 39717, "Plan Width": 45, "Actual Startup Time": 10332.315, "Actual Total Time": 10332.396, "Actual Rows": 41022, "Actual Loops": 1, "Output": ["lineitem.l_extendedprice", "lineitem.l_discount", "lineitem.l_orderkey", "n2.n_name"], "Hash Buckets": 65536, "Original Hash Buckets": 65536, "Hash Batches": 1, "Original Hash Batches": 1, "Peak Memory Usage": 2876, "Plans": [{"Node Type": "Hash Join", "Parent Relationship": "Outer", "Parallel Aware": false, "Join Type": "Inner", "Startup Cost": 7092.52, "Total Cost": 203020.49, "Plan Rows": 39717, "Plan Width": 45, "Actual Startup Time": 353.575, "Actual Total Time": 10261.669, "Actual Rows": 41022, "Actual Loops": 1, "Output": ["lineitem.l_extendedprice", "lineitem.l_discount", "lineitem.l_orderkey", "n2.n_name"], "Inner Unique": false, "Hash Cond": "(lineitem.l_suppkey = supplier.s_suppkey)", "Plans": [{"Node Type": "Hash Join", "Parent Relationship": "Outer", "Parallel Aware": false, "Join Type": "Inner", "Startup Cost": 6597.57, "Total Cost": 201979.17, "Plan Rows": 39785, "Plan Width": 20, "Actual Startup Time": 300.254, "Actual Total Time": 10151.88, "Actual Rows": 41022, "Actual Loops": 1, "Output": ["lineitem.l_extendedprice", "lineitem.l_discount", "lineitem.l_suppkey", "lineitem.l_orderkey"], "Inner Unique": false, "Hash Cond": "(lineitem.l_partkey = part.p_partkey)", "Plans": [{"Node Type": "Seq Scan", "Parent Relationship": "Outer", "Parallel Aware": false, "Relation Name": "lineitem", "Schema": "public", "Alias": "lineitem", "Startup Cost": 0.0, "Total Cost": 172481.09, "Plan Rows": 6000709, "Plan Width": 24, "Actual Startup Time": 0.014, "Actual Total Time": 8855.144, "Actual Rows": 6000003, "Actual Loops": 1, "Output": ["lineitem.l_orderkey", "lineitem.l_partkey", "lineitem.l_suppkey", "lineitem.l_linenumber", "lineitem.l_quantity", "lineitem.l_extendedprice", "lineitem.l_discount", "lineitem.l_tax", "lineitem.l_returnflag", "lineitem.l_linestatus", "lineitem.l_shipdate", "lineitem.l_commitdate", "lineitem.l_receiptdate", "lineitem.l_shipinstruct", "lineitem.l_shipmode", "lineitem.l_comment"]}, {"Node Type": "Hash", "Parent Relationship": "Inner", "Parallel Aware": false, "Startup Cost": 6581.0, "Total Cost": 6581.0, "Plan Rows": 1326, "Plan Width": 4, "Actual Startup Time": 298.249, "Actual Total Time": 298.258, "Actual Rows": 1359, "Actual Loops": 1, "Output": ["part.p_partkey"], "Hash Buckets": 2048, "Original Hash Buckets": 2048, "Hash Batches": 1, "Original Hash Batches": 1, "Peak Memory Usage": 64, "Plans": [{"Node Type": "Seq Scan", "Parent Relationship": "Outer", "Parallel Aware": false, "Relation Name": "part", "Schema": "public", "Alias": "part", "Startup Cost": 0.0, "Total Cost": 6581.0, "Plan Rows": 1326, "Plan Width": 4, "Actual Startup Time": 0.656, "Actual Total Time": 289.868, "Actual Rows": 1359, "Actual Loops": 1, "Output": ["part.p_partkey"], "Filter": "((part.p_type)::text = 'STANDARD ANODIZED STEEL'::text)", "Rows Removed by Filter": 198641}]}]}, {"Node Type": "Hash", "Parent Relationship": "Inner", "Parallel Aware": false, "Startup Cost": 369.95, "Total Cost": 369.95, "Plan Rows": 10000, "Plan Width": 33, "Actual Startup Time": 49.556, "Actual Total Time": 49.586, "Actual Rows": 10000, "Actual Loops": 1, "Output": ["supplier.s_suppkey", "n2.n_name"], "Hash Buckets": 16384, "Original Hash Buckets": 16384, "Hash Batches": 1, "Original Hash Batches": 1, "Peak Memory Usage": 559, "Plans": [{"Node Type": "Hash Join", "Parent Relationship": "Outer", "Parallel Aware": false, "Join Type": "Inner", "Startup Cost": 21.48, "Total Cost": 369.95, "Plan Rows": 10000, "Plan Width": 33, "Actual Startup Time": 0.186, "Actual Total Time": 25.203, "Actual Rows": 10000, "Actual Loops": 1, "Output": ["supplier.s_suppkey", "n2.n_name"], "Inner Unique": true, "Hash Cond": "(supplier.s_nationkey = n2.n_nationkey)", "Plans": [{"Node Type": "Seq Scan", "Parent Relationship": "Outer", "Parallel Aware": false, "Relation Name": "supplier", "Schema": "public", "Alias": "supplier", "Startup Cost": 0.0, "Total Cost": 322.0, "Plan Rows": 10000, "Plan Width": 8, "Actual Startup Time": 0.025, "Actual Total Time": 3.252, "Actual Rows": 10000, "Actual Loops": 1, "Output": ["supplier.s_suppkey", "supplier.s_name", "supplier.s_address", "supplier.s_nationkey", "supplier.s_phone", "supplier.s_acctbal", "supplier.s_comment"]}, {"Node Type": "Hash", "Parent Relationship": "Inner", "Parallel Aware": false, "Startup Cost": 15.1, "Total Cost": 15.1, "Plan Rows": 510, "Plan Width": 33, "Actual Startup Time": 0.048, "Actual Total Time": 0.056, "Actual Rows": 25, "Actual Loops": 1, "Output": ["n2.n_name", "n2.n_nationkey"], "Hash Buckets": 1024, "Original Hash Buckets": 1024, "Hash Batches": 1, "Original Hash Batches": 1, "Peak Memory Usage": 10, "Plans": [{"Node Type": "Seq Scan", "Parent Relationship": "Outer", "Parallel Aware": false, "Relation Name": "nation", "Schema": "public", "Alias": "n2", "Startup Cost": 0.0, "Total Cost": 15.1, "Plan Rows": 510, "Plan Width": 33, "Actual Startup Time": 0.034, "Actual Total Time": 0.04, "Actual Rows": 25, "Actual Loops": 1, "Output": ["n2.n_name", "n2.n_nationkey"]}]}]}]}]}]}]}, {"Node Type": "Hash", "Parent Relationship": "Inner", "Parallel Aware": false, "Startup Cost": 5689.34, "Total Cost": 5689.34, "Plan Rows": 86500, "Plan Width": 4, "Actual Startup Time": 286.415, "Actual Total Time": 286.437, "Actual Rows": 29904, "Actual Loops": 1, "Output": ["customer.c_custkey"], "Hash Buckets": 131072, "Original Hash Buckets": 131072, "Hash Batches": 2, "Original Hash Batches": 2, "Peak Memory Usage": 1558, "Plans": [{"Node Type": "Hash Join", "Parent Relationship": "Outer", "Parallel Aware": false, "Join Type": "Inner", "Startup Cost": 33.02, "Total Cost": 5689.34, "Plan Rows": 86500, "Plan Width": 4, "Actual Startup Time": 2.633, "Actual Total Time": 263.192, "Actual Rows": 29904, "Actual Loops": 1, "Output": ["customer.c_custkey"], "Inner Unique": false, "Hash Cond": "(customer.c_nationkey = n1.n_nationkey)", "Plans": [{"Node Type": "Seq Scan", "Parent Relationship": "Outer", "Parallel Aware": false, "Relation Name": "customer", "Schema": "public", "Alias": "customer", "Startup Cost": 0.0, "Total Cost": 5085.0, "Plan Rows": 150000, "Plan Width": 8, "Actual Startup Time": 0.022, "Actual Total Time": 24.445, "Actual Rows": 150000, "Actual Loops": 1, "Output": ["customer.c_custkey", "customer.c_name", "customer.c_address", "customer.c_nationkey", "customer.c_phone", "customer.c_acctbal", "customer.c_mktsegment", "customer.c_comment"]}, {"Node Type": "Hash", "Parent Relationship": "Inner", "Parallel Aware": false, "Startup Cost": 32.99, "Total Cost": 32.99, "Plan Rows": 3, "Plan Width": 4, "Actual Startup Time": 0.526, "Actual Total Time": 0.535, "Actual Rows": 5, "Actual Loops": 1, "Output": ["n1.n_nationkey"], "Hash Buckets": 1024, "Original Hash Buckets": 1024, "Hash Batches": 1, "Original Hash Batches": 1, "Peak Memory Usage": 9, "Plans": [{"Node Type": "Hash Join", "Parent Relationship": "Outer", "Parallel Aware": false, "Join Type": "Inner", "Startup Cost": 16.54, "Total Cost": 32.99, "Plan Rows": 3, "Plan Width": 4, "Actual Startup Time": 0.464, "Actual Total Time": 0.526, "Actual Rows": 5, "Actual Loops": 1, "Output": ["n1.n_nationkey"], "Inner Unique": true, "Hash Cond": "(n1.n_regionkey = region.r_regionkey)", "Plans": [{"Node Type": "Seq Scan", "Parent Relationship": "Outer", "Parallel Aware": false, "Relation Name": "nation", "Schema": "public", "Alias": "n1", "Startup Cost": 0.0, "Total Cost": 15.1, "Plan Rows": 510, "Plan Width": 8, "Actual Startup Time": 0.048, "Actual Total Time": 0.053, "Actual Rows": 25, "Actual Loops": 1, "Output": ["n1.n_nationkey", "n1.n_name", "n1.n_regionkey", "n1.n_comment"]}, {"Node Type": "Hash", "Parent Relationship": "Inner", "Parallel Aware": false, "Startup Cost": 16.5, "Total Cost": 16.5, "Plan Rows": 3, "Plan Width": 4, "Actual Startup Time": 0.383, "Actual Total Time": 0.387, "Actual Rows": 1, "Actual Loops": 1, "Output": ["region.r_regionkey"], "Hash Buckets": 1024, "Original Hash Buckets": 1024, "Hash Batches": 1, "Original Hash Batches": 1, "Peak Memory Usage": 9, "Plans": [{"Node Type": "Seq Scan", "Parent Relationship": "Outer", "Parallel Aware": false, "Relation Name": "region", "Schema": "public", "Alias": "region", "Startup Cost": 0.0, "Total Cost": 16.5, "Plan Rows": 3, "Plan Width": 4, "Actual Startup Time": 0.372, "Actual Total Time": 0.373, "Actual Rows": 1, "Actual Loops": 1, "Output": ["region.r_regionkey"], "Filter": "((region.r_name)::text = 'MIDDLE EAST'::text)", "Rows Removed by Filter": 4}]}]}]}]}]}]}]}]}, "Planning Time": 22.189, "Triggers": [], "Execution Time": 11764.262}]
q17#####[{"Plan": {"Node Type": "Sort", "Parallel Aware": false, "Startup Cost": 250731.05, "Total Cost": 250731.1, "Plan Rows": 21, "Plan Width": 61, "Actual Startup Time": 6959.263, "Actual Total Time": 6959.538, "Actual Rows": 5, "Actual Loops": 1, "Output": ["nation.n_name", "(sum((lineitem.l_extendedprice * ('1'::numeric - lineitem.l_discount))))"], "Sort Key": ["(sum((lineitem.l_extendedprice * ('1'::numeric - lineitem.l_discount)))) DESC"], "Sort Method": "quicksort", "Sort Space Used": 25, "Sort Space Type": "Memory", "Plans": [{"Node Type": "Aggregate", "Strategy": "Sorted", "Partial Mode": "Simple", "Parent Relationship": "Outer", "Parallel Aware": false, "Startup Cost": 250730.06, "Total Cost": 250730.59, "Plan Rows": 21, "Plan Width": 61, "Actual Startup Time": 6955.322, "Actual Total Time": 6959.503, "Actual Rows": 5, "Actual Loops": 1, "Output": ["nation.n_name", "sum((lineitem.l_extendedprice * ('1'::numeric - lineitem.l_discount)))"], "Group Key": ["nation.n_name"], "Plans": [{"Node Type": "Sort", "Parent Relationship": "Outer", "Parallel Aware": false, "Startup Cost": 250730.06, "Total Cost": 250730.12, "Plan Rows": 21, "Plan Width": 41, "Actual Startup Time": 6952.827, "Actual Total Time": 6954.065, "Actual Rows": 7327, "Actual Loops": 1, "Output": ["nation.n_name", "lineitem.l_extendedprice", "lineitem.l_discount"], "Sort Key": ["nation.n_name"], "Sort Method": "quicksort", "Sort Space Used": 762, "Sort Space Type": "Memory", "Plans": [{"Node Type": "Hash Join", "Parent Relationship": "Outer", "Parallel Aware": false, "Join Type": "Inner", "Startup Cost": 55651.39, "Total Cost": 250729.6, "Plan Rows": 21, "Plan Width": 41, "Actual Startup Time": 999.187, "Actual Total Time": 6933.291, "Actual Rows": 7327, "Actual Loops": 1, "Output": ["nation.n_name", "lineitem.l_extendedprice", "lineitem.l_discount"], "Inner Unique": false, "Hash Cond": "((lineitem.l_suppkey = supplier.s_suppkey) AND (customer.c_nationkey = supplier.s_nationkey))", "Plans": [{"Node Type": "Hash Join", "Parent Relationship": "Outer", "Parallel Aware": false, "Join Type": "Inner", "Startup Cost": 55179.39, "Total Cost": 250215.91, "Plan Rows": 5278, "Plan Width": 53, "Actual Startup Time": 994.184, "Actual Total Time": 6841.64, "Actual Rows": 180519, "Actual Loops": 1, "Output": ["customer.c_nationkey", "lineitem.l_extendedprice", "lineitem.l_discount", "lineitem.l_suppkey", "nation.n_name", "nation.n_nationkey"], "Inner Unique": false, "Hash Cond": "(lineitem.l_orderkey = orders.o_orderkey)", "Plans": [{"Node Type": "Seq Scan", "Parent Relationship": "Outer", "Parallel Aware": false, "Relation Name": "lineitem", "Schema": "public", "Alias": "lineitem", "Startup Cost": 0.0, "Total Cost": 172481.09, "Plan Rows": 6000709, "Plan Width": 20, "Actual Startup Time": 0.017, "Actual Total Time": 4631.17, "Actual Rows": 6000003, "Actual Loops": 1, "Output": ["lineitem.l_orderkey", "lineitem.l_partkey", "lineitem.l_suppkey", "lineitem.l_linenumber", "lineitem.l_quantity", "lineitem.l_extendedprice", "lineitem.l_discount", "lineitem.l_tax", "lineitem.l_returnflag", "lineitem.l_linestatus", "lineitem.l_shipdate", "lineitem.l_commitdate", "lineitem.l_receiptdate", "lineitem.l_shipinstruct", "lineitem.l_shipmode", "lineitem.l_comment"]}, {"Node Type": "Hash", "Parent Relationship": "Inner", "Parallel Aware": false, "Startup Cost": 55162.9, "Total Cost": 55162.9, "Plan Rows": 1319, "Plan Width": 41, "Actual Startup Time": 993.071, "Actual Total Time": 993.344, "Actual Rows": 45430, "Actual Loops": 1, "Output": ["customer.c_nationkey", "orders.o_orderkey", "nation.n_name", "nation.n_nationkey"], "Hash Buckets": 65536, "Original Hash Buckets": 2048, "Hash Batches": 1, "Original Hash Batches": 1, "Peak Memory Usage": 2856, "Plans": [{"Node Type": "Hash Join", "Parent Relationship": "Outer", "Parallel Aware": false, "Join Type": "Inner", "Startup Cost": 5700.16, "Total Cost": 55162.9, "Plan Rows": 1319, "Plan Width": 41, "Actual Startup Time": 65.756, "Actual Total Time": 936.829, "Actual Rows": 45430, "Actual Loops": 1, "Output": ["customer.c_nationkey", "orders.o_orderkey", "nation.n_name", "nation.n_nationkey"], "Inner Unique": false, "Hash Cond": "(orders.o_custkey = customer.c_custkey)", "Plans": [{"Node Type": "Seq Scan", "Parent Relationship": "Outer", "Parallel Aware": false, "Relation Name": "orders", "Schema": "public", "Alias": "orders", "Startup Cost": 0.0, "Total Cost": 48592.0, "Plan Rows": 228681, "Plan Width": 8, "Actual Startup Time": 0.019, "Actual Total Time": 758.31, "Actual Rows": 227876, "Actual Loops": 1, "Output": ["orders.o_orderkey", "orders.o_custkey", "orders.o_orderstatus", "orders.o_totalprice", "orders.o_orderdate", "orders.o_orderpriority", "orders.o_clerk", "orders.o_shippriority", "orders.o_comment"], "Filter": "((orders.o_orderdate >= '1997-01-10'::date) AND (orders.o_orderdate < '1998-01-10 00:00:00'::timestamp without time zone))", "Rows Removed by Filter": 1272124}, {"Node Type": "Hash", "Parent Relationship": "Inner", "Parallel Aware": false, "Startup Cost": 5689.34, "Total Cost": 5689.34, "Plan Rows": 865, "Plan Width": 41, "Actual Startup Time": 65.722, "Actual Total Time": 65.972, "Actual Rows": 30183, "Actual Loops": 1, "Output": ["customer.c_custkey", "customer.c_nationkey", "nation.n_name", "nation.n_nationkey"], "Hash Buckets": 32768, "Original Hash Buckets": 1024, "Hash Batches": 1, "Original Hash Batches": 1, "Peak Memory Usage": 1813, "Plans": [{"Node Type": "Hash Join", "Parent Relationship": "Outer", "Parallel Aware": false, "Join Type": "Inner", "Startup Cost": 33.02, "Total Cost": 5689.34, "Plan Rows": 865, "Plan Width": 41, "Actual Startup Time": 0.12, "Actual Total Time": 59.482, "Actual Rows": 30183, "Actual Loops": 1, "Output": ["customer.c_custkey", "customer.c_nationkey", "nation.n_name", "nation.n_nationkey"], "Inner Unique": false, "Hash Cond": "(customer.c_nationkey = nation.n_nationkey)", "Plans": [{"Node Type": "Seq Scan", "Parent Relationship": "Outer", "Parallel Aware": false, "Relation Name": "customer", "Schema": "public", "Alias": "customer", "Startup Cost": 0.0, "Total Cost": 5085.0, "Plan Rows": 150000, "Plan Width": 8, "Actual Startup Time": 0.003, "Actual Total Time": 18.483, "Actual Rows": 150000, "Actual Loops": 1, "Output": ["customer.c_custkey", "customer.c_name", "customer.c_address", "customer.c_nationkey", "customer.c_phone", "customer.c_acctbal", "customer.c_mktsegment", "customer.c_comment"]}, {"Node Type": "Hash", "Parent Relationship": "Inner", "Parallel Aware": false, "Startup Cost": 32.99, "Total Cost": 32.99, "Plan Rows": 3, "Plan Width": 33, "Actual Startup Time": 0.101, "Actual Total Time": 0.174, "Actual Rows": 5, "Actual Loops": 1, "Output": ["nation.n_name", "nation.n_nationkey"], "Hash Buckets": 1024, "Original Hash Buckets": 1024, "Hash Batches": 1, "Original Hash Batches": 1, "Peak Memory Usage": 9, "Plans": [{"Node Type": "Hash Join", "Parent Relationship": "Outer", "Parallel Aware": false, "Join Type": "Inner", "Startup Cost": 16.54, "Total Cost": 32.99, "Plan Rows": 3, "Plan Width": 33, "Actual Startup Time": 0.09, "Actual Total Time": 0.116, "Actual Rows": 5, "Actual Loops": 1, "Output": ["nation.n_name", "nation.n_nationkey"], "Inner Unique": true, "Hash Cond": "(nation.n_regionkey = region.r_regionkey)", "Plans": [{"Node Type": "Seq Scan", "Parent Relationship": "Outer", "Parallel Aware": false, "Relation Name": "nation", "Schema": "public", "Alias": "nation", "Startup Cost": 0.0, "Total Cost": 15.1, "Plan Rows": 510, "Plan Width": 37, "Actual Startup Time": 0.003, "Actual Total Time": 0.007, "Actual Rows": 25, "Actual Loops": 1, "Output": ["nation.n_nationkey", "nation.n_name", "nation.n_regionkey", "nation.n_comment"]}, {"Node Type": "Hash", "Parent Relationship": "Inner", "Parallel Aware": false, "Startup Cost": 16.5, "Total Cost": 16.5, "Plan Rows": 3, "Plan Width": 4, "Actual Startup Time": 0.018, "Actual Total Time": 0.032, "Actual Rows": 1, "Actual Loops": 1, "Output": ["region.r_regionkey"], "Hash Buckets": 1024, "Original Hash Buckets": 1024, "Hash Batches": 1, "Original Hash Batches": 1, "Peak Memory Usage": 9, "Plans": [{"Node Type": "Seq Scan", "Parent Relationship": "Outer", "Parallel Aware": false, "Relation Name": "region", "Schema": "public", "Alias": "region", "Startup Cost": 0.0, "Total Cost": 16.5, "Plan Rows": 3, "Plan Width": 4, "Actual Startup Time": 0.017, "Actual Total Time": 0.018, "Actual Rows": 1, "Actual Loops": 1, "Output": ["region.r_regionkey"], "Filter": "((region.r_name)::text = 'ASIA'::text)", "Rows Removed by Filter": 4}]}]}]}]}]}]}]}]}, {"Node Type": "Hash", "Parent Relationship": "Inner", "Parallel Aware": false, "Startup Cost": 322.0, "Total Cost": 322.0, "Plan Rows": 10000, "Plan Width": 8, "Actual Startup Time": 4.045, "Actual Total Time": 4.046, "Actual Rows": 10000, "Actual Loops": 1, "Output": ["supplier.s_suppkey", "supplier.s_nationkey"], "Hash Buckets": 16384, "Original Hash Buckets": 16384, "Hash Batches": 1, "Original Hash Batches": 1, "Peak Memory Usage": 519, "Plans": [{"Node Type": "Seq Scan", "Parent Relationship": "Outer", "Parallel Aware": false, "Relation Name": "supplier", "Schema": "public", "Alias": "supplier", "Startup Cost": 0.0, "Total Cost": 322.0, "Plan Rows": 10000, "Plan Width": 8, "Actual Startup Time": 0.01, "Actual Total Time": 2.321, "Actual Rows": 10000, "Actual Loops": 1, "Output": ["supplier.s_suppkey", "supplier.s_nationkey"]}]}]}]}]}]}, "Planning Time": 4.194, "Triggers": [], "Execution Time": 6960.351}]
q19#####[{"Plan": {"Node Type": "Aggregate", "Strategy": "Sorted", "Partial Mode": "Simple", "Parallel Aware": false, "Startup Cost": 262584.13, "Total Cost": 262584.41, "Plan Rows": 8, "Plan Width": 98, "Actual Startup Time": 4963.972, "Actual Total Time": 4966.602, "Actual Rows": 4, "Actual Loops": 1, "Output": ["n1.n_name", "n2.n_name", "(date_part('year'::text, (lineitem.l_shipdate)::timestamp without time zone))", "sum((lineitem.l_extendedprice * ('1'::numeric - lineitem.l_discount)))"], "Group Key": ["n1.n_name", "n2.n_name", "(date_part('year'::text, (lineitem.l_shipdate)::timestamp without time zone))"], "Plans": [{"Node Type": "Sort", "Parent Relationship": "Outer", "Parallel Aware": false, "Startup Cost": 262584.13, "Total Cost": 262584.15, "Plan Rows": 8, "Plan Width": 78, "Actual Startup Time": 4962.965, "Actual Total Time": 4963.978, "Actual Rows": 5995, "Actual Loops": 1, "Output": ["n1.n_name", "n2.n_name", "(date_part('year'::text, (lineitem.l_shipdate)::timestamp without time zone))", "lineitem.l_extendedprice", "lineitem.l_discount"], "Sort Key": ["n1.n_name", "n2.n_name", "(date_part('year'::text, (lineitem.l_shipdate)::timestamp without time zone))"], "Sort Method": "quicksort", "Sort Space Used": 661, "Sort Space Type": "Memory", "Plans": [{"Node Type": "Hash Join", "Parent Relationship": "Outer", "Parallel Aware": false, "Join Type": "Inner", "Startup Cost": 52933.46, "Total Cost": 262584.01, "Plan Rows": 8, "Plan Width": 78, "Actual Startup Time": 1622.674, "Actual Total Time": 4955.927, "Actual Rows": 5995, "Actual Loops": 1, "Output": ["n1.n_name", "n2.n_name", "date_part('year'::text, (lineitem.l_shipdate)::timestamp without time zone)", "lineitem.l_extendedprice", "lineitem.l_discount"], "Inner Unique": false, "Hash Cond": "(lineitem.l_orderkey = orders.o_orderkey)", "Join Filter": "((((n1.n_name)::text = 'IRAN'::text) AND ((n2.n_name)::text = 'IRAQ'::text)) OR (((n1.n_name)::text = 'IRAQ'::text) AND ((n2.n_name)::text = 'IRAN'::text)))", "Rows Removed by Join Filter": 6121, "Plans": [{"Node Type": "Hash Join", "Parent Relationship": "Outer", "Parallel Aware": false, "Join Type": "Inner", "Startup Cost": 367.41, "Total Cost": 209946.71, "Plan Rows": 18046, "Plan Width": 49, "Actual Startup Time": 5.556, "Actual Total Time": 3171.608, "Actual Rows": 151672, "Actual Loops": 1, "Output": ["lineitem.l_shipdate", "lineitem.l_extendedprice", "lineitem.l_discount", "lineitem.l_orderkey", "n1.n_name"], "Inner Unique": false, "Hash Cond": "(lineitem.l_suppkey = supplier.s_suppkey)", "Plans": [{"Node Type": "Seq Scan", "Parent Relationship": "Outer", "Parallel Aware": false, "Relation Name": "lineitem", "Schema": "public", "Alias": "lineitem", "Startup Cost": 0.0, "Total Cost": 202484.64, "Plan Rows": 1843806, "Plan Width": 24, "Actual Startup Time": 0.075, "Actual Total Time": 2913.447, "Actual Rows": 1825348, "Actual Loops": 1, "Output": ["lineitem.l_orderkey", "lineitem.l_partkey", "lineitem.l_suppkey", "lineitem.l_linenumber", "lineitem.l_quantity", "lineitem.l_extendedprice", "lineitem.l_discount", "lineitem.l_tax", "lineitem.l_returnflag", "lineitem.l_linestatus", "lineitem.l_shipdate", "lineitem.l_commitdate", "lineitem.l_receiptdate", "lineitem.l_shipinstruct", "lineitem.l_shipmode", "lineitem.l_comment"], "Filter": "((lineitem.l_shipdate >= '1995-01-02'::date) AND (lineitem.l_shipdate <= '1996-12-31'::date))", "Rows Removed by Filter": 4174655}, {"Node Type": "Hash", "Parent Relationship": "Inner", "Parallel Aware": false, "Startup Cost": 366.18, "Total Cost": 366.18, "Plan Rows": 98, "Plan Width": 33, "Actual Startup Time": 5.357, "Actual Total Time": 5.468, "Actual Rows": 831, "Actual Loops": 1, "Output": ["supplier.s_suppkey", "n1.n_name"], "Hash Buckets": 1024, "Original Hash Buckets": 1024, "Hash Batches": 1, "Original Hash Batches": 1, "Peak Memory Usage": 42, "Plans": [{"Node Type": "Hash Join", "Parent Relationship": "Outer", "Parallel Aware": false, "Join Type": "Inner", "Startup Cost": 17.71, "Total Cost": 366.18, "Plan Rows": 98, "Plan Width": 33, "Actual Startup Time": 0.523, "Actual Total Time": 4.976, "Actual Rows": 831, "Actual Loops": 1, "Output": ["supplier.s_suppkey", "n1.n_name"], "Inner Unique": true, "Hash Cond": "(supplier.s_nationkey = n1.n_nationkey)", "Plans": [{"Node Type": "Seq Scan", "Parent Relationship": "Outer", "Parallel Aware": false, "Relation Name": "supplier", "Schema": "public", "Alias": "supplier", "Startup Cost": 0.0, "Total Cost": 322.0, "Plan Rows": 10000, "Plan Width": 8, "Actual Startup Time": 0.294, "Actual Total Time": 1.438, "Actual Rows": 10000, "Actual Loops": 1, "Output": ["supplier.s_suppkey", "supplier.s_name", "supplier.s_address", "supplier.s_nationkey", "supplier.s_phone", "supplier.s_acctbal", "supplier.s_comment"]}, {"Node Type": "Hash", "Parent Relationship": "Inner", "Parallel Aware": false, "Startup Cost": 17.65, "Total Cost": 17.65, "Plan Rows": 5, "Plan Width": 33, "Actual Startup Time": 0.185, "Actual Total Time": 0.199, "Actual Rows": 2, "Actual Loops": 1, "Output": ["n1.n_name", "n1.n_nationkey"], "Hash Buckets": 1024, "Original Hash Buckets": 1024, "Hash Batches": 1, "Original Hash Batches": 1, "Peak Memory Usage": 9, "Plans": [{"Node Type": "Seq Scan", "Parent Relationship": "Outer", "Parallel Aware": false, "Relation Name": "nation", "Schema": "public", "Alias": "n1", "Startup Cost": 0.0, "Total Cost": 17.65, "Plan Rows": 5, "Plan Width": 33, "Actual Startup Time": 0.04, "Actual Total Time": 0.097, "Actual Rows": 2, "Actual Loops": 1, "Output": ["n1.n_name", "n1.n_nationkey"], "Filter": "(((n1.n_name)::text = 'IRAN'::text) OR ((n1.n_name)::text = 'IRAQ'::text))", "Rows Removed by Filter": 23}]}]}]}]}, {"Node Type": "Hash", "Parent Relationship": "Inner", "Parallel Aware": false, "Startup Cost": 52382.22, "Total Cost": 52382.22, "Plan Rows": 14706, "Plan Width": 33, "Actual Startup Time": 1615.48, "Actual Total Time": 1615.637, "Actual Rows": 118733, "Actual Loops": 1, "Output": ["orders.o_orderkey", "n2.n_name"], "Hash Buckets": 131072, "Original Hash Buckets": 16384, "Hash Batches": 2, "Original Hash Batches": 1, "Peak Memory Usage": 3389, "Plans": [{"Node Type": "Hash Join", "Parent Relationship": "Outer", "Parallel Aware": false, "Join Type": "Inner", "Startup Cost": 5518.12, "Total Cost": 52382.22, "Plan Rows": 14706, "Plan Width": 33, "Actual Startup Time": 58.509, "Actual Total Time": 1527.61, "Actual Rows": 118733, "Actual Loops": 1, "Output": ["orders.o_orderkey", "n2.n_name"], "Inner Unique": false, "Hash Cond": "(orders.o_custkey = customer.c_custkey)", "Plans": [{"Node Type": "Seq Scan", "Parent Relationship": "Outer", "Parallel Aware": false, "Relation Name": "orders", "Schema": "public", "Alias": "orders", "Startup Cost": 0.0, "Total Cost": 41092.0, "Plan Rows": 1500000, "Plan Width": 8, "Actual Startup Time": 0.027, "Actual Total Time": 1191.376, "Actual Rows": 1500000, "Actual Loops": 1, "Output": ["orders.o_orderkey", "orders.o_custkey", "orders.o_orderstatus", "orders.o_totalprice", "orders.o_orderdate", "orders.o_orderpriority", "orders.o_clerk", "orders.o_shippriority", "orders.o_comment"]}, {"Node Type": "Hash", "Parent Relationship": "Inner", "Parallel Aware": false, "Startup Cost": 5499.73, "Total Cost": 5499.73, "Plan Rows": 1471, "Plan Width": 33, "Actual Startup Time": 58.405, "Actual Total Time": 58.532, "Actual Rows": 11972, "Actual Loops": 1, "Output": ["customer.c_custkey", "n2.n_name"], "Hash Buckets": 16384, "Original Hash Buckets": 2048, "Hash Batches": 1, "Original Hash Batches": 1, "Peak Memory Usage": 608, "Plans": [{"Node Type": "Hash Join", "Parent Relationship": "Outer", "Parallel Aware": false, "Join Type": "Inner", "Startup Cost": 17.71, "Total Cost": 5499.73, "Plan Rows": 1471, "Plan Width": 33, "Actual Startup Time": 0.058, "Actual Total Time": 54.66, "Actual Rows": 11972, "Actual Loops": 1, "Output": ["customer.c_custkey", "n2.n_name"], "Inner Unique": true, "Hash Cond": "(customer.c_nationkey = n2.n_nationkey)", "Plans": [{"Node Type": "Seq Scan", "Parent Relationship": "Outer", "Parallel Aware": false, "Relation Name": "customer", "Schema": "public", "Alias": "customer", "Startup Cost": 0.0, "Total Cost": 5085.0, "Plan Rows": 150000, "Plan Width": 8, "Actual Startup Time": 0.004, "Actual Total Time": 12.077, "Actual Rows": 150000, "Actual Loops": 1, "Output": ["customer.c_custkey", "customer.c_name", "customer.c_address", "customer.c_nationkey", "customer.c_phone", "customer.c_acctbal", "customer.c_mktsegment", "customer.c_comment"]}, {"Node Type": "Hash", "Parent Relationship": "Inner", "Parallel Aware": false, "Startup Cost": 17.65, "Total Cost": 17.65, "Plan Rows": 5, "Plan Width": 33, "Actual Startup Time": 0.013, "Actual Total Time": 0.024, "Actual Rows": 2, "Actual Loops": 1, "Output": ["n2.n_name", "n2.n_nationkey"], "Hash Buckets": 1024, "Original Hash Buckets": 1024, "Hash Batches": 1, "Original Hash Batches": 1, "Peak Memory Usage": 9, "Plans": [{"Node Type": "Seq Scan", "Parent Relationship": "Outer", "Parallel Aware": false, "Relation Name": "nation", "Schema": "public", "Alias": "n2", "Startup Cost": 0.0, "Total Cost": 17.65, "Plan Rows": 5, "Plan Width": 33, "Actual Startup Time": 0.005, "Actual Total Time": 0.006, "Actual Rows": 2, "Actual Loops": 1, "Output": ["n2.n_name", "n2.n_nationkey"], "Filter": "(((n2.n_name)::text = 'IRAQ'::text) OR ((n2.n_name)::text = 'IRAN'::text))", "Rows Removed by Filter": 23}]}]}]}]}]}]}]}]}, "Planning Time": 18.845, "Triggers": [], "Execution Time": 4967.537}]
q20#####[{"Plan": {"Node Type": "Aggregate", "Strategy": "Sorted", "Partial Mode": "Simple", "Parallel Aware": false, "Startup Cost": 261738.9, "Total Cost": 261742.05, "Plan Rows": 70, "Plan Width": 40, "Actual Startup Time": 2787.347, "Actual Total Time": 2787.671, "Actual Rows": 2, "Actual Loops": 1, "Output": ["(date_part('year'::text, (orders.o_orderdate)::timestamp without time zone))", "(sum(CASE WHEN ((n2.n_name)::text = 'GERMANY'::text) THEN (lineitem.l_extendedprice * ('1'::numeric - lineitem.l_discount)) ELSE '0'::numeric END) / sum((lineitem.l_extendedprice * ('1'::numeric - lineitem.l_discount))))"], "Group Key": ["(date_part('year'::text, (orders.o_orderdate)::timestamp without time zone))"], "Plans": [{"Node Type": "Sort", "Parent Relationship": "Outer", "Parallel Aware": false, "Startup Cost": 261738.9, "Total Cost": 261739.08, "Plan Rows": 70, "Plan Width": 49, "Actual Startup Time": 2787.027, "Actual Total Time": 2787.15, "Actual Rows": 2462, "Actual Loops": 1, "Output": ["(date_part('year'::text, (orders.o_orderdate)::timestamp without time zone))", "n2.n_name", "lineitem.l_extendedprice", "lineitem.l_discount"], "Sort Key": ["(date_part('year'::text, (orders.o_orderdate)::timestamp without time zone))"], "Sort Method": "quicksort", "Sort Space Used": 289, "Sort Space Type": "Memory", "Plans": [{"Node Type": "Hash Join", "Parent Relationship": "Outer", "Parallel Aware": false, "Join Type": "Inner", "Startup Cost": 210625.54, "Total Cost": 261736.75, "Plan Rows": 70, "Plan Width": 49, "Actual Startup Time": 2393.787, "Actual Total Time": 2785.898, "Actual Rows": 2462, "Actual Loops": 1, "Output": ["date_part('year'::text, (orders.o_orderdate)::timestamp without time zone)", "n2.n_name", "lineitem.l_extendedprice", "lineitem.l_discount"], "Inner Unique": false, "Hash Cond": "(orders.o_custkey = customer.c_custkey)", "Plans": [{"Node Type": "Hash Join", "Parent Relationship": "Outer", "Parallel Aware": false, "Join Type": "Inner", "Startup Cost": 203516.95, "Total Cost": 253938.95, "Plan Rows": 12069, "Plan Width": 49, "Actual Startup Time": 2316.2, "Actual Total Time": 2682.261, "Actual Rows": 11886, "Actual Loops": 1, "Output": ["lineitem.l_extendedprice", "lineitem.l_discount", "orders.o_orderdate", "orders.o_custkey", "n2.n_name"], "Inner Unique": false, "Hash Cond": "(orders.o_orderkey = lineitem.l_orderkey)", "Plans": [{"Node Type": "Seq Scan", "Parent Relationship": "Outer", "Parallel Aware": false, "Relation Name": "orders", "Schema": "public", "Alias": "orders", "Startup Cost": 0.0, "Total Cost": 48592.0, "Plan Rows": 455817, "Plan Width": 12, "Actual Startup Time": 0.024, "Actual Total Time": 274.748, "Actual Rows": 457263, "Actual Loops": 1, "Output": ["orders.o_orderkey", "orders.o_custkey", "orders.o_orderstatus", "orders.o_totalprice", "orders.o_orderdate", "orders.o_orderpriority", "orders.o_clerk", "orders.o_shippriority", "orders.o_comment"], "Filter": "((orders.o_orderdate >= '1995-01-01'::date) AND (orders.o_orderdate <= '1996-12-31'::date))", "Rows Removed by Filter": 1042737}, {"Node Type": "Hash", "Parent Relationship": "Inner", "Parallel Aware": false, "Startup Cost": 203020.49, "Total Cost": 203020.49, "Plan Rows": 39717, "Plan Width": 45, "Actual Startup Time": 2315.003, "Actual Total Time": 2315.024, "Actual Rows": 39398, "Actual Loops": 1, "Output": ["lineitem.l_extendedprice", "lineitem.l_discount", "lineitem.l_orderkey", "n2.n_name"], "Hash Buckets": 65536, "Original Hash Buckets": 65536, "Hash Batches": 1, "Original Hash Batches": 1, "Peak Memory Usage": 2782, "Plans": [{"Node Type": "Hash Join", "Parent Relationship": "Outer", "Parallel Aware": false, "Join Type": "Inner", "Startup Cost": 7092.52, "Total Cost": 203020.49, "Plan Rows": 39717, "Plan Width": 45, "Actual Startup Time": 136.107, "Actual Total Time": 2287.875, "Actual Rows": 39398, "Actual Loops": 1, "Output": ["lineitem.l_extendedprice", "lineitem.l_discount", "lineitem.l_orderkey", "n2.n_name"], "Inner Unique": false, "Hash Cond": "(lineitem.l_suppkey = supplier.s_suppkey)", "Plans": [{"Node Type": "Hash Join", "Parent Relationship": "Outer", "Parallel Aware": false, "Join Type": "Inner", "Startup Cost": 6597.57, "Total Cost": 201979.17, "Plan Rows": 39785, "Plan Width": 20, "Actual Startup Time": 131.961, "Actual Total Time": 2250.376, "Actual Rows": 39398, "Actual Loops": 1, "Output": ["lineitem.l_extendedprice", "lineitem.l_discount", "lineitem.l_suppkey", "lineitem.l_orderkey"], "Inner Unique": false, "Hash Cond": "(lineitem.l_partkey = part.p_partkey)", "Plans": [{"Node Type": "Seq Scan", "Parent Relationship": "Outer", "Parallel Aware": false, "Relation Name": "lineitem", "Schema": "public", "Alias": "lineitem", "Startup Cost": 0.0, "Total Cost": 172481.09, "Plan Rows": 6000709, "Plan Width": 24, "Actual Startup Time": 1.701, "Actual Total Time": 1498.904, "Actual Rows": 6000003, "Actual Loops": 1, "Output": ["lineitem.l_orderkey", "lineitem.l_partkey", "lineitem.l_suppkey", "lineitem.l_linenumber", "lineitem.l_quantity", "lineitem.l_extendedprice", "lineitem.l_discount", "lineitem.l_tax", "lineitem.l_returnflag", "lineitem.l_linestatus", "lineitem.l_shipdate", "lineitem.l_commitdate", "lineitem.l_receiptdate", "lineitem.l_shipinstruct", "lineitem.l_shipmode", "lineitem.l_comment"]}, {"Node Type": "Hash", "Parent Relationship": "Inner", "Parallel Aware": false, "Startup Cost": 6581.0, "Total Cost": 6581.0, "Plan Rows": 1326, "Plan Width": 4, "Actual Startup Time": 130.112, "Actual Total Time": 130.113, "Actual Rows": 1308, "Actual Loops": 1, "Output": ["part.p_partkey"], "Hash Buckets": 2048, "Original Hash Buckets": 2048, "Hash Batches": 1, "Original Hash Batches": 1, "Peak Memory Usage": 62, "Plans": [{"Node Type": "Seq Scan", "Parent Relationship": "Outer", "Parallel Aware": false, "Relation Name": "part", "Schema": "public", "Alias": "part", "Startup Cost": 0.0, "Total Cost": 6581.0, "Plan Rows": 1326, "Plan Width": 4, "Actual Startup Time": 0.042, "Actual Total Time": 129.181, "Actual Rows": 1308, "Actual Loops": 1, "Output": ["part.p_partkey"], "Filter": "((part.p_type)::text = 'MEDIUM PLATED COPPER'::text)", "Rows Removed by Filter": 198692}]}]}, {"Node Type": "Hash", "Parent Relationship": "Inner", "Parallel Aware": false, "Startup Cost": 369.95, "Total Cost": 369.95, "Plan Rows": 10000, "Plan Width": 33, "Actual Startup Time": 3.812, "Actual Total Time": 3.826, "Actual Rows": 10000, "Actual Loops": 1, "Output": ["supplier.s_suppkey", "n2.n_name"], "Hash Buckets": 16384, "Original Hash Buckets": 16384, "Hash Batches": 1, "Original Hash Batches": 1, "Peak Memory Usage": 559, "Plans": [{"Node Type": "Hash Join", "Parent Relationship": "Outer", "Parallel Aware": false, "Join Type": "Inner", "Startup Cost": 21.48, "Total Cost": 369.95, "Plan Rows": 10000, "Plan Width": 33, "Actual Startup Time": 0.145, "Actual Total Time": 2.315, "Actual Rows": 10000, "Actual Loops": 1, "Output": ["supplier.s_suppkey", "n2.n_name"], "Inner Unique": true, "Hash Cond": "(supplier.s_nationkey = n2.n_nationkey)", "Plans": [{"Node Type": "Seq Scan", "Parent Relationship": "Outer", "Parallel Aware": false, "Relation Name": "supplier", "Schema": "public", "Alias": "supplier", "Startup Cost": 0.0, "Total Cost": 322.0, "Plan Rows": 10000, "Plan Width": 8, "Actual Startup Time": 0.014, "Actual Total Time": 0.571, "Actual Rows": 10000, "Actual Loops": 1, "Output": ["supplier.s_suppkey", "supplier.s_name", "supplier.s_address", "supplier.s_nationkey", "supplier.s_phone", "supplier.s_acctbal", "supplier.s_comment"]}, {"Node Type": "Hash", "Parent Relationship": "Inner", "Parallel Aware": false, "Startup Cost": 15.1, "Total Cost": 15.1, "Plan Rows": 510, "Plan Width": 33, "Actual Startup Time": 0.069, "Actual Total Time": 0.079, "Actual Rows": 25, "Actual Loops": 1, "Output": ["n2.n_name", "n2.n_nationkey"], "Hash Buckets": 1024, "Original Hash Buckets": 1024, "Hash Batches": 1, "Original Hash Batches": 1, "Peak Memory Usage": 10, "Plans": [{"Node Type": "Seq Scan", "Parent Relationship": "Outer", "Parallel Aware": false, "Relation Name": "nation", "Schema": "public", "Alias": "n2", "Startup Cost": 0.0, "Total Cost": 15.1, "Plan Rows": 510, "Plan Width": 33, "Actual Startup Time": 0.008, "Actual Total Time": 0.018, "Actual Rows": 25, "Actual Loops": 1, "Output": ["n2.n_name", "n2.n_nationkey"]}]}]}]}]}]}]}, {"Node Type": "Hash", "Parent Relationship": "Inner", "Parallel Aware": false, "Startup Cost": 5689.34, "Total Cost": 5689.34, "Plan Rows": 86500, "Plan Width": 4, "Actual Startup Time": 75.404, "Actual Total Time": 75.419, "Actual Rows": 30197, "Actual Loops": 1, "Output": ["customer.c_custkey"], "Hash Buckets": 131072, "Original Hash Buckets": 131072, "Hash Batches": 2, "Original Hash Batches": 2, "Peak Memory Usage": 1556, "Plans": [{"Node Type": "Hash Join", "Parent Relationship": "Outer", "Parallel Aware": false, "Join Type": "Inner", "Startup Cost": 33.02, "Total Cost": 5689.34, "Plan Rows": 86500, "Plan Width": 4, "Actual Startup Time": 0.104, "Actual Total Time": 56.561, "Actual Rows": 30197, "Actual Loops": 1, "Output": ["customer.c_custkey"], "Inner Unique": false, "Hash Cond": "(customer.c_nationkey = n1.n_nationkey)", "Plans": [{"Node Type": "Seq Scan", "Parent Relationship": "Outer", "Parallel Aware": false, "Relation Name": "customer", "Schema": "public", "Alias": "customer", "Startup Cost": 0.0, "Total Cost": 5085.0, "Plan Rows": 150000, "Plan Width": 8, "Actual Startup Time": 0.014, "Actual Total Time": 27.526, "Actual Rows": 150000, "Actual Loops": 1, "Output": ["customer.c_custkey", "customer.c_name", "customer.c_address", "customer.c_nationkey", "customer.c_phone", "customer.c_acctbal", "customer.c_mktsegment", "customer.c_comment"]}, {"Node Type": "Hash", "Parent Relationship": "Inner", "Parallel Aware": false, "Startup Cost": 32.99, "Total Cost": 32.99, "Plan Rows": 3, "Plan Width": 4, "Actual Startup Time": 0.076, "Actual Total Time": 0.085, "Actual Rows": 5, "Actual Loops": 1, "Output": ["n1.n_nationkey"], "Hash Buckets": 1024, "Original Hash Buckets": 1024, "Hash Batches": 1, "Original Hash Batches": 1, "Peak Memory Usage": 9, "Plans": [{"Node Type": "Hash Join", "Parent Relationship": "Outer", "Parallel Aware": false, "Join Type": "Inner", "Startup Cost": 16.54, "Total Cost": 32.99, "Plan Rows": 3, "Plan Width": 4, "Actual Startup Time": 0.068, "Actual Total Time": 0.079, "Actual Rows": 5, "Actual Loops": 1, "Output": ["n1.n_nationkey"], "Inner Unique": true, "Hash Cond": "(n1.n_regionkey = region.r_regionkey)", "Plans": [{"Node Type": "Seq Scan", "Parent Relationship": "Outer", "Parallel Aware": false, "Relation Name": "nation", "Schema": "public", "Alias": "n1", "Startup Cost": 0.0, "Total Cost": 15.1, "Plan Rows": 510, "Plan Width": 8, "Actual Startup Time": 0.005, "Actual Total Time": 0.006, "Actual Rows": 25, "Actual Loops": 1, "Output": ["n1.n_nationkey", "n1.n_name", "n1.n_regionkey", "n1.n_comment"]}, {"Node Type": "Hash", "Parent Relationship": "Inner", "Parallel Aware": false, "Startup Cost": 16.5, "Total Cost": 16.5, "Plan Rows": 3, "Plan Width": 4, "Actual Startup Time": 0.028, "Actual Total Time": 0.034, "Actual Rows": 1, "Actual Loops": 1, "Output": ["region.r_regionkey"], "Hash Buckets": 1024, "Original Hash Buckets": 1024, "Hash Batches": 1, "Original Hash Batches": 1, "Peak Memory Usage": 9, "Plans": [{"Node Type": "Seq Scan", "Parent Relationship": "Outer", "Parallel Aware": false, "Relation Name": "region", "Schema": "public", "Alias": "region", "Startup Cost": 0.0, "Total Cost": 16.5, "Plan Rows": 3, "Plan Width": 4, "Actual Startup Time": 0.022, "Actual Total Time": 0.025, "Actual Rows": 1, "Actual Loops": 1, "Output": ["region.r_regionkey"], "Filter": "((region.r_name)::text = 'EUROPE'::text)", "Rows Removed by Filter": 4}]}]}]}]}]}]}]}]}, "Planning Time": 24.193, "Triggers": [], "Execution Time": 2788.199}]
q21#####[{"Plan": {"Node Type": "Aggregate", "Strategy": "Sorted", "Partial Mode": "Simple", "Parallel Aware": false, "Startup Cost": 262533.93, "Total Cost": 262537.04, "Plan Rows": 89, "Plan Width": 98, "Actual Startup Time": 2679.511, "Actual Total Time": 2680.723, "Actual Rows": 4, "Actual Loops": 1, "Output": ["n1.n_name", "n2.n_name", "(date_part('year'::text, (lineitem.l_shipdate)::timestamp without time zone))", "sum((lineitem.l_extendedprice * ('1'::numeric - lineitem.l_discount)))"], "Group Key": ["n1.n_name", "n2.n_name", "(date_part('year'::text, (lineitem.l_shipdate)::timestamp without time zone))"], "Plans": [{"Node Type": "Sort", "Parent Relationship": "Outer", "Parallel Aware": false, "Startup Cost": 262533.93, "Total Cost": 262534.15, "Plan Rows": 89, "Plan Width": 78, "Actual Startup Time": 2679.012, "Actual Total Time": 2679.333, "Actual Rows": 5887, "Actual Loops": 1, "Output": ["n1.n_name", "n2.n_name", "(date_part('year'::text, (lineitem.l_shipdate)::timestamp without time zone))", "lineitem.l_extendedprice", "lineitem.l_discount"], "Sort Key": ["n1.n_name", "n2.n_name", "(date_part('year'::text, (lineitem.l_shipdate)::timestamp without time zone))"], "Sort Method": "quicksort", "Sort Space Used": 652, "Sort Space Type": "Memory", "Plans": [{"Node Type": "Hash Join", "Parent Relationship": "Outer", "Parallel Aware": false, "Join Type": "Inner", "Startup Cost": 52933.46, "Total Cost": 262531.05, "Plan Rows": 89, "Plan Width": 78, "Actual Startup Time": 761.309, "Actual Total Time": 2673.185, "Actual Rows": 5887, "Actual Loops": 1, "Output": ["n1.n_name", "n2.n_name", "date_part('year'::text, (lineitem.l_shipdate)::timestamp without time zone)", "lineitem.l_extendedprice", "lineitem.l_discount"], "Inner Unique": false, "Hash Cond": "(lineitem.l_suppkey = supplier.s_suppkey)", "Join Filter": "((((n1.n_name)::text = 'MOZAMBIQUE'::text) AND ((n2.n_name)::text = 'GERMANY'::text)) OR (((n1.n_name)::text = 'GERMANY'::text) AND ((n2.n_name)::text = 'MOZAMBIQUE'::text)))", "Rows Removed by Join Filter": 5914, "Plans": [{"Node Type": "Hash Join", "Parent Relationship": "Outer", "Parallel Aware": false, "Join Type": "Inner", "Startup Cost": 52566.05, "Total Cost": 262156.04, "Plan Rows": 1810, "Plan Width": 49, "Actual Startup Time": 757.109, "Actual Total Time": 2644.741, "Actual Rows": 146835, "Actual Loops": 1, "Output": ["lineitem.l_shipdate", "lineitem.l_extendedprice", "lineitem.l_discount", "lineitem.l_suppkey", "n2.n_name"], "Inner Unique": false, "Hash Cond": "(lineitem.l_orderkey = orders.o_orderkey)", "Plans": [{"Node Type": "Seq Scan", "Parent Relationship": "Outer", "Parallel Aware": false, "Relation Name": "lineitem", "Schema": "public", "Alias": "lineitem", "Startup Cost": 0.0, "Total Cost": 202484.64, "Plan Rows": 1846489, "Plan Width": 24, "Actual Startup Time": 0.026, "Actual Total Time": 990.871, "Actual Rows": 1827668, "Actual Loops": 1, "Output": ["lineitem.l_orderkey", "lineitem.l_partkey", "lineitem.l_suppkey", "lineitem.l_linenumber", "lineitem.l_quantity", "lineitem.l_extendedprice", "lineitem.l_discount", "lineitem.l_tax", "lineitem.l_returnflag", "lineitem.l_linestatus", "lineitem.l_shipdate", "lineitem.l_commitdate", "lineitem.l_receiptdate", "lineitem.l_shipinstruct", "lineitem.l_shipmode", "lineitem.l_comment"], "Filter": "((lineitem.l_shipdate >= '1995-01-01'::date) AND (lineitem.l_shipdate <= '1996-12-31'::date))", "Rows Removed by Filter": 4172335}, {"Node Type": "Hash", "Parent Relationship": "Inner", "Parallel Aware": false, "Startup Cost": 52382.22, "Total Cost": 52382.22, "Plan Rows": 14706, "Plan Width": 33, "Actual Startup Time": 756.1, "Actual Total Time": 756.135, "Actual Rows": 121291, "Actual Loops": 1, "Output": ["orders.o_orderkey", "n2.n_name"], "Hash Buckets": 131072, "Original Hash Buckets": 16384, "Hash Batches": 2, "Original Hash Batches": 1, "Peak Memory Usage": 3731, "Plans": [{"Node Type": "Hash Join", "Parent Relationship": "Outer", "Parallel Aware": false, "Join Type": "Inner", "Startup Cost": 5518.12, "Total Cost": 52382.22, "Plan Rows": 14706, "Plan Width": 33, "Actual Startup Time": 107.151, "Actual Total Time": 720.502, "Actual Rows": 121291, "Actual Loops": 1, "Output": ["orders.o_orderkey", "n2.n_name"], "Inner Unique": false, "Hash Cond": "(orders.o_custkey = customer.c_custkey)", "Plans": [{"Node Type": "Seq Scan", "Parent Relationship": "Outer", "Parallel Aware": false, "Relation Name": "orders", "Schema": "public", "Alias": "orders", "Startup Cost": 0.0, "Total Cost": 41092.0, "Plan Rows": 1500000, "Plan Width": 8, "Actual Startup Time": 0.013, "Actual Total Time": 396.879, "Actual Rows": 1500000, "Actual Loops": 1, "Output": ["orders.o_orderkey", "orders.o_custkey", "orders.o_orderstatus", "orders.o_totalprice", "orders.o_orderdate", "orders.o_orderpriority", "orders.o_clerk", "orders.o_shippriority", "orders.o_comment"]}, {"Node Type": "Hash", "Parent Relationship": "Inner", "Parallel Aware": false, "Startup Cost": 5499.73, "Total Cost": 5499.73, "Plan Rows": 1471, "Plan Width": 33, "Actual Startup Time": 107.095, "Actual Total Time": 107.12, "Actual Rows": 11882, "Actual Loops": 1, "Output": ["customer.c_custkey", "n2.n_name"], "Hash Buckets": 16384, "Original Hash Buckets": 2048, "Hash Batches": 1, "Original Hash Batches": 1, "Peak Memory Usage": 657, "Plans": [{"Node Type": "Hash Join", "Parent Relationship": "Outer", "Parallel Aware": false, "Join Type": "Inner", "Startup Cost": 17.71, "Total Cost": 5499.73, "Plan Rows": 1471, "Plan Width": 33, "Actual Startup Time": 0.041, "Actual Total Time": 100.368, "Actual Rows": 11882, "Actual Loops": 1, "Output": ["customer.c_custkey", "n2.n_name"], "Inner Unique": true, "Hash Cond": "(customer.c_nationkey = n2.n_nationkey)", "Plans": [{"Node Type": "Seq Scan", "Parent Relationship": "Outer", "Parallel Aware": false, "Relation Name": "customer", "Schema": "public", "Alias": "customer", "Startup Cost": 0.0, "Total Cost": 5085.0, "Plan Rows": 150000, "Plan Width": 8, "Actual Startup Time": 0.002, "Actual Total Time": 29.495, "Actual Rows": 150000, "Actual Loops": 1, "Output": ["customer.c_custkey", "customer.c_name", "customer.c_address", "customer.c_nationkey", "customer.c_phone", "customer.c_acctbal", "customer.c_mktsegment", "customer.c_comment"]}, {"Node Type": "Hash", "Parent Relationship": "Inner", "Parallel Aware": false, "Startup Cost": 17.65, "Total Cost": 17.65, "Plan Rows": 5, "Plan Width": 33, "Actual Startup Time": 0.006, "Actual Total Time": 0.017, "Actual Rows": 2, "Actual Loops": 1, "Output": ["n2.n_name", "n2.n_nationkey"], "Hash Buckets": 1024, "Original Hash Buckets": 1024, "Hash Batches": 1, "Original Hash Batches": 1, "Peak Memory Usage": 9, "Plans": [{"Node Type": "Seq Scan", "Parent Relationship": "Outer", "Parallel Aware": false, "Relation Name": "nation", "Schema": "public", "Alias": "n2", "Startup Cost": 0.0, "Total Cost": 17.65, "Plan Rows": 5, "Plan Width": 33, "Actual Startup Time": 0.003, "Actual Total Time": 0.009, "Actual Rows": 2, "Actual Loops": 1, "Output": ["n2.n_name", "n2.n_nationkey"], "Filter": "(((n2.n_name)::text = 'GERMANY'::text) OR ((n2.n_name)::text = 'MOZAMBIQUE'::text))", "Rows Removed by Filter": 23}]}]}]}]}]}]}, {"Node Type": "Hash", "Parent Relationship": "Inner", "Parallel Aware": false, "Startup Cost": 366.18, "Total Cost": 366.18, "Plan Rows": 98, "Plan Width": 33, "Actual Startup Time": 4.171, "Actual Total Time": 4.181, "Actual Rows": 802, "Actual Loops": 1, "Output": ["supplier.s_suppkey", "n1.n_name"], "Hash Buckets": 1024, "Original Hash Buckets": 1024, "Hash Batches": 1, "Original Hash Batches": 1, "Peak Memory Usage": 44, "Plans": [{"Node Type": "Hash Join", "Parent Relationship": "Outer", "Parallel Aware": false, "Join Type": "Inner", "Startup Cost": 17.71, "Total Cost": 366.18, "Plan Rows": 98, "Plan Width": 33, "Actual Startup Time": 1.448, "Actual Total Time": 4.065, "Actual Rows": 802, "Actual Loops": 1, "Output": ["supplier.s_suppkey", "n1.n_name"], "Inner Unique": true, "Hash Cond": "(supplier.s_nationkey = n1.n_nationkey)", "Plans": [{"Node Type": "Seq Scan", "Parent Relationship": "Outer", "Parallel Aware": false, "Relation Name": "supplier", "Schema": "public", "Alias": "supplier", "Startup Cost": 0.0, "Total Cost": 322.0, "Plan Rows": 10000, "Plan Width": 8, "Actual Startup Time": 0.012, "Actual Total Time": 1.045, "Actual Rows": 10000, "Actual Loops": 1, "Output": ["supplier.s_suppkey", "supplier.s_name", "supplier.s_address", "supplier.s_nationkey", "supplier.s_phone", "supplier.s_acctbal", "supplier.s_comment"]}, {"Node Type": "Hash", "Parent Relationship": "Inner", "Parallel Aware": false, "Startup Cost": 17.65, "Total Cost": 17.65, "Plan Rows": 5, "Plan Width": 33, "Actual Startup Time": 1.42, "Actual Total Time": 1.428, "Actual Rows": 2, "Actual Loops": 1, "Output": ["n1.n_name", "n1.n_nationkey"], "Hash Buckets": 1024, "Original Hash Buckets": 1024, "Hash Batches": 1, "Original Hash Batches": 1, "Peak Memory Usage": 9, "Plans": [{"Node Type": "Seq Scan", "Parent Relationship": "Outer", "Parallel Aware": false, "Relation Name": "nation", "Schema": "public", "Alias": "n1", "Startup Cost": 0.0, "Total Cost": 17.65, "Plan Rows": 5, "Plan Width": 33, "Actual Startup Time": 0.021, "Actual Total Time": 0.029, "Actual Rows": 2, "Actual Loops": 1, "Output": ["n1.n_name", "n1.n_nationkey"], "Filter": "(((n1.n_name)::text = 'MOZAMBIQUE'::text) OR ((n1.n_name)::text = 'GERMANY'::text))", "Rows Removed by Filter": 23}]}]}]}]}]}]}, "Planning Time": 2.881, "Triggers": [], "Execution Time": 2680.999}]
q22#####[{"Plan": {"Node Type": "Aggregate", "Strategy": "Sorted", "Partial Mode": "Simple", "Parallel Aware": false, "Startup Cost": 258652.05, "Total Cost": 258655.2, "Plan Rows": 70, "Plan Width": 40, "Actual Startup Time": 2504.989, "Actual Total Time": 2505.879, "Actual Rows": 2, "Actual Loops": 1, "Output": ["(date_part('year'::text, (orders.o_orderdate)::timestamp without time zone))", "(sum(CASE WHEN ((n2.n_name)::text = 'CANADA'::text) THEN (lineitem.l_extendedprice * ('1'::numeric - lineitem.l_discount)) ELSE '0'::numeric END) / sum((lineitem.l_extendedprice * ('1'::numeric - lineitem.l_discount))))"], "Group Key": ["(date_part('year'::text, (orders.o_orderdate)::timestamp without time zone))"], "Plans": [{"Node Type": "Sort", "Parent Relationship": "Outer", "Parallel Aware": false, "Startup Cost": 258652.05, "Total Cost": 258652.22, "Plan Rows": 70, "Plan Width": 49, "Actual Startup Time": 2503.323, "Actual Total Time": 2504.515, "Actual Rows": 2619, "Actual Loops": 1, "Output": ["(date_part('year'::text, (orders.o_orderdate)::timestamp without time zone))", "n2.n_name", "lineitem.l_extendedprice", "lineitem.l_discount"], "Sort Key": ["(date_part('year'::text, (orders.o_orderdate)::timestamp without time zone))"], "Sort Method": "quicksort", "Sort Space Used": 301, "Sort Space Type": "Memory", "Plans": [{"Node Type": "Nested Loop", "Parent Relationship": "Outer", "Parallel Aware": false, "Join Type": "Inner", "Startup Cost": 63105.36, "Total Cost": 258649.9, "Plan Rows": 70, "Plan Width": 49, "Actual Startup Time": 527.391, "Actual Total Time": 2502.491, "Actual Rows": 2619, "Actual Loops": 1, "Output": ["date_part('year'::text, (orders.o_orderdate)::timestamp without time zone)", "n2.n_name", "lineitem.l_extendedprice", "lineitem.l_discount"], "Inner Unique": true, "Plans": [{"Node Type": "Hash Join", "Parent Relationship": "Outer", "Parallel Aware": false, "Join Type": "Inner", "Startup Cost": 63105.21, "Total Cost": 258637.67, "Plan Rows": 70, "Plan Width": 20, "Actual Startup Time": 527.386, "Actual Total Time": 2497.498, "Actual Rows": 2619, "Actual Loops": 1, "Output": ["lineitem.l_extendedprice", "lineitem.l_discount", "supplier.s_nationkey", "orders.o_orderdate"], "Inner Unique": false, "Hash Cond": "(lineitem.l_suppkey = supplier.s_suppkey)", "Plans": [{"Node Type": "Hash Join", "Parent Relationship": "Outer", "Parallel Aware": false, "Join Type": "Inner", "Startup Cost": 62658.21, "Total Cost": 258189.7, "Plan Rows": 70, "Plan Width": 20, "Actual Startup Time": 523.232, "Actual Total Time": 2490.451, "Actual Rows": 2619, "Actual Loops": 1, "Output": ["lineitem.l_extendedprice", "lineitem.l_discount", "lineitem.l_suppkey", "orders.o_orderdate"], "Inner Unique": false, "Hash Cond": "(lineitem.l_orderkey = orders.o_orderkey)", "Plans": [{"Node Type": "Hash Join", "Parent Relationship": "Outer", "Parallel Aware": false, "Join Type": "Inner", "Startup Cost": 6597.57, "Total Cost": 201979.17, "Plan Rows": 39785, "Plan Width": 20, "Actual Startup Time": 93.591, "Actual Total Time": 1951.03, "Actual Rows": 42452, "Actual Loops": 1, "Output": ["lineitem.l_extendedprice", "lineitem.l_discount", "lineitem.l_suppkey", "lineitem.l_orderkey"], "Inner Unique": false, "Hash Cond": "(lineitem.l_partkey = part.p_partkey)", "Plans": [{"Node Type": "Seq Scan", "Parent Relationship": "Outer", "Parallel Aware": false, "Relation Name": "lineitem", "Schema": "public", "Alias": "lineitem", "Startup Cost": 0.0, "Total Cost": 172481.09, "Plan Rows": 6000709, "Plan Width": 24, "Actual Startup Time": 0.017, "Actual Total Time": 1352.303, "Actual Rows": 6000003, "Actual Loops": 1, "Output": ["lineitem.l_orderkey", "lineitem.l_partkey", "lineitem.l_suppkey", "lineitem.l_linenumber", "lineitem.l_quantity", "lineitem.l_extendedprice", "lineitem.l_discount", "lineitem.l_tax", "lineitem.l_returnflag", "lineitem.l_linestatus", "lineitem.l_shipdate", "lineitem.l_commitdate", "lineitem.l_receiptdate", "lineitem.l_shipinstruct", "lineitem.l_shipmode", "lineitem.l_comment"]}, {"Node Type": "Hash", "Parent Relationship": "Inner", "Parallel Aware": false, "Startup Cost": 6581.0, "Total Cost": 6581.0, "Plan Rows": 1326, "Plan Width": 4, "Actual Startup Time": 93.53, "Actual Total Time": 93.533, "Actual Rows": 1415, "Actual Loops": 1, "Output": ["part.p_partkey"], "Hash Buckets": 2048, "Original Hash Buckets": 2048, "Hash Batches": 1, "Original Hash Batches": 1, "Peak Memory Usage": 66, "Plans": [{"Node Type": "Seq Scan", "Parent Relationship": "Outer", "Parallel Aware": false, "Relation Name": "part", "Schema": "public", "Alias": "part", "Startup Cost": 0.0, "Total Cost": 6581.0, "Plan Rows": 1326, "Plan Width": 4, "Actual Startup Time": 0.357, "Actual Total Time": 92.939, "Actual Rows": 1415, "Actual Loops": 1, "Output": ["part.p_partkey"], "Filter": "((part.p_type)::text = 'LARGE PLATED BRASS'::text)", "Rows Removed by Filter": 198585}]}]}, {"Node Type": "Hash", "Parent Relationship": "Inner", "Parallel Aware": false, "Startup Cost": 56027.76, "Total Cost": 56027.76, "Plan Rows": 2630, "Plan Width": 8, "Actual Startup Time": 428.84, "Actual Total Time": 429.197, "Actual Rows": 91377, "Actual Loops": 1, "Output": ["orders.o_orderdate", "orders.o_orderkey"], "Hash Buckets": 131072, "Original Hash Buckets": 4096, "Hash Batches": 2, "Original Hash Batches": 1, "Peak Memory Usage": 3073, "Plans": [{"Node Type": "Hash Join", "Parent Relationship": "Outer", "Parallel Aware": false, "Join Type": "Inner", "Startup Cost": 5700.16, "Total Cost": 56027.76, "Plan Rows": 2630, "Plan Width": 8, "Actual Startup Time": 40.181, "Actual Total Time": 408.002, "Actual Rows": 91377, "Actual Loops": 1, "Output": ["orders.o_orderdate", "orders.o_orderkey"], "Inner Unique": false, "Hash Cond": "(orders.o_custkey = customer.c_custkey)", "Plans": [{"Node Type": "Seq Scan", "Parent Relationship": "Outer", "Parallel Aware": false, "Relation Name": "orders", "Schema": "public", "Alias": "orders", "Startup Cost": 0.0, "Total Cost": 48592.0, "Plan Rows": 455817, "Plan Width": 12, "Actual Startup Time": 0.022, "Actual Total Time": 302.976, "Actual Rows": 457263, "Actual Loops": 1, "Output": ["orders.o_orderkey", "orders.o_custkey", "orders.o_orderstatus", "orders.o_totalprice", "orders.o_orderdate", "orders.o_orderpriority", "orders.o_clerk", "orders.o_shippriority", "orders.o_comment"], "Filter": "((orders.o_orderdate >= '1995-01-01'::date) AND (orders.o_orderdate <= '1996-12-31'::date))", "Rows Removed by Filter": 1042737}, {"Node Type": "Hash", "Parent Relationship": "Inner", "Parallel Aware": false, "Startup Cost": 5689.34, "Total Cost": 5689.34, "Plan Rows": 865, "Plan Width": 4, "Actual Startup Time": 40.149, "Actual Total Time": 40.289, "Actual Rows": 29952, "Actual Loops": 1, "Output": ["customer.c_custkey"], "Hash Buckets": 32768, "Original Hash Buckets": 1024, "Hash Batches": 1, "Original Hash Batches": 1, "Peak Memory Usage": 1309, "Plans": [{"Node Type": "Hash Join", "Parent Relationship": "Outer", "Parallel Aware": false, "Join Type": "Inner", "Startup Cost": 33.02, "Total Cost": 5689.34, "Plan Rows": 865, "Plan Width": 4, "Actual Startup Time": 0.076, "Actual Total Time": 37.696, "Actual Rows": 29952, "Actual Loops": 1, "Output": ["customer.c_custkey"], "Inner Unique": false, "Hash Cond": "(customer.c_nationkey = n1.n_nationkey)", "Plans": [{"Node Type": "Seq Scan", "Parent Relationship": "Outer", "Parallel Aware": false, "Relation Name": "customer", "Schema": "public", "Alias": "customer", "Startup Cost": 0.0, "Total Cost": 5085.0, "Plan Rows": 150000, "Plan Width": 8, "Actual Startup Time": 0.003, "Actual Total Time": 7.069, "Actual Rows": 150000, "Actual Loops": 1, "Output": ["customer.c_custkey", "customer.c_name", "customer.c_address", "customer.c_nationkey", "customer.c_phone", "customer.c_acctbal", "customer.c_mktsegment", "customer.c_comment"]}, {"Node Type": "Hash", "Parent Relationship": "Inner", "Parallel Aware": false, "Startup Cost": 32.99, "Total Cost": 32.99, "Plan Rows": 3, "Plan Width": 4, "Actual Startup Time": 0.055, "Actual Total Time": 0.181, "Actual Rows": 5, "Actual Loops": 1, "Output": ["n1.n_nationkey"], "Hash Buckets": 1024, "Original Hash Buckets": 1024, "Hash Batches": 1, "Original Hash Batches": 1, "Peak Memory Usage": 9, "Plans": [{"Node Type": "Hash Join", "Parent Relationship": "Outer", "Parallel Aware": false, "Join Type": "Inner", "Startup Cost": 16.54, "Total Cost": 32.99, "Plan Rows": 3, "Plan Width": 4, "Actual Startup Time": 0.047, "Actual Total Time": 0.079, "Actual Rows": 5, "Actual Loops": 1, "Output": ["n1.n_nationkey"], "Inner Unique": true, "Hash Cond": "(n1.n_regionkey = region.r_regionkey)", "Plans": [{"Node Type": "Seq Scan", "Parent Relationship": "Outer", "Parallel Aware": false, "Relation Name": "nation", "Schema": "public", "Alias": "n1", "Startup Cost": 0.0, "Total Cost": 15.1, "Plan Rows": 510, "Plan Width": 8, "Actual Startup Time": 0.004, "Actual Total Time": 0.005, "Actual Rows": 25, "Actual Loops": 1, "Output": ["n1.n_nationkey", "n1.n_name", "n1.n_regionkey", "n1.n_comment"]}, {"Node Type": "Hash", "Parent Relationship": "Inner", "Parallel Aware": false, "Startup Cost": 16.5, "Total Cost": 16.5, "Plan Rows": 3, "Plan Width": 4, "Actual Startup Time": 0.029, "Actual Total Time": 0.046, "Actual Rows": 1, "Actual Loops": 1, "Output": ["region.r_regionkey"], "Hash Buckets": 1024, "Original Hash Buckets": 1024, "Hash Batches": 1, "Original Hash Batches": 1, "Peak Memory Usage": 9, "Plans": [{"Node Type": "Seq Scan", "Parent Relationship": "Outer", "Parallel Aware": false, "Relation Name": "region", "Schema": "public", "Alias": "region", "Startup Cost": 0.0, "Total Cost": 16.5, "Plan Rows": 3, "Plan Width": 4, "Actual Startup Time": 0.023, "Actual Total Time": 0.034, "Actual Rows": 1, "Actual Loops": 1, "Output": ["region.r_regionkey"], "Filter": "((region.r_name)::text = 'AMERICA'::text)", "Rows Removed by Filter": 4}]}]}]}]}]}]}]}]}, {"Node Type": "Hash", "Parent Relationship": "Inner", "Parallel Aware": false, "Startup Cost": 322.0, "Total Cost": 322.0, "Plan Rows": 10000, "Plan Width": 8, "Actual Startup Time": 4.064, "Actual Total Time": 4.064, "Actual Rows": 10000, "Actual Loops": 1, "Output": ["supplier.s_suppkey", "supplier.s_nationkey"], "Hash Buckets": 16384, "Original Hash Buckets": 16384, "Hash Batches": 1, "Original Hash Batches": 1, "Peak Memory Usage": 519, "Plans": [{"Node Type": "Seq Scan", "Parent Relationship": "Outer", "Parallel Aware": false, "Relation Name": "supplier", "Schema": "public", "Alias": "supplier", "Startup Cost": 0.0, "Total Cost": 322.0, "Plan Rows": 10000, "Plan Width": 8, "Actual Startup Time": 0.017, "Actual Total Time": 2.992, "Actual Rows": 10000, "Actual Loops": 1, "Output": ["supplier.s_suppkey", "supplier.s_nationkey"]}]}]}, {"Node Type": "Index Scan", "Parent Relationship": "Inner", "Parallel Aware": false, "Scan Direction": "Forward", "Index Name": "nation_pkey", "Relation Name": "nation", "Schema": "public", "Alias": "n2", "Startup Cost": 0.15, "Total Cost": 0.17, "Plan Rows": 1, "Plan Width": 33, "Actual Startup Time": 0.001, "Actual Total Time": 0.001, "Actual Rows": 1, "Actual Loops": 2619, "Output": ["n2.n_nationkey", "n2.n_name", "n2.n_regionkey", "n2.n_comment"], "Index Cond": "(n2.n_nationkey = supplier.s_nationkey)", "Rows Removed by Index Recheck": 0}]}]}]}, "Planning Time": 1.442, "Triggers": [], "Execution Time": 2508.638}]
q1#####[{"Plan": {"Node Type": "Aggregate", "Strategy": "Sorted", "Partial Mode": "Simple", "Parallel Aware": false, "Startup Cost": 262533.93, "Total Cost": 262537.04, "Plan Rows": 89, "Plan Width": 98, "Actual Startup Time": 21615.575, "Actual Total Time": 21619.282, "Actual Rows": 4, "Actual Loops": 1, "Output": ["n1.n_name", "n2.n_name", "(date_part('year'::text, (lineitem.l_shipdate)::timestamp without time zone))", "sum((lineitem.l_extendedprice * ('1'::numeric - lineitem.l_discount)))"], "Group Key": ["n1.n_name", "n2.n_name", "(date_part('year'::text, (lineitem.l_shipdate)::timestamp without time zone))"], "Plans": [{"Node Type": "Sort", "Parent Relationship": "Outer", "Parallel Aware": false, "Startup Cost": 262533.93, "Total Cost": 262534.15, "Plan Rows": 89, "Plan Width": 78, "Actual Startup Time": 21610.126, "Actual Total Time": 21611.484, "Actual Rows": 5935, "Actual Loops": 1, "Output": ["n1.n_name", "n2.n_name", "(date_part('year'::text, (lineitem.l_shipdate)::timestamp without time zone))", "lineitem.l_extendedprice", "lineitem.l_discount"], "Sort Key": ["n1.n_name", "n2.n_name", "(date_part('year'::text, (lineitem.l_shipdate)::timestamp without time zone))"], "Sort Method": "quicksort", "Sort Space Used": 656, "Sort Space Type": "Memory", "Plans": [{"Node Type": "Hash Join", "Parent Relationship": "Outer", "Parallel Aware": false, "Join Type": "Inner", "Startup Cost": 52933.46, "Total Cost": 262531.05, "Plan Rows": 89, "Plan Width": 78, "Actual Startup Time": 7758.537, "Actual Total Time": 21590.14, "Actual Rows": 5935, "Actual Loops": 1, "Output": ["n1.n_name", "n2.n_name", "date_part('year'::text, (lineitem.l_shipdate)::timestamp without time zone)", "lineitem.l_extendedprice", "lineitem.l_discount"], "Inner Unique": false, "Hash Cond": "(lineitem.l_suppkey = supplier.s_suppkey)", "Join Filter": "((((n1.n_name)::text = 'ALGERIA'::text) AND ((n2.n_name)::text = 'SAUDI ARABIA'::text)) OR (((n1.n_name)::text = 'SAUDI ARABIA'::text) AND ((n2.n_name)::text = 'ALGERIA'::text)))", "Rows Removed by Join Filter": 5989, "Plans": [{"Node Type": "Hash Join", "Parent Relationship": "Outer", "Parallel Aware": false, "Join Type": "Inner", "Startup Cost": 52566.05, "Total Cost": 262156.04, "Plan Rows": 1810, "Plan Width": 49, "Actual Startup Time": 7753.831, "Actual Total Time": 21512.199, "Actual Rows": 143218, "Actual Loops": 1, "Output": ["lineitem.l_shipdate", "lineitem.l_extendedprice", "lineitem.l_discount", "lineitem.l_suppkey", "n2.n_name"], "Inner Unique": false, "Hash Cond": "(lineitem.l_orderkey = orders.o_orderkey)", "Plans": [{"Node Type": "Seq Scan", "Parent Relationship": "Outer", "Parallel Aware": false, "Relation Name": "lineitem", "Schema": "public", "Alias": "lineitem", "Startup Cost": 0.0, "Total Cost": 202484.64, "Plan Rows": 1846489, "Plan Width": 24, "Actual Startup Time": 0.009, "Actual Total Time": 9089.227, "Actual Rows": 1827668, "Actual Loops": 1, "Output": ["lineitem.l_orderkey", "lineitem.l_partkey", "lineitem.l_suppkey", "lineitem.l_linenumber", "lineitem.l_quantity", "lineitem.l_extendedprice", "lineitem.l_discount", "lineitem.l_tax", "lineitem.l_returnflag", "lineitem.l_linestatus", "lineitem.l_shipdate", "lineitem.l_commitdate", "lineitem.l_receiptdate", "lineitem.l_shipinstruct", "lineitem.l_shipmode", "lineitem.l_comment"], "Filter": "((lineitem.l_shipdate >= '1995-01-01'::date) AND (lineitem.l_shipdate <= '1996-12-31'::date))", "Rows Removed by Filter": 4172335}, {"Node Type": "Hash", "Parent Relationship": "Inner", "Parallel Aware": false, "Startup Cost": 52382.22, "Total Cost": 52382.22, "Plan Rows": 14706, "Plan Width": 33, "Actual Startup Time": 7742.376, "Actual Total Time": 7743.057, "Actual Rows": 117730, "Actual Loops": 1, "Output": ["orders.o_orderkey", "n2.n_name"], "Hash Buckets": 131072, "Original Hash Buckets": 16384, "Hash Batches": 2, "Original Hash Batches": 1, "Peak Memory Usage": 3696, "Plans": [{"Node Type": "Hash Join", "Parent Relationship": "Outer", "Parallel Aware": false, "Join Type": "Inner", "Startup Cost": 5518.12, "Total Cost": 52382.22, "Plan Rows": 14706, "Plan Width": 33, "Actual Startup Time": 1871.747, "Actual Total Time": 7378.837, "Actual Rows": 117730, "Actual Loops": 1, "Output": ["orders.o_orderkey", "n2.n_name"], "Inner Unique": false, "Hash Cond": "(orders.o_custkey = customer.c_custkey)", "Plans": [{"Node Type": "Seq Scan", "Parent Relationship": "Outer", "Parallel Aware": false, "Relation Name": "orders", "Schema": "public", "Alias": "orders", "Startup Cost": 0.0, "Total Cost": 41092.0, "Plan Rows": 1500000, "Plan Width": 8, "Actual Startup Time": 0.005, "Actual Total Time": 5125.167, "Actual Rows": 1500000, "Actual Loops": 1, "Output": ["orders.o_orderkey", "orders.o_custkey", "orders.o_orderstatus", "orders.o_totalprice", "orders.o_orderdate", "orders.o_orderpriority", "orders.o_clerk", "orders.o_shippriority", "orders.o_comment"]}, {"Node Type": "Hash", "Parent Relationship": "Inner", "Parallel Aware": false, "Startup Cost": 5499.73, "Total Cost": 5499.73, "Plan Rows": 1471, "Plan Width": 33, "Actual Startup Time": 1871.45, "Actual Total Time": 1872.077, "Actual Rows": 11829, "Actual Loops": 1, "Output": ["customer.c_custkey", "n2.n_name"], "Hash Buckets": 16384, "Original Hash Buckets": 2048, "Hash Batches": 1, "Original Hash Batches": 1, "Peak Memory Usage": 666, "Plans": [{"Node Type": "Hash Join", "Parent Relationship": "Outer", "Parallel Aware": false, "Join Type": "Inner", "Startup Cost": 17.71, "Total Cost": 5499.73, "Plan Rows": 1471, "Plan Width": 33, "Actual Startup Time": 0.046, "Actual Total Time": 1841.653, "Actual Rows": 11829, "Actual Loops": 1, "Output": ["customer.c_custkey", "n2.n_name"], "Inner Unique": true, "Hash Cond": "(customer.c_nationkey = n2.n_nationkey)", "Plans": [{"Node Type": "Seq Scan", "Parent Relationship": "Outer", "Parallel Aware": false, "Relation Name": "customer", "Schema": "public", "Alias": "customer", "Startup Cost": 0.0, "Total Cost": 5085.0, "Plan Rows": 150000, "Plan Width": 8, "Actual Startup Time": 0.002, "Actual Total Time": 1805.425, "Actual Rows": 150000, "Actual Loops": 1, "Output": ["customer.c_custkey", "customer.c_name", "customer.c_address", "customer.c_nationkey", "customer.c_phone", "customer.c_acctbal", "customer.c_mktsegment", "customer.c_comment"]}, {"Node Type": "Hash", "Parent Relationship": "Inner", "Parallel Aware": false, "Startup Cost": 17.65, "Total Cost": 17.65, "Plan Rows": 5, "Plan Width": 33, "Actual Startup Time": 0.01, "Actual Total Time": 0.349, "Actual Rows": 2, "Actual Loops": 1, "Output": ["n2.n_name", "n2.n_nationkey"], "Hash Buckets": 1024, "Original Hash Buckets": 1024, "Hash Batches": 1, "Original Hash Batches": 1, "Peak Memory Usage": 9, "Plans": [{"Node Type": "Seq Scan", "Parent Relationship": "Outer", "Parallel Aware": false, "Relation Name": "nation", "Schema": "public", "Alias": "n2", "Startup Cost": 0.0, "Total Cost": 17.65, "Plan Rows": 5, "Plan Width": 33, "Actual Startup Time": 0.003, "Actual Total Time": 0.328, "Actual Rows": 2, "Actual Loops": 1, "Output": ["n2.n_name", "n2.n_nationkey"], "Filter": "(((n2.n_name)::text = 'SAUDI ARABIA'::text) OR ((n2.n_name)::text = 'ALGERIA'::text))", "Rows Removed by Filter": 23}]}]}]}]}]}]}, {"Node Type": "Hash", "Parent Relationship": "Inner", "Parallel Aware": false, "Startup Cost": 366.18, "Total Cost": 366.18, "Plan Rows": 98, "Plan Width": 33, "Actual Startup Time": 2.485, "Actual Total Time": 2.538, "Actual Rows": 831, "Actual Loops": 1, "Output": ["supplier.s_suppkey", "n1.n_name"], "Hash Buckets": 1024, "Original Hash Buckets": 1024, "Hash Batches": 1, "Original Hash Batches": 1, "Peak Memory Usage": 46, "Plans": [{"Node Type": "Hash Join", "Parent Relationship": "Outer", "Parallel Aware": false, "Join Type": "Inner", "Startup Cost": 17.71, "Total Cost": 366.18, "Plan Rows": 98, "Plan Width": 33, "Actual Startup Time": 0.258, "Actual Total Time": 2.199, "Actual Rows": 831, "Actual Loops": 1, "Output": ["supplier.s_suppkey", "n1.n_name"], "Inner Unique": true, "Hash Cond": "(supplier.s_nationkey = n1.n_nationkey)", "Plans": [{"Node Type": "Seq Scan", "Parent Relationship": "Outer", "Parallel Aware": false, "Relation Name": "supplier", "Schema": "public", "Alias": "supplier", "Startup Cost": 0.0, "Total Cost": 322.0, "Plan Rows": 10000, "Plan Width": 8, "Actual Startup Time": 0.008, "Actual Total Time": 0.781, "Actual Rows": 10000, "Actual Loops": 1, "Output": ["supplier.s_suppkey", "supplier.s_name", "supplier.s_address", "supplier.s_nationkey", "supplier.s_phone", "supplier.s_acctbal", "supplier.s_comment"]}, {"Node Type": "Hash", "Parent Relationship": "Inner", "Parallel Aware": false, "Startup Cost": 17.65, "Total Cost": 17.65, "Plan Rows": 5, "Plan Width": 33, "Actual Startup Time": 0.217, "Actual Total Time": 0.221, "Actual Rows": 2, "Actual Loops": 1, "Output": ["n1.n_name", "n1.n_nationkey"], "Hash Buckets": 1024, "Original Hash Buckets": 1024, "Hash Batches": 1, "Original Hash Batches": 1, "Peak Memory Usage": 9, "Plans": [{"Node Type": "Seq Scan", "Parent Relationship": "Outer", "Parallel Aware": false, "Relation Name": "nation", "Schema": "public", "Alias": "n1", "Startup Cost": 0.0, "Total Cost": 17.65, "Plan Rows": 5, "Plan Width": 33, "Actual Startup Time": 0.006, "Actual Total Time": 0.012, "Actual Rows": 2, "Actual Loops": 1, "Output": ["n1.n_name", "n1.n_nationkey"], "Filter": "(((n1.n_name)::text = 'ALGERIA'::text) OR ((n1.n_name)::text = 'SAUDI ARABIA'::text))", "Rows Removed by Filter": 23}]}]}]}]}]}]}, "Planning Time": 4.618, "Triggers": [], "Execution Time": 21623.294}]
q2#####[{"Plan": {"Node Type": "Sort", "Parallel Aware": false, "Startup Cost": 3218449.44, "Total Cost": 3232981.19, "Plan Rows": 5812700, "Plan Width": 205, "Actual Startup Time": 19865.706, "Actual Total Time": 19895.291, "Actual Rows": 38937, "Actual Loops": 1, "Output": ["customer.c_custkey", "customer.c_name", "(sum((lineitem.l_extendedprice * ('1'::numeric - lineitem.l_discount))))", "customer.c_acctbal", "nation.n_name", "customer.c_address", "customer.c_phone", "customer.c_comment"], "Sort Key": ["(sum((lineitem.l_extendedprice * ('1'::numeric - lineitem.l_discount)))) DESC"], "Sort Method": "external merge", "Sort Space Used": 6584, "Sort Space Type": "Disk", "Plans": [{"Node Type": "Aggregate", "Strategy": "Sorted", "Partial Mode": "Simple", "Parent Relationship": "Outer", "Parallel Aware": false, "Startup Cost": 278842.23, "Total Cost": 836881.01, "Plan Rows": 5812700, "Plan Width": 205, "Actual Startup Time": 18696.216, "Actual Total Time": 19733.064, "Actual Rows": 38937, "Actual Loops": 1, "Output": ["customer.c_custkey", "customer.c_name", "sum((lineitem.l_extendedprice * ('1'::numeric - lineitem.l_discount)))", "customer.c_acctbal", "nation.n_name", "customer.c_address", "customer.c_phone", "customer.c_comment"], "Group Key": ["customer.c_custkey", "customer.c_name", "customer.c_acctbal", "customer.c_phone", "nation.n_name", "customer.c_address", "customer.c_comment"], "Plans": [{"Node Type": "Incremental Sort", "Parent Relationship": "Outer", "Parallel Aware": false, "Startup Cost": 278842.23, "Total Cost": 618904.76, "Plan Rows": 5812700, "Plan Width": 185, "Actual Startup Time": 18696.172, "Actual Total Time": 19542.937, "Actual Rows": 115038, "Actual Loops": 1, "Output": ["customer.c_custkey", "customer.c_name", "customer.c_acctbal", "nation.n_name", "customer.c_address", "customer.c_phone", "customer.c_comment", "lineitem.l_extendedprice", "lineitem.l_discount"], "Sort Key": ["customer.c_custkey", "customer.c_name", "customer.c_acctbal", "customer.c_phone", "nation.n_name", "customer.c_address", "customer.c_comment"], "Presorted Key": ["customer.c_custkey"], "Full-sort Groups": {"Group Count": 3422, "Sort Methods Used": ["quicksort"], "Sort Space Memory": {"Average Sort Space Used": 33, "Peak Sort Space Used": 33}}, "Plans": [{"Node Type": "Merge Join", "Parent Relationship": "Outer", "Parallel Aware": false, "Join Type": "Inner", "Startup Cost": 278840.52, "Total Cost": 280462.42, "Plan Rows": 5812700, "Plan Width": 185, "Actual Startup Time": 18694.195, "Actual Total Time": 19435.581, "Actual Rows": 115038, "Actual Loops": 1, "Output": ["customer.c_custkey", "customer.c_name", "customer.c_acctbal", "nation.n_name", "customer.c_address", "customer.c_phone", "customer.c_comment", "lineitem.l_extendedprice", "lineitem.l_discount"], "Inner Unique": false, "Merge Cond": "(customer.c_custkey = orders.o_custkey)", "Plans": [{"Node Type": "Sort", "Parent Relationship": "Outer", "Parallel Aware": false, "Startup Cost": 31219.95, "Total Cost": 31594.95, "Plan Rows": 150000, "Plan Width": 173, "Actual Startup Time": 1321.375, "Actual Total Time": 1950.19, "Actual Rows": 150000, "Actual Loops": 1, "Output": ["customer.c_custkey", "customer.c_name", "customer.c_acctbal", "customer.c_address", "customer.c_phone", "customer.c_comment", "nation.n_name"], "Sort Key": ["customer.c_custkey"], "Sort Method": "external merge", "Sort Space Used": 24056, "Sort Space Type": "Disk", "Plans": [{"Node Type": "Hash Join", "Parent Relationship": "Outer", "Parallel Aware": false, "Join Type": "Inner", "Startup Cost": 21.48, "Total Cost": 5503.5, "Plan Rows": 150000, "Plan Width": 173, "Actual Startup Time": 1.133, "Actual Total Time": 418.957, "Actual Rows": 150000, "Actual Loops": 1, "Output": ["customer.c_custkey", "customer.c_name", "customer.c_acctbal", "customer.c_address", "customer.c_phone", "customer.c_comment", "nation.n_name"], "Inner Unique": true, "Hash Cond": "(customer.c_nationkey = nation.n_nationkey)", "Plans": [{"Node Type": "Seq Scan", "Parent Relationship": "Outer", "Parallel Aware": false, "Relation Name": "customer", "Schema": "public", "Alias": "customer", "Startup Cost": 0.0, "Total Cost": 5085.0, "Plan Rows": 150000, "Plan Width": 148, "Actual Startup Time": 0.013, "Actual Total Time": 376.255, "Actual Rows": 150000, "Actual Loops": 1, "Output": ["customer.c_custkey", "customer.c_name", "customer.c_address", "customer.c_nationkey", "customer.c_phone", "customer.c_acctbal", "customer.c_mktsegment", "customer.c_comment"]}, {"Node Type": "Hash", "Parent Relationship": "Inner", "Parallel Aware": false, "Startup Cost": 15.1, "Total Cost": 15.1, "Plan Rows": 510, "Plan Width": 33, "Actual Startup Time": 0.017, "Actual Total Time": 0.029, "Actual Rows": 25, "Actual Loops": 1, "Output": ["nation.n_name", "nation.n_nationkey"], "Hash Buckets": 1024, "Original Hash Buckets": 1024, "Hash Batches": 1, "Original Hash Batches": 1, "Peak Memory Usage": 10, "Plans": [{"Node Type": "Seq Scan", "Parent Relationship": "Outer", "Parallel Aware": false, "Relation Name": "nation", "Schema": "public", "Alias": "nation", "Startup Cost": 0.0, "Total Cost": 15.1, "Plan Rows": 510, "Plan Width": 33, "Actual Startup Time": 0.005, "Actual Total Time": 0.009, "Actual Rows": 25, "Actual Loops": 1, "Output": ["nation.n_name", "nation.n_nationkey"]}]}]}]}, {"Node Type": "Sort", "Parent Relationship": "Inner", "Parallel Aware": false, "Startup Cost": 247620.57, "Total Cost": 247765.89, "Plan Rows": 58127, "Plan Width": 16, "Actual Startup Time": 17372.181, "Actual Total Time": 17412.899, "Actual Rows": 115038, "Actual Loops": 1, "Output": ["orders.o_custkey", "lineitem.l_extendedprice", "lineitem.l_discount"], "Sort Key": ["orders.o_custkey"], "Sort Method": "external sort", "Sort Space Used": 3552, "Sort Space Type": "Disk", "Plans": [{"Node Type": "Hash Join", "Parent Relationship": "Outer", "Parallel Aware": false, "Join Type": "Inner", "Startup Cost": 49316.66, "Total Cost": 243020.71, "Plan Rows": 58127, "Plan Width": 16, "Actual Startup Time": 5842.726, "Actual Total Time": 17031.464, "Actual Rows": 115038, "Actual Loops": 1, "Output": ["orders.o_custkey", "lineitem.l_extendedprice", "lineitem.l_discount"], "Inner Unique": false, "Hash Cond": "(lineitem.l_orderkey = orders.o_orderkey)", "Plans": [{"Node Type": "Seq Scan", "Parent Relationship": "Outer", "Parallel Aware": false, "Relation Name": "lineitem", "Schema": "public", "Alias": "lineitem", "Startup Cost": 0.0, "Total Cost": 187482.86, "Plan Rows": 1503978, "Plan Width": 16, "Actual Startup Time": 0.014, "Actual Total Time": 10658.488, "Actual Rows": 1479175, "Actual Loops": 1, "Output": ["lineitem.l_orderkey", "lineitem.l_partkey", "lineitem.l_suppkey", "lineitem.l_linenumber", "lineitem.l_quantity", "lineitem.l_extendedprice", "lineitem.l_discount", "lineitem.l_tax", "lineitem.l_returnflag", "lineitem.l_linestatus", "lineitem.l_shipdate", "lineitem.l_commitdate", "lineitem.l_receiptdate", "lineitem.l_shipinstruct", "lineitem.l_shipmode", "lineitem.l_comment"], "Filter": "(lineitem.l_returnflag = 'R'::bpchar)", "Rows Removed by Filter": 4520828}, {"Node Type": "Hash", "Parent Relationship": "Inner", "Parallel Aware": false, "Startup Cost": 48592.0, "Total Cost": 48592.0, "Plan Rows": 57973, "Plan Width": 8, "Actual Startup Time": 5832.178, "Actual Total Time": 5832.179, "Actual Rows": 57425, "Actual Loops": 1, "Output": ["orders.o_custkey", "orders.o_orderkey"], "Hash Buckets": 65536, "Original Hash Buckets": 65536, "Hash Batches": 1, "Original Hash Batches": 1, "Peak Memory Usage": 2756, "Plans": [{"Node Type": "Seq Scan", "Parent Relationship": "Outer", "Parallel Aware": false, "Relation Name": "orders", "Schema": "public", "Alias": "orders", "Startup Cost": 0.0, "Total Cost": 48592.0, "Plan Rows": 57973, "Plan Width": 8, "Actual Startup Time": 0.018, "Actual Total Time": 5724.113, "Actual Rows": 57425, "Actual Loops": 1, "Output": ["orders.o_custkey", "orders.o_orderkey"], "Filter": "((orders.o_orderdate >= '1993-06-05'::date) AND (orders.o_orderdate < '1993-09-05 00:00:00'::timestamp without time zone))", "Rows Removed by Filter": 1442575}]}]}]}]}]}]}]}, "Planning Time": 22.723, "Triggers": [], "Execution Time": 19908.594}]
q3#####[{"Plan": {"Node Type": "Aggregate", "Strategy": "Sorted", "Partial Mode": "Simple", "Parallel Aware": false, "Startup Cost": 262533.93, "Total Cost": 262537.04, "Plan Rows": 89, "Plan Width": 98, "Actual Startup Time": 19319.089, "Actual Total Time": 19326.241, "Actual Rows": 4, "Actual Loops": 1, "Output": ["n1.n_name", "n2.n_name", "(date_part('year'::text, (lineitem.l_shipdate)::timestamp without time zone))", "sum((lineitem.l_extendedprice * ('1'::numeric - lineitem.l_discount)))"], "Group Key": ["n1.n_name", "n2.n_name", "(date_part('year'::text, (lineitem.l_shipdate)::timestamp without time zone))"], "Plans": [{"Node Type": "Sort", "Parent Relationship": "Outer", "Parallel Aware": false, "Startup Cost": 262533.93, "Total Cost": 262534.15, "Plan Rows": 89, "Plan Width": 78, "Actual Startup Time": 19318.687, "Actual Total Time": 19321.244, "Actual Rows": 6014, "Actual Loops": 1, "Output": ["n1.n_name", "n2.n_name", "(date_part('year'::text, (lineitem.l_shipdate)::timestamp without time zone))", "lineitem.l_extendedprice", "lineitem.l_discount"], "Sort Key": ["n1.n_name", "n2.n_name", "(date_part('year'::text, (lineitem.l_shipdate)::timestamp without time zone))"], "Sort Method": "quicksort", "Sort Space Used": 662, "Sort Space Type": "Memory", "Plans": [{"Node Type": "Hash Join", "Parent Relationship": "Outer", "Parallel Aware": false, "Join Type": "Inner", "Startup Cost": 52933.46, "Total Cost": 262531.05, "Plan Rows": 89, "Plan Width": 78, "Actual Startup Time": 5992.367, "Actual Total Time": 19309.404, "Actual Rows": 6014, "Actual Loops": 1, "Output": ["n1.n_name", "n2.n_name", "date_part('year'::text, (lineitem.l_shipdate)::timestamp without time zone)", "lineitem.l_extendedprice", "lineitem.l_discount"], "Inner Unique": false, "Hash Cond": "(lineitem.l_suppkey = supplier.s_suppkey)", "Join Filter": "((((n1.n_name)::text = 'ALGERIA'::text) AND ((n2.n_name)::text = 'EGYPT'::text)) OR (((n1.n_name)::text = 'EGYPT'::text) AND ((n2.n_name)::text = 'ALGERIA'::text)))", "Rows Removed by Join Filter": 6077, "Plans": [{"Node Type": "Hash Join", "Parent Relationship": "Outer", "Parallel Aware": false, "Join Type": "Inner", "Startup Cost": 52566.05, "Total Cost": 262156.04, "Plan Rows": 1810, "Plan Width": 49, "Actual Startup Time": 5987.908, "Actual Total Time": 19206.919, "Actual Rows": 144353, "Actual Loops": 1, "Output": ["lineitem.l_shipdate", "lineitem.l_extendedprice", "lineitem.l_discount", "lineitem.l_suppkey", "n2.n_name"], "Inner Unique": false, "Hash Cond": "(lineitem.l_orderkey = orders.o_orderkey)", "Plans": [{"Node Type": "Seq Scan", "Parent Relationship": "Outer", "Parallel Aware": false, "Relation Name": "lineitem", "Schema": "public", "Alias": "lineitem", "Startup Cost": 0.0, "Total Cost": 202484.64, "Plan Rows": 1846489, "Plan Width": 24, "Actual Startup Time": 0.016, "Actual Total Time": 8781.555, "Actual Rows": 1827668, "Actual Loops": 1, "Output": ["lineitem.l_orderkey", "lineitem.l_partkey", "lineitem.l_suppkey", "lineitem.l_linenumber", "lineitem.l_quantity", "lineitem.l_extendedprice", "lineitem.l_discount", "lineitem.l_tax", "lineitem.l_returnflag", "lineitem.l_linestatus", "lineitem.l_shipdate", "lineitem.l_commitdate", "lineitem.l_receiptdate", "lineitem.l_shipinstruct", "lineitem.l_shipmode", "lineitem.l_comment"], "Filter": "((lineitem.l_shipdate >= '1995-01-01'::date) AND (lineitem.l_shipdate <= '1996-12-31'::date))", "Rows Removed by Filter": 4172335}, {"Node Type": "Hash", "Parent Relationship": "Inner", "Parallel Aware": false, "Startup Cost": 52382.22, "Total Cost": 52382.22, "Plan Rows": 14706, "Plan Width": 33, "Actual Startup Time": 5987.133, "Actual Total Time": 5989.209, "Actual Rows": 118964, "Actual Loops": 1, "Output": ["orders.o_orderkey", "n2.n_name"], "Hash Buckets": 131072, "Original Hash Buckets": 16384, "Hash Batches": 2, "Original Hash Batches": 1, "Peak Memory Usage": 3525, "Plans": [{"Node Type": "Hash Join", "Parent Relationship": "Outer", "Parallel Aware": false, "Join Type": "Inner", "Startup Cost": 5518.12, "Total Cost": 52382.22, "Plan Rows": 14706, "Plan Width": 33, "Actual Startup Time": 96.916, "Actual Total Time": 5764.542, "Actual Rows": 118964, "Actual Loops": 1, "Output": ["orders.o_orderkey", "n2.n_name"], "Inner Unique": false, "Hash Cond": "(orders.o_custkey = customer.c_custkey)", "Plans": [{"Node Type": "Seq Scan", "Parent Relationship": "Outer", "Parallel Aware": false, "Relation Name": "orders", "Schema": "public", "Alias": "orders", "Startup Cost": 0.0, "Total Cost": 41092.0, "Plan Rows": 1500000, "Plan Width": 8, "Actual Startup Time": 0.009, "Actual Total Time": 5350.869, "Actual Rows": 1500000, "Actual Loops": 1, "Output": ["orders.o_orderkey", "orders.o_custkey", "orders.o_orderstatus", "orders.o_totalprice", "orders.o_orderdate", "orders.o_orderpriority", "orders.o_clerk", "orders.o_shippriority", "orders.o_comment"]}, {"Node Type": "Hash", "Parent Relationship": "Inner", "Parallel Aware": false, "Startup Cost": 5499.73, "Total Cost": 5499.73, "Plan Rows": 1471, "Plan Width": 33, "Actual Startup Time": 96.893, "Actual Total Time": 97.115, "Actual Rows": 11920, "Actual Loops": 1, "Output": ["customer.c_custkey", "n2.n_name"], "Hash Buckets": 16384, "Original Hash Buckets": 2048, "Hash Batches": 1, "Original Hash Batches": 1, "Peak Memory Usage": 629, "Plans": [{"Node Type": "Hash Join", "Parent Relationship": "Outer", "Parallel Aware": false, "Join Type": "Inner", "Startup Cost": 17.71, "Total Cost": 5499.73, "Plan Rows": 1471, "Plan Width": 33, "Actual Startup Time": 0.021, "Actual Total Time": 86.202, "Actual Rows": 11920, "Actual Loops": 1, "Output": ["customer.c_custkey", "n2.n_name"], "Inner Unique": true, "Hash Cond": "(customer.c_nationkey = n2.n_nationkey)", "Plans": [{"Node Type": "Seq Scan", "Parent Relationship": "Outer", "Parallel Aware": false, "Relation Name": "customer", "Schema": "public", "Alias": "customer", "Startup Cost": 0.0, "Total Cost": 5085.0, "Plan Rows": 150000, "Plan Width": 8, "Actual Startup Time": 0.002, "Actual Total Time": 26.256, "Actual Rows": 150000, "Actual Loops": 1, "Output": ["customer.c_custkey", "customer.c_name", "customer.c_address", "customer.c_nationkey", "customer.c_phone", "customer.c_acctbal", "customer.c_mktsegment", "customer.c_comment"]}, {"Node Type": "Hash", "Parent Relationship": "Inner", "Parallel Aware": false, "Startup Cost": 17.65, "Total Cost": 17.65, "Plan Rows": 5, "Plan Width": 33, "Actual Startup Time": 0.005, "Actual Total Time": 0.014, "Actual Rows": 2, "Actual Loops": 1, "Output": ["n2.n_name", "n2.n_nationkey"], "Hash Buckets": 1024, "Original Hash Buckets": 1024, "Hash Batches": 1, "Original Hash Batches": 1, "Peak Memory Usage": 9, "Plans": [{"Node Type": "Seq Scan", "Parent Relationship": "Outer", "Parallel Aware": false, "Relation Name": "nation", "Schema": "public", "Alias": "n2", "Startup Cost": 0.0, "Total Cost": 17.65, "Plan Rows": 5, "Plan Width": 33, "Actual Startup Time": 0.003, "Actual Total Time": 0.004, "Actual Rows": 2, "Actual Loops": 1, "Output": ["n2.n_name", "n2.n_nationkey"], "Filter": "(((n2.n_name)::text = 'EGYPT'::text) OR ((n2.n_name)::text = 'ALGERIA'::text))", "Rows Removed by Filter": 23}]}]}]}]}]}]}, {"Node Type": "Hash", "Parent Relationship": "Inner", "Parallel Aware": false, "Startup Cost": 366.18, "Total Cost": 366.18, "Plan Rows": 98, "Plan Width": 33, "Actual Startup Time": 1.972, "Actual Total Time": 1.974, "Actual Rows": 835, "Actual Loops": 1, "Output": ["supplier.s_suppkey", "n1.n_name"], "Hash Buckets": 1024, "Original Hash Buckets": 1024, "Hash Batches": 1, "Original Hash Batches": 1, "Peak Memory Usage": 44, "Plans": [{"Node Type": "Hash Join", "Parent Relationship": "Outer", "Parallel Aware": false, "Join Type": "Inner", "Startup Cost": 17.71, "Total Cost": 366.18, "Plan Rows": 98, "Plan Width": 33, "Actual Startup Time": 0.018, "Actual Total Time": 1.884, "Actual Rows": 835, "Actual Loops": 1, "Output": ["supplier.s_suppkey", "n1.n_name"], "Inner Unique": true, "Hash Cond": "(supplier.s_nationkey = n1.n_nationkey)", "Plans": [{"Node Type": "Seq Scan", "Parent Relationship": "Outer", "Parallel Aware": false, "Relation Name": "supplier", "Schema": "public", "Alias": "supplier", "Startup Cost": 0.0, "Total Cost": 322.0, "Plan Rows": 10000, "Plan Width": 8, "Actual Startup Time": 0.005, "Actual Total Time": 0.693, "Actual Rows": 10000, "Actual Loops": 1, "Output": ["supplier.s_suppkey", "supplier.s_name", "supplier.s_address", "supplier.s_nationkey", "supplier.s_phone", "supplier.s_acctbal", "supplier.s_comment"]}, {"Node Type": "Hash", "Parent Relationship": "Inner", "Parallel Aware": false, "Startup Cost": 17.65, "Total Cost": 17.65, "Plan Rows": 5, "Plan Width": 33, "Actual Startup Time": 0.007, "Actual Total Time": 0.007, "Actual Rows": 2, "Actual Loops": 1, "Output": ["n1.n_name", "n1.n_nationkey"], "Hash Buckets": 1024, "Original Hash Buckets": 1024, "Hash Batches": 1, "Original Hash Batches": 1, "Peak Memory Usage": 9, "Plans": [{"Node Type": "Seq Scan", "Parent Relationship": "Outer", "Parallel Aware": false, "Relation Name": "nation", "Schema": "public", "Alias": "n1", "Startup Cost": 0.0, "Total Cost": 17.65, "Plan Rows": 5, "Plan Width": 33, "Actual Startup Time": 0.004, "Actual Total Time": 0.005, "Actual Rows": 2, "Actual Loops": 1, "Output": ["n1.n_name", "n1.n_nationkey"], "Filter": "(((n1.n_name)::text = 'ALGERIA'::text) OR ((n1.n_name)::text = 'EGYPT'::text))", "Rows Removed by Filter": 23}]}]}]}]}]}]}, "Planning Time": 42.192, "Triggers": [], "Execution Time": 19338.77}]
q4#####[{"Plan": {"Node Type": "Sort", "Parallel Aware": false, "Startup Cost": 3162587.22, "Total Cost": 3176852.47, "Plan Rows": 5706100, "Plan Width": 205, "Actual Startup Time": 18224.352, "Actual Total Time": 18243.317, "Actual Rows": 38285, "Actual Loops": 1, "Output": ["customer.c_custkey", "customer.c_name", "(sum((lineitem.l_extendedprice * ('1'::numeric - lineitem.l_discount))))", "customer.c_acctbal", "nation.n_name", "customer.c_address", "customer.c_phone", "customer.c_comment"], "Sort Key": ["(sum((lineitem.l_extendedprice * ('1'::numeric - lineitem.l_discount)))) DESC"], "Sort Method": "external merge", "Sort Space Used": 6472, "Sort Space Type": "Disk", "Plans": [{"Node Type": "Aggregate", "Strategy": "Sorted", "Partial Mode": "Simple", "Parent Relationship": "Outer", "Parallel Aware": false, "Startup Cost": 278726.27, "Total Cost": 825457.08, "Plan Rows": 5706100, "Plan Width": 205, "Actual Startup Time": 17043.337, "Actual Total Time": 18088.283, "Actual Rows": 38285, "Actual Loops": 1, "Output": ["customer.c_custkey", "customer.c_name", "sum((lineitem.l_extendedprice * ('1'::numeric - lineitem.l_discount)))", "customer.c_acctbal", "nation.n_name", "customer.c_address", "customer.c_phone", "customer.c_comment"], "Group Key": ["customer.c_custkey", "customer.c_name", "customer.c_acctbal", "customer.c_phone", "nation.n_name", "customer.c_address", "customer.c_comment"], "Plans": [{"Node Type": "Incremental Sort", "Parent Relationship": "Outer", "Parallel Aware": false, "Startup Cost": 278726.27, "Total Cost": 611478.33, "Plan Rows": 5706100, "Plan Width": 185, "Actual Startup Time": 17043.328, "Actual Total Time": 17915.558, "Actual Rows": 112679, "Actual Loops": 1, "Output": ["customer.c_custkey", "customer.c_name", "customer.c_acctbal", "nation.n_name", "customer.c_address", "customer.c_phone", "customer.c_comment", "lineitem.l_extendedprice", "lineitem.l_discount"], "Sort Key": ["customer.c_custkey", "customer.c_name", "customer.c_acctbal", "customer.c_phone", "nation.n_name", "customer.c_address", "customer.c_comment"], "Presorted Key": ["customer.c_custkey"], "Full-sort Groups": {"Group Count": 3356, "Sort Methods Used": ["quicksort"], "Sort Space Memory": {"Average Sort Space Used": 34, "Peak Sort Space Used": 34}}, "Plans": [{"Node Type": "Merge Join", "Parent Relationship": "Outer", "Parallel Aware": false, "Join Type": "Inner", "Startup Cost": 278724.59, "Total Cost": 280330.51, "Plan Rows": 5706100, "Plan Width": 185, "Actual Startup Time": 17043.236, "Actual Total Time": 17800.881, "Actual Rows": 112679, "Actual Loops": 1, "Output": ["customer.c_custkey", "customer.c_name", "customer.c_acctbal", "nation.n_name", "customer.c_address", "customer.c_phone", "customer.c_comment", "lineitem.l_extendedprice", "lineitem.l_discount"], "Inner Unique": false, "Merge Cond": "(customer.c_custkey = orders.o_custkey)", "Plans": [{"Node Type": "Sort", "Parent Relationship": "Outer", "Parallel Aware": false, "Startup Cost": 31219.95, "Total Cost": 31594.95, "Plan Rows": 150000, "Plan Width": 173, "Actual Startup Time": 533.85, "Actual Total Time": 1184.252, "Actual Rows": 149996, "Actual Loops": 1, "Output": ["customer.c_custkey", "customer.c_name", "customer.c_acctbal", "customer.c_address", "customer.c_phone", "customer.c_comment", "nation.n_name"], "Sort Key": ["customer.c_custkey"], "Sort Method": "external merge", "Sort Space Used": 24056, "Sort Space Type": "Disk", "Plans": [{"Node Type": "Hash Join", "Parent Relationship": "Outer", "Parallel Aware": false, "Join Type": "Inner", "Startup Cost": 21.48, "Total Cost": 5503.5, "Plan Rows": 150000, "Plan Width": 173, "Actual Startup Time": 0.028, "Actual Total Time": 42.856, "Actual Rows": 150000, "Actual Loops": 1, "Output": ["customer.c_custkey", "customer.c_name", "customer.c_acctbal", "customer.c_address", "customer.c_phone", "customer.c_comment", "nation.n_name"], "Inner Unique": true, "Hash Cond": "(customer.c_nationkey = nation.n_nationkey)", "Plans": [{"Node Type": "Seq Scan", "Parent Relationship": "Outer", "Parallel Aware": false, "Relation Name": "customer", "Schema": "public", "Alias": "customer", "Startup Cost": 0.0, "Total Cost": 5085.0, "Plan Rows": 150000, "Plan Width": 148, "Actual Startup Time": 0.013, "Actual Total Time": 9.826, "Actual Rows": 150000, "Actual Loops": 1, "Output": ["customer.c_custkey", "customer.c_name", "customer.c_address", "customer.c_nationkey", "customer.c_phone", "customer.c_acctbal", "customer.c_mktsegment", "customer.c_comment"]}, {"Node Type": "Hash", "Parent Relationship": "Inner", "Parallel Aware": false, "Startup Cost": 15.1, "Total Cost": 15.1, "Plan Rows": 510, "Plan Width": 33, "Actual Startup Time": 0.008, "Actual Total Time": 0.017, "Actual Rows": 25, "Actual Loops": 1, "Output": ["nation.n_name", "nation.n_nationkey"], "Hash Buckets": 1024, "Original Hash Buckets": 1024, "Hash Batches": 1, "Original Hash Batches": 1, "Peak Memory Usage": 10, "Plans": [{"Node Type": "Seq Scan", "Parent Relationship": "Outer", "Parallel Aware": false, "Relation Name": "nation", "Schema": "public", "Alias": "nation", "Startup Cost": 0.0, "Total Cost": 15.1, "Plan Rows": 510, "Plan Width": 33, "Actual Startup Time": 0.003, "Actual Total Time": 0.005, "Actual Rows": 25, "Actual Loops": 1, "Output": ["nation.n_name", "nation.n_nationkey"]}]}]}]}, {"Node Type": "Sort", "Parent Relationship": "Inner", "Parallel Aware": false, "Startup Cost": 247504.65, "Total Cost": 247647.3, "Plan Rows": 57061, "Plan Width": 16, "Actual Startup Time": 16508.086, "Actual Total Time": 16553.983, "Actual Rows": 112679, "Actual Loops": 1, "Output": ["orders.o_custkey", "lineitem.l_extendedprice", "lineitem.l_discount"], "Sort Key": ["orders.o_custkey"], "Sort Method": "external sort", "Sort Space Used": 3472, "Sort Space Type": "Disk", "Plans": [{"Node Type": "Hash Join", "Parent Relationship": "Outer", "Parallel Aware": false, "Join Type": "Inner", "Startup Cost": 49303.38, "Total Cost": 242996.76, "Plan Rows": 57061, "Plan Width": 16, "Actual Startup Time": 4945.306, "Actual Total Time": 16087.133, "Actual Rows": 112679, "Actual Loops": 1, "Output": ["orders.o_custkey", "lineitem.l_extendedprice", "lineitem.l_discount"], "Inner Unique": false, "Hash Cond": "(lineitem.l_orderkey = orders.o_orderkey)", "Plans": [{"Node Type": "Seq Scan", "Parent Relationship": "Outer", "Parallel Aware": false, "Relation Name": "lineitem", "Schema": "public", "Alias": "lineitem", "Startup Cost": 0.0, "Total Cost": 187482.86, "Plan Rows": 1503978, "Plan Width": 16, "Actual Startup Time": 0.015, "Actual Total Time": 10603.481, "Actual Rows": 1479175, "Actual Loops": 1, "Output": ["lineitem.l_orderkey", "lineitem.l_partkey", "lineitem.l_suppkey", "lineitem.l_linenumber", "lineitem.l_quantity", "lineitem.l_extendedprice", "lineitem.l_discount", "lineitem.l_tax", "lineitem.l_returnflag", "lineitem.l_linestatus", "lineitem.l_shipdate", "lineitem.l_commitdate", "lineitem.l_receiptdate", "lineitem.l_shipinstruct", "lineitem.l_shipmode", "lineitem.l_comment"], "Filter": "(lineitem.l_returnflag = 'R'::bpchar)", "Rows Removed by Filter": 4520828}, {"Node Type": "Hash", "Parent Relationship": "Inner", "Parallel Aware": false, "Startup Cost": 48592.0, "Total Cost": 48592.0, "Plan Rows": 56910, "Plan Width": 8, "Actual Startup Time": 4939.909, "Actual Total Time": 4939.91, "Actual Rows": 56434, "Actual Loops": 1, "Output": ["orders.o_custkey", "orders.o_orderkey"], "Hash Buckets": 65536, "Original Hash Buckets": 65536, "Hash Batches": 1, "Original Hash Batches": 1, "Peak Memory Usage": 2717, "Plans": [{"Node Type": "Seq Scan", "Parent Relationship": "Outer", "Parallel Aware": false, "Relation Name": "orders", "Schema": "public", "Alias": "orders", "Startup Cost": 0.0, "Total Cost": 48592.0, "Plan Rows": 56910, "Plan Width": 8, "Actual Startup Time": 0.018, "Actual Total Time": 4839.584, "Actual Rows": 56434, "Actual Loops": 1, "Output": ["orders.o_custkey", "orders.o_orderkey"], "Filter": "((orders.o_orderdate >= '1993-04-01'::date) AND (orders.o_orderdate < '1993-07-01 00:00:00'::timestamp without time zone))", "Rows Removed by Filter": 1443566}]}]}]}]}]}]}]}, "Planning Time": 0.963, "Triggers": [], "Execution Time": 18254.243}]
q5#####[{"Plan": {"Node Type": "Sort", "Parallel Aware": false, "Startup Cost": 3141058.79, "Total Cost": 3155221.29, "Plan Rows": 5665000, "Plan Width": 205, "Actual Startup Time": 11019.618, "Actual Total Time": 11028.275, "Actual Rows": 38869, "Actual Loops": 1, "Output": ["customer.c_custkey", "customer.c_name", "(sum((lineitem.l_extendedprice * ('1'::numeric - lineitem.l_discount))))", "customer.c_acctbal", "nation.n_name", "customer.c_address", "customer.c_phone", "customer.c_comment"], "Sort Key": ["(sum((lineitem.l_extendedprice * ('1'::numeric - lineitem.l_discount)))) DESC"], "Sort Method": "external merge", "Sort Space Used": 6568, "Sort Space Type": "Disk", "Plans": [{"Node Type": "Aggregate", "Strategy": "Sorted", "Partial Mode": "Simple", "Parent Relationship": "Outer", "Parallel Aware": false, "Startup Cost": 278681.6, "Total Cost": 821058.31, "Plan Rows": 5665000, "Plan Width": 205, "Actual Startup Time": 10438.161, "Actual Total Time": 10945.326, "Actual Rows": 38869, "Actual Loops": 1, "Output": ["customer.c_custkey", "customer.c_name", "sum((lineitem.l_extendedprice * ('1'::numeric - lineitem.l_discount)))", "customer.c_acctbal", "nation.n_name", "customer.c_address", "customer.c_phone", "customer.c_comment"], "Group Key": ["customer.c_custkey", "customer.c_name", "customer.c_acctbal", "customer.c_phone", "nation.n_name", "customer.c_address", "customer.c_comment"], "Plans": [{"Node Type": "Incremental Sort", "Parent Relationship": "Outer", "Parallel Aware": false, "Startup Cost": 278681.6, "Total Cost": 608620.81, "Plan Rows": 5665000, "Plan Width": 185, "Actual Startup Time": 10438.118, "Actual Total Time": 10847.688, "Actual Rows": 114475, "Actual Loops": 1, "Output": ["customer.c_custkey", "customer.c_name", "customer.c_acctbal", "nation.n_name", "customer.c_address", "customer.c_phone", "customer.c_comment", "lineitem.l_extendedprice", "lineitem.l_discount"], "Sort Key": ["customer.c_custkey", "customer.c_name", "customer.c_acctbal", "customer.c_phone", "nation.n_name", "customer.c_address", "customer.c_comment"], "Presorted Key": ["customer.c_custkey"], "Full-sort Groups": {"Group Count": 3412, "Sort Methods Used": ["quicksort"], "Sort Space Memory": {"Average Sort Space Used": 33, "Peak Sort Space Used": 33}}, "Plans": [{"Node Type": "Merge Join", "Parent Relationship": "Outer", "Parallel Aware": false, "Join Type": "Inner", "Startup Cost": 278679.94, "Total Cost": 280279.69, "Plan Rows": 5665000, "Plan Width": 185, "Actual Startup Time": 10438.039, "Actual Total Time": 10738.468, "Actual Rows": 114475, "Actual Loops": 1, "Output": ["customer.c_custkey", "customer.c_name", "customer.c_acctbal", "nation.n_name", "customer.c_address", "customer.c_phone", "customer.c_comment", "lineitem.l_extendedprice", "lineitem.l_discount"], "Inner Unique": false, "Merge Cond": "(customer.c_custkey = orders.o_custkey)", "Plans": [{"Node Type": "Sort", "Parent Relationship": "Outer", "Parallel Aware": false, "Startup Cost": 31219.95, "Total Cost": 31594.95, "Plan Rows": 150000, "Plan Width": 173, "Actual Startup Time": 630.355, "Actual Total Time": 870.764, "Actual Rows": 149999, "Actual Loops": 1, "Output": ["customer.c_custkey", "customer.c_name", "customer.c_acctbal", "customer.c_address", "customer.c_phone", "customer.c_comment", "nation.n_name"], "Sort Key": ["customer.c_custkey"], "Sort Method": "external merge", "Sort Space Used": 24056, "Sort Space Type": "Disk", "Plans": [{"Node Type": "Hash Join", "Parent Relationship": "Outer", "Parallel Aware": false, "Join Type": "Inner", "Startup Cost": 21.48, "Total Cost": 5503.5, "Plan Rows": 150000, "Plan Width": 173, "Actual Startup Time": 0.05, "Actual Total Time": 434.577, "Actual Rows": 150000, "Actual Loops": 1, "Output": ["customer.c_custkey", "customer.c_name", "customer.c_acctbal", "customer.c_address", "customer.c_phone", "customer.c_comment", "nation.n_name"], "Inner Unique": true, "Hash Cond": "(customer.c_nationkey = nation.n_nationkey)", "Plans": [{"Node Type": "Seq Scan", "Parent Relationship": "Outer", "Parallel Aware": false, "Relation Name": "customer", "Schema": "public", "Alias": "customer", "Startup Cost": 0.0, "Total Cost": 5085.0, "Plan Rows": 150000, "Plan Width": 148, "Actual Startup Time": 0.012, "Actual Total Time": 29.031, "Actual Rows": 150000, "Actual Loops": 1, "Output": ["customer.c_custkey", "customer.c_name", "customer.c_address", "customer.c_nationkey", "customer.c_phone", "customer.c_acctbal", "customer.c_mktsegment", "customer.c_comment"]}, {"Node Type": "Hash", "Parent Relationship": "Inner", "Parallel Aware": false, "Startup Cost": 15.1, "Total Cost": 15.1, "Plan Rows": 510, "Plan Width": 33, "Actual Startup Time": 0.021, "Actual Total Time": 0.022, "Actual Rows": 25, "Actual Loops": 1, "Output": ["nation.n_name", "nation.n_nationkey"], "Hash Buckets": 1024, "Original Hash Buckets": 1024, "Hash Batches": 1, "Original Hash Batches": 1, "Peak Memory Usage": 10, "Plans": [{"Node Type": "Seq Scan", "Parent Relationship": "Outer", "Parallel Aware": false, "Relation Name": "nation", "Schema": "public", "Alias": "nation", "Startup Cost": 0.0, "Total Cost": 15.1, "Plan Rows": 510, "Plan Width": 33, "Actual Startup Time": 0.008, "Actual Total Time": 0.01, "Actual Rows": 25, "Actual Loops": 1, "Output": ["nation.n_name", "nation.n_nationkey"]}]}]}]}, {"Node Type": "Sort", "Parent Relationship": "Inner", "Parallel Aware": false, "Startup Cost": 247459.99, "Total Cost": 247601.61, "Plan Rows": 56650, "Plan Width": 16, "Actual Startup Time": 9807.584, "Actual Total Time": 9826.941, "Actual Rows": 114475, "Actual Loops": 1, "Output": ["orders.o_custkey", "lineitem.l_extendedprice", "lineitem.l_discount"], "Sort Key": ["orders.o_custkey"], "Sort Method": "external sort", "Sort Space Used": 3536, "Sort Space Type": "Disk", "Plans": [{"Node Type": "Hash Join", "Parent Relationship": "Outer", "Parallel Aware": false, "Join Type": "Inner", "Startup Cost": 49298.25, "Total Cost": 242987.53, "Plan Rows": 56650, "Plan Width": 16, "Actual Startup Time": 3954.813, "Actual Total Time": 9681.974, "Actual Rows": 114475, "Actual Loops": 1, "Output": ["orders.o_custkey", "lineitem.l_extendedprice", "lineitem.l_discount"], "Inner Unique": false, "Hash Cond": "(lineitem.l_orderkey = orders.o_orderkey)", "Plans": [{"Node Type": "Seq Scan", "Parent Relationship": "Outer", "Parallel Aware": false, "Relation Name": "lineitem", "Schema": "public", "Alias": "lineitem", "Startup Cost": 0.0, "Total Cost": 187482.86, "Plan Rows": 1503978, "Plan Width": 16, "Actual Startup Time": 0.015, "Actual Total Time": 5228.233, "Actual Rows": 1479175, "Actual Loops": 1, "Output": ["lineitem.l_orderkey", "lineitem.l_partkey", "lineitem.l_suppkey", "lineitem.l_linenumber", "lineitem.l_quantity", "lineitem.l_extendedprice", "lineitem.l_discount", "lineitem.l_tax", "lineitem.l_returnflag", "lineitem.l_linestatus", "lineitem.l_shipdate", "lineitem.l_commitdate", "lineitem.l_receiptdate", "lineitem.l_shipinstruct", "lineitem.l_shipmode", "lineitem.l_comment"], "Filter": "(lineitem.l_returnflag = 'R'::bpchar)", "Rows Removed by Filter": 4520828}, {"Node Type": "Hash", "Parent Relationship": "Inner", "Parallel Aware": false, "Startup Cost": 48592.0, "Total Cost": 48592.0, "Plan Rows": 56500, "Plan Width": 8, "Actual Startup Time": 3954.434, "Actual Total Time": 3954.434, "Actual Rows": 57207, "Actual Loops": 1, "Output": ["orders.o_custkey", "orders.o_orderkey"], "Hash Buckets": 65536, "Original Hash Buckets": 65536, "Hash Batches": 1, "Original Hash Batches": 1, "Peak Memory Usage": 2747, "Plans": [{"Node Type": "Seq Scan", "Parent Relationship": "Outer", "Parallel Aware": false, "Relation Name": "orders", "Schema": "public", "Alias": "orders", "Startup Cost": 0.0, "Total Cost": 48592.0, "Plan Rows": 56500, "Plan Width": 8, "Actual Startup Time": 0.016, "Actual Total Time": 3866.69, "Actual Rows": 57207, "Actual Loops": 1, "Output": ["orders.o_custkey", "orders.o_orderkey"], "Filter": "((orders.o_orderdate >= '1994-10-05'::date) AND (orders.o_orderdate < '1995-01-05 00:00:00'::timestamp without time zone))", "Rows Removed by Filter": 1442793}]}]}]}]}]}]}]}, "Planning Time": 3.261, "Triggers": [], "Execution Time": 11041.117}]
q7#####[{"Plan": {"Node Type": "Aggregate", "Strategy": "Sorted", "Partial Mode": "Simple", "Parallel Aware": false, "Startup Cost": 262533.93, "Total Cost": 262537.04, "Plan Rows": 89, "Plan Width": 98, "Actual Startup Time": 7043.084, "Actual Total Time": 7045.015, "Actual Rows": 4, "Actual Loops": 1, "Output": ["n1.n_name", "n2.n_name", "(date_part('year'::text, (lineitem.l_shipdate)::timestamp without time zone))", "sum((lineitem.l_extendedprice * ('1'::numeric - lineitem.l_discount)))"], "Group Key": ["n1.n_name", "n2.n_name", "(date_part('year'::text, (lineitem.l_shipdate)::timestamp without time zone))"], "Plans": [{"Node Type": "Sort", "Parent Relationship": "Outer", "Parallel Aware": false, "Startup Cost": 262533.93, "Total Cost": 262534.15, "Plan Rows": 89, "Plan Width": 78, "Actual Startup Time": 7042.38, "Actual Total Time": 7042.774, "Actual Rows": 6014, "Actual Loops": 1, "Output": ["n1.n_name", "n2.n_name", "(date_part('year'::text, (lineitem.l_shipdate)::timestamp without time zone))", "lineitem.l_extendedprice", "lineitem.l_discount"], "Sort Key": ["n1.n_name", "n2.n_name", "(date_part('year'::text, (lineitem.l_shipdate)::timestamp without time zone))"], "Sort Method": "quicksort", "Sort Space Used": 662, "Sort Space Type": "Memory", "Plans": [{"Node Type": "Hash Join", "Parent Relationship": "Outer", "Parallel Aware": false, "Join Type": "Inner", "Startup Cost": 52933.46, "Total Cost": 262531.05, "Plan Rows": 89, "Plan Width": 78, "Actual Startup Time": 1314.97, "Actual Total Time": 7018.695, "Actual Rows": 6014, "Actual Loops": 1, "Output": ["n1.n_name", "n2.n_name", "date_part('year'::text, (lineitem.l_shipdate)::timestamp without time zone)", "lineitem.l_extendedprice", "lineitem.l_discount"], "Inner Unique": false, "Hash Cond": "(lineitem.l_suppkey = supplier.s_suppkey)", "Join Filter": "((((n1.n_name)::text = 'EGYPT'::text) AND ((n2.n_name)::text = 'ALGERIA'::text)) OR (((n1.n_name)::text = 'ALGERIA'::text) AND ((n2.n_name)::text = 'EGYPT'::text)))", "Rows Removed by Join Filter": 6077, "Plans": [{"Node Type": "Hash Join", "Parent Relationship": "Outer", "Parallel Aware": false, "Join Type": "Inner", "Startup Cost": 52566.05, "Total Cost": 262156.04, "Plan Rows": 1810, "Plan Width": 49, "Actual Startup Time": 1309.074, "Actual Total Time": 6967.562, "Actual Rows": 144353, "Actual Loops": 1, "Output": ["lineitem.l_shipdate", "lineitem.l_extendedprice", "lineitem.l_discount", "lineitem.l_suppkey", "n2.n_name"], "Inner Unique": false, "Hash Cond": "(lineitem.l_orderkey = orders.o_orderkey)", "Plans": [{"Node Type": "Seq Scan", "Parent Relationship": "Outer", "Parallel Aware": false, "Relation Name": "lineitem", "Schema": "public", "Alias": "lineitem", "Startup Cost": 0.0, "Total Cost": 202484.64, "Plan Rows": 1846489, "Plan Width": 24, "Actual Startup Time": 0.027, "Actual Total Time": 4035.745, "Actual Rows": 1827668, "Actual Loops": 1, "Output": ["lineitem.l_orderkey", "lineitem.l_partkey", "lineitem.l_suppkey", "lineitem.l_linenumber", "lineitem.l_quantity", "lineitem.l_extendedprice", "lineitem.l_discount", "lineitem.l_tax", "lineitem.l_returnflag", "lineitem.l_linestatus", "lineitem.l_shipdate", "lineitem.l_commitdate", "lineitem.l_receiptdate", "lineitem.l_shipinstruct", "lineitem.l_shipmode", "lineitem.l_comment"], "Filter": "((lineitem.l_shipdate >= '1995-01-01'::date) AND (lineitem.l_shipdate <= '1996-12-31'::date))", "Rows Removed by Filter": 4172335}, {"Node Type": "Hash", "Parent Relationship": "Inner", "Parallel Aware": false, "Startup Cost": 52382.22, "Total Cost": 52382.22, "Plan Rows": 14706, "Plan Width": 33, "Actual Startup Time": 1304.587, "Actual Total Time": 1304.609, "Actual Rows": 118964, "Actual Loops": 1, "Output": ["orders.o_orderkey", "n2.n_name"], "Hash Buckets": 131072, "Original Hash Buckets": 16384, "Hash Batches": 2, "Original Hash Batches": 1, "Peak Memory Usage": 3525, "Plans": [{"Node Type": "Hash Join", "Parent Relationship": "Outer", "Parallel Aware": false, "Join Type": "Inner", "Startup Cost": 5518.12, "Total Cost": 52382.22, "Plan Rows": 14706, "Plan Width": 33, "Actual Startup Time": 195.069, "Actual Total Time": 1252.135, "Actual Rows": 118964, "Actual Loops": 1, "Output": ["orders.o_orderkey", "n2.n_name"], "Inner Unique": false, "Hash Cond": "(orders.o_custkey = customer.c_custkey)", "Plans": [{"Node Type": "Seq Scan", "Parent Relationship": "Outer", "Parallel Aware": false, "Relation Name": "orders", "Schema": "public", "Alias": "orders", "Startup Cost": 0.0, "Total Cost": 41092.0, "Plan Rows": 1500000, "Plan Width": 8, "Actual Startup Time": 0.034, "Actual Total Time": 732.555, "Actual Rows": 1500000, "Actual Loops": 1, "Output": ["orders.o_orderkey", "orders.o_custkey", "orders.o_orderstatus", "orders.o_totalprice", "orders.o_orderdate", "orders.o_orderpriority", "orders.o_clerk", "orders.o_shippriority", "orders.o_comment"]}, {"Node Type": "Hash", "Parent Relationship": "Inner", "Parallel Aware": false, "Startup Cost": 5499.73, "Total Cost": 5499.73, "Plan Rows": 1471, "Plan Width": 33, "Actual Startup Time": 195.001, "Actual Total Time": 195.018, "Actual Rows": 11920, "Actual Loops": 1, "Output": ["customer.c_custkey", "n2.n_name"], "Hash Buckets": 16384, "Original Hash Buckets": 2048, "Hash Batches": 1, "Original Hash Batches": 1, "Peak Memory Usage": 629, "Plans": [{"Node Type": "Hash Join", "Parent Relationship": "Outer", "Parallel Aware": false, "Join Type": "Inner", "Startup Cost": 17.71, "Total Cost": 5499.73, "Plan Rows": 1471, "Plan Width": 33, "Actual Startup Time": 0.044, "Actual Total Time": 189.366, "Actual Rows": 11920, "Actual Loops": 1, "Output": ["customer.c_custkey", "n2.n_name"], "Inner Unique": true, "Hash Cond": "(customer.c_nationkey = n2.n_nationkey)", "Plans": [{"Node Type": "Seq Scan", "Parent Relationship": "Outer", "Parallel Aware": false, "Relation Name": "customer", "Schema": "public", "Alias": "customer", "Startup Cost": 0.0, "Total Cost": 5085.0, "Plan Rows": 150000, "Plan Width": 8, "Actual Startup Time": 0.003, "Actual Total Time": 31.579, "Actual Rows": 150000, "Actual Loops": 1, "Output": ["customer.c_custkey", "customer.c_name", "customer.c_address", "customer.c_nationkey", "customer.c_phone", "customer.c_acctbal", "customer.c_mktsegment", "customer.c_comment"]}, {"Node Type": "Hash", "Parent Relationship": "Inner", "Parallel Aware": false, "Startup Cost": 17.65, "Total Cost": 17.65, "Plan Rows": 5, "Plan Width": 33, "Actual Startup Time": 0.013, "Actual Total Time": 0.014, "Actual Rows": 2, "Actual Loops": 1, "Output": ["n2.n_name", "n2.n_nationkey"], "Hash Buckets": 1024, "Original Hash Buckets": 1024, "Hash Batches": 1, "Original Hash Batches": 1, "Peak Memory Usage": 9, "Plans": [{"Node Type": "Seq Scan", "Parent Relationship": "Outer", "Parallel Aware": false, "Relation Name": "nation", "Schema": "public", "Alias": "n2", "Startup Cost": 0.0, "Total Cost": 17.65, "Plan Rows": 5, "Plan Width": 33, "Actual Startup Time": 0.006, "Actual Total Time": 0.01, "Actual Rows": 2, "Actual Loops": 1, "Output": ["n2.n_name", "n2.n_nationkey"], "Filter": "(((n2.n_name)::text = 'ALGERIA'::text) OR ((n2.n_name)::text = 'EGYPT'::text))", "Rows Removed by Filter": 23}]}]}]}]}]}]}, {"Node Type": "Hash", "Parent Relationship": "Inner", "Parallel Aware": false, "Startup Cost": 366.18, "Total Cost": 366.18, "Plan Rows": 98, "Plan Width": 33, "Actual Startup Time": 4.747, "Actual Total Time": 4.756, "Actual Rows": 835, "Actual Loops": 1, "Output": ["supplier.s_suppkey", "n1.n_name"], "Hash Buckets": 1024, "Original Hash Buckets": 1024, "Hash Batches": 1, "Original Hash Batches": 1, "Peak Memory Usage": 44, "Plans": [{"Node Type": "Hash Join", "Parent Relationship": "Outer", "Parallel Aware": false, "Join Type": "Inner", "Startup Cost": 17.71, "Total Cost": 366.18, "Plan Rows": 98, "Plan Width": 33, "Actual Startup Time": 0.036, "Actual Total Time": 4.555, "Actual Rows": 835, "Actual Loops": 1, "Output": ["supplier.s_suppkey", "n1.n_name"], "Inner Unique": true, "Hash Cond": "(supplier.s_nationkey = n1.n_nationkey)", "Plans": [{"Node Type": "Seq Scan", "Parent Relationship": "Outer", "Parallel Aware": false, "Relation Name": "supplier", "Schema": "public", "Alias": "supplier", "Startup Cost": 0.0, "Total Cost": 322.0, "Plan Rows": 10000, "Plan Width": 8, "Actual Startup Time": 0.01, "Actual Total Time": 1.221, "Actual Rows": 10000, "Actual Loops": 1, "Output": ["supplier.s_suppkey", "supplier.s_name", "supplier.s_address", "supplier.s_nationkey", "supplier.s_phone", "supplier.s_acctbal", "supplier.s_comment"]}, {"Node Type": "Hash", "Parent Relationship": "Inner", "Parallel Aware": false, "Startup Cost": 17.65, "Total Cost": 17.65, "Plan Rows": 5, "Plan Width": 33, "Actual Startup Time": 0.018, "Actual Total Time": 0.019, "Actual Rows": 2, "Actual Loops": 1, "Output": ["n1.n_name", "n1.n_nationkey"], "Hash Buckets": 1024, "Original Hash Buckets": 1024, "Hash Batches": 1, "Original Hash Batches": 1, "Peak Memory Usage": 9, "Plans": [{"Node Type": "Seq Scan", "Parent Relationship": "Outer", "Parallel Aware": false, "Relation Name": "nation", "Schema": "public", "Alias": "n1", "Startup Cost": 0.0, "Total Cost": 17.65, "Plan Rows": 5, "Plan Width": 33, "Actual Startup Time": 0.013, "Actual Total Time": 0.015, "Actual Rows": 2, "Actual Loops": 1, "Output": ["n1.n_name", "n1.n_nationkey"], "Filter": "(((n1.n_name)::text = 'EGYPT'::text) OR ((n1.n_name)::text = 'ALGERIA'::text))", "Rows Removed by Filter": 23}]}]}]}]}]}]}, "Planning Time": 1.388, "Triggers": [], "Execution Time": 7045.62}]
q6#####[{"Plan": {"Node Type": "Sort", "Parallel Aware": false, "Startup Cost": 250607.38, "Total Cost": 250607.88, "Plan Rows": 200, "Plan Width": 61, "Actual Startup Time": 18273.12, "Actual Total Time": 18273.509, "Actual Rows": 5, "Actual Loops": 1, "Output": ["nation.n_name", "(sum((lineitem.l_extendedprice * ('1'::numeric - lineitem.l_discount))))"], "Sort Key": ["(sum((lineitem.l_extendedprice * ('1'::numeric - lineitem.l_discount)))) DESC"], "Sort Method": "quicksort", "Sort Space Used": 25, "Sort Space Type": "Memory", "Plans": [{"Node Type": "Aggregate", "Strategy": "Sorted", "Partial Mode": "Simple", "Parent Relationship": "Outer", "Parallel Aware": false, "Startup Cost": 250594.64, "Total Cost": 250599.74, "Plan Rows": 200, "Plan Width": 61, "Actual Startup Time": 18271.715, "Actual Total Time": 18273.304, "Actual Rows": 5, "Actual Loops": 1, "Output": ["nation.n_name", "sum((lineitem.l_extendedprice * ('1'::numeric - lineitem.l_discount)))"], "Group Key": ["nation.n_name"], "Plans": [{"Node Type": "Sort", "Parent Relationship": "Outer", "Parallel Aware": false, "Startup Cost": 250594.64, "Total Cost": 250595.16, "Plan Rows": 208, "Plan Width": 41, "Actual Startup Time": 18270.192, "Actual Total Time": 18270.86, "Actual Rows": 7388, "Actual Loops": 1, "Output": ["nation.n_name", "lineitem.l_extendedprice", "lineitem.l_discount"], "Sort Key": ["nation.n_name"], "Sort Method": "quicksort", "Sort Space Used": 770, "Sort Space Type": "Memory", "Plans": [{"Node Type": "Hash Join", "Parent Relationship": "Outer", "Parallel Aware": false, "Join Type": "Inner", "Startup Cost": 55509.7, "Total Cost": 250586.63, "Plan Rows": 208, "Plan Width": 41, "Actual Startup Time": 783.333, "Actual Total Time": 18252.823, "Actual Rows": 7388, "Actual Loops": 1, "Output": ["nation.n_name", "lineitem.l_extendedprice", "lineitem.l_discount"], "Inner Unique": false, "Hash Cond": "((lineitem.l_suppkey = supplier.s_suppkey) AND (customer.c_nationkey = supplier.s_nationkey))", "Plans": [{"Node Type": "Hash Join", "Parent Relationship": "Outer", "Parallel Aware": false, "Join Type": "Inner", "Startup Cost": 55037.7, "Total Cost": 250073.5, "Plan Rows": 5206, "Plan Width": 53, "Actual Startup Time": 776.158, "Actual Total Time": 18137.736, "Actual Rows": 184361, "Actual Loops": 1, "Output": ["customer.c_nationkey", "lineitem.l_extendedprice", "lineitem.l_discount", "lineitem.l_suppkey", "nation.n_name", "nation.n_nationkey"], "Inner Unique": false, "Hash Cond": "(lineitem.l_orderkey = orders.o_orderkey)", "Plans": [{"Node Type": "Seq Scan", "Parent Relationship": "Outer", "Parallel Aware": false, "Relation Name": "lineitem", "Schema": "public", "Alias": "lineitem", "Startup Cost": 0.0, "Total Cost": 172481.09, "Plan Rows": 6000709, "Plan Width": 20, "Actual Startup Time": 0.013, "Actual Total Time": 15361.052, "Actual Rows": 6000003, "Actual Loops": 1, "Output": ["lineitem.l_orderkey", "lineitem.l_partkey", "lineitem.l_suppkey", "lineitem.l_linenumber", "lineitem.l_quantity", "lineitem.l_extendedprice", "lineitem.l_discount", "lineitem.l_tax", "lineitem.l_returnflag", "lineitem.l_linestatus", "lineitem.l_shipdate", "lineitem.l_commitdate", "lineitem.l_receiptdate", "lineitem.l_shipinstruct", "lineitem.l_shipmode", "lineitem.l_comment"]}, {"Node Type": "Hash", "Parent Relationship": "Inner", "Parallel Aware": false, "Startup Cost": 55021.44, "Total Cost": 55021.44, "Plan Rows": 1301, "Plan Width": 41, "Actual Startup Time": 776.118, "Actual Total Time": 776.164, "Actual Rows": 46097, "Actual Loops": 1, "Output": ["customer.c_nationkey", "orders.o_orderkey", "nation.n_name", "nation.n_nationkey"], "Hash Buckets": 65536, "Original Hash Buckets": 2048, "Hash Batches": 1, "Original Hash Batches": 1, "Peak Memory Usage": 2924, "Plans": [{"Node Type": "Hash Join", "Parent Relationship": "Outer", "Parallel Aware": false, "Join Type": "Inner", "Startup Cost": 5570.54, "Total Cost": 55021.44, "Plan Rows": 1301, "Plan Width": 41, "Actual Startup Time": 137.43, "Actual Total Time": 742.926, "Actual Rows": 46097, "Actual Loops": 1, "Output": ["customer.c_nationkey", "orders.o_orderkey", "nation.n_name", "nation.n_nationkey"], "Inner Unique": false, "Hash Cond": "(orders.o_custkey = customer.c_custkey)", "Plans": [{"Node Type": "Seq Scan", "Parent Relationship": "Outer", "Parallel Aware": false, "Relation Name": "orders", "Schema": "public", "Alias": "orders", "Startup Cost": 0.0, "Total Cost": 48592.0, "Plan Rows": 225570, "Plan Width": 8, "Actual Startup Time": 0.026, "Actual Total Time": 526.763, "Actual Rows": 228464, "Actual Loops": 1, "Output": ["orders.o_orderkey", "orders.o_custkey", "orders.o_orderstatus", "orders.o_totalprice", "orders.o_orderdate", "orders.o_orderpriority", "orders.o_clerk", "orders.o_shippriority", "orders.o_comment"], "Filter": "((orders.o_orderdate >= '1996-01-10'::date) AND (orders.o_orderdate < '1997-01-10 00:00:00'::timestamp without time zone))", "Rows Removed by Filter": 1271536}, {"Node Type": "Hash", "Parent Relationship": "Inner", "Parallel Aware": false, "Startup Cost": 5559.73, "Total Cost": 5559.73, "Plan Rows": 865, "Plan Width": 41, "Actual Startup Time": 137.39, "Actual Total Time": 137.423, "Actual Rows": 30197, "Actual Loops": 1, "Output": ["customer.c_custkey", "customer.c_nationkey", "nation.n_name", "nation.n_nationkey"], "Hash Buckets": 32768, "Original Hash Buckets": 1024, "Hash Batches": 1, "Original Hash Batches": 1, "Peak Memory Usage": 1837, "Plans": [{"Node Type": "Hash Join", "Parent Relationship": "Outer", "Parallel Aware": false, "Join Type": "Inner", "Startup Cost": 38.01, "Total Cost": 5559.73, "Plan Rows": 865, "Plan Width": 41, "Actual Startup Time": 0.101, "Actual Total Time": 128.13, "Actual Rows": 30197, "Actual Loops": 1, "Output": ["customer.c_custkey", "customer.c_nationkey", "nation.n_name", "nation.n_nationkey"], "Inner Unique": true, "Hash Cond": "(nation.n_regionkey = region.r_regionkey)", "Plans": [{"Node Type": "Hash Join", "Parent Relationship": "Outer", "Parallel Aware": false, "Join Type": "Inner", "Startup Cost": 21.48, "Total Cost": 5503.5, "Plan Rows": 15000, "Plan Width": 45, "Actual Startup Time": 0.039, "Actual Total Time": 115.363, "Actual Rows": 150000, "Actual Loops": 1, "Output": ["customer.c_custkey", "customer.c_nationkey", "nation.n_name", "nation.n_nationkey", "nation.n_regionkey"], "Inner Unique": true, "Hash Cond": "(customer.c_nationkey = nation.n_nationkey)", "Plans": [{"Node Type": "Seq Scan", "Parent Relationship": "Outer", "Parallel Aware": false, "Relation Name": "customer", "Schema": "public", "Alias": "customer", "Startup Cost": 0.0, "Total Cost": 5085.0, "Plan Rows": 150000, "Plan Width": 8, "Actual Startup Time": 0.01, "Actual Total Time": 12.311, "Actual Rows": 150000, "Actual Loops": 1, "Output": ["customer.c_custkey", "customer.c_name", "customer.c_address", "customer.c_nationkey", "customer.c_phone", "customer.c_acctbal", "customer.c_mktsegment", "customer.c_comment"]}, {"Node Type": "Hash", "Parent Relationship": "Inner", "Parallel Aware": false, "Startup Cost": 15.1, "Total Cost": 15.1, "Plan Rows": 510, "Plan Width": 37, "Actual Startup Time": 0.011, "Actual Total Time": 0.011, "Actual Rows": 25, "Actual Loops": 1, "Output": ["nation.n_name", "nation.n_nationkey", "nation.n_regionkey"], "Hash Buckets": 1024, "Original Hash Buckets": 1024, "Hash Batches": 1, "Original Hash Batches": 1, "Peak Memory Usage": 10, "Plans": [{"Node Type": "Seq Scan", "Parent Relationship": "Outer", "Parallel Aware": false, "Relation Name": "nation", "Schema": "public", "Alias": "nation", "Startup Cost": 0.0, "Total Cost": 15.1, "Plan Rows": 510, "Plan Width": 37, "Actual Startup Time": 0.005, "Actual Total Time": 0.006, "Actual Rows": 25, "Actual Loops": 1, "Output": ["nation.n_name", "nation.n_nationkey", "nation.n_regionkey"]}]}]}, {"Node Type": "Hash", "Parent Relationship": "Inner", "Parallel Aware": false, "Startup Cost": 16.5, "Total Cost": 16.5, "Plan Rows": 3, "Plan Width": 4, "Actual Startup Time": 0.043, "Actual Total Time": 0.043, "Actual Rows": 1, "Actual Loops": 1, "Output": ["region.r_regionkey"], "Hash Buckets": 1024, "Original Hash Buckets": 1024, "Hash Batches": 1, "Original Hash Batches": 1, "Peak Memory Usage": 9, "Plans": [{"Node Type": "Seq Scan", "Parent Relationship": "Outer", "Parallel Aware": false, "Relation Name": "region", "Schema": "public", "Alias": "region", "Startup Cost": 0.0, "Total Cost": 16.5, "Plan Rows": 3, "Plan Width": 4, "Actual Startup Time": 0.04, "Actual Total Time": 0.04, "Actual Rows": 1, "Actual Loops": 1, "Output": ["region.r_regionkey"], "Filter": "((region.r_name)::text = 'EUROPE'::text)", "Rows Removed by Filter": 4}]}]}]}]}]}]}, {"Node Type": "Hash", "Parent Relationship": "Inner", "Parallel Aware": false, "Startup Cost": 322.0, "Total Cost": 322.0, "Plan Rows": 10000, "Plan Width": 8, "Actual Startup Time": 6.465, "Actual Total Time": 6.466, "Actual Rows": 10000, "Actual Loops": 1, "Output": ["supplier.s_suppkey", "supplier.s_nationkey"], "Hash Buckets": 16384, "Original Hash Buckets": 16384, "Hash Batches": 1, "Original Hash Batches": 1, "Peak Memory Usage": 519, "Plans": [{"Node Type": "Seq Scan", "Parent Relationship": "Outer", "Parallel Aware": false, "Relation Name": "supplier", "Schema": "public", "Alias": "supplier", "Startup Cost": 0.0, "Total Cost": 322.0, "Plan Rows": 10000, "Plan Width": 8, "Actual Startup Time": 0.013, "Actual Total Time": 3.103, "Actual Rows": 10000, "Actual Loops": 1, "Output": ["supplier.s_suppkey", "supplier.s_nationkey"]}]}]}]}]}]}, "Planning Time": 1.606, "Triggers": [], "Execution Time": 18275.413}]
q1#####[{"Plan": {"Node Type": "Aggregate", "Strategy": "Sorted", "Partial Mode": "Simple", "Parallel Aware": false, "Startup Cost": 262533.93, "Total Cost": 262537.04, "Plan Rows": 89, "Plan Width": 98, "Actual Startup Time": 8917.038, "Actual Total Time": 8918.176, "Actual Rows": 4, "Actual Loops": 1, "Output": ["n1.n_name", "n2.n_name", "(date_part('year'::text, (lineitem.l_shipdate)::timestamp without time zone))", "sum((lineitem.l_extendedprice * ('1'::numeric - lineitem.l_discount)))"], "Group Key": ["n1.n_name", "n2.n_name", "(date_part('year'::text, (lineitem.l_shipdate)::timestamp without time zone))"], "Plans": [{"Node Type": "Sort", "Parent Relationship": "Outer", "Parallel Aware": false, "Startup Cost": 262533.93, "Total Cost": 262534.15, "Plan Rows": 89, "Plan Width": 78, "Actual Startup Time": 8916.662, "Actual Total Time": 8916.936, "Actual Rows": 5935, "Actual Loops": 1, "Output": ["n1.n_name", "n2.n_name", "(date_part('year'::text, (lineitem.l_shipdate)::timestamp without time zone))", "lineitem.l_extendedprice", "lineitem.l_discount"], "Sort Key": ["n1.n_name", "n2.n_name", "(date_part('year'::text, (lineitem.l_shipdate)::timestamp without time zone))"], "Sort Method": "quicksort", "Sort Space Used": 656, "Sort Space Type": "Memory", "Plans": [{"Node Type": "Hash Join", "Parent Relationship": "Outer", "Parallel Aware": false, "Join Type": "Inner", "Startup Cost": 52933.46, "Total Cost": 262531.05, "Plan Rows": 89, "Plan Width": 78, "Actual Startup Time": 2314.099, "Actual Total Time": 8898.976, "Actual Rows": 5935, "Actual Loops": 1, "Output": ["n1.n_name", "n2.n_name", "date_part('year'::text, (lineitem.l_shipdate)::timestamp without time zone)", "lineitem.l_extendedprice", "lineitem.l_discount"], "Inner Unique": false, "Hash Cond": "(lineitem.l_suppkey = supplier.s_suppkey)", "Join Filter": "((((n1.n_name)::text = 'ALGERIA'::text) AND ((n2.n_name)::text = 'SAUDI ARABIA'::text)) OR (((n1.n_name)::text = 'SAUDI ARABIA'::text) AND ((n2.n_name)::text = 'ALGERIA'::text)))", "Rows Removed by Join Filter": 5989, "Plans": [{"Node Type": "Hash Join", "Parent Relationship": "Outer", "Parallel Aware": false, "Join Type": "Inner", "Startup Cost": 52566.05, "Total Cost": 262156.04, "Plan Rows": 1810, "Plan Width": 49, "Actual Startup Time": 2126.496, "Actual Total Time": 8632.097, "Actual Rows": 143218, "Actual Loops": 1, "Output": ["lineitem.l_shipdate", "lineitem.l_extendedprice", "lineitem.l_discount", "lineitem.l_suppkey", "n2.n_name"], "Inner Unique": false, "Hash Cond": "(lineitem.l_orderkey = orders.o_orderkey)", "Plans": [{"Node Type": "Seq Scan", "Parent Relationship": "Outer", "Parallel Aware": false, "Relation Name": "lineitem", "Schema": "public", "Alias": "lineitem", "Startup Cost": 0.0, "Total Cost": 202484.64, "Plan Rows": 1846489, "Plan Width": 24, "Actual Startup Time": 0.037, "Actual Total Time": 3666.872, "Actual Rows": 1827668, "Actual Loops": 1, "Output": ["lineitem.l_orderkey", "lineitem.l_partkey", "lineitem.l_suppkey", "lineitem.l_linenumber", "lineitem.l_quantity", "lineitem.l_extendedprice", "lineitem.l_discount", "lineitem.l_tax", "lineitem.l_returnflag", "lineitem.l_linestatus", "lineitem.l_shipdate", "lineitem.l_commitdate", "lineitem.l_receiptdate", "lineitem.l_shipinstruct", "lineitem.l_shipmode", "lineitem.l_comment"], "Filter": "((lineitem.l_shipdate >= '1995-01-01'::date) AND (lineitem.l_shipdate <= '1996-12-31'::date))", "Rows Removed by Filter": 4172335}, {"Node Type": "Hash", "Parent Relationship": "Inner", "Parallel Aware": false, "Startup Cost": 52382.22, "Total Cost": 52382.22, "Plan Rows": 14706, "Plan Width": 33, "Actual Startup Time": 2125.706, "Actual Total Time": 2125.737, "Actual Rows": 117730, "Actual Loops": 1, "Output": ["orders.o_orderkey", "n2.n_name"], "Hash Buckets": 131072, "Original Hash Buckets": 16384, "Hash Batches": 2, "Original Hash Batches": 1, "Peak Memory Usage": 3696, "Plans": [{"Node Type": "Hash Join", "Parent Relationship": "Outer", "Parallel Aware": false, "Join Type": "Inner", "Startup Cost": 5518.12, "Total Cost": 52382.22, "Plan Rows": 14706, "Plan Width": 33, "Actual Startup Time": 392.093, "Actual Total Time": 1903.201, "Actual Rows": 117730, "Actual Loops": 1, "Output": ["orders.o_orderkey", "n2.n_name"], "Inner Unique": false, "Hash Cond": "(orders.o_custkey = customer.c_custkey)", "Plans": [{"Node Type": "Seq Scan", "Parent Relationship": "Outer", "Parallel Aware": false, "Relation Name": "orders", "Schema": "public", "Alias": "orders", "Startup Cost": 0.0, "Total Cost": 41092.0, "Plan Rows": 1500000, "Plan Width": 8, "Actual Startup Time": 0.016, "Actual Total Time": 971.043, "Actual Rows": 1500000, "Actual Loops": 1, "Output": ["orders.o_orderkey", "orders.o_custkey", "orders.o_orderstatus", "orders.o_totalprice", "orders.o_orderdate", "orders.o_orderpriority", "orders.o_clerk", "orders.o_shippriority", "orders.o_comment"]}, {"Node Type": "Hash", "Parent Relationship": "Inner", "Parallel Aware": false, "Startup Cost": 5499.73, "Total Cost": 5499.73, "Plan Rows": 1471, "Plan Width": 33, "Actual Startup Time": 391.313, "Actual Total Time": 391.328, "Actual Rows": 11829, "Actual Loops": 1, "Output": ["customer.c_custkey", "n2.n_name"], "Hash Buckets": 16384, "Original Hash Buckets": 2048, "Hash Batches": 1, "Original Hash Batches": 1, "Peak Memory Usage": 666, "Plans": [{"Node Type": "Hash Join", "Parent Relationship": "Outer", "Parallel Aware": false, "Join Type": "Inner", "Startup Cost": 17.71, "Total Cost": 5499.73, "Plan Rows": 1471, "Plan Width": 33, "Actual Startup Time": 0.062, "Actual Total Time": 383.329, "Actual Rows": 11829, "Actual Loops": 1, "Output": ["customer.c_custkey", "n2.n_name"], "Inner Unique": true, "Hash Cond": "(customer.c_nationkey = n2.n_nationkey)", "Plans": [{"Node Type": "Seq Scan", "Parent Relationship": "Outer", "Parallel Aware": false, "Relation Name": "customer", "Schema": "public", "Alias": "customer", "Startup Cost": 0.0, "Total Cost": 5085.0, "Plan Rows": 150000, "Plan Width": 8, "Actual Startup Time": 0.003, "Actual Total Time": 30.978, "Actual Rows": 150000, "Actual Loops": 1, "Output": ["customer.c_custkey", "customer.c_name", "customer.c_address", "customer.c_nationkey", "customer.c_phone", "customer.c_acctbal", "customer.c_mktsegment", "customer.c_comment"]}, {"Node Type": "Hash", "Parent Relationship": "Inner", "Parallel Aware": false, "Startup Cost": 17.65, "Total Cost": 17.65, "Plan Rows": 5, "Plan Width": 33, "Actual Startup Time": 0.024, "Actual Total Time": 0.034, "Actual Rows": 2, "Actual Loops": 1, "Output": ["n2.n_name", "n2.n_nationkey"], "Hash Buckets": 1024, "Original Hash Buckets": 1024, "Hash Batches": 1, "Original Hash Batches": 1, "Peak Memory Usage": 9, "Plans": [{"Node Type": "Seq Scan", "Parent Relationship": "Outer", "Parallel Aware": false, "Relation Name": "nation", "Schema": "public", "Alias": "n2", "Startup Cost": 0.0, "Total Cost": 17.65, "Plan Rows": 5, "Plan Width": 33, "Actual Startup Time": 0.012, "Actual Total Time": 0.013, "Actual Rows": 2, "Actual Loops": 1, "Output": ["n2.n_name", "n2.n_nationkey"], "Filter": "(((n2.n_name)::text = 'SAUDI ARABIA'::text) OR ((n2.n_name)::text = 'ALGERIA'::text))", "Rows Removed by Filter": 23}]}]}]}]}]}]}, {"Node Type": "Hash", "Parent Relationship": "Inner", "Parallel Aware": false, "Startup Cost": 366.18, "Total Cost": 366.18, "Plan Rows": 98, "Plan Width": 33, "Actual Startup Time": 185.767, "Actual Total Time": 185.79, "Actual Rows": 831, "Actual Loops": 1, "Output": ["supplier.s_suppkey", "n1.n_name"], "Hash Buckets": 1024, "Original Hash Buckets": 1024, "Hash Batches": 1, "Original Hash Batches": 1, "Peak Memory Usage": 46, "Plans": [{"Node Type": "Hash Join", "Parent Relationship": "Outer", "Parallel Aware": false, "Join Type": "Inner", "Startup Cost": 17.71, "Total Cost": 366.18, "Plan Rows": 98, "Plan Width": 33, "Actual Startup Time": 0.055, "Actual Total Time": 184.607, "Actual Rows": 831, "Actual Loops": 1, "Output": ["supplier.s_suppkey", "n1.n_name"], "Inner Unique": true, "Hash Cond": "(supplier.s_nationkey = n1.n_nationkey)", "Plans": [{"Node Type": "Seq Scan", "Parent Relationship": "Outer", "Parallel Aware": false, "Relation Name": "supplier", "Schema": "public", "Alias": "supplier", "Startup Cost": 0.0, "Total Cost": 322.0, "Plan Rows": 10000, "Plan Width": 8, "Actual Startup Time": 0.025, "Actual Total Time": 7.06, "Actual Rows": 10000, "Actual Loops": 1, "Output": ["supplier.s_suppkey", "supplier.s_name", "supplier.s_address", "supplier.s_nationkey", "supplier.s_phone", "supplier.s_acctbal", "supplier.s_comment"]}, {"Node Type": "Hash", "Parent Relationship": "Inner", "Parallel Aware": false, "Startup Cost": 17.65, "Total Cost": 17.65, "Plan Rows": 5, "Plan Width": 33, "Actual Startup Time": 0.019, "Actual Total Time": 0.029, "Actual Rows": 2, "Actual Loops": 1, "Output": ["n1.n_name", "n1.n_nationkey"], "Hash Buckets": 1024, "Original Hash Buckets": 1024, "Hash Batches": 1, "Original Hash Batches": 1, "Peak Memory Usage": 9, "Plans": [{"Node Type": "Seq Scan", "Parent Relationship": "Outer", "Parallel Aware": false, "Relation Name": "nation", "Schema": "public", "Alias": "n1", "Startup Cost": 0.0, "Total Cost": 17.65, "Plan Rows": 5, "Plan Width": 33, "Actual Startup Time": 0.014, "Actual Total Time": 0.018, "Actual Rows": 2, "Actual Loops": 1, "Output": ["n1.n_name", "n1.n_nationkey"], "Filter": "(((n1.n_name)::text = 'ALGERIA'::text) OR ((n1.n_name)::text = 'SAUDI ARABIA'::text))", "Rows Removed by Filter": 23}]}]}]}]}]}]}, "Planning Time": 1.306, "Triggers": [], "Execution Time": 8919.135}]
q2#####[{"Plan": {"Node Type": "Sort", "Parallel Aware": false, "Startup Cost": 3218449.44, "Total Cost": 3232981.19, "Plan Rows": 5812700, "Plan Width": 205, "Actual Startup Time": 7376.084, "Actual Total Time": 7397.669, "Actual Rows": 38937, "Actual Loops": 1, "Output": ["customer.c_custkey", "customer.c_name", "(sum((lineitem.l_extendedprice * ('1'::numeric - lineitem.l_discount))))", "customer.c_acctbal", "nation.n_name", "customer.c_address", "customer.c_phone", "customer.c_comment"], "Sort Key": ["(sum((lineitem.l_extendedprice * ('1'::numeric - lineitem.l_discount)))) DESC"], "Sort Method": "external merge", "Sort Space Used": 6584, "Sort Space Type": "Disk", "Plans": [{"Node Type": "Aggregate", "Strategy": "Sorted", "Partial Mode": "Simple", "Parent Relationship": "Outer", "Parallel Aware": false, "Startup Cost": 278842.23, "Total Cost": 836881.01, "Plan Rows": 5812700, "Plan Width": 205, "Actual Startup Time": 6937.367, "Actual Total Time": 7314.703, "Actual Rows": 38937, "Actual Loops": 1, "Output": ["customer.c_custkey", "customer.c_name", "sum((lineitem.l_extendedprice * ('1'::numeric - lineitem.l_discount)))", "customer.c_acctbal", "nation.n_name", "customer.c_address", "customer.c_phone", "customer.c_comment"], "Group Key": ["customer.c_custkey", "customer.c_name", "customer.c_acctbal", "customer.c_phone", "nation.n_name", "customer.c_address", "customer.c_comment"], "Plans": [{"Node Type": "Incremental Sort", "Parent Relationship": "Outer", "Parallel Aware": false, "Startup Cost": 278842.23, "Total Cost": 618904.76, "Plan Rows": 5812700, "Plan Width": 185, "Actual Startup Time": 6937.302, "Actual Total Time": 7210.755, "Actual Rows": 115038, "Actual Loops": 1, "Output": ["customer.c_custkey", "customer.c_name", "customer.c_acctbal", "nation.n_name", "customer.c_address", "customer.c_phone", "customer.c_comment", "lineitem.l_extendedprice", "lineitem.l_discount"], "Sort Key": ["customer.c_custkey", "customer.c_name", "customer.c_acctbal", "customer.c_phone", "nation.n_name", "customer.c_address", "customer.c_comment"], "Presorted Key": ["customer.c_custkey"], "Full-sort Groups": {"Group Count": 3422, "Sort Methods Used": ["quicksort"], "Sort Space Memory": {"Average Sort Space Used": 33, "Peak Sort Space Used": 33}}, "Plans": [{"Node Type": "Merge Join", "Parent Relationship": "Outer", "Parallel Aware": false, "Join Type": "Inner", "Startup Cost": 278840.52, "Total Cost": 280462.42, "Plan Rows": 5812700, "Plan Width": 185, "Actual Startup Time": 6937.148, "Actual Total Time": 7116.964, "Actual Rows": 115038, "Actual Loops": 1, "Output": ["customer.c_custkey", "customer.c_name", "customer.c_acctbal", "nation.n_name", "customer.c_address", "customer.c_phone", "customer.c_comment", "lineitem.l_extendedprice", "lineitem.l_discount"], "Inner Unique": false, "Merge Cond": "(customer.c_custkey = orders.o_custkey)", "Plans": [{"Node Type": "Sort", "Parent Relationship": "Outer", "Parallel Aware": false, "Startup Cost": 31219.95, "Total Cost": 31594.95, "Plan Rows": 150000, "Plan Width": 173, "Actual Startup Time": 798.151, "Actual Total Time": 884.886, "Actual Rows": 150000, "Actual Loops": 1, "Output": ["customer.c_custkey", "customer.c_name", "customer.c_acctbal", "customer.c_address", "customer.c_phone", "customer.c_comment", "nation.n_name"], "Sort Key": ["customer.c_custkey"], "Sort Method": "external merge", "Sort Space Used": 24056, "Sort Space Type": "Disk", "Plans": [{"Node Type": "Hash Join", "Parent Relationship": "Outer", "Parallel Aware": false, "Join Type": "Inner", "Startup Cost": 21.48, "Total Cost": 5503.5, "Plan Rows": 150000, "Plan Width": 173, "Actual Startup Time": 0.12, "Actual Total Time": 115.071, "Actual Rows": 150000, "Actual Loops": 1, "Output": ["customer.c_custkey", "customer.c_name", "customer.c_acctbal", "customer.c_address", "customer.c_phone", "customer.c_comment", "nation.n_name"], "Inner Unique": true, "Hash Cond": "(customer.c_nationkey = nation.n_nationkey)", "Plans": [{"Node Type": "Seq Scan", "Parent Relationship": "Outer", "Parallel Aware": false, "Relation Name": "customer", "Schema": "public", "Alias": "customer", "Startup Cost": 0.0, "Total Cost": 5085.0, "Plan Rows": 150000, "Plan Width": 148, "Actual Startup Time": 0.029, "Actual Total Time": 20.962, "Actual Rows": 150000, "Actual Loops": 1, "Output": ["customer.c_custkey", "customer.c_name", "customer.c_address", "customer.c_nationkey", "customer.c_phone", "customer.c_acctbal", "customer.c_mktsegment", "customer.c_comment"]}, {"Node Type": "Hash", "Parent Relationship": "Inner", "Parallel Aware": false, "Startup Cost": 15.1, "Total Cost": 15.1, "Plan Rows": 510, "Plan Width": 33, "Actual Startup Time": 0.022, "Actual Total Time": 0.028, "Actual Rows": 25, "Actual Loops": 1, "Output": ["nation.n_name", "nation.n_nationkey"], "Hash Buckets": 1024, "Original Hash Buckets": 1024, "Hash Batches": 1, "Original Hash Batches": 1, "Peak Memory Usage": 10, "Plans": [{"Node Type": "Seq Scan", "Parent Relationship": "Outer", "Parallel Aware": false, "Relation Name": "nation", "Schema": "public", "Alias": "nation", "Startup Cost": 0.0, "Total Cost": 15.1, "Plan Rows": 510, "Plan Width": 33, "Actual Startup Time": 0.008, "Actual Total Time": 0.01, "Actual Rows": 25, "Actual Loops": 1, "Output": ["nation.n_name", "nation.n_nationkey"]}]}]}]}, {"Node Type": "Sort", "Parent Relationship": "Inner", "Parallel Aware": false, "Startup Cost": 247620.57, "Total Cost": 247765.89, "Plan Rows": 58127, "Plan Width": 16, "Actual Startup Time": 6138.888, "Actual Total Time": 6164.366, "Actual Rows": 115038, "Actual Loops": 1, "Output": ["orders.o_custkey", "lineitem.l_extendedprice", "lineitem.l_discount"], "Sort Key": ["orders.o_custkey"], "Sort Method": "external sort", "Sort Space Used": 3552, "Sort Space Type": "Disk", "Plans": [{"Node Type": "Hash Join", "Parent Relationship": "Outer", "Parallel Aware": false, "Join Type": "Inner", "Startup Cost": 49316.66, "Total Cost": 243020.71, "Plan Rows": 58127, "Plan Width": 16, "Actual Startup Time": 1625.623, "Actual Total Time": 5973.869, "Actual Rows": 115038, "Actual Loops": 1, "Output": ["orders.o_custkey", "lineitem.l_extendedprice", "lineitem.l_discount"], "Inner Unique": false, "Hash Cond": "(lineitem.l_orderkey = orders.o_orderkey)", "Plans": [{"Node Type": "Seq Scan", "Parent Relationship": "Outer", "Parallel Aware": false, "Relation Name": "lineitem", "Schema": "public", "Alias": "lineitem", "Startup Cost": 0.0, "Total Cost": 187482.86, "Plan Rows": 1503978, "Plan Width": 16, "Actual Startup Time": 0.031, "Actual Total Time": 3789.917, "Actual Rows": 1479175, "Actual Loops": 1, "Output": ["lineitem.l_orderkey", "lineitem.l_partkey", "lineitem.l_suppkey", "lineitem.l_linenumber", "lineitem.l_quantity", "lineitem.l_extendedprice", "lineitem.l_discount", "lineitem.l_tax", "lineitem.l_returnflag", "lineitem.l_linestatus", "lineitem.l_shipdate", "lineitem.l_commitdate", "lineitem.l_receiptdate", "lineitem.l_shipinstruct", "lineitem.l_shipmode", "lineitem.l_comment"], "Filter": "(lineitem.l_returnflag = 'R'::bpchar)", "Rows Removed by Filter": 4520828}, {"Node Type": "Hash", "Parent Relationship": "Inner", "Parallel Aware": false, "Startup Cost": 48592.0, "Total Cost": 48592.0, "Plan Rows": 57973, "Plan Width": 8, "Actual Startup Time": 1623.539, "Actual Total Time": 1623.54, "Actual Rows": 57425, "Actual Loops": 1, "Output": ["orders.o_custkey", "orders.o_orderkey"], "Hash Buckets": 65536, "Original Hash Buckets": 65536, "Hash Batches": 1, "Original Hash Batches": 1, "Peak Memory Usage": 2756, "Plans": [{"Node Type": "Seq Scan", "Parent Relationship": "Outer", "Parallel Aware": false, "Relation Name": "orders", "Schema": "public", "Alias": "orders", "Startup Cost": 0.0, "Total Cost": 48592.0, "Plan Rows": 57973, "Plan Width": 8, "Actual Startup Time": 0.012, "Actual Total Time": 1550.004, "Actual Rows": 57425, "Actual Loops": 1, "Output": ["orders.o_custkey", "orders.o_orderkey"], "Filter": "((orders.o_orderdate >= '1993-06-05'::date) AND (orders.o_orderdate < '1993-09-05 00:00:00'::timestamp without time zone))", "Rows Removed by Filter": 1442575}]}]}]}]}]}]}]}, "Planning Time": 10.903, "Triggers": [], "Execution Time": 7431.443}]
q3#####[{"Plan": {"Node Type": "Aggregate", "Strategy": "Sorted", "Partial Mode": "Simple", "Parallel Aware": false, "Startup Cost": 262533.93, "Total Cost": 262537.04, "Plan Rows": 89, "Plan Width": 98, "Actual Startup Time": 9511.509, "Actual Total Time": 9517.378, "Actual Rows": 4, "Actual Loops": 1, "Output": ["n1.n_name", "n2.n_name", "(date_part('year'::text, (lineitem.l_shipdate)::timestamp without time zone))", "sum((lineitem.l_extendedprice * ('1'::numeric - lineitem.l_discount)))"], "Group Key": ["n1.n_name", "n2.n_name", "(date_part('year'::text, (lineitem.l_shipdate)::timestamp without time zone))"], "Plans": [{"Node Type": "Sort", "Parent Relationship": "Outer", "Parallel Aware": false, "Startup Cost": 262533.93, "Total Cost": 262534.15, "Plan Rows": 89, "Plan Width": 78, "Actual Startup Time": 9511.075, "Actual Total Time": 9511.555, "Actual Rows": 6014, "Actual Loops": 1, "Output": ["n1.n_name", "n2.n_name", "(date_part('year'::text, (lineitem.l_shipdate)::timestamp without time zone))", "lineitem.l_extendedprice", "lineitem.l_discount"], "Sort Key": ["n1.n_name", "n2.n_name", "(date_part('year'::text, (lineitem.l_shipdate)::timestamp without time zone))"], "Sort Method": "quicksort", "Sort Space Used": 662, "Sort Space Type": "Memory", "Plans": [{"Node Type": "Hash Join", "Parent Relationship": "Outer", "Parallel Aware": false, "Join Type": "Inner", "Startup Cost": 52933.46, "Total Cost": 262531.05, "Plan Rows": 89, "Plan Width": 78, "Actual Startup Time": 2332.074, "Actual Total Time": 9493.318, "Actual Rows": 6014, "Actual Loops": 1, "Output": ["n1.n_name", "n2.n_name", "date_part('year'::text, (lineitem.l_shipdate)::timestamp without time zone)", "lineitem.l_extendedprice", "lineitem.l_discount"], "Inner Unique": false, "Hash Cond": "(lineitem.l_suppkey = supplier.s_suppkey)", "Join Filter": "((((n1.n_name)::text = 'ALGERIA'::text) AND ((n2.n_name)::text = 'EGYPT'::text)) OR (((n1.n_name)::text = 'EGYPT'::text) AND ((n2.n_name)::text = 'ALGERIA'::text)))", "Rows Removed by Join Filter": 6077, "Plans": [{"Node Type": "Hash Join", "Parent Relationship": "Outer", "Parallel Aware": false, "Join Type": "Inner", "Startup Cost": 52566.05, "Total Cost": 262156.04, "Plan Rows": 1810, "Plan Width": 49, "Actual Startup Time": 2316.735, "Actual Total Time": 9402.592, "Actual Rows": 144353, "Actual Loops": 1, "Output": ["lineitem.l_shipdate", "lineitem.l_extendedprice", "lineitem.l_discount", "lineitem.l_suppkey", "n2.n_name"], "Inner Unique": false, "Hash Cond": "(lineitem.l_orderkey = orders.o_orderkey)", "Plans": [{"Node Type": "Seq Scan", "Parent Relationship": "Outer", "Parallel Aware": false, "Relation Name": "lineitem", "Schema": "public", "Alias": "lineitem", "Startup Cost": 0.0, "Total Cost": 202484.64, "Plan Rows": 1846489, "Plan Width": 24, "Actual Startup Time": 2.812, "Actual Total Time": 4253.45, "Actual Rows": 1827668, "Actual Loops": 1, "Output": ["lineitem.l_orderkey", "lineitem.l_partkey", "lineitem.l_suppkey", "lineitem.l_linenumber", "lineitem.l_quantity", "lineitem.l_extendedprice", "lineitem.l_discount", "lineitem.l_tax", "lineitem.l_returnflag", "lineitem.l_linestatus", "lineitem.l_shipdate", "lineitem.l_commitdate", "lineitem.l_receiptdate", "lineitem.l_shipinstruct", "lineitem.l_shipmode", "lineitem.l_comment"], "Filter": "((lineitem.l_shipdate >= '1995-01-01'::date) AND (lineitem.l_shipdate <= '1996-12-31'::date))", "Rows Removed by Filter": 4172335}, {"Node Type": "Hash", "Parent Relationship": "Inner", "Parallel Aware": false, "Startup Cost": 52382.22, "Total Cost": 52382.22, "Plan Rows": 14706, "Plan Width": 33, "Actual Startup Time": 2307.017, "Actual Total Time": 2307.083, "Actual Rows": 118964, "Actual Loops": 1, "Output": ["orders.o_orderkey", "n2.n_name"], "Hash Buckets": 131072, "Original Hash Buckets": 16384, "Hash Batches": 2, "Original Hash Batches": 1, "Peak Memory Usage": 3525, "Plans": [{"Node Type": "Hash Join", "Parent Relationship": "Outer", "Parallel Aware": false, "Join Type": "Inner", "Startup Cost": 5518.12, "Total Cost": 52382.22, "Plan Rows": 14706, "Plan Width": 33, "Actual Startup Time": 144.85, "Actual Total Time": 2172.805, "Actual Rows": 118964, "Actual Loops": 1, "Output": ["orders.o_orderkey", "n2.n_name"], "Inner Unique": false, "Hash Cond": "(orders.o_custkey = customer.c_custkey)", "Plans": [{"Node Type": "Seq Scan", "Parent Relationship": "Outer", "Parallel Aware": false, "Relation Name": "orders", "Schema": "public", "Alias": "orders", "Startup Cost": 0.0, "Total Cost": 41092.0, "Plan Rows": 1500000, "Plan Width": 8, "Actual Startup Time": 0.009, "Actual Total Time": 1253.811, "Actual Rows": 1500000, "Actual Loops": 1, "Output": ["orders.o_orderkey", "orders.o_custkey", "orders.o_orderstatus", "orders.o_totalprice", "orders.o_orderdate", "orders.o_orderpriority", "orders.o_clerk", "orders.o_shippriority", "orders.o_comment"]}, {"Node Type": "Hash", "Parent Relationship": "Inner", "Parallel Aware": false, "Startup Cost": 5499.73, "Total Cost": 5499.73, "Plan Rows": 1471, "Plan Width": 33, "Actual Startup Time": 144.815, "Actual Total Time": 144.869, "Actual Rows": 11920, "Actual Loops": 1, "Output": ["customer.c_custkey", "n2.n_name"], "Hash Buckets": 16384, "Original Hash Buckets": 2048, "Hash Batches": 1, "Original Hash Batches": 1, "Peak Memory Usage": 629, "Plans": [{"Node Type": "Hash Join", "Parent Relationship": "Outer", "Parallel Aware": false, "Join Type": "Inner", "Startup Cost": 17.71, "Total Cost": 5499.73, "Plan Rows": 1471, "Plan Width": 33, "Actual Startup Time": 0.051, "Actual Total Time": 138.653, "Actual Rows": 11920, "Actual Loops": 1, "Output": ["customer.c_custkey", "n2.n_name"], "Inner Unique": true, "Hash Cond": "(customer.c_nationkey = n2.n_nationkey)", "Plans": [{"Node Type": "Seq Scan", "Parent Relationship": "Outer", "Parallel Aware": false, "Relation Name": "customer", "Schema": "public", "Alias": "customer", "Startup Cost": 0.0, "Total Cost": 5085.0, "Plan Rows": 150000, "Plan Width": 8, "Actual Startup Time": 0.002, "Actual Total Time": 46.667, "Actual Rows": 150000, "Actual Loops": 1, "Output": ["customer.c_custkey", "customer.c_name", "customer.c_address", "customer.c_nationkey", "customer.c_phone", "customer.c_acctbal", "customer.c_mktsegment", "customer.c_comment"]}, {"Node Type": "Hash", "Parent Relationship": "Inner", "Parallel Aware": false, "Startup Cost": 17.65, "Total Cost": 17.65, "Plan Rows": 5, "Plan Width": 33, "Actual Startup Time": 0.011, "Actual Total Time": 0.029, "Actual Rows": 2, "Actual Loops": 1, "Output": ["n2.n_name", "n2.n_nationkey"], "Hash Buckets": 1024, "Original Hash Buckets": 1024, "Hash Batches": 1, "Original Hash Batches": 1, "Peak Memory Usage": 9, "Plans": [{"Node Type": "Seq Scan", "Parent Relationship": "Outer", "Parallel Aware": false, "Relation Name": "nation", "Schema": "public", "Alias": "n2", "Startup Cost": 0.0, "Total Cost": 17.65, "Plan Rows": 5, "Plan Width": 33, "Actual Startup Time": 0.004, "Actual Total Time": 0.005, "Actual Rows": 2, "Actual Loops": 1, "Output": ["n2.n_name", "n2.n_nationkey"], "Filter": "(((n2.n_name)::text = 'EGYPT'::text) OR ((n2.n_name)::text = 'ALGERIA'::text))", "Rows Removed by Filter": 23}]}]}]}]}]}]}, {"Node Type": "Hash", "Parent Relationship": "Inner", "Parallel Aware": false, "Startup Cost": 366.18, "Total Cost": 366.18, "Plan Rows": 98, "Plan Width": 33, "Actual Startup Time": 8.847, "Actual Total Time": 8.857, "Actual Rows": 835, "Actual Loops": 1, "Output": ["supplier.s_suppkey", "n1.n_name"], "Hash Buckets": 1024, "Original Hash Buckets": 1024, "Hash Batches": 1, "Original Hash Batches": 1, "Peak Memory Usage": 44, "Plans": [{"Node Type": "Hash Join", "Parent Relationship": "Outer", "Parallel Aware": false, "Join Type": "Inner", "Startup Cost": 17.71, "Total Cost": 366.18, "Plan Rows": 98, "Plan Width": 33, "Actual Startup Time": 0.06, "Actual Total Time": 6.122, "Actual Rows": 835, "Actual Loops": 1, "Output": ["supplier.s_suppkey", "n1.n_name"], "Inner Unique": true, "Hash Cond": "(supplier.s_nationkey = n1.n_nationkey)", "Plans": [{"Node Type": "Seq Scan", "Parent Relationship": "Outer", "Parallel Aware": false, "Relation Name": "supplier", "Schema": "public", "Alias": "supplier", "Startup Cost": 0.0, "Total Cost": 322.0, "Plan Rows": 10000, "Plan Width": 8, "Actual Startup Time": 0.011, "Actual Total Time": 1.172, "Actual Rows": 10000, "Actual Loops": 1, "Output": ["supplier.s_suppkey", "supplier.s_name", "supplier.s_address", "supplier.s_nationkey", "supplier.s_phone", "supplier.s_acctbal", "supplier.s_comment"]}, {"Node Type": "Hash", "Parent Relationship": "Inner", "Parallel Aware": false, "Startup Cost": 17.65, "Total Cost": 17.65, "Plan Rows": 5, "Plan Width": 33, "Actual Startup Time": 0.024, "Actual Total Time": 0.025, "Actual Rows": 2, "Actual Loops": 1, "Output": ["n1.n_name", "n1.n_nationkey"], "Hash Buckets": 1024, "Original Hash Buckets": 1024, "Hash Batches": 1, "Original Hash Batches": 1, "Peak Memory Usage": 9, "Plans": [{"Node Type": "Seq Scan", "Parent Relationship": "Outer", "Parallel Aware": false, "Relation Name": "nation", "Schema": "public", "Alias": "n1", "Startup Cost": 0.0, "Total Cost": 17.65, "Plan Rows": 5, "Plan Width": 33, "Actual Startup Time": 0.011, "Actual Total Time": 0.013, "Actual Rows": 2, "Actual Loops": 1, "Output": ["n1.n_name", "n1.n_nationkey"], "Filter": "(((n1.n_name)::text = 'ALGERIA'::text) OR ((n1.n_name)::text = 'EGYPT'::text))", "Rows Removed by Filter": 23}]}]}]}]}]}]}, "Planning Time": 16.625, "Triggers": [], "Execution Time": 9517.968}]
q4#####[{"Plan": {"Node Type": "Sort", "Parallel Aware": false, "Startup Cost": 3162587.22, "Total Cost": 3176852.47, "Plan Rows": 5706100, "Plan Width": 205, "Actual Startup Time": 8706.814, "Actual Total Time": 8721.148, "Actual Rows": 38285, "Actual Loops": 1, "Output": ["customer.c_custkey", "customer.c_name", "(sum((lineitem.l_extendedprice * ('1'::numeric - lineitem.l_discount))))", "customer.c_acctbal", "nation.n_name", "customer.c_address", "customer.c_phone", "customer.c_comment"], "Sort Key": ["(sum((lineitem.l_extendedprice * ('1'::numeric - lineitem.l_discount)))) DESC"], "Sort Method": "external merge", "Sort Space Used": 6472, "Sort Space Type": "Disk", "Plans": [{"Node Type": "Aggregate", "Strategy": "Sorted", "Partial Mode": "Simple", "Parent Relationship": "Outer", "Parallel Aware": false, "Startup Cost": 278726.27, "Total Cost": 825457.08, "Plan Rows": 5706100, "Plan Width": 205, "Actual Startup Time": 8154.987, "Actual Total Time": 8604.053, "Actual Rows": 38285, "Actual Loops": 1, "Output": ["customer.c_custkey", "customer.c_name", "sum((lineitem.l_extendedprice * ('1'::numeric - lineitem.l_discount)))", "customer.c_acctbal", "nation.n_name", "customer.c_address", "customer.c_phone", "customer.c_comment"], "Group Key": ["customer.c_custkey", "customer.c_name", "customer.c_acctbal", "customer.c_phone", "nation.n_name", "customer.c_address", "customer.c_comment"], "Plans": [{"Node Type": "Incremental Sort", "Parent Relationship": "Outer", "Parallel Aware": false, "Startup Cost": 278726.27, "Total Cost": 611478.33, "Plan Rows": 5706100, "Plan Width": 185, "Actual Startup Time": 8154.963, "Actual Total Time": 8466.703, "Actual Rows": 112679, "Actual Loops": 1, "Output": ["customer.c_custkey", "customer.c_name", "customer.c_acctbal", "nation.n_name", "customer.c_address", "customer.c_phone", "customer.c_comment", "lineitem.l_extendedprice", "lineitem.l_discount"], "Sort Key": ["customer.c_custkey", "customer.c_name", "customer.c_acctbal", "customer.c_phone", "nation.n_name", "customer.c_address", "customer.c_comment"], "Presorted Key": ["customer.c_custkey"], "Full-sort Groups": {"Group Count": 3356, "Sort Methods Used": ["quicksort"], "Sort Space Memory": {"Average Sort Space Used": 34, "Peak Sort Space Used": 34}}, "Plans": [{"Node Type": "Merge Join", "Parent Relationship": "Outer", "Parallel Aware": false, "Join Type": "Inner", "Startup Cost": 278724.59, "Total Cost": 280330.51, "Plan Rows": 5706100, "Plan Width": 185, "Actual Startup Time": 8154.812, "Actual Total Time": 8359.998, "Actual Rows": 112679, "Actual Loops": 1, "Output": ["customer.c_custkey", "customer.c_name", "customer.c_acctbal", "nation.n_name", "customer.c_address", "customer.c_phone", "customer.c_comment", "lineitem.l_extendedprice", "lineitem.l_discount"], "Inner Unique": false, "Merge Cond": "(customer.c_custkey = orders.o_custkey)", "Plans": [{"Node Type": "Sort", "Parent Relationship": "Outer", "Parallel Aware": false, "Startup Cost": 31219.95, "Total Cost": 31594.95, "Plan Rows": 150000, "Plan Width": 173, "Actual Startup Time": 574.697, "Actual Total Time": 689.858, "Actual Rows": 149996, "Actual Loops": 1, "Output": ["customer.c_custkey", "customer.c_name", "customer.c_acctbal", "customer.c_address", "customer.c_phone", "customer.c_comment", "nation.n_name"], "Sort Key": ["customer.c_custkey"], "Sort Method": "external merge", "Sort Space Used": 24056, "Sort Space Type": "Disk", "Plans": [{"Node Type": "Hash Join", "Parent Relationship": "Outer", "Parallel Aware": false, "Join Type": "Inner", "Startup Cost": 21.48, "Total Cost": 5503.5, "Plan Rows": 150000, "Plan Width": 173, "Actual Startup Time": 8.47, "Actual Total Time": 155.667, "Actual Rows": 150000, "Actual Loops": 1, "Output": ["customer.c_custkey", "customer.c_name", "customer.c_acctbal", "customer.c_address", "customer.c_phone", "customer.c_comment", "nation.n_name"], "Inner Unique": true, "Hash Cond": "(customer.c_nationkey = nation.n_nationkey)", "Plans": [{"Node Type": "Seq Scan", "Parent Relationship": "Outer", "Parallel Aware": false, "Relation Name": "customer", "Schema": "public", "Alias": "customer", "Startup Cost": 0.0, "Total Cost": 5085.0, "Plan Rows": 150000, "Plan Width": 148, "Actual Startup Time": 0.293, "Actual Total Time": 60.404, "Actual Rows": 150000, "Actual Loops": 1, "Output": ["customer.c_custkey", "customer.c_name", "customer.c_address", "customer.c_nationkey", "customer.c_phone", "customer.c_acctbal", "customer.c_mktsegment", "customer.c_comment"]}, {"Node Type": "Hash", "Parent Relationship": "Inner", "Parallel Aware": false, "Startup Cost": 15.1, "Total Cost": 15.1, "Plan Rows": 510, "Plan Width": 33, "Actual Startup Time": 1.509, "Actual Total Time": 1.52, "Actual Rows": 25, "Actual Loops": 1, "Output": ["nation.n_name", "nation.n_nationkey"], "Hash Buckets": 1024, "Original Hash Buckets": 1024, "Hash Batches": 1, "Original Hash Batches": 1, "Peak Memory Usage": 10, "Plans": [{"Node Type": "Seq Scan", "Parent Relationship": "Outer", "Parallel Aware": false, "Relation Name": "nation", "Schema": "public", "Alias": "nation", "Startup Cost": 0.0, "Total Cost": 15.1, "Plan Rows": 510, "Plan Width": 33, "Actual Startup Time": 0.154, "Actual Total Time": 0.162, "Actual Rows": 25, "Actual Loops": 1, "Output": ["nation.n_name", "nation.n_nationkey"]}]}]}]}, {"Node Type": "Sort", "Parent Relationship": "Inner", "Parallel Aware": false, "Startup Cost": 247504.65, "Total Cost": 247647.3, "Plan Rows": 57061, "Plan Width": 16, "Actual Startup Time": 7580.07, "Actual Total Time": 7606.754, "Actual Rows": 112679, "Actual Loops": 1, "Output": ["orders.o_custkey", "lineitem.l_extendedprice", "lineitem.l_discount"], "Sort Key": ["orders.o_custkey"], "Sort Method": "external sort", "Sort Space Used": 3472, "Sort Space Type": "Disk", "Plans": [{"Node Type": "Hash Join", "Parent Relationship": "Outer", "Parallel Aware": false, "Join Type": "Inner", "Startup Cost": 49303.38, "Total Cost": 242996.76, "Plan Rows": 57061, "Plan Width": 16, "Actual Startup Time": 722.903, "Actual Total Time": 7342.876, "Actual Rows": 112679, "Actual Loops": 1, "Output": ["orders.o_custkey", "lineitem.l_extendedprice", "lineitem.l_discount"], "Inner Unique": false, "Hash Cond": "(lineitem.l_orderkey = orders.o_orderkey)", "Plans": [{"Node Type": "Seq Scan", "Parent Relationship": "Outer", "Parallel Aware": false, "Relation Name": "lineitem", "Schema": "public", "Alias": "lineitem", "Startup Cost": 0.0, "Total Cost": 187482.86, "Plan Rows": 1503978, "Plan Width": 16, "Actual Startup Time": 0.026, "Actual Total Time": 5778.531, "Actual Rows": 1479175, "Actual Loops": 1, "Output": ["lineitem.l_orderkey", "lineitem.l_partkey", "lineitem.l_suppkey", "lineitem.l_linenumber", "lineitem.l_quantity", "lineitem.l_extendedprice", "lineitem.l_discount", "lineitem.l_tax", "lineitem.l_returnflag", "lineitem.l_linestatus", "lineitem.l_shipdate", "lineitem.l_commitdate", "lineitem.l_receiptdate", "lineitem.l_shipinstruct", "lineitem.l_shipmode", "lineitem.l_comment"], "Filter": "(lineitem.l_returnflag = 'R'::bpchar)", "Rows Removed by Filter": 4520828}, {"Node Type": "Hash", "Parent Relationship": "Inner", "Parallel Aware": false, "Startup Cost": 48592.0, "Total Cost": 48592.0, "Plan Rows": 56910, "Plan Width": 8, "Actual Startup Time": 722.33, "Actual Total Time": 722.331, "Actual Rows": 56434, "Actual Loops": 1, "Output": ["orders.o_custkey", "orders.o_orderkey"], "Hash Buckets": 65536, "Original Hash Buckets": 65536, "Hash Batches": 1, "Original Hash Batches": 1, "Peak Memory Usage": 2717, "Plans": [{"Node Type": "Seq Scan", "Parent Relationship": "Outer", "Parallel Aware": false, "Relation Name": "orders", "Schema": "public", "Alias": "orders", "Startup Cost": 0.0, "Total Cost": 48592.0, "Plan Rows": 56910, "Plan Width": 8, "Actual Startup Time": 0.014, "Actual Total Time": 652.283, "Actual Rows": 56434, "Actual Loops": 1, "Output": ["orders.o_custkey", "orders.o_orderkey"], "Filter": "((orders.o_orderdate >= '1993-04-01'::date) AND (orders.o_orderdate < '1993-07-01 00:00:00'::timestamp without time zone))", "Rows Removed by Filter": 1443566}]}]}]}]}]}]}]}, "Planning Time": 5.546, "Triggers": [], "Execution Time": 8743.294}]
q5#####[{"Plan": {"Node Type": "Sort", "Parallel Aware": false, "Startup Cost": 3141058.79, "Total Cost": 3155221.29, "Plan Rows": 5665000, "Plan Width": 205, "Actual Startup Time": 7840.907, "Actual Total Time": 7860.844, "Actual Rows": 38869, "Actual Loops": 1, "Output": ["customer.c_custkey", "customer.c_name", "(sum((lineitem.l_extendedprice * ('1'::numeric - lineitem.l_discount))))", "customer.c_acctbal", "nation.n_name", "customer.c_address", "customer.c_phone", "customer.c_comment"], "Sort Key": ["(sum((lineitem.l_extendedprice * ('1'::numeric - lineitem.l_discount)))) DESC"], "Sort Method": "external merge", "Sort Space Used": 6568, "Sort Space Type": "Disk", "Plans": [{"Node Type": "Aggregate", "Strategy": "Sorted", "Partial Mode": "Simple", "Parent Relationship": "Outer", "Parallel Aware": false, "Startup Cost": 278681.6, "Total Cost": 821058.31, "Plan Rows": 5665000, "Plan Width": 205, "Actual Startup Time": 6866.793, "Actual Total Time": 7667.589, "Actual Rows": 38869, "Actual Loops": 1, "Output": ["customer.c_custkey", "customer.c_name", "sum((lineitem.l_extendedprice * ('1'::numeric - lineitem.l_discount)))", "customer.c_acctbal", "nation.n_name", "customer.c_address", "customer.c_phone", "customer.c_comment"], "Group Key": ["customer.c_custkey", "customer.c_name", "customer.c_acctbal", "customer.c_phone", "nation.n_name", "customer.c_address", "customer.c_comment"], "Plans": [{"Node Type": "Incremental Sort", "Parent Relationship": "Outer", "Parallel Aware": false, "Startup Cost": 278681.6, "Total Cost": 608620.81, "Plan Rows": 5665000, "Plan Width": 185, "Actual Startup Time": 6866.718, "Actual Total Time": 7443.611, "Actual Rows": 114475, "Actual Loops": 1, "Output": ["customer.c_custkey", "customer.c_name", "customer.c_acctbal", "nation.n_name", "customer.c_address", "customer.c_phone", "customer.c_comment", "lineitem.l_extendedprice", "lineitem.l_discount"], "Sort Key": ["customer.c_custkey", "customer.c_name", "customer.c_acctbal", "customer.c_phone", "nation.n_name", "customer.c_address", "customer.c_comment"], "Presorted Key": ["customer.c_custkey"], "Full-sort Groups": {"Group Count": 3412, "Sort Methods Used": ["quicksort"], "Sort Space Memory": {"Average Sort Space Used": 33, "Peak Sort Space Used": 33}}, "Plans": [{"Node Type": "Merge Join", "Parent Relationship": "Outer", "Parallel Aware": false, "Join Type": "Inner", "Startup Cost": 278679.94, "Total Cost": 280279.69, "Plan Rows": 5665000, "Plan Width": 185, "Actual Startup Time": 6866.524, "Actual Total Time": 7293.956, "Actual Rows": 114475, "Actual Loops": 1, "Output": ["customer.c_custkey", "customer.c_name", "customer.c_acctbal", "nation.n_name", "customer.c_address", "customer.c_phone", "customer.c_comment", "lineitem.l_extendedprice", "lineitem.l_discount"], "Inner Unique": false, "Merge Cond": "(customer.c_custkey = orders.o_custkey)", "Plans": [{"Node Type": "Sort", "Parent Relationship": "Outer", "Parallel Aware": false, "Startup Cost": 31219.95, "Total Cost": 31594.95, "Plan Rows": 150000, "Plan Width": 173, "Actual Startup Time": 783.587, "Actual Total Time": 1069.717, "Actual Rows": 149999, "Actual Loops": 1, "Output": ["customer.c_custkey", "customer.c_name", "customer.c_acctbal", "customer.c_address", "customer.c_phone", "customer.c_comment", "nation.n_name"], "Sort Key": ["customer.c_custkey"], "Sort Method": "external merge", "Sort Space Used": 24056, "Sort Space Type": "Disk", "Plans": [{"Node Type": "Hash Join", "Parent Relationship": "Outer", "Parallel Aware": false, "Join Type": "Inner", "Startup Cost": 21.48, "Total Cost": 5503.5, "Plan Rows": 150000, "Plan Width": 173, "Actual Startup Time": 0.353, "Actual Total Time": 396.076, "Actual Rows": 150000, "Actual Loops": 1, "Output": ["customer.c_custkey", "customer.c_name", "customer.c_acctbal", "customer.c_address", "customer.c_phone", "customer.c_comment", "nation.n_name"], "Inner Unique": true, "Hash Cond": "(customer.c_nationkey = nation.n_nationkey)", "Plans": [{"Node Type": "Seq Scan", "Parent Relationship": "Outer", "Parallel Aware": false, "Relation Name": "customer", "Schema": "public", "Alias": "customer", "Startup Cost": 0.0, "Total Cost": 5085.0, "Plan Rows": 150000, "Plan Width": 148, "Actual Startup Time": 0.264, "Actual Total Time": 37.917, "Actual Rows": 150000, "Actual Loops": 1, "Output": ["customer.c_custkey", "customer.c_name", "customer.c_address", "customer.c_nationkey", "customer.c_phone", "customer.c_acctbal", "customer.c_mktsegment", "customer.c_comment"]}, {"Node Type": "Hash", "Parent Relationship": "Inner", "Parallel Aware": false, "Startup Cost": 15.1, "Total Cost": 15.1, "Plan Rows": 510, "Plan Width": 33, "Actual Startup Time": 0.036, "Actual Total Time": 0.037, "Actual Rows": 25, "Actual Loops": 1, "Output": ["nation.n_name", "nation.n_nationkey"], "Hash Buckets": 1024, "Original Hash Buckets": 1024, "Hash Batches": 1, "Original Hash Batches": 1, "Peak Memory Usage": 10, "Plans": [{"Node Type": "Seq Scan", "Parent Relationship": "Outer", "Parallel Aware": false, "Relation Name": "nation", "Schema": "public", "Alias": "nation", "Startup Cost": 0.0, "Total Cost": 15.1, "Plan Rows": 510, "Plan Width": 33, "Actual Startup Time": 0.022, "Actual Total Time": 0.024, "Actual Rows": 25, "Actual Loops": 1, "Output": ["nation.n_name", "nation.n_nationkey"]}]}]}]}, {"Node Type": "Sort", "Parent Relationship": "Inner", "Parallel Aware": false, "Startup Cost": 247459.99, "Total Cost": 247601.61, "Plan Rows": 56650, "Plan Width": 16, "Actual Startup Time": 6082.829, "Actual Total Time": 6155.145, "Actual Rows": 114475, "Actual Loops": 1, "Output": ["orders.o_custkey", "lineitem.l_extendedprice", "lineitem.l_discount"], "Sort Key": ["orders.o_custkey"], "Sort Method": "external sort", "Sort Space Used": 3528, "Sort Space Type": "Disk", "Plans": [{"Node Type": "Hash Join", "Parent Relationship": "Outer", "Parallel Aware": false, "Join Type": "Inner", "Startup Cost": 49298.25, "Total Cost": 242987.53, "Plan Rows": 56650, "Plan Width": 16, "Actual Startup Time": 1133.141, "Actual Total Time": 5810.533, "Actual Rows": 114475, "Actual Loops": 1, "Output": ["orders.o_custkey", "lineitem.l_extendedprice", "lineitem.l_discount"], "Inner Unique": false, "Hash Cond": "(lineitem.l_orderkey = orders.o_orderkey)", "Plans": [{"Node Type": "Seq Scan", "Parent Relationship": "Outer", "Parallel Aware": false, "Relation Name": "lineitem", "Schema": "public", "Alias": "lineitem", "Startup Cost": 0.0, "Total Cost": 187482.86, "Plan Rows": 1503978, "Plan Width": 16, "Actual Startup Time": 0.069, "Actual Total Time": 3951.616, "Actual Rows": 1479175, "Actual Loops": 1, "Output": ["lineitem.l_orderkey", "lineitem.l_partkey", "lineitem.l_suppkey", "lineitem.l_linenumber", "lineitem.l_quantity", "lineitem.l_extendedprice", "lineitem.l_discount", "lineitem.l_tax", "lineitem.l_returnflag", "lineitem.l_linestatus", "lineitem.l_shipdate", "lineitem.l_commitdate", "lineitem.l_receiptdate", "lineitem.l_shipinstruct", "lineitem.l_shipmode", "lineitem.l_comment"], "Filter": "(lineitem.l_returnflag = 'R'::bpchar)", "Rows Removed by Filter": 4520828}, {"Node Type": "Hash", "Parent Relationship": "Inner", "Parallel Aware": false, "Startup Cost": 48592.0, "Total Cost": 48592.0, "Plan Rows": 56500, "Plan Width": 8, "Actual Startup Time": 1107.23, "Actual Total Time": 1107.234, "Actual Rows": 57207, "Actual Loops": 1, "Output": ["orders.o_custkey", "orders.o_orderkey"], "Hash Buckets": 65536, "Original Hash Buckets": 65536, "Hash Batches": 1, "Original Hash Batches": 1, "Peak Memory Usage": 2747, "Plans": [{"Node Type": "Seq Scan", "Parent Relationship": "Outer", "Parallel Aware": false, "Relation Name": "orders", "Schema": "public", "Alias": "orders", "Startup Cost": 0.0, "Total Cost": 48592.0, "Plan Rows": 56500, "Plan Width": 8, "Actual Startup Time": 0.02, "Actual Total Time": 971.988, "Actual Rows": 57207, "Actual Loops": 1, "Output": ["orders.o_custkey", "orders.o_orderkey"], "Filter": "((orders.o_orderdate >= '1994-10-05'::date) AND (orders.o_orderdate < '1995-01-05 00:00:00'::timestamp without time zone))", "Rows Removed by Filter": 1442793}]}]}]}]}]}]}]}, "Planning Time": 8.068, "Triggers": [], "Execution Time": 7884.787}]
q6#####[{"Plan": {"Node Type": "Sort", "Parallel Aware": false, "Startup Cost": 250607.38, "Total Cost": 250607.88, "Plan Rows": 200, "Plan Width": 61, "Actual Startup Time": 5747.989, "Actual Total Time": 5748.128, "Actual Rows": 5, "Actual Loops": 1, "Output": ["nation.n_name", "(sum((lineitem.l_extendedprice * ('1'::numeric - lineitem.l_discount))))"], "Sort Key": ["(sum((lineitem.l_extendedprice * ('1'::numeric - lineitem.l_discount)))) DESC"], "Sort Method": "quicksort", "Sort Space Used": 25, "Sort Space Type": "Memory", "Plans": [{"Node Type": "Aggregate", "Strategy": "Sorted", "Partial Mode": "Simple", "Parent Relationship": "Outer", "Parallel Aware": false, "Startup Cost": 250594.64, "Total Cost": 250599.74, "Plan Rows": 200, "Plan Width": 61, "Actual Startup Time": 5738.197, "Actual Total Time": 5748.004, "Actual Rows": 5, "Actual Loops": 1, "Output": ["nation.n_name", "sum((lineitem.l_extendedprice * ('1'::numeric - lineitem.l_discount)))"], "Group Key": ["nation.n_name"], "Plans": [{"Node Type": "Sort", "Parent Relationship": "Outer", "Parallel Aware": false, "Startup Cost": 250594.64, "Total Cost": 250595.16, "Plan Rows": 208, "Plan Width": 41, "Actual Startup Time": 5733.019, "Actual Total Time": 5734.088, "Actual Rows": 7388, "Actual Loops": 1, "Output": ["nation.n_name", "lineitem.l_extendedprice", "lineitem.l_discount"], "Sort Key": ["nation.n_name"], "Sort Method": "quicksort", "Sort Space Used": 770, "Sort Space Type": "Memory", "Plans": [{"Node Type": "Hash Join", "Parent Relationship": "Outer", "Parallel Aware": false, "Join Type": "Inner", "Startup Cost": 55509.7, "Total Cost": 250586.63, "Plan Rows": 208, "Plan Width": 41, "Actual Startup Time": 2159.017, "Actual Total Time": 5701.419, "Actual Rows": 7388, "Actual Loops": 1, "Output": ["nation.n_name", "lineitem.l_extendedprice", "lineitem.l_discount"], "Inner Unique": false, "Hash Cond": "((lineitem.l_suppkey = supplier.s_suppkey) AND (customer.c_nationkey = supplier.s_nationkey))", "Plans": [{"Node Type": "Hash Join", "Parent Relationship": "Outer", "Parallel Aware": false, "Join Type": "Inner", "Startup Cost": 55037.7, "Total Cost": 250073.5, "Plan Rows": 5206, "Plan Width": 53, "Actual Startup Time": 2086.701, "Actual Total Time": 5559.628, "Actual Rows": 184361, "Actual Loops": 1, "Output": ["customer.c_nationkey", "lineitem.l_extendedprice", "lineitem.l_discount", "lineitem.l_suppkey", "nation.n_name", "nation.n_nationkey"], "Inner Unique": false, "Hash Cond": "(lineitem.l_orderkey = orders.o_orderkey)", "Plans": [{"Node Type": "Seq Scan", "Parent Relationship": "Outer", "Parallel Aware": false, "Relation Name": "lineitem", "Schema": "public", "Alias": "lineitem", "Startup Cost": 0.0, "Total Cost": 172481.09, "Plan Rows": 6000709, "Plan Width": 20, "Actual Startup Time": 0.04, "Actual Total Time": 2235.475, "Actual Rows": 6000003, "Actual Loops": 1, "Output": ["lineitem.l_orderkey", "lineitem.l_partkey", "lineitem.l_suppkey", "lineitem.l_linenumber", "lineitem.l_quantity", "lineitem.l_extendedprice", "lineitem.l_discount", "lineitem.l_tax", "lineitem.l_returnflag", "lineitem.l_linestatus", "lineitem.l_shipdate", "lineitem.l_commitdate", "lineitem.l_receiptdate", "lineitem.l_shipinstruct", "lineitem.l_shipmode", "lineitem.l_comment"]}, {"Node Type": "Hash", "Parent Relationship": "Inner", "Parallel Aware": false, "Startup Cost": 55021.44, "Total Cost": 55021.44, "Plan Rows": 1301, "Plan Width": 41, "Actual Startup Time": 2086.466, "Actual Total Time": 2086.594, "Actual Rows": 46097, "Actual Loops": 1, "Output": ["customer.c_nationkey", "orders.o_orderkey", "nation.n_name", "nation.n_nationkey"], "Hash Buckets": 65536, "Original Hash Buckets": 2048, "Hash Batches": 1, "Original Hash Batches": 1, "Peak Memory Usage": 2924, "Plans": [{"Node Type": "Hash Join", "Parent Relationship": "Outer", "Parallel Aware": false, "Join Type": "Inner", "Startup Cost": 5570.54, "Total Cost": 55021.44, "Plan Rows": 1301, "Plan Width": 41, "Actual Startup Time": 169.837, "Actual Total Time": 2050.587, "Actual Rows": 46097, "Actual Loops": 1, "Output": ["customer.c_nationkey", "orders.o_orderkey", "nation.n_name", "nation.n_nationkey"], "Inner Unique": false, "Hash Cond": "(orders.o_custkey = customer.c_custkey)", "Plans": [{"Node Type": "Seq Scan", "Parent Relationship": "Outer", "Parallel Aware": false, "Relation Name": "orders", "Schema": "public", "Alias": "orders", "Startup Cost": 0.0, "Total Cost": 48592.0, "Plan Rows": 225570, "Plan Width": 8, "Actual Startup Time": 0.019, "Actual Total Time": 1662.329, "Actual Rows": 228464, "Actual Loops": 1, "Output": ["orders.o_orderkey", "orders.o_custkey", "orders.o_orderstatus", "orders.o_totalprice", "orders.o_orderdate", "orders.o_orderpriority", "orders.o_clerk", "orders.o_shippriority", "orders.o_comment"], "Filter": "((orders.o_orderdate >= '1996-01-10'::date) AND (orders.o_orderdate < '1997-01-10 00:00:00'::timestamp without time zone))", "Rows Removed by Filter": 1271536}, {"Node Type": "Hash", "Parent Relationship": "Inner", "Parallel Aware": false, "Startup Cost": 5559.73, "Total Cost": 5559.73, "Plan Rows": 865, "Plan Width": 41, "Actual Startup Time": 169.788, "Actual Total Time": 169.875, "Actual Rows": 30197, "Actual Loops": 1, "Output": ["customer.c_custkey", "customer.c_nationkey", "nation.n_name", "nation.n_nationkey"], "Hash Buckets": 32768, "Original Hash Buckets": 1024, "Hash Batches": 1, "Original Hash Batches": 1, "Peak Memory Usage": 1837, "Plans": [{"Node Type": "Hash Join", "Parent Relationship": "Outer", "Parallel Aware": false, "Join Type": "Inner", "Startup Cost": 38.01, "Total Cost": 5559.73, "Plan Rows": 865, "Plan Width": 41, "Actual Startup Time": 0.163, "Actual Total Time": 158.107, "Actual Rows": 30197, "Actual Loops": 1, "Output": ["customer.c_custkey", "customer.c_nationkey", "nation.n_name", "nation.n_nationkey"], "Inner Unique": true, "Hash Cond": "(nation.n_regionkey = region.r_regionkey)", "Plans": [{"Node Type": "Hash Join", "Parent Relationship": "Outer", "Parallel Aware": false, "Join Type": "Inner", "Startup Cost": 21.48, "Total Cost": 5503.5, "Plan Rows": 15000, "Plan Width": 45, "Actual Startup Time": 0.082, "Actual Total Time": 123.053, "Actual Rows": 150000, "Actual Loops": 1, "Output": ["customer.c_custkey", "customer.c_nationkey", "nation.n_name", "nation.n_nationkey", "nation.n_regionkey"], "Inner Unique": true, "Hash Cond": "(customer.c_nationkey = nation.n_nationkey)", "Plans": [{"Node Type": "Seq Scan", "Parent Relationship": "Outer", "Parallel Aware": false, "Relation Name": "customer", "Schema": "public", "Alias": "customer", "Startup Cost": 0.0, "Total Cost": 5085.0, "Plan Rows": 150000, "Plan Width": 8, "Actual Startup Time": 0.015, "Actual Total Time": 26.313, "Actual Rows": 150000, "Actual Loops": 1, "Output": ["customer.c_custkey", "customer.c_name", "customer.c_address", "customer.c_nationkey", "customer.c_phone", "customer.c_acctbal", "customer.c_mktsegment", "customer.c_comment"]}, {"Node Type": "Hash", "Parent Relationship": "Inner", "Parallel Aware": false, "Startup Cost": 15.1, "Total Cost": 15.1, "Plan Rows": 510, "Plan Width": 37, "Actual Startup Time": 0.013, "Actual Total Time": 0.017, "Actual Rows": 25, "Actual Loops": 1, "Output": ["nation.n_name", "nation.n_nationkey", "nation.n_regionkey"], "Hash Buckets": 1024, "Original Hash Buckets": 1024, "Hash Batches": 1, "Original Hash Batches": 1, "Peak Memory Usage": 10, "Plans": [{"Node Type": "Seq Scan", "Parent Relationship": "Outer", "Parallel Aware": false, "Relation Name": "nation", "Schema": "public", "Alias": "nation", "Startup Cost": 0.0, "Total Cost": 15.1, "Plan Rows": 510, "Plan Width": 37, "Actual Startup Time": 0.003, "Actual Total Time": 0.005, "Actual Rows": 25, "Actual Loops": 1, "Output": ["nation.n_name", "nation.n_nationkey", "nation.n_regionkey"]}]}]}, {"Node Type": "Hash", "Parent Relationship": "Inner", "Parallel Aware": false, "Startup Cost": 16.5, "Total Cost": 16.5, "Plan Rows": 3, "Plan Width": 4, "Actual Startup Time": 0.042, "Actual Total Time": 0.055, "Actual Rows": 1, "Actual Loops": 1, "Output": ["region.r_regionkey"], "Hash Buckets": 1024, "Original Hash Buckets": 1024, "Hash Batches": 1, "Original Hash Batches": 1, "Peak Memory Usage": 9, "Plans": [{"Node Type": "Seq Scan", "Parent Relationship": "Outer", "Parallel Aware": false, "Relation Name": "region", "Schema": "public", "Alias": "region", "Startup Cost": 0.0, "Total Cost": 16.5, "Plan Rows": 3, "Plan Width": 4, "Actual Startup Time": 0.035, "Actual Total Time": 0.039, "Actual Rows": 1, "Actual Loops": 1, "Output": ["region.r_regionkey"], "Filter": "((region.r_name)::text = 'EUROPE'::text)", "Rows Removed by Filter": 4}]}]}]}]}]}]}, {"Node Type": "Hash", "Parent Relationship": "Inner", "Parallel Aware": false, "Startup Cost": 322.0, "Total Cost": 322.0, "Plan Rows": 10000, "Plan Width": 8, "Actual Startup Time": 71.816, "Actual Total Time": 71.816, "Actual Rows": 10000, "Actual Loops": 1, "Output": ["supplier.s_suppkey", "supplier.s_nationkey"], "Hash Buckets": 16384, "Original Hash Buckets": 16384, "Hash Batches": 1, "Original Hash Batches": 1, "Peak Memory Usage": 519, "Plans": [{"Node Type": "Seq Scan", "Parent Relationship": "Outer", "Parallel Aware": false, "Relation Name": "supplier", "Schema": "public", "Alias": "supplier", "Startup Cost": 0.0, "Total Cost": 322.0, "Plan Rows": 10000, "Plan Width": 8, "Actual Startup Time": 0.029, "Actual Total Time": 42.51, "Actual Rows": 10000, "Actual Loops": 1, "Output": ["supplier.s_suppkey", "supplier.s_nationkey"]}]}]}]}]}]}, "Planning Time": 4.554, "Triggers": [], "Execution Time": 5757.809}]
q7#####[{"Plan": {"Node Type": "Aggregate", "Strategy": "Sorted", "Partial Mode": "Simple", "Parallel Aware": false, "Startup Cost": 262533.93, "Total Cost": 262537.04, "Plan Rows": 89, "Plan Width": 98, "Actual Startup Time": 6527.352, "Actual Total Time": 6528.409, "Actual Rows": 4, "Actual Loops": 1, "Output": ["n1.n_name", "n2.n_name", "(date_part('year'::text, (lineitem.l_shipdate)::timestamp without time zone))", "sum((lineitem.l_extendedprice * ('1'::numeric - lineitem.l_discount)))"], "Group Key": ["n1.n_name", "n2.n_name", "(date_part('year'::text, (lineitem.l_shipdate)::timestamp without time zone))"], "Plans": [{"Node Type": "Sort", "Parent Relationship": "Outer", "Parallel Aware": false, "Startup Cost": 262533.93, "Total Cost": 262534.15, "Plan Rows": 89, "Plan Width": 78, "Actual Startup Time": 6526.975, "Actual Total Time": 6527.236, "Actual Rows": 6014, "Actual Loops": 1, "Output": ["n1.n_name", "n2.n_name", "(date_part('year'::text, (lineitem.l_shipdate)::timestamp without time zone))", "lineitem.l_extendedprice", "lineitem.l_discount"], "Sort Key": ["n1.n_name", "n2.n_name", "(date_part('year'::text, (lineitem.l_shipdate)::timestamp without time zone))"], "Sort Method": "quicksort", "Sort Space Used": 662, "Sort Space Type": "Memory", "Plans": [{"Node Type": "Hash Join", "Parent Relationship": "Outer", "Parallel Aware": false, "Join Type": "Inner", "Startup Cost": 52933.46, "Total Cost": 262531.05, "Plan Rows": 89, "Plan Width": 78, "Actual Startup Time": 1386.899, "Actual Total Time": 6487.743, "Actual Rows": 6014, "Actual Loops": 1, "Output": ["n1.n_name", "n2.n_name", "date_part('year'::text, (lineitem.l_shipdate)::timestamp without time zone)", "lineitem.l_extendedprice", "lineitem.l_discount"], "Inner Unique": false, "Hash Cond": "(lineitem.l_suppkey = supplier.s_suppkey)", "Join Filter": "((((n1.n_name)::text = 'EGYPT'::text) AND ((n2.n_name)::text = 'ALGERIA'::text)) OR (((n1.n_name)::text = 'ALGERIA'::text) AND ((n2.n_name)::text = 'EGYPT'::text)))", "Rows Removed by Join Filter": 6077, "Plans": [{"Node Type": "Hash Join", "Parent Relationship": "Outer", "Parallel Aware": false, "Join Type": "Inner", "Startup Cost": 52566.05, "Total Cost": 262156.04, "Plan Rows": 1810, "Plan Width": 49, "Actual Startup Time": 1385.141, "Actual Total Time": 6428.29, "Actual Rows": 144353, "Actual Loops": 1, "Output": ["lineitem.l_shipdate", "lineitem.l_extendedprice", "lineitem.l_discount", "lineitem.l_suppkey", "n2.n_name"], "Inner Unique": false, "Hash Cond": "(lineitem.l_orderkey = orders.o_orderkey)", "Plans": [{"Node Type": "Seq Scan", "Parent Relationship": "Outer", "Parallel Aware": false, "Relation Name": "lineitem", "Schema": "public", "Alias": "lineitem", "Startup Cost": 0.0, "Total Cost": 202484.64, "Plan Rows": 1846489, "Plan Width": 24, "Actual Startup Time": 0.014, "Actual Total Time": 2294.97, "Actual Rows": 1827668, "Actual Loops": 1, "Output": ["lineitem.l_orderkey", "lineitem.l_partkey", "lineitem.l_suppkey", "lineitem.l_linenumber", "lineitem.l_quantity", "lineitem.l_extendedprice", "lineitem.l_discount", "lineitem.l_tax", "lineitem.l_returnflag", "lineitem.l_linestatus", "lineitem.l_shipdate", "lineitem.l_commitdate", "lineitem.l_receiptdate", "lineitem.l_shipinstruct", "lineitem.l_shipmode", "lineitem.l_comment"], "Filter": "((lineitem.l_shipdate >= '1995-01-01'::date) AND (lineitem.l_shipdate <= '1996-12-31'::date))", "Rows Removed by Filter": 4172335}, {"Node Type": "Hash", "Parent Relationship": "Inner", "Parallel Aware": false, "Startup Cost": 52382.22, "Total Cost": 52382.22, "Plan Rows": 14706, "Plan Width": 33, "Actual Startup Time": 1384.201, "Actual Total Time": 1384.238, "Actual Rows": 118964, "Actual Loops": 1, "Output": ["orders.o_orderkey", "n2.n_name"], "Hash Buckets": 131072, "Original Hash Buckets": 16384, "Hash Batches": 2, "Original Hash Batches": 1, "Peak Memory Usage": 3525, "Plans": [{"Node Type": "Hash Join", "Parent Relationship": "Outer", "Parallel Aware": false, "Join Type": "Inner", "Startup Cost": 5518.12, "Total Cost": 52382.22, "Plan Rows": 14706, "Plan Width": 33, "Actual Startup Time": 141.612, "Actual Total Time": 1282.473, "Actual Rows": 118964, "Actual Loops": 1, "Output": ["orders.o_orderkey", "n2.n_name"], "Inner Unique": false, "Hash Cond": "(orders.o_custkey = customer.c_custkey)", "Plans": [{"Node Type": "Seq Scan", "Parent Relationship": "Outer", "Parallel Aware": false, "Relation Name": "orders", "Schema": "public", "Alias": "orders", "Startup Cost": 0.0, "Total Cost": 41092.0, "Plan Rows": 1500000, "Plan Width": 8, "Actual Startup Time": 0.007, "Actual Total Time": 714.155, "Actual Rows": 1500000, "Actual Loops": 1, "Output": ["orders.o_orderkey", "orders.o_custkey", "orders.o_orderstatus", "orders.o_totalprice", "orders.o_orderdate", "orders.o_orderpriority", "orders.o_clerk", "orders.o_shippriority", "orders.o_comment"]}, {"Node Type": "Hash", "Parent Relationship": "Inner", "Parallel Aware": false, "Startup Cost": 5499.73, "Total Cost": 5499.73, "Plan Rows": 1471, "Plan Width": 33, "Actual Startup Time": 141.584, "Actual Total Time": 141.61, "Actual Rows": 11920, "Actual Loops": 1, "Output": ["customer.c_custkey", "n2.n_name"], "Hash Buckets": 16384, "Original Hash Buckets": 2048, "Hash Batches": 1, "Original Hash Batches": 1, "Peak Memory Usage": 629, "Plans": [{"Node Type": "Hash Join", "Parent Relationship": "Outer", "Parallel Aware": false, "Join Type": "Inner", "Startup Cost": 17.71, "Total Cost": 5499.73, "Plan Rows": 1471, "Plan Width": 33, "Actual Startup Time": 0.033, "Actual Total Time": 107.103, "Actual Rows": 11920, "Actual Loops": 1, "Output": ["customer.c_custkey", "n2.n_name"], "Inner Unique": true, "Hash Cond": "(customer.c_nationkey = n2.n_nationkey)", "Plans": [{"Node Type": "Seq Scan", "Parent Relationship": "Outer", "Parallel Aware": false, "Relation Name": "customer", "Schema": "public", "Alias": "customer", "Startup Cost": 0.0, "Total Cost": 5085.0, "Plan Rows": 150000, "Plan Width": 8, "Actual Startup Time": 0.003, "Actual Total Time": 28.411, "Actual Rows": 150000, "Actual Loops": 1, "Output": ["customer.c_custkey", "customer.c_name", "customer.c_address", "customer.c_nationkey", "customer.c_phone", "customer.c_acctbal", "customer.c_mktsegment", "customer.c_comment"]}, {"Node Type": "Hash", "Parent Relationship": "Inner", "Parallel Aware": false, "Startup Cost": 17.65, "Total Cost": 17.65, "Plan Rows": 5, "Plan Width": 33, "Actual Startup Time": 0.006, "Actual Total Time": 0.009, "Actual Rows": 2, "Actual Loops": 1, "Output": ["n2.n_name", "n2.n_nationkey"], "Hash Buckets": 1024, "Original Hash Buckets": 1024, "Hash Batches": 1, "Original Hash Batches": 1, "Peak Memory Usage": 9, "Plans": [{"Node Type": "Seq Scan", "Parent Relationship": "Outer", "Parallel Aware": false, "Relation Name": "nation", "Schema": "public", "Alias": "n2", "Startup Cost": 0.0, "Total Cost": 17.65, "Plan Rows": 5, "Plan Width": 33, "Actual Startup Time": 0.004, "Actual Total Time": 0.005, "Actual Rows": 2, "Actual Loops": 1, "Output": ["n2.n_name", "n2.n_nationkey"], "Filter": "(((n2.n_name)::text = 'ALGERIA'::text) OR ((n2.n_name)::text = 'EGYPT'::text))", "Rows Removed by Filter": 23}]}]}]}]}]}]}, {"Node Type": "Hash", "Parent Relationship": "Inner", "Parallel Aware": false, "Startup Cost": 366.18, "Total Cost": 366.18, "Plan Rows": 98, "Plan Width": 33, "Actual Startup Time": 1.712, "Actual Total Time": 1.722, "Actual Rows": 835, "Actual Loops": 1, "Output": ["supplier.s_suppkey", "n1.n_name"], "Hash Buckets": 1024, "Original Hash Buckets": 1024, "Hash Batches": 1, "Original Hash Batches": 1, "Peak Memory Usage": 44, "Plans": [{"Node Type": "Hash Join", "Parent Relationship": "Outer", "Parallel Aware": false, "Join Type": "Inner", "Startup Cost": 17.71, "Total Cost": 366.18, "Plan Rows": 98, "Plan Width": 33, "Actual Startup Time": 0.038, "Actual Total Time": 1.632, "Actual Rows": 835, "Actual Loops": 1, "Output": ["supplier.s_suppkey", "n1.n_name"], "Inner Unique": true, "Hash Cond": "(supplier.s_nationkey = n1.n_nationkey)", "Plans": [{"Node Type": "Seq Scan", "Parent Relationship": "Outer", "Parallel Aware": false, "Relation Name": "supplier", "Schema": "public", "Alias": "supplier", "Startup Cost": 0.0, "Total Cost": 322.0, "Plan Rows": 10000, "Plan Width": 8, "Actual Startup Time": 0.013, "Actual Total Time": 0.62, "Actual Rows": 10000, "Actual Loops": 1, "Output": ["supplier.s_suppkey", "supplier.s_name", "supplier.s_address", "supplier.s_nationkey", "supplier.s_phone", "supplier.s_acctbal", "supplier.s_comment"]}, {"Node Type": "Hash", "Parent Relationship": "Inner", "Parallel Aware": false, "Startup Cost": 17.65, "Total Cost": 17.65, "Plan Rows": 5, "Plan Width": 33, "Actual Startup Time": 0.016, "Actual Total Time": 0.019, "Actual Rows": 2, "Actual Loops": 1, "Output": ["n1.n_name", "n1.n_nationkey"], "Hash Buckets": 1024, "Original Hash Buckets": 1024, "Hash Batches": 1, "Original Hash Batches": 1, "Peak Memory Usage": 9, "Plans": [{"Node Type": "Seq Scan", "Parent Relationship": "Outer", "Parallel Aware": false, "Relation Name": "nation", "Schema": "public", "Alias": "n1", "Startup Cost": 0.0, "Total Cost": 17.65, "Plan Rows": 5, "Plan Width": 33, "Actual Startup Time": 0.009, "Actual Total Time": 0.011, "Actual Rows": 2, "Actual Loops": 1, "Output": ["n1.n_name", "n1.n_nationkey"], "Filter": "(((n1.n_name)::text = 'EGYPT'::text) OR ((n1.n_name)::text = 'ALGERIA'::text))", "Rows Removed by Filter": 23}]}]}]}]}]}]}, "Planning Time": 12.848, "Triggers": [], "Execution Time": 6528.722}]
q8#####[{"Plan": {"Node Type": "Sort", "Parallel Aware": false, "Startup Cost": 250628.68, "Total Cost": 250629.18, "Plan Rows": 200, "Plan Width": 61, "Actual Startup Time": 5615.064, "Actual Total Time": 5615.156, "Actual Rows": 5, "Actual Loops": 1, "Output": ["nation.n_name", "(sum((lineitem.l_extendedprice * ('1'::numeric - lineitem.l_discount))))"], "Sort Key": ["(sum((lineitem.l_extendedprice * ('1'::numeric - lineitem.l_discount)))) DESC"], "Sort Method": "quicksort", "Sort Space Used": 25, "Sort Space Type": "Memory", "Plans": [{"Node Type": "Aggregate", "Strategy": "Sorted", "Partial Mode": "Simple", "Parent Relationship": "Outer", "Parallel Aware": false, "Startup Cost": 250615.88, "Total Cost": 250621.03, "Plan Rows": 200, "Plan Width": 61, "Actual Startup Time": 5610.854, "Actual Total Time": 5615.082, "Actual Rows": 5, "Actual Loops": 1, "Output": ["nation.n_name", "sum((lineitem.l_extendedprice * ('1'::numeric - lineitem.l_discount)))"], "Group Key": ["nation.n_name"], "Plans": [{"Node Type": "Sort", "Parent Relationship": "Outer", "Parallel Aware": false, "Startup Cost": 250615.88, "Total Cost": 250616.41, "Plan Rows": 212, "Plan Width": 41, "Actual Startup Time": 5610.211, "Actual Total Time": 5610.771, "Actual Rows": 7463, "Actual Loops": 1, "Output": ["nation.n_name", "lineitem.l_extendedprice", "lineitem.l_discount"], "Sort Key": ["nation.n_name"], "Sort Method": "quicksort", "Sort Space Used": 773, "Sort Space Type": "Memory", "Plans": [{"Node Type": "Hash Join", "Parent Relationship": "Outer", "Parallel Aware": false, "Join Type": "Inner", "Startup Cost": 55528.72, "Total Cost": 250607.69, "Plan Rows": 212, "Plan Width": 41, "Actual Startup Time": 1681.21, "Actual Total Time": 5584.899, "Actual Rows": 7463, "Actual Loops": 1, "Output": ["nation.n_name", "lineitem.l_extendedprice", "lineitem.l_discount"], "Inner Unique": false, "Hash Cond": "((lineitem.l_suppkey = supplier.s_suppkey) AND (customer.c_nationkey = supplier.s_nationkey))", "Plans": [{"Node Type": "Hash Join", "Parent Relationship": "Outer", "Parallel Aware": false, "Join Type": "Inner", "Startup Cost": 55056.72, "Total Cost": 250093.68, "Plan Rows": 5319, "Plan Width": 53, "Actual Startup Time": 1510.239, "Actual Total Time": 5354.447, "Actual Rows": 184804, "Actual Loops": 1, "Output": ["customer.c_nationkey", "lineitem.l_extendedprice", "lineitem.l_discount", "lineitem.l_suppkey", "nation.n_name", "nation.n_nationkey"], "Inner Unique": false, "Hash Cond": "(lineitem.l_orderkey = orders.o_orderkey)", "Plans": [{"Node Type": "Seq Scan", "Parent Relationship": "Outer", "Parallel Aware": false, "Relation Name": "lineitem", "Schema": "public", "Alias": "lineitem", "Startup Cost": 0.0, "Total Cost": 172481.09, "Plan Rows": 6000709, "Plan Width": 20, "Actual Startup Time": 0.051, "Actual Total Time": 2483.759, "Actual Rows": 6000003, "Actual Loops": 1, "Output": ["lineitem.l_orderkey", "lineitem.l_partkey", "lineitem.l_suppkey", "lineitem.l_linenumber", "lineitem.l_quantity", "lineitem.l_extendedprice", "lineitem.l_discount", "lineitem.l_tax", "lineitem.l_returnflag", "lineitem.l_linestatus", "lineitem.l_shipdate", "lineitem.l_commitdate", "lineitem.l_receiptdate", "lineitem.l_shipinstruct", "lineitem.l_shipmode", "lineitem.l_comment"]}, {"Node Type": "Hash", "Parent Relationship": "Inner", "Parallel Aware": false, "Startup Cost": 55040.1, "Total Cost": 55040.1, "Plan Rows": 1330, "Plan Width": 41, "Actual Startup Time": 1510.112, "Actual Total Time": 1510.192, "Actual Rows": 46069, "Actual Loops": 1, "Output": ["customer.c_nationkey", "orders.o_orderkey", "nation.n_name", "nation.n_nationkey"], "Hash Buckets": 65536, "Original Hash Buckets": 2048, "Hash Batches": 1, "Original Hash Batches": 1, "Peak Memory Usage": 2888, "Plans": [{"Node Type": "Hash Join", "Parent Relationship": "Outer", "Parallel Aware": false, "Join Type": "Inner", "Startup Cost": 5570.54, "Total Cost": 55040.1, "Plan Rows": 1330, "Plan Width": 41, "Actual Startup Time": 185.025, "Actual Total Time": 1429.015, "Actual Rows": 46069, "Actual Loops": 1, "Output": ["customer.c_nationkey", "orders.o_orderkey", "nation.n_name", "nation.n_nationkey"], "Inner Unique": false, "Hash Cond": "(orders.o_custkey = customer.c_custkey)", "Plans": [{"Node Type": "Seq Scan", "Parent Relationship": "Outer", "Parallel Aware": false, "Relation Name": "orders", "Schema": "public", "Alias": "orders", "Startup Cost": 0.0, "Total Cost": 48592.0, "Plan Rows": 230470, "Plan Width": 8, "Actual Startup Time": 0.018, "Actual Total Time": 1089.515, "Actual Rows": 228637, "Actual Loops": 1, "Output": ["orders.o_orderkey", "orders.o_custkey", "orders.o_orderstatus", "orders.o_totalprice", "orders.o_orderdate", "orders.o_orderpriority", "orders.o_clerk", "orders.o_shippriority", "orders.o_comment"], "Filter": "((orders.o_orderdate >= '1995-01-01'::date) AND (orders.o_orderdate < '1996-01-01 00:00:00'::timestamp without time zone))", "Rows Removed by Filter": 1271363}, {"Node Type": "Hash", "Parent Relationship": "Inner", "Parallel Aware": false, "Startup Cost": 5559.73, "Total Cost": 5559.73, "Plan Rows": 865, "Plan Width": 41, "Actual Startup Time": 184.949, "Actual Total Time": 185.014, "Actual Rows": 30183, "Actual Loops": 1, "Output": ["customer.c_custkey", "customer.c_nationkey", "nation.n_name", "nation.n_nationkey"], "Hash Buckets": 32768, "Original Hash Buckets": 1024, "Hash Batches": 1, "Original Hash Batches": 1, "Peak Memory Usage": 1813, "Plans": [{"Node Type": "Hash Join", "Parent Relationship": "Outer", "Parallel Aware": false, "Join Type": "Inner", "Startup Cost": 38.01, "Total Cost": 5559.73, "Plan Rows": 865, "Plan Width": 41, "Actual Startup Time": 0.2, "Actual Total Time": 160.36, "Actual Rows": 30183, "Actual Loops": 1, "Output": ["customer.c_custkey", "customer.c_nationkey", "nation.n_name", "nation.n_nationkey"], "Inner Unique": true, "Hash Cond": "(nation.n_regionkey = region.r_regionkey)", "Plans": [{"Node Type": "Hash Join", "Parent Relationship": "Outer", "Parallel Aware": false, "Join Type": "Inner", "Startup Cost": 21.48, "Total Cost": 5503.5, "Plan Rows": 15000, "Plan Width": 45, "Actual Startup Time": 0.072, "Actual Total Time": 145.951, "Actual Rows": 150000, "Actual Loops": 1, "Output": ["customer.c_custkey", "customer.c_nationkey", "nation.n_name", "nation.n_nationkey", "nation.n_regionkey"], "Inner Unique": true, "Hash Cond": "(customer.c_nationkey = nation.n_nationkey)", "Plans": [{"Node Type": "Seq Scan", "Parent Relationship": "Outer", "Parallel Aware": false, "Relation Name": "customer", "Schema": "public", "Alias": "customer", "Startup Cost": 0.0, "Total Cost": 5085.0, "Plan Rows": 150000, "Plan Width": 8, "Actual Startup Time": 0.012, "Actual Total Time": 29.471, "Actual Rows": 150000, "Actual Loops": 1, "Output": ["customer.c_custkey", "customer.c_name", "customer.c_address", "customer.c_nationkey", "customer.c_phone", "customer.c_acctbal", "customer.c_mktsegment", "customer.c_comment"]}, {"Node Type": "Hash", "Parent Relationship": "Inner", "Parallel Aware": false, "Startup Cost": 15.1, "Total Cost": 15.1, "Plan Rows": 510, "Plan Width": 37, "Actual Startup Time": 0.015, "Actual Total Time": 0.021, "Actual Rows": 25, "Actual Loops": 1, "Output": ["nation.n_name", "nation.n_nationkey", "nation.n_regionkey"], "Hash Buckets": 1024, "Original Hash Buckets": 1024, "Hash Batches": 1, "Original Hash Batches": 1, "Peak Memory Usage": 10, "Plans": [{"Node Type": "Seq Scan", "Parent Relationship": "Outer", "Parallel Aware": false, "Relation Name": "nation", "Schema": "public", "Alias": "nation", "Startup Cost": 0.0, "Total Cost": 15.1, "Plan Rows": 510, "Plan Width": 37, "Actual Startup Time": 0.006, "Actual Total Time": 0.011, "Actual Rows": 25, "Actual Loops": 1, "Output": ["nation.n_name", "nation.n_nationkey", "nation.n_regionkey"]}]}]}, {"Node Type": "Hash", "Parent Relationship": "Inner", "Parallel Aware": false, "Startup Cost": 16.5, "Total Cost": 16.5, "Plan Rows": 3, "Plan Width": 4, "Actual Startup Time": 0.085, "Actual Total Time": 0.094, "Actual Rows": 1, "Actual Loops": 1, "Output": ["region.r_regionkey"], "Hash Buckets": 1024, "Original Hash Buckets": 1024, "Hash Batches": 1, "Original Hash Batches": 1, "Peak Memory Usage": 9, "Plans": [{"Node Type": "Seq Scan", "Parent Relationship": "Outer", "Parallel Aware": false, "Relation Name": "region", "Schema": "public", "Alias": "region", "Startup Cost": 0.0, "Total Cost": 16.5, "Plan Rows": 3, "Plan Width": 4, "Actual Startup Time": 0.068, "Actual Total Time": 0.072, "Actual Rows": 1, "Actual Loops": 1, "Output": ["region.r_regionkey"], "Filter": "((region.r_name)::text = 'ASIA'::text)", "Rows Removed by Filter": 4}]}]}]}]}]}]}, {"Node Type": "Hash", "Parent Relationship": "Inner", "Parallel Aware": false, "Startup Cost": 322.0, "Total Cost": 322.0, "Plan Rows": 10000, "Plan Width": 8, "Actual Startup Time": 170.719, "Actual Total Time": 170.72, "Actual Rows": 10000, "Actual Loops": 1, "Output": ["supplier.s_suppkey", "supplier.s_nationkey"], "Hash Buckets": 16384, "Original Hash Buckets": 16384, "Hash Batches": 1, "Original Hash Batches": 1, "Peak Memory Usage": 519, "Plans": [{"Node Type": "Seq Scan", "Parent Relationship": "Outer", "Parallel Aware": false, "Relation Name": "supplier", "Schema": "public", "Alias": "supplier", "Startup Cost": 0.0, "Total Cost": 322.0, "Plan Rows": 10000, "Plan Width": 8, "Actual Startup Time": 0.007, "Actual Total Time": 112.161, "Actual Rows": 10000, "Actual Loops": 1, "Output": ["supplier.s_suppkey", "supplier.s_nationkey"]}]}]}]}]}]}, "Planning Time": 1.716, "Triggers": [], "Execution Time": 5617.267}]
q9#####[{"Plan": {"Node Type": "Aggregate", "Strategy": "Sorted", "Partial Mode": "Simple", "Parallel Aware": false, "Startup Cost": 258652.05, "Total Cost": 258655.2, "Plan Rows": 70, "Plan Width": 40, "Actual Startup Time": 6195.095, "Actual Total Time": 6195.488, "Actual Rows": 2, "Actual Loops": 1, "Output": ["(date_part('year'::text, (orders.o_orderdate)::timestamp without time zone))", "(sum(CASE WHEN ((n2.n_name)::text = 'MOZAMBIQUE'::text) THEN (lineitem.l_extendedprice * ('1'::numeric - lineitem.l_discount)) ELSE '0'::numeric END) / sum((lineitem.l_extendedprice * ('1'::numeric - lineitem.l_discount))))"], "Group Key": ["(date_part('year'::text, (orders.o_orderdate)::timestamp without time zone))"], "Plans": [{"Node Type": "Sort", "Parent Relationship": "Outer", "Parallel Aware": false, "Startup Cost": 258652.05, "Total Cost": 258652.22, "Plan Rows": 70, "Plan Width": 49, "Actual Startup Time": 6188.099, "Actual Total Time": 6188.381, "Actual Rows": 2568, "Actual Loops": 1, "Output": ["(date_part('year'::text, (orders.o_orderdate)::timestamp without time zone))", "n2.n_name", "lineitem.l_extendedprice", "lineitem.l_discount"], "Sort Key": ["(date_part('year'::text, (orders.o_orderdate)::timestamp without time zone))"], "Sort Method": "quicksort", "Sort Space Used": 297, "Sort Space Type": "Memory", "Plans": [{"Node Type": "Nested Loop", "Parent Relationship": "Outer", "Parallel Aware": false, "Join Type": "Inner", "Startup Cost": 63105.36, "Total Cost": 258649.9, "Plan Rows": 70, "Plan Width": 49, "Actual Startup Time": 2070.459, "Actual Total Time": 6172.999, "Actual Rows": 2568, "Actual Loops": 1, "Output": ["date_part('year'::text, (orders.o_orderdate)::timestamp without time zone)", "n2.n_name", "lineitem.l_extendedprice", "lineitem.l_discount"], "Inner Unique": true, "Plans": [{"Node Type": "Hash Join", "Parent Relationship": "Outer", "Parallel Aware": false, "Join Type": "Inner", "Startup Cost": 63105.21, "Total Cost": 258637.67, "Plan Rows": 70, "Plan Width": 20, "Actual Startup Time": 2070.379, "Actual Total Time": 6160.484, "Actual Rows": 2568, "Actual Loops": 1, "Output": ["lineitem.l_extendedprice", "lineitem.l_discount", "supplier.s_nationkey", "orders.o_orderdate"], "Inner Unique": false, "Hash Cond": "(lineitem.l_suppkey = supplier.s_suppkey)", "Plans": [{"Node Type": "Hash Join", "Parent Relationship": "Outer", "Parallel Aware": false, "Join Type": "Inner", "Startup Cost": 62658.21, "Total Cost": 258189.7, "Plan Rows": 70, "Plan Width": 20, "Actual Startup Time": 2067.91, "Actual Total Time": 6134.861, "Actual Rows": 2568, "Actual Loops": 1, "Output": ["lineitem.l_extendedprice", "lineitem.l_discount", "lineitem.l_suppkey", "orders.o_orderdate"], "Inner Unique": false, "Hash Cond": "(lineitem.l_orderkey = orders.o_orderkey)", "Plans": [{"Node Type": "Hash Join", "Parent Relationship": "Outer", "Parallel Aware": false, "Join Type": "Inner", "Startup Cost": 6597.57, "Total Cost": 201979.17, "Plan Rows": 39785, "Plan Width": 20, "Actual Startup Time": 823.015, "Actual Total Time": 4767.065, "Actual Rows": 42063, "Actual Loops": 1, "Output": ["lineitem.l_extendedprice", "lineitem.l_discount", "lineitem.l_suppkey", "lineitem.l_orderkey"], "Inner Unique": false, "Hash Cond": "(lineitem.l_partkey = part.p_partkey)", "Plans": [{"Node Type": "Seq Scan", "Parent Relationship": "Outer", "Parallel Aware": false, "Relation Name": "lineitem", "Schema": "public", "Alias": "lineitem", "Startup Cost": 0.0, "Total Cost": 172481.09, "Plan Rows": 6000709, "Plan Width": 24, "Actual Startup Time": 0.007, "Actual Total Time": 2836.03, "Actual Rows": 6000003, "Actual Loops": 1, "Output": ["lineitem.l_orderkey", "lineitem.l_partkey", "lineitem.l_suppkey", "lineitem.l_linenumber", "lineitem.l_quantity", "lineitem.l_extendedprice", "lineitem.l_discount", "lineitem.l_tax", "lineitem.l_returnflag", "lineitem.l_linestatus", "lineitem.l_shipdate", "lineitem.l_commitdate", "lineitem.l_receiptdate", "lineitem.l_shipinstruct", "lineitem.l_shipmode", "lineitem.l_comment"]}, {"Node Type": "Hash", "Parent Relationship": "Inner", "Parallel Aware": false, "Startup Cost": 6581.0, "Total Cost": 6581.0, "Plan Rows": 1326, "Plan Width": 4, "Actual Startup Time": 822.952, "Actual Total Time": 822.956, "Actual Rows": 1413, "Actual Loops": 1, "Output": ["part.p_partkey"], "Hash Buckets": 2048, "Original Hash Buckets": 2048, "Hash Batches": 1, "Original Hash Batches": 1, "Peak Memory Usage": 66, "Plans": [{"Node Type": "Seq Scan", "Parent Relationship": "Outer", "Parallel Aware": false, "Relation Name": "part", "Schema": "public", "Alias": "part", "Startup Cost": 0.0, "Total Cost": 6581.0, "Plan Rows": 1326, "Plan Width": 4, "Actual Startup Time": 0.016, "Actual Total Time": 822.276, "Actual Rows": 1413, "Actual Loops": 1, "Output": ["part.p_partkey"], "Filter": "((part.p_type)::text = 'SMALL BRUSHED TIN'::text)", "Rows Removed by Filter": 198587}]}]}, {"Node Type": "Hash", "Parent Relationship": "Inner", "Parallel Aware": false, "Startup Cost": 56027.76, "Total Cost": 56027.76, "Plan Rows": 2630, "Plan Width": 8, "Actual Startup Time": 1244.496, "Actual Total Time": 1244.562, "Actual Rows": 90737, "Actual Loops": 1, "Output": ["orders.o_orderdate", "orders.o_orderkey"], "Hash Buckets": 131072, "Original Hash Buckets": 4096, "Hash Batches": 2, "Original Hash Batches": 1, "Peak Memory Usage": 3073, "Plans": [{"Node Type": "Hash Join", "Parent Relationship": "Outer", "Parallel Aware": false, "Join Type": "Inner", "Startup Cost": 5700.16, "Total Cost": 56027.76, "Plan Rows": 2630, "Plan Width": 8, "Actual Startup Time": 87.442, "Actual Total Time": 1210.983, "Actual Rows": 90737, "Actual Loops": 1, "Output": ["orders.o_orderdate", "orders.o_orderkey"], "Inner Unique": false, "Hash Cond": "(orders.o_custkey = customer.c_custkey)", "Plans": [{"Node Type": "Seq Scan", "Parent Relationship": "Outer", "Parallel Aware": false, "Relation Name": "orders", "Schema": "public", "Alias": "orders", "Startup Cost": 0.0, "Total Cost": 48592.0, "Plan Rows": 455817, "Plan Width": 12, "Actual Startup Time": 0.037, "Actual Total Time": 973.501, "Actual Rows": 457263, "Actual Loops": 1, "Output": ["orders.o_orderkey", "orders.o_custkey", "orders.o_orderstatus", "orders.o_totalprice", "orders.o_orderdate", "orders.o_orderpriority", "orders.o_clerk", "orders.o_shippriority", "orders.o_comment"], "Filter": "((orders.o_orderdate >= '1995-01-01'::date) AND (orders.o_orderdate <= '1996-12-31'::date))", "Rows Removed by Filter": 1042737}, {"Node Type": "Hash", "Parent Relationship": "Inner", "Parallel Aware": false, "Startup Cost": 5689.34, "Total Cost": 5689.34, "Plan Rows": 865, "Plan Width": 4, "Actual Startup Time": 87.371, "Actual Total Time": 87.414, "Actual Rows": 29764, "Actual Loops": 1, "Output": ["customer.c_custkey"], "Hash Buckets": 32768, "Original Hash Buckets": 1024, "Hash Batches": 1, "Original Hash Batches": 1, "Peak Memory Usage": 1303, "Plans": [{"Node Type": "Hash Join", "Parent Relationship": "Outer", "Parallel Aware": false, "Join Type": "Inner", "Startup Cost": 33.02, "Total Cost": 5689.34, "Plan Rows": 865, "Plan Width": 4, "Actual Startup Time": 0.149, "Actual Total Time": 83.584, "Actual Rows": 29764, "Actual Loops": 1, "Output": ["customer.c_custkey"], "Inner Unique": false, "Hash Cond": "(customer.c_nationkey = n1.n_nationkey)", "Plans": [{"Node Type": "Seq Scan", "Parent Relationship": "Outer", "Parallel Aware": false, "Relation Name": "customer", "Schema": "public", "Alias": "customer", "Startup Cost": 0.0, "Total Cost": 5085.0, "Plan Rows": 150000, "Plan Width": 8, "Actual Startup Time": 0.011, "Actual Total Time": 15.928, "Actual Rows": 150000, "Actual Loops": 1, "Output": ["customer.c_custkey", "customer.c_name", "customer.c_address", "customer.c_nationkey", "customer.c_phone", "customer.c_acctbal", "customer.c_mktsegment", "customer.c_comment"]}, {"Node Type": "Hash", "Parent Relationship": "Inner", "Parallel Aware": false, "Startup Cost": 32.99, "Total Cost": 32.99, "Plan Rows": 3, "Plan Width": 4, "Actual Startup Time": 0.093, "Actual Total Time": 0.117, "Actual Rows": 5, "Actual Loops": 1, "Output": ["n1.n_nationkey"], "Hash Buckets": 1024, "Original Hash Buckets": 1024, "Hash Batches": 1, "Original Hash Batches": 1, "Peak Memory Usage": 9, "Plans": [{"Node Type": "Hash Join", "Parent Relationship": "Outer", "Parallel Aware": false, "Join Type": "Inner", "Startup Cost": 16.54, "Total Cost": 32.99, "Plan Rows": 3, "Plan Width": 4, "Actual Startup Time": 0.071, "Actual Total Time": 0.086, "Actual Rows": 5, "Actual Loops": 1, "Output": ["n1.n_nationkey"], "Inner Unique": true, "Hash Cond": "(n1.n_regionkey = region.r_regionkey)", "Plans": [{"Node Type": "Seq Scan", "Parent Relationship": "Outer", "Parallel Aware": false, "Relation Name": "nation", "Schema": "public", "Alias": "n1", "Startup Cost": 0.0, "Total Cost": 15.1, "Plan Rows": 510, "Plan Width": 8, "Actual Startup Time": 0.014, "Actual Total Time": 0.015, "Actual Rows": 25, "Actual Loops": 1, "Output": ["n1.n_nationkey", "n1.n_name", "n1.n_regionkey", "n1.n_comment"]}, {"Node Type": "Hash", "Parent Relationship": "Inner", "Parallel Aware": false, "Startup Cost": 16.5, "Total Cost": 16.5, "Plan Rows": 3, "Plan Width": 4, "Actual Startup Time": 0.016, "Actual Total Time": 0.02, "Actual Rows": 1, "Actual Loops": 1, "Output": ["region.r_regionkey"], "Hash Buckets": 1024, "Original Hash Buckets": 1024, "Hash Batches": 1, "Original Hash Batches": 1, "Peak Memory Usage": 9, "Plans": [{"Node Type": "Seq Scan", "Parent Relationship": "Outer", "Parallel Aware": false, "Relation Name": "region", "Schema": "public", "Alias": "region", "Startup Cost": 0.0, "Total Cost": 16.5, "Plan Rows": 3, "Plan Width": 4, "Actual Startup Time": 0.009, "Actual Total Time": 0.014, "Actual Rows": 1, "Actual Loops": 1, "Output": ["region.r_regionkey"], "Filter": "((region.r_name)::text = 'AFRICA'::text)", "Rows Removed by Filter": 4}]}]}]}]}]}]}]}]}, {"Node Type": "Hash", "Parent Relationship": "Inner", "Parallel Aware": false, "Startup Cost": 322.0, "Total Cost": 322.0, "Plan Rows": 10000, "Plan Width": 8, "Actual Startup Time": 2.404, "Actual Total Time": 2.405, "Actual Rows": 10000, "Actual Loops": 1, "Output": ["supplier.s_suppkey", "supplier.s_nationkey"], "Hash Buckets": 16384, "Original Hash Buckets": 16384, "Hash Batches": 1, "Original Hash Batches": 1, "Peak Memory Usage": 519, "Plans": [{"Node Type": "Seq Scan", "Parent Relationship": "Outer", "Parallel Aware": false, "Relation Name": "supplier", "Schema": "public", "Alias": "supplier", "Startup Cost": 0.0, "Total Cost": 322.0, "Plan Rows": 10000, "Plan Width": 8, "Actual Startup Time": 0.009, "Actual Total Time": 1.101, "Actual Rows": 10000, "Actual Loops": 1, "Output": ["supplier.s_suppkey", "supplier.s_nationkey"]}]}]}, {"Node Type": "Index Scan", "Parent Relationship": "Inner", "Parallel Aware": false, "Scan Direction": "Forward", "Index Name": "nation_pkey", "Relation Name": "nation", "Schema": "public", "Alias": "n2", "Startup Cost": 0.15, "Total Cost": 0.17, "Plan Rows": 1, "Plan Width": 33, "Actual Startup Time": 0.001, "Actual Total Time": 0.001, "Actual Rows": 1, "Actual Loops": 2568, "Output": ["n2.n_nationkey", "n2.n_name", "n2.n_regionkey", "n2.n_comment"], "Index Cond": "(n2.n_nationkey = supplier.s_nationkey)", "Rows Removed by Index Recheck": 0}]}]}]}, "Planning Time": 6.905, "Triggers": [], "Execution Time": 6199.117}]
q10#####[{"Plan": {"Node Type": "Aggregate", "Strategy": "Sorted", "Partial Mode": "Simple", "Parallel Aware": false, "Startup Cost": 262533.93, "Total Cost": 262537.04, "Plan Rows": 89, "Plan Width": 98, "Actual Startup Time": 13101.377, "Actual Total Time": 13112.83, "Actual Rows": 4, "Actual Loops": 1, "Output": ["n1.n_name", "n2.n_name", "(date_part('year'::text, (lineitem.l_shipdate)::timestamp without time zone))", "sum((lineitem.l_extendedprice * ('1'::numeric - lineitem.l_discount)))"], "Group Key": ["n1.n_name", "n2.n_name", "(date_part('year'::text, (lineitem.l_shipdate)::timestamp without time zone))"], "Plans": [{"Node Type": "Sort", "Parent Relationship": "Outer", "Parallel Aware": false, "Startup Cost": 262533.93, "Total Cost": 262534.15, "Plan Rows": 89, "Plan Width": 78, "Actual Startup Time": 13086.515, "Actual Total Time": 13110.123, "Actual Rows": 5857, "Actual Loops": 1, "Output": ["n1.n_name", "n2.n_name", "(date_part('year'::text, (lineitem.l_shipdate)::timestamp without time zone))", "lineitem.l_extendedprice", "lineitem.l_discount"], "Sort Key": ["n1.n_name", "n2.n_name", "(date_part('year'::text, (lineitem.l_shipdate)::timestamp without time zone))"], "Sort Method": "quicksort", "Sort Space Used": 650, "Sort Space Type": "Memory", "Plans": [{"Node Type": "Hash Join", "Parent Relationship": "Outer", "Parallel Aware": false, "Join Type": "Inner", "Startup Cost": 52933.46, "Total Cost": 262531.05, "Plan Rows": 89, "Plan Width": 78, "Actual Startup Time": 2189.794, "Actual Total Time": 13049.094, "Actual Rows": 5857, "Actual Loops": 1, "Output": ["n1.n_name", "n2.n_name", "date_part('year'::text, (lineitem.l_shipdate)::timestamp without time zone)", "lineitem.l_extendedprice", "lineitem.l_discount"], "Inner Unique": false, "Hash Cond": "(lineitem.l_suppkey = supplier.s_suppkey)", "Join Filter": "((((n1.n_name)::text = 'BRAZIL'::text) AND ((n2.n_name)::text = 'CANADA'::text)) OR (((n1.n_name)::text = 'CANADA'::text) AND ((n2.n_name)::text = 'BRAZIL'::text)))", "Rows Removed by Join Filter": 5906, "Plans": [{"Node Type": "Hash Join", "Parent Relationship": "Outer", "Parallel Aware": false, "Join Type": "Inner", "Startup Cost": 52566.05, "Total Cost": 262156.04, "Plan Rows": 1810, "Plan Width": 49, "Actual Startup Time": 2158.692, "Actual Total Time": 12876.221, "Actual Rows": 146325, "Actual Loops": 1, "Output": ["lineitem.l_shipdate", "lineitem.l_extendedprice", "lineitem.l_discount", "lineitem.l_suppkey", "n2.n_name"], "Inner Unique": false, "Hash Cond": "(lineitem.l_orderkey = orders.o_orderkey)", "Plans": [{"Node Type": "Seq Scan", "Parent Relationship": "Outer", "Parallel Aware": false, "Relation Name": "lineitem", "Schema": "public", "Alias": "lineitem", "Startup Cost": 0.0, "Total Cost": 202484.64, "Plan Rows": 1846489, "Plan Width": 24, "Actual Startup Time": 0.019, "Actual Total Time": 5346.08, "Actual Rows": 1827668, "Actual Loops": 1, "Output": ["lineitem.l_orderkey", "lineitem.l_partkey", "lineitem.l_suppkey", "lineitem.l_linenumber", "lineitem.l_quantity", "lineitem.l_extendedprice", "lineitem.l_discount", "lineitem.l_tax", "lineitem.l_returnflag", "lineitem.l_linestatus", "lineitem.l_shipdate", "lineitem.l_commitdate", "lineitem.l_receiptdate", "lineitem.l_shipinstruct", "lineitem.l_shipmode", "lineitem.l_comment"], "Filter": "((lineitem.l_shipdate >= '1995-01-01'::date) AND (lineitem.l_shipdate <= '1996-12-31'::date))", "Rows Removed by Filter": 4172335}, {"Node Type": "Hash", "Parent Relationship": "Inner", "Parallel Aware": false, "Startup Cost": 52382.22, "Total Cost": 52382.22, "Plan Rows": 14706, "Plan Width": 33, "Actual Startup Time": 2156.753, "Actual Total Time": 2167.02, "Actual Rows": 119826, "Actual Loops": 1, "Output": ["orders.o_orderkey", "n2.n_name"], "Hash Buckets": 131072, "Original Hash Buckets": 16384, "Hash Batches": 2, "Original Hash Batches": 1, "Peak Memory Usage": 3538, "Plans": [{"Node Type": "Hash Join", "Parent Relationship": "Outer", "Parallel Aware": false, "Join Type": "Inner", "Startup Cost": 5518.12, "Total Cost": 52382.22, "Plan Rows": 14706, "Plan Width": 33, "Actual Startup Time": 89.039, "Actual Total Time": 2019.705, "Actual Rows": 119826, "Actual Loops": 1, "Output": ["orders.o_orderkey", "n2.n_name"], "Inner Unique": false, "Hash Cond": "(orders.o_custkey = customer.c_custkey)", "Plans": [{"Node Type": "Seq Scan", "Parent Relationship": "Outer", "Parallel Aware": false, "Relation Name": "orders", "Schema": "public", "Alias": "orders", "Startup Cost": 0.0, "Total Cost": 41092.0, "Plan Rows": 1500000, "Plan Width": 8, "Actual Startup Time": 0.033, "Actual Total Time": 1343.734, "Actual Rows": 1500000, "Actual Loops": 1, "Output": ["orders.o_orderkey", "orders.o_custkey", "orders.o_orderstatus", "orders.o_totalprice", "orders.o_orderdate", "orders.o_orderpriority", "orders.o_clerk", "orders.o_shippriority", "orders.o_comment"]}, {"Node Type": "Hash", "Parent Relationship": "Inner", "Parallel Aware": false, "Startup Cost": 5499.73, "Total Cost": 5499.73, "Plan Rows": 1471, "Plan Width": 33, "Actual Startup Time": 88.975, "Actual Total Time": 99.226, "Actual Rows": 12019, "Actual Loops": 1, "Output": ["customer.c_custkey", "n2.n_name"], "Hash Buckets": 16384, "Original Hash Buckets": 2048, "Hash Batches": 1, "Original Hash Batches": 1, "Peak Memory Usage": 633, "Plans": [{"Node Type": "Hash Join", "Parent Relationship": "Outer", "Parallel Aware": false, "Join Type": "Inner", "Startup Cost": 17.71, "Total Cost": 5499.73, "Plan Rows": 1471, "Plan Width": 33, "Actual Startup Time": 0.193, "Actual Total Time": 72.41, "Actual Rows": 12019, "Actual Loops": 1, "Output": ["customer.c_custkey", "n2.n_name"], "Inner Unique": true, "Hash Cond": "(customer.c_nationkey = n2.n_nationkey)", "Plans": [{"Node Type": "Seq Scan", "Parent Relationship": "Outer", "Parallel Aware": false, "Relation Name": "customer", "Schema": "public", "Alias": "customer", "Startup Cost": 0.0, "Total Cost": 5085.0, "Plan Rows": 150000, "Plan Width": 8, "Actual Startup Time": 0.005, "Actual Total Time": 28.233, "Actual Rows": 150000, "Actual Loops": 1, "Output": ["customer.c_custkey", "customer.c_name", "customer.c_address", "customer.c_nationkey", "customer.c_phone", "customer.c_acctbal", "customer.c_mktsegment", "customer.c_comment"]}, {"Node Type": "Hash", "Parent Relationship": "Inner", "Parallel Aware": false, "Startup Cost": 17.65, "Total Cost": 17.65, "Plan Rows": 5, "Plan Width": 33, "Actual Startup Time": 0.017, "Actual Total Time": 0.033, "Actual Rows": 2, "Actual Loops": 1, "Output": ["n2.n_name", "n2.n_nationkey"], "Hash Buckets": 1024, "Original Hash Buckets": 1024, "Hash Batches": 1, "Original Hash Batches": 1, "Peak Memory Usage": 9, "Plans": [{"Node Type": "Seq Scan", "Parent Relationship": "Outer", "Parallel Aware": false, "Relation Name": "nation", "Schema": "public", "Alias": "n2", "Startup Cost": 0.0, "Total Cost": 17.65, "Plan Rows": 5, "Plan Width": 33, "Actual Startup Time": 0.012, "Actual Total Time": 0.017, "Actual Rows": 2, "Actual Loops": 1, "Output": ["n2.n_name", "n2.n_nationkey"], "Filter": "(((n2.n_name)::text = 'CANADA'::text) OR ((n2.n_name)::text = 'BRAZIL'::text))", "Rows Removed by Filter": 23}]}]}]}]}]}]}, {"Node Type": "Hash", "Parent Relationship": "Inner", "Parallel Aware": false, "Startup Cost": 366.18, "Total Cost": 366.18, "Plan Rows": 98, "Plan Width": 33, "Actual Startup Time": 29.841, "Actual Total Time": 29.874, "Actual Rows": 809, "Actual Loops": 1, "Output": ["supplier.s_suppkey", "n1.n_name"], "Hash Buckets": 1024, "Original Hash Buckets": 1024, "Hash Batches": 1, "Original Hash Batches": 1, "Peak Memory Usage": 42, "Plans": [{"Node Type": "Hash Join", "Parent Relationship": "Outer", "Parallel Aware": false, "Join Type": "Inner", "Startup Cost": 17.71, "Total Cost": 366.18, "Plan Rows": 98, "Plan Width": 33, "Actual Startup Time": 6.086, "Actual Total Time": 10.888, "Actual Rows": 809, "Actual Loops": 1, "Output": ["supplier.s_suppkey", "n1.n_name"], "Inner Unique": true, "Hash Cond": "(supplier.s_nationkey = n1.n_nationkey)", "Plans": [{"Node Type": "Seq Scan", "Parent Relationship": "Outer", "Parallel Aware": false, "Relation Name": "supplier", "Schema": "public", "Alias": "supplier", "Startup Cost": 0.0, "Total Cost": 322.0, "Plan Rows": 10000, "Plan Width": 8, "Actual Startup Time": 0.01, "Actual Total Time": 1.861, "Actual Rows": 10000, "Actual Loops": 1, "Output": ["supplier.s_suppkey", "supplier.s_name", "supplier.s_address", "supplier.s_nationkey", "supplier.s_phone", "supplier.s_acctbal", "supplier.s_comment"]}, {"Node Type": "Hash", "Parent Relationship": "Inner", "Parallel Aware": false, "Startup Cost": 17.65, "Total Cost": 17.65, "Plan Rows": 5, "Plan Width": 33, "Actual Startup Time": 0.547, "Actual Total Time": 0.548, "Actual Rows": 2, "Actual Loops": 1, "Output": ["n1.n_name", "n1.n_nationkey"], "Hash Buckets": 1024, "Original Hash Buckets": 1024, "Hash Batches": 1, "Original Hash Batches": 1, "Peak Memory Usage": 9, "Plans": [{"Node Type": "Seq Scan", "Parent Relationship": "Outer", "Parallel Aware": false, "Relation Name": "nation", "Schema": "public", "Alias": "n1", "Startup Cost": 0.0, "Total Cost": 17.65, "Plan Rows": 5, "Plan Width": 33, "Actual Startup Time": 0.009, "Actual Total Time": 0.012, "Actual Rows": 2, "Actual Loops": 1, "Output": ["n1.n_name", "n1.n_nationkey"], "Filter": "(((n1.n_name)::text = 'BRAZIL'::text) OR ((n1.n_name)::text = 'CANADA'::text))", "Rows Removed by Filter": 23}]}]}]}]}]}]}, "Planning Time": 9.909, "Triggers": [], "Execution Time": 13130.428}]
q11#####[{"Plan": {"Node Type": "Aggregate", "Strategy": "Sorted", "Partial Mode": "Simple", "Parallel Aware": false, "Startup Cost": 262533.93, "Total Cost": 262537.04, "Plan Rows": 89, "Plan Width": 98, "Actual Startup Time": 17082.639, "Actual Total Time": 17083.765, "Actual Rows": 4, "Actual Loops": 1, "Output": ["n1.n_name", "n2.n_name", "(date_part('year'::text, (lineitem.l_shipdate)::timestamp without time zone))", "sum((lineitem.l_extendedprice * ('1'::numeric - lineitem.l_discount)))"], "Group Key": ["n1.n_name", "n2.n_name", "(date_part('year'::text, (lineitem.l_shipdate)::timestamp without time zone))"], "Plans": [{"Node Type": "Sort", "Parent Relationship": "Outer", "Parallel Aware": false, "Startup Cost": 262533.93, "Total Cost": 262534.15, "Plan Rows": 89, "Plan Width": 78, "Actual Startup Time": 17075.187, "Actual Total Time": 17075.488, "Actual Rows": 5985, "Actual Loops": 1, "Output": ["n1.n_name", "n2.n_name", "(date_part('year'::text, (lineitem.l_shipdate)::timestamp without time zone))", "lineitem.l_extendedprice", "lineitem.l_discount"], "Sort Key": ["n1.n_name", "n2.n_name", "(date_part('year'::text, (lineitem.l_shipdate)::timestamp without time zone))"], "Sort Method": "quicksort", "Sort Space Used": 660, "Sort Space Type": "Memory", "Plans": [{"Node Type": "Hash Join", "Parent Relationship": "Outer", "Parallel Aware": false, "Join Type": "Inner", "Startup Cost": 52933.46, "Total Cost": 262531.05, "Plan Rows": 89, "Plan Width": 78, "Actual Startup Time": 3151.619, "Actual Total Time": 17034.62, "Actual Rows": 5985, "Actual Loops": 1, "Output": ["n1.n_name", "n2.n_name", "date_part('year'::text, (lineitem.l_shipdate)::timestamp without time zone)", "lineitem.l_extendedprice", "lineitem.l_discount"], "Inner Unique": false, "Hash Cond": "(lineitem.l_suppkey = supplier.s_suppkey)", "Join Filter": "((((n1.n_name)::text = 'ROMANIA'::text) AND ((n2.n_name)::text = 'INDIA'::text)) OR (((n1.n_name)::text = 'INDIA'::text) AND ((n2.n_name)::text = 'ROMANIA'::text)))", "Rows Removed by Join Filter": 5929, "Plans": [{"Node Type": "Hash Join", "Parent Relationship": "Outer", "Parallel Aware": false, "Join Type": "Inner", "Startup Cost": 52566.05, "Total Cost": 262156.04, "Plan Rows": 1810, "Plan Width": 49, "Actual Startup Time": 3143.074, "Actual Total Time": 16885.389, "Actual Rows": 146439, "Actual Loops": 1, "Output": ["lineitem.l_shipdate", "lineitem.l_extendedprice", "lineitem.l_discount", "lineitem.l_suppkey", "n2.n_name"], "Inner Unique": false, "Hash Cond": "(lineitem.l_orderkey = orders.o_orderkey)", "Plans": [{"Node Type": "Seq Scan", "Parent Relationship": "Outer", "Parallel Aware": false, "Relation Name": "lineitem", "Schema": "public", "Alias": "lineitem", "Startup Cost": 0.0, "Total Cost": 202484.64, "Plan Rows": 1846489, "Plan Width": 24, "Actual Startup Time": 0.33, "Actual Total Time": 8570.391, "Actual Rows": 1827668, "Actual Loops": 1, "Output": ["lineitem.l_orderkey", "lineitem.l_partkey", "lineitem.l_suppkey", "lineitem.l_linenumber", "lineitem.l_quantity", "lineitem.l_extendedprice", "lineitem.l_discount", "lineitem.l_tax", "lineitem.l_returnflag", "lineitem.l_linestatus", "lineitem.l_shipdate", "lineitem.l_commitdate", "lineitem.l_receiptdate", "lineitem.l_shipinstruct", "lineitem.l_shipmode", "lineitem.l_comment"], "Filter": "((lineitem.l_shipdate >= '1995-01-01'::date) AND (lineitem.l_shipdate <= '1996-12-31'::date))", "Rows Removed by Filter": 4172335}, {"Node Type": "Hash", "Parent Relationship": "Inner", "Parallel Aware": false, "Startup Cost": 52382.22, "Total Cost": 52382.22, "Plan Rows": 14706, "Plan Width": 33, "Actual Startup Time": 3142.024, "Actual Total Time": 3142.078, "Actual Rows": 120285, "Actual Loops": 1, "Output": ["orders.o_orderkey", "n2.n_name"], "Hash Buckets": 131072, "Original Hash Buckets": 16384, "Hash Batches": 2, "Original Hash Batches": 1, "Peak Memory Usage": 3552, "Plans": [{"Node Type": "Hash Join", "Parent Relationship": "Outer", "Parallel Aware": false, "Join Type": "Inner", "Startup Cost": 5518.12, "Total Cost": 52382.22, "Plan Rows": 14706, "Plan Width": 33, "Actual Startup Time": 536.153, "Actual Total Time": 2981.345, "Actual Rows": 120285, "Actual Loops": 1, "Output": ["orders.o_orderkey", "n2.n_name"], "Inner Unique": false, "Hash Cond": "(orders.o_custkey = customer.c_custkey)", "Plans": [{"Node Type": "Seq Scan", "Parent Relationship": "Outer", "Parallel Aware": false, "Relation Name": "orders", "Schema": "public", "Alias": "orders", "Startup Cost": 0.0, "Total Cost": 41092.0, "Plan Rows": 1500000, "Plan Width": 8, "Actual Startup Time": 0.073, "Actual Total Time": 1709.259, "Actual Rows": 1500000, "Actual Loops": 1, "Output": ["orders.o_orderkey", "orders.o_custkey", "orders.o_orderstatus", "orders.o_totalprice", "orders.o_orderdate", "orders.o_orderpriority", "orders.o_clerk", "orders.o_shippriority", "orders.o_comment"]}, {"Node Type": "Hash", "Parent Relationship": "Inner", "Parallel Aware": false, "Startup Cost": 5499.73, "Total Cost": 5499.73, "Plan Rows": 1471, "Plan Width": 33, "Actual Startup Time": 535.71, "Actual Total Time": 535.75, "Actual Rows": 12142, "Actual Loops": 1, "Output": ["customer.c_custkey", "n2.n_name"], "Hash Buckets": 16384, "Original Hash Buckets": 2048, "Hash Batches": 1, "Original Hash Batches": 1, "Peak Memory Usage": 638, "Plans": [{"Node Type": "Hash Join", "Parent Relationship": "Outer", "Parallel Aware": false, "Join Type": "Inner", "Startup Cost": 17.71, "Total Cost": 5499.73, "Plan Rows": 1471, "Plan Width": 33, "Actual Startup Time": 0.036, "Actual Total Time": 491.845, "Actual Rows": 12142, "Actual Loops": 1, "Output": ["customer.c_custkey", "n2.n_name"], "Inner Unique": true, "Hash Cond": "(customer.c_nationkey = n2.n_nationkey)", "Plans": [{"Node Type": "Seq Scan", "Parent Relationship": "Outer", "Parallel Aware": false, "Relation Name": "customer", "Schema": "public", "Alias": "customer", "Startup Cost": 0.0, "Total Cost": 5085.0, "Plan Rows": 150000, "Plan Width": 8, "Actual Startup Time": 0.006, "Actual Total Time": 118.543, "Actual Rows": 150000, "Actual Loops": 1, "Output": ["customer.c_custkey", "customer.c_name", "customer.c_address", "customer.c_nationkey", "customer.c_phone", "customer.c_acctbal", "customer.c_mktsegment", "customer.c_comment"]}, {"Node Type": "Hash", "Parent Relationship": "Inner", "Parallel Aware": false, "Startup Cost": 17.65, "Total Cost": 17.65, "Plan Rows": 5, "Plan Width": 33, "Actual Startup Time": 0.009, "Actual Total Time": 0.022, "Actual Rows": 2, "Actual Loops": 1, "Output": ["n2.n_name", "n2.n_nationkey"], "Hash Buckets": 1024, "Original Hash Buckets": 1024, "Hash Batches": 1, "Original Hash Batches": 1, "Peak Memory Usage": 9, "Plans": [{"Node Type": "Seq Scan", "Parent Relationship": "Outer", "Parallel Aware": false, "Relation Name": "nation", "Schema": "public", "Alias": "n2", "Startup Cost": 0.0, "Total Cost": 17.65, "Plan Rows": 5, "Plan Width": 33, "Actual Startup Time": 0.006, "Actual Total Time": 0.01, "Actual Rows": 2, "Actual Loops": 1, "Output": ["n2.n_name", "n2.n_nationkey"], "Filter": "(((n2.n_name)::text = 'INDIA'::text) OR ((n2.n_name)::text = 'ROMANIA'::text))", "Rows Removed by Filter": 23}]}]}]}]}]}]}, {"Node Type": "Hash", "Parent Relationship": "Inner", "Parallel Aware": false, "Startup Cost": 366.18, "Total Cost": 366.18, "Plan Rows": 98, "Plan Width": 33, "Actual Startup Time": 7.523, "Actual Total Time": 7.543, "Actual Rows": 813, "Actual Loops": 1, "Output": ["supplier.s_suppkey", "n1.n_name"], "Hash Buckets": 1024, "Original Hash Buckets": 1024, "Hash Batches": 1, "Original Hash Batches": 1, "Peak Memory Usage": 43, "Plans": [{"Node Type": "Hash Join", "Parent Relationship": "Outer", "Parallel Aware": false, "Join Type": "Inner", "Startup Cost": 17.71, "Total Cost": 366.18, "Plan Rows": 98, "Plan Width": 33, "Actual Startup Time": 0.034, "Actual Total Time": 7.353, "Actual Rows": 813, "Actual Loops": 1, "Output": ["supplier.s_suppkey", "n1.n_name"], "Inner Unique": true, "Hash Cond": "(supplier.s_nationkey = n1.n_nationkey)", "Plans": [{"Node Type": "Seq Scan", "Parent Relationship": "Outer", "Parallel Aware": false, "Relation Name": "supplier", "Schema": "public", "Alias": "supplier", "Startup Cost": 0.0, "Total Cost": 322.0, "Plan Rows": 10000, "Plan Width": 8, "Actual Startup Time": 0.004, "Actual Total Time": 0.952, "Actual Rows": 10000, "Actual Loops": 1, "Output": ["supplier.s_suppkey", "supplier.s_name", "supplier.s_address", "supplier.s_nationkey", "supplier.s_phone", "supplier.s_acctbal", "supplier.s_comment"]}, {"Node Type": "Hash", "Parent Relationship": "Inner", "Parallel Aware": false, "Startup Cost": 17.65, "Total Cost": 17.65, "Plan Rows": 5, "Plan Width": 33, "Actual Startup Time": 0.012, "Actual Total Time": 0.021, "Actual Rows": 2, "Actual Loops": 1, "Output": ["n1.n_name", "n1.n_nationkey"], "Hash Buckets": 1024, "Original Hash Buckets": 1024, "Hash Batches": 1, "Original Hash Batches": 1, "Peak Memory Usage": 9, "Plans": [{"Node Type": "Seq Scan", "Parent Relationship": "Outer", "Parallel Aware": false, "Relation Name": "nation", "Schema": "public", "Alias": "n1", "Startup Cost": 0.0, "Total Cost": 17.65, "Plan Rows": 5, "Plan Width": 33, "Actual Startup Time": 0.005, "Actual Total Time": 0.008, "Actual Rows": 2, "Actual Loops": 1, "Output": ["n1.n_name", "n1.n_nationkey"], "Filter": "(((n1.n_name)::text = 'ROMANIA'::text) OR ((n1.n_name)::text = 'INDIA'::text))", "Rows Removed by Filter": 23}]}]}]}]}]}]}, "Planning Time": 3.696, "Triggers": [], "Execution Time": 17084.265}]
q12#####[{"Plan": {"Node Type": "Aggregate", "Strategy": "Sorted", "Partial Mode": "Simple", "Parallel Aware": false, "Startup Cost": 262533.93, "Total Cost": 262537.04, "Plan Rows": 89, "Plan Width": 98, "Actual Startup Time": 15524.358, "Actual Total Time": 15525.564, "Actual Rows": 4, "Actual Loops": 1, "Output": ["n1.n_name", "n2.n_name", "(date_part('year'::text, (lineitem.l_shipdate)::timestamp without time zone))", "sum((lineitem.l_extendedprice * ('1'::numeric - lineitem.l_discount)))"], "Group Key": ["n1.n_name", "n2.n_name", "(date_part('year'::text, (lineitem.l_shipdate)::timestamp without time zone))"], "Plans": [{"Node Type": "Sort", "Parent Relationship": "Outer", "Parallel Aware": false, "Startup Cost": 262533.93, "Total Cost": 262534.15, "Plan Rows": 89, "Plan Width": 78, "Actual Startup Time": 15523.944, "Actual Total Time": 15524.24, "Actual Rows": 5952, "Actual Loops": 1, "Output": ["n1.n_name", "n2.n_name", "(date_part('year'::text, (lineitem.l_shipdate)::timestamp without time zone))", "lineitem.l_extendedprice", "lineitem.l_discount"], "Sort Key": ["n1.n_name", "n2.n_name", "(date_part('year'::text, (lineitem.l_shipdate)::timestamp without time zone))"], "Sort Method": "quicksort", "Sort Space Used": 658, "Sort Space Type": "Memory", "Plans": [{"Node Type": "Hash Join", "Parent Relationship": "Outer", "Parallel Aware": false, "Join Type": "Inner", "Startup Cost": 52933.46, "Total Cost": 262531.05, "Plan Rows": 89, "Plan Width": 78, "Actual Startup Time": 3354.584, "Actual Total Time": 15460.07, "Actual Rows": 5952, "Actual Loops": 1, "Output": ["n1.n_name", "n2.n_name", "date_part('year'::text, (lineitem.l_shipdate)::timestamp without time zone)", "lineitem.l_extendedprice", "lineitem.l_discount"], "Inner Unique": false, "Hash Cond": "(lineitem.l_suppkey = supplier.s_suppkey)", "Join Filter": "((((n1.n_name)::text = 'VIETNAM'::text) AND ((n2.n_name)::text = 'RUSSIA'::text)) OR (((n1.n_name)::text = 'RUSSIA'::text) AND ((n2.n_name)::text = 'VIETNAM'::text)))", "Rows Removed by Join Filter": 6136, "Plans": [{"Node Type": "Hash Join", "Parent Relationship": "Outer", "Parallel Aware": false, "Join Type": "Inner", "Startup Cost": 52566.05, "Total Cost": 262156.04, "Plan Rows": 1810, "Plan Width": 49, "Actual Startup Time": 3327.028, "Actual Total Time": 15281.599, "Actual Rows": 148596, "Actual Loops": 1, "Output": ["lineitem.l_shipdate", "lineitem.l_extendedprice", "lineitem.l_discount", "lineitem.l_suppkey", "n2.n_name"], "Inner Unique": false, "Hash Cond": "(lineitem.l_orderkey = orders.o_orderkey)", "Plans": [{"Node Type": "Seq Scan", "Parent Relationship": "Outer", "Parallel Aware": false, "Relation Name": "lineitem", "Schema": "public", "Alias": "lineitem", "Startup Cost": 0.0, "Total Cost": 202484.64, "Plan Rows": 1846489, "Plan Width": 24, "Actual Startup Time": 0.036, "Actual Total Time": 8481.853, "Actual Rows": 1827668, "Actual Loops": 1, "Output": ["lineitem.l_orderkey", "lineitem.l_partkey", "lineitem.l_suppkey", "lineitem.l_linenumber", "lineitem.l_quantity", "lineitem.l_extendedprice", "lineitem.l_discount", "lineitem.l_tax", "lineitem.l_returnflag", "lineitem.l_linestatus", "lineitem.l_shipdate", "lineitem.l_commitdate", "lineitem.l_receiptdate", "lineitem.l_shipinstruct", "lineitem.l_shipmode", "lineitem.l_comment"], "Filter": "((lineitem.l_shipdate >= '1995-01-01'::date) AND (lineitem.l_shipdate <= '1996-12-31'::date))", "Rows Removed by Filter": 4172335}, {"Node Type": "Hash", "Parent Relationship": "Inner", "Parallel Aware": false, "Startup Cost": 52382.22, "Total Cost": 52382.22, "Plan Rows": 14706, "Plan Width": 33, "Actual Startup Time": 3318.521, "Actual Total Time": 3318.564, "Actual Rows": 121483, "Actual Loops": 1, "Output": ["orders.o_orderkey", "n2.n_name"], "Hash Buckets": 131072, "Original Hash Buckets": 16384, "Hash Batches": 2, "Original Hash Batches": 1, "Peak Memory Usage": 3595, "Plans": [{"Node Type": "Hash Join", "Parent Relationship": "Outer", "Parallel Aware": false, "Join Type": "Inner", "Startup Cost": 5518.12, "Total Cost": 52382.22, "Plan Rows": 14706, "Plan Width": 33, "Actual Startup Time": 713.628, "Actual Total Time": 3150.517, "Actual Rows": 121483, "Actual Loops": 1, "Output": ["orders.o_orderkey", "n2.n_name"], "Inner Unique": false, "Hash Cond": "(orders.o_custkey = customer.c_custkey)", "Plans": [{"Node Type": "Seq Scan", "Parent Relationship": "Outer", "Parallel Aware": false, "Relation Name": "orders", "Schema": "public", "Alias": "orders", "Startup Cost": 0.0, "Total Cost": 41092.0, "Plan Rows": 1500000, "Plan Width": 8, "Actual Startup Time": 0.024, "Actual Total Time": 1798.297, "Actual Rows": 1500000, "Actual Loops": 1, "Output": ["orders.o_orderkey", "orders.o_custkey", "orders.o_orderstatus", "orders.o_totalprice", "orders.o_orderdate", "orders.o_orderpriority", "orders.o_clerk", "orders.o_shippriority", "orders.o_comment"]}, {"Node Type": "Hash", "Parent Relationship": "Inner", "Parallel Aware": false, "Startup Cost": 5499.73, "Total Cost": 5499.73, "Plan Rows": 1471, "Plan Width": 33, "Actual Startup Time": 713.546, "Actual Total Time": 713.573, "Actual Rows": 12086, "Actual Loops": 1, "Output": ["customer.c_custkey", "n2.n_name"], "Hash Buckets": 16384, "Original Hash Buckets": 2048, "Hash Batches": 1, "Original Hash Batches": 1, "Peak Memory Usage": 642, "Plans": [{"Node Type": "Hash Join", "Parent Relationship": "Outer", "Parallel Aware": false, "Join Type": "Inner", "Startup Cost": 17.71, "Total Cost": 5499.73, "Plan Rows": 1471, "Plan Width": 33, "Actual Startup Time": 0.082, "Actual Total Time": 657.371, "Actual Rows": 12086, "Actual Loops": 1, "Output": ["customer.c_custkey", "n2.n_name"], "Inner Unique": true, "Hash Cond": "(customer.c_nationkey = n2.n_nationkey)", "Plans": [{"Node Type": "Seq Scan", "Parent Relationship": "Outer", "Parallel Aware": false, "Relation Name": "customer", "Schema": "public", "Alias": "customer", "Startup Cost": 0.0, "Total Cost": 5085.0, "Plan Rows": 150000, "Plan Width": 8, "Actual Startup Time": 0.005, "Actual Total Time": 88.611, "Actual Rows": 150000, "Actual Loops": 1, "Output": ["customer.c_custkey", "customer.c_name", "customer.c_address", "customer.c_nationkey", "customer.c_phone", "customer.c_acctbal", "customer.c_mktsegment", "customer.c_comment"]}, {"Node Type": "Hash", "Parent Relationship": "Inner", "Parallel Aware": false, "Startup Cost": 17.65, "Total Cost": 17.65, "Plan Rows": 5, "Plan Width": 33, "Actual Startup Time": 0.023, "Actual Total Time": 0.032, "Actual Rows": 2, "Actual Loops": 1, "Output": ["n2.n_name", "n2.n_nationkey"], "Hash Buckets": 1024, "Original Hash Buckets": 1024, "Hash Batches": 1, "Original Hash Batches": 1, "Peak Memory Usage": 9, "Plans": [{"Node Type": "Seq Scan", "Parent Relationship": "Outer", "Parallel Aware": false, "Relation Name": "nation", "Schema": "public", "Alias": "n2", "Startup Cost": 0.0, "Total Cost": 17.65, "Plan Rows": 5, "Plan Width": 33, "Actual Startup Time": 0.011, "Actual Total Time": 0.015, "Actual Rows": 2, "Actual Loops": 1, "Output": ["n2.n_name", "n2.n_nationkey"], "Filter": "(((n2.n_name)::text = 'RUSSIA'::text) OR ((n2.n_name)::text = 'VIETNAM'::text))", "Rows Removed by Filter": 23}]}]}]}]}]}]}, {"Node Type": "Hash", "Parent Relationship": "Inner", "Parallel Aware": false, "Startup Cost": 366.18, "Total Cost": 366.18, "Plan Rows": 98, "Plan Width": 33, "Actual Startup Time": 22.25, "Actual Total Time": 22.257, "Actual Rows": 800, "Actual Loops": 1, "Output": ["supplier.s_suppkey", "n1.n_name"], "Hash Buckets": 1024, "Original Hash Buckets": 1024, "Hash Batches": 1, "Original Hash Batches": 1, "Peak Memory Usage": 42, "Plans": [{"Node Type": "Hash Join", "Parent Relationship": "Outer", "Parallel Aware": false, "Join Type": "Inner", "Startup Cost": 17.71, "Total Cost": 366.18, "Plan Rows": 98, "Plan Width": 33, "Actual Startup Time": 0.601, "Actual Total Time": 16.916, "Actual Rows": 800, "Actual Loops": 1, "Output": ["supplier.s_suppkey", "n1.n_name"], "Inner Unique": true, "Hash Cond": "(supplier.s_nationkey = n1.n_nationkey)", "Plans": [{"Node Type": "Seq Scan", "Parent Relationship": "Outer", "Parallel Aware": false, "Relation Name": "supplier", "Schema": "public", "Alias": "supplier", "Startup Cost": 0.0, "Total Cost": 322.0, "Plan Rows": 10000, "Plan Width": 8, "Actual Startup Time": 0.016, "Actual Total Time": 0.814, "Actual Rows": 10000, "Actual Loops": 1, "Output": ["supplier.s_suppkey", "supplier.s_name", "supplier.s_address", "supplier.s_nationkey", "supplier.s_phone", "supplier.s_acctbal", "supplier.s_comment"]}, {"Node Type": "Hash", "Parent Relationship": "Inner", "Parallel Aware": false, "Startup Cost": 17.65, "Total Cost": 17.65, "Plan Rows": 5, "Plan Width": 33, "Actual Startup Time": 0.017, "Actual Total Time": 0.023, "Actual Rows": 2, "Actual Loops": 1, "Output": ["n1.n_name", "n1.n_nationkey"], "Hash Buckets": 1024, "Original Hash Buckets": 1024, "Hash Batches": 1, "Original Hash Batches": 1, "Peak Memory Usage": 9, "Plans": [{"Node Type": "Seq Scan", "Parent Relationship": "Outer", "Parallel Aware": false, "Relation Name": "nation", "Schema": "public", "Alias": "n1", "Startup Cost": 0.0, "Total Cost": 17.65, "Plan Rows": 5, "Plan Width": 33, "Actual Startup Time": 0.008, "Actual Total Time": 0.011, "Actual Rows": 2, "Actual Loops": 1, "Output": ["n1.n_name", "n1.n_nationkey"], "Filter": "(((n1.n_name)::text = 'VIETNAM'::text) OR ((n1.n_name)::text = 'RUSSIA'::text))", "Rows Removed by Filter": 23}]}]}]}]}]}]}, "Planning Time": 2.556, "Triggers": [], "Execution Time": 15531.357}]
q13#####[{"Plan": {"Node Type": "Sort", "Parallel Aware": false, "Startup Cost": 3024189.51, "Total Cost": 3037793.76, "Plan Rows": 5441700, "Plan Width": 205, "Actual Startup Time": 9192.196, "Actual Total Time": 9199.467, "Actual Rows": 38269, "Actual Loops": 1, "Output": ["customer.c_custkey", "customer.c_name", "(sum((lineitem.l_extendedprice * ('1'::numeric - lineitem.l_discount))))", "customer.c_acctbal", "nation.n_name", "customer.c_address", "customer.c_phone", "customer.c_comment"], "Sort Key": ["(sum((lineitem.l_extendedprice * ('1'::numeric - lineitem.l_discount)))) DESC"], "Sort Method": "external merge", "Sort Space Used": 6464, "Sort Space Type": "Disk", "Plans": [{"Node Type": "Aggregate", "Strategy": "Sorted", "Partial Mode": "Simple", "Parent Relationship": "Outer", "Parallel Aware": false, "Startup Cost": 278439.27, "Total Cost": 797216.79, "Plan Rows": 5441700, "Plan Width": 205, "Actual Startup Time": 8639.548, "Actual Total Time": 9141.682, "Actual Rows": 38269, "Actual Loops": 1, "Output": ["customer.c_custkey", "customer.c_name", "sum((lineitem.l_extendedprice * ('1'::numeric - lineitem.l_discount)))", "customer.c_acctbal", "nation.n_name", "customer.c_address", "customer.c_phone", "customer.c_comment"], "Group Key": ["customer.c_custkey", "customer.c_name", "customer.c_acctbal", "customer.c_phone", "nation.n_name", "customer.c_address", "customer.c_comment"], "Plans": [{"Node Type": "Incremental Sort", "Parent Relationship": "Outer", "Parallel Aware": false, "Startup Cost": 278439.27, "Total Cost": 593153.04, "Plan Rows": 5441700, "Plan Width": 185, "Actual Startup Time": 8639.367, "Actual Total Time": 9029.442, "Actual Rows": 112872, "Actual Loops": 1, "Output": ["customer.c_custkey", "customer.c_name", "customer.c_acctbal", "nation.n_name", "customer.c_address", "customer.c_phone", "customer.c_comment", "lineitem.l_extendedprice", "lineitem.l_discount"], "Sort Key": ["customer.c_custkey", "customer.c_name", "customer.c_acctbal", "customer.c_phone", "nation.n_name", "customer.c_address", "customer.c_comment"], "Presorted Key": ["customer.c_custkey"], "Full-sort Groups": {"Group Count": 3358, "Sort Methods Used": ["quicksort"], "Sort Space Memory": {"Average Sort Space Used": 33, "Peak Sort Space Used": 33}}, "Plans": [{"Node Type": "Merge Join", "Parent Relationship": "Outer", "Parallel Aware": false, "Join Type": "Inner", "Startup Cost": 278437.69, "Total Cost": 280003.94, "Plan Rows": 5441700, "Plan Width": 185, "Actual Startup Time": 8639.157, "Actual Total Time": 8960.729, "Actual Rows": 112872, "Actual Loops": 1, "Output": ["customer.c_custkey", "customer.c_name", "customer.c_acctbal", "nation.n_name", "customer.c_address", "customer.c_phone", "customer.c_comment", "lineitem.l_extendedprice", "lineitem.l_discount"], "Inner Unique": false, "Merge Cond": "(customer.c_custkey = orders.o_custkey)", "Plans": [{"Node Type": "Sort", "Parent Relationship": "Outer", "Parallel Aware": false, "Startup Cost": 31219.95, "Total Cost": 31594.95, "Plan Rows": 150000, "Plan Width": 173, "Actual Startup Time": 606.884, "Actual Total Time": 856.445, "Actual Rows": 150000, "Actual Loops": 1, "Output": ["customer.c_custkey", "customer.c_name", "customer.c_acctbal", "customer.c_address", "customer.c_phone", "customer.c_comment", "nation.n_name"], "Sort Key": ["customer.c_custkey"], "Sort Method": "external merge", "Sort Space Used": 24056, "Sort Space Type": "Disk", "Plans": [{"Node Type": "Hash Join", "Parent Relationship": "Outer", "Parallel Aware": false, "Join Type": "Inner", "Startup Cost": 21.48, "Total Cost": 5503.5, "Plan Rows": 150000, "Plan Width": 173, "Actual Startup Time": 0.112, "Actual Total Time": 296.974, "Actual Rows": 150000, "Actual Loops": 1, "Output": ["customer.c_custkey", "customer.c_name", "customer.c_acctbal", "customer.c_address", "customer.c_phone", "customer.c_comment", "nation.n_name"], "Inner Unique": true, "Hash Cond": "(customer.c_nationkey = nation.n_nationkey)", "Plans": [{"Node Type": "Seq Scan", "Parent Relationship": "Outer", "Parallel Aware": false, "Relation Name": "customer", "Schema": "public", "Alias": "customer", "Startup Cost": 0.0, "Total Cost": 5085.0, "Plan Rows": 150000, "Plan Width": 148, "Actual Startup Time": 0.059, "Actual Total Time": 32.605, "Actual Rows": 150000, "Actual Loops": 1, "Output": ["customer.c_custkey", "customer.c_name", "customer.c_address", "customer.c_nationkey", "customer.c_phone", "customer.c_acctbal", "customer.c_mktsegment", "customer.c_comment"]}, {"Node Type": "Hash", "Parent Relationship": "Inner", "Parallel Aware": false, "Startup Cost": 15.1, "Total Cost": 15.1, "Plan Rows": 510, "Plan Width": 33, "Actual Startup Time": 0.031, "Actual Total Time": 0.041, "Actual Rows": 25, "Actual Loops": 1, "Output": ["nation.n_name", "nation.n_nationkey"], "Hash Buckets": 1024, "Original Hash Buckets": 1024, "Hash Batches": 1, "Original Hash Batches": 1, "Peak Memory Usage": 10, "Plans": [{"Node Type": "Seq Scan", "Parent Relationship": "Outer", "Parallel Aware": false, "Relation Name": "nation", "Schema": "public", "Alias": "nation", "Startup Cost": 0.0, "Total Cost": 15.1, "Plan Rows": 510, "Plan Width": 33, "Actual Startup Time": 0.02, "Actual Total Time": 0.025, "Actual Rows": 25, "Actual Loops": 1, "Output": ["nation.n_name", "nation.n_nationkey"]}]}]}]}, {"Node Type": "Sort", "Parent Relationship": "Inner", "Parallel Aware": false, "Startup Cost": 247217.74, "Total Cost": 247353.78, "Plan Rows": 54417, "Plan Width": 16, "Actual Startup Time": 8032.036, "Actual Total Time": 8043.023, "Actual Rows": 112872, "Actual Loops": 1, "Output": ["orders.o_custkey", "lineitem.l_extendedprice", "lineitem.l_discount"], "Sort Key": ["orders.o_custkey"], "Sort Method": "external sort", "Sort Space Used": 3480, "Sort Space Type": "Disk", "Plans": [{"Node Type": "Hash Join", "Parent Relationship": "Outer", "Parallel Aware": false, "Join Type": "Inner", "Startup Cost": 49270.41, "Total Cost": 242937.36, "Plan Rows": 54417, "Plan Width": 16, "Actual Startup Time": 2120.966, "Actual Total Time": 7801.831, "Actual Rows": 112872, "Actual Loops": 1, "Output": ["orders.o_custkey", "lineitem.l_extendedprice", "lineitem.l_discount"], "Inner Unique": false, "Hash Cond": "(lineitem.l_orderkey = orders.o_orderkey)", "Plans": [{"Node Type": "Seq Scan", "Parent Relationship": "Outer", "Parallel Aware": false, "Relation Name": "lineitem", "Schema": "public", "Alias": "lineitem", "Startup Cost": 0.0, "Total Cost": 187482.86, "Plan Rows": 1503978, "Plan Width": 16, "Actual Startup Time": 0.047, "Actual Total Time": 4866.233, "Actual Rows": 1479175, "Actual Loops": 1, "Output": ["lineitem.l_orderkey", "lineitem.l_partkey", "lineitem.l_suppkey", "lineitem.l_linenumber", "lineitem.l_quantity", "lineitem.l_extendedprice", "lineitem.l_discount", "lineitem.l_tax", "lineitem.l_returnflag", "lineitem.l_linestatus", "lineitem.l_shipdate", "lineitem.l_commitdate", "lineitem.l_receiptdate", "lineitem.l_shipinstruct", "lineitem.l_shipmode", "lineitem.l_comment"], "Filter": "(lineitem.l_returnflag = 'R'::bpchar)", "Rows Removed by Filter": 4520828}, {"Node Type": "Hash", "Parent Relationship": "Inner", "Parallel Aware": false, "Startup Cost": 48592.0, "Total Cost": 48592.0, "Plan Rows": 54273, "Plan Width": 8, "Actual Startup Time": 2120.316, "Actual Total Time": 2120.317, "Actual Rows": 56468, "Actual Loops": 1, "Output": ["orders.o_custkey", "orders.o_orderkey"], "Hash Buckets": 65536, "Original Hash Buckets": 65536, "Hash Batches": 1, "Original Hash Batches": 1, "Peak Memory Usage": 2718, "Plans": [{"Node Type": "Seq Scan", "Parent Relationship": "Outer", "Parallel Aware": false, "Relation Name": "orders", "Schema": "public", "Alias": "orders", "Startup Cost": 0.0, "Total Cost": 48592.0, "Plan Rows": 54273, "Plan Width": 8, "Actual Startup Time": 0.012, "Actual Total Time": 2031.884, "Actual Rows": 56468, "Actual Loops": 1, "Output": ["orders.o_custkey", "orders.o_orderkey"], "Filter": "((orders.o_orderdate >= '1994-09-02'::date) AND (orders.o_orderdate < '1994-12-02 00:00:00'::timestamp without time zone))", "Rows Removed by Filter": 1443532}]}]}]}]}]}]}]}, "Planning Time": 6.291, "Triggers": [], "Execution Time": 9206.526}]
q14#####[{"Plan": {"Node Type": "Sort", "Parallel Aware": false, "Startup Cost": 3129743.99, "Total Cost": 3143852.49, "Plan Rows": 5643400, "Plan Width": 205, "Actual Startup Time": 7499.378, "Actual Total Time": 7509.165, "Actual Rows": 36354, "Actual Loops": 1, "Output": ["customer.c_custkey", "customer.c_name", "(sum((lineitem.l_extendedprice * ('1'::numeric - lineitem.l_discount))))", "customer.c_acctbal", "nation.n_name", "customer.c_address", "customer.c_phone", "customer.c_comment"], "Sort Key": ["(sum((lineitem.l_extendedprice * ('1'::numeric - lineitem.l_discount)))) DESC"], "Sort Method": "external merge", "Sort Space Used": 6152, "Sort Space Type": "Disk", "Plans": [{"Node Type": "Aggregate", "Strategy": "Sorted", "Partial Mode": "Simple", "Parent Relationship": "Outer", "Parallel Aware": false, "Startup Cost": 278658.13, "Total Cost": 818747.85, "Plan Rows": 5643400, "Plan Width": 205, "Actual Startup Time": 7215.166, "Actual Total Time": 7462.168, "Actual Rows": 36354, "Actual Loops": 1, "Output": ["customer.c_custkey", "customer.c_name", "sum((lineitem.l_extendedprice * ('1'::numeric - lineitem.l_discount)))", "customer.c_acctbal", "nation.n_name", "customer.c_address", "customer.c_phone", "customer.c_comment"], "Group Key": ["customer.c_custkey", "customer.c_name", "customer.c_acctbal", "customer.c_phone", "nation.n_name", "customer.c_address", "customer.c_comment"], "Plans": [{"Node Type": "Incremental Sort", "Parent Relationship": "Outer", "Parallel Aware": false, "Startup Cost": 278658.13, "Total Cost": 607120.35, "Plan Rows": 5643400, "Plan Width": 185, "Actual Startup Time": 7215.126, "Actual Total Time": 7369.598, "Actual Rows": 94570, "Actual Loops": 1, "Output": ["customer.c_custkey", "customer.c_name", "customer.c_acctbal", "nation.n_name", "customer.c_address", "customer.c_phone", "customer.c_comment", "lineitem.l_extendedprice", "lineitem.l_discount"], "Sort Key": ["customer.c_custkey", "customer.c_name", "customer.c_acctbal", "customer.c_phone", "nation.n_name", "customer.c_address", "customer.c_comment"], "Presorted Key": ["customer.c_custkey"], "Full-sort Groups": {"Group Count": 2837, "Sort Methods Used": ["quicksort"], "Sort Space Memory": {"Average Sort Space Used": 34, "Peak Sort Space Used": 34}}, "Plans": [{"Node Type": "Merge Join", "Parent Relationship": "Outer", "Parallel Aware": false, "Join Type": "Inner", "Startup Cost": 278656.48, "Total Cost": 280252.99, "Plan Rows": 5643400, "Plan Width": 185, "Actual Startup Time": 7215.033, "Actual Total Time": 7317.309, "Actual Rows": 94570, "Actual Loops": 1, "Output": ["customer.c_custkey", "customer.c_name", "customer.c_acctbal", "nation.n_name", "customer.c_address", "customer.c_phone", "customer.c_comment", "lineitem.l_extendedprice", "lineitem.l_discount"], "Inner Unique": false, "Merge Cond": "(customer.c_custkey = orders.o_custkey)", "Plans": [{"Node Type": "Sort", "Parent Relationship": "Outer", "Parallel Aware": false, "Startup Cost": 31219.95, "Total Cost": 31594.95, "Plan Rows": 150000, "Plan Width": 173, "Actual Startup Time": 651.252, "Actual Total Time": 695.646, "Actual Rows": 150000, "Actual Loops": 1, "Output": ["customer.c_custkey", "customer.c_name", "customer.c_acctbal", "customer.c_address", "customer.c_phone", "customer.c_comment", "nation.n_name"], "Sort Key": ["customer.c_custkey"], "Sort Method": "external merge", "Sort Space Used": 24056, "Sort Space Type": "Disk", "Plans": [{"Node Type": "Hash Join", "Parent Relationship": "Outer", "Parallel Aware": false, "Join Type": "Inner", "Startup Cost": 21.48, "Total Cost": 5503.5, "Plan Rows": 150000, "Plan Width": 173, "Actual Startup Time": 0.086, "Actual Total Time": 192.328, "Actual Rows": 150000, "Actual Loops": 1, "Output": ["customer.c_custkey", "customer.c_name", "customer.c_acctbal", "customer.c_address", "customer.c_phone", "customer.c_comment", "nation.n_name"], "Inner Unique": true, "Hash Cond": "(customer.c_nationkey = nation.n_nationkey)", "Plans": [{"Node Type": "Seq Scan", "Parent Relationship": "Outer", "Parallel Aware": false, "Relation Name": "customer", "Schema": "public", "Alias": "customer", "Startup Cost": 0.0, "Total Cost": 5085.0, "Plan Rows": 150000, "Plan Width": 148, "Actual Startup Time": 0.034, "Actual Total Time": 49.475, "Actual Rows": 150000, "Actual Loops": 1, "Output": ["customer.c_custkey", "customer.c_name", "customer.c_address", "customer.c_nationkey", "customer.c_phone", "customer.c_acctbal", "customer.c_mktsegment", "customer.c_comment"]}, {"Node Type": "Hash", "Parent Relationship": "Inner", "Parallel Aware": false, "Startup Cost": 15.1, "Total Cost": 15.1, "Plan Rows": 510, "Plan Width": 33, "Actual Startup Time": 0.021, "Actual Total Time": 0.026, "Actual Rows": 25, "Actual Loops": 1, "Output": ["nation.n_name", "nation.n_nationkey"], "Hash Buckets": 1024, "Original Hash Buckets": 1024, "Hash Batches": 1, "Original Hash Batches": 1, "Peak Memory Usage": 10, "Plans": [{"Node Type": "Seq Scan", "Parent Relationship": "Outer", "Parallel Aware": false, "Relation Name": "nation", "Schema": "public", "Alias": "nation", "Startup Cost": 0.0, "Total Cost": 15.1, "Plan Rows": 510, "Plan Width": 33, "Actual Startup Time": 0.011, "Actual Total Time": 0.014, "Actual Rows": 25, "Actual Loops": 1, "Output": ["nation.n_name", "nation.n_nationkey"]}]}]}]}, {"Node Type": "Sort", "Parent Relationship": "Inner", "Parallel Aware": false, "Startup Cost": 247436.53, "Total Cost": 247577.62, "Plan Rows": 56434, "Plan Width": 16, "Actual Startup Time": 6563.715, "Actual Total Time": 6574.721, "Actual Rows": 94570, "Actual Loops": 1, "Output": ["orders.o_custkey", "lineitem.l_extendedprice", "lineitem.l_discount"], "Sort Key": ["orders.o_custkey"], "Sort Method": "external sort", "Sort Space Used": 2928, "Sort Space Type": "Disk", "Plans": [{"Node Type": "Hash Join", "Parent Relationship": "Outer", "Parallel Aware": false, "Join Type": "Inner", "Startup Cost": 49295.56, "Total Cost": 242982.68, "Plan Rows": 56434, "Plan Width": 16, "Actual Startup Time": 966.474, "Actual Total Time": 6352.031, "Actual Rows": 94570, "Actual Loops": 1, "Output": ["orders.o_custkey", "lineitem.l_extendedprice", "lineitem.l_discount"], "Inner Unique": false, "Hash Cond": "(lineitem.l_orderkey = orders.o_orderkey)", "Plans": [{"Node Type": "Seq Scan", "Parent Relationship": "Outer", "Parallel Aware": false, "Relation Name": "lineitem", "Schema": "public", "Alias": "lineitem", "Startup Cost": 0.0, "Total Cost": 187482.86, "Plan Rows": 1503978, "Plan Width": 16, "Actual Startup Time": 0.045, "Actual Total Time": 4562.521, "Actual Rows": 1479175, "Actual Loops": 1, "Output": ["lineitem.l_orderkey", "lineitem.l_partkey", "lineitem.l_suppkey", "lineitem.l_linenumber", "lineitem.l_quantity", "lineitem.l_extendedprice", "lineitem.l_discount", "lineitem.l_tax", "lineitem.l_returnflag", "lineitem.l_linestatus", "lineitem.l_shipdate", "lineitem.l_commitdate", "lineitem.l_receiptdate", "lineitem.l_shipinstruct", "lineitem.l_shipmode", "lineitem.l_comment"], "Filter": "(lineitem.l_returnflag = 'R'::bpchar)", "Rows Removed by Filter": 4520828}, {"Node Type": "Hash", "Parent Relationship": "Inner", "Parallel Aware": false, "Startup Cost": 48592.0, "Total Cost": 48592.0, "Plan Rows": 56285, "Plan Width": 8, "Actual Startup Time": 965.497, "Actual Total Time": 965.498, "Actual Rows": 56506, "Actual Loops": 1, "Output": ["orders.o_custkey", "orders.o_orderkey"], "Hash Buckets": 65536, "Original Hash Buckets": 65536, "Hash Batches": 1, "Original Hash Batches": 1, "Peak Memory Usage": 2720, "Plans": [{"Node Type": "Seq Scan", "Parent Relationship": "Outer", "Parallel Aware": false, "Relation Name": "orders", "Schema": "public", "Alias": "orders", "Startup Cost": 0.0, "Total Cost": 48592.0, "Plan Rows": 56285, "Plan Width": 8, "Actual Startup Time": 0.013, "Actual Total Time": 940.701, "Actual Rows": 56506, "Actual Loops": 1, "Output": ["orders.o_custkey", "orders.o_orderkey"], "Filter": "((orders.o_orderdate >= '1995-01-01'::date) AND (orders.o_orderdate < '1995-04-01 00:00:00'::timestamp without time zone))", "Rows Removed by Filter": 1443494}]}]}]}]}]}]}]}, "Planning Time": 31.832, "Triggers": [], "Execution Time": 7514.659}]
q15#####[{"Plan": {"Node Type": "Aggregate", "Strategy": "Sorted", "Partial Mode": "Simple", "Parallel Aware": false, "Startup Cost": 258652.05, "Total Cost": 258655.2, "Plan Rows": 70, "Plan Width": 40, "Actual Startup Time": 9625.508, "Actual Total Time": 9625.873, "Actual Rows": 2, "Actual Loops": 1, "Output": ["(date_part('year'::text, (orders.o_orderdate)::timestamp without time zone))", "(sum(CASE WHEN ((n2.n_name)::text = 'EGYPT'::text) THEN (lineitem.l_extendedprice * ('1'::numeric - lineitem.l_discount)) ELSE '0'::numeric END) / sum((lineitem.l_extendedprice * ('1'::numeric - lineitem.l_discount))))"], "Group Key": ["(date_part('year'::text, (orders.o_orderdate)::timestamp without time zone))"], "Plans": [{"Node Type": "Sort", "Parent Relationship": "Outer", "Parallel Aware": false, "Startup Cost": 258652.05, "Total Cost": 258652.22, "Plan Rows": 70, "Plan Width": 49, "Actual Startup Time": 9625.097, "Actual Total Time": 9625.293, "Actual Rows": 2428, "Actual Loops": 1, "Output": ["(date_part('year'::text, (orders.o_orderdate)::timestamp without time zone))", "n2.n_name", "lineitem.l_extendedprice", "lineitem.l_discount"], "Sort Key": ["(date_part('year'::text, (orders.o_orderdate)::timestamp without time zone))"], "Sort Method": "quicksort", "Sort Space Used": 286, "Sort Space Type": "Memory", "Plans": [{"Node Type": "Nested Loop", "Parent Relationship": "Outer", "Parallel Aware": false, "Join Type": "Inner", "Startup Cost": 63105.36, "Total Cost": 258649.9, "Plan Rows": 70, "Plan Width": 49, "Actual Startup Time": 3317.048, "Actual Total Time": 9605.102, "Actual Rows": 2428, "Actual Loops": 1, "Output": ["date_part('year'::text, (orders.o_orderdate)::timestamp without time zone)", "n2.n_name", "lineitem.l_extendedprice", "lineitem.l_discount"], "Inner Unique": true, "Plans": [{"Node Type": "Hash Join", "Parent Relationship": "Outer", "Parallel Aware": false, "Join Type": "Inner", "Startup Cost": 63105.21, "Total Cost": 258637.67, "Plan Rows": 70, "Plan Width": 20, "Actual Startup Time": 3316.942, "Actual Total Time": 9575.144, "Actual Rows": 2428, "Actual Loops": 1, "Output": ["lineitem.l_extendedprice", "lineitem.l_discount", "supplier.s_nationkey", "orders.o_orderdate"], "Inner Unique": false, "Hash Cond": "(lineitem.l_suppkey = supplier.s_suppkey)", "Plans": [{"Node Type": "Hash Join", "Parent Relationship": "Outer", "Parallel Aware": false, "Join Type": "Inner", "Startup Cost": 62658.21, "Total Cost": 258189.7, "Plan Rows": 70, "Plan Width": 20, "Actual Startup Time": 3250.309, "Actual Total Time": 9500.887, "Actual Rows": 2428, "Actual Loops": 1, "Output": ["lineitem.l_extendedprice", "lineitem.l_discount", "lineitem.l_suppkey", "orders.o_orderdate"], "Inner Unique": false, "Hash Cond": "(lineitem.l_orderkey = orders.o_orderkey)", "Plans": [{"Node Type": "Hash Join", "Parent Relationship": "Outer", "Parallel Aware": false, "Join Type": "Inner", "Startup Cost": 6597.57, "Total Cost": 201979.17, "Plan Rows": 39785, "Plan Width": 20, "Actual Startup Time": 1275.71, "Actual Total Time": 7384.247, "Actual Rows": 41022, "Actual Loops": 1, "Output": ["lineitem.l_extendedprice", "lineitem.l_discount", "lineitem.l_suppkey", "lineitem.l_orderkey"], "Inner Unique": false, "Hash Cond": "(lineitem.l_partkey = part.p_partkey)", "Plans": [{"Node Type": "Seq Scan", "Parent Relationship": "Outer", "Parallel Aware": false, "Relation Name": "lineitem", "Schema": "public", "Alias": "lineitem", "Startup Cost": 0.0, "Total Cost": 172481.09, "Plan Rows": 6000709, "Plan Width": 24, "Actual Startup Time": 0.03, "Actual Total Time": 4436.775, "Actual Rows": 6000003, "Actual Loops": 1, "Output": ["lineitem.l_orderkey", "lineitem.l_partkey", "lineitem.l_suppkey", "lineitem.l_linenumber", "lineitem.l_quantity", "lineitem.l_extendedprice", "lineitem.l_discount", "lineitem.l_tax", "lineitem.l_returnflag", "lineitem.l_linestatus", "lineitem.l_shipdate", "lineitem.l_commitdate", "lineitem.l_receiptdate", "lineitem.l_shipinstruct", "lineitem.l_shipmode", "lineitem.l_comment"]}, {"Node Type": "Hash", "Parent Relationship": "Inner", "Parallel Aware": false, "Startup Cost": 6581.0, "Total Cost": 6581.0, "Plan Rows": 1326, "Plan Width": 4, "Actual Startup Time": 1275.566, "Actual Total Time": 1275.569, "Actual Rows": 1359, "Actual Loops": 1, "Output": ["part.p_partkey"], "Hash Buckets": 2048, "Original Hash Buckets": 2048, "Hash Batches": 1, "Original Hash Batches": 1, "Peak Memory Usage": 64, "Plans": [{"Node Type": "Seq Scan", "Parent Relationship": "Outer", "Parallel Aware": false, "Relation Name": "part", "Schema": "public", "Alias": "part", "Startup Cost": 0.0, "Total Cost": 6581.0, "Plan Rows": 1326, "Plan Width": 4, "Actual Startup Time": 0.119, "Actual Total Time": 1274.49, "Actual Rows": 1359, "Actual Loops": 1, "Output": ["part.p_partkey"], "Filter": "((part.p_type)::text = 'STANDARD ANODIZED STEEL'::text)", "Rows Removed by Filter": 198641}]}]}, {"Node Type": "Hash", "Parent Relationship": "Inner", "Parallel Aware": false, "Startup Cost": 56027.76, "Total Cost": 56027.76, "Plan Rows": 2630, "Plan Width": 8, "Actual Startup Time": 1964.49, "Actual Total Time": 1964.548, "Actual Rows": 90615, "Actual Loops": 1, "Output": ["orders.o_orderdate", "orders.o_orderkey"], "Hash Buckets": 131072, "Original Hash Buckets": 4096, "Hash Batches": 2, "Original Hash Batches": 1, "Peak Memory Usage": 3073, "Plans": [{"Node Type": "Hash Join", "Parent Relationship": "Outer", "Parallel Aware": false, "Join Type": "Inner", "Startup Cost": 5700.16, "Total Cost": 56027.76, "Plan Rows": 2630, "Plan Width": 8, "Actual Startup Time": 239.052, "Actual Total Time": 1860.587, "Actual Rows": 90615, "Actual Loops": 1, "Output": ["orders.o_orderdate", "orders.o_orderkey"], "Inner Unique": false, "Hash Cond": "(orders.o_custkey = customer.c_custkey)", "Plans": [{"Node Type": "Seq Scan", "Parent Relationship": "Outer", "Parallel Aware": false, "Relation Name": "orders", "Schema": "public", "Alias": "orders", "Startup Cost": 0.0, "Total Cost": 48592.0, "Plan Rows": 455817, "Plan Width": 12, "Actual Startup Time": 0.049, "Actual Total Time": 1294.422, "Actual Rows": 457263, "Actual Loops": 1, "Output": ["orders.o_orderkey", "orders.o_custkey", "orders.o_orderstatus", "orders.o_totalprice", "orders.o_orderdate", "orders.o_orderpriority", "orders.o_clerk", "orders.o_shippriority", "orders.o_comment"], "Filter": "((orders.o_orderdate >= '1995-01-01'::date) AND (orders.o_orderdate <= '1996-12-31'::date))", "Rows Removed by Filter": 1042737}, {"Node Type": "Hash", "Parent Relationship": "Inner", "Parallel Aware": false, "Startup Cost": 5689.34, "Total Cost": 5689.34, "Plan Rows": 865, "Plan Width": 4, "Actual Startup Time": 238.961, "Actual Total Time": 239.008, "Actual Rows": 29904, "Actual Loops": 1, "Output": ["customer.c_custkey"], "Hash Buckets": 32768, "Original Hash Buckets": 1024, "Hash Batches": 1, "Original Hash Batches": 1, "Peak Memory Usage": 1308, "Plans": [{"Node Type": "Hash Join", "Parent Relationship": "Outer", "Parallel Aware": false, "Join Type": "Inner", "Startup Cost": 33.02, "Total Cost": 5689.34, "Plan Rows": 865, "Plan Width": 4, "Actual Startup Time": 0.55, "Actual Total Time": 230.996, "Actual Rows": 29904, "Actual Loops": 1, "Output": ["customer.c_custkey"], "Inner Unique": false, "Hash Cond": "(customer.c_nationkey = n1.n_nationkey)", "Plans": [{"Node Type": "Seq Scan", "Parent Relationship": "Outer", "Parallel Aware": false, "Relation Name": "customer", "Schema": "public", "Alias": "customer", "Startup Cost": 0.0, "Total Cost": 5085.0, "Plan Rows": 150000, "Plan Width": 8, "Actual Startup Time": 0.011, "Actual Total Time": 21.657, "Actual Rows": 150000, "Actual Loops": 1, "Output": ["customer.c_custkey", "customer.c_name", "customer.c_address", "customer.c_nationkey", "customer.c_phone", "customer.c_acctbal", "customer.c_mktsegment", "customer.c_comment"]}, {"Node Type": "Hash", "Parent Relationship": "Inner", "Parallel Aware": false, "Startup Cost": 32.99, "Total Cost": 32.99, "Plan Rows": 3, "Plan Width": 4, "Actual Startup Time": 0.486, "Actual Total Time": 0.516, "Actual Rows": 5, "Actual Loops": 1, "Output": ["n1.n_nationkey"], "Hash Buckets": 1024, "Original Hash Buckets": 1024, "Hash Batches": 1, "Original Hash Batches": 1, "Peak Memory Usage": 9, "Plans": [{"Node Type": "Hash Join", "Parent Relationship": "Outer", "Parallel Aware": false, "Join Type": "Inner", "Startup Cost": 16.54, "Total Cost": 32.99, "Plan Rows": 3, "Plan Width": 4, "Actual Startup Time": 0.448, "Actual Total Time": 0.473, "Actual Rows": 5, "Actual Loops": 1, "Output": ["n1.n_nationkey"], "Inner Unique": true, "Hash Cond": "(n1.n_regionkey = region.r_regionkey)", "Plans": [{"Node Type": "Seq Scan", "Parent Relationship": "Outer", "Parallel Aware": false, "Relation Name": "nation", "Schema": "public", "Alias": "n1", "Startup Cost": 0.0, "Total Cost": 15.1, "Plan Rows": 510, "Plan Width": 8, "Actual Startup Time": 0.112, "Actual Total Time": 0.113, "Actual Rows": 25, "Actual Loops": 1, "Output": ["n1.n_nationkey", "n1.n_name", "n1.n_regionkey", "n1.n_comment"]}, {"Node Type": "Hash", "Parent Relationship": "Inner", "Parallel Aware": false, "Startup Cost": 16.5, "Total Cost": 16.5, "Plan Rows": 3, "Plan Width": 4, "Actual Startup Time": 0.051, "Actual Total Time": 0.059, "Actual Rows": 1, "Actual Loops": 1, "Output": ["region.r_regionkey"], "Hash Buckets": 1024, "Original Hash Buckets": 1024, "Hash Batches": 1, "Original Hash Batches": 1, "Peak Memory Usage": 9, "Plans": [{"Node Type": "Seq Scan", "Parent Relationship": "Outer", "Parallel Aware": false, "Relation Name": "region", "Schema": "public", "Alias": "region", "Startup Cost": 0.0, "Total Cost": 16.5, "Plan Rows": 3, "Plan Width": 4, "Actual Startup Time": 0.046, "Actual Total Time": 0.049, "Actual Rows": 1, "Actual Loops": 1, "Output": ["region.r_regionkey"], "Filter": "((region.r_name)::text = 'MIDDLE EAST'::text)", "Rows Removed by Filter": 4}]}]}]}]}]}]}]}]}, {"Node Type": "Hash", "Parent Relationship": "Inner", "Parallel Aware": false, "Startup Cost": 322.0, "Total Cost": 322.0, "Plan Rows": 10000, "Plan Width": 8, "Actual Startup Time": 63.571, "Actual Total Time": 63.571, "Actual Rows": 10000, "Actual Loops": 1, "Output": ["supplier.s_suppkey", "supplier.s_nationkey"], "Hash Buckets": 16384, "Original Hash Buckets": 16384, "Hash Batches": 1, "Original Hash Batches": 1, "Peak Memory Usage": 519, "Plans": [{"Node Type": "Seq Scan", "Parent Relationship": "Outer", "Parallel Aware": false, "Relation Name": "supplier", "Schema": "public", "Alias": "supplier", "Startup Cost": 0.0, "Total Cost": 322.0, "Plan Rows": 10000, "Plan Width": 8, "Actual Startup Time": 0.09, "Actual Total Time": 50.873, "Actual Rows": 10000, "Actual Loops": 1, "Output": ["supplier.s_suppkey", "supplier.s_nationkey"]}]}]}, {"Node Type": "Index Scan", "Parent Relationship": "Inner", "Parallel Aware": false, "Scan Direction": "Forward", "Index Name": "nation_pkey", "Relation Name": "nation", "Schema": "public", "Alias": "n2", "Startup Cost": 0.15, "Total Cost": 0.17, "Plan Rows": 1, "Plan Width": 33, "Actual Startup Time": 0.007, "Actual Total Time": 0.007, "Actual Rows": 1, "Actual Loops": 2428, "Output": ["n2.n_nationkey", "n2.n_name", "n2.n_regionkey", "n2.n_comment"], "Index Cond": "(n2.n_nationkey = supplier.s_nationkey)", "Rows Removed by Index Recheck": 0}]}]}]}, "Planning Time": 19.392, "Triggers": [], "Execution Time": 9658.609}]
q16#####[{"Plan": {"Node Type": "Sort", "Parallel Aware": false, "Startup Cost": 250601.95, "Total Cost": 250602.45, "Plan Rows": 200, "Plan Width": 61, "Actual Startup Time": 9326.311, "Actual Total Time": 9326.417, "Actual Rows": 5, "Actual Loops": 1, "Output": ["nation.n_name", "(sum((lineitem.l_extendedprice * ('1'::numeric - lineitem.l_discount))))"], "Sort Key": ["(sum((lineitem.l_extendedprice * ('1'::numeric - lineitem.l_discount)))) DESC"], "Sort Method": "quicksort", "Sort Space Used": 25, "Sort Space Type": "Memory", "Plans": [{"Node Type": "Aggregate", "Strategy": "Sorted", "Partial Mode": "Simple", "Parent Relationship": "Outer", "Parallel Aware": false, "Startup Cost": 250589.22, "Total Cost": 250594.31, "Plan Rows": 200, "Plan Width": 61, "Actual Startup Time": 9323.88, "Actual Total Time": 9326.346, "Actual Rows": 5, "Actual Loops": 1, "Output": ["nation.n_name", "sum((lineitem.l_extendedprice * ('1'::numeric - lineitem.l_discount)))"], "Group Key": ["nation.n_name"], "Plans": [{"Node Type": "Sort", "Parent Relationship": "Outer", "Parallel Aware": false, "Startup Cost": 250589.22, "Total Cost": 250589.74, "Plan Rows": 207, "Plan Width": 41, "Actual Startup Time": 9323.123, "Actual Total Time": 9323.724, "Actual Rows": 7231, "Actual Loops": 1, "Output": ["nation.n_name", "lineitem.l_extendedprice", "lineitem.l_discount"], "Sort Key": ["nation.n_name"], "Sort Method": "quicksort", "Sort Space Used": 754, "Sort Space Type": "Memory", "Plans": [{"Node Type": "Hash Join", "Parent Relationship": "Outer", "Parallel Aware": false, "Join Type": "Inner", "Startup Cost": 55504.84, "Total Cost": 250581.26, "Plan Rows": 207, "Plan Width": 41, "Actual Startup Time": 1951.652, "Actual Total Time": 9303.489, "Actual Rows": 7231, "Actual Loops": 1, "Output": ["nation.n_name", "lineitem.l_extendedprice", "lineitem.l_discount"], "Inner Unique": false, "Hash Cond": "((lineitem.l_suppkey = supplier.s_suppkey) AND (customer.c_nationkey = supplier.s_nationkey))", "Plans": [{"Node Type": "Hash Join", "Parent Relationship": "Outer", "Parallel Aware": false, "Join Type": "Inner", "Startup Cost": 55032.84, "Total Cost": 250068.36, "Plan Rows": 5177, "Plan Width": 53, "Actual Startup Time": 1948.282, "Actual Total Time": 9146.222, "Actual Rows": 180832, "Actual Loops": 1, "Output": ["customer.c_nationkey", "lineitem.l_extendedprice", "lineitem.l_discount", "lineitem.l_suppkey", "nation.n_name", "nation.n_nationkey"], "Inner Unique": false, "Hash Cond": "(lineitem.l_orderkey = orders.o_orderkey)", "Plans": [{"Node Type": "Seq Scan", "Parent Relationship": "Outer", "Parallel Aware": false, "Relation Name": "lineitem", "Schema": "public", "Alias": "lineitem", "Startup Cost": 0.0, "Total Cost": 172481.09, "Plan Rows": 6000709, "Plan Width": 20, "Actual Startup Time": 0.011, "Actual Total Time": 4694.295, "Actual Rows": 6000003, "Actual Loops": 1, "Output": ["lineitem.l_orderkey", "lineitem.l_partkey", "lineitem.l_suppkey", "lineitem.l_linenumber", "lineitem.l_quantity", "lineitem.l_extendedprice", "lineitem.l_discount", "lineitem.l_tax", "lineitem.l_returnflag", "lineitem.l_linestatus", "lineitem.l_shipdate", "lineitem.l_commitdate", "lineitem.l_receiptdate", "lineitem.l_shipinstruct", "lineitem.l_shipmode", "lineitem.l_comment"]}, {"Node Type": "Hash", "Parent Relationship": "Inner", "Parallel Aware": false, "Startup Cost": 55016.66, "Total Cost": 55016.66, "Plan Rows": 1294, "Plan Width": 41, "Actual Startup Time": 1948.221, "Actual Total Time": 1948.308, "Actual Rows": 45150, "Actual Loops": 1, "Output": ["customer.c_nationkey", "orders.o_orderkey", "nation.n_name", "nation.n_nationkey"], "Hash Buckets": 65536, "Original Hash Buckets": 2048, "Hash Batches": 1, "Original Hash Batches": 1, "Peak Memory Usage": 2875, "Plans": [{"Node Type": "Hash Join", "Parent Relationship": "Outer", "Parallel Aware": false, "Join Type": "Inner", "Startup Cost": 5570.54, "Total Cost": 55016.66, "Plan Rows": 1294, "Plan Width": 41, "Actual Startup Time": 304.751, "Actual Total Time": 1926.611, "Actual Rows": 45150, "Actual Loops": 1, "Output": ["customer.c_nationkey", "orders.o_orderkey", "nation.n_name", "nation.n_nationkey"], "Inner Unique": false, "Hash Cond": "(orders.o_custkey = customer.c_custkey)", "Plans": [{"Node Type": "Seq Scan", "Parent Relationship": "Outer", "Parallel Aware": false, "Relation Name": "orders", "Schema": "public", "Alias": "orders", "Startup Cost": 0.0, "Total Cost": 48592.0, "Plan Rows": 224315, "Plan Width": 8, "Actual Startup Time": 0.01, "Actual Total Time": 1425.459, "Actual Rows": 227597, "Actual Loops": 1, "Output": ["orders.o_orderkey", "orders.o_custkey", "orders.o_orderstatus", "orders.o_totalprice", "orders.o_orderdate", "orders.o_orderpriority", "orders.o_clerk", "orders.o_shippriority", "orders.o_comment"], "Filter": "((orders.o_orderdate >= '1994-01-01'::date) AND (orders.o_orderdate < '1995-01-01 00:00:00'::timestamp without time zone))", "Rows Removed by Filter": 1272403}, {"Node Type": "Hash", "Parent Relationship": "Inner", "Parallel Aware": false, "Startup Cost": 5559.73, "Total Cost": 5559.73, "Plan Rows": 865, "Plan Width": 41, "Actual Startup Time": 304.684, "Actual Total Time": 304.758, "Actual Rows": 29904, "Actual Loops": 1, "Output": ["customer.c_custkey", "customer.c_nationkey", "nation.n_name", "nation.n_nationkey"], "Hash Buckets": 32768, "Original Hash Buckets": 1024, "Hash Batches": 1, "Original Hash Batches": 1, "Peak Memory Usage": 1821, "Plans": [{"Node Type": "Hash Join", "Parent Relationship": "Outer", "Parallel Aware": false, "Join Type": "Inner", "Startup Cost": 38.01, "Total Cost": 5559.73, "Plan Rows": 865, "Plan Width": 41, "Actual Startup Time": 0.389, "Actual Total Time": 260.613, "Actual Rows": 29904, "Actual Loops": 1, "Output": ["customer.c_custkey", "customer.c_nationkey", "nation.n_name", "nation.n_nationkey"], "Inner Unique": true, "Hash Cond": "(nation.n_regionkey = region.r_regionkey)", "Plans": [{"Node Type": "Hash Join", "Parent Relationship": "Outer", "Parallel Aware": false, "Join Type": "Inner", "Startup Cost": 21.48, "Total Cost": 5503.5, "Plan Rows": 15000, "Plan Width": 45, "Actual Startup Time": 0.327, "Actual Total Time": 233.528, "Actual Rows": 150000, "Actual Loops": 1, "Output": ["customer.c_custkey", "customer.c_nationkey", "nation.n_name", "nation.n_nationkey", "nation.n_regionkey"], "Inner Unique": true, "Hash Cond": "(customer.c_nationkey = nation.n_nationkey)", "Plans": [{"Node Type": "Seq Scan", "Parent Relationship": "Outer", "Parallel Aware": false, "Relation Name": "customer", "Schema": "public", "Alias": "customer", "Startup Cost": 0.0, "Total Cost": 5085.0, "Plan Rows": 150000, "Plan Width": 8, "Actual Startup Time": 0.011, "Actual Total Time": 27.488, "Actual Rows": 150000, "Actual Loops": 1, "Output": ["customer.c_custkey", "customer.c_name", "customer.c_address", "customer.c_nationkey", "customer.c_phone", "customer.c_acctbal", "customer.c_mktsegment", "customer.c_comment"]}, {"Node Type": "Hash", "Parent Relationship": "Inner", "Parallel Aware": false, "Startup Cost": 15.1, "Total Cost": 15.1, "Plan Rows": 510, "Plan Width": 37, "Actual Startup Time": 0.032, "Actual Total Time": 0.042, "Actual Rows": 25, "Actual Loops": 1, "Output": ["nation.n_name", "nation.n_nationkey", "nation.n_regionkey"], "Hash Buckets": 1024, "Original Hash Buckets": 1024, "Hash Batches": 1, "Original Hash Batches": 1, "Peak Memory Usage": 10, "Plans": [{"Node Type": "Seq Scan", "Parent Relationship": "Outer", "Parallel Aware": false, "Relation Name": "nation", "Schema": "public", "Alias": "nation", "Startup Cost": 0.0, "Total Cost": 15.1, "Plan Rows": 510, "Plan Width": 37, "Actual Startup Time": 0.011, "Actual Total Time": 0.017, "Actual Rows": 25, "Actual Loops": 1, "Output": ["nation.n_name", "nation.n_nationkey", "nation.n_regionkey"]}]}]}, {"Node Type": "Hash", "Parent Relationship": "Inner", "Parallel Aware": false, "Startup Cost": 16.5, "Total Cost": 16.5, "Plan Rows": 3, "Plan Width": 4, "Actual Startup Time": 0.042, "Actual Total Time": 0.052, "Actual Rows": 1, "Actual Loops": 1, "Output": ["region.r_regionkey"], "Hash Buckets": 1024, "Original Hash Buckets": 1024, "Hash Batches": 1, "Original Hash Batches": 1, "Peak Memory Usage": 9, "Plans": [{"Node Type": "Seq Scan", "Parent Relationship": "Outer", "Parallel Aware": false, "Relation Name": "region", "Schema": "public", "Alias": "region", "Startup Cost": 0.0, "Total Cost": 16.5, "Plan Rows": 3, "Plan Width": 4, "Actual Startup Time": 0.035, "Actual Total Time": 0.038, "Actual Rows": 1, "Actual Loops": 1, "Output": ["region.r_regionkey"], "Filter": "((region.r_name)::text = 'MIDDLE EAST'::text)", "Rows Removed by Filter": 4}]}]}]}]}]}]}, {"Node Type": "Hash", "Parent Relationship": "Inner", "Parallel Aware": false, "Startup Cost": 322.0, "Total Cost": 322.0, "Plan Rows": 10000, "Plan Width": 8, "Actual Startup Time": 2.943, "Actual Total Time": 2.944, "Actual Rows": 10000, "Actual Loops": 1, "Output": ["supplier.s_suppkey", "supplier.s_nationkey"], "Hash Buckets": 16384, "Original Hash Buckets": 16384, "Hash Batches": 1, "Original Hash Batches": 1, "Peak Memory Usage": 519, "Plans": [{"Node Type": "Seq Scan", "Parent Relationship": "Outer", "Parallel Aware": false, "Relation Name": "supplier", "Schema": "public", "Alias": "supplier", "Startup Cost": 0.0, "Total Cost": 322.0, "Plan Rows": 10000, "Plan Width": 8, "Actual Startup Time": 0.01, "Actual Total Time": 1.773, "Actual Rows": 10000, "Actual Loops": 1, "Output": ["supplier.s_suppkey", "supplier.s_nationkey"]}]}]}]}]}]}, "Planning Time": 60.984, "Triggers": [], "Execution Time": 9327.465}]
q17#####[{"Plan": {"Node Type": "Sort", "Parallel Aware": false, "Startup Cost": 250620.92, "Total Cost": 250621.42, "Plan Rows": 200, "Plan Width": 61, "Actual Startup Time": 9148.99, "Actual Total Time": 9149.114, "Actual Rows": 5, "Actual Loops": 1, "Output": ["nation.n_name", "(sum((lineitem.l_extendedprice * ('1'::numeric - lineitem.l_discount))))"], "Sort Key": ["(sum((lineitem.l_extendedprice * ('1'::numeric - lineitem.l_discount)))) DESC"], "Sort Method": "quicksort", "Sort Space Used": 25, "Sort Space Type": "Memory", "Plans": [{"Node Type": "Aggregate", "Strategy": "Sorted", "Partial Mode": "Simple", "Parent Relationship": "Outer", "Parallel Aware": false, "Startup Cost": 250608.13, "Total Cost": 250613.27, "Plan Rows": 200, "Plan Width": 61, "Actual Startup Time": 9147.534, "Actual Total Time": 9148.873, "Actual Rows": 5, "Actual Loops": 1, "Output": ["nation.n_name", "sum((lineitem.l_extendedprice * ('1'::numeric - lineitem.l_discount)))"], "Group Key": ["nation.n_name"], "Plans": [{"Node Type": "Sort", "Parent Relationship": "Outer", "Parallel Aware": false, "Startup Cost": 250608.13, "Total Cost": 250608.66, "Plan Rows": 211, "Plan Width": 41, "Actual Startup Time": 9146.99, "Actual Total Time": 9147.4, "Actual Rows": 7327, "Actual Loops": 1, "Output": ["nation.n_name", "lineitem.l_extendedprice", "lineitem.l_discount"], "Sort Key": ["nation.n_name"], "Sort Method": "quicksort", "Sort Space Used": 762, "Sort Space Type": "Memory", "Plans": [{"Node Type": "Hash Join", "Parent Relationship": "Outer", "Parallel Aware": false, "Join Type": "Inner", "Startup Cost": 55521.77, "Total Cost": 250599.99, "Plan Rows": 211, "Plan Width": 41, "Actual Startup Time": 2010.405, "Actual Total Time": 9111.326, "Actual Rows": 7327, "Actual Loops": 1, "Output": ["nation.n_name", "lineitem.l_extendedprice", "lineitem.l_discount"], "Inner Unique": false, "Hash Cond": "((lineitem.l_suppkey = supplier.s_suppkey) AND (customer.c_nationkey = supplier.s_nationkey))", "Plans": [{"Node Type": "Hash Join", "Parent Relationship": "Outer", "Parallel Aware": false, "Join Type": "Inner", "Startup Cost": 55049.77, "Total Cost": 250086.29, "Plan Rows": 5278, "Plan Width": 53, "Actual Startup Time": 1997.187, "Actual Total Time": 8904.797, "Actual Rows": 180519, "Actual Loops": 1, "Output": ["customer.c_nationkey", "lineitem.l_extendedprice", "lineitem.l_discount", "lineitem.l_suppkey", "nation.n_name", "nation.n_nationkey"], "Inner Unique": false, "Hash Cond": "(lineitem.l_orderkey = orders.o_orderkey)", "Plans": [{"Node Type": "Seq Scan", "Parent Relationship": "Outer", "Parallel Aware": false, "Relation Name": "lineitem", "Schema": "public", "Alias": "lineitem", "Startup Cost": 0.0, "Total Cost": 172481.09, "Plan Rows": 6000709, "Plan Width": 20, "Actual Startup Time": 0.025, "Actual Total Time": 5113.037, "Actual Rows": 6000003, "Actual Loops": 1, "Output": ["lineitem.l_orderkey", "lineitem.l_partkey", "lineitem.l_suppkey", "lineitem.l_linenumber", "lineitem.l_quantity", "lineitem.l_extendedprice", "lineitem.l_discount", "lineitem.l_tax", "lineitem.l_returnflag", "lineitem.l_linestatus", "lineitem.l_shipdate", "lineitem.l_commitdate", "lineitem.l_receiptdate", "lineitem.l_shipinstruct", "lineitem.l_shipmode", "lineitem.l_comment"]}, {"Node Type": "Hash", "Parent Relationship": "Inner", "Parallel Aware": false, "Startup Cost": 55033.29, "Total Cost": 55033.29, "Plan Rows": 1319, "Plan Width": 41, "Actual Startup Time": 1996.915, "Actual Total Time": 1997.024, "Actual Rows": 45430, "Actual Loops": 1, "Output": ["customer.c_nationkey", "orders.o_orderkey", "nation.n_name", "nation.n_nationkey"], "Hash Buckets": 65536, "Original Hash Buckets": 2048, "Hash Batches": 1, "Original Hash Batches": 1, "Peak Memory Usage": 2856, "Plans": [{"Node Type": "Hash Join", "Parent Relationship": "Outer", "Parallel Aware": false, "Join Type": "Inner", "Startup Cost": 5570.54, "Total Cost": 55033.29, "Plan Rows": 1319, "Plan Width": 41, "Actual Startup Time": 396.587, "Actual Total Time": 1947.802, "Actual Rows": 45430, "Actual Loops": 1, "Output": ["customer.c_nationkey", "orders.o_orderkey", "nation.n_name", "nation.n_nationkey"], "Inner Unique": false, "Hash Cond": "(orders.o_custkey = customer.c_custkey)", "Plans": [{"Node Type": "Seq Scan", "Parent Relationship": "Outer", "Parallel Aware": false, "Relation Name": "orders", "Schema": "public", "Alias": "orders", "Startup Cost": 0.0, "Total Cost": 48592.0, "Plan Rows": 228681, "Plan Width": 8, "Actual Startup Time": 0.028, "Actual Total Time": 1356.555, "Actual Rows": 227876, "Actual Loops": 1, "Output": ["orders.o_orderkey", "orders.o_custkey", "orders.o_orderstatus", "orders.o_totalprice", "orders.o_orderdate", "orders.o_orderpriority", "orders.o_clerk", "orders.o_shippriority", "orders.o_comment"], "Filter": "((orders.o_orderdate >= '1997-01-10'::date) AND (orders.o_orderdate < '1998-01-10 00:00:00'::timestamp without time zone))", "Rows Removed by Filter": 1272124}, {"Node Type": "Hash", "Parent Relationship": "Inner", "Parallel Aware": false, "Startup Cost": 5559.73, "Total Cost": 5559.73, "Plan Rows": 865, "Plan Width": 41, "Actual Startup Time": 390.05, "Actual Total Time": 390.136, "Actual Rows": 30183, "Actual Loops": 1, "Output": ["customer.c_custkey", "customer.c_nationkey", "nation.n_name", "nation.n_nationkey"], "Hash Buckets": 32768, "Original Hash Buckets": 1024, "Hash Batches": 1, "Original Hash Batches": 1, "Peak Memory Usage": 1813, "Plans": [{"Node Type": "Hash Join", "Parent Relationship": "Outer", "Parallel Aware": false, "Join Type": "Inner", "Startup Cost": 38.01, "Total Cost": 5559.73, "Plan Rows": 865, "Plan Width": 41, "Actual Startup Time": 0.246, "Actual Total Time": 320.333, "Actual Rows": 30183, "Actual Loops": 1, "Output": ["customer.c_custkey", "customer.c_nationkey", "nation.n_name", "nation.n_nationkey"], "Inner Unique": true, "Hash Cond": "(nation.n_regionkey = region.r_regionkey)", "Plans": [{"Node Type": "Hash Join", "Parent Relationship": "Outer", "Parallel Aware": false, "Join Type": "Inner", "Startup Cost": 21.48, "Total Cost": 5503.5, "Plan Rows": 15000, "Plan Width": 45, "Actual Startup Time": 0.095, "Actual Total Time": 274.107, "Actual Rows": 150000, "Actual Loops": 1, "Output": ["customer.c_custkey", "customer.c_nationkey", "nation.n_name", "nation.n_nationkey", "nation.n_regionkey"], "Inner Unique": true, "Hash Cond": "(customer.c_nationkey = nation.n_nationkey)", "Plans": [{"Node Type": "Seq Scan", "Parent Relationship": "Outer", "Parallel Aware": false, "Relation Name": "customer", "Schema": "public", "Alias": "customer", "Startup Cost": 0.0, "Total Cost": 5085.0, "Plan Rows": 150000, "Plan Width": 8, "Actual Startup Time": 0.016, "Actual Total Time": 56.378, "Actual Rows": 150000, "Actual Loops": 1, "Output": ["customer.c_custkey", "customer.c_name", "customer.c_address", "customer.c_nationkey", "customer.c_phone", "customer.c_acctbal", "customer.c_mktsegment", "customer.c_comment"]}, {"Node Type": "Hash", "Parent Relationship": "Inner", "Parallel Aware": false, "Startup Cost": 15.1, "Total Cost": 15.1, "Plan Rows": 510, "Plan Width": 37, "Actual Startup Time": 0.029, "Actual Total Time": 0.036, "Actual Rows": 25, "Actual Loops": 1, "Output": ["nation.n_name", "nation.n_nationkey", "nation.n_regionkey"], "Hash Buckets": 1024, "Original Hash Buckets": 1024, "Hash Batches": 1, "Original Hash Batches": 1, "Peak Memory Usage": 10, "Plans": [{"Node Type": "Seq Scan", "Parent Relationship": "Outer", "Parallel Aware": false, "Relation Name": "nation", "Schema": "public", "Alias": "nation", "Startup Cost": 0.0, "Total Cost": 15.1, "Plan Rows": 510, "Plan Width": 37, "Actual Startup Time": 0.006, "Actual Total Time": 0.009, "Actual Rows": 25, "Actual Loops": 1, "Output": ["nation.n_name", "nation.n_nationkey", "nation.n_regionkey"]}]}]}, {"Node Type": "Hash", "Parent Relationship": "Inner", "Parallel Aware": false, "Startup Cost": 16.5, "Total Cost": 16.5, "Plan Rows": 3, "Plan Width": 4, "Actual Startup Time": 0.105, "Actual Total Time": 0.113, "Actual Rows": 1, "Actual Loops": 1, "Output": ["region.r_regionkey"], "Hash Buckets": 1024, "Original Hash Buckets": 1024, "Hash Batches": 1, "Original Hash Batches": 1, "Peak Memory Usage": 9, "Plans": [{"Node Type": "Seq Scan", "Parent Relationship": "Outer", "Parallel Aware": false, "Relation Name": "region", "Schema": "public", "Alias": "region", "Startup Cost": 0.0, "Total Cost": 16.5, "Plan Rows": 3, "Plan Width": 4, "Actual Startup Time": 0.083, "Actual Total Time": 0.087, "Actual Rows": 1, "Actual Loops": 1, "Output": ["region.r_regionkey"], "Filter": "((region.r_name)::text = 'ASIA'::text)", "Rows Removed by Filter": 4}]}]}]}]}]}]}, {"Node Type": "Hash", "Parent Relationship": "Inner", "Parallel Aware": false, "Startup Cost": 322.0, "Total Cost": 322.0, "Plan Rows": 10000, "Plan Width": 8, "Actual Startup Time": 3.818, "Actual Total Time": 3.819, "Actual Rows": 10000, "Actual Loops": 1, "Output": ["supplier.s_suppkey", "supplier.s_nationkey"], "Hash Buckets": 16384, "Original Hash Buckets": 16384, "Hash Batches": 1, "Original Hash Batches": 1, "Peak Memory Usage": 519, "Plans": [{"Node Type": "Seq Scan", "Parent Relationship": "Outer", "Parallel Aware": false, "Relation Name": "supplier", "Schema": "public", "Alias": "supplier", "Startup Cost": 0.0, "Total Cost": 322.0, "Plan Rows": 10000, "Plan Width": 8, "Actual Startup Time": 0.03, "Actual Total Time": 2.249, "Actual Rows": 10000, "Actual Loops": 1, "Output": ["supplier.s_suppkey", "supplier.s_nationkey"]}]}]}]}]}]}, "Planning Time": 1.722, "Triggers": [], "Execution Time": 9150.27}]
q18#####[{"Plan": {"Node Type": "Sort", "Parallel Aware": false, "Startup Cost": 250606.44, "Total Cost": 250606.94, "Plan Rows": 200, "Plan Width": 61, "Actual Startup Time": 9803.008, "Actual Total Time": 9803.085, "Actual Rows": 5, "Actual Loops": 1, "Output": ["nation.n_name", "(sum((lineitem.l_extendedprice * ('1'::numeric - lineitem.l_discount))))"], "Sort Key": ["(sum((lineitem.l_extendedprice * ('1'::numeric - lineitem.l_discount)))) DESC"], "Sort Method": "quicksort", "Sort Space Used": 25, "Sort Space Type": "Memory", "Plans": [{"Node Type": "Aggregate", "Strategy": "Sorted", "Partial Mode": "Simple", "Parent Relationship": "Outer", "Parallel Aware": false, "Startup Cost": 250593.7, "Total Cost": 250598.8, "Plan Rows": 200, "Plan Width": 61, "Actual Startup Time": 9801.637, "Actual Total Time": 9802.932, "Actual Rows": 5, "Actual Loops": 1, "Output": ["nation.n_name", "sum((lineitem.l_extendedprice * ('1'::numeric - lineitem.l_discount)))"], "Group Key": ["nation.n_name"], "Plans": [{"Node Type": "Sort", "Parent Relationship": "Outer", "Parallel Aware": false, "Startup Cost": 250593.7, "Total Cost": 250594.22, "Plan Rows": 208, "Plan Width": 41, "Actual Startup Time": 9801.268, "Actual Total Time": 9801.611, "Actual Rows": 7530, "Actual Loops": 1, "Output": ["nation.n_name", "lineitem.l_extendedprice", "lineitem.l_discount"], "Sort Key": ["nation.n_name"], "Sort Method": "quicksort", "Sort Space Used": 778, "Sort Space Type": "Memory", "Plans": [{"Node Type": "Hash Join", "Parent Relationship": "Outer", "Parallel Aware": false, "Join Type": "Inner", "Startup Cost": 55508.84, "Total Cost": 250585.69, "Plan Rows": 208, "Plan Width": 41, "Actual Startup Time": 2019.339, "Actual Total Time": 9744.819, "Actual Rows": 7530, "Actual Loops": 1, "Output": ["nation.n_name", "lineitem.l_extendedprice", "lineitem.l_discount"], "Inner Unique": false, "Hash Cond": "((lineitem.l_suppkey = supplier.s_suppkey) AND (customer.c_nationkey = supplier.s_nationkey))", "Plans": [{"Node Type": "Hash Join", "Parent Relationship": "Outer", "Parallel Aware": false, "Join Type": "Inner", "Startup Cost": 55036.84, "Total Cost": 250072.6, "Plan Rows": 5201, "Plan Width": 53, "Actual Startup Time": 1997.132, "Actual Total Time": 9521.294, "Actual Rows": 182356, "Actual Loops": 1, "Output": ["customer.c_nationkey", "lineitem.l_extendedprice", "lineitem.l_discount", "lineitem.l_suppkey", "nation.n_name", "nation.n_nationkey"], "Inner Unique": false, "Hash Cond": "(lineitem.l_orderkey = orders.o_orderkey)", "Plans": [{"Node Type": "Seq Scan", "Parent Relationship": "Outer", "Parallel Aware": false, "Relation Name": "lineitem", "Schema": "public", "Alias": "lineitem", "Startup Cost": 0.0, "Total Cost": 172481.09, "Plan Rows": 6000709, "Plan Width": 20, "Actual Startup Time": 0.024, "Actual Total Time": 5036.23, "Actual Rows": 6000003, "Actual Loops": 1, "Output": ["lineitem.l_orderkey", "lineitem.l_partkey", "lineitem.l_suppkey", "lineitem.l_linenumber", "lineitem.l_quantity", "lineitem.l_extendedprice", "lineitem.l_discount", "lineitem.l_tax", "lineitem.l_returnflag", "lineitem.l_linestatus", "lineitem.l_shipdate", "lineitem.l_commitdate", "lineitem.l_receiptdate", "lineitem.l_shipinstruct", "lineitem.l_shipmode", "lineitem.l_comment"]}, {"Node Type": "Hash", "Parent Relationship": "Inner", "Parallel Aware": false, "Startup Cost": 55020.59, "Total Cost": 55020.59, "Plan Rows": 1300, "Plan Width": 41, "Actual Startup Time": 1985.895, "Actual Total Time": 1985.958, "Actual Rows": 45493, "Actual Loops": 1, "Output": ["customer.c_nationkey", "orders.o_orderkey", "nation.n_name", "nation.n_nationkey"], "Hash Buckets": 65536, "Original Hash Buckets": 2048, "Hash Batches": 1, "Original Hash Batches": 1, "Peak Memory Usage": 2892, "Plans": [{"Node Type": "Hash Join", "Parent Relationship": "Outer", "Parallel Aware": false, "Join Type": "Inner", "Startup Cost": 5570.54, "Total Cost": 55020.59, "Plan Rows": 1300, "Plan Width": 41, "Actual Startup Time": 329.67, "Actual Total Time": 1879.734, "Actual Rows": 45493, "Actual Loops": 1, "Output": ["customer.c_nationkey", "orders.o_orderkey", "nation.n_name", "nation.n_nationkey"], "Inner Unique": false, "Hash Cond": "(orders.o_custkey = customer.c_custkey)", "Plans": [{"Node Type": "Seq Scan", "Parent Relationship": "Outer", "Parallel Aware": false, "Relation Name": "orders", "Schema": "public", "Alias": "orders", "Startup Cost": 0.0, "Total Cost": 48592.0, "Plan Rows": 225347, "Plan Width": 8, "Actual Startup Time": 0.008, "Actual Total Time": 1320.331, "Actual Rows": 228626, "Actual Loops": 1, "Output": ["orders.o_orderkey", "orders.o_custkey", "orders.o_orderstatus", "orders.o_totalprice", "orders.o_orderdate", "orders.o_orderpriority", "orders.o_clerk", "orders.o_shippriority", "orders.o_comment"], "Filter": "((orders.o_orderdate >= '1996-01-01'::date) AND (orders.o_orderdate < '1997-01-01 00:00:00'::timestamp without time zone))", "Rows Removed by Filter": 1271374}, {"Node Type": "Hash", "Parent Relationship": "Inner", "Parallel Aware": false, "Startup Cost": 5559.73, "Total Cost": 5559.73, "Plan Rows": 865, "Plan Width": 41, "Actual Startup Time": 329.605, "Actual Total Time": 329.652, "Actual Rows": 29904, "Actual Loops": 1, "Output": ["customer.c_custkey", "customer.c_nationkey", "nation.n_name", "nation.n_nationkey"], "Hash Buckets": 32768, "Original Hash Buckets": 1024, "Hash Batches": 1, "Original Hash Batches": 1, "Peak Memory Usage": 1821, "Plans": [{"Node Type": "Hash Join", "Parent Relationship": "Outer", "Parallel Aware": false, "Join Type": "Inner", "Startup Cost": 38.01, "Total Cost": 5559.73, "Plan Rows": 865, "Plan Width": 41, "Actual Startup Time": 0.144, "Actual Total Time": 246.278, "Actual Rows": 29904, "Actual Loops": 1, "Output": ["customer.c_custkey", "customer.c_nationkey", "nation.n_name", "nation.n_nationkey"], "Inner Unique": true, "Hash Cond": "(nation.n_regionkey = region.r_regionkey)", "Plans": [{"Node Type": "Hash Join", "Parent Relationship": "Outer", "Parallel Aware": false, "Join Type": "Inner", "Startup Cost": 21.48, "Total Cost": 5503.5, "Plan Rows": 15000, "Plan Width": 45, "Actual Startup Time": 0.068, "Actual Total Time": 192.146, "Actual Rows": 150000, "Actual Loops": 1, "Output": ["customer.c_custkey", "customer.c_nationkey", "nation.n_name", "nation.n_nationkey", "nation.n_regionkey"], "Inner Unique": true, "Hash Cond": "(customer.c_nationkey = nation.n_nationkey)", "Plans": [{"Node Type": "Seq Scan", "Parent Relationship": "Outer", "Parallel Aware": false, "Relation Name": "customer", "Schema": "public", "Alias": "customer", "Startup Cost": 0.0, "Total Cost": 5085.0, "Plan Rows": 150000, "Plan Width": 8, "Actual Startup Time": 0.013, "Actual Total Time": 55.114, "Actual Rows": 150000, "Actual Loops": 1, "Output": ["customer.c_custkey", "customer.c_name", "customer.c_address", "customer.c_nationkey", "customer.c_phone", "customer.c_acctbal", "customer.c_mktsegment", "customer.c_comment"]}, {"Node Type": "Hash", "Parent Relationship": "Inner", "Parallel Aware": false, "Startup Cost": 15.1, "Total Cost": 15.1, "Plan Rows": 510, "Plan Width": 37, "Actual Startup Time": 0.019, "Actual Total Time": 0.021, "Actual Rows": 25, "Actual Loops": 1, "Output": ["nation.n_name", "nation.n_nationkey", "nation.n_regionkey"], "Hash Buckets": 1024, "Original Hash Buckets": 1024, "Hash Batches": 1, "Original Hash Batches": 1, "Peak Memory Usage": 10, "Plans": [{"Node Type": "Seq Scan", "Parent Relationship": "Outer", "Parallel Aware": false, "Relation Name": "nation", "Schema": "public", "Alias": "nation", "Startup Cost": 0.0, "Total Cost": 15.1, "Plan Rows": 510, "Plan Width": 37, "Actual Startup Time": 0.004, "Actual Total Time": 0.008, "Actual Rows": 25, "Actual Loops": 1, "Output": ["nation.n_name", "nation.n_nationkey", "nation.n_regionkey"]}]}]}, {"Node Type": "Hash", "Parent Relationship": "Inner", "Parallel Aware": false, "Startup Cost": 16.5, "Total Cost": 16.5, "Plan Rows": 3, "Plan Width": 4, "Actual Startup Time": 0.04, "Actual Total Time": 0.048, "Actual Rows": 1, "Actual Loops": 1, "Output": ["region.r_regionkey"], "Hash Buckets": 1024, "Original Hash Buckets": 1024, "Hash Batches": 1, "Original Hash Batches": 1, "Peak Memory Usage": 9, "Plans": [{"Node Type": "Seq Scan", "Parent Relationship": "Outer", "Parallel Aware": false, "Relation Name": "region", "Schema": "public", "Alias": "region", "Startup Cost": 0.0, "Total Cost": 16.5, "Plan Rows": 3, "Plan Width": 4, "Actual Startup Time": 0.03, "Actual Total Time": 0.032, "Actual Rows": 1, "Actual Loops": 1, "Output": ["region.r_regionkey"], "Filter": "((region.r_name)::text = 'MIDDLE EAST'::text)", "Rows Removed by Filter": 4}]}]}]}]}]}]}, {"Node Type": "Hash", "Parent Relationship": "Inner", "Parallel Aware": false, "Startup Cost": 322.0, "Total Cost": 322.0, "Plan Rows": 10000, "Plan Width": 8, "Actual Startup Time": 20.294, "Actual Total Time": 20.294, "Actual Rows": 10000, "Actual Loops": 1, "Output": ["supplier.s_suppkey", "supplier.s_nationkey"], "Hash Buckets": 16384, "Original Hash Buckets": 16384, "Hash Batches": 1, "Original Hash Batches": 1, "Peak Memory Usage": 519, "Plans": [{"Node Type": "Seq Scan", "Parent Relationship": "Outer", "Parallel Aware": false, "Relation Name": "supplier", "Schema": "public", "Alias": "supplier", "Startup Cost": 0.0, "Total Cost": 322.0, "Plan Rows": 10000, "Plan Width": 8, "Actual Startup Time": 0.016, "Actual Total Time": 2.431, "Actual Rows": 10000, "Actual Loops": 1, "Output": ["supplier.s_suppkey", "supplier.s_nationkey"]}]}]}]}]}]}, "Planning Time": 23.685, "Triggers": [], "Execution Time": 9812.639}]
q19#####[{"Plan": {"Node Type": "Aggregate", "Strategy": "Sorted", "Partial Mode": "Simple", "Parallel Aware": false, "Startup Cost": 262523.6, "Total Cost": 262526.71, "Plan Rows": 89, "Plan Width": 98, "Actual Startup Time": 9912.698, "Actual Total Time": 9924.506, "Actual Rows": 4, "Actual Loops": 1, "Output": ["n1.n_name", "n2.n_name", "(date_part('year'::text, (lineitem.l_shipdate)::timestamp without time zone))", "sum((lineitem.l_extendedprice * ('1'::numeric - lineitem.l_discount)))"], "Group Key": ["n1.n_name", "n2.n_name", "(date_part('year'::text, (lineitem.l_shipdate)::timestamp without time zone))"], "Plans": [{"Node Type": "Sort", "Parent Relationship": "Outer", "Parallel Aware": false, "Startup Cost": 262523.6, "Total Cost": 262523.82, "Plan Rows": 89, "Plan Width": 78, "Actual Startup Time": 9911.944, "Actual Total Time": 9917.908, "Actual Rows": 5995, "Actual Loops": 1, "Output": ["n1.n_name", "n2.n_name", "(date_part('year'::text, (lineitem.l_shipdate)::timestamp without time zone))", "lineitem.l_extendedprice", "lineitem.l_discount"], "Sort Key": ["n1.n_name", "n2.n_name", "(date_part('year'::text, (lineitem.l_shipdate)::timestamp without time zone))"], "Sort Method": "quicksort", "Sort Space Used": 661, "Sort Space Type": "Memory", "Plans": [{"Node Type": "Hash Join", "Parent Relationship": "Outer", "Parallel Aware": false, "Join Type": "Inner", "Startup Cost": 52933.46, "Total Cost": 262520.71, "Plan Rows": 89, "Plan Width": 78, "Actual Startup Time": 1971.17, "Actual Total Time": 9905.69, "Actual Rows": 5995, "Actual Loops": 1, "Output": ["n1.n_name", "n2.n_name", "date_part('year'::text, (lineitem.l_shipdate)::timestamp without time zone)", "lineitem.l_extendedprice", "lineitem.l_discount"], "Inner Unique": false, "Hash Cond": "(lineitem.l_suppkey = supplier.s_suppkey)", "Join Filter": "((((n1.n_name)::text = 'IRAN'::text) AND ((n2.n_name)::text = 'IRAQ'::text)) OR (((n1.n_name)::text = 'IRAQ'::text) AND ((n2.n_name)::text = 'IRAN'::text)))", "Rows Removed by Join Filter": 6121, "Plans": [{"Node Type": "Hash Join", "Parent Relationship": "Outer", "Parallel Aware": false, "Join Type": "Inner", "Startup Cost": 52566.05, "Total Cost": 262145.72, "Plan Rows": 1807, "Plan Width": 49, "Actual Startup Time": 1966.886, "Actual Total Time": 9803.203, "Actual Rows": 144819, "Actual Loops": 1, "Output": ["lineitem.l_shipdate", "lineitem.l_extendedprice", "lineitem.l_discount", "lineitem.l_suppkey", "n2.n_name"], "Inner Unique": false, "Hash Cond": "(lineitem.l_orderkey = orders.o_orderkey)", "Plans": [{"Node Type": "Seq Scan", "Parent Relationship": "Outer", "Parallel Aware": false, "Relation Name": "lineitem", "Schema": "public", "Alias": "lineitem", "Startup Cost": 0.0, "Total Cost": 202484.64, "Plan Rows": 1843806, "Plan Width": 24, "Actual Startup Time": 0.036, "Actual Total Time": 5219.951, "Actual Rows": 1825348, "Actual Loops": 1, "Output": ["lineitem.l_orderkey", "lineitem.l_partkey", "lineitem.l_suppkey", "lineitem.l_linenumber", "lineitem.l_quantity", "lineitem.l_extendedprice", "lineitem.l_discount", "lineitem.l_tax", "lineitem.l_returnflag", "lineitem.l_linestatus", "lineitem.l_shipdate", "lineitem.l_commitdate", "lineitem.l_receiptdate", "lineitem.l_shipinstruct", "lineitem.l_shipmode", "lineitem.l_comment"], "Filter": "((lineitem.l_shipdate >= '1995-01-02'::date) AND (lineitem.l_shipdate <= '1996-12-31'::date))", "Rows Removed by Filter": 4174655}, {"Node Type": "Hash", "Parent Relationship": "Inner", "Parallel Aware": false, "Startup Cost": 52382.22, "Total Cost": 52382.22, "Plan Rows": 14706, "Plan Width": 33, "Actual Startup Time": 1962.2, "Actual Total Time": 1962.41, "Actual Rows": 118733, "Actual Loops": 1, "Output": ["orders.o_orderkey", "n2.n_name"], "Hash Buckets": 131072, "Original Hash Buckets": 16384, "Hash Batches": 2, "Original Hash Batches": 1, "Peak Memory Usage": 3389, "Plans": [{"Node Type": "Hash Join", "Parent Relationship": "Outer", "Parallel Aware": false, "Join Type": "Inner", "Startup Cost": 5518.12, "Total Cost": 52382.22, "Plan Rows": 14706, "Plan Width": 33, "Actual Startup Time": 153.769, "Actual Total Time": 1794.303, "Actual Rows": 118733, "Actual Loops": 1, "Output": ["orders.o_orderkey", "n2.n_name"], "Inner Unique": false, "Hash Cond": "(orders.o_custkey = customer.c_custkey)", "Plans": [{"Node Type": "Seq Scan", "Parent Relationship": "Outer", "Parallel Aware": false, "Relation Name": "orders", "Schema": "public", "Alias": "orders", "Startup Cost": 0.0, "Total Cost": 41092.0, "Plan Rows": 1500000, "Plan Width": 8, "Actual Startup Time": 0.033, "Actual Total Time": 930.118, "Actual Rows": 1500000, "Actual Loops": 1, "Output": ["orders.o_orderkey", "orders.o_custkey", "orders.o_orderstatus", "orders.o_totalprice", "orders.o_orderdate", "orders.o_orderpriority", "orders.o_clerk", "orders.o_shippriority", "orders.o_comment"]}, {"Node Type": "Hash", "Parent Relationship": "Inner", "Parallel Aware": false, "Startup Cost": 5499.73, "Total Cost": 5499.73, "Plan Rows": 1471, "Plan Width": 33, "Actual Startup Time": 153.689, "Actual Total Time": 153.884, "Actual Rows": 11972, "Actual Loops": 1, "Output": ["customer.c_custkey", "n2.n_name"], "Hash Buckets": 16384, "Original Hash Buckets": 2048, "Hash Batches": 1, "Original Hash Batches": 1, "Peak Memory Usage": 608, "Plans": [{"Node Type": "Hash Join", "Parent Relationship": "Outer", "Parallel Aware": false, "Join Type": "Inner", "Startup Cost": 17.71, "Total Cost": 5499.73, "Plan Rows": 1471, "Plan Width": 33, "Actual Startup Time": 0.06, "Actual Total Time": 142.938, "Actual Rows": 11972, "Actual Loops": 1, "Output": ["customer.c_custkey", "n2.n_name"], "Inner Unique": true, "Hash Cond": "(customer.c_nationkey = n2.n_nationkey)", "Plans": [{"Node Type": "Seq Scan", "Parent Relationship": "Outer", "Parallel Aware": false, "Relation Name": "customer", "Schema": "public", "Alias": "customer", "Startup Cost": 0.0, "Total Cost": 5085.0, "Plan Rows": 150000, "Plan Width": 8, "Actual Startup Time": 0.006, "Actual Total Time": 30.641, "Actual Rows": 150000, "Actual Loops": 1, "Output": ["customer.c_custkey", "customer.c_name", "customer.c_address", "customer.c_nationkey", "customer.c_phone", "customer.c_acctbal", "customer.c_mktsegment", "customer.c_comment"]}, {"Node Type": "Hash", "Parent Relationship": "Inner", "Parallel Aware": false, "Startup Cost": 17.65, "Total Cost": 17.65, "Plan Rows": 5, "Plan Width": 33, "Actual Startup Time": 0.015, "Actual Total Time": 0.167, "Actual Rows": 2, "Actual Loops": 1, "Output": ["n2.n_name", "n2.n_nationkey"], "Hash Buckets": 1024, "Original Hash Buckets": 1024, "Hash Batches": 1, "Original Hash Batches": 1, "Peak Memory Usage": 9, "Plans": [{"Node Type": "Seq Scan", "Parent Relationship": "Outer", "Parallel Aware": false, "Relation Name": "nation", "Schema": "public", "Alias": "n2", "Startup Cost": 0.0, "Total Cost": 17.65, "Plan Rows": 5, "Plan Width": 33, "Actual Startup Time": 0.006, "Actual Total Time": 0.01, "Actual Rows": 2, "Actual Loops": 1, "Output": ["n2.n_name", "n2.n_nationkey"], "Filter": "(((n2.n_name)::text = 'IRAQ'::text) OR ((n2.n_name)::text = 'IRAN'::text))", "Rows Removed by Filter": 23}]}]}]}]}]}]}, {"Node Type": "Hash", "Parent Relationship": "Inner", "Parallel Aware": false, "Startup Cost": 366.18, "Total Cost": 366.18, "Plan Rows": 98, "Plan Width": 33, "Actual Startup Time": 3.782, "Actual Total Time": 9.052, "Actual Rows": 831, "Actual Loops": 1, "Output": ["supplier.s_suppkey", "n1.n_name"], "Hash Buckets": 1024, "Original Hash Buckets": 1024, "Hash Batches": 1, "Original Hash Batches": 1, "Peak Memory Usage": 42, "Plans": [{"Node Type": "Hash Join", "Parent Relationship": "Outer", "Parallel Aware": false, "Join Type": "Inner", "Startup Cost": 17.71, "Total Cost": 366.18, "Plan Rows": 98, "Plan Width": 33, "Actual Startup Time": 0.08, "Actual Total Time": 8.774, "Actual Rows": 831, "Actual Loops": 1, "Output": ["supplier.s_suppkey", "n1.n_name"], "Inner Unique": true, "Hash Cond": "(supplier.s_nationkey = n1.n_nationkey)", "Plans": [{"Node Type": "Seq Scan", "Parent Relationship": "Outer", "Parallel Aware": false, "Relation Name": "supplier", "Schema": "public", "Alias": "supplier", "Startup Cost": 0.0, "Total Cost": 322.0, "Plan Rows": 10000, "Plan Width": 8, "Actual Startup Time": 0.013, "Actual Total Time": 1.245, "Actual Rows": 10000, "Actual Loops": 1, "Output": ["supplier.s_suppkey", "supplier.s_name", "supplier.s_address", "supplier.s_nationkey", "supplier.s_phone", "supplier.s_acctbal", "supplier.s_comment"]}, {"Node Type": "Hash", "Parent Relationship": "Inner", "Parallel Aware": false, "Startup Cost": 17.65, "Total Cost": 17.65, "Plan Rows": 5, "Plan Width": 33, "Actual Startup Time": 0.03, "Actual Total Time": 0.039, "Actual Rows": 2, "Actual Loops": 1, "Output": ["n1.n_name", "n1.n_nationkey"], "Hash Buckets": 1024, "Original Hash Buckets": 1024, "Hash Batches": 1, "Original Hash Batches": 1, "Peak Memory Usage": 9, "Plans": [{"Node Type": "Seq Scan", "Parent Relationship": "Outer", "Parallel Aware": false, "Relation Name": "nation", "Schema": "public", "Alias": "n1", "Startup Cost": 0.0, "Total Cost": 17.65, "Plan Rows": 5, "Plan Width": 33, "Actual Startup Time": 0.013, "Actual Total Time": 0.016, "Actual Rows": 2, "Actual Loops": 1, "Output": ["n1.n_name", "n1.n_nationkey"], "Filter": "(((n1.n_name)::text = 'IRAN'::text) OR ((n1.n_name)::text = 'IRAQ'::text))", "Rows Removed by Filter": 23}]}]}]}]}]}]}, "Planning Time": 70.098, "Triggers": [], "Execution Time": 9926.561}]
q20#####[{"Plan": {"Node Type": "Aggregate", "Strategy": "Sorted", "Partial Mode": "Simple", "Parallel Aware": false, "Startup Cost": 258652.05, "Total Cost": 258655.2, "Plan Rows": 70, "Plan Width": 40, "Actual Startup Time": 6919.046, "Actual Total Time": 6923.946, "Actual Rows": 2, "Actual Loops": 1, "Output": ["(date_part('year'::text, (orders.o_orderdate)::timestamp without time zone))", "(sum(CASE WHEN ((n2.n_name)::text = 'GERMANY'::text) THEN (lineitem.l_extendedprice * ('1'::numeric - lineitem.l_discount)) ELSE '0'::numeric END) / sum((lineitem.l_extendedprice * ('1'::numeric - lineitem.l_discount))))"], "Group Key": ["(date_part('year'::text, (orders.o_orderdate)::timestamp without time zone))"], "Plans": [{"Node Type": "Sort", "Parent Relationship": "Outer", "Parallel Aware": false, "Startup Cost": 258652.05, "Total Cost": 258652.22, "Plan Rows": 70, "Plan Width": 49, "Actual Startup Time": 6918.594, "Actual Total Time": 6922.927, "Actual Rows": 2462, "Actual Loops": 1, "Output": ["(date_part('year'::text, (orders.o_orderdate)::timestamp without time zone))", "n2.n_name", "lineitem.l_extendedprice", "lineitem.l_discount"], "Sort Key": ["(date_part('year'::text, (orders.o_orderdate)::timestamp without time zone))"], "Sort Method": "quicksort", "Sort Space Used": 289, "Sort Space Type": "Memory", "Plans": [{"Node Type": "Nested Loop", "Parent Relationship": "Outer", "Parallel Aware": false, "Join Type": "Inner", "Startup Cost": 63105.36, "Total Cost": 258649.9, "Plan Rows": 70, "Plan Width": 49, "Actual Startup Time": 1850.599, "Actual Total Time": 6907.827, "Actual Rows": 2462, "Actual Loops": 1, "Output": ["date_part('year'::text, (orders.o_orderdate)::timestamp without time zone)", "n2.n_name", "lineitem.l_extendedprice", "lineitem.l_discount"], "Inner Unique": true, "Plans": [{"Node Type": "Hash Join", "Parent Relationship": "Outer", "Parallel Aware": false, "Join Type": "Inner", "Startup Cost": 63105.21, "Total Cost": 258637.67, "Plan Rows": 70, "Plan Width": 20, "Actual Startup Time": 1850.448, "Actual Total Time": 6894.023, "Actual Rows": 2462, "Actual Loops": 1, "Output": ["lineitem.l_extendedprice", "lineitem.l_discount", "supplier.s_nationkey", "orders.o_orderdate"], "Inner Unique": false, "Hash Cond": "(lineitem.l_suppkey = supplier.s_suppkey)", "Plans": [{"Node Type": "Hash Join", "Parent Relationship": "Outer", "Parallel Aware": false, "Join Type": "Inner", "Startup Cost": 62658.21, "Total Cost": 258189.7, "Plan Rows": 70, "Plan Width": 20, "Actual Startup Time": 1844.431, "Actual Total Time": 6866.476, "Actual Rows": 2462, "Actual Loops": 1, "Output": ["lineitem.l_extendedprice", "lineitem.l_discount", "lineitem.l_suppkey", "orders.o_orderdate"], "Inner Unique": false, "Hash Cond": "(lineitem.l_orderkey = orders.o_orderkey)", "Plans": [{"Node Type": "Hash Join", "Parent Relationship": "Outer", "Parallel Aware": false, "Join Type": "Inner", "Startup Cost": 6597.57, "Total Cost": 201979.17, "Plan Rows": 39785, "Plan Width": 20, "Actual Startup Time": 322.028, "Actual Total Time": 5218.558, "Actual Rows": 39398, "Actual Loops": 1, "Output": ["lineitem.l_extendedprice", "lineitem.l_discount", "lineitem.l_suppkey", "lineitem.l_orderkey"], "Inner Unique": false, "Hash Cond": "(lineitem.l_partkey = part.p_partkey)", "Plans": [{"Node Type": "Seq Scan", "Parent Relationship": "Outer", "Parallel Aware": false, "Relation Name": "lineitem", "Schema": "public", "Alias": "lineitem", "Startup Cost": 0.0, "Total Cost": 172481.09, "Plan Rows": 6000709, "Plan Width": 24, "Actual Startup Time": 0.013, "Actual Total Time": 3463.065, "Actual Rows": 6000003, "Actual Loops": 1, "Output": ["lineitem.l_orderkey", "lineitem.l_partkey", "lineitem.l_suppkey", "lineitem.l_linenumber", "lineitem.l_quantity", "lineitem.l_extendedprice", "lineitem.l_discount", "lineitem.l_tax", "lineitem.l_returnflag", "lineitem.l_linestatus", "lineitem.l_shipdate", "lineitem.l_commitdate", "lineitem.l_receiptdate", "lineitem.l_shipinstruct", "lineitem.l_shipmode", "lineitem.l_comment"]}, {"Node Type": "Hash", "Parent Relationship": "Inner", "Parallel Aware": false, "Startup Cost": 6581.0, "Total Cost": 6581.0, "Plan Rows": 1326, "Plan Width": 4, "Actual Startup Time": 321.981, "Actual Total Time": 321.985, "Actual Rows": 1308, "Actual Loops": 1, "Output": ["part.p_partkey"], "Hash Buckets": 2048, "Original Hash Buckets": 2048, "Hash Batches": 1, "Original Hash Batches": 1, "Peak Memory Usage": 62, "Plans": [{"Node Type": "Seq Scan", "Parent Relationship": "Outer", "Parallel Aware": false, "Relation Name": "part", "Schema": "public", "Alias": "part", "Startup Cost": 0.0, "Total Cost": 6581.0, "Plan Rows": 1326, "Plan Width": 4, "Actual Startup Time": 0.076, "Actual Total Time": 321.162, "Actual Rows": 1308, "Actual Loops": 1, "Output": ["part.p_partkey"], "Filter": "((part.p_type)::text = 'MEDIUM PLATED COPPER'::text)", "Rows Removed by Filter": 198692}]}]}, {"Node Type": "Hash", "Parent Relationship": "Inner", "Parallel Aware": false, "Startup Cost": 56027.76, "Total Cost": 56027.76, "Plan Rows": 2630, "Plan Width": 8, "Actual Startup Time": 1514.379, "Actual Total Time": 1514.463, "Actual Rows": 92551, "Actual Loops": 1, "Output": ["orders.o_orderdate", "orders.o_orderkey"], "Hash Buckets": 131072, "Original Hash Buckets": 4096, "Hash Batches": 2, "Original Hash Batches": 1, "Peak Memory Usage": 3073, "Plans": [{"Node Type": "Hash Join", "Parent Relationship": "Outer", "Parallel Aware": false, "Join Type": "Inner", "Startup Cost": 5700.16, "Total Cost": 56027.76, "Plan Rows": 2630, "Plan Width": 8, "Actual Startup Time": 132.354, "Actual Total Time": 1442.756, "Actual Rows": 92551, "Actual Loops": 1, "Output": ["orders.o_orderdate", "orders.o_orderkey"], "Inner Unique": false, "Hash Cond": "(orders.o_custkey = customer.c_custkey)", "Plans": [{"Node Type": "Seq Scan", "Parent Relationship": "Outer", "Parallel Aware": false, "Relation Name": "orders", "Schema": "public", "Alias": "orders", "Startup Cost": 0.0, "Total Cost": 48592.0, "Plan Rows": 455817, "Plan Width": 12, "Actual Startup Time": 0.034, "Actual Total Time": 1061.4, "Actual Rows": 457263, "Actual Loops": 1, "Output": ["orders.o_orderkey", "orders.o_custkey", "orders.o_orderstatus", "orders.o_totalprice", "orders.o_orderdate", "orders.o_orderpriority", "orders.o_clerk", "orders.o_shippriority", "orders.o_comment"], "Filter": "((orders.o_orderdate >= '1995-01-01'::date) AND (orders.o_orderdate <= '1996-12-31'::date))", "Rows Removed by Filter": 1042737}, {"Node Type": "Hash", "Parent Relationship": "Inner", "Parallel Aware": false, "Startup Cost": 5689.34, "Total Cost": 5689.34, "Plan Rows": 865, "Plan Width": 4, "Actual Startup Time": 132.3, "Actual Total Time": 132.351, "Actual Rows": 30197, "Actual Loops": 1, "Output": ["customer.c_custkey"], "Hash Buckets": 32768, "Original Hash Buckets": 1024, "Hash Batches": 1, "Original Hash Batches": 1, "Peak Memory Usage": 1318, "Plans": [{"Node Type": "Hash Join", "Parent Relationship": "Outer", "Parallel Aware": false, "Join Type": "Inner", "Startup Cost": 33.02, "Total Cost": 5689.34, "Plan Rows": 865, "Plan Width": 4, "Actual Startup Time": 0.107, "Actual Total Time": 122.296, "Actual Rows": 30197, "Actual Loops": 1, "Output": ["customer.c_custkey"], "Inner Unique": false, "Hash Cond": "(customer.c_nationkey = n1.n_nationkey)", "Plans": [{"Node Type": "Seq Scan", "Parent Relationship": "Outer", "Parallel Aware": false, "Relation Name": "customer", "Schema": "public", "Alias": "customer", "Startup Cost": 0.0, "Total Cost": 5085.0, "Plan Rows": 150000, "Plan Width": 8, "Actual Startup Time": 0.008, "Actual Total Time": 39.071, "Actual Rows": 150000, "Actual Loops": 1, "Output": ["customer.c_custkey", "customer.c_name", "customer.c_address", "customer.c_nationkey", "customer.c_phone", "customer.c_acctbal", "customer.c_mktsegment", "customer.c_comment"]}, {"Node Type": "Hash", "Parent Relationship": "Inner", "Parallel Aware": false, "Startup Cost": 32.99, "Total Cost": 32.99, "Plan Rows": 3, "Plan Width": 4, "Actual Startup Time": 0.06, "Actual Total Time": 0.087, "Actual Rows": 5, "Actual Loops": 1, "Output": ["n1.n_nationkey"], "Hash Buckets": 1024, "Original Hash Buckets": 1024, "Hash Batches": 1, "Original Hash Batches": 1, "Peak Memory Usage": 9, "Plans": [{"Node Type": "Hash Join", "Parent Relationship": "Outer", "Parallel Aware": false, "Join Type": "Inner", "Startup Cost": 16.54, "Total Cost": 32.99, "Plan Rows": 3, "Plan Width": 4, "Actual Startup Time": 0.05, "Actual Total Time": 0.079, "Actual Rows": 5, "Actual Loops": 1, "Output": ["n1.n_nationkey"], "Inner Unique": true, "Hash Cond": "(n1.n_regionkey = region.r_regionkey)", "Plans": [{"Node Type": "Seq Scan", "Parent Relationship": "Outer", "Parallel Aware": false, "Relation Name": "nation", "Schema": "public", "Alias": "n1", "Startup Cost": 0.0, "Total Cost": 15.1, "Plan Rows": 510, "Plan Width": 8, "Actual Startup Time": 0.009, "Actual Total Time": 0.01, "Actual Rows": 25, "Actual Loops": 1, "Output": ["n1.n_nationkey", "n1.n_name", "n1.n_regionkey", "n1.n_comment"]}, {"Node Type": "Hash", "Parent Relationship": "Inner", "Parallel Aware": false, "Startup Cost": 16.5, "Total Cost": 16.5, "Plan Rows": 3, "Plan Width": 4, "Actual Startup Time": 0.011, "Actual Total Time": 0.03, "Actual Rows": 1, "Actual Loops": 1, "Output": ["region.r_regionkey"], "Hash Buckets": 1024, "Original Hash Buckets": 1024, "Hash Batches": 1, "Original Hash Batches": 1, "Peak Memory Usage": 9, "Plans": [{"Node Type": "Seq Scan", "Parent Relationship": "Outer", "Parallel Aware": false, "Relation Name": "region", "Schema": "public", "Alias": "region", "Startup Cost": 0.0, "Total Cost": 16.5, "Plan Rows": 3, "Plan Width": 4, "Actual Startup Time": 0.004, "Actual Total Time": 0.015, "Actual Rows": 1, "Actual Loops": 1, "Output": ["region.r_regionkey"], "Filter": "((region.r_name)::text = 'EUROPE'::text)", "Rows Removed by Filter": 4}]}]}]}]}]}]}]}]}, {"Node Type": "Hash", "Parent Relationship": "Inner", "Parallel Aware": false, "Startup Cost": 322.0, "Total Cost": 322.0, "Plan Rows": 10000, "Plan Width": 8, "Actual Startup Time": 5.836, "Actual Total Time": 5.837, "Actual Rows": 10000, "Actual Loops": 1, "Output": ["supplier.s_suppkey", "supplier.s_nationkey"], "Hash Buckets": 16384, "Original Hash Buckets": 16384, "Hash Batches": 1, "Original Hash Batches": 1, "Peak Memory Usage": 519, "Plans": [{"Node Type": "Seq Scan", "Parent Relationship": "Outer", "Parallel Aware": false, "Relation Name": "supplier", "Schema": "public", "Alias": "supplier", "Startup Cost": 0.0, "Total Cost": 322.0, "Plan Rows": 10000, "Plan Width": 8, "Actual Startup Time": 0.019, "Actual Total Time": 4.647, "Actual Rows": 10000, "Actual Loops": 1, "Output": ["supplier.s_suppkey", "supplier.s_nationkey"]}]}]}, {"Node Type": "Index Scan", "Parent Relationship": "Inner", "Parallel Aware": false, "Scan Direction": "Forward", "Index Name": "nation_pkey", "Relation Name": "nation", "Schema": "public", "Alias": "n2", "Startup Cost": 0.15, "Total Cost": 0.17, "Plan Rows": 1, "Plan Width": 33, "Actual Startup Time": 0.004, "Actual Total Time": 0.004, "Actual Rows": 1, "Actual Loops": 2462, "Output": ["n2.n_nationkey", "n2.n_name", "n2.n_regionkey", "n2.n_comment"], "Index Cond": "(n2.n_nationkey = supplier.s_nationkey)", "Rows Removed by Index Recheck": 0}]}]}]}, "Planning Time": 79.178, "Triggers": [], "Execution Time": 6924.976}]
q2#####[{"Plan": {"Node Type": "Sort", "Parallel Aware": false, "Startup Cost": 3218449.44, "Total Cost": 3232981.19, "Plan Rows": 5812700, "Plan Width": 205, "Actual Startup Time": 22998.889, "Actual Total Time": 23041.86, "Actual Rows": 38937, "Actual Loops": 1, "Output": ["customer.c_custkey", "customer.c_name", "(sum((lineitem.l_extendedprice * ('1'::numeric - lineitem.l_discount))))", "customer.c_acctbal", "nation.n_name", "customer.c_address", "customer.c_phone", "customer.c_comment"], "Sort Key": ["(sum((lineitem.l_extendedprice * ('1'::numeric - lineitem.l_discount)))) DESC"], "Sort Method": "external merge", "Sort Space Used": 6584, "Sort Space Type": "Disk", "Plans": [{"Node Type": "Aggregate", "Strategy": "Sorted", "Partial Mode": "Simple", "Parent Relationship": "Outer", "Parallel Aware": false, "Startup Cost": 278842.23, "Total Cost": 836881.01, "Plan Rows": 5812700, "Plan Width": 205, "Actual Startup Time": 22324.098, "Actual Total Time": 22913.055, "Actual Rows": 38937, "Actual Loops": 1, "Output": ["customer.c_custkey", "customer.c_name", "sum((lineitem.l_extendedprice * ('1'::numeric - lineitem.l_discount)))", "customer.c_acctbal", "nation.n_name", "customer.c_address", "customer.c_phone", "customer.c_comment"], "Group Key": ["customer.c_custkey", "customer.c_name", "customer.c_acctbal", "customer.c_phone", "nation.n_name", "customer.c_address", "customer.c_comment"], "Plans": [{"Node Type": "Incremental Sort", "Parent Relationship": "Outer", "Parallel Aware": false, "Startup Cost": 278842.23, "Total Cost": 618904.76, "Plan Rows": 5812700, "Plan Width": 185, "Actual Startup Time": 22324.025, "Actual Total Time": 22766.672, "Actual Rows": 115038, "Actual Loops": 1, "Output": ["customer.c_custkey", "customer.c_name", "customer.c_acctbal", "nation.n_name", "customer.c_address", "customer.c_phone", "customer.c_comment", "lineitem.l_extendedprice", "lineitem.l_discount"], "Sort Key": ["customer.c_custkey", "customer.c_name", "customer.c_acctbal", "customer.c_phone", "nation.n_name", "customer.c_address", "customer.c_comment"], "Presorted Key": ["customer.c_custkey"], "Full-sort Groups": {"Group Count": 3422, "Sort Methods Used": ["quicksort"], "Sort Space Memory": {"Average Sort Space Used": 33, "Peak Sort Space Used": 33}}, "Plans": [{"Node Type": "Merge Join", "Parent Relationship": "Outer", "Parallel Aware": false, "Join Type": "Inner", "Startup Cost": 278840.52, "Total Cost": 280462.42, "Plan Rows": 5812700, "Plan Width": 185, "Actual Startup Time": 22323.915, "Actual Total Time": 22598.792, "Actual Rows": 115038, "Actual Loops": 1, "Output": ["customer.c_custkey", "customer.c_name", "customer.c_acctbal", "nation.n_name", "customer.c_address", "customer.c_phone", "customer.c_comment", "lineitem.l_extendedprice", "lineitem.l_discount"], "Inner Unique": false, "Merge Cond": "(customer.c_custkey = orders.o_custkey)", "Plans": [{"Node Type": "Sort", "Parent Relationship": "Outer", "Parallel Aware": false, "Startup Cost": 31219.95, "Total Cost": 31594.95, "Plan Rows": 150000, "Plan Width": 173, "Actual Startup Time": 2468.781, "Actual Total Time": 2621.783, "Actual Rows": 150000, "Actual Loops": 1, "Output": ["customer.c_custkey", "customer.c_name", "customer.c_acctbal", "customer.c_address", "customer.c_phone", "customer.c_comment", "nation.n_name"], "Sort Key": ["customer.c_custkey"], "Sort Method": "external merge", "Sort Space Used": 24056, "Sort Space Type": "Disk", "Plans": [{"Node Type": "Hash Join", "Parent Relationship": "Outer", "Parallel Aware": false, "Join Type": "Inner", "Startup Cost": 21.48, "Total Cost": 5503.5, "Plan Rows": 150000, "Plan Width": 173, "Actual Startup Time": 0.073, "Actual Total Time": 176.498, "Actual Rows": 150000, "Actual Loops": 1, "Output": ["customer.c_custkey", "customer.c_name", "customer.c_acctbal", "customer.c_address", "customer.c_phone", "customer.c_comment", "nation.n_name"], "Inner Unique": true, "Hash Cond": "(customer.c_nationkey = nation.n_nationkey)", "Plans": [{"Node Type": "Seq Scan", "Parent Relationship": "Outer", "Parallel Aware": false, "Relation Name": "customer", "Schema": "public", "Alias": "customer", "Startup Cost": 0.0, "Total Cost": 5085.0, "Plan Rows": 150000, "Plan Width": 148, "Actual Startup Time": 0.015, "Actual Total Time": 41.378, "Actual Rows": 150000, "Actual Loops": 1, "Output": ["customer.c_custkey", "customer.c_name", "customer.c_address", "customer.c_nationkey", "customer.c_phone", "customer.c_acctbal", "customer.c_mktsegment", "customer.c_comment"]}, {"Node Type": "Hash", "Parent Relationship": "Inner", "Parallel Aware": false, "Startup Cost": 15.1, "Total Cost": 15.1, "Plan Rows": 510, "Plan Width": 33, "Actual Startup Time": 0.018, "Actual Total Time": 0.033, "Actual Rows": 25, "Actual Loops": 1, "Output": ["nation.n_name", "nation.n_nationkey"], "Hash Buckets": 1024, "Original Hash Buckets": 1024, "Hash Batches": 1, "Original Hash Batches": 1, "Peak Memory Usage": 10, "Plans": [{"Node Type": "Seq Scan", "Parent Relationship": "Outer", "Parallel Aware": false, "Relation Name": "nation", "Schema": "public", "Alias": "nation", "Startup Cost": 0.0, "Total Cost": 15.1, "Plan Rows": 510, "Plan Width": 33, "Actual Startup Time": 0.008, "Actual Total Time": 0.012, "Actual Rows": 25, "Actual Loops": 1, "Output": ["nation.n_name", "nation.n_nationkey"]}]}]}]}, {"Node Type": "Sort", "Parent Relationship": "Inner", "Parallel Aware": false, "Startup Cost": 247620.57, "Total Cost": 247765.89, "Plan Rows": 58127, "Plan Width": 16, "Actual Startup Time": 19855.039, "Actual Total Time": 19874.448, "Actual Rows": 115038, "Actual Loops": 1, "Output": ["orders.o_custkey", "lineitem.l_extendedprice", "lineitem.l_discount"], "Sort Key": ["orders.o_custkey"], "Sort Method": "external sort", "Sort Space Used": 3560, "Sort Space Type": "Disk", "Plans": [{"Node Type": "Hash Join", "Parent Relationship": "Outer", "Parallel Aware": false, "Join Type": "Inner", "Startup Cost": 49316.66, "Total Cost": 243020.71, "Plan Rows": 58127, "Plan Width": 16, "Actual Startup Time": 7375.173, "Actual Total Time": 19376.126, "Actual Rows": 115038, "Actual Loops": 1, "Output": ["orders.o_custkey", "lineitem.l_extendedprice", "lineitem.l_discount"], "Inner Unique": false, "Hash Cond": "(lineitem.l_orderkey = orders.o_orderkey)", "Plans": [{"Node Type": "Seq Scan", "Parent Relationship": "Outer", "Parallel Aware": false, "Relation Name": "lineitem", "Schema": "public", "Alias": "lineitem", "Startup Cost": 0.0, "Total Cost": 187482.86, "Plan Rows": 1503978, "Plan Width": 16, "Actual Startup Time": 0.1, "Actual Total Time": 10826.596, "Actual Rows": 1479175, "Actual Loops": 1, "Output": ["lineitem.l_orderkey", "lineitem.l_partkey", "lineitem.l_suppkey", "lineitem.l_linenumber", "lineitem.l_quantity", "lineitem.l_extendedprice", "lineitem.l_discount", "lineitem.l_tax", "lineitem.l_returnflag", "lineitem.l_linestatus", "lineitem.l_shipdate", "lineitem.l_commitdate", "lineitem.l_receiptdate", "lineitem.l_shipinstruct", "lineitem.l_shipmode", "lineitem.l_comment"], "Filter": "(lineitem.l_returnflag = 'R'::bpchar)", "Rows Removed by Filter": 4520828}, {"Node Type": "Hash", "Parent Relationship": "Inner", "Parallel Aware": false, "Startup Cost": 48592.0, "Total Cost": 48592.0, "Plan Rows": 57973, "Plan Width": 8, "Actual Startup Time": 7365.091, "Actual Total Time": 7365.108, "Actual Rows": 57425, "Actual Loops": 1, "Output": ["orders.o_custkey", "orders.o_orderkey"], "Hash Buckets": 65536, "Original Hash Buckets": 65536, "Hash Batches": 1, "Original Hash Batches": 1, "Peak Memory Usage": 2756, "Plans": [{"Node Type": "Seq Scan", "Parent Relationship": "Outer", "Parallel Aware": false, "Relation Name": "orders", "Schema": "public", "Alias": "orders", "Startup Cost": 0.0, "Total Cost": 48592.0, "Plan Rows": 57973, "Plan Width": 8, "Actual Startup Time": 0.016, "Actual Total Time": 7156.352, "Actual Rows": 57425, "Actual Loops": 1, "Output": ["orders.o_custkey", "orders.o_orderkey"], "Filter": "((orders.o_orderdate >= '1993-06-05'::date) AND (orders.o_orderdate < '1993-09-05 00:00:00'::timestamp without time zone))", "Rows Removed by Filter": 1442575}]}]}]}]}]}]}]}, "Planning Time": 14.469, "Triggers": [], "Execution Time": 23065.887}]
q3#####[{"Plan": {"Node Type": "Aggregate", "Strategy": "Sorted", "Partial Mode": "Simple", "Parallel Aware": false, "Startup Cost": 262533.93, "Total Cost": 262537.04, "Plan Rows": 89, "Plan Width": 98, "Actual Startup Time": 19846.221, "Actual Total Time": 19847.308, "Actual Rows": 4, "Actual Loops": 1, "Output": ["n1.n_name", "n2.n_name", "(date_part('year'::text, (lineitem.l_shipdate)::timestamp without time zone))", "sum((lineitem.l_extendedprice * ('1'::numeric - lineitem.l_discount)))"], "Group Key": ["n1.n_name", "n2.n_name", "(date_part('year'::text, (lineitem.l_shipdate)::timestamp without time zone))"], "Plans": [{"Node Type": "Sort", "Parent Relationship": "Outer", "Parallel Aware": false, "Startup Cost": 262533.93, "Total Cost": 262534.15, "Plan Rows": 89, "Plan Width": 78, "Actual Startup Time": 19845.807, "Actual Total Time": 19846.078, "Actual Rows": 6014, "Actual Loops": 1, "Output": ["n1.n_name", "n2.n_name", "(date_part('year'::text, (lineitem.l_shipdate)::timestamp without time zone))", "lineitem.l_extendedprice", "lineitem.l_discount"], "Sort Key": ["n1.n_name", "n2.n_name", "(date_part('year'::text, (lineitem.l_shipdate)::timestamp without time zone))"], "Sort Method": "quicksort", "Sort Space Used": 662, "Sort Space Type": "Memory", "Plans": [{"Node Type": "Hash Join", "Parent Relationship": "Outer", "Parallel Aware": false, "Join Type": "Inner", "Startup Cost": 52933.46, "Total Cost": 262531.05, "Plan Rows": 89, "Plan Width": 78, "Actual Startup Time": 5528.768, "Actual Total Time": 19806.121, "Actual Rows": 6014, "Actual Loops": 1, "Output": ["n1.n_name", "n2.n_name", "date_part('year'::text, (lineitem.l_shipdate)::timestamp without time zone)", "lineitem.l_extendedprice", "lineitem.l_discount"], "Inner Unique": false, "Hash Cond": "(lineitem.l_suppkey = supplier.s_suppkey)", "Join Filter": "((((n1.n_name)::text = 'ALGERIA'::text) AND ((n2.n_name)::text = 'EGYPT'::text)) OR (((n1.n_name)::text = 'EGYPT'::text) AND ((n2.n_name)::text = 'ALGERIA'::text)))", "Rows Removed by Join Filter": 6077, "Plans": [{"Node Type": "Hash Join", "Parent Relationship": "Outer", "Parallel Aware": false, "Join Type": "Inner", "Startup Cost": 52566.05, "Total Cost": 262156.04, "Plan Rows": 1810, "Plan Width": 49, "Actual Startup Time": 5495.758, "Actual Total Time": 19599.162, "Actual Rows": 144353, "Actual Loops": 1, "Output": ["lineitem.l_shipdate", "lineitem.l_extendedprice", "lineitem.l_discount", "lineitem.l_suppkey", "n2.n_name"], "Inner Unique": false, "Hash Cond": "(lineitem.l_orderkey = orders.o_orderkey)", "Plans": [{"Node Type": "Seq Scan", "Parent Relationship": "Outer", "Parallel Aware": false, "Relation Name": "lineitem", "Schema": "public", "Alias": "lineitem", "Startup Cost": 0.0, "Total Cost": 202484.64, "Plan Rows": 1846489, "Plan Width": 24, "Actual Startup Time": 0.019, "Actual Total Time": 6046.192, "Actual Rows": 1827668, "Actual Loops": 1, "Output": ["lineitem.l_orderkey", "lineitem.l_partkey", "lineitem.l_suppkey", "lineitem.l_linenumber", "lineitem.l_quantity", "lineitem.l_extendedprice", "lineitem.l_discount", "lineitem.l_tax", "lineitem.l_returnflag", "lineitem.l_linestatus", "lineitem.l_shipdate", "lineitem.l_commitdate", "lineitem.l_receiptdate", "lineitem.l_shipinstruct", "lineitem.l_shipmode", "lineitem.l_comment"], "Filter": "((lineitem.l_shipdate >= '1995-01-01'::date) AND (lineitem.l_shipdate <= '1996-12-31'::date))", "Rows Removed by Filter": 4172335}, {"Node Type": "Hash", "Parent Relationship": "Inner", "Parallel Aware": false, "Startup Cost": 52382.22, "Total Cost": 52382.22, "Plan Rows": 14706, "Plan Width": 33, "Actual Startup Time": 5484.146, "Actual Total Time": 5484.193, "Actual Rows": 118964, "Actual Loops": 1, "Output": ["orders.o_orderkey", "n2.n_name"], "Hash Buckets": 131072, "Original Hash Buckets": 16384, "Hash Batches": 2, "Original Hash Batches": 1, "Peak Memory Usage": 3525, "Plans": [{"Node Type": "Hash Join", "Parent Relationship": "Outer", "Parallel Aware": false, "Join Type": "Inner", "Startup Cost": 5518.12, "Total Cost": 52382.22, "Plan Rows": 14706, "Plan Width": 33, "Actual Startup Time": 221.347, "Actual Total Time": 5138.326, "Actual Rows": 118964, "Actual Loops": 1, "Output": ["orders.o_orderkey", "n2.n_name"], "Inner Unique": false, "Hash Cond": "(orders.o_custkey = customer.c_custkey)", "Plans": [{"Node Type": "Seq Scan", "Parent Relationship": "Outer", "Parallel Aware": false, "Relation Name": "orders", "Schema": "public", "Alias": "orders", "Startup Cost": 0.0, "Total Cost": 41092.0, "Plan Rows": 1500000, "Plan Width": 8, "Actual Startup Time": 0.44, "Actual Total Time": 3921.026, "Actual Rows": 1500000, "Actual Loops": 1, "Output": ["orders.o_orderkey", "orders.o_custkey", "orders.o_orderstatus", "orders.o_totalprice", "orders.o_orderdate", "orders.o_orderpriority", "orders.o_clerk", "orders.o_shippriority", "orders.o_comment"]}, {"Node Type": "Hash", "Parent Relationship": "Inner", "Parallel Aware": false, "Startup Cost": 5499.73, "Total Cost": 5499.73, "Plan Rows": 1471, "Plan Width": 33, "Actual Startup Time": 220.877, "Actual Total Time": 220.913, "Actual Rows": 11920, "Actual Loops": 1, "Output": ["customer.c_custkey", "n2.n_name"], "Hash Buckets": 16384, "Original Hash Buckets": 2048, "Hash Batches": 1, "Original Hash Batches": 1, "Peak Memory Usage": 629, "Plans": [{"Node Type": "Hash Join", "Parent Relationship": "Outer", "Parallel Aware": false, "Join Type": "Inner", "Startup Cost": 17.71, "Total Cost": 5499.73, "Plan Rows": 1471, "Plan Width": 33, "Actual Startup Time": 0.039, "Actual Total Time": 214.326, "Actual Rows": 11920, "Actual Loops": 1, "Output": ["customer.c_custkey", "n2.n_name"], "Inner Unique": true, "Hash Cond": "(customer.c_nationkey = n2.n_nationkey)", "Plans": [{"Node Type": "Seq Scan", "Parent Relationship": "Outer", "Parallel Aware": false, "Relation Name": "customer", "Schema": "public", "Alias": "customer", "Startup Cost": 0.0, "Total Cost": 5085.0, "Plan Rows": 150000, "Plan Width": 8, "Actual Startup Time": 0.004, "Actual Total Time": 28.102, "Actual Rows": 150000, "Actual Loops": 1, "Output": ["customer.c_custkey", "customer.c_name", "customer.c_address", "customer.c_nationkey", "customer.c_phone", "customer.c_acctbal", "customer.c_mktsegment", "customer.c_comment"]}, {"Node Type": "Hash", "Parent Relationship": "Inner", "Parallel Aware": false, "Startup Cost": 17.65, "Total Cost": 17.65, "Plan Rows": 5, "Plan Width": 33, "Actual Startup Time": 0.01, "Actual Total Time": 0.017, "Actual Rows": 2, "Actual Loops": 1, "Output": ["n2.n_name", "n2.n_nationkey"], "Hash Buckets": 1024, "Original Hash Buckets": 1024, "Hash Batches": 1, "Original Hash Batches": 1, "Peak Memory Usage": 9, "Plans": [{"Node Type": "Seq Scan", "Parent Relationship": "Outer", "Parallel Aware": false, "Relation Name": "nation", "Schema": "public", "Alias": "n2", "Startup Cost": 0.0, "Total Cost": 17.65, "Plan Rows": 5, "Plan Width": 33, "Actual Startup Time": 0.007, "Actual Total Time": 0.008, "Actual Rows": 2, "Actual Loops": 1, "Output": ["n2.n_name", "n2.n_nationkey"], "Filter": "(((n2.n_name)::text = 'EGYPT'::text) OR ((n2.n_name)::text = 'ALGERIA'::text))", "Rows Removed by Filter": 23}]}]}]}]}]}]}, {"Node Type": "Hash", "Parent Relationship": "Inner", "Parallel Aware": false, "Startup Cost": 366.18, "Total Cost": 366.18, "Plan Rows": 98, "Plan Width": 33, "Actual Startup Time": 22.774, "Actual Total Time": 22.777, "Actual Rows": 835, "Actual Loops": 1, "Output": ["supplier.s_suppkey", "n1.n_name"], "Hash Buckets": 1024, "Original Hash Buckets": 1024, "Hash Batches": 1, "Original Hash Batches": 1, "Peak Memory Usage": 44, "Plans": [{"Node Type": "Hash Join", "Parent Relationship": "Outer", "Parallel Aware": false, "Join Type": "Inner", "Startup Cost": 17.71, "Total Cost": 366.18, "Plan Rows": 98, "Plan Width": 33, "Actual Startup Time": 0.034, "Actual Total Time": 12.38, "Actual Rows": 835, "Actual Loops": 1, "Output": ["supplier.s_suppkey", "n1.n_name"], "Inner Unique": true, "Hash Cond": "(supplier.s_nationkey = n1.n_nationkey)", "Plans": [{"Node Type": "Seq Scan", "Parent Relationship": "Outer", "Parallel Aware": false, "Relation Name": "supplier", "Schema": "public", "Alias": "supplier", "Startup Cost": 0.0, "Total Cost": 322.0, "Plan Rows": 10000, "Plan Width": 8, "Actual Startup Time": 0.009, "Actual Total Time": 0.768, "Actual Rows": 10000, "Actual Loops": 1, "Output": ["supplier.s_suppkey", "supplier.s_name", "supplier.s_address", "supplier.s_nationkey", "supplier.s_phone", "supplier.s_acctbal", "supplier.s_comment"]}, {"Node Type": "Hash", "Parent Relationship": "Inner", "Parallel Aware": false, "Startup Cost": 17.65, "Total Cost": 17.65, "Plan Rows": 5, "Plan Width": 33, "Actual Startup Time": 0.009, "Actual Total Time": 0.01, "Actual Rows": 2, "Actual Loops": 1, "Output": ["n1.n_name", "n1.n_nationkey"], "Hash Buckets": 1024, "Original Hash Buckets": 1024, "Hash Batches": 1, "Original Hash Batches": 1, "Peak Memory Usage": 9, "Plans": [{"Node Type": "Seq Scan", "Parent Relationship": "Outer", "Parallel Aware": false, "Relation Name": "nation", "Schema": "public", "Alias": "n1", "Startup Cost": 0.0, "Total Cost": 17.65, "Plan Rows": 5, "Plan Width": 33, "Actual Startup Time": 0.006, "Actual Total Time": 0.007, "Actual Rows": 2, "Actual Loops": 1, "Output": ["n1.n_name", "n1.n_nationkey"], "Filter": "(((n1.n_name)::text = 'ALGERIA'::text) OR ((n1.n_name)::text = 'EGYPT'::text))", "Rows Removed by Filter": 23}]}]}]}]}]}]}, "Planning Time": 72.099, "Triggers": [], "Execution Time": 19858.188}]
q1#####[{"Plan": {"Node Type": "Aggregate", "Strategy": "Sorted", "Partial Mode": "Simple", "Parallel Aware": false, "Startup Cost": 262533.93, "Total Cost": 262537.04, "Plan Rows": 89, "Plan Width": 98, "Actual Startup Time": 36380.842, "Actual Total Time": 36382.038, "Actual Rows": 4, "Actual Loops": 1, "Output": ["n1.n_name", "n2.n_name", "(date_part('year'::text, (lineitem.l_shipdate)::timestamp without time zone))", "sum((lineitem.l_extendedprice * ('1'::numeric - lineitem.l_discount)))"], "Group Key": ["n1.n_name", "n2.n_name", "(date_part('year'::text, (lineitem.l_shipdate)::timestamp without time zone))"], "Plans": [{"Node Type": "Sort", "Parent Relationship": "Outer", "Parallel Aware": false, "Startup Cost": 262533.93, "Total Cost": 262534.15, "Plan Rows": 89, "Plan Width": 78, "Actual Startup Time": 36380.485, "Actual Total Time": 36380.805, "Actual Rows": 5935, "Actual Loops": 1, "Output": ["n1.n_name", "n2.n_name", "(date_part('year'::text, (lineitem.l_shipdate)::timestamp without time zone))", "lineitem.l_extendedprice", "lineitem.l_discount"], "Sort Key": ["n1.n_name", "n2.n_name", "(date_part('year'::text, (lineitem.l_shipdate)::timestamp without time zone))"], "Sort Method": "quicksort", "Sort Space Used": 656, "Sort Space Type": "Memory", "Plans": [{"Node Type": "Hash Join", "Parent Relationship": "Outer", "Parallel Aware": false, "Join Type": "Inner", "Startup Cost": 52933.46, "Total Cost": 262531.05, "Plan Rows": 89, "Plan Width": 78, "Actual Startup Time": 11637.98, "Actual Total Time": 36342.578, "Actual Rows": 5935, "Actual Loops": 1, "Output": ["n1.n_name", "n2.n_name", "date_part('year'::text, (lineitem.l_shipdate)::timestamp without time zone)", "lineitem.l_extendedprice", "lineitem.l_discount"], "Inner Unique": false, "Hash Cond": "(lineitem.l_suppkey = supplier.s_suppkey)", "Join Filter": "((((n1.n_name)::text = 'ALGERIA'::text) AND ((n2.n_name)::text = 'SAUDI ARABIA'::text)) OR (((n1.n_name)::text = 'SAUDI ARABIA'::text) AND ((n2.n_name)::text = 'ALGERIA'::text)))", "Rows Removed by Join Filter": 5989, "Plans": [{"Node Type": "Hash Join", "Parent Relationship": "Outer", "Parallel Aware": false, "Join Type": "Inner", "Startup Cost": 52566.05, "Total Cost": 262156.04, "Plan Rows": 1810, "Plan Width": 49, "Actual Startup Time": 11419.376, "Actual Total Time": 36012.344, "Actual Rows": 143218, "Actual Loops": 1, "Output": ["lineitem.l_shipdate", "lineitem.l_extendedprice", "lineitem.l_discount", "lineitem.l_suppkey", "n2.n_name"], "Inner Unique": false, "Hash Cond": "(lineitem.l_orderkey = orders.o_orderkey)", "Plans": [{"Node Type": "Seq Scan", "Parent Relationship": "Outer", "Parallel Aware": false, "Relation Name": "lineitem", "Schema": "public", "Alias": "lineitem", "Startup Cost": 0.0, "Total Cost": 202484.64, "Plan Rows": 1846489, "Plan Width": 24, "Actual Startup Time": 0.029, "Actual Total Time": 16553.309, "Actual Rows": 1827668, "Actual Loops": 1, "Output": ["lineitem.l_orderkey", "lineitem.l_partkey", "lineitem.l_suppkey", "lineitem.l_linenumber", "lineitem.l_quantity", "lineitem.l_extendedprice", "lineitem.l_discount", "lineitem.l_tax", "lineitem.l_returnflag", "lineitem.l_linestatus", "lineitem.l_shipdate", "lineitem.l_commitdate", "lineitem.l_receiptdate", "lineitem.l_shipinstruct", "lineitem.l_shipmode", "lineitem.l_comment"], "Filter": "((lineitem.l_shipdate >= '1995-01-01'::date) AND (lineitem.l_shipdate <= '1996-12-31'::date))", "Rows Removed by Filter": 4172335}, {"Node Type": "Hash", "Parent Relationship": "Inner", "Parallel Aware": false, "Startup Cost": 52382.22, "Total Cost": 52382.22, "Plan Rows": 14706, "Plan Width": 33, "Actual Startup Time": 11265.124, "Actual Total Time": 11265.193, "Actual Rows": 117730, "Actual Loops": 1, "Output": ["orders.o_orderkey", "n2.n_name"], "Hash Buckets": 131072, "Original Hash Buckets": 16384, "Hash Batches": 2, "Original Hash Batches": 1, "Peak Memory Usage": 3696, "Plans": [{"Node Type": "Hash Join", "Parent Relationship": "Outer", "Parallel Aware": false, "Join Type": "Inner", "Startup Cost": 5518.12, "Total Cost": 52382.22, "Plan Rows": 14706, "Plan Width": 33, "Actual Startup Time": 794.438, "Actual Total Time": 10935.668, "Actual Rows": 117730, "Actual Loops": 1, "Output": ["orders.o_orderkey", "n2.n_name"], "Inner Unique": false, "Hash Cond": "(orders.o_custkey = customer.c_custkey)", "Plans": [{"Node Type": "Seq Scan", "Parent Relationship": "Outer", "Parallel Aware": false, "Relation Name": "orders", "Schema": "public", "Alias": "orders", "Startup Cost": 0.0, "Total Cost": 41092.0, "Plan Rows": 1500000, "Plan Width": 8, "Actual Startup Time": 0.043, "Actual Total Time": 8761.257, "Actual Rows": 1500000, "Actual Loops": 1, "Output": ["orders.o_orderkey", "orders.o_custkey", "orders.o_orderstatus", "orders.o_totalprice", "orders.o_orderdate", "orders.o_orderpriority", "orders.o_clerk", "orders.o_shippriority", "orders.o_comment"]}, {"Node Type": "Hash", "Parent Relationship": "Inner", "Parallel Aware": false, "Startup Cost": 5499.73, "Total Cost": 5499.73, "Plan Rows": 1471, "Plan Width": 33, "Actual Startup Time": 793.862, "Actual Total Time": 793.908, "Actual Rows": 11829, "Actual Loops": 1, "Output": ["customer.c_custkey", "n2.n_name"], "Hash Buckets": 16384, "Original Hash Buckets": 2048, "Hash Batches": 1, "Original Hash Batches": 1, "Peak Memory Usage": 666, "Plans": [{"Node Type": "Hash Join", "Parent Relationship": "Outer", "Parallel Aware": false, "Join Type": "Inner", "Startup Cost": 17.71, "Total Cost": 5499.73, "Plan Rows": 1471, "Plan Width": 33, "Actual Startup Time": 1.13, "Actual Total Time": 773.359, "Actual Rows": 11829, "Actual Loops": 1, "Output": ["customer.c_custkey", "n2.n_name"], "Inner Unique": true, "Hash Cond": "(customer.c_nationkey = n2.n_nationkey)", "Plans": [{"Node Type": "Seq Scan", "Parent Relationship": "Outer", "Parallel Aware": false, "Relation Name": "customer", "Schema": "public", "Alias": "customer", "Startup Cost": 0.0, "Total Cost": 5085.0, "Plan Rows": 150000, "Plan Width": 8, "Actual Startup Time": 0.203, "Actual Total Time": 32.372, "Actual Rows": 150000, "Actual Loops": 1, "Output": ["customer.c_custkey", "customer.c_name", "customer.c_address", "customer.c_nationkey", "customer.c_phone", "customer.c_acctbal", "customer.c_mktsegment", "customer.c_comment"]}, {"Node Type": "Hash", "Parent Relationship": "Inner", "Parallel Aware": false, "Startup Cost": 17.65, "Total Cost": 17.65, "Plan Rows": 5, "Plan Width": 33, "Actual Startup Time": 0.016, "Actual Total Time": 0.03, "Actual Rows": 2, "Actual Loops": 1, "Output": ["n2.n_name", "n2.n_nationkey"], "Hash Buckets": 1024, "Original Hash Buckets": 1024, "Hash Batches": 1, "Original Hash Batches": 1, "Peak Memory Usage": 9, "Plans": [{"Node Type": "Seq Scan", "Parent Relationship": "Outer", "Parallel Aware": false, "Relation Name": "nation", "Schema": "public", "Alias": "n2", "Startup Cost": 0.0, "Total Cost": 17.65, "Plan Rows": 5, "Plan Width": 33, "Actual Startup Time": 0.008, "Actual Total Time": 0.012, "Actual Rows": 2, "Actual Loops": 1, "Output": ["n2.n_name", "n2.n_nationkey"], "Filter": "(((n2.n_name)::text = 'SAUDI ARABIA'::text) OR ((n2.n_name)::text = 'ALGERIA'::text))", "Rows Removed by Filter": 23}]}]}]}]}]}]}, {"Node Type": "Hash", "Parent Relationship": "Inner", "Parallel Aware": false, "Startup Cost": 366.18, "Total Cost": 366.18, "Plan Rows": 98, "Plan Width": 33, "Actual Startup Time": 119.999, "Actual Total Time": 120.018, "Actual Rows": 831, "Actual Loops": 1, "Output": ["supplier.s_suppkey", "n1.n_name"], "Hash Buckets": 1024, "Original Hash Buckets": 1024, "Hash Batches": 1, "Original Hash Batches": 1, "Peak Memory Usage": 46, "Plans": [{"Node Type": "Hash Join", "Parent Relationship": "Outer", "Parallel Aware": false, "Join Type": "Inner", "Startup Cost": 17.71, "Total Cost": 366.18, "Plan Rows": 98, "Plan Width": 33, "Actual Startup Time": 1.053, "Actual Total Time": 105.045, "Actual Rows": 831, "Actual Loops": 1, "Output": ["supplier.s_suppkey", "n1.n_name"], "Inner Unique": true, "Hash Cond": "(supplier.s_nationkey = n1.n_nationkey)", "Plans": [{"Node Type": "Seq Scan", "Parent Relationship": "Outer", "Parallel Aware": false, "Relation Name": "supplier", "Schema": "public", "Alias": "supplier", "Startup Cost": 0.0, "Total Cost": 322.0, "Plan Rows": 10000, "Plan Width": 8, "Actual Startup Time": 0.116, "Actual Total Time": 3.221, "Actual Rows": 10000, "Actual Loops": 1, "Output": ["supplier.s_suppkey", "supplier.s_name", "supplier.s_address", "supplier.s_nationkey", "supplier.s_phone", "supplier.s_acctbal", "supplier.s_comment"]}, {"Node Type": "Hash", "Parent Relationship": "Inner", "Parallel Aware": false, "Startup Cost": 17.65, "Total Cost": 17.65, "Plan Rows": 5, "Plan Width": 33, "Actual Startup Time": 0.883, "Actual Total Time": 0.888, "Actual Rows": 2, "Actual Loops": 1, "Output": ["n1.n_name", "n1.n_nationkey"], "Hash Buckets": 1024, "Original Hash Buckets": 1024, "Hash Batches": 1, "Original Hash Batches": 1, "Peak Memory Usage": 9, "Plans": [{"Node Type": "Seq Scan", "Parent Relationship": "Outer", "Parallel Aware": false, "Relation Name": "nation", "Schema": "public", "Alias": "n1", "Startup Cost": 0.0, "Total Cost": 17.65, "Plan Rows": 5, "Plan Width": 33, "Actual Startup Time": 0.869, "Actual Total Time": 0.874, "Actual Rows": 2, "Actual Loops": 1, "Output": ["n1.n_name", "n1.n_nationkey"], "Filter": "(((n1.n_name)::text = 'ALGERIA'::text) OR ((n1.n_name)::text = 'SAUDI ARABIA'::text))", "Rows Removed by Filter": 23}]}]}]}]}]}]}, "Planning Time": 35.677, "Triggers": [], "Execution Time": 36382.882}]
q4#####[{"Plan": {"Node Type": "Sort", "Parallel Aware": false, "Startup Cost": 3162587.22, "Total Cost": 3176852.47, "Plan Rows": 5706100, "Plan Width": 205, "Actual Startup Time": 19723.137, "Actual Total Time": 19829.157, "Actual Rows": 38285, "Actual Loops": 1, "Output": ["customer.c_custkey", "customer.c_name", "(sum((lineitem.l_extendedprice * ('1'::numeric - lineitem.l_discount))))", "customer.c_acctbal", "nation.n_name", "customer.c_address", "customer.c_phone", "customer.c_comment"], "Sort Key": ["(sum((lineitem.l_extendedprice * ('1'::numeric - lineitem.l_discount)))) DESC"], "Sort Method": "external merge", "Sort Space Used": 6472, "Sort Space Type": "Disk", "Plans": [{"Node Type": "Aggregate", "Strategy": "Sorted", "Partial Mode": "Simple", "Parent Relationship": "Outer", "Parallel Aware": false, "Startup Cost": 278726.27, "Total Cost": 825457.08, "Plan Rows": 5706100, "Plan Width": 205, "Actual Startup Time": 17940.035, "Actual Total Time": 19350.808, "Actual Rows": 38285, "Actual Loops": 1, "Output": ["customer.c_custkey", "customer.c_name", "sum((lineitem.l_extendedprice * ('1'::numeric - lineitem.l_discount)))", "customer.c_acctbal", "nation.n_name", "customer.c_address", "customer.c_phone", "customer.c_comment"], "Group Key": ["customer.c_custkey", "customer.c_name", "customer.c_acctbal", "customer.c_phone", "nation.n_name", "customer.c_address", "customer.c_comment"], "Plans": [{"Node Type": "Incremental Sort", "Parent Relationship": "Outer", "Parallel Aware": false, "Startup Cost": 278726.27, "Total Cost": 611478.33, "Plan Rows": 5706100, "Plan Width": 185, "Actual Startup Time": 17939.944, "Actual Total Time": 18885.77, "Actual Rows": 112679, "Actual Loops": 1, "Output": ["customer.c_custkey", "customer.c_name", "customer.c_acctbal", "nation.n_name", "customer.c_address", "customer.c_phone", "customer.c_comment", "lineitem.l_extendedprice", "lineitem.l_discount"], "Sort Key": ["customer.c_custkey", "customer.c_name", "customer.c_acctbal", "customer.c_phone", "nation.n_name", "customer.c_address", "customer.c_comment"], "Presorted Key": ["customer.c_custkey"], "Full-sort Groups": {"Group Count": 3356, "Sort Methods Used": ["quicksort"], "Sort Space Memory": {"Average Sort Space Used": 34, "Peak Sort Space Used": 34}}, "Plans": [{"Node Type": "Merge Join", "Parent Relationship": "Outer", "Parallel Aware": false, "Join Type": "Inner", "Startup Cost": 278724.59, "Total Cost": 280330.51, "Plan Rows": 5706100, "Plan Width": 185, "Actual Startup Time": 17939.381, "Actual Total Time": 18580.515, "Actual Rows": 112679, "Actual Loops": 1, "Output": ["customer.c_custkey", "customer.c_name", "customer.c_acctbal", "nation.n_name", "customer.c_address", "customer.c_phone", "customer.c_comment", "lineitem.l_extendedprice", "lineitem.l_discount"], "Inner Unique": false, "Merge Cond": "(customer.c_custkey = orders.o_custkey)", "Plans": [{"Node Type": "Sort", "Parent Relationship": "Outer", "Parallel Aware": false, "Startup Cost": 31219.95, "Total Cost": 31594.95, "Plan Rows": 150000, "Plan Width": 173, "Actual Startup Time": 2526.606, "Actual Total Time": 2945.091, "Actual Rows": 149996, "Actual Loops": 1, "Output": ["customer.c_custkey", "customer.c_name", "customer.c_acctbal", "customer.c_address", "customer.c_phone", "customer.c_comment", "nation.n_name"], "Sort Key": ["customer.c_custkey"], "Sort Method": "external merge", "Sort Space Used": 24056, "Sort Space Type": "Disk", "Plans": [{"Node Type": "Hash Join", "Parent Relationship": "Outer", "Parallel Aware": false, "Join Type": "Inner", "Startup Cost": 21.48, "Total Cost": 5503.5, "Plan Rows": 150000, "Plan Width": 173, "Actual Startup Time": 14.392, "Actual Total Time": 613.838, "Actual Rows": 150000, "Actual Loops": 1, "Output": ["customer.c_custkey", "customer.c_name", "customer.c_acctbal", "customer.c_address", "customer.c_phone", "customer.c_comment", "nation.n_name"], "Inner Unique": true, "Hash Cond": "(customer.c_nationkey = nation.n_nationkey)", "Plans": [{"Node Type": "Seq Scan", "Parent Relationship": "Outer", "Parallel Aware": false, "Relation Name": "customer", "Schema": "public", "Alias": "customer", "Startup Cost": 0.0, "Total Cost": 5085.0, "Plan Rows": 150000, "Plan Width": 148, "Actual Startup Time": 0.045, "Actual Total Time": 46.344, "Actual Rows": 150000, "Actual Loops": 1, "Output": ["customer.c_custkey", "customer.c_name", "customer.c_address", "customer.c_nationkey", "customer.c_phone", "customer.c_acctbal", "customer.c_mktsegment", "customer.c_comment"]}, {"Node Type": "Hash", "Parent Relationship": "Inner", "Parallel Aware": false, "Startup Cost": 15.1, "Total Cost": 15.1, "Plan Rows": 510, "Plan Width": 33, "Actual Startup Time": 8.51, "Actual Total Time": 8.536, "Actual Rows": 25, "Actual Loops": 1, "Output": ["nation.n_name", "nation.n_nationkey"], "Hash Buckets": 1024, "Original Hash Buckets": 1024, "Hash Batches": 1, "Original Hash Batches": 1, "Peak Memory Usage": 10, "Plans": [{"Node Type": "Seq Scan", "Parent Relationship": "Outer", "Parallel Aware": false, "Relation Name": "nation", "Schema": "public", "Alias": "nation", "Startup Cost": 0.0, "Total Cost": 15.1, "Plan Rows": 510, "Plan Width": 33, "Actual Startup Time": 0.332, "Actual Total Time": 0.335, "Actual Rows": 25, "Actual Loops": 1, "Output": ["nation.n_name", "nation.n_nationkey"]}]}]}]}, {"Node Type": "Sort", "Parent Relationship": "Inner", "Parallel Aware": false, "Startup Cost": 247504.65, "Total Cost": 247647.3, "Plan Rows": 57061, "Plan Width": 16, "Actual Startup Time": 15412.68, "Actual Total Time": 15464.151, "Actual Rows": 112679, "Actual Loops": 1, "Output": ["orders.o_custkey", "lineitem.l_extendedprice", "lineitem.l_discount"], "Sort Key": ["orders.o_custkey"], "Sort Method": "external sort", "Sort Space Used": 3472, "Sort Space Type": "Disk", "Plans": [{"Node Type": "Hash Join", "Parent Relationship": "Outer", "Parallel Aware": false, "Join Type": "Inner", "Startup Cost": 49303.38, "Total Cost": 242996.76, "Plan Rows": 57061, "Plan Width": 16, "Actual Startup Time": 3178.52, "Actual Total Time": 14935.72, "Actual Rows": 112679, "Actual Loops": 1, "Output": ["orders.o_custkey", "lineitem.l_extendedprice", "lineitem.l_discount"], "Inner Unique": false, "Hash Cond": "(lineitem.l_orderkey = orders.o_orderkey)", "Plans": [{"Node Type": "Seq Scan", "Parent Relationship": "Outer", "Parallel Aware": false, "Relation Name": "lineitem", "Schema": "public", "Alias": "lineitem", "Startup Cost": 0.0, "Total Cost": 187482.86, "Plan Rows": 1503978, "Plan Width": 16, "Actual Startup Time": 0.068, "Actual Total Time": 10749.798, "Actual Rows": 1479175, "Actual Loops": 1, "Output": ["lineitem.l_orderkey", "lineitem.l_partkey", "lineitem.l_suppkey", "lineitem.l_linenumber", "lineitem.l_quantity", "lineitem.l_extendedprice", "lineitem.l_discount", "lineitem.l_tax", "lineitem.l_returnflag", "lineitem.l_linestatus", "lineitem.l_shipdate", "lineitem.l_commitdate", "lineitem.l_receiptdate", "lineitem.l_shipinstruct", "lineitem.l_shipmode", "lineitem.l_comment"], "Filter": "(lineitem.l_returnflag = 'R'::bpchar)", "Rows Removed by Filter": 4520828}, {"Node Type": "Hash", "Parent Relationship": "Inner", "Parallel Aware": false, "Startup Cost": 48592.0, "Total Cost": 48592.0, "Plan Rows": 56910, "Plan Width": 8, "Actual Startup Time": 3150.766, "Actual Total Time": 3150.771, "Actual Rows": 56434, "Actual Loops": 1, "Output": ["orders.o_custkey", "orders.o_orderkey"], "Hash Buckets": 65536, "Original Hash Buckets": 65536, "Hash Batches": 1, "Original Hash Batches": 1, "Peak Memory Usage": 2717, "Plans": [{"Node Type": "Seq Scan", "Parent Relationship": "Outer", "Parallel Aware": false, "Relation Name": "orders", "Schema": "public", "Alias": "orders", "Startup Cost": 0.0, "Total Cost": 48592.0, "Plan Rows": 56910, "Plan Width": 8, "Actual Startup Time": 0.037, "Actual Total Time": 2998.693, "Actual Rows": 56434, "Actual Loops": 1, "Output": ["orders.o_custkey", "orders.o_orderkey"], "Filter": "((orders.o_orderdate >= '1993-04-01'::date) AND (orders.o_orderdate < '1993-07-01 00:00:00'::timestamp without time zone))", "Rows Removed by Filter": 1443566}]}]}]}]}]}]}]}, "Planning Time": 11.498, "Triggers": [], "Execution Time": 19964.621}]
q5#####[{"Plan": {"Node Type": "Sort", "Parallel Aware": false, "Startup Cost": 3141058.79, "Total Cost": 3155221.29, "Plan Rows": 5665000, "Plan Width": 205, "Actual Startup Time": 17561.845, "Actual Total Time": 17579.94, "Actual Rows": 38869, "Actual Loops": 1, "Output": ["customer.c_custkey", "customer.c_name", "(sum((lineitem.l_extendedprice * ('1'::numeric - lineitem.l_discount))))", "customer.c_acctbal", "nation.n_name", "customer.c_address", "customer.c_phone", "customer.c_comment"], "Sort Key": ["(sum((lineitem.l_extendedprice * ('1'::numeric - lineitem.l_discount)))) DESC"], "Sort Method": "external merge", "Sort Space Used": 6568, "Sort Space Type": "Disk", "Plans": [{"Node Type": "Aggregate", "Strategy": "Sorted", "Partial Mode": "Simple", "Parent Relationship": "Outer", "Parallel Aware": false, "Startup Cost": 278681.6, "Total Cost": 821058.31, "Plan Rows": 5665000, "Plan Width": 205, "Actual Startup Time": 16421.064, "Actual Total Time": 17437.946, "Actual Rows": 38869, "Actual Loops": 1, "Output": ["customer.c_custkey", "customer.c_name", "sum((lineitem.l_extendedprice * ('1'::numeric - lineitem.l_discount)))", "customer.c_acctbal", "nation.n_name", "customer.c_address", "customer.c_phone", "customer.c_comment"], "Group Key": ["customer.c_custkey", "customer.c_name", "customer.c_acctbal", "customer.c_phone", "nation.n_name", "customer.c_address", "customer.c_comment"], "Plans": [{"Node Type": "Incremental Sort", "Parent Relationship": "Outer", "Parallel Aware": false, "Startup Cost": 278681.6, "Total Cost": 608620.81, "Plan Rows": 5665000, "Plan Width": 185, "Actual Startup Time": 16420.704, "Actual Total Time": 17234.022, "Actual Rows": 114475, "Actual Loops": 1, "Output": ["customer.c_custkey", "customer.c_name", "customer.c_acctbal", "nation.n_name", "customer.c_address", "customer.c_phone", "customer.c_comment", "lineitem.l_extendedprice", "lineitem.l_discount"], "Sort Key": ["customer.c_custkey", "customer.c_name", "customer.c_acctbal", "customer.c_phone", "nation.n_name", "customer.c_address", "customer.c_comment"], "Presorted Key": ["customer.c_custkey"], "Full-sort Groups": {"Group Count": 3412, "Sort Methods Used": ["quicksort"], "Sort Space Memory": {"Average Sort Space Used": 33, "Peak Sort Space Used": 33}}, "Plans": [{"Node Type": "Merge Join", "Parent Relationship": "Outer", "Parallel Aware": false, "Join Type": "Inner", "Startup Cost": 278679.94, "Total Cost": 280279.69, "Plan Rows": 5665000, "Plan Width": 185, "Actual Startup Time": 16420.587, "Actual Total Time": 16928.802, "Actual Rows": 114475, "Actual Loops": 1, "Output": ["customer.c_custkey", "customer.c_name", "customer.c_acctbal", "nation.n_name", "customer.c_address", "customer.c_phone", "customer.c_comment", "lineitem.l_extendedprice", "lineitem.l_discount"], "Inner Unique": false, "Merge Cond": "(customer.c_custkey = orders.o_custkey)", "Plans": [{"Node Type": "Sort", "Parent Relationship": "Outer", "Parallel Aware": false, "Startup Cost": 31219.95, "Total Cost": 31594.95, "Plan Rows": 150000, "Plan Width": 173, "Actual Startup Time": 1518.289, "Actual Total Time": 1881.819, "Actual Rows": 149999, "Actual Loops": 1, "Output": ["customer.c_custkey", "customer.c_name", "customer.c_acctbal", "customer.c_address", "customer.c_phone", "customer.c_comment", "nation.n_name"], "Sort Key": ["customer.c_custkey"], "Sort Method": "external merge", "Sort Space Used": 24056, "Sort Space Type": "Disk", "Plans": [{"Node Type": "Hash Join", "Parent Relationship": "Outer", "Parallel Aware": false, "Join Type": "Inner", "Startup Cost": 21.48, "Total Cost": 5503.5, "Plan Rows": 150000, "Plan Width": 173, "Actual Startup Time": 0.111, "Actual Total Time": 507.184, "Actual Rows": 150000, "Actual Loops": 1, "Output": ["customer.c_custkey", "customer.c_name", "customer.c_acctbal", "customer.c_address", "customer.c_phone", "customer.c_comment", "nation.n_name"], "Inner Unique": true, "Hash Cond": "(customer.c_nationkey = nation.n_nationkey)", "Plans": [{"Node Type": "Seq Scan", "Parent Relationship": "Outer", "Parallel Aware": false, "Relation Name": "customer", "Schema": "public", "Alias": "customer", "Startup Cost": 0.0, "Total Cost": 5085.0, "Plan Rows": 150000, "Plan Width": 148, "Actual Startup Time": 0.023, "Actual Total Time": 123.905, "Actual Rows": 150000, "Actual Loops": 1, "Output": ["customer.c_custkey", "customer.c_name", "customer.c_address", "customer.c_nationkey", "customer.c_phone", "customer.c_acctbal", "customer.c_mktsegment", "customer.c_comment"]}, {"Node Type": "Hash", "Parent Relationship": "Inner", "Parallel Aware": false, "Startup Cost": 15.1, "Total Cost": 15.1, "Plan Rows": 510, "Plan Width": 33, "Actual Startup Time": 0.033, "Actual Total Time": 0.036, "Actual Rows": 25, "Actual Loops": 1, "Output": ["nation.n_name", "nation.n_nationkey"], "Hash Buckets": 1024, "Original Hash Buckets": 1024, "Hash Batches": 1, "Original Hash Batches": 1, "Peak Memory Usage": 10, "Plans": [{"Node Type": "Seq Scan", "Parent Relationship": "Outer", "Parallel Aware": false, "Relation Name": "nation", "Schema": "public", "Alias": "nation", "Startup Cost": 0.0, "Total Cost": 15.1, "Plan Rows": 510, "Plan Width": 33, "Actual Startup Time": 0.02, "Actual Total Time": 0.022, "Actual Rows": 25, "Actual Loops": 1, "Output": ["nation.n_name", "nation.n_nationkey"]}]}]}]}, {"Node Type": "Sort", "Parent Relationship": "Inner", "Parallel Aware": false, "Startup Cost": 247459.99, "Total Cost": 247601.61, "Plan Rows": 56650, "Plan Width": 16, "Actual Startup Time": 14902.203, "Actual Total Time": 14970.928, "Actual Rows": 114475, "Actual Loops": 1, "Output": ["orders.o_custkey", "lineitem.l_extendedprice", "lineitem.l_discount"], "Sort Key": ["orders.o_custkey"], "Sort Method": "external sort", "Sort Space Used": 3528, "Sort Space Type": "Disk", "Plans": [{"Node Type": "Hash Join", "Parent Relationship": "Outer", "Parallel Aware": false, "Join Type": "Inner", "Startup Cost": 49298.25, "Total Cost": 242987.53, "Plan Rows": 56650, "Plan Width": 16, "Actual Startup Time": 2375.259, "Actual Total Time": 14440.336, "Actual Rows": 114475, "Actual Loops": 1, "Output": ["orders.o_custkey", "lineitem.l_extendedprice", "lineitem.l_discount"], "Inner Unique": false, "Hash Cond": "(lineitem.l_orderkey = orders.o_orderkey)", "Plans": [{"Node Type": "Seq Scan", "Parent Relationship": "Outer", "Parallel Aware": false, "Relation Name": "lineitem", "Schema": "public", "Alias": "lineitem", "Startup Cost": 0.0, "Total Cost": 187482.86, "Plan Rows": 1503978, "Plan Width": 16, "Actual Startup Time": 0.132, "Actual Total Time": 10435.053, "Actual Rows": 1479175, "Actual Loops": 1, "Output": ["lineitem.l_orderkey", "lineitem.l_partkey", "lineitem.l_suppkey", "lineitem.l_linenumber", "lineitem.l_quantity", "lineitem.l_extendedprice", "lineitem.l_discount", "lineitem.l_tax", "lineitem.l_returnflag", "lineitem.l_linestatus", "lineitem.l_shipdate", "lineitem.l_commitdate", "lineitem.l_receiptdate", "lineitem.l_shipinstruct", "lineitem.l_shipmode", "lineitem.l_comment"], "Filter": "(lineitem.l_returnflag = 'R'::bpchar)", "Rows Removed by Filter": 4520828}, {"Node Type": "Hash", "Parent Relationship": "Inner", "Parallel Aware": false, "Startup Cost": 48592.0, "Total Cost": 48592.0, "Plan Rows": 56500, "Plan Width": 8, "Actual Startup Time": 2374.079, "Actual Total Time": 2374.079, "Actual Rows": 57207, "Actual Loops": 1, "Output": ["orders.o_custkey", "orders.o_orderkey"], "Hash Buckets": 65536, "Original Hash Buckets": 65536, "Hash Batches": 1, "Original Hash Batches": 1, "Peak Memory Usage": 2747, "Plans": [{"Node Type": "Seq Scan", "Parent Relationship": "Outer", "Parallel Aware": false, "Relation Name": "orders", "Schema": "public", "Alias": "orders", "Startup Cost": 0.0, "Total Cost": 48592.0, "Plan Rows": 56500, "Plan Width": 8, "Actual Startup Time": 0.043, "Actual Total Time": 2292.317, "Actual Rows": 57207, "Actual Loops": 1, "Output": ["orders.o_custkey", "orders.o_orderkey"], "Filter": "((orders.o_orderdate >= '1994-10-05'::date) AND (orders.o_orderdate < '1995-01-05 00:00:00'::timestamp without time zone))", "Rows Removed by Filter": 1442793}]}]}]}]}]}]}]}, "Planning Time": 20.429, "Triggers": [], "Execution Time": 17634.003}]
q6#####[{"Plan": {"Node Type": "Sort", "Parallel Aware": false, "Startup Cost": 250607.38, "Total Cost": 250607.88, "Plan Rows": 200, "Plan Width": 61, "Actual Startup Time": 13634.981, "Actual Total Time": 13635.041, "Actual Rows": 5, "Actual Loops": 1, "Output": ["nation.n_name", "(sum((lineitem.l_extendedprice * ('1'::numeric - lineitem.l_discount))))"], "Sort Key": ["(sum((lineitem.l_extendedprice * ('1'::numeric - lineitem.l_discount)))) DESC"], "Sort Method": "quicksort", "Sort Space Used": 25, "Sort Space Type": "Memory", "Plans": [{"Node Type": "Aggregate", "Strategy": "Sorted", "Partial Mode": "Simple", "Parent Relationship": "Outer", "Parallel Aware": false, "Startup Cost": 250594.64, "Total Cost": 250599.74, "Plan Rows": 200, "Plan Width": 61, "Actual Startup Time": 13612.517, "Actual Total Time": 13634.816, "Actual Rows": 5, "Actual Loops": 1, "Output": ["nation.n_name", "sum((lineitem.l_extendedprice * ('1'::numeric - lineitem.l_discount)))"], "Group Key": ["nation.n_name"], "Plans": [{"Node Type": "Sort", "Parent Relationship": "Outer", "Parallel Aware": false, "Startup Cost": 250594.64, "Total Cost": 250595.16, "Plan Rows": 208, "Plan Width": 41, "Actual Startup Time": 13612.142, "Actual Total Time": 13612.617, "Actual Rows": 7388, "Actual Loops": 1, "Output": ["nation.n_name", "lineitem.l_extendedprice", "lineitem.l_discount"], "Sort Key": ["nation.n_name"], "Sort Method": "quicksort", "Sort Space Used": 770, "Sort Space Type": "Memory", "Plans": [{"Node Type": "Hash Join", "Parent Relationship": "Outer", "Parallel Aware": false, "Join Type": "Inner", "Startup Cost": 55509.7, "Total Cost": 250586.63, "Plan Rows": 208, "Plan Width": 41, "Actual Startup Time": 3506.779, "Actual Total Time": 13581.943, "Actual Rows": 7388, "Actual Loops": 1, "Output": ["nation.n_name", "lineitem.l_extendedprice", "lineitem.l_discount"], "Inner Unique": false, "Hash Cond": "((lineitem.l_suppkey = supplier.s_suppkey) AND (customer.c_nationkey = supplier.s_nationkey))", "Plans": [{"Node Type": "Hash Join", "Parent Relationship": "Outer", "Parallel Aware": false, "Join Type": "Inner", "Startup Cost": 55037.7, "Total Cost": 250073.5, "Plan Rows": 5206, "Plan Width": 53, "Actual Startup Time": 3250.752, "Actual Total Time": 13037.098, "Actual Rows": 184361, "Actual Loops": 1, "Output": ["customer.c_nationkey", "lineitem.l_extendedprice", "lineitem.l_discount", "lineitem.l_suppkey", "nation.n_name", "nation.n_nationkey"], "Inner Unique": false, "Hash Cond": "(lineitem.l_orderkey = orders.o_orderkey)", "Plans": [{"Node Type": "Seq Scan", "Parent Relationship": "Outer", "Parallel Aware": false, "Relation Name": "lineitem", "Schema": "public", "Alias": "lineitem", "Startup Cost": 0.0, "Total Cost": 172481.09, "Plan Rows": 6000709, "Plan Width": 20, "Actual Startup Time": 0.065, "Actual Total Time": 6846.218, "Actual Rows": 6000003, "Actual Loops": 1, "Output": ["lineitem.l_orderkey", "lineitem.l_partkey", "lineitem.l_suppkey", "lineitem.l_linenumber", "lineitem.l_quantity", "lineitem.l_extendedprice", "lineitem.l_discount", "lineitem.l_tax", "lineitem.l_returnflag", "lineitem.l_linestatus", "lineitem.l_shipdate", "lineitem.l_commitdate", "lineitem.l_receiptdate", "lineitem.l_shipinstruct", "lineitem.l_shipmode", "lineitem.l_comment"]}, {"Node Type": "Hash", "Parent Relationship": "Inner", "Parallel Aware": false, "Startup Cost": 55021.44, "Total Cost": 55021.44, "Plan Rows": 1301, "Plan Width": 41, "Actual Startup Time": 3248.795, "Actual Total Time": 3248.844, "Actual Rows": 46097, "Actual Loops": 1, "Output": ["customer.c_nationkey", "orders.o_orderkey", "nation.n_name", "nation.n_nationkey"], "Hash Buckets": 65536, "Original Hash Buckets": 2048, "Hash Batches": 1, "Original Hash Batches": 1, "Peak Memory Usage": 2924, "Plans": [{"Node Type": "Hash Join", "Parent Relationship": "Outer", "Parallel Aware": false, "Join Type": "Inner", "Startup Cost": 5570.54, "Total Cost": 55021.44, "Plan Rows": 1301, "Plan Width": 41, "Actual Startup Time": 1136.395, "Actual Total Time": 3230.229, "Actual Rows": 46097, "Actual Loops": 1, "Output": ["customer.c_nationkey", "orders.o_orderkey", "nation.n_name", "nation.n_nationkey"], "Inner Unique": false, "Hash Cond": "(orders.o_custkey = customer.c_custkey)", "Plans": [{"Node Type": "Seq Scan", "Parent Relationship": "Outer", "Parallel Aware": false, "Relation Name": "orders", "Schema": "public", "Alias": "orders", "Startup Cost": 0.0, "Total Cost": 48592.0, "Plan Rows": 225570, "Plan Width": 8, "Actual Startup Time": 0.041, "Actual Total Time": 1764.125, "Actual Rows": 228464, "Actual Loops": 1, "Output": ["orders.o_orderkey", "orders.o_custkey", "orders.o_orderstatus", "orders.o_totalprice", "orders.o_orderdate", "orders.o_orderpriority", "orders.o_clerk", "orders.o_shippriority", "orders.o_comment"], "Filter": "((orders.o_orderdate >= '1996-01-10'::date) AND (orders.o_orderdate < '1997-01-10 00:00:00'::timestamp without time zone))", "Rows Removed by Filter": 1271536}, {"Node Type": "Hash", "Parent Relationship": "Inner", "Parallel Aware": false, "Startup Cost": 5559.73, "Total Cost": 5559.73, "Plan Rows": 865, "Plan Width": 41, "Actual Startup Time": 1136.272, "Actual Total Time": 1136.302, "Actual Rows": 30197, "Actual Loops": 1, "Output": ["customer.c_custkey", "customer.c_nationkey", "nation.n_name", "nation.n_nationkey"], "Hash Buckets": 32768, "Original Hash Buckets": 1024, "Hash Batches": 1, "Original Hash Batches": 1, "Peak Memory Usage": 1837, "Plans": [{"Node Type": "Hash Join", "Parent Relationship": "Outer", "Parallel Aware": false, "Join Type": "Inner", "Startup Cost": 38.01, "Total Cost": 5559.73, "Plan Rows": 865, "Plan Width": 41, "Actual Startup Time": 0.501, "Actual Total Time": 1116.553, "Actual Rows": 30197, "Actual Loops": 1, "Output": ["customer.c_custkey", "customer.c_nationkey", "nation.n_name", "nation.n_nationkey"], "Inner Unique": true, "Hash Cond": "(nation.n_regionkey = region.r_regionkey)", "Plans": [{"Node Type": "Hash Join", "Parent Relationship": "Outer", "Parallel Aware": false, "Join Type": "Inner", "Startup Cost": 21.48, "Total Cost": 5503.5, "Plan Rows": 15000, "Plan Width": 45, "Actual Startup Time": 0.289, "Actual Total Time": 1082.649, "Actual Rows": 150000, "Actual Loops": 1, "Output": ["customer.c_custkey", "customer.c_nationkey", "nation.n_name", "nation.n_nationkey", "nation.n_regionkey"], "Inner Unique": true, "Hash Cond": "(customer.c_nationkey = nation.n_nationkey)", "Plans": [{"Node Type": "Seq Scan", "Parent Relationship": "Outer", "Parallel Aware": false, "Relation Name": "customer", "Schema": "public", "Alias": "customer", "Startup Cost": 0.0, "Total Cost": 5085.0, "Plan Rows": 150000, "Plan Width": 8, "Actual Startup Time": 0.011, "Actual Total Time": 47.202, "Actual Rows": 150000, "Actual Loops": 1, "Output": ["customer.c_custkey", "customer.c_name", "customer.c_address", "customer.c_nationkey", "customer.c_phone", "customer.c_acctbal", "customer.c_mktsegment", "customer.c_comment"]}, {"Node Type": "Hash", "Parent Relationship": "Inner", "Parallel Aware": false, "Startup Cost": 15.1, "Total Cost": 15.1, "Plan Rows": 510, "Plan Width": 37, "Actual Startup Time": 0.03, "Actual Total Time": 0.038, "Actual Rows": 25, "Actual Loops": 1, "Output": ["nation.n_name", "nation.n_nationkey", "nation.n_regionkey"], "Hash Buckets": 1024, "Original Hash Buckets": 1024, "Hash Batches": 1, "Original Hash Batches": 1, "Peak Memory Usage": 10, "Plans": [{"Node Type": "Seq Scan", "Parent Relationship": "Outer", "Parallel Aware": false, "Relation Name": "nation", "Schema": "public", "Alias": "nation", "Startup Cost": 0.0, "Total Cost": 15.1, "Plan Rows": 510, "Plan Width": 37, "Actual Startup Time": 0.01, "Actual Total Time": 0.016, "Actual Rows": 25, "Actual Loops": 1, "Output": ["nation.n_name", "nation.n_nationkey", "nation.n_regionkey"]}]}]}, {"Node Type": "Hash", "Parent Relationship": "Inner", "Parallel Aware": false, "Startup Cost": 16.5, "Total Cost": 16.5, "Plan Rows": 3, "Plan Width": 4, "Actual Startup Time": 0.129, "Actual Total Time": 0.129, "Actual Rows": 1, "Actual Loops": 1, "Output": ["region.r_regionkey"], "Hash Buckets": 1024, "Original Hash Buckets": 1024, "Hash Batches": 1, "Original Hash Batches": 1, "Peak Memory Usage": 9, "Plans": [{"Node Type": "Seq Scan", "Parent Relationship": "Outer", "Parallel Aware": false, "Relation Name": "region", "Schema": "public", "Alias": "region", "Startup Cost": 0.0, "Total Cost": 16.5, "Plan Rows": 3, "Plan Width": 4, "Actual Startup Time": 0.116, "Actual Total Time": 0.116, "Actual Rows": 1, "Actual Loops": 1, "Output": ["region.r_regionkey"], "Filter": "((region.r_name)::text = 'EUROPE'::text)", "Rows Removed by Filter": 4}]}]}]}]}]}]}, {"Node Type": "Hash", "Parent Relationship": "Inner", "Parallel Aware": false, "Startup Cost": 322.0, "Total Cost": 322.0, "Plan Rows": 10000, "Plan Width": 8, "Actual Startup Time": 237.628, "Actual Total Time": 237.628, "Actual Rows": 10000, "Actual Loops": 1, "Output": ["supplier.s_suppkey", "supplier.s_nationkey"], "Hash Buckets": 16384, "Original Hash Buckets": 16384, "Hash Batches": 1, "Original Hash Batches": 1, "Peak Memory Usage": 519, "Plans": [{"Node Type": "Seq Scan", "Parent Relationship": "Outer", "Parallel Aware": false, "Relation Name": "supplier", "Schema": "public", "Alias": "supplier", "Startup Cost": 0.0, "Total Cost": 322.0, "Plan Rows": 10000, "Plan Width": 8, "Actual Startup Time": 0.036, "Actual Total Time": 206.741, "Actual Rows": 10000, "Actual Loops": 1, "Output": ["supplier.s_suppkey", "supplier.s_nationkey"]}]}]}]}]}]}, "Planning Time": 23.59, "Triggers": [], "Execution Time": 13635.776}]
q7#####[{"Plan": {"Node Type": "Aggregate", "Strategy": "Sorted", "Partial Mode": "Simple", "Parallel Aware": false, "Startup Cost": 262533.93, "Total Cost": 262537.04, "Plan Rows": 89, "Plan Width": 98, "Actual Startup Time": 16004.872, "Actual Total Time": 16005.94, "Actual Rows": 4, "Actual Loops": 1, "Output": ["n1.n_name", "n2.n_name", "(date_part('year'::text, (lineitem.l_shipdate)::timestamp without time zone))", "sum((lineitem.l_extendedprice * ('1'::numeric - lineitem.l_discount)))"], "Group Key": ["n1.n_name", "n2.n_name", "(date_part('year'::text, (lineitem.l_shipdate)::timestamp without time zone))"], "Plans": [{"Node Type": "Sort", "Parent Relationship": "Outer", "Parallel Aware": false, "Startup Cost": 262533.93, "Total Cost": 262534.15, "Plan Rows": 89, "Plan Width": 78, "Actual Startup Time": 16004.492, "Actual Total Time": 16004.749, "Actual Rows": 6014, "Actual Loops": 1, "Output": ["n1.n_name", "n2.n_name", "(date_part('year'::text, (lineitem.l_shipdate)::timestamp without time zone))", "lineitem.l_extendedprice", "lineitem.l_discount"], "Sort Key": ["n1.n_name", "n2.n_name", "(date_part('year'::text, (lineitem.l_shipdate)::timestamp without time zone))"], "Sort Method": "quicksort", "Sort Space Used": 662, "Sort Space Type": "Memory", "Plans": [{"Node Type": "Hash Join", "Parent Relationship": "Outer", "Parallel Aware": false, "Join Type": "Inner", "Startup Cost": 52933.46, "Total Cost": 262531.05, "Plan Rows": 89, "Plan Width": 78, "Actual Startup Time": 4483.201, "Actual Total Time": 15992.004, "Actual Rows": 6014, "Actual Loops": 1, "Output": ["n1.n_name", "n2.n_name", "date_part('year'::text, (lineitem.l_shipdate)::timestamp without time zone)", "lineitem.l_extendedprice", "lineitem.l_discount"], "Inner Unique": false, "Hash Cond": "(lineitem.l_suppkey = supplier.s_suppkey)", "Join Filter": "((((n1.n_name)::text = 'EGYPT'::text) AND ((n2.n_name)::text = 'ALGERIA'::text)) OR (((n1.n_name)::text = 'ALGERIA'::text) AND ((n2.n_name)::text = 'EGYPT'::text)))", "Rows Removed by Join Filter": 6077, "Plans": [{"Node Type": "Hash Join", "Parent Relationship": "Outer", "Parallel Aware": false, "Join Type": "Inner", "Startup Cost": 52566.05, "Total Cost": 262156.04, "Plan Rows": 1810, "Plan Width": 49, "Actual Startup Time": 4373.78, "Actual Total Time": 15819.474, "Actual Rows": 144353, "Actual Loops": 1, "Output": ["lineitem.l_shipdate", "lineitem.l_extendedprice", "lineitem.l_discount", "lineitem.l_suppkey", "n2.n_name"], "Inner Unique": false, "Hash Cond": "(lineitem.l_orderkey = orders.o_orderkey)", "Plans": [{"Node Type": "Seq Scan", "Parent Relationship": "Outer", "Parallel Aware": false, "Relation Name": "lineitem", "Schema": "public", "Alias": "lineitem", "Startup Cost": 0.0, "Total Cost": 202484.64, "Plan Rows": 1846489, "Plan Width": 24, "Actual Startup Time": 28.63, "Actual Total Time": 8370.676, "Actual Rows": 1827668, "Actual Loops": 1, "Output": ["lineitem.l_orderkey", "lineitem.l_partkey", "lineitem.l_suppkey", "lineitem.l_linenumber", "lineitem.l_quantity", "lineitem.l_extendedprice", "lineitem.l_discount", "lineitem.l_tax", "lineitem.l_returnflag", "lineitem.l_linestatus", "lineitem.l_shipdate", "lineitem.l_commitdate", "lineitem.l_receiptdate", "lineitem.l_shipinstruct", "lineitem.l_shipmode", "lineitem.l_comment"], "Filter": "((lineitem.l_shipdate >= '1995-01-01'::date) AND (lineitem.l_shipdate <= '1996-12-31'::date))", "Rows Removed by Filter": 4172335}, {"Node Type": "Hash", "Parent Relationship": "Inner", "Parallel Aware": false, "Startup Cost": 52382.22, "Total Cost": 52382.22, "Plan Rows": 14706, "Plan Width": 33, "Actual Startup Time": 4293.763, "Actual Total Time": 4293.788, "Actual Rows": 118964, "Actual Loops": 1, "Output": ["orders.o_orderkey", "n2.n_name"], "Hash Buckets": 131072, "Original Hash Buckets": 16384, "Hash Batches": 2, "Original Hash Batches": 1, "Peak Memory Usage": 3525, "Plans": [{"Node Type": "Hash Join", "Parent Relationship": "Outer", "Parallel Aware": false, "Join Type": "Inner", "Startup Cost": 5518.12, "Total Cost": 52382.22, "Plan Rows": 14706, "Plan Width": 33, "Actual Startup Time": 323.264, "Actual Total Time": 4027.7, "Actual Rows": 118964, "Actual Loops": 1, "Output": ["orders.o_orderkey", "n2.n_name"], "Inner Unique": false, "Hash Cond": "(orders.o_custkey = customer.c_custkey)", "Plans": [{"Node Type": "Seq Scan", "Parent Relationship": "Outer", "Parallel Aware": false, "Relation Name": "orders", "Schema": "public", "Alias": "orders", "Startup Cost": 0.0, "Total Cost": 41092.0, "Plan Rows": 1500000, "Plan Width": 8, "Actual Startup Time": 0.065, "Actual Total Time": 2437.553, "Actual Rows": 1500000, "Actual Loops": 1, "Output": ["orders.o_orderkey", "orders.o_custkey", "orders.o_orderstatus", "orders.o_totalprice", "orders.o_orderdate", "orders.o_orderpriority", "orders.o_clerk", "orders.o_shippriority", "orders.o_comment"]}, {"Node Type": "Hash", "Parent Relationship": "Inner", "Parallel Aware": false, "Startup Cost": 5499.73, "Total Cost": 5499.73, "Plan Rows": 1471, "Plan Width": 33, "Actual Startup Time": 323.166, "Actual Total Time": 323.184, "Actual Rows": 11920, "Actual Loops": 1, "Output": ["customer.c_custkey", "n2.n_name"], "Hash Buckets": 16384, "Original Hash Buckets": 2048, "Hash Batches": 1, "Original Hash Batches": 1, "Peak Memory Usage": 629, "Plans": [{"Node Type": "Hash Join", "Parent Relationship": "Outer", "Parallel Aware": false, "Join Type": "Inner", "Startup Cost": 17.71, "Total Cost": 5499.73, "Plan Rows": 1471, "Plan Width": 33, "Actual Startup Time": 0.101, "Actual Total Time": 320.028, "Actual Rows": 11920, "Actual Loops": 1, "Output": ["customer.c_custkey", "n2.n_name"], "Inner Unique": true, "Hash Cond": "(customer.c_nationkey = n2.n_nationkey)", "Plans": [{"Node Type": "Seq Scan", "Parent Relationship": "Outer", "Parallel Aware": false, "Relation Name": "customer", "Schema": "public", "Alias": "customer", "Startup Cost": 0.0, "Total Cost": 5085.0, "Plan Rows": 150000, "Plan Width": 8, "Actual Startup Time": 0.012, "Actual Total Time": 79.504, "Actual Rows": 150000, "Actual Loops": 1, "Output": ["customer.c_custkey", "customer.c_name", "customer.c_address", "customer.c_nationkey", "customer.c_phone", "customer.c_acctbal", "customer.c_mktsegment", "customer.c_comment"]}, {"Node Type": "Hash", "Parent Relationship": "Inner", "Parallel Aware": false, "Startup Cost": 17.65, "Total Cost": 17.65, "Plan Rows": 5, "Plan Width": 33, "Actual Startup Time": 0.046, "Actual Total Time": 0.049, "Actual Rows": 2, "Actual Loops": 1, "Output": ["n2.n_name", "n2.n_nationkey"], "Hash Buckets": 1024, "Original Hash Buckets": 1024, "Hash Batches": 1, "Original Hash Batches": 1, "Peak Memory Usage": 9, "Plans": [{"Node Type": "Seq Scan", "Parent Relationship": "Outer", "Parallel Aware": false, "Relation Name": "nation", "Schema": "public", "Alias": "n2", "Startup Cost": 0.0, "Total Cost": 17.65, "Plan Rows": 5, "Plan Width": 33, "Actual Startup Time": 0.035, "Actual Total Time": 0.037, "Actual Rows": 2, "Actual Loops": 1, "Output": ["n2.n_name", "n2.n_nationkey"], "Filter": "(((n2.n_name)::text = 'ALGERIA'::text) OR ((n2.n_name)::text = 'EGYPT'::text))", "Rows Removed by Filter": 23}]}]}]}]}]}]}, {"Node Type": "Hash", "Parent Relationship": "Inner", "Parallel Aware": false, "Startup Cost": 366.18, "Total Cost": 366.18, "Plan Rows": 98, "Plan Width": 33, "Actual Startup Time": 100.277, "Actual Total Time": 100.292, "Actual Rows": 835, "Actual Loops": 1, "Output": ["supplier.s_suppkey", "n1.n_name"], "Hash Buckets": 1024, "Original Hash Buckets": 1024, "Hash Batches": 1, "Original Hash Batches": 1, "Peak Memory Usage": 44, "Plans": [{"Node Type": "Hash Join", "Parent Relationship": "Outer", "Parallel Aware": false, "Join Type": "Inner", "Startup Cost": 17.71, "Total Cost": 366.18, "Plan Rows": 98, "Plan Width": 33, "Actual Startup Time": 0.342, "Actual Total Time": 99.575, "Actual Rows": 835, "Actual Loops": 1, "Output": ["supplier.s_suppkey", "n1.n_name"], "Inner Unique": true, "Hash Cond": "(supplier.s_nationkey = n1.n_nationkey)", "Plans": [{"Node Type": "Seq Scan", "Parent Relationship": "Outer", "Parallel Aware": false, "Relation Name": "supplier", "Schema": "public", "Alias": "supplier", "Startup Cost": 0.0, "Total Cost": 322.0, "Plan Rows": 10000, "Plan Width": 8, "Actual Startup Time": 0.005, "Actual Total Time": 31.25, "Actual Rows": 10000, "Actual Loops": 1, "Output": ["supplier.s_suppkey", "supplier.s_name", "supplier.s_address", "supplier.s_nationkey", "supplier.s_phone", "supplier.s_acctbal", "supplier.s_comment"]}, {"Node Type": "Hash", "Parent Relationship": "Inner", "Parallel Aware": false, "Startup Cost": 17.65, "Total Cost": 17.65, "Plan Rows": 5, "Plan Width": 33, "Actual Startup Time": 0.279, "Actual Total Time": 0.29, "Actual Rows": 2, "Actual Loops": 1, "Output": ["n1.n_name", "n1.n_nationkey"], "Hash Buckets": 1024, "Original Hash Buckets": 1024, "Hash Batches": 1, "Original Hash Batches": 1, "Peak Memory Usage": 9, "Plans": [{"Node Type": "Seq Scan", "Parent Relationship": "Outer", "Parallel Aware": false, "Relation Name": "nation", "Schema": "public", "Alias": "n1", "Startup Cost": 0.0, "Total Cost": 17.65, "Plan Rows": 5, "Plan Width": 33, "Actual Startup Time": 0.273, "Actual Total Time": 0.277, "Actual Rows": 2, "Actual Loops": 1, "Output": ["n1.n_name", "n1.n_nationkey"], "Filter": "(((n1.n_name)::text = 'EGYPT'::text) OR ((n1.n_name)::text = 'ALGERIA'::text))", "Rows Removed by Filter": 23}]}]}]}]}]}]}, "Planning Time": 3.606, "Triggers": [], "Execution Time": 16007.39}]
q8#####[{"Plan": {"Node Type": "Sort", "Parallel Aware": false, "Startup Cost": 250628.68, "Total Cost": 250629.18, "Plan Rows": 200, "Plan Width": 61, "Actual Startup Time": 8787.291, "Actual Total Time": 8787.355, "Actual Rows": 5, "Actual Loops": 1, "Output": ["nation.n_name", "(sum((lineitem.l_extendedprice * ('1'::numeric - lineitem.l_discount))))"], "Sort Key": ["(sum((lineitem.l_extendedprice * ('1'::numeric - lineitem.l_discount)))) DESC"], "Sort Method": "quicksort", "Sort Space Used": 25, "Sort Space Type": "Memory", "Plans": [{"Node Type": "Aggregate", "Strategy": "Sorted", "Partial Mode": "Simple", "Parent Relationship": "Outer", "Parallel Aware": false, "Startup Cost": 250615.88, "Total Cost": 250621.03, "Plan Rows": 200, "Plan Width": 61, "Actual Startup Time": 8777.085, "Actual Total Time": 8787.236, "Actual Rows": 5, "Actual Loops": 1, "Output": ["nation.n_name", "sum((lineitem.l_extendedprice * ('1'::numeric - lineitem.l_discount)))"], "Group Key": ["nation.n_name"], "Plans": [{"Node Type": "Sort", "Parent Relationship": "Outer", "Parallel Aware": false, "Startup Cost": 250615.88, "Total Cost": 250616.41, "Plan Rows": 212, "Plan Width": 41, "Actual Startup Time": 8769.63, "Actual Total Time": 8770.16, "Actual Rows": 7463, "Actual Loops": 1, "Output": ["nation.n_name", "lineitem.l_extendedprice", "lineitem.l_discount"], "Sort Key": ["nation.n_name"], "Sort Method": "quicksort", "Sort Space Used": 773, "Sort Space Type": "Memory", "Plans": [{"Node Type": "Hash Join", "Parent Relationship": "Outer", "Parallel Aware": false, "Join Type": "Inner", "Startup Cost": 55528.72, "Total Cost": 250607.69, "Plan Rows": 212, "Plan Width": 41, "Actual Startup Time": 2208.626, "Actual Total Time": 8744.888, "Actual Rows": 7463, "Actual Loops": 1, "Output": ["nation.n_name", "lineitem.l_extendedprice", "lineitem.l_discount"], "Inner Unique": false, "Hash Cond": "((lineitem.l_suppkey = supplier.s_suppkey) AND (customer.c_nationkey = supplier.s_nationkey))", "Plans": [{"Node Type": "Hash Join", "Parent Relationship": "Outer", "Parallel Aware": false, "Join Type": "Inner", "Startup Cost": 55056.72, "Total Cost": 250093.68, "Plan Rows": 5319, "Plan Width": 53, "Actual Startup Time": 2200.533, "Actual Total Time": 8575.07, "Actual Rows": 184804, "Actual Loops": 1, "Output": ["customer.c_nationkey", "lineitem.l_extendedprice", "lineitem.l_discount", "lineitem.l_suppkey", "nation.n_name", "nation.n_nationkey"], "Inner Unique": false, "Hash Cond": "(lineitem.l_orderkey = orders.o_orderkey)", "Plans": [{"Node Type": "Seq Scan", "Parent Relationship": "Outer", "Parallel Aware": false, "Relation Name": "lineitem", "Schema": "public", "Alias": "lineitem", "Startup Cost": 0.0, "Total Cost": 172481.09, "Plan Rows": 6000709, "Plan Width": 20, "Actual Startup Time": 0.02, "Actual Total Time": 4411.886, "Actual Rows": 6000003, "Actual Loops": 1, "Output": ["lineitem.l_orderkey", "lineitem.l_partkey", "lineitem.l_suppkey", "lineitem.l_linenumber", "lineitem.l_quantity", "lineitem.l_extendedprice", "lineitem.l_discount", "lineitem.l_tax", "lineitem.l_returnflag", "lineitem.l_linestatus", "lineitem.l_shipdate", "lineitem.l_commitdate", "lineitem.l_receiptdate", "lineitem.l_shipinstruct", "lineitem.l_shipmode", "lineitem.l_comment"]}, {"Node Type": "Hash", "Parent Relationship": "Inner", "Parallel Aware": false, "Startup Cost": 55040.1, "Total Cost": 55040.1, "Plan Rows": 1330, "Plan Width": 41, "Actual Startup Time": 2200.433, "Actual Total Time": 2200.491, "Actual Rows": 46069, "Actual Loops": 1, "Output": ["customer.c_nationkey", "orders.o_orderkey", "nation.n_name", "nation.n_nationkey"], "Hash Buckets": 65536, "Original Hash Buckets": 2048, "Hash Batches": 1, "Original Hash Batches": 1, "Peak Memory Usage": 2888, "Plans": [{"Node Type": "Hash Join", "Parent Relationship": "Outer", "Parallel Aware": false, "Join Type": "Inner", "Startup Cost": 5570.54, "Total Cost": 55040.1, "Plan Rows": 1330, "Plan Width": 41, "Actual Startup Time": 180.673, "Actual Total Time": 2145.444, "Actual Rows": 46069, "Actual Loops": 1, "Output": ["customer.c_nationkey", "orders.o_orderkey", "nation.n_name", "nation.n_nationkey"], "Inner Unique": false, "Hash Cond": "(orders.o_custkey = customer.c_custkey)", "Plans": [{"Node Type": "Seq Scan", "Parent Relationship": "Outer", "Parallel Aware": false, "Relation Name": "orders", "Schema": "public", "Alias": "orders", "Startup Cost": 0.0, "Total Cost": 48592.0, "Plan Rows": 230470, "Plan Width": 8, "Actual Startup Time": 0.021, "Actual Total Time": 1749.798, "Actual Rows": 228637, "Actual Loops": 1, "Output": ["orders.o_orderkey", "orders.o_custkey", "orders.o_orderstatus", "orders.o_totalprice", "orders.o_orderdate", "orders.o_orderpriority", "orders.o_clerk", "orders.o_shippriority", "orders.o_comment"], "Filter": "((orders.o_orderdate >= '1995-01-01'::date) AND (orders.o_orderdate < '1996-01-01 00:00:00'::timestamp without time zone))", "Rows Removed by Filter": 1271363}, {"Node Type": "Hash", "Parent Relationship": "Inner", "Parallel Aware": false, "Startup Cost": 5559.73, "Total Cost": 5559.73, "Plan Rows": 865, "Plan Width": 41, "Actual Startup Time": 180.611, "Actual Total Time": 180.655, "Actual Rows": 30183, "Actual Loops": 1, "Output": ["customer.c_custkey", "customer.c_nationkey", "nation.n_name", "nation.n_nationkey"], "Hash Buckets": 32768, "Original Hash Buckets": 1024, "Hash Batches": 1, "Original Hash Batches": 1, "Peak Memory Usage": 1813, "Plans": [{"Node Type": "Hash Join", "Parent Relationship": "Outer", "Parallel Aware": false, "Join Type": "Inner", "Startup Cost": 38.01, "Total Cost": 5559.73, "Plan Rows": 865, "Plan Width": 41, "Actual Startup Time": 0.138, "Actual Total Time": 155.648, "Actual Rows": 30183, "Actual Loops": 1, "Output": ["customer.c_custkey", "customer.c_nationkey", "nation.n_name", "nation.n_nationkey"], "Inner Unique": true, "Hash Cond": "(nation.n_regionkey = region.r_regionkey)", "Plans": [{"Node Type": "Hash Join", "Parent Relationship": "Outer", "Parallel Aware": false, "Join Type": "Inner", "Startup Cost": 21.48, "Total Cost": 5503.5, "Plan Rows": 15000, "Plan Width": 45, "Actual Startup Time": 0.06, "Actual Total Time": 119.608, "Actual Rows": 150000, "Actual Loops": 1, "Output": ["customer.c_custkey", "customer.c_nationkey", "nation.n_name", "nation.n_nationkey", "nation.n_regionkey"], "Inner Unique": true, "Hash Cond": "(customer.c_nationkey = nation.n_nationkey)", "Plans": [{"Node Type": "Seq Scan", "Parent Relationship": "Outer", "Parallel Aware": false, "Relation Name": "customer", "Schema": "public", "Alias": "customer", "Startup Cost": 0.0, "Total Cost": 5085.0, "Plan Rows": 150000, "Plan Width": 8, "Actual Startup Time": 0.003, "Actual Total Time": 33.255, "Actual Rows": 150000, "Actual Loops": 1, "Output": ["customer.c_custkey", "customer.c_name", "customer.c_address", "customer.c_nationkey", "customer.c_phone", "customer.c_acctbal", "customer.c_mktsegment", "customer.c_comment"]}, {"Node Type": "Hash", "Parent Relationship": "Inner", "Parallel Aware": false, "Startup Cost": 15.1, "Total Cost": 15.1, "Plan Rows": 510, "Plan Width": 37, "Actual Startup Time": 0.023, "Actual Total Time": 0.028, "Actual Rows": 25, "Actual Loops": 1, "Output": ["nation.n_name", "nation.n_nationkey", "nation.n_regionkey"], "Hash Buckets": 1024, "Original Hash Buckets": 1024, "Hash Batches": 1, "Original Hash Batches": 1, "Peak Memory Usage": 10, "Plans": [{"Node Type": "Seq Scan", "Parent Relationship": "Outer", "Parallel Aware": false, "Relation Name": "nation", "Schema": "public", "Alias": "nation", "Startup Cost": 0.0, "Total Cost": 15.1, "Plan Rows": 510, "Plan Width": 37, "Actual Startup Time": 0.005, "Actual Total Time": 0.01, "Actual Rows": 25, "Actual Loops": 1, "Output": ["nation.n_name", "nation.n_nationkey", "nation.n_regionkey"]}]}]}, {"Node Type": "Hash", "Parent Relationship": "Inner", "Parallel Aware": false, "Startup Cost": 16.5, "Total Cost": 16.5, "Plan Rows": 3, "Plan Width": 4, "Actual Startup Time": 0.022, "Actual Total Time": 0.028, "Actual Rows": 1, "Actual Loops": 1, "Output": ["region.r_regionkey"], "Hash Buckets": 1024, "Original Hash Buckets": 1024, "Hash Batches": 1, "Original Hash Batches": 1, "Peak Memory Usage": 9, "Plans": [{"Node Type": "Seq Scan", "Parent Relationship": "Outer", "Parallel Aware": false, "Relation Name": "region", "Schema": "public", "Alias": "region", "Startup Cost": 0.0, "Total Cost": 16.5, "Plan Rows": 3, "Plan Width": 4, "Actual Startup Time": 0.014, "Actual Total Time": 0.014, "Actual Rows": 1, "Actual Loops": 1, "Output": ["region.r_regionkey"], "Filter": "((region.r_name)::text = 'ASIA'::text)", "Rows Removed by Filter": 4}]}]}]}]}]}]}, {"Node Type": "Hash", "Parent Relationship": "Inner", "Parallel Aware": false, "Startup Cost": 322.0, "Total Cost": 322.0, "Plan Rows": 10000, "Plan Width": 8, "Actual Startup Time": 7.795, "Actual Total Time": 7.796, "Actual Rows": 10000, "Actual Loops": 1, "Output": ["supplier.s_suppkey", "supplier.s_nationkey"], "Hash Buckets": 16384, "Original Hash Buckets": 16384, "Hash Batches": 1, "Original Hash Batches": 1, "Peak Memory Usage": 519, "Plans": [{"Node Type": "Seq Scan", "Parent Relationship": "Outer", "Parallel Aware": false, "Relation Name": "supplier", "Schema": "public", "Alias": "supplier", "Startup Cost": 0.0, "Total Cost": 322.0, "Plan Rows": 10000, "Plan Width": 8, "Actual Startup Time": 0.012, "Actual Total Time": 1.692, "Actual Rows": 10000, "Actual Loops": 1, "Output": ["supplier.s_suppkey", "supplier.s_nationkey"]}]}]}]}]}]}, "Planning Time": 30.503, "Triggers": [], "Execution Time": 8788.283}]
q9#####[{"Plan": {"Node Type": "Aggregate", "Strategy": "Sorted", "Partial Mode": "Simple", "Parallel Aware": false, "Startup Cost": 258652.05, "Total Cost": 258655.2, "Plan Rows": 70, "Plan Width": 40, "Actual Startup Time": 11639.829, "Actual Total Time": 11640.558, "Actual Rows": 2, "Actual Loops": 1, "Output": ["(date_part('year'::text, (orders.o_orderdate)::timestamp without time zone))", "(sum(CASE WHEN ((n2.n_name)::text = 'MOZAMBIQUE'::text) THEN (lineitem.l_extendedprice * ('1'::numeric - lineitem.l_discount)) ELSE '0'::numeric END) / sum((lineitem.l_extendedprice * ('1'::numeric - lineitem.l_discount))))"], "Group Key": ["(date_part('year'::text, (orders.o_orderdate)::timestamp without time zone))"], "Plans": [{"Node Type": "Sort", "Parent Relationship": "Outer", "Parallel Aware": false, "Startup Cost": 258652.05, "Total Cost": 258652.22, "Plan Rows": 70, "Plan Width": 49, "Actual Startup Time": 11639.408, "Actual Total Time": 11639.67, "Actual Rows": 2568, "Actual Loops": 1, "Output": ["(date_part('year'::text, (orders.o_orderdate)::timestamp without time zone))", "n2.n_name", "lineitem.l_extendedprice", "lineitem.l_discount"], "Sort Key": ["(date_part('year'::text, (orders.o_orderdate)::timestamp without time zone))"], "Sort Method": "quicksort", "Sort Space Used": 297, "Sort Space Type": "Memory", "Plans": [{"Node Type": "Nested Loop", "Parent Relationship": "Outer", "Parallel Aware": false, "Join Type": "Inner", "Startup Cost": 63105.36, "Total Cost": 258649.9, "Plan Rows": 70, "Plan Width": 49, "Actual Startup Time": 3998.533, "Actual Total Time": 11618.487, "Actual Rows": 2568, "Actual Loops": 1, "Output": ["date_part('year'::text, (orders.o_orderdate)::timestamp without time zone)", "n2.n_name", "lineitem.l_extendedprice", "lineitem.l_discount"], "Inner Unique": true, "Plans": [{"Node Type": "Hash Join", "Parent Relationship": "Outer", "Parallel Aware": false, "Join Type": "Inner", "Startup Cost": 63105.21, "Total Cost": 258637.67, "Plan Rows": 70, "Plan Width": 20, "Actual Startup Time": 3998.464, "Actual Total Time": 11553.47, "Actual Rows": 2568, "Actual Loops": 1, "Output": ["lineitem.l_extendedprice", "lineitem.l_discount", "supplier.s_nationkey", "orders.o_orderdate"], "Inner Unique": false, "Hash Cond": "(lineitem.l_suppkey = supplier.s_suppkey)", "Plans": [{"Node Type": "Hash Join", "Parent Relationship": "Outer", "Parallel Aware": false, "Join Type": "Inner", "Startup Cost": 62658.21, "Total Cost": 258189.7, "Plan Rows": 70, "Plan Width": 20, "Actual Startup Time": 3986.277, "Actual Total Time": 11536.353, "Actual Rows": 2568, "Actual Loops": 1, "Output": ["lineitem.l_extendedprice", "lineitem.l_discount", "lineitem.l_suppkey", "orders.o_orderdate"], "Inner Unique": false, "Hash Cond": "(lineitem.l_orderkey = orders.o_orderkey)", "Plans": [{"Node Type": "Hash Join", "Parent Relationship": "Outer", "Parallel Aware": false, "Join Type": "Inner", "Startup Cost": 6597.57, "Total Cost": 201979.17, "Plan Rows": 39785, "Plan Width": 20, "Actual Startup Time": 1734.686, "Actual Total Time": 9158.356, "Actual Rows": 42063, "Actual Loops": 1, "Output": ["lineitem.l_extendedprice", "lineitem.l_discount", "lineitem.l_suppkey", "lineitem.l_orderkey"], "Inner Unique": false, "Hash Cond": "(lineitem.l_partkey = part.p_partkey)", "Plans": [{"Node Type": "Seq Scan", "Parent Relationship": "Outer", "Parallel Aware": false, "Relation Name": "lineitem", "Schema": "public", "Alias": "lineitem", "Startup Cost": 0.0, "Total Cost": 172481.09, "Plan Rows": 6000709, "Plan Width": 24, "Actual Startup Time": 0.007, "Actual Total Time": 5834.419, "Actual Rows": 6000003, "Actual Loops": 1, "Output": ["lineitem.l_orderkey", "lineitem.l_partkey", "lineitem.l_suppkey", "lineitem.l_linenumber", "lineitem.l_quantity", "lineitem.l_extendedprice", "lineitem.l_discount", "lineitem.l_tax", "lineitem.l_returnflag", "lineitem.l_linestatus", "lineitem.l_shipdate", "lineitem.l_commitdate", "lineitem.l_receiptdate", "lineitem.l_shipinstruct", "lineitem.l_shipmode", "lineitem.l_comment"]}, {"Node Type": "Hash", "Parent Relationship": "Inner", "Parallel Aware": false, "Startup Cost": 6581.0, "Total Cost": 6581.0, "Plan Rows": 1326, "Plan Width": 4, "Actual Startup Time": 1734.57, "Actual Total Time": 1734.574, "Actual Rows": 1413, "Actual Loops": 1, "Output": ["part.p_partkey"], "Hash Buckets": 2048, "Original Hash Buckets": 2048, "Hash Batches": 1, "Original Hash Batches": 1, "Peak Memory Usage": 66, "Plans": [{"Node Type": "Seq Scan", "Parent Relationship": "Outer", "Parallel Aware": false, "Relation Name": "part", "Schema": "public", "Alias": "part", "Startup Cost": 0.0, "Total Cost": 6581.0, "Plan Rows": 1326, "Plan Width": 4, "Actual Startup Time": 5.086, "Actual Total Time": 1733.864, "Actual Rows": 1413, "Actual Loops": 1, "Output": ["part.p_partkey"], "Filter": "((part.p_type)::text = 'SMALL BRUSHED TIN'::text)", "Rows Removed by Filter": 198587}]}]}, {"Node Type": "Hash", "Parent Relationship": "Inner", "Parallel Aware": false, "Startup Cost": 56027.76, "Total Cost": 56027.76, "Plan Rows": 2630, "Plan Width": 8, "Actual Startup Time": 2227.432, "Actual Total Time": 2227.496, "Actual Rows": 90737, "Actual Loops": 1, "Output": ["orders.o_orderdate", "orders.o_orderkey"], "Hash Buckets": 131072, "Original Hash Buckets": 4096, "Hash Batches": 2, "Original Hash Batches": 1, "Peak Memory Usage": 3073, "Plans": [{"Node Type": "Hash Join", "Parent Relationship": "Outer", "Parallel Aware": false, "Join Type": "Inner", "Startup Cost": 5700.16, "Total Cost": 56027.76, "Plan Rows": 2630, "Plan Width": 8, "Actual Startup Time": 305.241, "Actual Total Time": 2152.597, "Actual Rows": 90737, "Actual Loops": 1, "Output": ["orders.o_orderdate", "orders.o_orderkey"], "Inner Unique": false, "Hash Cond": "(orders.o_custkey = customer.c_custkey)", "Plans": [{"Node Type": "Seq Scan", "Parent Relationship": "Outer", "Parallel Aware": false, "Relation Name": "orders", "Schema": "public", "Alias": "orders", "Startup Cost": 0.0, "Total Cost": 48592.0, "Plan Rows": 455817, "Plan Width": 12, "Actual Startup Time": 0.013, "Actual Total Time": 1570.131, "Actual Rows": 457263, "Actual Loops": 1, "Output": ["orders.o_orderkey", "orders.o_custkey", "orders.o_orderstatus", "orders.o_totalprice", "orders.o_orderdate", "orders.o_orderpriority", "orders.o_clerk", "orders.o_shippriority", "orders.o_comment"], "Filter": "((orders.o_orderdate >= '1995-01-01'::date) AND (orders.o_orderdate <= '1996-12-31'::date))", "Rows Removed by Filter": 1042737}, {"Node Type": "Hash", "Parent Relationship": "Inner", "Parallel Aware": false, "Startup Cost": 5689.34, "Total Cost": 5689.34, "Plan Rows": 865, "Plan Width": 4, "Actual Startup Time": 305.192, "Actual Total Time": 305.238, "Actual Rows": 29764, "Actual Loops": 1, "Output": ["customer.c_custkey"], "Hash Buckets": 32768, "Original Hash Buckets": 1024, "Hash Batches": 1, "Original Hash Batches": 1, "Peak Memory Usage": 1303, "Plans": [{"Node Type": "Hash Join", "Parent Relationship": "Outer", "Parallel Aware": false, "Join Type": "Inner", "Startup Cost": 33.02, "Total Cost": 5689.34, "Plan Rows": 865, "Plan Width": 4, "Actual Startup Time": 0.119, "Actual Total Time": 288.113, "Actual Rows": 29764, "Actual Loops": 1, "Output": ["customer.c_custkey"], "Inner Unique": false, "Hash Cond": "(customer.c_nationkey = n1.n_nationkey)", "Plans": [{"Node Type": "Seq Scan", "Parent Relationship": "Outer", "Parallel Aware": false, "Relation Name": "customer", "Schema": "public", "Alias": "customer", "Startup Cost": 0.0, "Total Cost": 5085.0, "Plan Rows": 150000, "Plan Width": 8, "Actual Startup Time": 0.015, "Actual Total Time": 9.443, "Actual Rows": 150000, "Actual Loops": 1, "Output": ["customer.c_custkey", "customer.c_name", "customer.c_address", "customer.c_nationkey", "customer.c_phone", "customer.c_acctbal", "customer.c_mktsegment", "customer.c_comment"]}, {"Node Type": "Hash", "Parent Relationship": "Inner", "Parallel Aware": false, "Startup Cost": 32.99, "Total Cost": 32.99, "Plan Rows": 3, "Plan Width": 4, "Actual Startup Time": 0.069, "Actual Total Time": 0.101, "Actual Rows": 5, "Actual Loops": 1, "Output": ["n1.n_nationkey"], "Hash Buckets": 1024, "Original Hash Buckets": 1024, "Hash Batches": 1, "Original Hash Batches": 1, "Peak Memory Usage": 9, "Plans": [{"Node Type": "Hash Join", "Parent Relationship": "Outer", "Parallel Aware": false, "Join Type": "Inner", "Startup Cost": 16.54, "Total Cost": 32.99, "Plan Rows": 3, "Plan Width": 4, "Actual Startup Time": 0.059, "Actual Total Time": 0.09, "Actual Rows": 5, "Actual Loops": 1, "Output": ["n1.n_nationkey"], "Inner Unique": true, "Hash Cond": "(n1.n_regionkey = region.r_regionkey)", "Plans": [{"Node Type": "Seq Scan", "Parent Relationship": "Outer", "Parallel Aware": false, "Relation Name": "nation", "Schema": "public", "Alias": "n1", "Startup Cost": 0.0, "Total Cost": 15.1, "Plan Rows": 510, "Plan Width": 8, "Actual Startup Time": 0.008, "Actual Total Time": 0.013, "Actual Rows": 25, "Actual Loops": 1, "Output": ["n1.n_nationkey", "n1.n_name", "n1.n_regionkey", "n1.n_comment"]}, {"Node Type": "Hash", "Parent Relationship": "Inner", "Parallel Aware": false, "Startup Cost": 16.5, "Total Cost": 16.5, "Plan Rows": 3, "Plan Width": 4, "Actual Startup Time": 0.014, "Actual Total Time": 0.018, "Actual Rows": 1, "Actual Loops": 1, "Output": ["region.r_regionkey"], "Hash Buckets": 1024, "Original Hash Buckets": 1024, "Hash Batches": 1, "Original Hash Batches": 1, "Peak Memory Usage": 9, "Plans": [{"Node Type": "Seq Scan", "Parent Relationship": "Outer", "Parallel Aware": false, "Relation Name": "region", "Schema": "public", "Alias": "region", "Startup Cost": 0.0, "Total Cost": 16.5, "Plan Rows": 3, "Plan Width": 4, "Actual Startup Time": 0.009, "Actual Total Time": 0.01, "Actual Rows": 1, "Actual Loops": 1, "Output": ["region.r_regionkey"], "Filter": "((region.r_name)::text = 'AFRICA'::text)", "Rows Removed by Filter": 4}]}]}]}]}]}]}]}]}, {"Node Type": "Hash", "Parent Relationship": "Inner", "Parallel Aware": false, "Startup Cost": 322.0, "Total Cost": 322.0, "Plan Rows": 10000, "Plan Width": 8, "Actual Startup Time": 12.119, "Actual Total Time": 12.127, "Actual Rows": 10000, "Actual Loops": 1, "Output": ["supplier.s_suppkey", "supplier.s_nationkey"], "Hash Buckets": 16384, "Original Hash Buckets": 16384, "Hash Batches": 1, "Original Hash Batches": 1, "Peak Memory Usage": 519, "Plans": [{"Node Type": "Seq Scan", "Parent Relationship": "Outer", "Parallel Aware": false, "Relation Name": "supplier", "Schema": "public", "Alias": "supplier", "Startup Cost": 0.0, "Total Cost": 322.0, "Plan Rows": 10000, "Plan Width": 8, "Actual Startup Time": 0.012, "Actual Total Time": 4.528, "Actual Rows": 10000, "Actual Loops": 1, "Output": ["supplier.s_suppkey", "supplier.s_nationkey"]}]}]}, {"Node Type": "Index Scan", "Parent Relationship": "Inner", "Parallel Aware": false, "Scan Direction": "Forward", "Index Name": "nation_pkey", "Relation Name": "nation", "Schema": "public", "Alias": "n2", "Startup Cost": 0.15, "Total Cost": 0.17, "Plan Rows": 1, "Plan Width": 33, "Actual Startup Time": 0.018, "Actual Total Time": 0.018, "Actual Rows": 1, "Actual Loops": 2568, "Output": ["n2.n_nationkey", "n2.n_name", "n2.n_regionkey", "n2.n_comment"], "Index Cond": "(n2.n_nationkey = supplier.s_nationkey)", "Rows Removed by Index Recheck": 0}]}]}]}, "Planning Time": 3.984, "Triggers": [], "Execution Time": 11641.353}]
q10#####[{"Plan": {"Node Type": "Aggregate", "Strategy": "Sorted", "Partial Mode": "Simple", "Parallel Aware": false, "Startup Cost": 262533.93, "Total Cost": 262537.04, "Plan Rows": 89, "Plan Width": 98, "Actual Startup Time": 22726.554, "Actual Total Time": 22737.827, "Actual Rows": 4, "Actual Loops": 1, "Output": ["n1.n_name", "n2.n_name", "(date_part('year'::text, (lineitem.l_shipdate)::timestamp without time zone))", "sum((lineitem.l_extendedprice * ('1'::numeric - lineitem.l_discount)))"], "Group Key": ["n1.n_name", "n2.n_name", "(date_part('year'::text, (lineitem.l_shipdate)::timestamp without time zone))"], "Plans": [{"Node Type": "Sort", "Parent Relationship": "Outer", "Parallel Aware": false, "Startup Cost": 262533.93, "Total Cost": 262534.15, "Plan Rows": 89, "Plan Width": 78, "Actual Startup Time": 22725.56, "Actual Total Time": 22734.215, "Actual Rows": 5857, "Actual Loops": 1, "Output": ["n1.n_name", "n2.n_name", "(date_part('year'::text, (lineitem.l_shipdate)::timestamp without time zone))", "lineitem.l_extendedprice", "lineitem.l_discount"], "Sort Key": ["n1.n_name", "n2.n_name", "(date_part('year'::text, (lineitem.l_shipdate)::timestamp without time zone))"], "Sort Method": "quicksort", "Sort Space Used": 650, "Sort Space Type": "Memory", "Plans": [{"Node Type": "Hash Join", "Parent Relationship": "Outer", "Parallel Aware": false, "Join Type": "Inner", "Startup Cost": 52933.46, "Total Cost": 262531.05, "Plan Rows": 89, "Plan Width": 78, "Actual Startup Time": 3582.051, "Actual Total Time": 22694.342, "Actual Rows": 5857, "Actual Loops": 1, "Output": ["n1.n_name", "n2.n_name", "date_part('year'::text, (lineitem.l_shipdate)::timestamp without time zone)", "lineitem.l_extendedprice", "lineitem.l_discount"], "Inner Unique": false, "Hash Cond": "(lineitem.l_suppkey = supplier.s_suppkey)", "Join Filter": "((((n1.n_name)::text = 'BRAZIL'::text) AND ((n2.n_name)::text = 'CANADA'::text)) OR (((n1.n_name)::text = 'CANADA'::text) AND ((n2.n_name)::text = 'BRAZIL'::text)))", "Rows Removed by Join Filter": 5906, "Plans": [{"Node Type": "Hash Join", "Parent Relationship": "Outer", "Parallel Aware": false, "Join Type": "Inner", "Startup Cost": 52566.05, "Total Cost": 262156.04, "Plan Rows": 1810, "Plan Width": 49, "Actual Startup Time": 3569.192, "Actual Total Time": 22440.679, "Actual Rows": 146325, "Actual Loops": 1, "Output": ["lineitem.l_shipdate", "lineitem.l_extendedprice", "lineitem.l_discount", "lineitem.l_suppkey", "n2.n_name"], "Inner Unique": false, "Hash Cond": "(lineitem.l_orderkey = orders.o_orderkey)", "Plans": [{"Node Type": "Seq Scan", "Parent Relationship": "Outer", "Parallel Aware": false, "Relation Name": "lineitem", "Schema": "public", "Alias": "lineitem", "Startup Cost": 0.0, "Total Cost": 202484.64, "Plan Rows": 1846489, "Plan Width": 24, "Actual Startup Time": 72.397, "Actual Total Time": 9614.018, "Actual Rows": 1827668, "Actual Loops": 1, "Output": ["lineitem.l_orderkey", "lineitem.l_partkey", "lineitem.l_suppkey", "lineitem.l_linenumber", "lineitem.l_quantity", "lineitem.l_extendedprice", "lineitem.l_discount", "lineitem.l_tax", "lineitem.l_returnflag", "lineitem.l_linestatus", "lineitem.l_shipdate", "lineitem.l_commitdate", "lineitem.l_receiptdate", "lineitem.l_shipinstruct", "lineitem.l_shipmode", "lineitem.l_comment"], "Filter": "((lineitem.l_shipdate >= '1995-01-01'::date) AND (lineitem.l_shipdate <= '1996-12-31'::date))", "Rows Removed by Filter": 4172335}, {"Node Type": "Hash", "Parent Relationship": "Inner", "Parallel Aware": false, "Startup Cost": 52382.22, "Total Cost": 52382.22, "Plan Rows": 14706, "Plan Width": 33, "Actual Startup Time": 3458.987, "Actual Total Time": 3459.081, "Actual Rows": 119826, "Actual Loops": 1, "Output": ["orders.o_orderkey", "n2.n_name"], "Hash Buckets": 131072, "Original Hash Buckets": 16384, "Hash Batches": 2, "Original Hash Batches": 1, "Peak Memory Usage": 3538, "Plans": [{"Node Type": "Hash Join", "Parent Relationship": "Outer", "Parallel Aware": false, "Join Type": "Inner", "Startup Cost": 5518.12, "Total Cost": 52382.22, "Plan Rows": 14706, "Plan Width": 33, "Actual Startup Time": 240.293, "Actual Total Time": 3334.66, "Actual Rows": 119826, "Actual Loops": 1, "Output": ["orders.o_orderkey", "n2.n_name"], "Inner Unique": false, "Hash Cond": "(orders.o_custkey = customer.c_custkey)", "Plans": [{"Node Type": "Seq Scan", "Parent Relationship": "Outer", "Parallel Aware": false, "Relation Name": "orders", "Schema": "public", "Alias": "orders", "Startup Cost": 0.0, "Total Cost": 41092.0, "Plan Rows": 1500000, "Plan Width": 8, "Actual Startup Time": 0.013, "Actual Total Time": 1895.839, "Actual Rows": 1500000, "Actual Loops": 1, "Output": ["orders.o_orderkey", "orders.o_custkey", "orders.o_orderstatus", "orders.o_totalprice", "orders.o_orderdate", "orders.o_orderpriority", "orders.o_clerk", "orders.o_shippriority", "orders.o_comment"]}, {"Node Type": "Hash", "Parent Relationship": "Inner", "Parallel Aware": false, "Startup Cost": 5499.73, "Total Cost": 5499.73, "Plan Rows": 1471, "Plan Width": 33, "Actual Startup Time": 240.259, "Actual Total Time": 240.338, "Actual Rows": 12019, "Actual Loops": 1, "Output": ["customer.c_custkey", "n2.n_name"], "Hash Buckets": 16384, "Original Hash Buckets": 2048, "Hash Batches": 1, "Original Hash Batches": 1, "Peak Memory Usage": 633, "Plans": [{"Node Type": "Hash Join", "Parent Relationship": "Outer", "Parallel Aware": false, "Join Type": "Inner", "Startup Cost": 17.71, "Total Cost": 5499.73, "Plan Rows": 1471, "Plan Width": 33, "Actual Startup Time": 0.034, "Actual Total Time": 211.786, "Actual Rows": 12019, "Actual Loops": 1, "Output": ["customer.c_custkey", "n2.n_name"], "Inner Unique": true, "Hash Cond": "(customer.c_nationkey = n2.n_nationkey)", "Plans": [{"Node Type": "Seq Scan", "Parent Relationship": "Outer", "Parallel Aware": false, "Relation Name": "customer", "Schema": "public", "Alias": "customer", "Startup Cost": 0.0, "Total Cost": 5085.0, "Plan Rows": 150000, "Plan Width": 8, "Actual Startup Time": 0.005, "Actual Total Time": 43.688, "Actual Rows": 150000, "Actual Loops": 1, "Output": ["customer.c_custkey", "customer.c_name", "customer.c_address", "customer.c_nationkey", "customer.c_phone", "customer.c_acctbal", "customer.c_mktsegment", "customer.c_comment"]}, {"Node Type": "Hash", "Parent Relationship": "Inner", "Parallel Aware": false, "Startup Cost": 17.65, "Total Cost": 17.65, "Plan Rows": 5, "Plan Width": 33, "Actual Startup Time": 0.013, "Actual Total Time": 0.032, "Actual Rows": 2, "Actual Loops": 1, "Output": ["n2.n_name", "n2.n_nationkey"], "Hash Buckets": 1024, "Original Hash Buckets": 1024, "Hash Batches": 1, "Original Hash Batches": 1, "Peak Memory Usage": 9, "Plans": [{"Node Type": "Seq Scan", "Parent Relationship": "Outer", "Parallel Aware": false, "Relation Name": "nation", "Schema": "public", "Alias": "n2", "Startup Cost": 0.0, "Total Cost": 17.65, "Plan Rows": 5, "Plan Width": 33, "Actual Startup Time": 0.009, "Actual Total Time": 0.01, "Actual Rows": 2, "Actual Loops": 1, "Output": ["n2.n_name", "n2.n_nationkey"], "Filter": "(((n2.n_name)::text = 'CANADA'::text) OR ((n2.n_name)::text = 'BRAZIL'::text))", "Rows Removed by Filter": 23}]}]}]}]}]}]}, {"Node Type": "Hash", "Parent Relationship": "Inner", "Parallel Aware": false, "Startup Cost": 366.18, "Total Cost": 366.18, "Plan Rows": 98, "Plan Width": 33, "Actual Startup Time": 12.793, "Actual Total Time": 12.833, "Actual Rows": 809, "Actual Loops": 1, "Output": ["supplier.s_suppkey", "n1.n_name"], "Hash Buckets": 1024, "Original Hash Buckets": 1024, "Hash Batches": 1, "Original Hash Batches": 1, "Peak Memory Usage": 42, "Plans": [{"Node Type": "Hash Join", "Parent Relationship": "Outer", "Parallel Aware": false, "Join Type": "Inner", "Startup Cost": 17.71, "Total Cost": 366.18, "Plan Rows": 98, "Plan Width": 33, "Actual Startup Time": 0.035, "Actual Total Time": 7.221, "Actual Rows": 809, "Actual Loops": 1, "Output": ["supplier.s_suppkey", "n1.n_name"], "Inner Unique": true, "Hash Cond": "(supplier.s_nationkey = n1.n_nationkey)", "Plans": [{"Node Type": "Seq Scan", "Parent Relationship": "Outer", "Parallel Aware": false, "Relation Name": "supplier", "Schema": "public", "Alias": "supplier", "Startup Cost": 0.0, "Total Cost": 322.0, "Plan Rows": 10000, "Plan Width": 8, "Actual Startup Time": 0.006, "Actual Total Time": 0.923, "Actual Rows": 10000, "Actual Loops": 1, "Output": ["supplier.s_suppkey", "supplier.s_name", "supplier.s_address", "supplier.s_nationkey", "supplier.s_phone", "supplier.s_acctbal", "supplier.s_comment"]}, {"Node Type": "Hash", "Parent Relationship": "Inner", "Parallel Aware": false, "Startup Cost": 17.65, "Total Cost": 17.65, "Plan Rows": 5, "Plan Width": 33, "Actual Startup Time": 0.007, "Actual Total Time": 0.023, "Actual Rows": 2, "Actual Loops": 1, "Output": ["n1.n_name", "n1.n_nationkey"], "Hash Buckets": 1024, "Original Hash Buckets": 1024, "Hash Batches": 1, "Original Hash Batches": 1, "Peak Memory Usage": 9, "Plans": [{"Node Type": "Seq Scan", "Parent Relationship": "Outer", "Parallel Aware": false, "Relation Name": "nation", "Schema": "public", "Alias": "n1", "Startup Cost": 0.0, "Total Cost": 17.65, "Plan Rows": 5, "Plan Width": 33, "Actual Startup Time": 0.004, "Actual Total Time": 0.008, "Actual Rows": 2, "Actual Loops": 1, "Output": ["n1.n_name", "n1.n_nationkey"], "Filter": "(((n1.n_name)::text = 'BRAZIL'::text) OR ((n1.n_name)::text = 'CANADA'::text))", "Rows Removed by Filter": 23}]}]}]}]}]}]}, "Planning Time": 147.557, "Triggers": [], "Execution Time": 22738.205}]
q11#####[{"Plan": {"Node Type": "Aggregate", "Strategy": "Sorted", "Partial Mode": "Simple", "Parallel Aware": false, "Startup Cost": 262533.93, "Total Cost": 262537.04, "Plan Rows": 89, "Plan Width": 98, "Actual Startup Time": 21754.813, "Actual Total Time": 21755.842, "Actual Rows": 4, "Actual Loops": 1, "Output": ["n1.n_name", "n2.n_name", "(date_part('year'::text, (lineitem.l_shipdate)::timestamp without time zone))", "sum((lineitem.l_extendedprice * ('1'::numeric - lineitem.l_discount)))"], "Group Key": ["n1.n_name", "n2.n_name", "(date_part('year'::text, (lineitem.l_shipdate)::timestamp without time zone))"], "Plans": [{"Node Type": "Sort", "Parent Relationship": "Outer", "Parallel Aware": false, "Startup Cost": 262533.93, "Total Cost": 262534.15, "Plan Rows": 89, "Plan Width": 78, "Actual Startup Time": 21754.427, "Actual Total Time": 21754.67, "Actual Rows": 5985, "Actual Loops": 1, "Output": ["n1.n_name", "n2.n_name", "(date_part('year'::text, (lineitem.l_shipdate)::timestamp without time zone))", "lineitem.l_extendedprice", "lineitem.l_discount"], "Sort Key": ["n1.n_name", "n2.n_name", "(date_part('year'::text, (lineitem.l_shipdate)::timestamp without time zone))"], "Sort Method": "quicksort", "Sort Space Used": 660, "Sort Space Type": "Memory", "Plans": [{"Node Type": "Hash Join", "Parent Relationship": "Outer", "Parallel Aware": false, "Join Type": "Inner", "Startup Cost": 52933.46, "Total Cost": 262531.05, "Plan Rows": 89, "Plan Width": 78, "Actual Startup Time": 4013.808, "Actual Total Time": 21741.146, "Actual Rows": 5985, "Actual Loops": 1, "Output": ["n1.n_name", "n2.n_name", "date_part('year'::text, (lineitem.l_shipdate)::timestamp without time zone)", "lineitem.l_extendedprice", "lineitem.l_discount"], "Inner Unique": false, "Hash Cond": "(lineitem.l_suppkey = supplier.s_suppkey)", "Join Filter": "((((n1.n_name)::text = 'ROMANIA'::text) AND ((n2.n_name)::text = 'INDIA'::text)) OR (((n1.n_name)::text = 'INDIA'::text) AND ((n2.n_name)::text = 'ROMANIA'::text)))", "Rows Removed by Join Filter": 5929, "Plans": [{"Node Type": "Hash Join", "Parent Relationship": "Outer", "Parallel Aware": false, "Join Type": "Inner", "Startup Cost": 52566.05, "Total Cost": 262156.04, "Plan Rows": 1810, "Plan Width": 49, "Actual Startup Time": 3968.591, "Actual Total Time": 21530.57, "Actual Rows": 146439, "Actual Loops": 1, "Output": ["lineitem.l_shipdate", "lineitem.l_extendedprice", "lineitem.l_discount", "lineitem.l_suppkey", "n2.n_name"], "Inner Unique": false, "Hash Cond": "(lineitem.l_orderkey = orders.o_orderkey)", "Plans": [{"Node Type": "Seq Scan", "Parent Relationship": "Outer", "Parallel Aware": false, "Relation Name": "lineitem", "Schema": "public", "Alias": "lineitem", "Startup Cost": 0.0, "Total Cost": 202484.64, "Plan Rows": 1846489, "Plan Width": 24, "Actual Startup Time": 0.027, "Actual Total Time": 12355.362, "Actual Rows": 1827668, "Actual Loops": 1, "Output": ["lineitem.l_orderkey", "lineitem.l_partkey", "lineitem.l_suppkey", "lineitem.l_linenumber", "lineitem.l_quantity", "lineitem.l_extendedprice", "lineitem.l_discount", "lineitem.l_tax", "lineitem.l_returnflag", "lineitem.l_linestatus", "lineitem.l_shipdate", "lineitem.l_commitdate", "lineitem.l_receiptdate", "lineitem.l_shipinstruct", "lineitem.l_shipmode", "lineitem.l_comment"], "Filter": "((lineitem.l_shipdate >= '1995-01-01'::date) AND (lineitem.l_shipdate <= '1996-12-31'::date))", "Rows Removed by Filter": 4172335}, {"Node Type": "Hash", "Parent Relationship": "Inner", "Parallel Aware": false, "Startup Cost": 52382.22, "Total Cost": 52382.22, "Plan Rows": 14706, "Plan Width": 33, "Actual Startup Time": 3968.505, "Actual Total Time": 3968.525, "Actual Rows": 120285, "Actual Loops": 1, "Output": ["orders.o_orderkey", "n2.n_name"], "Hash Buckets": 131072, "Original Hash Buckets": 16384, "Hash Batches": 2, "Original Hash Batches": 1, "Peak Memory Usage": 3552, "Plans": [{"Node Type": "Hash Join", "Parent Relationship": "Outer", "Parallel Aware": false, "Join Type": "Inner", "Startup Cost": 5518.12, "Total Cost": 52382.22, "Plan Rows": 14706, "Plan Width": 33, "Actual Startup Time": 248.907, "Actual Total Time": 3620.554, "Actual Rows": 120285, "Actual Loops": 1, "Output": ["orders.o_orderkey", "n2.n_name"], "Inner Unique": false, "Hash Cond": "(orders.o_custkey = customer.c_custkey)", "Plans": [{"Node Type": "Seq Scan", "Parent Relationship": "Outer", "Parallel Aware": false, "Relation Name": "orders", "Schema": "public", "Alias": "orders", "Startup Cost": 0.0, "Total Cost": 41092.0, "Plan Rows": 1500000, "Plan Width": 8, "Actual Startup Time": 0.026, "Actual Total Time": 2363.263, "Actual Rows": 1500000, "Actual Loops": 1, "Output": ["orders.o_orderkey", "orders.o_custkey", "orders.o_orderstatus", "orders.o_totalprice", "orders.o_orderdate", "orders.o_orderpriority", "orders.o_clerk", "orders.o_shippriority", "orders.o_comment"]}, {"Node Type": "Hash", "Parent Relationship": "Inner", "Parallel Aware": false, "Startup Cost": 5499.73, "Total Cost": 5499.73, "Plan Rows": 1471, "Plan Width": 33, "Actual Startup Time": 248.868, "Actual Total Time": 248.883, "Actual Rows": 12142, "Actual Loops": 1, "Output": ["customer.c_custkey", "n2.n_name"], "Hash Buckets": 16384, "Original Hash Buckets": 2048, "Hash Batches": 1, "Original Hash Batches": 1, "Peak Memory Usage": 638, "Plans": [{"Node Type": "Hash Join", "Parent Relationship": "Outer", "Parallel Aware": false, "Join Type": "Inner", "Startup Cost": 17.71, "Total Cost": 5499.73, "Plan Rows": 1471, "Plan Width": 33, "Actual Startup Time": 0.031, "Actual Total Time": 246.235, "Actual Rows": 12142, "Actual Loops": 1, "Output": ["customer.c_custkey", "n2.n_name"], "Inner Unique": true, "Hash Cond": "(customer.c_nationkey = n2.n_nationkey)", "Plans": [{"Node Type": "Seq Scan", "Parent Relationship": "Outer", "Parallel Aware": false, "Relation Name": "customer", "Schema": "public", "Alias": "customer", "Startup Cost": 0.0, "Total Cost": 5085.0, "Plan Rows": 150000, "Plan Width": 8, "Actual Startup Time": 0.006, "Actual Total Time": 62.646, "Actual Rows": 150000, "Actual Loops": 1, "Output": ["customer.c_custkey", "customer.c_name", "customer.c_address", "customer.c_nationkey", "customer.c_phone", "customer.c_acctbal", "customer.c_mktsegment", "customer.c_comment"]}, {"Node Type": "Hash", "Parent Relationship": "Inner", "Parallel Aware": false, "Startup Cost": 17.65, "Total Cost": 17.65, "Plan Rows": 5, "Plan Width": 33, "Actual Startup Time": 0.011, "Actual Total Time": 0.012, "Actual Rows": 2, "Actual Loops": 1, "Output": ["n2.n_name", "n2.n_nationkey"], "Hash Buckets": 1024, "Original Hash Buckets": 1024, "Hash Batches": 1, "Original Hash Batches": 1, "Peak Memory Usage": 9, "Plans": [{"Node Type": "Seq Scan", "Parent Relationship": "Outer", "Parallel Aware": false, "Relation Name": "nation", "Schema": "public", "Alias": "n2", "Startup Cost": 0.0, "Total Cost": 17.65, "Plan Rows": 5, "Plan Width": 33, "Actual Startup Time": 0.008, "Actual Total Time": 0.009, "Actual Rows": 2, "Actual Loops": 1, "Output": ["n2.n_name", "n2.n_nationkey"], "Filter": "(((n2.n_name)::text = 'INDIA'::text) OR ((n2.n_name)::text = 'ROMANIA'::text))", "Rows Removed by Filter": 23}]}]}]}]}]}]}, {"Node Type": "Hash", "Parent Relationship": "Inner", "Parallel Aware": false, "Startup Cost": 366.18, "Total Cost": 366.18, "Plan Rows": 98, "Plan Width": 33, "Actual Startup Time": 45.177, "Actual Total Time": 45.184, "Actual Rows": 813, "Actual Loops": 1, "Output": ["supplier.s_suppkey", "n1.n_name"], "Hash Buckets": 1024, "Original Hash Buckets": 1024, "Hash Batches": 1, "Original Hash Batches": 1, "Peak Memory Usage": 43, "Plans": [{"Node Type": "Hash Join", "Parent Relationship": "Outer", "Parallel Aware": false, "Join Type": "Inner", "Startup Cost": 17.71, "Total Cost": 366.18, "Plan Rows": 98, "Plan Width": 33, "Actual Startup Time": 0.022, "Actual Total Time": 45.015, "Actual Rows": 813, "Actual Loops": 1, "Output": ["supplier.s_suppkey", "n1.n_name"], "Inner Unique": true, "Hash Cond": "(supplier.s_nationkey = n1.n_nationkey)", "Plans": [{"Node Type": "Seq Scan", "Parent Relationship": "Outer", "Parallel Aware": false, "Relation Name": "supplier", "Schema": "public", "Alias": "supplier", "Startup Cost": 0.0, "Total Cost": 322.0, "Plan Rows": 10000, "Plan Width": 8, "Actual Startup Time": 0.009, "Actual Total Time": 20.794, "Actual Rows": 10000, "Actual Loops": 1, "Output": ["supplier.s_suppkey", "supplier.s_name", "supplier.s_address", "supplier.s_nationkey", "supplier.s_phone", "supplier.s_acctbal", "supplier.s_comment"]}, {"Node Type": "Hash", "Parent Relationship": "Inner", "Parallel Aware": false, "Startup Cost": 17.65, "Total Cost": 17.65, "Plan Rows": 5, "Plan Width": 33, "Actual Startup Time": 0.007, "Actual Total Time": 0.01, "Actual Rows": 2, "Actual Loops": 1, "Output": ["n1.n_name", "n1.n_nationkey"], "Hash Buckets": 1024, "Original Hash Buckets": 1024, "Hash Batches": 1, "Original Hash Batches": 1, "Peak Memory Usage": 9, "Plans": [{"Node Type": "Seq Scan", "Parent Relationship": "Outer", "Parallel Aware": false, "Relation Name": "nation", "Schema": "public", "Alias": "n1", "Startup Cost": 0.0, "Total Cost": 17.65, "Plan Rows": 5, "Plan Width": 33, "Actual Startup Time": 0.004, "Actual Total Time": 0.005, "Actual Rows": 2, "Actual Loops": 1, "Output": ["n1.n_name", "n1.n_nationkey"], "Filter": "(((n1.n_name)::text = 'ROMANIA'::text) OR ((n1.n_name)::text = 'INDIA'::text))", "Rows Removed by Filter": 23}]}]}]}]}]}]}, "Planning Time": 61.29, "Triggers": [], "Execution Time": 21756.488}]
q12#####[{"Plan": {"Node Type": "Aggregate", "Strategy": "Sorted", "Partial Mode": "Simple", "Parallel Aware": false, "Startup Cost": 262533.93, "Total Cost": 262537.04, "Plan Rows": 89, "Plan Width": 98, "Actual Startup Time": 19194.24, "Actual Total Time": 19195.873, "Actual Rows": 4, "Actual Loops": 1, "Output": ["n1.n_name", "n2.n_name", "(date_part('year'::text, (lineitem.l_shipdate)::timestamp without time zone))", "sum((lineitem.l_extendedprice * ('1'::numeric - lineitem.l_discount)))"], "Group Key": ["n1.n_name", "n2.n_name", "(date_part('year'::text, (lineitem.l_shipdate)::timestamp without time zone))"], "Plans": [{"Node Type": "Sort", "Parent Relationship": "Outer", "Parallel Aware": false, "Startup Cost": 262533.93, "Total Cost": 262534.15, "Plan Rows": 89, "Plan Width": 78, "Actual Startup Time": 19193.557, "Actual Total Time": 19194.269, "Actual Rows": 5952, "Actual Loops": 1, "Output": ["n1.n_name", "n2.n_name", "(date_part('year'::text, (lineitem.l_shipdate)::timestamp without time zone))", "lineitem.l_extendedprice", "lineitem.l_discount"], "Sort Key": ["n1.n_name", "n2.n_name", "(date_part('year'::text, (lineitem.l_shipdate)::timestamp without time zone))"], "Sort Method": "quicksort", "Sort Space Used": 658, "Sort Space Type": "Memory", "Plans": [{"Node Type": "Hash Join", "Parent Relationship": "Outer", "Parallel Aware": false, "Join Type": "Inner", "Startup Cost": 52933.46, "Total Cost": 262531.05, "Plan Rows": 89, "Plan Width": 78, "Actual Startup Time": 4135.393, "Actual Total Time": 19176.348, "Actual Rows": 5952, "Actual Loops": 1, "Output": ["n1.n_name", "n2.n_name", "date_part('year'::text, (lineitem.l_shipdate)::timestamp without time zone)", "lineitem.l_extendedprice", "lineitem.l_discount"], "Inner Unique": false, "Hash Cond": "(lineitem.l_suppkey = supplier.s_suppkey)", "Join Filter": "((((n1.n_name)::text = 'VIETNAM'::text) AND ((n2.n_name)::text = 'RUSSIA'::text)) OR (((n1.n_name)::text = 'RUSSIA'::text) AND ((n2.n_name)::text = 'VIETNAM'::text)))", "Rows Removed by Join Filter": 6136, "Plans": [{"Node Type": "Hash Join", "Parent Relationship": "Outer", "Parallel Aware": false, "Join Type": "Inner", "Startup Cost": 52566.05, "Total Cost": 262156.04, "Plan Rows": 1810, "Plan Width": 49, "Actual Startup Time": 4098.975, "Actual Total Time": 19063.758, "Actual Rows": 148596, "Actual Loops": 1, "Output": ["lineitem.l_shipdate", "lineitem.l_extendedprice", "lineitem.l_discount", "lineitem.l_suppkey", "n2.n_name"], "Inner Unique": false, "Hash Cond": "(lineitem.l_orderkey = orders.o_orderkey)", "Plans": [{"Node Type": "Seq Scan", "Parent Relationship": "Outer", "Parallel Aware": false, "Relation Name": "lineitem", "Schema": "public", "Alias": "lineitem", "Startup Cost": 0.0, "Total Cost": 202484.64, "Plan Rows": 1846489, "Plan Width": 24, "Actual Startup Time": 0.026, "Actual Total Time": 11190.95, "Actual Rows": 1827668, "Actual Loops": 1, "Output": ["lineitem.l_orderkey", "lineitem.l_partkey", "lineitem.l_suppkey", "lineitem.l_linenumber", "lineitem.l_quantity", "lineitem.l_extendedprice", "lineitem.l_discount", "lineitem.l_tax", "lineitem.l_returnflag", "lineitem.l_linestatus", "lineitem.l_shipdate", "lineitem.l_commitdate", "lineitem.l_receiptdate", "lineitem.l_shipinstruct", "lineitem.l_shipmode", "lineitem.l_comment"], "Filter": "((lineitem.l_shipdate >= '1995-01-01'::date) AND (lineitem.l_shipdate <= '1996-12-31'::date))", "Rows Removed by Filter": 4172335}, {"Node Type": "Hash", "Parent Relationship": "Inner", "Parallel Aware": false, "Startup Cost": 52382.22, "Total Cost": 52382.22, "Plan Rows": 14706, "Plan Width": 33, "Actual Startup Time": 4093.892, "Actual Total Time": 4093.926, "Actual Rows": 121483, "Actual Loops": 1, "Output": ["orders.o_orderkey", "n2.n_name"], "Hash Buckets": 131072, "Original Hash Buckets": 16384, "Hash Batches": 2, "Original Hash Batches": 1, "Peak Memory Usage": 3595, "Plans": [{"Node Type": "Hash Join", "Parent Relationship": "Outer", "Parallel Aware": false, "Join Type": "Inner", "Startup Cost": 5518.12, "Total Cost": 52382.22, "Plan Rows": 14706, "Plan Width": 33, "Actual Startup Time": 95.031, "Actual Total Time": 3847.496, "Actual Rows": 121483, "Actual Loops": 1, "Output": ["orders.o_orderkey", "n2.n_name"], "Inner Unique": false, "Hash Cond": "(orders.o_custkey = customer.c_custkey)", "Plans": [{"Node Type": "Seq Scan", "Parent Relationship": "Outer", "Parallel Aware": false, "Relation Name": "orders", "Schema": "public", "Alias": "orders", "Startup Cost": 0.0, "Total Cost": 41092.0, "Plan Rows": 1500000, "Plan Width": 8, "Actual Startup Time": 0.024, "Actual Total Time": 2680.735, "Actual Rows": 1500000, "Actual Loops": 1, "Output": ["orders.o_orderkey", "orders.o_custkey", "orders.o_orderstatus", "orders.o_totalprice", "orders.o_orderdate", "orders.o_orderpriority", "orders.o_clerk", "orders.o_shippriority", "orders.o_comment"]}, {"Node Type": "Hash", "Parent Relationship": "Inner", "Parallel Aware": false, "Startup Cost": 5499.73, "Total Cost": 5499.73, "Plan Rows": 1471, "Plan Width": 33, "Actual Startup Time": 94.971, "Actual Total Time": 94.999, "Actual Rows": 12086, "Actual Loops": 1, "Output": ["customer.c_custkey", "n2.n_name"], "Hash Buckets": 16384, "Original Hash Buckets": 2048, "Hash Batches": 1, "Original Hash Batches": 1, "Peak Memory Usage": 642, "Plans": [{"Node Type": "Hash Join", "Parent Relationship": "Outer", "Parallel Aware": false, "Join Type": "Inner", "Startup Cost": 17.71, "Total Cost": 5499.73, "Plan Rows": 1471, "Plan Width": 33, "Actual Startup Time": 0.045, "Actual Total Time": 62.698, "Actual Rows": 12086, "Actual Loops": 1, "Output": ["customer.c_custkey", "n2.n_name"], "Inner Unique": true, "Hash Cond": "(customer.c_nationkey = n2.n_nationkey)", "Plans": [{"Node Type": "Seq Scan", "Parent Relationship": "Outer", "Parallel Aware": false, "Relation Name": "customer", "Schema": "public", "Alias": "customer", "Startup Cost": 0.0, "Total Cost": 5085.0, "Plan Rows": 150000, "Plan Width": 8, "Actual Startup Time": 0.006, "Actual Total Time": 18.685, "Actual Rows": 150000, "Actual Loops": 1, "Output": ["customer.c_custkey", "customer.c_name", "customer.c_address", "customer.c_nationkey", "customer.c_phone", "customer.c_acctbal", "customer.c_mktsegment", "customer.c_comment"]}, {"Node Type": "Hash", "Parent Relationship": "Inner", "Parallel Aware": false, "Startup Cost": 17.65, "Total Cost": 17.65, "Plan Rows": 5, "Plan Width": 33, "Actual Startup Time": 0.014, "Actual Total Time": 0.024, "Actual Rows": 2, "Actual Loops": 1, "Output": ["n2.n_name", "n2.n_nationkey"], "Hash Buckets": 1024, "Original Hash Buckets": 1024, "Hash Batches": 1, "Original Hash Batches": 1, "Peak Memory Usage": 9, "Plans": [{"Node Type": "Seq Scan", "Parent Relationship": "Outer", "Parallel Aware": false, "Relation Name": "nation", "Schema": "public", "Alias": "n2", "Startup Cost": 0.0, "Total Cost": 17.65, "Plan Rows": 5, "Plan Width": 33, "Actual Startup Time": 0.006, "Actual Total Time": 0.006, "Actual Rows": 2, "Actual Loops": 1, "Output": ["n2.n_name", "n2.n_nationkey"], "Filter": "(((n2.n_name)::text = 'RUSSIA'::text) OR ((n2.n_name)::text = 'VIETNAM'::text))", "Rows Removed by Filter": 23}]}]}]}]}]}]}, {"Node Type": "Hash", "Parent Relationship": "Inner", "Parallel Aware": false, "Startup Cost": 366.18, "Total Cost": 366.18, "Plan Rows": 98, "Plan Width": 33, "Actual Startup Time": 4.052, "Actual Total Time": 4.053, "Actual Rows": 800, "Actual Loops": 1, "Output": ["supplier.s_suppkey", "n1.n_name"], "Hash Buckets": 1024, "Original Hash Buckets": 1024, "Hash Batches": 1, "Original Hash Batches": 1, "Peak Memory Usage": 42, "Plans": [{"Node Type": "Hash Join", "Parent Relationship": "Outer", "Parallel Aware": false, "Join Type": "Inner", "Startup Cost": 17.71, "Total Cost": 366.18, "Plan Rows": 98, "Plan Width": 33, "Actual Startup Time": 0.052, "Actual Total Time": 3.803, "Actual Rows": 800, "Actual Loops": 1, "Output": ["supplier.s_suppkey", "n1.n_name"], "Inner Unique": true, "Hash Cond": "(supplier.s_nationkey = n1.n_nationkey)", "Plans": [{"Node Type": "Seq Scan", "Parent Relationship": "Outer", "Parallel Aware": false, "Relation Name": "supplier", "Schema": "public", "Alias": "supplier", "Startup Cost": 0.0, "Total Cost": 322.0, "Plan Rows": 10000, "Plan Width": 8, "Actual Startup Time": 0.01, "Actual Total Time": 1.694, "Actual Rows": 10000, "Actual Loops": 1, "Output": ["supplier.s_suppkey", "supplier.s_name", "supplier.s_address", "supplier.s_nationkey", "supplier.s_phone", "supplier.s_acctbal", "supplier.s_comment"]}, {"Node Type": "Hash", "Parent Relationship": "Inner", "Parallel Aware": false, "Startup Cost": 17.65, "Total Cost": 17.65, "Plan Rows": 5, "Plan Width": 33, "Actual Startup Time": 0.012, "Actual Total Time": 0.013, "Actual Rows": 2, "Actual Loops": 1, "Output": ["n1.n_name", "n1.n_nationkey"], "Hash Buckets": 1024, "Original Hash Buckets": 1024, "Hash Batches": 1, "Original Hash Batches": 1, "Peak Memory Usage": 9, "Plans": [{"Node Type": "Seq Scan", "Parent Relationship": "Outer", "Parallel Aware": false, "Relation Name": "nation", "Schema": "public", "Alias": "n1", "Startup Cost": 0.0, "Total Cost": 17.65, "Plan Rows": 5, "Plan Width": 33, "Actual Startup Time": 0.007, "Actual Total Time": 0.008, "Actual Rows": 2, "Actual Loops": 1, "Output": ["n1.n_name", "n1.n_nationkey"], "Filter": "(((n1.n_name)::text = 'VIETNAM'::text) OR ((n1.n_name)::text = 'RUSSIA'::text))", "Rows Removed by Filter": 23}]}]}]}]}]}]}, "Planning Time": 10.408, "Triggers": [], "Execution Time": 19196.877}]
q13#####[{"Plan": {"Node Type": "Sort", "Parallel Aware": false, "Startup Cost": 3024189.51, "Total Cost": 3037793.76, "Plan Rows": 5441700, "Plan Width": 205, "Actual Startup Time": 13086.407, "Actual Total Time": 13137.183, "Actual Rows": 38269, "Actual Loops": 1, "Output": ["customer.c_custkey", "customer.c_name", "(sum((lineitem.l_extendedprice * ('1'::numeric - lineitem.l_discount))))", "customer.c_acctbal", "nation.n_name", "customer.c_address", "customer.c_phone", "customer.c_comment"], "Sort Key": ["(sum((lineitem.l_extendedprice * ('1'::numeric - lineitem.l_discount)))) DESC"], "Sort Method": "external merge", "Sort Space Used": 6464, "Sort Space Type": "Disk", "Plans": [{"Node Type": "Aggregate", "Strategy": "Sorted", "Partial Mode": "Simple", "Parent Relationship": "Outer", "Parallel Aware": false, "Startup Cost": 278439.27, "Total Cost": 797216.79, "Plan Rows": 5441700, "Plan Width": 205, "Actual Startup Time": 12169.672, "Actual Total Time": 12995.602, "Actual Rows": 38269, "Actual Loops": 1, "Output": ["customer.c_custkey", "customer.c_name", "sum((lineitem.l_extendedprice * ('1'::numeric - lineitem.l_discount)))", "customer.c_acctbal", "nation.n_name", "customer.c_address", "customer.c_phone", "customer.c_comment"], "Group Key": ["customer.c_custkey", "customer.c_name", "customer.c_acctbal", "customer.c_phone", "nation.n_name", "customer.c_address", "customer.c_comment"], "Plans": [{"Node Type": "Incremental Sort", "Parent Relationship": "Outer", "Parallel Aware": false, "Startup Cost": 278439.27, "Total Cost": 593153.04, "Plan Rows": 5441700, "Plan Width": 185, "Actual Startup Time": 12169.604, "Actual Total Time": 12701.141, "Actual Rows": 112872, "Actual Loops": 1, "Output": ["customer.c_custkey", "customer.c_name", "customer.c_acctbal", "nation.n_name", "customer.c_address", "customer.c_phone", "customer.c_comment", "lineitem.l_extendedprice", "lineitem.l_discount"], "Sort Key": ["customer.c_custkey", "customer.c_name", "customer.c_acctbal", "customer.c_phone", "nation.n_name", "customer.c_address", "customer.c_comment"], "Presorted Key": ["customer.c_custkey"], "Full-sort Groups": {"Group Count": 3358, "Sort Methods Used": ["quicksort"], "Sort Space Memory": {"Average Sort Space Used": 33, "Peak Sort Space Used": 33}}, "Plans": [{"Node Type": "Merge Join", "Parent Relationship": "Outer", "Parallel Aware": false, "Join Type": "Inner", "Startup Cost": 278437.69, "Total Cost": 280003.94, "Plan Rows": 5441700, "Plan Width": 185, "Actual Startup Time": 12169.462, "Actual Total Time": 12523.254, "Actual Rows": 112872, "Actual Loops": 1, "Output": ["customer.c_custkey", "customer.c_name", "customer.c_acctbal", "nation.n_name", "customer.c_address", "customer.c_phone", "customer.c_comment", "lineitem.l_extendedprice", "lineitem.l_discount"], "Inner Unique": false, "Merge Cond": "(customer.c_custkey = orders.o_custkey)", "Plans": [{"Node Type": "Sort", "Parent Relationship": "Outer", "Parallel Aware": false, "Startup Cost": 31219.95, "Total Cost": 31594.95, "Plan Rows": 150000, "Plan Width": 173, "Actual Startup Time": 1473.532, "Actual Total Time": 1624.859, "Actual Rows": 150000, "Actual Loops": 1, "Output": ["customer.c_custkey", "customer.c_name", "customer.c_acctbal", "customer.c_address", "customer.c_phone", "customer.c_comment", "nation.n_name"], "Sort Key": ["customer.c_custkey"], "Sort Method": "external merge", "Sort Space Used": 24056, "Sort Space Type": "Disk", "Plans": [{"Node Type": "Hash Join", "Parent Relationship": "Outer", "Parallel Aware": false, "Join Type": "Inner", "Startup Cost": 21.48, "Total Cost": 5503.5, "Plan Rows": 150000, "Plan Width": 173, "Actual Startup Time": 0.132, "Actual Total Time": 950.713, "Actual Rows": 150000, "Actual Loops": 1, "Output": ["customer.c_custkey", "customer.c_name", "customer.c_acctbal", "customer.c_address", "customer.c_phone", "customer.c_comment", "nation.n_name"], "Inner Unique": true, "Hash Cond": "(customer.c_nationkey = nation.n_nationkey)", "Plans": [{"Node Type": "Seq Scan", "Parent Relationship": "Outer", "Parallel Aware": false, "Relation Name": "customer", "Schema": "public", "Alias": "customer", "Startup Cost": 0.0, "Total Cost": 5085.0, "Plan Rows": 150000, "Plan Width": 148, "Actual Startup Time": 0.085, "Actual Total Time": 34.078, "Actual Rows": 150000, "Actual Loops": 1, "Output": ["customer.c_custkey", "customer.c_name", "customer.c_address", "customer.c_nationkey", "customer.c_phone", "customer.c_acctbal", "customer.c_mktsegment", "customer.c_comment"]}, {"Node Type": "Hash", "Parent Relationship": "Inner", "Parallel Aware": false, "Startup Cost": 15.1, "Total Cost": 15.1, "Plan Rows": 510, "Plan Width": 33, "Actual Startup Time": 0.03, "Actual Total Time": 0.033, "Actual Rows": 25, "Actual Loops": 1, "Output": ["nation.n_name", "nation.n_nationkey"], "Hash Buckets": 1024, "Original Hash Buckets": 1024, "Hash Batches": 1, "Original Hash Batches": 1, "Peak Memory Usage": 10, "Plans": [{"Node Type": "Seq Scan", "Parent Relationship": "Outer", "Parallel Aware": false, "Relation Name": "nation", "Schema": "public", "Alias": "nation", "Startup Cost": 0.0, "Total Cost": 15.1, "Plan Rows": 510, "Plan Width": 33, "Actual Startup Time": 0.019, "Actual Total Time": 0.022, "Actual Rows": 25, "Actual Loops": 1, "Output": ["nation.n_name", "nation.n_nationkey"]}]}]}]}, {"Node Type": "Sort", "Parent Relationship": "Inner", "Parallel Aware": false, "Startup Cost": 247217.74, "Total Cost": 247353.78, "Plan Rows": 54417, "Plan Width": 16, "Actual Startup Time": 10695.814, "Actual Total Time": 10721.996, "Actual Rows": 112872, "Actual Loops": 1, "Output": ["orders.o_custkey", "lineitem.l_extendedprice", "lineitem.l_discount"], "Sort Key": ["orders.o_custkey"], "Sort Method": "external sort", "Sort Space Used": 3480, "Sort Space Type": "Disk", "Plans": [{"Node Type": "Hash Join", "Parent Relationship": "Outer", "Parallel Aware": false, "Join Type": "Inner", "Startup Cost": 49270.41, "Total Cost": 242937.36, "Plan Rows": 54417, "Plan Width": 16, "Actual Startup Time": 1898.756, "Actual Total Time": 10409.781, "Actual Rows": 112872, "Actual Loops": 1, "Output": ["orders.o_custkey", "lineitem.l_extendedprice", "lineitem.l_discount"], "Inner Unique": false, "Hash Cond": "(lineitem.l_orderkey = orders.o_orderkey)", "Plans": [{"Node Type": "Seq Scan", "Parent Relationship": "Outer", "Parallel Aware": false, "Relation Name": "lineitem", "Schema": "public", "Alias": "lineitem", "Startup Cost": 0.0, "Total Cost": 187482.86, "Plan Rows": 1503978, "Plan Width": 16, "Actual Startup Time": 0.078, "Actual Total Time": 7475.926, "Actual Rows": 1479175, "Actual Loops": 1, "Output": ["lineitem.l_orderkey", "lineitem.l_partkey", "lineitem.l_suppkey", "lineitem.l_linenumber", "lineitem.l_quantity", "lineitem.l_extendedprice", "lineitem.l_discount", "lineitem.l_tax", "lineitem.l_returnflag", "lineitem.l_linestatus", "lineitem.l_shipdate", "lineitem.l_commitdate", "lineitem.l_receiptdate", "lineitem.l_shipinstruct", "lineitem.l_shipmode", "lineitem.l_comment"], "Filter": "(lineitem.l_returnflag = 'R'::bpchar)", "Rows Removed by Filter": 4520828}, {"Node Type": "Hash", "Parent Relationship": "Inner", "Parallel Aware": false, "Startup Cost": 48592.0, "Total Cost": 48592.0, "Plan Rows": 54273, "Plan Width": 8, "Actual Startup Time": 1897.513, "Actual Total Time": 1897.514, "Actual Rows": 56468, "Actual Loops": 1, "Output": ["orders.o_custkey", "orders.o_orderkey"], "Hash Buckets": 65536, "Original Hash Buckets": 65536, "Hash Batches": 1, "Original Hash Batches": 1, "Peak Memory Usage": 2718, "Plans": [{"Node Type": "Seq Scan", "Parent Relationship": "Outer", "Parallel Aware": false, "Relation Name": "orders", "Schema": "public", "Alias": "orders", "Startup Cost": 0.0, "Total Cost": 48592.0, "Plan Rows": 54273, "Plan Width": 8, "Actual Startup Time": 0.2, "Actual Total Time": 1852.963, "Actual Rows": 56468, "Actual Loops": 1, "Output": ["orders.o_custkey", "orders.o_orderkey"], "Filter": "((orders.o_orderdate >= '1994-09-02'::date) AND (orders.o_orderdate < '1994-12-02 00:00:00'::timestamp without time zone))", "Rows Removed by Filter": 1443532}]}]}]}]}]}]}]}, "Planning Time": 47.797, "Triggers": [], "Execution Time": 13166.932}]
q14#####[{"Plan": {"Node Type": "Sort", "Parallel Aware": false, "Startup Cost": 3129743.99, "Total Cost": 3143852.49, "Plan Rows": 5643400, "Plan Width": 205, "Actual Startup Time": 11955.475, "Actual Total Time": 11972.923, "Actual Rows": 36354, "Actual Loops": 1, "Output": ["customer.c_custkey", "customer.c_name", "(sum((lineitem.l_extendedprice * ('1'::numeric - lineitem.l_discount))))", "customer.c_acctbal", "nation.n_name", "customer.c_address", "customer.c_phone", "customer.c_comment"], "Sort Key": ["(sum((lineitem.l_extendedprice * ('1'::numeric - lineitem.l_discount)))) DESC"], "Sort Method": "external merge", "Sort Space Used": 6152, "Sort Space Type": "Disk", "Plans": [{"Node Type": "Aggregate", "Strategy": "Sorted", "Partial Mode": "Simple", "Parent Relationship": "Outer", "Parallel Aware": false, "Startup Cost": 278658.13, "Total Cost": 818747.85, "Plan Rows": 5643400, "Plan Width": 205, "Actual Startup Time": 10922.431, "Actual Total Time": 11770.761, "Actual Rows": 36354, "Actual Loops": 1, "Output": ["customer.c_custkey", "customer.c_name", "sum((lineitem.l_extendedprice * ('1'::numeric - lineitem.l_discount)))", "customer.c_acctbal", "nation.n_name", "customer.c_address", "customer.c_phone", "customer.c_comment"], "Group Key": ["customer.c_custkey", "customer.c_name", "customer.c_acctbal", "customer.c_phone", "nation.n_name", "customer.c_address", "customer.c_comment"], "Plans": [{"Node Type": "Incremental Sort", "Parent Relationship": "Outer", "Parallel Aware": false, "Startup Cost": 278658.13, "Total Cost": 607120.35, "Plan Rows": 5643400, "Plan Width": 185, "Actual Startup Time": 10922.361, "Actual Total Time": 11453.687, "Actual Rows": 94570, "Actual Loops": 1, "Output": ["customer.c_custkey", "customer.c_name", "customer.c_acctbal", "nation.n_name", "customer.c_address", "customer.c_phone", "customer.c_comment", "lineitem.l_extendedprice", "lineitem.l_discount"], "Sort Key": ["customer.c_custkey", "customer.c_name", "customer.c_acctbal", "customer.c_phone", "nation.n_name", "customer.c_address", "customer.c_comment"], "Presorted Key": ["customer.c_custkey"], "Full-sort Groups": {"Group Count": 2837, "Sort Methods Used": ["quicksort"], "Sort Space Memory": {"Average Sort Space Used": 34, "Peak Sort Space Used": 34}}, "Plans": [{"Node Type": "Merge Join", "Parent Relationship": "Outer", "Parallel Aware": false, "Join Type": "Inner", "Startup Cost": 278656.48, "Total Cost": 280252.99, "Plan Rows": 5643400, "Plan Width": 185, "Actual Startup Time": 10922.178, "Actual Total Time": 11314.464, "Actual Rows": 94570, "Actual Loops": 1, "Output": ["customer.c_custkey", "customer.c_name", "customer.c_acctbal", "nation.n_name", "customer.c_address", "customer.c_phone", "customer.c_comment", "lineitem.l_extendedprice", "lineitem.l_discount"], "Inner Unique": false, "Merge Cond": "(customer.c_custkey = orders.o_custkey)", "Plans": [{"Node Type": "Sort", "Parent Relationship": "Outer", "Parallel Aware": false, "Startup Cost": 31219.95, "Total Cost": 31594.95, "Plan Rows": 150000, "Plan Width": 173, "Actual Startup Time": 734.915, "Actual Total Time": 989.927, "Actual Rows": 150000, "Actual Loops": 1, "Output": ["customer.c_custkey", "customer.c_name", "customer.c_acctbal", "customer.c_address", "customer.c_phone", "customer.c_comment", "nation.n_name"], "Sort Key": ["customer.c_custkey"], "Sort Method": "external merge", "Sort Space Used": 24056, "Sort Space Type": "Disk", "Plans": [{"Node Type": "Hash Join", "Parent Relationship": "Outer", "Parallel Aware": false, "Join Type": "Inner", "Startup Cost": 21.48, "Total Cost": 5503.5, "Plan Rows": 150000, "Plan Width": 173, "Actual Startup Time": 0.087, "Actual Total Time": 260.811, "Actual Rows": 150000, "Actual Loops": 1, "Output": ["customer.c_custkey", "customer.c_name", "customer.c_acctbal", "customer.c_address", "customer.c_phone", "customer.c_comment", "nation.n_name"], "Inner Unique": true, "Hash Cond": "(customer.c_nationkey = nation.n_nationkey)", "Plans": [{"Node Type": "Seq Scan", "Parent Relationship": "Outer", "Parallel Aware": false, "Relation Name": "customer", "Schema": "public", "Alias": "customer", "Startup Cost": 0.0, "Total Cost": 5085.0, "Plan Rows": 150000, "Plan Width": 148, "Actual Startup Time": 0.037, "Actual Total Time": 35.881, "Actual Rows": 150000, "Actual Loops": 1, "Output": ["customer.c_custkey", "customer.c_name", "customer.c_address", "customer.c_nationkey", "customer.c_phone", "customer.c_acctbal", "customer.c_mktsegment", "customer.c_comment"]}, {"Node Type": "Hash", "Parent Relationship": "Inner", "Parallel Aware": false, "Startup Cost": 15.1, "Total Cost": 15.1, "Plan Rows": 510, "Plan Width": 33, "Actual Startup Time": 0.028, "Actual Total Time": 0.036, "Actual Rows": 25, "Actual Loops": 1, "Output": ["nation.n_name", "nation.n_nationkey"], "Hash Buckets": 1024, "Original Hash Buckets": 1024, "Hash Batches": 1, "Original Hash Batches": 1, "Peak Memory Usage": 10, "Plans": [{"Node Type": "Seq Scan", "Parent Relationship": "Outer", "Parallel Aware": false, "Relation Name": "nation", "Schema": "public", "Alias": "nation", "Startup Cost": 0.0, "Total Cost": 15.1, "Plan Rows": 510, "Plan Width": 33, "Actual Startup Time": 0.02, "Actual Total Time": 0.022, "Actual Rows": 25, "Actual Loops": 1, "Output": ["nation.n_name", "nation.n_nationkey"]}]}]}]}, {"Node Type": "Sort", "Parent Relationship": "Inner", "Parallel Aware": false, "Startup Cost": 247436.53, "Total Cost": 247577.62, "Plan Rows": 56434, "Plan Width": 16, "Actual Startup Time": 10187.152, "Actual Total Time": 10218.656, "Actual Rows": 94570, "Actual Loops": 1, "Output": ["orders.o_custkey", "lineitem.l_extendedprice", "lineitem.l_discount"], "Sort Key": ["orders.o_custkey"], "Sort Method": "external sort", "Sort Space Used": 2928, "Sort Space Type": "Disk", "Plans": [{"Node Type": "Hash Join", "Parent Relationship": "Outer", "Parallel Aware": false, "Join Type": "Inner", "Startup Cost": 49295.56, "Total Cost": 242982.68, "Plan Rows": 56434, "Plan Width": 16, "Actual Startup Time": 1651.24, "Actual Total Time": 9869.316, "Actual Rows": 94570, "Actual Loops": 1, "Output": ["orders.o_custkey", "lineitem.l_extendedprice", "lineitem.l_discount"], "Inner Unique": false, "Hash Cond": "(lineitem.l_orderkey = orders.o_orderkey)", "Plans": [{"Node Type": "Seq Scan", "Parent Relationship": "Outer", "Parallel Aware": false, "Relation Name": "lineitem", "Schema": "public", "Alias": "lineitem", "Startup Cost": 0.0, "Total Cost": 187482.86, "Plan Rows": 1503978, "Plan Width": 16, "Actual Startup Time": 0.049, "Actual Total Time": 7169.82, "Actual Rows": 1479175, "Actual Loops": 1, "Output": ["lineitem.l_orderkey", "lineitem.l_partkey", "lineitem.l_suppkey", "lineitem.l_linenumber", "lineitem.l_quantity", "lineitem.l_extendedprice", "lineitem.l_discount", "lineitem.l_tax", "lineitem.l_returnflag", "lineitem.l_linestatus", "lineitem.l_shipdate", "lineitem.l_commitdate", "lineitem.l_receiptdate", "lineitem.l_shipinstruct", "lineitem.l_shipmode", "lineitem.l_comment"], "Filter": "(lineitem.l_returnflag = 'R'::bpchar)", "Rows Removed by Filter": 4520828}, {"Node Type": "Hash", "Parent Relationship": "Inner", "Parallel Aware": false, "Startup Cost": 48592.0, "Total Cost": 48592.0, "Plan Rows": 56285, "Plan Width": 8, "Actual Startup Time": 1650.288, "Actual Total Time": 1650.291, "Actual Rows": 56506, "Actual Loops": 1, "Output": ["orders.o_custkey", "orders.o_orderkey"], "Hash Buckets": 65536, "Original Hash Buckets": 65536, "Hash Batches": 1, "Original Hash Batches": 1, "Peak Memory Usage": 2720, "Plans": [{"Node Type": "Seq Scan", "Parent Relationship": "Outer", "Parallel Aware": false, "Relation Name": "orders", "Schema": "public", "Alias": "orders", "Startup Cost": 0.0, "Total Cost": 48592.0, "Plan Rows": 56285, "Plan Width": 8, "Actual Startup Time": 0.024, "Actual Total Time": 1602.76, "Actual Rows": 56506, "Actual Loops": 1, "Output": ["orders.o_custkey", "orders.o_orderkey"], "Filter": "((orders.o_orderdate >= '1995-01-01'::date) AND (orders.o_orderdate < '1995-04-01 00:00:00'::timestamp without time zone))", "Rows Removed by Filter": 1443494}]}]}]}]}]}]}]}, "Planning Time": 37.345, "Triggers": [], "Execution Time": 12029.04}]
q15#####[{"Plan": {"Node Type": "Aggregate", "Strategy": "Sorted", "Partial Mode": "Simple", "Parallel Aware": false, "Startup Cost": 258652.05, "Total Cost": 258655.2, "Plan Rows": 70, "Plan Width": 40, "Actual Startup Time": 60869.44, "Actual Total Time": 60869.8, "Actual Rows": 2, "Actual Loops": 1, "Output": ["(date_part('year'::text, (orders.o_orderdate)::timestamp without time zone))", "(sum(CASE WHEN ((n2.n_name)::text = 'EGYPT'::text) THEN (lineitem.l_extendedprice * ('1'::numeric - lineitem.l_discount)) ELSE '0'::numeric END) / sum((lineitem.l_extendedprice * ('1'::numeric - lineitem.l_discount))))"], "Group Key": ["(date_part('year'::text, (orders.o_orderdate)::timestamp without time zone))"], "Plans": [{"Node Type": "Sort", "Parent Relationship": "Outer", "Parallel Aware": false, "Startup Cost": 258652.05, "Total Cost": 258652.22, "Plan Rows": 70, "Plan Width": 49, "Actual Startup Time": 60869.038, "Actual Total Time": 60869.235, "Actual Rows": 2428, "Actual Loops": 1, "Output": ["(date_part('year'::text, (orders.o_orderdate)::timestamp without time zone))", "n2.n_name", "lineitem.l_extendedprice", "lineitem.l_discount"], "Sort Key": ["(date_part('year'::text, (orders.o_orderdate)::timestamp without time zone))"], "Sort Method": "quicksort", "Sort Space Used": 286, "Sort Space Type": "Memory", "Plans": [{"Node Type": "Nested Loop", "Parent Relationship": "Outer", "Parallel Aware": false, "Join Type": "Inner", "Startup Cost": 63105.36, "Total Cost": 258649.9, "Plan Rows": 70, "Plan Width": 49, "Actual Startup Time": 9015.691, "Actual Total Time": 60835.3, "Actual Rows": 2428, "Actual Loops": 1, "Output": ["date_part('year'::text, (orders.o_orderdate)::timestamp without time zone)", "n2.n_name", "lineitem.l_extendedprice", "lineitem.l_discount"], "Inner Unique": true, "Plans": [{"Node Type": "Hash Join", "Parent Relationship": "Outer", "Parallel Aware": false, "Join Type": "Inner", "Startup Cost": 63105.21, "Total Cost": 258637.67, "Plan Rows": 70, "Plan Width": 20, "Actual Startup Time": 9015.572, "Actual Total Time": 60668.55, "Actual Rows": 2428, "Actual Loops": 1, "Output": ["lineitem.l_extendedprice", "lineitem.l_discount", "supplier.s_nationkey", "orders.o_orderdate"], "Inner Unique": false, "Hash Cond": "(lineitem.l_suppkey = supplier.s_suppkey)", "Plans": [{"Node Type": "Hash Join", "Parent Relationship": "Outer", "Parallel Aware": false, "Join Type": "Inner", "Startup Cost": 62658.21, "Total Cost": 258189.7, "Plan Rows": 70, "Plan Width": 20, "Actual Startup Time": 8992.201, "Actual Total Time": 60346.033, "Actual Rows": 2428, "Actual Loops": 1, "Output": ["lineitem.l_extendedprice", "lineitem.l_discount", "lineitem.l_suppkey", "orders.o_orderdate"], "Inner Unique": false, "Hash Cond": "(lineitem.l_orderkey = orders.o_orderkey)", "Plans": [{"Node Type": "Hash Join", "Parent Relationship": "Outer", "Parallel Aware": false, "Join Type": "Inner", "Startup Cost": 6597.57, "Total Cost": 201979.17, "Plan Rows": 39785, "Plan Width": 20, "Actual Startup Time": 733.649, "Actual Total Time": 50546.523, "Actual Rows": 41022, "Actual Loops": 1, "Output": ["lineitem.l_extendedprice", "lineitem.l_discount", "lineitem.l_suppkey", "lineitem.l_orderkey"], "Inner Unique": false, "Hash Cond": "(lineitem.l_partkey = part.p_partkey)", "Plans": [{"Node Type": "Seq Scan", "Parent Relationship": "Outer", "Parallel Aware": false, "Relation Name": "lineitem", "Schema": "public", "Alias": "lineitem", "Startup Cost": 0.0, "Total Cost": 172481.09, "Plan Rows": 6000709, "Plan Width": 24, "Actual Startup Time": 0.018, "Actual Total Time": 44962.778, "Actual Rows": 6000003, "Actual Loops": 1, "Output": ["lineitem.l_orderkey", "lineitem.l_partkey", "lineitem.l_suppkey", "lineitem.l_linenumber", "lineitem.l_quantity", "lineitem.l_extendedprice", "lineitem.l_discount", "lineitem.l_tax", "lineitem.l_returnflag", "lineitem.l_linestatus", "lineitem.l_shipdate", "lineitem.l_commitdate", "lineitem.l_receiptdate", "lineitem.l_shipinstruct", "lineitem.l_shipmode", "lineitem.l_comment"]}, {"Node Type": "Hash", "Parent Relationship": "Inner", "Parallel Aware": false, "Startup Cost": 6581.0, "Total Cost": 6581.0, "Plan Rows": 1326, "Plan Width": 4, "Actual Startup Time": 733.59, "Actual Total Time": 733.593, "Actual Rows": 1359, "Actual Loops": 1, "Output": ["part.p_partkey"], "Hash Buckets": 2048, "Original Hash Buckets": 2048, "Hash Batches": 1, "Original Hash Batches": 1, "Peak Memory Usage": 64, "Plans": [{"Node Type": "Seq Scan", "Parent Relationship": "Outer", "Parallel Aware": false, "Relation Name": "part", "Schema": "public", "Alias": "part", "Startup Cost": 0.0, "Total Cost": 6581.0, "Plan Rows": 1326, "Plan Width": 4, "Actual Startup Time": 0.271, "Actual Total Time": 732.856, "Actual Rows": 1359, "Actual Loops": 1, "Output": ["part.p_partkey"], "Filter": "((part.p_type)::text = 'STANDARD ANODIZED STEEL'::text)", "Rows Removed by Filter": 198641}]}]}, {"Node Type": "Hash", "Parent Relationship": "Inner", "Parallel Aware": false, "Startup Cost": 56027.76, "Total Cost": 56027.76, "Plan Rows": 2630, "Plan Width": 8, "Actual Startup Time": 8246.15, "Actual Total Time": 8246.181, "Actual Rows": 90615, "Actual Loops": 1, "Output": ["orders.o_orderdate", "orders.o_orderkey"], "Hash Buckets": 131072, "Original Hash Buckets": 4096, "Hash Batches": 2, "Original Hash Batches": 1, "Peak Memory Usage": 3073, "Plans": [{"Node Type": "Hash Join", "Parent Relationship": "Outer", "Parallel Aware": false, "Join Type": "Inner", "Startup Cost": 5700.16, "Total Cost": 56027.76, "Plan Rows": 2630, "Plan Width": 8, "Actual Startup Time": 181.857, "Actual Total Time": 7935.923, "Actual Rows": 90615, "Actual Loops": 1, "Output": ["orders.o_orderdate", "orders.o_orderkey"], "Inner Unique": false, "Hash Cond": "(orders.o_custkey = customer.c_custkey)", "Plans": [{"Node Type": "Seq Scan", "Parent Relationship": "Outer", "Parallel Aware": false, "Relation Name": "orders", "Schema": "public", "Alias": "orders", "Startup Cost": 0.0, "Total Cost": 48592.0, "Plan Rows": 455817, "Plan Width": 12, "Actual Startup Time": 0.589, "Actual Total Time": 6754.553, "Actual Rows": 457263, "Actual Loops": 1, "Output": ["orders.o_orderkey", "orders.o_custkey", "orders.o_orderstatus", "orders.o_totalprice", "orders.o_orderdate", "orders.o_orderpriority", "orders.o_clerk", "orders.o_shippriority", "orders.o_comment"], "Filter": "((orders.o_orderdate >= '1995-01-01'::date) AND (orders.o_orderdate <= '1996-12-31'::date))", "Rows Removed by Filter": 1042737}, {"Node Type": "Hash", "Parent Relationship": "Inner", "Parallel Aware": false, "Startup Cost": 5689.34, "Total Cost": 5689.34, "Plan Rows": 865, "Plan Width": 4, "Actual Startup Time": 181.09, "Actual Total Time": 181.118, "Actual Rows": 29904, "Actual Loops": 1, "Output": ["customer.c_custkey"], "Hash Buckets": 32768, "Original Hash Buckets": 1024, "Hash Batches": 1, "Original Hash Batches": 1, "Peak Memory Usage": 1308, "Plans": [{"Node Type": "Hash Join", "Parent Relationship": "Outer", "Parallel Aware": false, "Join Type": "Inner", "Startup Cost": 33.02, "Total Cost": 5689.34, "Plan Rows": 865, "Plan Width": 4, "Actual Startup Time": 10.556, "Actual Total Time": 175.244, "Actual Rows": 29904, "Actual Loops": 1, "Output": ["customer.c_custkey"], "Inner Unique": false, "Hash Cond": "(customer.c_nationkey = n1.n_nationkey)", "Plans": [{"Node Type": "Seq Scan", "Parent Relationship": "Outer", "Parallel Aware": false, "Relation Name": "customer", "Schema": "public", "Alias": "customer", "Startup Cost": 0.0, "Total Cost": 5085.0, "Plan Rows": 150000, "Plan Width": 8, "Actual Startup Time": 0.019, "Actual Total Time": 32.113, "Actual Rows": 150000, "Actual Loops": 1, "Output": ["customer.c_custkey", "customer.c_name", "customer.c_address", "customer.c_nationkey", "customer.c_phone", "customer.c_acctbal", "customer.c_mktsegment", "customer.c_comment"]}, {"Node Type": "Hash", "Parent Relationship": "Inner", "Parallel Aware": false, "Startup Cost": 32.99, "Total Cost": 32.99, "Plan Rows": 3, "Plan Width": 4, "Actual Startup Time": 10.303, "Actual Total Time": 10.322, "Actual Rows": 5, "Actual Loops": 1, "Output": ["n1.n_nationkey"], "Hash Buckets": 1024, "Original Hash Buckets": 1024, "Hash Batches": 1, "Original Hash Batches": 1, "Peak Memory Usage": 9, "Plans": [{"Node Type": "Hash Join", "Parent Relationship": "Outer", "Parallel Aware": false, "Join Type": "Inner", "Startup Cost": 16.54, "Total Cost": 32.99, "Plan Rows": 3, "Plan Width": 4, "Actual Startup Time": 10.285, "Actual Total Time": 10.307, "Actual Rows": 5, "Actual Loops": 1, "Output": ["n1.n_nationkey"], "Inner Unique": true, "Hash Cond": "(n1.n_regionkey = region.r_regionkey)", "Plans": [{"Node Type": "Seq Scan", "Parent Relationship": "Outer", "Parallel Aware": false, "Relation Name": "nation", "Schema": "public", "Alias": "n1", "Startup Cost": 0.0, "Total Cost": 15.1, "Plan Rows": 510, "Plan Width": 8, "Actual Startup Time": 0.01, "Actual Total Time": 0.019, "Actual Rows": 25, "Actual Loops": 1, "Output": ["n1.n_nationkey", "n1.n_name", "n1.n_regionkey", "n1.n_comment"]}, {"Node Type": "Hash", "Parent Relationship": "Inner", "Parallel Aware": false, "Startup Cost": 16.5, "Total Cost": 16.5, "Plan Rows": 3, "Plan Width": 4, "Actual Startup Time": 10.154, "Actual Total Time": 10.157, "Actual Rows": 1, "Actual Loops": 1, "Output": ["region.r_regionkey"], "Hash Buckets": 1024, "Original Hash Buckets": 1024, "Hash Batches": 1, "Original Hash Batches": 1, "Peak Memory Usage": 9, "Plans": [{"Node Type": "Seq Scan", "Parent Relationship": "Outer", "Parallel Aware": false, "Relation Name": "region", "Schema": "public", "Alias": "region", "Startup Cost": 0.0, "Total Cost": 16.5, "Plan Rows": 3, "Plan Width": 4, "Actual Startup Time": 10.133, "Actual Total Time": 10.133, "Actual Rows": 1, "Actual Loops": 1, "Output": ["region.r_regionkey"], "Filter": "((region.r_name)::text = 'MIDDLE EAST'::text)", "Rows Removed by Filter": 4}]}]}]}]}]}]}]}]}, {"Node Type": "Hash", "Parent Relationship": "Inner", "Parallel Aware": false, "Startup Cost": 322.0, "Total Cost": 322.0, "Plan Rows": 10000, "Plan Width": 8, "Actual Startup Time": 23.062, "Actual Total Time": 23.067, "Actual Rows": 10000, "Actual Loops": 1, "Output": ["supplier.s_suppkey", "supplier.s_nationkey"], "Hash Buckets": 16384, "Original Hash Buckets": 16384, "Hash Batches": 1, "Original Hash Batches": 1, "Peak Memory Usage": 519, "Plans": [{"Node Type": "Seq Scan", "Parent Relationship": "Outer", "Parallel Aware": false, "Relation Name": "supplier", "Schema": "public", "Alias": "supplier", "Startup Cost": 0.0, "Total Cost": 322.0, "Plan Rows": 10000, "Plan Width": 8, "Actual Startup Time": 0.033, "Actual Total Time": 16.496, "Actual Rows": 10000, "Actual Loops": 1, "Output": ["supplier.s_suppkey", "supplier.s_nationkey"]}]}]}, {"Node Type": "Index Scan", "Parent Relationship": "Inner", "Parallel Aware": false, "Scan Direction": "Forward", "Index Name": "nation_pkey", "Relation Name": "nation", "Schema": "public", "Alias": "n2", "Startup Cost": 0.15, "Total Cost": 0.17, "Plan Rows": 1, "Plan Width": 33, "Actual Startup Time": 0.018, "Actual Total Time": 0.018, "Actual Rows": 1, "Actual Loops": 2428, "Output": ["n2.n_nationkey", "n2.n_name", "n2.n_regionkey", "n2.n_comment"], "Index Cond": "(n2.n_nationkey = supplier.s_nationkey)", "Rows Removed by Index Recheck": 0}]}]}]}, "Planning Time": 81.261, "Triggers": [], "Execution Time": 60871.437}]
q16#####[{"Plan": {"Node Type": "Sort", "Parallel Aware": false, "Startup Cost": 250601.95, "Total Cost": 250602.45, "Plan Rows": 200, "Plan Width": 61, "Actual Startup Time": 17439.948, "Actual Total Time": 17440.032, "Actual Rows": 5, "Actual Loops": 1, "Output": ["nation.n_name", "(sum((lineitem.l_extendedprice * ('1'::numeric - lineitem.l_discount))))"], "Sort Key": ["(sum((lineitem.l_extendedprice * ('1'::numeric - lineitem.l_discount)))) DESC"], "Sort Method": "quicksort", "Sort Space Used": 25, "Sort Space Type": "Memory", "Plans": [{"Node Type": "Aggregate", "Strategy": "Sorted", "Partial Mode": "Simple", "Parent Relationship": "Outer", "Parallel Aware": false, "Startup Cost": 250589.22, "Total Cost": 250594.31, "Plan Rows": 200, "Plan Width": 61, "Actual Startup Time": 17438.766, "Actual Total Time": 17439.994, "Actual Rows": 5, "Actual Loops": 1, "Output": ["nation.n_name", "sum((lineitem.l_extendedprice * ('1'::numeric - lineitem.l_discount)))"], "Group Key": ["nation.n_name"], "Plans": [{"Node Type": "Sort", "Parent Relationship": "Outer", "Parallel Aware": false, "Startup Cost": 250589.22, "Total Cost": 250589.74, "Plan Rows": 207, "Plan Width": 41, "Actual Startup Time": 17438.353, "Actual Total Time": 17438.704, "Actual Rows": 7231, "Actual Loops": 1, "Output": ["nation.n_name", "lineitem.l_extendedprice", "lineitem.l_discount"], "Sort Key": ["nation.n_name"], "Sort Method": "quicksort", "Sort Space Used": 754, "Sort Space Type": "Memory", "Plans": [{"Node Type": "Hash Join", "Parent Relationship": "Outer", "Parallel Aware": false, "Join Type": "Inner", "Startup Cost": 55504.84, "Total Cost": 250581.26, "Plan Rows": 207, "Plan Width": 41, "Actual Startup Time": 5412.819, "Actual Total Time": 17385.276, "Actual Rows": 7231, "Actual Loops": 1, "Output": ["nation.n_name", "lineitem.l_extendedprice", "lineitem.l_discount"], "Inner Unique": false, "Hash Cond": "((lineitem.l_suppkey = supplier.s_suppkey) AND (customer.c_nationkey = supplier.s_nationkey))", "Plans": [{"Node Type": "Hash Join", "Parent Relationship": "Outer", "Parallel Aware": false, "Join Type": "Inner", "Startup Cost": 55032.84, "Total Cost": 250068.36, "Plan Rows": 5177, "Plan Width": 53, "Actual Startup Time": 5378.033, "Actual Total Time": 17137.159, "Actual Rows": 180832, "Actual Loops": 1, "Output": ["customer.c_nationkey", "lineitem.l_extendedprice", "lineitem.l_discount", "lineitem.l_suppkey", "nation.n_name", "nation.n_nationkey"], "Inner Unique": false, "Hash Cond": "(lineitem.l_orderkey = orders.o_orderkey)", "Plans": [{"Node Type": "Seq Scan", "Parent Relationship": "Outer", "Parallel Aware": false, "Relation Name": "lineitem", "Schema": "public", "Alias": "lineitem", "Startup Cost": 0.0, "Total Cost": 172481.09, "Plan Rows": 6000709, "Plan Width": 20, "Actual Startup Time": 0.011, "Actual Total Time": 8622.866, "Actual Rows": 6000003, "Actual Loops": 1, "Output": ["lineitem.l_orderkey", "lineitem.l_partkey", "lineitem.l_suppkey", "lineitem.l_linenumber", "lineitem.l_quantity", "lineitem.l_extendedprice", "lineitem.l_discount", "lineitem.l_tax", "lineitem.l_returnflag", "lineitem.l_linestatus", "lineitem.l_shipdate", "lineitem.l_commitdate", "lineitem.l_receiptdate", "lineitem.l_shipinstruct", "lineitem.l_shipmode", "lineitem.l_comment"]}, {"Node Type": "Hash", "Parent Relationship": "Inner", "Parallel Aware": false, "Startup Cost": 55016.66, "Total Cost": 55016.66, "Plan Rows": 1294, "Plan Width": 41, "Actual Startup Time": 5377.925, "Actual Total Time": 5377.997, "Actual Rows": 45150, "Actual Loops": 1, "Output": ["customer.c_nationkey", "orders.o_orderkey", "nation.n_name", "nation.n_nationkey"], "Hash Buckets": 65536, "Original Hash Buckets": 2048, "Hash Batches": 1, "Original Hash Batches": 1, "Peak Memory Usage": 2875, "Plans": [{"Node Type": "Hash Join", "Parent Relationship": "Outer", "Parallel Aware": false, "Join Type": "Inner", "Startup Cost": 5570.54, "Total Cost": 55016.66, "Plan Rows": 1294, "Plan Width": 41, "Actual Startup Time": 535.297, "Actual Total Time": 5100.858, "Actual Rows": 45150, "Actual Loops": 1, "Output": ["customer.c_nationkey", "orders.o_orderkey", "nation.n_name", "nation.n_nationkey"], "Inner Unique": false, "Hash Cond": "(orders.o_custkey = customer.c_custkey)", "Plans": [{"Node Type": "Seq Scan", "Parent Relationship": "Outer", "Parallel Aware": false, "Relation Name": "orders", "Schema": "public", "Alias": "orders", "Startup Cost": 0.0, "Total Cost": 48592.0, "Plan Rows": 224315, "Plan Width": 8, "Actual Startup Time": 0.016, "Actual Total Time": 3906.912, "Actual Rows": 227597, "Actual Loops": 1, "Output": ["orders.o_orderkey", "orders.o_custkey", "orders.o_orderstatus", "orders.o_totalprice", "orders.o_orderdate", "orders.o_orderpriority", "orders.o_clerk", "orders.o_shippriority", "orders.o_comment"], "Filter": "((orders.o_orderdate >= '1994-01-01'::date) AND (orders.o_orderdate < '1995-01-01 00:00:00'::timestamp without time zone))", "Rows Removed by Filter": 1272403}, {"Node Type": "Hash", "Parent Relationship": "Inner", "Parallel Aware": false, "Startup Cost": 5559.73, "Total Cost": 5559.73, "Plan Rows": 865, "Plan Width": 41, "Actual Startup Time": 535.172, "Actual Total Time": 535.235, "Actual Rows": 29904, "Actual Loops": 1, "Output": ["customer.c_custkey", "customer.c_nationkey", "nation.n_name", "nation.n_nationkey"], "Hash Buckets": 32768, "Original Hash Buckets": 1024, "Hash Batches": 1, "Original Hash Batches": 1, "Peak Memory Usage": 1821, "Plans": [{"Node Type": "Hash Join", "Parent Relationship": "Outer", "Parallel Aware": false, "Join Type": "Inner", "Startup Cost": 38.01, "Total Cost": 5559.73, "Plan Rows": 865, "Plan Width": 41, "Actual Startup Time": 0.116, "Actual Total Time": 466.714, "Actual Rows": 29904, "Actual Loops": 1, "Output": ["customer.c_custkey", "customer.c_nationkey", "nation.n_name", "nation.n_nationkey"], "Inner Unique": true, "Hash Cond": "(nation.n_regionkey = region.r_regionkey)", "Plans": [{"Node Type": "Hash Join", "Parent Relationship": "Outer", "Parallel Aware": false, "Join Type": "Inner", "Startup Cost": 21.48, "Total Cost": 5503.5, "Plan Rows": 15000, "Plan Width": 45, "Actual Startup Time": 0.053, "Actual Total Time": 384.031, "Actual Rows": 150000, "Actual Loops": 1, "Output": ["customer.c_custkey", "customer.c_nationkey", "nation.n_name", "nation.n_nationkey", "nation.n_regionkey"], "Inner Unique": true, "Hash Cond": "(customer.c_nationkey = nation.n_nationkey)", "Plans": [{"Node Type": "Seq Scan", "Parent Relationship": "Outer", "Parallel Aware": false, "Relation Name": "customer", "Schema": "public", "Alias": "customer", "Startup Cost": 0.0, "Total Cost": 5085.0, "Plan Rows": 150000, "Plan Width": 8, "Actual Startup Time": 0.007, "Actual Total Time": 32.825, "Actual Rows": 150000, "Actual Loops": 1, "Output": ["customer.c_custkey", "customer.c_name", "customer.c_address", "customer.c_nationkey", "customer.c_phone", "customer.c_acctbal", "customer.c_mktsegment", "customer.c_comment"]}, {"Node Type": "Hash", "Parent Relationship": "Inner", "Parallel Aware": false, "Startup Cost": 15.1, "Total Cost": 15.1, "Plan Rows": 510, "Plan Width": 37, "Actual Startup Time": 0.016, "Actual Total Time": 0.02, "Actual Rows": 25, "Actual Loops": 1, "Output": ["nation.n_name", "nation.n_nationkey", "nation.n_regionkey"], "Hash Buckets": 1024, "Original Hash Buckets": 1024, "Hash Batches": 1, "Original Hash Batches": 1, "Peak Memory Usage": 10, "Plans": [{"Node Type": "Seq Scan", "Parent Relationship": "Outer", "Parallel Aware": false, "Relation Name": "nation", "Schema": "public", "Alias": "nation", "Startup Cost": 0.0, "Total Cost": 15.1, "Plan Rows": 510, "Plan Width": 37, "Actual Startup Time": 0.002, "Actual Total Time": 0.006, "Actual Rows": 25, "Actual Loops": 1, "Output": ["nation.n_name", "nation.n_nationkey", "nation.n_regionkey"]}]}]}, {"Node Type": "Hash", "Parent Relationship": "Inner", "Parallel Aware": false, "Startup Cost": 16.5, "Total Cost": 16.5, "Plan Rows": 3, "Plan Width": 4, "Actual Startup Time": 0.034, "Actual Total Time": 0.043, "Actual Rows": 1, "Actual Loops": 1, "Output": ["region.r_regionkey"], "Hash Buckets": 1024, "Original Hash Buckets": 1024, "Hash Batches": 1, "Original Hash Batches": 1, "Peak Memory Usage": 9, "Plans": [{"Node Type": "Seq Scan", "Parent Relationship": "Outer", "Parallel Aware": false, "Relation Name": "region", "Schema": "public", "Alias": "region", "Startup Cost": 0.0, "Total Cost": 16.5, "Plan Rows": 3, "Plan Width": 4, "Actual Startup Time": 0.032, "Actual Total Time": 0.036, "Actual Rows": 1, "Actual Loops": 1, "Output": ["region.r_regionkey"], "Filter": "((region.r_name)::text = 'MIDDLE EAST'::text)", "Rows Removed by Filter": 4}]}]}]}]}]}]}, {"Node Type": "Hash", "Parent Relationship": "Inner", "Parallel Aware": false, "Startup Cost": 322.0, "Total Cost": 322.0, "Plan Rows": 10000, "Plan Width": 8, "Actual Startup Time": 23.835, "Actual Total Time": 23.835, "Actual Rows": 10000, "Actual Loops": 1, "Output": ["supplier.s_suppkey", "supplier.s_nationkey"], "Hash Buckets": 16384, "Original Hash Buckets": 16384, "Hash Batches": 1, "Original Hash Batches": 1, "Peak Memory Usage": 519, "Plans": [{"Node Type": "Seq Scan", "Parent Relationship": "Outer", "Parallel Aware": false, "Relation Name": "supplier", "Schema": "public", "Alias": "supplier", "Startup Cost": 0.0, "Total Cost": 322.0, "Plan Rows": 10000, "Plan Width": 8, "Actual Startup Time": 0.009, "Actual Total Time": 21.375, "Actual Rows": 10000, "Actual Loops": 1, "Output": ["supplier.s_suppkey", "supplier.s_nationkey"]}]}]}]}]}]}, "Planning Time": 15.732, "Triggers": [], "Execution Time": 17453.221}]
q17#####[{"Plan": {"Node Type": "Sort", "Parallel Aware": false, "Startup Cost": 250620.92, "Total Cost": 250621.42, "Plan Rows": 200, "Plan Width": 61, "Actual Startup Time": 11298.1, "Actual Total Time": 11298.186, "Actual Rows": 5, "Actual Loops": 1, "Output": ["nation.n_name", "(sum((lineitem.l_extendedprice * ('1'::numeric - lineitem.l_discount))))"], "Sort Key": ["(sum((lineitem.l_extendedprice * ('1'::numeric - lineitem.l_discount)))) DESC"], "Sort Method": "quicksort", "Sort Space Used": 25, "Sort Space Type": "Memory", "Plans": [{"Node Type": "Aggregate", "Strategy": "Sorted", "Partial Mode": "Simple", "Parent Relationship": "Outer", "Parallel Aware": false, "Startup Cost": 250608.13, "Total Cost": 250613.27, "Plan Rows": 200, "Plan Width": 61, "Actual Startup Time": 11296.56, "Actual Total Time": 11298.143, "Actual Rows": 5, "Actual Loops": 1, "Output": ["nation.n_name", "sum((lineitem.l_extendedprice * ('1'::numeric - lineitem.l_discount)))"], "Group Key": ["nation.n_name"], "Plans": [{"Node Type": "Sort", "Parent Relationship": "Outer", "Parallel Aware": false, "Startup Cost": 250608.13, "Total Cost": 250608.66, "Plan Rows": 211, "Plan Width": 41, "Actual Startup Time": 11296.199, "Actual Total Time": 11296.547, "Actual Rows": 7327, "Actual Loops": 1, "Output": ["nation.n_name", "lineitem.l_extendedprice", "lineitem.l_discount"], "Sort Key": ["nation.n_name"], "Sort Method": "quicksort", "Sort Space Used": 762, "Sort Space Type": "Memory", "Plans": [{"Node Type": "Hash Join", "Parent Relationship": "Outer", "Parallel Aware": false, "Join Type": "Inner", "Startup Cost": 55521.77, "Total Cost": 250599.99, "Plan Rows": 211, "Plan Width": 41, "Actual Startup Time": 1492.367, "Actual Total Time": 11242.423, "Actual Rows": 7327, "Actual Loops": 1, "Output": ["nation.n_name", "lineitem.l_extendedprice", "lineitem.l_discount"], "Inner Unique": false, "Hash Cond": "((lineitem.l_suppkey = supplier.s_suppkey) AND (customer.c_nationkey = supplier.s_nationkey))", "Plans": [{"Node Type": "Hash Join", "Parent Relationship": "Outer", "Parallel Aware": false, "Join Type": "Inner", "Startup Cost": 55049.77, "Total Cost": 250086.29, "Plan Rows": 5278, "Plan Width": 53, "Actual Startup Time": 1465.385, "Actual Total Time": 11061.809, "Actual Rows": 180519, "Actual Loops": 1, "Output": ["customer.c_nationkey", "lineitem.l_extendedprice", "lineitem.l_discount", "lineitem.l_suppkey", "nation.n_name", "nation.n_nationkey"], "Inner Unique": false, "Hash Cond": "(lineitem.l_orderkey = orders.o_orderkey)", "Plans": [{"Node Type": "Seq Scan", "Parent Relationship": "Outer", "Parallel Aware": false, "Relation Name": "lineitem", "Schema": "public", "Alias": "lineitem", "Startup Cost": 0.0, "Total Cost": 172481.09, "Plan Rows": 6000709, "Plan Width": 20, "Actual Startup Time": 0.016, "Actual Total Time": 6865.67, "Actual Rows": 6000003, "Actual Loops": 1, "Output": ["lineitem.l_orderkey", "lineitem.l_partkey", "lineitem.l_suppkey", "lineitem.l_linenumber", "lineitem.l_quantity", "lineitem.l_extendedprice", "lineitem.l_discount", "lineitem.l_tax", "lineitem.l_returnflag", "lineitem.l_linestatus", "lineitem.l_shipdate", "lineitem.l_commitdate", "lineitem.l_receiptdate", "lineitem.l_shipinstruct", "lineitem.l_shipmode", "lineitem.l_comment"]}, {"Node Type": "Hash", "Parent Relationship": "Inner", "Parallel Aware": false, "Startup Cost": 55033.29, "Total Cost": 55033.29, "Plan Rows": 1319, "Plan Width": 41, "Actual Startup Time": 1465.302, "Actual Total Time": 1465.368, "Actual Rows": 45430, "Actual Loops": 1, "Output": ["customer.c_nationkey", "orders.o_orderkey", "nation.n_name", "nation.n_nationkey"], "Hash Buckets": 65536, "Original Hash Buckets": 2048, "Hash Batches": 1, "Original Hash Batches": 1, "Peak Memory Usage": 2856, "Plans": [{"Node Type": "Hash Join", "Parent Relationship": "Outer", "Parallel Aware": false, "Join Type": "Inner", "Startup Cost": 5570.54, "Total Cost": 55033.29, "Plan Rows": 1319, "Plan Width": 41, "Actual Startup Time": 205.471, "Actual Total Time": 1406.952, "Actual Rows": 45430, "Actual Loops": 1, "Output": ["customer.c_nationkey", "orders.o_orderkey", "nation.n_name", "nation.n_nationkey"], "Inner Unique": false, "Hash Cond": "(orders.o_custkey = customer.c_custkey)", "Plans": [{"Node Type": "Seq Scan", "Parent Relationship": "Outer", "Parallel Aware": false, "Relation Name": "orders", "Schema": "public", "Alias": "orders", "Startup Cost": 0.0, "Total Cost": 48592.0, "Plan Rows": 228681, "Plan Width": 8, "Actual Startup Time": 0.034, "Actual Total Time": 1057.156, "Actual Rows": 227876, "Actual Loops": 1, "Output": ["orders.o_orderkey", "orders.o_custkey", "orders.o_orderstatus", "orders.o_totalprice", "orders.o_orderdate", "orders.o_orderpriority", "orders.o_clerk", "orders.o_shippriority", "orders.o_comment"], "Filter": "((orders.o_orderdate >= '1997-01-10'::date) AND (orders.o_orderdate < '1998-01-10 00:00:00'::timestamp without time zone))", "Rows Removed by Filter": 1272124}, {"Node Type": "Hash", "Parent Relationship": "Inner", "Parallel Aware": false, "Startup Cost": 5559.73, "Total Cost": 5559.73, "Plan Rows": 865, "Plan Width": 41, "Actual Startup Time": 205.416, "Actual Total Time": 205.47, "Actual Rows": 30183, "Actual Loops": 1, "Output": ["customer.c_custkey", "customer.c_nationkey", "nation.n_name", "nation.n_nationkey"], "Hash Buckets": 32768, "Original Hash Buckets": 1024, "Hash Batches": 1, "Original Hash Batches": 1, "Peak Memory Usage": 1813, "Plans": [{"Node Type": "Hash Join", "Parent Relationship": "Outer", "Parallel Aware": false, "Join Type": "Inner", "Startup Cost": 38.01, "Total Cost": 5559.73, "Plan Rows": 865, "Plan Width": 41, "Actual Startup Time": 0.066, "Actual Total Time": 181.588, "Actual Rows": 30183, "Actual Loops": 1, "Output": ["customer.c_custkey", "customer.c_nationkey", "nation.n_name", "nation.n_nationkey"], "Inner Unique": true, "Hash Cond": "(nation.n_regionkey = region.r_regionkey)", "Plans": [{"Node Type": "Hash Join", "Parent Relationship": "Outer", "Parallel Aware": false, "Join Type": "Inner", "Startup Cost": 21.48, "Total Cost": 5503.5, "Plan Rows": 15000, "Plan Width": 45, "Actual Startup Time": 0.034, "Actual Total Time": 160.935, "Actual Rows": 150000, "Actual Loops": 1, "Output": ["customer.c_custkey", "customer.c_nationkey", "nation.n_name", "nation.n_nationkey", "nation.n_regionkey"], "Inner Unique": true, "Hash Cond": "(customer.c_nationkey = nation.n_nationkey)", "Plans": [{"Node Type": "Seq Scan", "Parent Relationship": "Outer", "Parallel Aware": false, "Relation Name": "customer", "Schema": "public", "Alias": "customer", "Startup Cost": 0.0, "Total Cost": 5085.0, "Plan Rows": 150000, "Plan Width": 8, "Actual Startup Time": 0.006, "Actual Total Time": 21.023, "Actual Rows": 150000, "Actual Loops": 1, "Output": ["customer.c_custkey", "customer.c_name", "customer.c_address", "customer.c_nationkey", "customer.c_phone", "customer.c_acctbal", "customer.c_mktsegment", "customer.c_comment"]}, {"Node Type": "Hash", "Parent Relationship": "Inner", "Parallel Aware": false, "Startup Cost": 15.1, "Total Cost": 15.1, "Plan Rows": 510, "Plan Width": 37, "Actual Startup Time": 0.007, "Actual Total Time": 0.015, "Actual Rows": 25, "Actual Loops": 1, "Output": ["nation.n_name", "nation.n_nationkey", "nation.n_regionkey"], "Hash Buckets": 1024, "Original Hash Buckets": 1024, "Hash Batches": 1, "Original Hash Batches": 1, "Peak Memory Usage": 10, "Plans": [{"Node Type": "Seq Scan", "Parent Relationship": "Outer", "Parallel Aware": false, "Relation Name": "nation", "Schema": "public", "Alias": "nation", "Startup Cost": 0.0, "Total Cost": 15.1, "Plan Rows": 510, "Plan Width": 37, "Actual Startup Time": 0.002, "Actual Total Time": 0.004, "Actual Rows": 25, "Actual Loops": 1, "Output": ["nation.n_name", "nation.n_nationkey", "nation.n_regionkey"]}]}]}, {"Node Type": "Hash", "Parent Relationship": "Inner", "Parallel Aware": false, "Startup Cost": 16.5, "Total Cost": 16.5, "Plan Rows": 3, "Plan Width": 4, "Actual Startup Time": 0.017, "Actual Total Time": 0.018, "Actual Rows": 1, "Actual Loops": 1, "Output": ["region.r_regionkey"], "Hash Buckets": 1024, "Original Hash Buckets": 1024, "Hash Batches": 1, "Original Hash Batches": 1, "Peak Memory Usage": 9, "Plans": [{"Node Type": "Seq Scan", "Parent Relationship": "Outer", "Parallel Aware": false, "Relation Name": "region", "Schema": "public", "Alias": "region", "Startup Cost": 0.0, "Total Cost": 16.5, "Plan Rows": 3, "Plan Width": 4, "Actual Startup Time": 0.015, "Actual Total Time": 0.016, "Actual Rows": 1, "Actual Loops": 1, "Output": ["region.r_regionkey"], "Filter": "((region.r_name)::text = 'ASIA'::text)", "Rows Removed by Filter": 4}]}]}]}]}]}]}, {"Node Type": "Hash", "Parent Relationship": "Inner", "Parallel Aware": false, "Startup Cost": 322.0, "Total Cost": 322.0, "Plan Rows": 10000, "Plan Width": 8, "Actual Startup Time": 8.047, "Actual Total Time": 8.048, "Actual Rows": 10000, "Actual Loops": 1, "Output": ["supplier.s_suppkey", "supplier.s_nationkey"], "Hash Buckets": 16384, "Original Hash Buckets": 16384, "Hash Batches": 1, "Original Hash Batches": 1, "Peak Memory Usage": 519, "Plans": [{"Node Type": "Seq Scan", "Parent Relationship": "Outer", "Parallel Aware": false, "Relation Name": "supplier", "Schema": "public", "Alias": "supplier", "Startup Cost": 0.0, "Total Cost": 322.0, "Plan Rows": 10000, "Plan Width": 8, "Actual Startup Time": 0.016, "Actual Total Time": 6.013, "Actual Rows": 10000, "Actual Loops": 1, "Output": ["supplier.s_suppkey", "supplier.s_nationkey"]}]}]}]}]}]}, "Planning Time": 10.458, "Triggers": [], "Execution Time": 11299.775}]
q18#####[{"Plan": {"Node Type": "Sort", "Parallel Aware": false, "Startup Cost": 250606.44, "Total Cost": 250606.94, "Plan Rows": 200, "Plan Width": 61, "Actual Startup Time": 11490.695, "Actual Total Time": 11490.77, "Actual Rows": 5, "Actual Loops": 1, "Output": ["nation.n_name", "(sum((lineitem.l_extendedprice * ('1'::numeric - lineitem.l_discount))))"], "Sort Key": ["(sum((lineitem.l_extendedprice * ('1'::numeric - lineitem.l_discount)))) DESC"], "Sort Method": "quicksort", "Sort Space Used": 25, "Sort Space Type": "Memory", "Plans": [{"Node Type": "Aggregate", "Strategy": "Sorted", "Partial Mode": "Simple", "Parent Relationship": "Outer", "Parallel Aware": false, "Startup Cost": 250593.7, "Total Cost": 250598.8, "Plan Rows": 200, "Plan Width": 61, "Actual Startup Time": 11484.791, "Actual Total Time": 11490.715, "Actual Rows": 5, "Actual Loops": 1, "Output": ["nation.n_name", "sum((lineitem.l_extendedprice * ('1'::numeric - lineitem.l_discount)))"], "Group Key": ["nation.n_name"], "Plans": [{"Node Type": "Sort", "Parent Relationship": "Outer", "Parallel Aware": false, "Startup Cost": 250593.7, "Total Cost": 250594.22, "Plan Rows": 208, "Plan Width": 41, "Actual Startup Time": 11484.364, "Actual Total Time": 11484.83, "Actual Rows": 7530, "Actual Loops": 1, "Output": ["nation.n_name", "lineitem.l_extendedprice", "lineitem.l_discount"], "Sort Key": ["nation.n_name"], "Sort Method": "quicksort", "Sort Space Used": 778, "Sort Space Type": "Memory", "Plans": [{"Node Type": "Hash Join", "Parent Relationship": "Outer", "Parallel Aware": false, "Join Type": "Inner", "Startup Cost": 55508.84, "Total Cost": 250585.69, "Plan Rows": 208, "Plan Width": 41, "Actual Startup Time": 3332.716, "Actual Total Time": 11445.811, "Actual Rows": 7530, "Actual Loops": 1, "Output": ["nation.n_name", "lineitem.l_extendedprice", "lineitem.l_discount"], "Inner Unique": false, "Hash Cond": "((lineitem.l_suppkey = supplier.s_suppkey) AND (customer.c_nationkey = supplier.s_nationkey))", "Plans": [{"Node Type": "Hash Join", "Parent Relationship": "Outer", "Parallel Aware": false, "Join Type": "Inner", "Startup Cost": 55036.84, "Total Cost": 250072.6, "Plan Rows": 5201, "Plan Width": 53, "Actual Startup Time": 3324.397, "Actual Total Time": 11256.022, "Actual Rows": 182356, "Actual Loops": 1, "Output": ["customer.c_nationkey", "lineitem.l_extendedprice", "lineitem.l_discount", "lineitem.l_suppkey", "nation.n_name", "nation.n_nationkey"], "Inner Unique": false, "Hash Cond": "(lineitem.l_orderkey = orders.o_orderkey)", "Plans": [{"Node Type": "Seq Scan", "Parent Relationship": "Outer", "Parallel Aware": false, "Relation Name": "lineitem", "Schema": "public", "Alias": "lineitem", "Startup Cost": 0.0, "Total Cost": 172481.09, "Plan Rows": 6000709, "Plan Width": 20, "Actual Startup Time": 0.019, "Actual Total Time": 5347.434, "Actual Rows": 6000003, "Actual Loops": 1, "Output": ["lineitem.l_orderkey", "lineitem.l_partkey", "lineitem.l_suppkey", "lineitem.l_linenumber", "lineitem.l_quantity", "lineitem.l_extendedprice", "lineitem.l_discount", "lineitem.l_tax", "lineitem.l_returnflag", "lineitem.l_linestatus", "lineitem.l_shipdate", "lineitem.l_commitdate", "lineitem.l_receiptdate", "lineitem.l_shipinstruct", "lineitem.l_shipmode", "lineitem.l_comment"]}, {"Node Type": "Hash", "Parent Relationship": "Inner", "Parallel Aware": false, "Startup Cost": 55020.59, "Total Cost": 55020.59, "Plan Rows": 1300, "Plan Width": 41, "Actual Startup Time": 3324.17, "Actual Total Time": 3324.231, "Actual Rows": 45493, "Actual Loops": 1, "Output": ["customer.c_nationkey", "orders.o_orderkey", "nation.n_name", "nation.n_nationkey"], "Hash Buckets": 65536, "Original Hash Buckets": 2048, "Hash Batches": 1, "Original Hash Batches": 1, "Peak Memory Usage": 2892, "Plans": [{"Node Type": "Hash Join", "Parent Relationship": "Outer", "Parallel Aware": false, "Join Type": "Inner", "Startup Cost": 5570.54, "Total Cost": 55020.59, "Plan Rows": 1300, "Plan Width": 41, "Actual Startup Time": 400.248, "Actual Total Time": 3228.755, "Actual Rows": 45493, "Actual Loops": 1, "Output": ["customer.c_nationkey", "orders.o_orderkey", "nation.n_name", "nation.n_nationkey"], "Inner Unique": false, "Hash Cond": "(orders.o_custkey = customer.c_custkey)", "Plans": [{"Node Type": "Seq Scan", "Parent Relationship": "Outer", "Parallel Aware": false, "Relation Name": "orders", "Schema": "public", "Alias": "orders", "Startup Cost": 0.0, "Total Cost": 48592.0, "Plan Rows": 225347, "Plan Width": 8, "Actual Startup Time": 0.041, "Actual Total Time": 2356.105, "Actual Rows": 228626, "Actual Loops": 1, "Output": ["orders.o_orderkey", "orders.o_custkey", "orders.o_orderstatus", "orders.o_totalprice", "orders.o_orderdate", "orders.o_orderpriority", "orders.o_clerk", "orders.o_shippriority", "orders.o_comment"], "Filter": "((orders.o_orderdate >= '1996-01-01'::date) AND (orders.o_orderdate < '1997-01-01 00:00:00'::timestamp without time zone))", "Rows Removed by Filter": 1271374}, {"Node Type": "Hash", "Parent Relationship": "Inner", "Parallel Aware": false, "Startup Cost": 5559.73, "Total Cost": 5559.73, "Plan Rows": 865, "Plan Width": 41, "Actual Startup Time": 400.154, "Actual Total Time": 400.198, "Actual Rows": 29904, "Actual Loops": 1, "Output": ["customer.c_custkey", "customer.c_nationkey", "nation.n_name", "nation.n_nationkey"], "Hash Buckets": 32768, "Original Hash Buckets": 1024, "Hash Batches": 1, "Original Hash Batches": 1, "Peak Memory Usage": 1821, "Plans": [{"Node Type": "Hash Join", "Parent Relationship": "Outer", "Parallel Aware": false, "Join Type": "Inner", "Startup Cost": 38.01, "Total Cost": 5559.73, "Plan Rows": 865, "Plan Width": 41, "Actual Startup Time": 0.119, "Actual Total Time": 331.714, "Actual Rows": 29904, "Actual Loops": 1, "Output": ["customer.c_custkey", "customer.c_nationkey", "nation.n_name", "nation.n_nationkey"], "Inner Unique": true, "Hash Cond": "(nation.n_regionkey = region.r_regionkey)", "Plans": [{"Node Type": "Hash Join", "Parent Relationship": "Outer", "Parallel Aware": false, "Join Type": "Inner", "Startup Cost": 21.48, "Total Cost": 5503.5, "Plan Rows": 15000, "Plan Width": 45, "Actual Startup Time": 0.058, "Actual Total Time": 283.868, "Actual Rows": 150000, "Actual Loops": 1, "Output": ["customer.c_custkey", "customer.c_nationkey", "nation.n_name", "nation.n_nationkey", "nation.n_regionkey"], "Inner Unique": true, "Hash Cond": "(customer.c_nationkey = nation.n_nationkey)", "Plans": [{"Node Type": "Seq Scan", "Parent Relationship": "Outer", "Parallel Aware": false, "Relation Name": "customer", "Schema": "public", "Alias": "customer", "Startup Cost": 0.0, "Total Cost": 5085.0, "Plan Rows": 150000, "Plan Width": 8, "Actual Startup Time": 0.009, "Actual Total Time": 39.286, "Actual Rows": 150000, "Actual Loops": 1, "Output": ["customer.c_custkey", "customer.c_name", "customer.c_address", "customer.c_nationkey", "customer.c_phone", "customer.c_acctbal", "customer.c_mktsegment", "customer.c_comment"]}, {"Node Type": "Hash", "Parent Relationship": "Inner", "Parallel Aware": false, "Startup Cost": 15.1, "Total Cost": 15.1, "Plan Rows": 510, "Plan Width": 37, "Actual Startup Time": 0.02, "Actual Total Time": 0.025, "Actual Rows": 25, "Actual Loops": 1, "Output": ["nation.n_name", "nation.n_nationkey", "nation.n_regionkey"], "Hash Buckets": 1024, "Original Hash Buckets": 1024, "Hash Batches": 1, "Original Hash Batches": 1, "Peak Memory Usage": 10, "Plans": [{"Node Type": "Seq Scan", "Parent Relationship": "Outer", "Parallel Aware": false, "Relation Name": "nation", "Schema": "public", "Alias": "nation", "Startup Cost": 0.0, "Total Cost": 15.1, "Plan Rows": 510, "Plan Width": 37, "Actual Startup Time": 0.004, "Actual Total Time": 0.006, "Actual Rows": 25, "Actual Loops": 1, "Output": ["nation.n_name", "nation.n_nationkey", "nation.n_regionkey"]}]}]}, {"Node Type": "Hash", "Parent Relationship": "Inner", "Parallel Aware": false, "Startup Cost": 16.5, "Total Cost": 16.5, "Plan Rows": 3, "Plan Width": 4, "Actual Startup Time": 0.037, "Actual Total Time": 0.038, "Actual Rows": 1, "Actual Loops": 1, "Output": ["region.r_regionkey"], "Hash Buckets": 1024, "Original Hash Buckets": 1024, "Hash Batches": 1, "Original Hash Batches": 1, "Peak Memory Usage": 9, "Plans": [{"Node Type": "Seq Scan", "Parent Relationship": "Outer", "Parallel Aware": false, "Relation Name": "region", "Schema": "public", "Alias": "region", "Startup Cost": 0.0, "Total Cost": 16.5, "Plan Rows": 3, "Plan Width": 4, "Actual Startup Time": 0.03, "Actual Total Time": 0.03, "Actual Rows": 1, "Actual Loops": 1, "Output": ["region.r_regionkey"], "Filter": "((region.r_name)::text = 'MIDDLE EAST'::text)", "Rows Removed by Filter": 4}]}]}]}]}]}]}, {"Node Type": "Hash", "Parent Relationship": "Inner", "Parallel Aware": false, "Startup Cost": 322.0, "Total Cost": 322.0, "Plan Rows": 10000, "Plan Width": 8, "Actual Startup Time": 8.018, "Actual Total Time": 8.019, "Actual Rows": 10000, "Actual Loops": 1, "Output": ["supplier.s_suppkey", "supplier.s_nationkey"], "Hash Buckets": 16384, "Original Hash Buckets": 16384, "Hash Batches": 1, "Original Hash Batches": 1, "Peak Memory Usage": 519, "Plans": [{"Node Type": "Seq Scan", "Parent Relationship": "Outer", "Parallel Aware": false, "Relation Name": "supplier", "Schema": "public", "Alias": "supplier", "Startup Cost": 0.0, "Total Cost": 322.0, "Plan Rows": 10000, "Plan Width": 8, "Actual Startup Time": 0.016, "Actual Total Time": 2.194, "Actual Rows": 10000, "Actual Loops": 1, "Output": ["supplier.s_suppkey", "supplier.s_nationkey"]}]}]}]}]}]}, "Planning Time": 21.903, "Triggers": [], "Execution Time": 11496.491}]
q19#####[{"Plan": {"Node Type": "Aggregate", "Strategy": "Sorted", "Partial Mode": "Simple", "Parallel Aware": false, "Startup Cost": 262523.6, "Total Cost": 262526.71, "Plan Rows": 89, "Plan Width": 98, "Actual Startup Time": 15128.333, "Actual Total Time": 15138.301, "Actual Rows": 4, "Actual Loops": 1, "Output": ["n1.n_name", "n2.n_name", "(date_part('year'::text, (lineitem.l_shipdate)::timestamp without time zone))", "sum((lineitem.l_extendedprice * ('1'::numeric - lineitem.l_discount)))"], "Group Key": ["n1.n_name", "n2.n_name", "(date_part('year'::text, (lineitem.l_shipdate)::timestamp without time zone))"], "Plans": [{"Node Type": "Sort", "Parent Relationship": "Outer", "Parallel Aware": false, "Startup Cost": 262523.6, "Total Cost": 262523.82, "Plan Rows": 89, "Plan Width": 78, "Actual Startup Time": 15127.705, "Actual Total Time": 15128.182, "Actual Rows": 5995, "Actual Loops": 1, "Output": ["n1.n_name", "n2.n_name", "(date_part('year'::text, (lineitem.l_shipdate)::timestamp without time zone))", "lineitem.l_extendedprice", "lineitem.l_discount"], "Sort Key": ["n1.n_name", "n2.n_name", "(date_part('year'::text, (lineitem.l_shipdate)::timestamp without time zone))"], "Sort Method": "quicksort", "Sort Space Used": 661, "Sort Space Type": "Memory", "Plans": [{"Node Type": "Hash Join", "Parent Relationship": "Outer", "Parallel Aware": false, "Join Type": "Inner", "Startup Cost": 52933.46, "Total Cost": 262520.71, "Plan Rows": 89, "Plan Width": 78, "Actual Startup Time": 2308.048, "Actual Total Time": 15081.161, "Actual Rows": 5995, "Actual Loops": 1, "Output": ["n1.n_name", "n2.n_name", "date_part('year'::text, (lineitem.l_shipdate)::timestamp without time zone)", "lineitem.l_extendedprice", "lineitem.l_discount"], "Inner Unique": false, "Hash Cond": "(lineitem.l_suppkey = supplier.s_suppkey)", "Join Filter": "((((n1.n_name)::text = 'IRAN'::text) AND ((n2.n_name)::text = 'IRAQ'::text)) OR (((n1.n_name)::text = 'IRAQ'::text) AND ((n2.n_name)::text = 'IRAN'::text)))", "Rows Removed by Join Filter": 6121, "Plans": [{"Node Type": "Hash Join", "Parent Relationship": "Outer", "Parallel Aware": false, "Join Type": "Inner", "Startup Cost": 52566.05, "Total Cost": 262145.72, "Plan Rows": 1807, "Plan Width": 49, "Actual Startup Time": 2299.308, "Actual Total Time": 14914.066, "Actual Rows": 144819, "Actual Loops": 1, "Output": ["lineitem.l_shipdate", "lineitem.l_extendedprice", "lineitem.l_discount", "lineitem.l_suppkey", "n2.n_name"], "Inner Unique": false, "Hash Cond": "(lineitem.l_orderkey = orders.o_orderkey)", "Plans": [{"Node Type": "Seq Scan", "Parent Relationship": "Outer", "Parallel Aware": false, "Relation Name": "lineitem", "Schema": "public", "Alias": "lineitem", "Startup Cost": 0.0, "Total Cost": 202484.64, "Plan Rows": 1843806, "Plan Width": 24, "Actual Startup Time": 0.011, "Actual Total Time": 7123.04, "Actual Rows": 1825348, "Actual Loops": 1, "Output": ["lineitem.l_orderkey", "lineitem.l_partkey", "lineitem.l_suppkey", "lineitem.l_linenumber", "lineitem.l_quantity", "lineitem.l_extendedprice", "lineitem.l_discount", "lineitem.l_tax", "lineitem.l_returnflag", "lineitem.l_linestatus", "lineitem.l_shipdate", "lineitem.l_commitdate", "lineitem.l_receiptdate", "lineitem.l_shipinstruct", "lineitem.l_shipmode", "lineitem.l_comment"], "Filter": "((lineitem.l_shipdate >= '1995-01-02'::date) AND (lineitem.l_shipdate <= '1996-12-31'::date))", "Rows Removed by Filter": 4174655}, {"Node Type": "Hash", "Parent Relationship": "Inner", "Parallel Aware": false, "Startup Cost": 52382.22, "Total Cost": 52382.22, "Plan Rows": 14706, "Plan Width": 33, "Actual Startup Time": 2295.835, "Actual Total Time": 2295.902, "Actual Rows": 118733, "Actual Loops": 1, "Output": ["orders.o_orderkey", "n2.n_name"], "Hash Buckets": 131072, "Original Hash Buckets": 16384, "Hash Batches": 2, "Original Hash Batches": 1, "Peak Memory Usage": 3389, "Plans": [{"Node Type": "Hash Join", "Parent Relationship": "Outer", "Parallel Aware": false, "Join Type": "Inner", "Startup Cost": 5518.12, "Total Cost": 52382.22, "Plan Rows": 14706, "Plan Width": 33, "Actual Startup Time": 211.249, "Actual Total Time": 2137.24, "Actual Rows": 118733, "Actual Loops": 1, "Output": ["orders.o_orderkey", "n2.n_name"], "Inner Unique": false, "Hash Cond": "(orders.o_custkey = customer.c_custkey)", "Plans": [{"Node Type": "Seq Scan", "Parent Relationship": "Outer", "Parallel Aware": false, "Relation Name": "orders", "Schema": "public", "Alias": "orders", "Startup Cost": 0.0, "Total Cost": 41092.0, "Plan Rows": 1500000, "Plan Width": 8, "Actual Startup Time": 0.021, "Actual Total Time": 1155.989, "Actual Rows": 1500000, "Actual Loops": 1, "Output": ["orders.o_orderkey", "orders.o_custkey", "orders.o_orderstatus", "orders.o_totalprice", "orders.o_orderdate", "orders.o_orderpriority", "orders.o_clerk", "orders.o_shippriority", "orders.o_comment"]}, {"Node Type": "Hash", "Parent Relationship": "Inner", "Parallel Aware": false, "Startup Cost": 5499.73, "Total Cost": 5499.73, "Plan Rows": 1471, "Plan Width": 33, "Actual Startup Time": 211.195, "Actual Total Time": 211.242, "Actual Rows": 11972, "Actual Loops": 1, "Output": ["customer.c_custkey", "n2.n_name"], "Hash Buckets": 16384, "Original Hash Buckets": 2048, "Hash Batches": 1, "Original Hash Batches": 1, "Peak Memory Usage": 608, "Plans": [{"Node Type": "Hash Join", "Parent Relationship": "Outer", "Parallel Aware": false, "Join Type": "Inner", "Startup Cost": 17.71, "Total Cost": 5499.73, "Plan Rows": 1471, "Plan Width": 33, "Actual Startup Time": 0.141, "Actual Total Time": 202.557, "Actual Rows": 11972, "Actual Loops": 1, "Output": ["customer.c_custkey", "n2.n_name"], "Inner Unique": true, "Hash Cond": "(customer.c_nationkey = n2.n_nationkey)", "Plans": [{"Node Type": "Seq Scan", "Parent Relationship": "Outer", "Parallel Aware": false, "Relation Name": "customer", "Schema": "public", "Alias": "customer", "Startup Cost": 0.0, "Total Cost": 5085.0, "Plan Rows": 150000, "Plan Width": 8, "Actual Startup Time": 0.008, "Actual Total Time": 71.734, "Actual Rows": 150000, "Actual Loops": 1, "Output": ["customer.c_custkey", "customer.c_name", "customer.c_address", "customer.c_nationkey", "customer.c_phone", "customer.c_acctbal", "customer.c_mktsegment", "customer.c_comment"]}, {"Node Type": "Hash", "Parent Relationship": "Inner", "Parallel Aware": false, "Startup Cost": 17.65, "Total Cost": 17.65, "Plan Rows": 5, "Plan Width": 33, "Actual Startup Time": 0.012, "Actual Total Time": 0.021, "Actual Rows": 2, "Actual Loops": 1, "Output": ["n2.n_name", "n2.n_nationkey"], "Hash Buckets": 1024, "Original Hash Buckets": 1024, "Hash Batches": 1, "Original Hash Batches": 1, "Peak Memory Usage": 9, "Plans": [{"Node Type": "Seq Scan", "Parent Relationship": "Outer", "Parallel Aware": false, "Relation Name": "nation", "Schema": "public", "Alias": "n2", "Startup Cost": 0.0, "Total Cost": 17.65, "Plan Rows": 5, "Plan Width": 33, "Actual Startup Time": 0.005, "Actual Total Time": 0.006, "Actual Rows": 2, "Actual Loops": 1, "Output": ["n2.n_name", "n2.n_nationkey"], "Filter": "(((n2.n_name)::text = 'IRAQ'::text) OR ((n2.n_name)::text = 'IRAN'::text))", "Rows Removed by Filter": 23}]}]}]}]}]}]}, {"Node Type": "Hash", "Parent Relationship": "Inner", "Parallel Aware": false, "Startup Cost": 366.18, "Total Cost": 366.18, "Plan Rows": 98, "Plan Width": 33, "Actual Startup Time": 6.458, "Actual Total Time": 6.481, "Actual Rows": 831, "Actual Loops": 1, "Output": ["supplier.s_suppkey", "n1.n_name"], "Hash Buckets": 1024, "Original Hash Buckets": 1024, "Hash Batches": 1, "Original Hash Batches": 1, "Peak Memory Usage": 42, "Plans": [{"Node Type": "Hash Join", "Parent Relationship": "Outer", "Parallel Aware": false, "Join Type": "Inner", "Startup Cost": 17.71, "Total Cost": 366.18, "Plan Rows": 98, "Plan Width": 33, "Actual Startup Time": 0.052, "Actual Total Time": 6.186, "Actual Rows": 831, "Actual Loops": 1, "Output": ["supplier.s_suppkey", "n1.n_name"], "Inner Unique": true, "Hash Cond": "(supplier.s_nationkey = n1.n_nationkey)", "Plans": [{"Node Type": "Seq Scan", "Parent Relationship": "Outer", "Parallel Aware": false, "Relation Name": "supplier", "Schema": "public", "Alias": "supplier", "Startup Cost": 0.0, "Total Cost": 322.0, "Plan Rows": 10000, "Plan Width": 8, "Actual Startup Time": 0.005, "Actual Total Time": 0.532, "Actual Rows": 10000, "Actual Loops": 1, "Output": ["supplier.s_suppkey", "supplier.s_name", "supplier.s_address", "supplier.s_nationkey", "supplier.s_phone", "supplier.s_acctbal", "supplier.s_comment"]}, {"Node Type": "Hash", "Parent Relationship": "Inner", "Parallel Aware": false, "Startup Cost": 17.65, "Total Cost": 17.65, "Plan Rows": 5, "Plan Width": 33, "Actual Startup Time": 0.02, "Actual Total Time": 0.031, "Actual Rows": 2, "Actual Loops": 1, "Output": ["n1.n_name", "n1.n_nationkey"], "Hash Buckets": 1024, "Original Hash Buckets": 1024, "Hash Batches": 1, "Original Hash Batches": 1, "Peak Memory Usage": 9, "Plans": [{"Node Type": "Seq Scan", "Parent Relationship": "Outer", "Parallel Aware": false, "Relation Name": "nation", "Schema": "public", "Alias": "n1", "Startup Cost": 0.0, "Total Cost": 17.65, "Plan Rows": 5, "Plan Width": 33, "Actual Startup Time": 0.012, "Actual Total Time": 0.017, "Actual Rows": 2, "Actual Loops": 1, "Output": ["n1.n_name", "n1.n_nationkey"], "Filter": "(((n1.n_name)::text = 'IRAN'::text) OR ((n1.n_name)::text = 'IRAQ'::text))", "Rows Removed by Filter": 23}]}]}]}]}]}]}, "Planning Time": 10.587, "Triggers": [], "Execution Time": 15140.019}]
q20#####[{"Plan": {"Node Type": "Aggregate", "Strategy": "Sorted", "Partial Mode": "Simple", "Parallel Aware": false, "Startup Cost": 258652.05, "Total Cost": 258655.2, "Plan Rows": 70, "Plan Width": 40, "Actual Startup Time": 26500.117, "Actual Total Time": 26518.565, "Actual Rows": 2, "Actual Loops": 1, "Output": ["(date_part('year'::text, (orders.o_orderdate)::timestamp without time zone))", "(sum(CASE WHEN ((n2.n_name)::text = 'GERMANY'::text) THEN (lineitem.l_extendedprice * ('1'::numeric - lineitem.l_discount)) ELSE '0'::numeric END) / sum((lineitem.l_extendedprice * ('1'::numeric - lineitem.l_discount))))"], "Group Key": ["(date_part('year'::text, (orders.o_orderdate)::timestamp without time zone))"], "Plans": [{"Node Type": "Sort", "Parent Relationship": "Outer", "Parallel Aware": false, "Startup Cost": 258652.05, "Total Cost": 258652.22, "Plan Rows": 70, "Plan Width": 49, "Actual Startup Time": 26499.615, "Actual Total Time": 26517.783, "Actual Rows": 2462, "Actual Loops": 1, "Output": ["(date_part('year'::text, (orders.o_orderdate)::timestamp without time zone))", "n2.n_name", "lineitem.l_extendedprice", "lineitem.l_discount"], "Sort Key": ["(date_part('year'::text, (orders.o_orderdate)::timestamp without time zone))"], "Sort Method": "quicksort", "Sort Space Used": 289, "Sort Space Type": "Memory", "Plans": [{"Node Type": "Nested Loop", "Parent Relationship": "Outer", "Parallel Aware": false, "Join Type": "Inner", "Startup Cost": 63105.36, "Total Cost": 258649.9, "Plan Rows": 70, "Plan Width": 49, "Actual Startup Time": 2423.684, "Actual Total Time": 26505.092, "Actual Rows": 2462, "Actual Loops": 1, "Output": ["date_part('year'::text, (orders.o_orderdate)::timestamp without time zone)", "n2.n_name", "lineitem.l_extendedprice", "lineitem.l_discount"], "Inner Unique": true, "Plans": [{"Node Type": "Hash Join", "Parent Relationship": "Outer", "Parallel Aware": false, "Join Type": "Inner", "Startup Cost": 63105.21, "Total Cost": 258637.67, "Plan Rows": 70, "Plan Width": 20, "Actual Startup Time": 2423.564, "Actual Total Time": 26429.388, "Actual Rows": 2462, "Actual Loops": 1, "Output": ["lineitem.l_extendedprice", "lineitem.l_discount", "supplier.s_nationkey", "orders.o_orderdate"], "Inner Unique": false, "Hash Cond": "(lineitem.l_suppkey = supplier.s_suppkey)", "Plans": [{"Node Type": "Hash Join", "Parent Relationship": "Outer", "Parallel Aware": false, "Join Type": "Inner", "Startup Cost": 62658.21, "Total Cost": 258189.7, "Plan Rows": 70, "Plan Width": 20, "Actual Startup Time": 2413.446, "Actual Total Time": 26344.099, "Actual Rows": 2462, "Actual Loops": 1, "Output": ["lineitem.l_extendedprice", "lineitem.l_discount", "lineitem.l_suppkey", "orders.o_orderdate"], "Inner Unique": false, "Hash Cond": "(lineitem.l_orderkey = orders.o_orderkey)", "Plans": [{"Node Type": "Hash Join", "Parent Relationship": "Outer", "Parallel Aware": false, "Join Type": "Inner", "Startup Cost": 6597.57, "Total Cost": 201979.17, "Plan Rows": 39785, "Plan Width": 20, "Actual Startup Time": 507.134, "Actual Total Time": 24065.474, "Actual Rows": 39398, "Actual Loops": 1, "Output": ["lineitem.l_extendedprice", "lineitem.l_discount", "lineitem.l_suppkey", "lineitem.l_orderkey"], "Inner Unique": false, "Hash Cond": "(lineitem.l_partkey = part.p_partkey)", "Plans": [{"Node Type": "Seq Scan", "Parent Relationship": "Outer", "Parallel Aware": false, "Relation Name": "lineitem", "Schema": "public", "Alias": "lineitem", "Startup Cost": 0.0, "Total Cost": 172481.09, "Plan Rows": 6000709, "Plan Width": 24, "Actual Startup Time": 0.026, "Actual Total Time": 21024.651, "Actual Rows": 6000003, "Actual Loops": 1, "Output": ["lineitem.l_orderkey", "lineitem.l_partkey", "lineitem.l_suppkey", "lineitem.l_linenumber", "lineitem.l_quantity", "lineitem.l_extendedprice", "lineitem.l_discount", "lineitem.l_tax", "lineitem.l_returnflag", "lineitem.l_linestatus", "lineitem.l_shipdate", "lineitem.l_commitdate", "lineitem.l_receiptdate", "lineitem.l_shipinstruct", "lineitem.l_shipmode", "lineitem.l_comment"]}, {"Node Type": "Hash", "Parent Relationship": "Inner", "Parallel Aware": false, "Startup Cost": 6581.0, "Total Cost": 6581.0, "Plan Rows": 1326, "Plan Width": 4, "Actual Startup Time": 507.07, "Actual Total Time": 507.071, "Actual Rows": 1308, "Actual Loops": 1, "Output": ["part.p_partkey"], "Hash Buckets": 2048, "Original Hash Buckets": 2048, "Hash Batches": 1, "Original Hash Batches": 1, "Peak Memory Usage": 62, "Plans": [{"Node Type": "Seq Scan", "Parent Relationship": "Outer", "Parallel Aware": false, "Relation Name": "part", "Schema": "public", "Alias": "part", "Startup Cost": 0.0, "Total Cost": 6581.0, "Plan Rows": 1326, "Plan Width": 4, "Actual Startup Time": 0.257, "Actual Total Time": 506.46, "Actual Rows": 1308, "Actual Loops": 1, "Output": ["part.p_partkey"], "Filter": "((part.p_type)::text = 'MEDIUM PLATED COPPER'::text)", "Rows Removed by Filter": 198692}]}]}, {"Node Type": "Hash", "Parent Relationship": "Inner", "Parallel Aware": false, "Startup Cost": 56027.76, "Total Cost": 56027.76, "Plan Rows": 2630, "Plan Width": 8, "Actual Startup Time": 1905.974, "Actual Total Time": 1906.052, "Actual Rows": 92551, "Actual Loops": 1, "Output": ["orders.o_orderdate", "orders.o_orderkey"], "Hash Buckets": 131072, "Original Hash Buckets": 4096, "Hash Batches": 2, "Original Hash Batches": 1, "Peak Memory Usage": 3073, "Plans": [{"Node Type": "Hash Join", "Parent Relationship": "Outer", "Parallel Aware": false, "Join Type": "Inner", "Startup Cost": 5700.16, "Total Cost": 56027.76, "Plan Rows": 2630, "Plan Width": 8, "Actual Startup Time": 128.351, "Actual Total Time": 1754.054, "Actual Rows": 92551, "Actual Loops": 1, "Output": ["orders.o_orderdate", "orders.o_orderkey"], "Inner Unique": false, "Hash Cond": "(orders.o_custkey = customer.c_custkey)", "Plans": [{"Node Type": "Seq Scan", "Parent Relationship": "Outer", "Parallel Aware": false, "Relation Name": "orders", "Schema": "public", "Alias": "orders", "Startup Cost": 0.0, "Total Cost": 48592.0, "Plan Rows": 455817, "Plan Width": 12, "Actual Startup Time": 0.018, "Actual Total Time": 1230.103, "Actual Rows": 457263, "Actual Loops": 1, "Output": ["orders.o_orderkey", "orders.o_custkey", "orders.o_orderstatus", "orders.o_totalprice", "orders.o_orderdate", "orders.o_orderpriority", "orders.o_clerk", "orders.o_shippriority", "orders.o_comment"], "Filter": "((orders.o_orderdate >= '1995-01-01'::date) AND (orders.o_orderdate <= '1996-12-31'::date))", "Rows Removed by Filter": 1042737}, {"Node Type": "Hash", "Parent Relationship": "Inner", "Parallel Aware": false, "Startup Cost": 5689.34, "Total Cost": 5689.34, "Plan Rows": 865, "Plan Width": 4, "Actual Startup Time": 128.307, "Actual Total Time": 128.351, "Actual Rows": 30197, "Actual Loops": 1, "Output": ["customer.c_custkey"], "Hash Buckets": 32768, "Original Hash Buckets": 1024, "Hash Batches": 1, "Original Hash Batches": 1, "Peak Memory Usage": 1318, "Plans": [{"Node Type": "Hash Join", "Parent Relationship": "Outer", "Parallel Aware": false, "Join Type": "Inner", "Startup Cost": 33.02, "Total Cost": 5689.34, "Plan Rows": 865, "Plan Width": 4, "Actual Startup Time": 0.098, "Actual Total Time": 123.657, "Actual Rows": 30197, "Actual Loops": 1, "Output": ["customer.c_custkey"], "Inner Unique": false, "Hash Cond": "(customer.c_nationkey = n1.n_nationkey)", "Plans": [{"Node Type": "Seq Scan", "Parent Relationship": "Outer", "Parallel Aware": false, "Relation Name": "customer", "Schema": "public", "Alias": "customer", "Startup Cost": 0.0, "Total Cost": 5085.0, "Plan Rows": 150000, "Plan Width": 8, "Actual Startup Time": 0.005, "Actual Total Time": 40.232, "Actual Rows": 150000, "Actual Loops": 1, "Output": ["customer.c_custkey", "customer.c_name", "customer.c_address", "customer.c_nationkey", "customer.c_phone", "customer.c_acctbal", "customer.c_mktsegment", "customer.c_comment"]}, {"Node Type": "Hash", "Parent Relationship": "Inner", "Parallel Aware": false, "Startup Cost": 32.99, "Total Cost": 32.99, "Plan Rows": 3, "Plan Width": 4, "Actual Startup Time": 0.059, "Actual Total Time": 0.095, "Actual Rows": 5, "Actual Loops": 1, "Output": ["n1.n_nationkey"], "Hash Buckets": 1024, "Original Hash Buckets": 1024, "Hash Batches": 1, "Original Hash Batches": 1, "Peak Memory Usage": 9, "Plans": [{"Node Type": "Hash Join", "Parent Relationship": "Outer", "Parallel Aware": false, "Join Type": "Inner", "Startup Cost": 16.54, "Total Cost": 32.99, "Plan Rows": 3, "Plan Width": 4, "Actual Startup Time": 0.05, "Actual Total Time": 0.086, "Actual Rows": 5, "Actual Loops": 1, "Output": ["n1.n_nationkey"], "Inner Unique": true, "Hash Cond": "(n1.n_regionkey = region.r_regionkey)", "Plans": [{"Node Type": "Seq Scan", "Parent Relationship": "Outer", "Parallel Aware": false, "Relation Name": "nation", "Schema": "public", "Alias": "n1", "Startup Cost": 0.0, "Total Cost": 15.1, "Plan Rows": 510, "Plan Width": 8, "Actual Startup Time": 0.004, "Actual Total Time": 0.005, "Actual Rows": 25, "Actual Loops": 1, "Output": ["n1.n_nationkey", "n1.n_name", "n1.n_regionkey", "n1.n_comment"]}, {"Node Type": "Hash", "Parent Relationship": "Inner", "Parallel Aware": false, "Startup Cost": 16.5, "Total Cost": 16.5, "Plan Rows": 3, "Plan Width": 4, "Actual Startup Time": 0.017, "Actual Total Time": 0.019, "Actual Rows": 1, "Actual Loops": 1, "Output": ["region.r_regionkey"], "Hash Buckets": 1024, "Original Hash Buckets": 1024, "Hash Batches": 1, "Original Hash Batches": 1, "Peak Memory Usage": 9, "Plans": [{"Node Type": "Seq Scan", "Parent Relationship": "Outer", "Parallel Aware": false, "Relation Name": "region", "Schema": "public", "Alias": "region", "Startup Cost": 0.0, "Total Cost": 16.5, "Plan Rows": 3, "Plan Width": 4, "Actual Startup Time": 0.01, "Actual Total Time": 0.01, "Actual Rows": 1, "Actual Loops": 1, "Output": ["region.r_regionkey"], "Filter": "((region.r_name)::text = 'EUROPE'::text)", "Rows Removed by Filter": 4}]}]}]}]}]}]}]}]}, {"Node Type": "Hash", "Parent Relationship": "Inner", "Parallel Aware": false, "Startup Cost": 322.0, "Total Cost": 322.0, "Plan Rows": 10000, "Plan Width": 8, "Actual Startup Time": 10.063, "Actual Total Time": 27.953, "Actual Rows": 10000, "Actual Loops": 1, "Output": ["supplier.s_suppkey", "supplier.s_nationkey"], "Hash Buckets": 16384, "Original Hash Buckets": 16384, "Hash Batches": 1, "Original Hash Batches": 1, "Peak Memory Usage": 519, "Plans": [{"Node Type": "Seq Scan", "Parent Relationship": "Outer", "Parallel Aware": false, "Relation Name": "supplier", "Schema": "public", "Alias": "supplier", "Startup Cost": 0.0, "Total Cost": 322.0, "Plan Rows": 10000, "Plan Width": 8, "Actual Startup Time": 0.015, "Actual Total Time": 5.814, "Actual Rows": 10000, "Actual Loops": 1, "Output": ["supplier.s_suppkey", "supplier.s_nationkey"]}]}]}, {"Node Type": "Index Scan", "Parent Relationship": "Inner", "Parallel Aware": false, "Scan Direction": "Forward", "Index Name": "nation_pkey", "Relation Name": "nation", "Schema": "public", "Alias": "n2", "Startup Cost": 0.15, "Total Cost": 0.17, "Plan Rows": 1, "Plan Width": 33, "Actual Startup Time": 0.012, "Actual Total Time": 0.012, "Actual Rows": 1, "Actual Loops": 2462, "Output": ["n2.n_nationkey", "n2.n_name", "n2.n_regionkey", "n2.n_comment"], "Index Cond": "(n2.n_nationkey = supplier.s_nationkey)", "Rows Removed by Index Recheck": 0}]}]}]}, "Planning Time": 16.856, "Triggers": [], "Execution Time": 26598.739}]
q1#####[{"Plan": {"Node Type": "Aggregate", "Strategy": "Sorted", "Partial Mode": "Simple", "Parallel Aware": false, "Startup Cost": 262533.93, "Total Cost": 262537.04, "Plan Rows": 89, "Plan Width": 98, "Actual Startup Time": 46547.94, "Actual Total Time": 46549.07, "Actual Rows": 4, "Actual Loops": 1, "Output": ["n1.n_name", "n2.n_name", "(date_part('year'::text, (lineitem.l_shipdate)::timestamp without time zone))", "sum((lineitem.l_extendedprice * ('1'::numeric - lineitem.l_discount)))"], "Group Key": ["n1.n_name", "n2.n_name", "(date_part('year'::text, (lineitem.l_shipdate)::timestamp without time zone))"], "Plans": [{"Node Type": "Sort", "Parent Relationship": "Outer", "Parallel Aware": false, "Startup Cost": 262533.93, "Total Cost": 262534.15, "Plan Rows": 89, "Plan Width": 78, "Actual Startup Time": 46547.524, "Actual Total Time": 46547.812, "Actual Rows": 5935, "Actual Loops": 1, "Output": ["n1.n_name", "n2.n_name", "(date_part('year'::text, (lineitem.l_shipdate)::timestamp without time zone))", "lineitem.l_extendedprice", "lineitem.l_discount"], "Sort Key": ["n1.n_name", "n2.n_name", "(date_part('year'::text, (lineitem.l_shipdate)::timestamp without time zone))"], "Sort Method": "quicksort", "Sort Space Used": 656, "Sort Space Type": "Memory", "Plans": [{"Node Type": "Hash Join", "Parent Relationship": "Outer", "Parallel Aware": false, "Join Type": "Inner", "Startup Cost": 52933.46, "Total Cost": 262531.05, "Plan Rows": 89, "Plan Width": 78, "Actual Startup Time": 9588.858, "Actual Total Time": 46477.759, "Actual Rows": 5935, "Actual Loops": 1, "Output": ["n1.n_name", "n2.n_name", "date_part('year'::text, (lineitem.l_shipdate)::timestamp without time zone)", "lineitem.l_extendedprice", "lineitem.l_discount"], "Inner Unique": false, "Hash Cond": "(lineitem.l_suppkey = supplier.s_suppkey)", "Join Filter": "((((n1.n_name)::text = 'ALGERIA'::text) AND ((n2.n_name)::text = 'SAUDI ARABIA'::text)) OR (((n1.n_name)::text = 'SAUDI ARABIA'::text) AND ((n2.n_name)::text = 'ALGERIA'::text)))", "Rows Removed by Join Filter": 5989, "Plans": [{"Node Type": "Hash Join", "Parent Relationship": "Outer", "Parallel Aware": false, "Join Type": "Inner", "Startup Cost": 52566.05, "Total Cost": 262156.04, "Plan Rows": 1810, "Plan Width": 49, "Actual Startup Time": 9565.739, "Actual Total Time": 46185.527, "Actual Rows": 143218, "Actual Loops": 1, "Output": ["lineitem.l_shipdate", "lineitem.l_extendedprice", "lineitem.l_discount", "lineitem.l_suppkey", "n2.n_name"], "Inner Unique": false, "Hash Cond": "(lineitem.l_orderkey = orders.o_orderkey)", "Plans": [{"Node Type": "Seq Scan", "Parent Relationship": "Outer", "Parallel Aware": false, "Relation Name": "lineitem", "Schema": "public", "Alias": "lineitem", "Startup Cost": 0.0, "Total Cost": 202484.64, "Plan Rows": 1846489, "Plan Width": 24, "Actual Startup Time": 18.33, "Actual Total Time": 24981.234, "Actual Rows": 1827668, "Actual Loops": 1, "Output": ["lineitem.l_orderkey", "lineitem.l_partkey", "lineitem.l_suppkey", "lineitem.l_linenumber", "lineitem.l_quantity", "lineitem.l_extendedprice", "lineitem.l_discount", "lineitem.l_tax", "lineitem.l_returnflag", "lineitem.l_linestatus", "lineitem.l_shipdate", "lineitem.l_commitdate", "lineitem.l_receiptdate", "lineitem.l_shipinstruct", "lineitem.l_shipmode", "lineitem.l_comment"], "Filter": "((lineitem.l_shipdate >= '1995-01-01'::date) AND (lineitem.l_shipdate <= '1996-12-31'::date))", "Rows Removed by Filter": 4172335}, {"Node Type": "Hash", "Parent Relationship": "Inner", "Parallel Aware": false, "Startup Cost": 52382.22, "Total Cost": 52382.22, "Plan Rows": 14706, "Plan Width": 33, "Actual Startup Time": 9545.465, "Actual Total Time": 9545.502, "Actual Rows": 117730, "Actual Loops": 1, "Output": ["orders.o_orderkey", "n2.n_name"], "Hash Buckets": 131072, "Original Hash Buckets": 16384, "Hash Batches": 2, "Original Hash Batches": 1, "Peak Memory Usage": 3696, "Plans": [{"Node Type": "Hash Join", "Parent Relationship": "Outer", "Parallel Aware": false, "Join Type": "Inner", "Startup Cost": 5518.12, "Total Cost": 52382.22, "Plan Rows": 14706, "Plan Width": 33, "Actual Startup Time": 1182.964, "Actual Total Time": 9023.74, "Actual Rows": 117730, "Actual Loops": 1, "Output": ["orders.o_orderkey", "n2.n_name"], "Inner Unique": false, "Hash Cond": "(orders.o_custkey = customer.c_custkey)", "Plans": [{"Node Type": "Seq Scan", "Parent Relationship": "Outer", "Parallel Aware": false, "Relation Name": "orders", "Schema": "public", "Alias": "orders", "Startup Cost": 0.0, "Total Cost": 41092.0, "Plan Rows": 1500000, "Plan Width": 8, "Actual Startup Time": 0.016, "Actual Total Time": 6443.374, "Actual Rows": 1500000, "Actual Loops": 1, "Output": ["orders.o_orderkey", "orders.o_custkey", "orders.o_orderstatus", "orders.o_totalprice", "orders.o_orderdate", "orders.o_orderpriority", "orders.o_clerk", "orders.o_shippriority", "orders.o_comment"]}, {"Node Type": "Hash", "Parent Relationship": "Inner", "Parallel Aware": false, "Startup Cost": 5499.73, "Total Cost": 5499.73, "Plan Rows": 1471, "Plan Width": 33, "Actual Startup Time": 1182.899, "Actual Total Time": 1182.916, "Actual Rows": 11829, "Actual Loops": 1, "Output": ["customer.c_custkey", "n2.n_name"], "Hash Buckets": 16384, "Original Hash Buckets": 2048, "Hash Batches": 1, "Original Hash Batches": 1, "Peak Memory Usage": 666, "Plans": [{"Node Type": "Hash Join", "Parent Relationship": "Outer", "Parallel Aware": false, "Join Type": "Inner", "Startup Cost": 17.71, "Total Cost": 5499.73, "Plan Rows": 1471, "Plan Width": 33, "Actual Startup Time": 0.06, "Actual Total Time": 1148.037, "Actual Rows": 11829, "Actual Loops": 1, "Output": ["customer.c_custkey", "n2.n_name"], "Inner Unique": true, "Hash Cond": "(customer.c_nationkey = n2.n_nationkey)", "Plans": [{"Node Type": "Seq Scan", "Parent Relationship": "Outer", "Parallel Aware": false, "Relation Name": "customer", "Schema": "public", "Alias": "customer", "Startup Cost": 0.0, "Total Cost": 5085.0, "Plan Rows": 150000, "Plan Width": 8, "Actual Startup Time": 0.005, "Actual Total Time": 21.672, "Actual Rows": 150000, "Actual Loops": 1, "Output": ["customer.c_custkey", "customer.c_name", "customer.c_address", "customer.c_nationkey", "customer.c_phone", "customer.c_acctbal", "customer.c_mktsegment", "customer.c_comment"]}, {"Node Type": "Hash", "Parent Relationship": "Inner", "Parallel Aware": false, "Startup Cost": 17.65, "Total Cost": 17.65, "Plan Rows": 5, "Plan Width": 33, "Actual Startup Time": 0.027, "Actual Total Time": 0.027, "Actual Rows": 2, "Actual Loops": 1, "Output": ["n2.n_name", "n2.n_nationkey"], "Hash Buckets": 1024, "Original Hash Buckets": 1024, "Hash Batches": 1, "Original Hash Batches": 1, "Peak Memory Usage": 9, "Plans": [{"Node Type": "Seq Scan", "Parent Relationship": "Outer", "Parallel Aware": false, "Relation Name": "nation", "Schema": "public", "Alias": "n2", "Startup Cost": 0.0, "Total Cost": 17.65, "Plan Rows": 5, "Plan Width": 33, "Actual Startup Time": 0.008, "Actual Total Time": 0.009, "Actual Rows": 2, "Actual Loops": 1, "Output": ["n2.n_name", "n2.n_nationkey"], "Filter": "(((n2.n_name)::text = 'SAUDI ARABIA'::text) OR ((n2.n_name)::text = 'ALGERIA'::text))", "Rows Removed by Filter": 23}]}]}]}]}]}]}, {"Node Type": "Hash", "Parent Relationship": "Inner", "Parallel Aware": false, "Startup Cost": 366.18, "Total Cost": 366.18, "Plan Rows": 98, "Plan Width": 33, "Actual Startup Time": 21.883, "Actual Total Time": 21.888, "Actual Rows": 831, "Actual Loops": 1, "Output": ["supplier.s_suppkey", "n1.n_name"], "Hash Buckets": 1024, "Original Hash Buckets": 1024, "Hash Batches": 1, "Original Hash Batches": 1, "Peak Memory Usage": 46, "Plans": [{"Node Type": "Hash Join", "Parent Relationship": "Outer", "Parallel Aware": false, "Join Type": "Inner", "Startup Cost": 17.71, "Total Cost": 366.18, "Plan Rows": 98, "Plan Width": 33, "Actual Startup Time": 0.047, "Actual Total Time": 21.763, "Actual Rows": 831, "Actual Loops": 1, "Output": ["supplier.s_suppkey", "n1.n_name"], "Inner Unique": true, "Hash Cond": "(supplier.s_nationkey = n1.n_nationkey)", "Plans": [{"Node Type": "Seq Scan", "Parent Relationship": "Outer", "Parallel Aware": false, "Relation Name": "supplier", "Schema": "public", "Alias": "supplier", "Startup Cost": 0.0, "Total Cost": 322.0, "Plan Rows": 10000, "Plan Width": 8, "Actual Startup Time": 0.014, "Actual Total Time": 0.801, "Actual Rows": 10000, "Actual Loops": 1, "Output": ["supplier.s_suppkey", "supplier.s_name", "supplier.s_address", "supplier.s_nationkey", "supplier.s_phone", "supplier.s_acctbal", "supplier.s_comment"]}, {"Node Type": "Hash", "Parent Relationship": "Inner", "Parallel Aware": false, "Startup Cost": 17.65, "Total Cost": 17.65, "Plan Rows": 5, "Plan Width": 33, "Actual Startup Time": 0.018, "Actual Total Time": 0.019, "Actual Rows": 2, "Actual Loops": 1, "Output": ["n1.n_name", "n1.n_nationkey"], "Hash Buckets": 1024, "Original Hash Buckets": 1024, "Hash Batches": 1, "Original Hash Batches": 1, "Peak Memory Usage": 9, "Plans": [{"Node Type": "Seq Scan", "Parent Relationship": "Outer", "Parallel Aware": false, "Relation Name": "nation", "Schema": "public", "Alias": "n1", "Startup Cost": 0.0, "Total Cost": 17.65, "Plan Rows": 5, "Plan Width": 33, "Actual Startup Time": 0.008, "Actual Total Time": 0.011, "Actual Rows": 2, "Actual Loops": 1, "Output": ["n1.n_name", "n1.n_nationkey"], "Filter": "(((n1.n_name)::text = 'ALGERIA'::text) OR ((n1.n_name)::text = 'SAUDI ARABIA'::text))", "Rows Removed by Filter": 23}]}]}]}]}]}]}, "Planning Time": 58.873, "Triggers": [], "Execution Time": 46580.576}]
q1#####[{"Plan": {"Node Type": "Aggregate", "Strategy": "Sorted", "Partial Mode": "Simple", "Parallel Aware": false, "Startup Cost": 262533.93, "Total Cost": 262537.04, "Plan Rows": 89, "Plan Width": 98, "Actual Startup Time": 15862.714, "Actual Total Time": 15882.834, "Actual Rows": 4, "Actual Loops": 1, "Output": ["n1.n_name", "n2.n_name", "(date_part('year'::text, (lineitem.l_shipdate)::timestamp without time zone))", "sum((lineitem.l_extendedprice * ('1'::numeric - lineitem.l_discount)))"], "Group Key": ["n1.n_name", "n2.n_name", "(date_part('year'::text, (lineitem.l_shipdate)::timestamp without time zone))"], "Plans": [{"Node Type": "Sort", "Parent Relationship": "Outer", "Parallel Aware": false, "Startup Cost": 262533.93, "Total Cost": 262534.15, "Plan Rows": 89, "Plan Width": 78, "Actual Startup Time": 15862.37, "Actual Total Time": 15863.518, "Actual Rows": 5935, "Actual Loops": 1, "Output": ["n1.n_name", "n2.n_name", "(date_part('year'::text, (lineitem.l_shipdate)::timestamp without time zone))", "lineitem.l_extendedprice", "lineitem.l_discount"], "Sort Key": ["n1.n_name", "n2.n_name", "(date_part('year'::text, (lineitem.l_shipdate)::timestamp without time zone))"], "Sort Method": "quicksort", "Sort Space Used": 656, "Sort Space Type": "Memory", "Plans": [{"Node Type": "Hash Join", "Parent Relationship": "Outer", "Parallel Aware": false, "Join Type": "Inner", "Startup Cost": 52933.46, "Total Cost": 262531.05, "Plan Rows": 89, "Plan Width": 78, "Actual Startup Time": 3109.789, "Actual Total Time": 15854.672, "Actual Rows": 5935, "Actual Loops": 1, "Output": ["n1.n_name", "n2.n_name", "date_part('year'::text, (lineitem.l_shipdate)::timestamp without time zone)", "lineitem.l_extendedprice", "lineitem.l_discount"], "Inner Unique": false, "Hash Cond": "(lineitem.l_suppkey = supplier.s_suppkey)", "Join Filter": "((((n1.n_name)::text = 'ALGERIA'::text) AND ((n2.n_name)::text = 'SAUDI ARABIA'::text)) OR (((n1.n_name)::text = 'SAUDI ARABIA'::text) AND ((n2.n_name)::text = 'ALGERIA'::text)))", "Rows Removed by Join Filter": 5989, "Plans": [{"Node Type": "Hash Join", "Parent Relationship": "Outer", "Parallel Aware": false, "Join Type": "Inner", "Startup Cost": 52566.05, "Total Cost": 262156.04, "Plan Rows": 1810, "Plan Width": 49, "Actual Startup Time": 2927.915, "Actual Total Time": 15550.321, "Actual Rows": 143218, "Actual Loops": 1, "Output": ["lineitem.l_shipdate", "lineitem.l_extendedprice", "lineitem.l_discount", "lineitem.l_suppkey", "n2.n_name"], "Inner Unique": false, "Hash Cond": "(lineitem.l_orderkey = orders.o_orderkey)", "Plans": [{"Node Type": "Seq Scan", "Parent Relationship": "Outer", "Parallel Aware": false, "Relation Name": "lineitem", "Schema": "public", "Alias": "lineitem", "Startup Cost": 0.0, "Total Cost": 202484.64, "Plan Rows": 1846489, "Plan Width": 24, "Actual Startup Time": 0.043, "Actual Total Time": 7863.266, "Actual Rows": 1827668, "Actual Loops": 1, "Output": ["lineitem.l_orderkey", "lineitem.l_partkey", "lineitem.l_suppkey", "lineitem.l_linenumber", "lineitem.l_quantity", "lineitem.l_extendedprice", "lineitem.l_discount", "lineitem.l_tax", "lineitem.l_returnflag", "lineitem.l_linestatus", "lineitem.l_shipdate", "lineitem.l_commitdate", "lineitem.l_receiptdate", "lineitem.l_shipinstruct", "lineitem.l_shipmode", "lineitem.l_comment"], "Filter": "((lineitem.l_shipdate >= '1995-01-01'::date) AND (lineitem.l_shipdate <= '1996-12-31'::date))", "Rows Removed by Filter": 4172335}, {"Node Type": "Hash", "Parent Relationship": "Inner", "Parallel Aware": false, "Startup Cost": 52382.22, "Total Cost": 52382.22, "Plan Rows": 14706, "Plan Width": 33, "Actual Startup Time": 2916.095, "Actual Total Time": 2916.139, "Actual Rows": 117730, "Actual Loops": 1, "Output": ["orders.o_orderkey", "n2.n_name"], "Hash Buckets": 131072, "Original Hash Buckets": 16384, "Hash Batches": 2, "Original Hash Batches": 1, "Peak Memory Usage": 3696, "Plans": [{"Node Type": "Hash Join", "Parent Relationship": "Outer", "Parallel Aware": false, "Join Type": "Inner", "Startup Cost": 5518.12, "Total Cost": 52382.22, "Plan Rows": 14706, "Plan Width": 33, "Actual Startup Time": 303.763, "Actual Total Time": 2767.444, "Actual Rows": 117730, "Actual Loops": 1, "Output": ["orders.o_orderkey", "n2.n_name"], "Inner Unique": false, "Hash Cond": "(orders.o_custkey = customer.c_custkey)", "Plans": [{"Node Type": "Seq Scan", "Parent Relationship": "Outer", "Parallel Aware": false, "Relation Name": "orders", "Schema": "public", "Alias": "orders", "Startup Cost": 0.0, "Total Cost": 41092.0, "Plan Rows": 1500000, "Plan Width": 8, "Actual Startup Time": 0.018, "Actual Total Time": 1825.231, "Actual Rows": 1500000, "Actual Loops": 1, "Output": ["orders.o_orderkey", "orders.o_custkey", "orders.o_orderstatus", "orders.o_totalprice", "orders.o_orderdate", "orders.o_orderpriority", "orders.o_clerk", "orders.o_shippriority", "orders.o_comment"]}, {"Node Type": "Hash", "Parent Relationship": "Inner", "Parallel Aware": false, "Startup Cost": 5499.73, "Total Cost": 5499.73, "Plan Rows": 1471, "Plan Width": 33, "Actual Startup Time": 303.706, "Actual Total Time": 303.732, "Actual Rows": 11829, "Actual Loops": 1, "Output": ["customer.c_custkey", "n2.n_name"], "Hash Buckets": 16384, "Original Hash Buckets": 2048, "Hash Batches": 1, "Original Hash Batches": 1, "Peak Memory Usage": 666, "Plans": [{"Node Type": "Hash Join", "Parent Relationship": "Outer", "Parallel Aware": false, "Join Type": "Inner", "Startup Cost": 17.71, "Total Cost": 5499.73, "Plan Rows": 1471, "Plan Width": 33, "Actual Startup Time": 0.09, "Actual Total Time": 298.916, "Actual Rows": 11829, "Actual Loops": 1, "Output": ["customer.c_custkey", "n2.n_name"], "Inner Unique": true, "Hash Cond": "(customer.c_nationkey = n2.n_nationkey)", "Plans": [{"Node Type": "Seq Scan", "Parent Relationship": "Outer", "Parallel Aware": false, "Relation Name": "customer", "Schema": "public", "Alias": "customer", "Startup Cost": 0.0, "Total Cost": 5085.0, "Plan Rows": 150000, "Plan Width": 8, "Actual Startup Time": 0.004, "Actual Total Time": 39.464, "Actual Rows": 150000, "Actual Loops": 1, "Output": ["customer.c_custkey", "customer.c_name", "customer.c_address", "customer.c_nationkey", "customer.c_phone", "customer.c_acctbal", "customer.c_mktsegment", "customer.c_comment"]}, {"Node Type": "Hash", "Parent Relationship": "Inner", "Parallel Aware": false, "Startup Cost": 17.65, "Total Cost": 17.65, "Plan Rows": 5, "Plan Width": 33, "Actual Startup Time": 0.027, "Actual Total Time": 0.035, "Actual Rows": 2, "Actual Loops": 1, "Output": ["n2.n_name", "n2.n_nationkey"], "Hash Buckets": 1024, "Original Hash Buckets": 1024, "Hash Batches": 1, "Original Hash Batches": 1, "Peak Memory Usage": 9, "Plans": [{"Node Type": "Seq Scan", "Parent Relationship": "Outer", "Parallel Aware": false, "Relation Name": "nation", "Schema": "public", "Alias": "n2", "Startup Cost": 0.0, "Total Cost": 17.65, "Plan Rows": 5, "Plan Width": 33, "Actual Startup Time": 0.012, "Actual Total Time": 0.015, "Actual Rows": 2, "Actual Loops": 1, "Output": ["n2.n_name", "n2.n_nationkey"], "Filter": "(((n2.n_name)::text = 'SAUDI ARABIA'::text) OR ((n2.n_name)::text = 'ALGERIA'::text))", "Rows Removed by Filter": 23}]}]}]}]}]}]}, {"Node Type": "Hash", "Parent Relationship": "Inner", "Parallel Aware": false, "Startup Cost": 366.18, "Total Cost": 366.18, "Plan Rows": 98, "Plan Width": 33, "Actual Startup Time": 166.568, "Actual Total Time": 166.581, "Actual Rows": 831, "Actual Loops": 1, "Output": ["supplier.s_suppkey", "n1.n_name"], "Hash Buckets": 1024, "Original Hash Buckets": 1024, "Hash Batches": 1, "Original Hash Batches": 1, "Peak Memory Usage": 46, "Plans": [{"Node Type": "Hash Join", "Parent Relationship": "Outer", "Parallel Aware": false, "Join Type": "Inner", "Startup Cost": 17.71, "Total Cost": 366.18, "Plan Rows": 98, "Plan Width": 33, "Actual Startup Time": 0.037, "Actual Total Time": 151.669, "Actual Rows": 831, "Actual Loops": 1, "Output": ["supplier.s_suppkey", "n1.n_name"], "Inner Unique": true, "Hash Cond": "(supplier.s_nationkey = n1.n_nationkey)", "Plans": [{"Node Type": "Seq Scan", "Parent Relationship": "Outer", "Parallel Aware": false, "Relation Name": "supplier", "Schema": "public", "Alias": "supplier", "Startup Cost": 0.0, "Total Cost": 322.0, "Plan Rows": 10000, "Plan Width": 8, "Actual Startup Time": 0.006, "Actual Total Time": 1.767, "Actual Rows": 10000, "Actual Loops": 1, "Output": ["supplier.s_suppkey", "supplier.s_name", "supplier.s_address", "supplier.s_nationkey", "supplier.s_phone", "supplier.s_acctbal", "supplier.s_comment"]}, {"Node Type": "Hash", "Parent Relationship": "Inner", "Parallel Aware": false, "Startup Cost": 17.65, "Total Cost": 17.65, "Plan Rows": 5, "Plan Width": 33, "Actual Startup Time": 0.023, "Actual Total Time": 0.025, "Actual Rows": 2, "Actual Loops": 1, "Output": ["n1.n_name", "n1.n_nationkey"], "Hash Buckets": 1024, "Original Hash Buckets": 1024, "Hash Batches": 1, "Original Hash Batches": 1, "Peak Memory Usage": 9, "Plans": [{"Node Type": "Seq Scan", "Parent Relationship": "Outer", "Parallel Aware": false, "Relation Name": "nation", "Schema": "public", "Alias": "n1", "Startup Cost": 0.0, "Total Cost": 17.65, "Plan Rows": 5, "Plan Width": 33, "Actual Startup Time": 0.014, "Actual Total Time": 0.015, "Actual Rows": 2, "Actual Loops": 1, "Output": ["n1.n_name", "n1.n_nationkey"], "Filter": "(((n1.n_name)::text = 'ALGERIA'::text) OR ((n1.n_name)::text = 'SAUDI ARABIA'::text))", "Rows Removed by Filter": 23}]}]}]}]}]}]}, "Planning Time": 11.361, "Triggers": [], "Execution Time": 15900.115}]
q2#####[{"Plan": {"Node Type": "Sort", "Parallel Aware": false, "Startup Cost": 3218449.44, "Total Cost": 3232981.19, "Plan Rows": 5812700, "Plan Width": 205, "Actual Startup Time": 12145.617, "Actual Total Time": 12167.397, "Actual Rows": 38937, "Actual Loops": 1, "Output": ["customer.c_custkey", "customer.c_name", "(sum((lineitem.l_extendedprice * ('1'::numeric - lineitem.l_discount))))", "customer.c_acctbal", "nation.n_name", "customer.c_address", "customer.c_phone", "customer.c_comment"], "Sort Key": ["(sum((lineitem.l_extendedprice * ('1'::numeric - lineitem.l_discount)))) DESC"], "Sort Method": "external merge", "Sort Space Used": 6584, "Sort Space Type": "Disk", "Plans": [{"Node Type": "Aggregate", "Strategy": "Sorted", "Partial Mode": "Simple", "Parent Relationship": "Outer", "Parallel Aware": false, "Startup Cost": 278842.23, "Total Cost": 836881.01, "Plan Rows": 5812700, "Plan Width": 205, "Actual Startup Time": 10433.704, "Actual Total Time": 11778.318, "Actual Rows": 38937, "Actual Loops": 1, "Output": ["customer.c_custkey", "customer.c_name", "sum((lineitem.l_extendedprice * ('1'::numeric - lineitem.l_discount)))", "customer.c_acctbal", "nation.n_name", "customer.c_address", "customer.c_phone", "customer.c_comment"], "Group Key": ["customer.c_custkey", "customer.c_name", "customer.c_acctbal", "customer.c_phone", "nation.n_name", "customer.c_address", "customer.c_comment"], "Plans": [{"Node Type": "Incremental Sort", "Parent Relationship": "Outer", "Parallel Aware": false, "Startup Cost": 278842.23, "Total Cost": 618904.76, "Plan Rows": 5812700, "Plan Width": 185, "Actual Startup Time": 10433.676, "Actual Total Time": 11410.315, "Actual Rows": 115038, "Actual Loops": 1, "Output": ["customer.c_custkey", "customer.c_name", "customer.c_acctbal", "nation.n_name", "customer.c_address", "customer.c_phone", "customer.c_comment", "lineitem.l_extendedprice", "lineitem.l_discount"], "Sort Key": ["customer.c_custkey", "customer.c_name", "customer.c_acctbal", "customer.c_phone", "nation.n_name", "customer.c_address", "customer.c_comment"], "Presorted Key": ["customer.c_custkey"], "Full-sort Groups": {"Group Count": 3422, "Sort Methods Used": ["quicksort"], "Sort Space Memory": {"Average Sort Space Used": 33, "Peak Sort Space Used": 33}}, "Plans": [{"Node Type": "Merge Join", "Parent Relationship": "Outer", "Parallel Aware": false, "Join Type": "Inner", "Startup Cost": 278840.52, "Total Cost": 280462.42, "Plan Rows": 5812700, "Plan Width": 185, "Actual Startup Time": 10433.586, "Actual Total Time": 11015.71, "Actual Rows": 115038, "Actual Loops": 1, "Output": ["customer.c_custkey", "customer.c_name", "customer.c_acctbal", "nation.n_name", "customer.c_address", "customer.c_phone", "customer.c_comment", "lineitem.l_extendedprice", "lineitem.l_discount"], "Inner Unique": false, "Merge Cond": "(customer.c_custkey = orders.o_custkey)", "Plans": [{"Node Type": "Sort", "Parent Relationship": "Outer", "Parallel Aware": false, "Startup Cost": 31219.95, "Total Cost": 31594.95, "Plan Rows": 150000, "Plan Width": 173, "Actual Startup Time": 862.438, "Actual Total Time": 1233.996, "Actual Rows": 150000, "Actual Loops": 1, "Output": ["customer.c_custkey", "customer.c_name", "customer.c_acctbal", "customer.c_address", "customer.c_phone", "customer.c_comment", "nation.n_name"], "Sort Key": ["customer.c_custkey"], "Sort Method": "external merge", "Sort Space Used": 24056, "Sort Space Type": "Disk", "Plans": [{"Node Type": "Hash Join", "Parent Relationship": "Outer", "Parallel Aware": false, "Join Type": "Inner", "Startup Cost": 21.48, "Total Cost": 5503.5, "Plan Rows": 150000, "Plan Width": 173, "Actual Startup Time": 0.097, "Actual Total Time": 382.814, "Actual Rows": 150000, "Actual Loops": 1, "Output": ["customer.c_custkey", "customer.c_name", "customer.c_acctbal", "customer.c_address", "customer.c_phone", "customer.c_comment", "nation.n_name"], "Inner Unique": true, "Hash Cond": "(customer.c_nationkey = nation.n_nationkey)", "Plans": [{"Node Type": "Seq Scan", "Parent Relationship": "Outer", "Parallel Aware": false, "Relation Name": "customer", "Schema": "public", "Alias": "customer", "Startup Cost": 0.0, "Total Cost": 5085.0, "Plan Rows": 150000, "Plan Width": 148, "Actual Startup Time": 0.041, "Actual Total Time": 55.327, "Actual Rows": 150000, "Actual Loops": 1, "Output": ["customer.c_custkey", "customer.c_name", "customer.c_address", "customer.c_nationkey", "customer.c_phone", "customer.c_acctbal", "customer.c_mktsegment", "customer.c_comment"]}, {"Node Type": "Hash", "Parent Relationship": "Inner", "Parallel Aware": false, "Startup Cost": 15.1, "Total Cost": 15.1, "Plan Rows": 510, "Plan Width": 33, "Actual Startup Time": 0.046, "Actual Total Time": 0.057, "Actual Rows": 25, "Actual Loops": 1, "Output": ["nation.n_name", "nation.n_nationkey"], "Hash Buckets": 1024, "Original Hash Buckets": 1024, "Hash Batches": 1, "Original Hash Batches": 1, "Peak Memory Usage": 10, "Plans": [{"Node Type": "Seq Scan", "Parent Relationship": "Outer", "Parallel Aware": false, "Relation Name": "nation", "Schema": "public", "Alias": "nation", "Startup Cost": 0.0, "Total Cost": 15.1, "Plan Rows": 510, "Plan Width": 33, "Actual Startup Time": 0.034, "Actual Total Time": 0.037, "Actual Rows": 25, "Actual Loops": 1, "Output": ["nation.n_name", "nation.n_nationkey"]}]}]}]}, {"Node Type": "Sort", "Parent Relationship": "Inner", "Parallel Aware": false, "Startup Cost": 247620.57, "Total Cost": 247765.89, "Plan Rows": 58127, "Plan Width": 16, "Actual Startup Time": 9571.063, "Actual Total Time": 9624.146, "Actual Rows": 115038, "Actual Loops": 1, "Output": ["orders.o_custkey", "lineitem.l_extendedprice", "lineitem.l_discount"], "Sort Key": ["orders.o_custkey"], "Sort Method": "external sort", "Sort Space Used": 3552, "Sort Space Type": "Disk", "Plans": [{"Node Type": "Hash Join", "Parent Relationship": "Outer", "Parallel Aware": false, "Join Type": "Inner", "Startup Cost": 49316.66, "Total Cost": 243020.71, "Plan Rows": 58127, "Plan Width": 16, "Actual Startup Time": 1597.02, "Actual Total Time": 9137.936, "Actual Rows": 115038, "Actual Loops": 1, "Output": ["orders.o_custkey", "lineitem.l_extendedprice", "lineitem.l_discount"], "Inner Unique": false, "Hash Cond": "(lineitem.l_orderkey = orders.o_orderkey)", "Plans": [{"Node Type": "Seq Scan", "Parent Relationship": "Outer", "Parallel Aware": false, "Relation Name": "lineitem", "Schema": "public", "Alias": "lineitem", "Startup Cost": 0.0, "Total Cost": 187482.86, "Plan Rows": 1503978, "Plan Width": 16, "Actual Startup Time": 0.039, "Actual Total Time": 6471.134, "Actual Rows": 1479175, "Actual Loops": 1, "Output": ["lineitem.l_orderkey", "lineitem.l_partkey", "lineitem.l_suppkey", "lineitem.l_linenumber", "lineitem.l_quantity", "lineitem.l_extendedprice", "lineitem.l_discount", "lineitem.l_tax", "lineitem.l_returnflag", "lineitem.l_linestatus", "lineitem.l_shipdate", "lineitem.l_commitdate", "lineitem.l_receiptdate", "lineitem.l_shipinstruct", "lineitem.l_shipmode", "lineitem.l_comment"], "Filter": "(lineitem.l_returnflag = 'R'::bpchar)", "Rows Removed by Filter": 4520828}, {"Node Type": "Hash", "Parent Relationship": "Inner", "Parallel Aware": false, "Startup Cost": 48592.0, "Total Cost": 48592.0, "Plan Rows": 57973, "Plan Width": 8, "Actual Startup Time": 1596.475, "Actual Total Time": 1596.478, "Actual Rows": 57425, "Actual Loops": 1, "Output": ["orders.o_custkey", "orders.o_orderkey"], "Hash Buckets": 65536, "Original Hash Buckets": 65536, "Hash Batches": 1, "Original Hash Batches": 1, "Peak Memory Usage": 2756, "Plans": [{"Node Type": "Seq Scan", "Parent Relationship": "Outer", "Parallel Aware": false, "Relation Name": "orders", "Schema": "public", "Alias": "orders", "Startup Cost": 0.0, "Total Cost": 48592.0, "Plan Rows": 57973, "Plan Width": 8, "Actual Startup Time": 0.018, "Actual Total Time": 1499.927, "Actual Rows": 57425, "Actual Loops": 1, "Output": ["orders.o_custkey", "orders.o_orderkey"], "Filter": "((orders.o_orderdate >= '1993-06-05'::date) AND (orders.o_orderdate < '1993-09-05 00:00:00'::timestamp without time zone))", "Rows Removed by Filter": 1442575}]}]}]}]}]}]}]}, "Planning Time": 0.782, "Triggers": [], "Execution Time": 12269.899}]
q3#####[{"Plan": {"Node Type": "Aggregate", "Strategy": "Sorted", "Partial Mode": "Simple", "Parallel Aware": false, "Startup Cost": 262533.93, "Total Cost": 262537.04, "Plan Rows": 89, "Plan Width": 98, "Actual Startup Time": 22258.296, "Actual Total Time": 22261.918, "Actual Rows": 4, "Actual Loops": 1, "Output": ["n1.n_name", "n2.n_name", "(date_part('year'::text, (lineitem.l_shipdate)::timestamp without time zone))", "sum((lineitem.l_extendedprice * ('1'::numeric - lineitem.l_discount)))"], "Group Key": ["n1.n_name", "n2.n_name", "(date_part('year'::text, (lineitem.l_shipdate)::timestamp without time zone))"], "Plans": [{"Node Type": "Sort", "Parent Relationship": "Outer", "Parallel Aware": false, "Startup Cost": 262533.93, "Total Cost": 262534.15, "Plan Rows": 89, "Plan Width": 78, "Actual Startup Time": 22256.186, "Actual Total Time": 22256.726, "Actual Rows": 6014, "Actual Loops": 1, "Output": ["n1.n_name", "n2.n_name", "(date_part('year'::text, (lineitem.l_shipdate)::timestamp without time zone))", "lineitem.l_extendedprice", "lineitem.l_discount"], "Sort Key": ["n1.n_name", "n2.n_name", "(date_part('year'::text, (lineitem.l_shipdate)::timestamp without time zone))"], "Sort Method": "quicksort", "Sort Space Used": 662, "Sort Space Type": "Memory", "Plans": [{"Node Type": "Hash Join", "Parent Relationship": "Outer", "Parallel Aware": false, "Join Type": "Inner", "Startup Cost": 52933.46, "Total Cost": 262531.05, "Plan Rows": 89, "Plan Width": 78, "Actual Startup Time": 3251.401, "Actual Total Time": 22123.456, "Actual Rows": 6014, "Actual Loops": 1, "Output": ["n1.n_name", "n2.n_name", "date_part('year'::text, (lineitem.l_shipdate)::timestamp without time zone)", "lineitem.l_extendedprice", "lineitem.l_discount"], "Inner Unique": false, "Hash Cond": "(lineitem.l_suppkey = supplier.s_suppkey)", "Join Filter": "((((n1.n_name)::text = 'ALGERIA'::text) AND ((n2.n_name)::text = 'EGYPT'::text)) OR (((n1.n_name)::text = 'EGYPT'::text) AND ((n2.n_name)::text = 'ALGERIA'::text)))", "Rows Removed by Join Filter": 6077, "Plans": [{"Node Type": "Hash Join", "Parent Relationship": "Outer", "Parallel Aware": false, "Join Type": "Inner", "Startup Cost": 52566.05, "Total Cost": 262156.04, "Plan Rows": 1810, "Plan Width": 49, "Actual Startup Time": 3227.071, "Actual Total Time": 21919.685, "Actual Rows": 144353, "Actual Loops": 1, "Output": ["lineitem.l_shipdate", "lineitem.l_extendedprice", "lineitem.l_discount", "lineitem.l_suppkey", "n2.n_name"], "Inner Unique": false, "Hash Cond": "(lineitem.l_orderkey = orders.o_orderkey)", "Plans": [{"Node Type": "Seq Scan", "Parent Relationship": "Outer", "Parallel Aware": false, "Relation Name": "lineitem", "Schema": "public", "Alias": "lineitem", "Startup Cost": 0.0, "Total Cost": 202484.64, "Plan Rows": 1846489, "Plan Width": 24, "Actual Startup Time": 0.035, "Actual Total Time": 11291.487, "Actual Rows": 1827668, "Actual Loops": 1, "Output": ["lineitem.l_orderkey", "lineitem.l_partkey", "lineitem.l_suppkey", "lineitem.l_linenumber", "lineitem.l_quantity", "lineitem.l_extendedprice", "lineitem.l_discount", "lineitem.l_tax", "lineitem.l_returnflag", "lineitem.l_linestatus", "lineitem.l_shipdate", "lineitem.l_commitdate", "lineitem.l_receiptdate", "lineitem.l_shipinstruct", "lineitem.l_shipmode", "lineitem.l_comment"], "Filter": "((lineitem.l_shipdate >= '1995-01-01'::date) AND (lineitem.l_shipdate <= '1996-12-31'::date))", "Rows Removed by Filter": 4172335}, {"Node Type": "Hash", "Parent Relationship": "Inner", "Parallel Aware": false, "Startup Cost": 52382.22, "Total Cost": 52382.22, "Plan Rows": 14706, "Plan Width": 33, "Actual Startup Time": 3226.603, "Actual Total Time": 3226.672, "Actual Rows": 118964, "Actual Loops": 1, "Output": ["orders.o_orderkey", "n2.n_name"], "Hash Buckets": 131072, "Original Hash Buckets": 16384, "Hash Batches": 2, "Original Hash Batches": 1, "Peak Memory Usage": 3525, "Plans": [{"Node Type": "Hash Join", "Parent Relationship": "Outer", "Parallel Aware": false, "Join Type": "Inner", "Startup Cost": 5518.12, "Total Cost": 52382.22, "Plan Rows": 14706, "Plan Width": 33, "Actual Startup Time": 333.98, "Actual Total Time": 3130.776, "Actual Rows": 118964, "Actual Loops": 1, "Output": ["orders.o_orderkey", "n2.n_name"], "Inner Unique": false, "Hash Cond": "(orders.o_custkey = customer.c_custkey)", "Plans": [{"Node Type": "Seq Scan", "Parent Relationship": "Outer", "Parallel Aware": false, "Relation Name": "orders", "Schema": "public", "Alias": "orders", "Startup Cost": 0.0, "Total Cost": 41092.0, "Plan Rows": 1500000, "Plan Width": 8, "Actual Startup Time": 0.009, "Actual Total Time": 1874.836, "Actual Rows": 1500000, "Actual Loops": 1, "Output": ["orders.o_orderkey", "orders.o_custkey", "orders.o_orderstatus", "orders.o_totalprice", "orders.o_orderdate", "orders.o_orderpriority", "orders.o_clerk", "orders.o_shippriority", "orders.o_comment"]}, {"Node Type": "Hash", "Parent Relationship": "Inner", "Parallel Aware": false, "Startup Cost": 5499.73, "Total Cost": 5499.73, "Plan Rows": 1471, "Plan Width": 33, "Actual Startup Time": 333.948, "Actual Total Time": 333.991, "Actual Rows": 11920, "Actual Loops": 1, "Output": ["customer.c_custkey", "n2.n_name"], "Hash Buckets": 16384, "Original Hash Buckets": 2048, "Hash Batches": 1, "Original Hash Batches": 1, "Peak Memory Usage": 629, "Plans": [{"Node Type": "Hash Join", "Parent Relationship": "Outer", "Parallel Aware": false, "Join Type": "Inner", "Startup Cost": 17.71, "Total Cost": 5499.73, "Plan Rows": 1471, "Plan Width": 33, "Actual Startup Time": 0.047, "Actual Total Time": 330.479, "Actual Rows": 11920, "Actual Loops": 1, "Output": ["customer.c_custkey", "n2.n_name"], "Inner Unique": true, "Hash Cond": "(customer.c_nationkey = n2.n_nationkey)", "Plans": [{"Node Type": "Seq Scan", "Parent Relationship": "Outer", "Parallel Aware": false, "Relation Name": "customer", "Schema": "public", "Alias": "customer", "Startup Cost": 0.0, "Total Cost": 5085.0, "Plan Rows": 150000, "Plan Width": 8, "Actual Startup Time": 0.007, "Actual Total Time": 99.426, "Actual Rows": 150000, "Actual Loops": 1, "Output": ["customer.c_custkey", "customer.c_name", "customer.c_address", "customer.c_nationkey", "customer.c_phone", "customer.c_acctbal", "customer.c_mktsegment", "customer.c_comment"]}, {"Node Type": "Hash", "Parent Relationship": "Inner", "Parallel Aware": false, "Startup Cost": 17.65, "Total Cost": 17.65, "Plan Rows": 5, "Plan Width": 33, "Actual Startup Time": 0.008, "Actual Total Time": 0.013, "Actual Rows": 2, "Actual Loops": 1, "Output": ["n2.n_name", "n2.n_nationkey"], "Hash Buckets": 1024, "Original Hash Buckets": 1024, "Hash Batches": 1, "Original Hash Batches": 1, "Peak Memory Usage": 9, "Plans": [{"Node Type": "Seq Scan", "Parent Relationship": "Outer", "Parallel Aware": false, "Relation Name": "nation", "Schema": "public", "Alias": "n2", "Startup Cost": 0.0, "Total Cost": 17.65, "Plan Rows": 5, "Plan Width": 33, "Actual Startup Time": 0.004, "Actual Total Time": 0.006, "Actual Rows": 2, "Actual Loops": 1, "Output": ["n2.n_name", "n2.n_nationkey"], "Filter": "(((n2.n_name)::text = 'EGYPT'::text) OR ((n2.n_name)::text = 'ALGERIA'::text))", "Rows Removed by Filter": 23}]}]}]}]}]}]}, {"Node Type": "Hash", "Parent Relationship": "Inner", "Parallel Aware": false, "Startup Cost": 366.18, "Total Cost": 366.18, "Plan Rows": 98, "Plan Width": 33, "Actual Startup Time": 12.422, "Actual Total Time": 12.443, "Actual Rows": 835, "Actual Loops": 1, "Output": ["supplier.s_suppkey", "n1.n_name"], "Hash Buckets": 1024, "Original Hash Buckets": 1024, "Hash Batches": 1, "Original Hash Batches": 1, "Peak Memory Usage": 44, "Plans": [{"Node Type": "Hash Join", "Parent Relationship": "Outer", "Parallel Aware": false, "Join Type": "Inner", "Startup Cost": 17.71, "Total Cost": 366.18, "Plan Rows": 98, "Plan Width": 33, "Actual Startup Time": 0.027, "Actual Total Time": 12.307, "Actual Rows": 835, "Actual Loops": 1, "Output": ["supplier.s_suppkey", "n1.n_name"], "Inner Unique": true, "Hash Cond": "(supplier.s_nationkey = n1.n_nationkey)", "Plans": [{"Node Type": "Seq Scan", "Parent Relationship": "Outer", "Parallel Aware": false, "Relation Name": "supplier", "Schema": "public", "Alias": "supplier", "Startup Cost": 0.0, "Total Cost": 322.0, "Plan Rows": 10000, "Plan Width": 8, "Actual Startup Time": 0.005, "Actual Total Time": 0.676, "Actual Rows": 10000, "Actual Loops": 1, "Output": ["supplier.s_suppkey", "supplier.s_name", "supplier.s_address", "supplier.s_nationkey", "supplier.s_phone", "supplier.s_acctbal", "supplier.s_comment"]}, {"Node Type": "Hash", "Parent Relationship": "Inner", "Parallel Aware": false, "Startup Cost": 17.65, "Total Cost": 17.65, "Plan Rows": 5, "Plan Width": 33, "Actual Startup Time": 0.015, "Actual Total Time": 0.019, "Actual Rows": 2, "Actual Loops": 1, "Output": ["n1.n_name", "n1.n_nationkey"], "Hash Buckets": 1024, "Original Hash Buckets": 1024, "Hash Batches": 1, "Original Hash Batches": 1, "Peak Memory Usage": 9, "Plans": [{"Node Type": "Seq Scan", "Parent Relationship": "Outer", "Parallel Aware": false, "Relation Name": "nation", "Schema": "public", "Alias": "n1", "Startup Cost": 0.0, "Total Cost": 17.65, "Plan Rows": 5, "Plan Width": 33, "Actual Startup Time": 0.011, "Actual Total Time": 0.016, "Actual Rows": 2, "Actual Loops": 1, "Output": ["n1.n_name", "n1.n_nationkey"], "Filter": "(((n1.n_name)::text = 'ALGERIA'::text) OR ((n1.n_name)::text = 'EGYPT'::text))", "Rows Removed by Filter": 23}]}]}]}]}]}]}, "Planning Time": 1.128, "Triggers": [], "Execution Time": 22263.989}]
q4#####[{"Plan": {"Node Type": "Sort", "Parallel Aware": false, "Startup Cost": 3162587.22, "Total Cost": 3176852.47, "Plan Rows": 5706100, "Plan Width": 205, "Actual Startup Time": 23139.504, "Actual Total Time": 23170.088, "Actual Rows": 38285, "Actual Loops": 1, "Output": ["customer.c_custkey", "customer.c_name", "(sum((lineitem.l_extendedprice * ('1'::numeric - lineitem.l_discount))))", "customer.c_acctbal", "nation.n_name", "customer.c_address", "customer.c_phone", "customer.c_comment"], "Sort Key": ["(sum((lineitem.l_extendedprice * ('1'::numeric - lineitem.l_discount)))) DESC"], "Sort Method": "external merge", "Sort Space Used": 6472, "Sort Space Type": "Disk", "Plans": [{"Node Type": "Aggregate", "Strategy": "Sorted", "Partial Mode": "Simple", "Parent Relationship": "Outer", "Parallel Aware": false, "Startup Cost": 278726.27, "Total Cost": 825457.08, "Plan Rows": 5706100, "Plan Width": 205, "Actual Startup Time": 21240.493, "Actual Total Time": 22765.855, "Actual Rows": 38285, "Actual Loops": 1, "Output": ["customer.c_custkey", "customer.c_name", "sum((lineitem.l_extendedprice * ('1'::numeric - lineitem.l_discount)))", "customer.c_acctbal", "nation.n_name", "customer.c_address", "customer.c_phone", "customer.c_comment"], "Group Key": ["customer.c_custkey", "customer.c_name", "customer.c_acctbal", "customer.c_phone", "nation.n_name", "customer.c_address", "customer.c_comment"], "Plans": [{"Node Type": "Incremental Sort", "Parent Relationship": "Outer", "Parallel Aware": false, "Startup Cost": 278726.27, "Total Cost": 611478.33, "Plan Rows": 5706100, "Plan Width": 185, "Actual Startup Time": 21240.339, "Actual Total Time": 22529.171, "Actual Rows": 112679, "Actual Loops": 1, "Output": ["customer.c_custkey", "customer.c_name", "customer.c_acctbal", "nation.n_name", "customer.c_address", "customer.c_phone", "customer.c_comment", "lineitem.l_extendedprice", "lineitem.l_discount"], "Sort Key": ["customer.c_custkey", "customer.c_name", "customer.c_acctbal", "customer.c_phone", "nation.n_name", "customer.c_address", "customer.c_comment"], "Presorted Key": ["customer.c_custkey"], "Full-sort Groups": {"Group Count": 3356, "Sort Methods Used": ["quicksort"], "Sort Space Memory": {"Average Sort Space Used": 34, "Peak Sort Space Used": 34}}, "Plans": [{"Node Type": "Merge Join", "Parent Relationship": "Outer", "Parallel Aware": false, "Join Type": "Inner", "Startup Cost": 278724.59, "Total Cost": 280330.51, "Plan Rows": 5706100, "Plan Width": 185, "Actual Startup Time": 21215.979, "Actual Total Time": 22350.517, "Actual Rows": 112679, "Actual Loops": 1, "Output": ["customer.c_custkey", "customer.c_name", "customer.c_acctbal", "nation.n_name", "customer.c_address", "customer.c_phone", "customer.c_comment", "lineitem.l_extendedprice", "lineitem.l_discount"], "Inner Unique": false, "Merge Cond": "(customer.c_custkey = orders.o_custkey)", "Plans": [{"Node Type": "Sort", "Parent Relationship": "Outer", "Parallel Aware": false, "Startup Cost": 31219.95, "Total Cost": 31594.95, "Plan Rows": 150000, "Plan Width": 173, "Actual Startup Time": 1045.933, "Actual Total Time": 1995.242, "Actual Rows": 149996, "Actual Loops": 1, "Output": ["customer.c_custkey", "customer.c_name", "customer.c_acctbal", "customer.c_address", "customer.c_phone", "customer.c_comment", "nation.n_name"], "Sort Key": ["customer.c_custkey"], "Sort Method": "external merge", "Sort Space Used": 24056, "Sort Space Type": "Disk", "Plans": [{"Node Type": "Hash Join", "Parent Relationship": "Outer", "Parallel Aware": false, "Join Type": "Inner", "Startup Cost": 21.48, "Total Cost": 5503.5, "Plan Rows": 150000, "Plan Width": 173, "Actual Startup Time": 0.168, "Actual Total Time": 383.656, "Actual Rows": 150000, "Actual Loops": 1, "Output": ["customer.c_custkey", "customer.c_name", "customer.c_acctbal", "customer.c_address", "customer.c_phone", "customer.c_comment", "nation.n_name"], "Inner Unique": true, "Hash Cond": "(customer.c_nationkey = nation.n_nationkey)", "Plans": [{"Node Type": "Seq Scan", "Parent Relationship": "Outer", "Parallel Aware": false, "Relation Name": "customer", "Schema": "public", "Alias": "customer", "Startup Cost": 0.0, "Total Cost": 5085.0, "Plan Rows": 150000, "Plan Width": 148, "Actual Startup Time": 0.035, "Actual Total Time": 178.296, "Actual Rows": 150000, "Actual Loops": 1, "Output": ["customer.c_custkey", "customer.c_name", "customer.c_address", "customer.c_nationkey", "customer.c_phone", "customer.c_acctbal", "customer.c_mktsegment", "customer.c_comment"]}, {"Node Type": "Hash", "Parent Relationship": "Inner", "Parallel Aware": false, "Startup Cost": 15.1, "Total Cost": 15.1, "Plan Rows": 510, "Plan Width": 33, "Actual Startup Time": 0.045, "Actual Total Time": 0.052, "Actual Rows": 25, "Actual Loops": 1, "Output": ["nation.n_name", "nation.n_nationkey"], "Hash Buckets": 1024, "Original Hash Buckets": 1024, "Hash Batches": 1, "Original Hash Batches": 1, "Peak Memory Usage": 10, "Plans": [{"Node Type": "Seq Scan", "Parent Relationship": "Outer", "Parallel Aware": false, "Relation Name": "nation", "Schema": "public", "Alias": "nation", "Startup Cost": 0.0, "Total Cost": 15.1, "Plan Rows": 510, "Plan Width": 33, "Actual Startup Time": 0.015, "Actual Total Time": 0.018, "Actual Rows": 25, "Actual Loops": 1, "Output": ["nation.n_name", "nation.n_nationkey"]}]}]}]}, {"Node Type": "Sort", "Parent Relationship": "Inner", "Parallel Aware": false, "Startup Cost": 247504.65, "Total Cost": 247647.3, "Plan Rows": 57061, "Plan Width": 16, "Actual Startup Time": 20168.951, "Actual Total Time": 20233.154, "Actual Rows": 112679, "Actual Loops": 1, "Output": ["orders.o_custkey", "lineitem.l_extendedprice", "lineitem.l_discount"], "Sort Key": ["orders.o_custkey"], "Sort Method": "external sort", "Sort Space Used": 3472, "Sort Space Type": "Disk", "Plans": [{"Node Type": "Hash Join", "Parent Relationship": "Outer", "Parallel Aware": false, "Join Type": "Inner", "Startup Cost": 49303.38, "Total Cost": 242996.76, "Plan Rows": 57061, "Plan Width": 16, "Actual Startup Time": 2124.202, "Actual Total Time": 19348.881, "Actual Rows": 112679, "Actual Loops": 1, "Output": ["orders.o_custkey", "lineitem.l_extendedprice", "lineitem.l_discount"], "Inner Unique": false, "Hash Cond": "(lineitem.l_orderkey = orders.o_orderkey)", "Plans": [{"Node Type": "Seq Scan", "Parent Relationship": "Outer", "Parallel Aware": false, "Relation Name": "lineitem", "Schema": "public", "Alias": "lineitem", "Startup Cost": 0.0, "Total Cost": 187482.86, "Plan Rows": 1503978, "Plan Width": 16, "Actual Startup Time": 0.042, "Actual Total Time": 15593.911, "Actual Rows": 1479175, "Actual Loops": 1, "Output": ["lineitem.l_orderkey", "lineitem.l_partkey", "lineitem.l_suppkey", "lineitem.l_linenumber", "lineitem.l_quantity", "lineitem.l_extendedprice", "lineitem.l_discount", "lineitem.l_tax", "lineitem.l_returnflag", "lineitem.l_linestatus", "lineitem.l_shipdate", "lineitem.l_commitdate", "lineitem.l_receiptdate", "lineitem.l_shipinstruct", "lineitem.l_shipmode", "lineitem.l_comment"], "Filter": "(lineitem.l_returnflag = 'R'::bpchar)", "Rows Removed by Filter": 4520828}, {"Node Type": "Hash", "Parent Relationship": "Inner", "Parallel Aware": false, "Startup Cost": 48592.0, "Total Cost": 48592.0, "Plan Rows": 56910, "Plan Width": 8, "Actual Startup Time": 2123.721, "Actual Total Time": 2123.726, "Actual Rows": 56434, "Actual Loops": 1, "Output": ["orders.o_custkey", "orders.o_orderkey"], "Hash Buckets": 65536, "Original Hash Buckets": 65536, "Hash Batches": 1, "Original Hash Batches": 1, "Peak Memory Usage": 2717, "Plans": [{"Node Type": "Seq Scan", "Parent Relationship": "Outer", "Parallel Aware": false, "Relation Name": "orders", "Schema": "public", "Alias": "orders", "Startup Cost": 0.0, "Total Cost": 48592.0, "Plan Rows": 56910, "Plan Width": 8, "Actual Startup Time": 0.015, "Actual Total Time": 1979.006, "Actual Rows": 56434, "Actual Loops": 1, "Output": ["orders.o_custkey", "orders.o_orderkey"], "Filter": "((orders.o_orderdate >= '1993-04-01'::date) AND (orders.o_orderdate < '1993-07-01 00:00:00'::timestamp without time zone))", "Rows Removed by Filter": 1443566}]}]}]}]}]}]}]}, "Planning Time": 13.767, "Triggers": [], "Execution Time": 23242.365}]
q5#####[{"Plan": {"Node Type": "Sort", "Parallel Aware": false, "Startup Cost": 3141058.79, "Total Cost": 3155221.29, "Plan Rows": 5665000, "Plan Width": 205, "Actual Startup Time": 193068.51, "Actual Total Time": 193146.981, "Actual Rows": 38869, "Actual Loops": 1, "Output": ["customer.c_custkey", "customer.c_name", "(sum((lineitem.l_extendedprice * ('1'::numeric - lineitem.l_discount))))", "customer.c_acctbal", "nation.n_name", "customer.c_address", "customer.c_phone", "customer.c_comment"], "Sort Key": ["(sum((lineitem.l_extendedprice * ('1'::numeric - lineitem.l_discount)))) DESC"], "Sort Method": "external merge", "Sort Space Used": 6568, "Sort Space Type": "Disk", "Plans": [{"Node Type": "Aggregate", "Strategy": "Sorted", "Partial Mode": "Simple", "Parent Relationship": "Outer", "Parallel Aware": false, "Startup Cost": 278681.6, "Total Cost": 821058.31, "Plan Rows": 5665000, "Plan Width": 205, "Actual Startup Time": 153422.421, "Actual Total Time": 186645.596, "Actual Rows": 38869, "Actual Loops": 1, "Output": ["customer.c_custkey", "customer.c_name", "sum((lineitem.l_extendedprice * ('1'::numeric - lineitem.l_discount)))", "customer.c_acctbal", "nation.n_name", "customer.c_address", "customer.c_phone", "customer.c_comment"], "Group Key": ["customer.c_custkey", "customer.c_name", "customer.c_acctbal", "customer.c_phone", "nation.n_name", "customer.c_address", "customer.c_comment"], "Plans": [{"Node Type": "Incremental Sort", "Parent Relationship": "Outer", "Parallel Aware": false, "Startup Cost": 278681.6, "Total Cost": 608620.81, "Plan Rows": 5665000, "Plan Width": 185, "Actual Startup Time": 153381.554, "Actual Total Time": 185978.623, "Actual Rows": 114475, "Actual Loops": 1, "Output": ["customer.c_custkey", "customer.c_name", "customer.c_acctbal", "nation.n_name", "customer.c_address", "customer.c_phone", "customer.c_comment", "lineitem.l_extendedprice", "lineitem.l_discount"], "Sort Key": ["customer.c_custkey", "customer.c_name", "customer.c_acctbal", "customer.c_phone", "nation.n_name", "customer.c_address", "customer.c_comment"], "Presorted Key": ["customer.c_custkey"], "Full-sort Groups": {"Group Count": 3412, "Sort Methods Used": ["quicksort"], "Sort Space Memory": {"Average Sort Space Used": 33, "Peak Sort Space Used": 33}}, "Plans": [{"Node Type": "Merge Join", "Parent Relationship": "Outer", "Parallel Aware": false, "Join Type": "Inner", "Startup Cost": 278679.94, "Total Cost": 280279.69, "Plan Rows": 5665000, "Plan Width": 185, "Actual Startup Time": 153339.301, "Actual Total Time": 185579.722, "Actual Rows": 114475, "Actual Loops": 1, "Output": ["customer.c_custkey", "customer.c_name", "customer.c_acctbal", "nation.n_name", "customer.c_address", "customer.c_phone", "customer.c_comment", "lineitem.l_extendedprice", "lineitem.l_discount"], "Inner Unique": false, "Merge Cond": "(customer.c_custkey = orders.o_custkey)", "Plans": [{"Node Type": "Sort", "Parent Relationship": "Outer", "Parallel Aware": false, "Startup Cost": 31219.95, "Total Cost": 31594.95, "Plan Rows": 150000, "Plan Width": 173, "Actual Startup Time": 909.242, "Actual Total Time": 32467.552, "Actual Rows": 149999, "Actual Loops": 1, "Output": ["customer.c_custkey", "customer.c_name", "customer.c_acctbal", "customer.c_address", "customer.c_phone", "customer.c_comment", "nation.n_name"], "Sort Key": ["customer.c_custkey"], "Sort Method": "external merge", "Sort Space Used": 24056, "Sort Space Type": "Disk", "Plans": [{"Node Type": "Hash Join", "Parent Relationship": "Outer", "Parallel Aware": false, "Join Type": "Inner", "Startup Cost": 21.48, "Total Cost": 5503.5, "Plan Rows": 150000, "Plan Width": 173, "Actual Startup Time": 0.087, "Actual Total Time": 224.276, "Actual Rows": 150000, "Actual Loops": 1, "Output": ["customer.c_custkey", "customer.c_name", "customer.c_acctbal", "customer.c_address", "customer.c_phone", "customer.c_comment", "nation.n_name"], "Inner Unique": true, "Hash Cond": "(customer.c_nationkey = nation.n_nationkey)", "Plans": [{"Node Type": "Seq Scan", "Parent Relationship": "Outer", "Parallel Aware": false, "Relation Name": "customer", "Schema": "public", "Alias": "customer", "Startup Cost": 0.0, "Total Cost": 5085.0, "Plan Rows": 150000, "Plan Width": 148, "Actual Startup Time": 0.033, "Actual Total Time": 85.685, "Actual Rows": 150000, "Actual Loops": 1, "Output": ["customer.c_custkey", "customer.c_name", "customer.c_address", "customer.c_nationkey", "customer.c_phone", "customer.c_acctbal", "customer.c_mktsegment", "customer.c_comment"]}, {"Node Type": "Hash", "Parent Relationship": "Inner", "Parallel Aware": false, "Startup Cost": 15.1, "Total Cost": 15.1, "Plan Rows": 510, "Plan Width": 33, "Actual Startup Time": 0.027, "Actual Total Time": 0.04, "Actual Rows": 25, "Actual Loops": 1, "Output": ["nation.n_name", "nation.n_nationkey"], "Hash Buckets": 1024, "Original Hash Buckets": 1024, "Hash Batches": 1, "Original Hash Batches": 1, "Peak Memory Usage": 10, "Plans": [{"Node Type": "Seq Scan", "Parent Relationship": "Outer", "Parallel Aware": false, "Relation Name": "nation", "Schema": "public", "Alias": "nation", "Startup Cost": 0.0, "Total Cost": 15.1, "Plan Rows": 510, "Plan Width": 33, "Actual Startup Time": 0.016, "Actual Total Time": 0.017, "Actual Rows": 25, "Actual Loops": 1, "Output": ["nation.n_name", "nation.n_nationkey"]}]}]}]}, {"Node Type": "Sort", "Parent Relationship": "Inner", "Parallel Aware": false, "Startup Cost": 247459.99, "Total Cost": 247601.61, "Plan Rows": 56650, "Plan Width": 16, "Actual Startup Time": 152368.842, "Actual Total Time": 152822.109, "Actual Rows": 114475, "Actual Loops": 1, "Output": ["orders.o_custkey", "lineitem.l_extendedprice", "lineitem.l_discount"], "Sort Key": ["orders.o_custkey"], "Sort Method": "external sort", "Sort Space Used": 3536, "Sort Space Type": "Disk", "Plans": [{"Node Type": "Hash Join", "Parent Relationship": "Outer", "Parallel Aware": false, "Join Type": "Inner", "Startup Cost": 49298.25, "Total Cost": 242987.53, "Plan Rows": 56650, "Plan Width": 16, "Actual Startup Time": 4650.631, "Actual Total Time": 148240.081, "Actual Rows": 114475, "Actual Loops": 1, "Output": ["orders.o_custkey", "lineitem.l_extendedprice", "lineitem.l_discount"], "Inner Unique": false, "Hash Cond": "(lineitem.l_orderkey = orders.o_orderkey)", "Plans": [{"Node Type": "Seq Scan", "Parent Relationship": "Outer", "Parallel Aware": false, "Relation Name": "lineitem", "Schema": "public", "Alias": "lineitem", "Startup Cost": 0.0, "Total Cost": 187482.86, "Plan Rows": 1503978, "Plan Width": 16, "Actual Startup Time": 0.067, "Actual Total Time": 119474.573, "Actual Rows": 1479175, "Actual Loops": 1, "Output": ["lineitem.l_orderkey", "lineitem.l_partkey", "lineitem.l_suppkey", "lineitem.l_linenumber", "lineitem.l_quantity", "lineitem.l_extendedprice", "lineitem.l_discount", "lineitem.l_tax", "lineitem.l_returnflag", "lineitem.l_linestatus", "lineitem.l_shipdate", "lineitem.l_commitdate", "lineitem.l_receiptdate", "lineitem.l_shipinstruct", "lineitem.l_shipmode", "lineitem.l_comment"], "Filter": "(lineitem.l_returnflag = 'R'::bpchar)", "Rows Removed by Filter": 4520828}, {"Node Type": "Hash", "Parent Relationship": "Inner", "Parallel Aware": false, "Startup Cost": 48592.0, "Total Cost": 48592.0, "Plan Rows": 56500, "Plan Width": 8, "Actual Startup Time": 4650.158, "Actual Total Time": 4650.162, "Actual Rows": 57207, "Actual Loops": 1, "Output": ["orders.o_custkey", "orders.o_orderkey"], "Hash Buckets": 65536, "Original Hash Buckets": 65536, "Hash Batches": 1, "Original Hash Batches": 1, "Peak Memory Usage": 2747, "Plans": [{"Node Type": "Seq Scan", "Parent Relationship": "Outer", "Parallel Aware": false, "Relation Name": "orders", "Schema": "public", "Alias": "orders", "Startup Cost": 0.0, "Total Cost": 48592.0, "Plan Rows": 56500, "Plan Width": 8, "Actual Startup Time": 0.016, "Actual Total Time": 4356.83, "Actual Rows": 57207, "Actual Loops": 1, "Output": ["orders.o_custkey", "orders.o_orderkey"], "Filter": "((orders.o_orderdate >= '1994-10-05'::date) AND (orders.o_orderdate < '1995-01-05 00:00:00'::timestamp without time zone))", "Rows Removed by Filter": 1442793}]}]}]}]}]}]}]}, "Planning Time": 20.929, "Triggers": [], "Execution Time": 194306.203}]
q6#####[{"Plan": {"Node Type": "Sort", "Parallel Aware": false, "Startup Cost": 250607.38, "Total Cost": 250607.88, "Plan Rows": 200, "Plan Width": 61, "Actual Startup Time": 212755.428, "Actual Total Time": 212755.85, "Actual Rows": 5, "Actual Loops": 1, "Output": ["nation.n_name", "(sum((lineitem.l_extendedprice * ('1'::numeric - lineitem.l_discount))))"], "Sort Key": ["(sum((lineitem.l_extendedprice * ('1'::numeric - lineitem.l_discount)))) DESC"], "Sort Method": "quicksort", "Sort Space Used": 25, "Sort Space Type": "Memory", "Plans": [{"Node Type": "Aggregate", "Strategy": "Sorted", "Partial Mode": "Simple", "Parent Relationship": "Outer", "Parallel Aware": false, "Startup Cost": 250594.64, "Total Cost": 250599.74, "Plan Rows": 200, "Plan Width": 61, "Actual Startup Time": 212736.759, "Actual Total Time": 212755.683, "Actual Rows": 5, "Actual Loops": 1, "Output": ["nation.n_name", "sum((lineitem.l_extendedprice * ('1'::numeric - lineitem.l_discount)))"], "Group Key": ["nation.n_name"], "Plans": [{"Node Type": "Sort", "Parent Relationship": "Outer", "Parallel Aware": false, "Startup Cost": 250594.64, "Total Cost": 250595.16, "Plan Rows": 208, "Plan Width": 41, "Actual Startup Time": 212735.988, "Actual Total Time": 212736.721, "Actual Rows": 7388, "Actual Loops": 1, "Output": ["nation.n_name", "lineitem.l_extendedprice", "lineitem.l_discount"], "Sort Key": ["nation.n_name"], "Sort Method": "quicksort", "Sort Space Used": 770, "Sort Space Type": "Memory", "Plans": [{"Node Type": "Hash Join", "Parent Relationship": "Outer", "Parallel Aware": false, "Join Type": "Inner", "Startup Cost": 55509.7, "Total Cost": 250586.63, "Plan Rows": 208, "Plan Width": 41, "Actual Startup Time": 14262.025, "Actual Total Time": 212462.4, "Actual Rows": 7388, "Actual Loops": 1, "Output": ["nation.n_name", "lineitem.l_extendedprice", "lineitem.l_discount"], "Inner Unique": false, "Hash Cond": "((lineitem.l_suppkey = supplier.s_suppkey) AND (customer.c_nationkey = supplier.s_nationkey))", "Plans": [{"Node Type": "Hash Join", "Parent Relationship": "Outer", "Parallel Aware": false, "Join Type": "Inner", "Startup Cost": 55037.7, "Total Cost": 250073.5, "Plan Rows": 5206, "Plan Width": 53, "Actual Startup Time": 14148.324, "Actual Total Time": 209619.152, "Actual Rows": 184361, "Actual Loops": 1, "Output": ["customer.c_nationkey", "lineitem.l_extendedprice", "lineitem.l_discount", "lineitem.l_suppkey", "nation.n_name", "nation.n_nationkey"], "Inner Unique": false, "Hash Cond": "(lineitem.l_orderkey = orders.o_orderkey)", "Plans": [{"Node Type": "Seq Scan", "Parent Relationship": "Outer", "Parallel Aware": false, "Relation Name": "lineitem", "Schema": "public", "Alias": "lineitem", "Startup Cost": 0.0, "Total Cost": 172481.09, "Plan Rows": 6000709, "Plan Width": 20, "Actual Startup Time": 0.026, "Actual Total Time": 159634.148, "Actual Rows": 6000003, "Actual Loops": 1, "Output": ["lineitem.l_orderkey", "lineitem.l_partkey", "lineitem.l_suppkey", "lineitem.l_linenumber", "lineitem.l_quantity", "lineitem.l_extendedprice", "lineitem.l_discount", "lineitem.l_tax", "lineitem.l_returnflag", "lineitem.l_linestatus", "lineitem.l_shipdate", "lineitem.l_commitdate", "lineitem.l_receiptdate", "lineitem.l_shipinstruct", "lineitem.l_shipmode", "lineitem.l_comment"]}, {"Node Type": "Hash", "Parent Relationship": "Inner", "Parallel Aware": false, "Startup Cost": 55021.44, "Total Cost": 55021.44, "Plan Rows": 1301, "Plan Width": 41, "Actual Startup Time": 14146.316, "Actual Total Time": 14146.727, "Actual Rows": 46097, "Actual Loops": 1, "Output": ["customer.c_nationkey", "orders.o_orderkey", "nation.n_name", "nation.n_nationkey"], "Hash Buckets": 65536, "Original Hash Buckets": 2048, "Hash Batches": 1, "Original Hash Batches": 1, "Peak Memory Usage": 2924, "Plans": [{"Node Type": "Hash Join", "Parent Relationship": "Outer", "Parallel Aware": false, "Join Type": "Inner", "Startup Cost": 5570.54, "Total Cost": 55021.44, "Plan Rows": 1301, "Plan Width": 41, "Actual Startup Time": 1440.695, "Actual Total Time": 13483.481, "Actual Rows": 46097, "Actual Loops": 1, "Output": ["customer.c_nationkey", "orders.o_orderkey", "nation.n_name", "nation.n_nationkey"], "Inner Unique": false, "Hash Cond": "(orders.o_custkey = customer.c_custkey)", "Plans": [{"Node Type": "Seq Scan", "Parent Relationship": "Outer", "Parallel Aware": false, "Relation Name": "orders", "Schema": "public", "Alias": "orders", "Startup Cost": 0.0, "Total Cost": 48592.0, "Plan Rows": 225570, "Plan Width": 8, "Actual Startup Time": 0.517, "Actual Total Time": 11281.183, "Actual Rows": 228464, "Actual Loops": 1, "Output": ["orders.o_orderkey", "orders.o_custkey", "orders.o_orderstatus", "orders.o_totalprice", "orders.o_orderdate", "orders.o_orderpriority", "orders.o_clerk", "orders.o_shippriority", "orders.o_comment"], "Filter": "((orders.o_orderdate >= '1996-01-10'::date) AND (orders.o_orderdate < '1997-01-10 00:00:00'::timestamp without time zone))", "Rows Removed by Filter": 1271536}, {"Node Type": "Hash", "Parent Relationship": "Inner", "Parallel Aware": false, "Startup Cost": 5559.73, "Total Cost": 5559.73, "Plan Rows": 865, "Plan Width": 41, "Actual Startup Time": 1440.029, "Actual Total Time": 1440.254, "Actual Rows": 30197, "Actual Loops": 1, "Output": ["customer.c_custkey", "customer.c_nationkey", "nation.n_name", "nation.n_nationkey"], "Hash Buckets": 32768, "Original Hash Buckets": 1024, "Hash Batches": 1, "Original Hash Batches": 1, "Peak Memory Usage": 1837, "Plans": [{"Node Type": "Hash Join", "Parent Relationship": "Outer", "Parallel Aware": false, "Join Type": "Inner", "Startup Cost": 38.01, "Total Cost": 5559.73, "Plan Rows": 865, "Plan Width": 41, "Actual Startup Time": 35.9, "Actual Total Time": 1279.242, "Actual Rows": 30197, "Actual Loops": 1, "Output": ["customer.c_custkey", "customer.c_nationkey", "nation.n_name", "nation.n_nationkey"], "Inner Unique": true, "Hash Cond": "(nation.n_regionkey = region.r_regionkey)", "Plans": [{"Node Type": "Hash Join", "Parent Relationship": "Outer", "Parallel Aware": false, "Join Type": "Inner", "Startup Cost": 21.48, "Total Cost": 5503.5, "Plan Rows": 15000, "Plan Width": 45, "Actual Startup Time": 0.411, "Actual Total Time": 1162.851, "Actual Rows": 150000, "Actual Loops": 1, "Output": ["customer.c_custkey", "customer.c_nationkey", "nation.n_name", "nation.n_nationkey", "nation.n_regionkey"], "Inner Unique": true, "Hash Cond": "(customer.c_nationkey = nation.n_nationkey)", "Plans": [{"Node Type": "Seq Scan", "Parent Relationship": "Outer", "Parallel Aware": false, "Relation Name": "customer", "Schema": "public", "Alias": "customer", "Startup Cost": 0.0, "Total Cost": 5085.0, "Plan Rows": 150000, "Plan Width": 8, "Actual Startup Time": 0.01, "Actual Total Time": 125.387, "Actual Rows": 150000, "Actual Loops": 1, "Output": ["customer.c_custkey", "customer.c_name", "customer.c_address", "customer.c_nationkey", "customer.c_phone", "customer.c_acctbal", "customer.c_mktsegment", "customer.c_comment"]}, {"Node Type": "Hash", "Parent Relationship": "Inner", "Parallel Aware": false, "Startup Cost": 15.1, "Total Cost": 15.1, "Plan Rows": 510, "Plan Width": 37, "Actual Startup Time": 0.364, "Actual Total Time": 0.366, "Actual Rows": 25, "Actual Loops": 1, "Output": ["nation.n_name", "nation.n_nationkey", "nation.n_regionkey"], "Hash Buckets": 1024, "Original Hash Buckets": 1024, "Hash Batches": 1, "Original Hash Batches": 1, "Peak Memory Usage": 10, "Plans": [{"Node Type": "Seq Scan", "Parent Relationship": "Outer", "Parallel Aware": false, "Relation Name": "nation", "Schema": "public", "Alias": "nation", "Startup Cost": 0.0, "Total Cost": 15.1, "Plan Rows": 510, "Plan Width": 37, "Actual Startup Time": 0.008, "Actual Total Time": 0.01, "Actual Rows": 25, "Actual Loops": 1, "Output": ["nation.n_name", "nation.n_nationkey", "nation.n_regionkey"]}]}]}, {"Node Type": "Hash", "Parent Relationship": "Inner", "Parallel Aware": false, "Startup Cost": 16.5, "Total Cost": 16.5, "Plan Rows": 3, "Plan Width": 4, "Actual Startup Time": 35.391, "Actual Total Time": 35.391, "Actual Rows": 1, "Actual Loops": 1, "Output": ["region.r_regionkey"], "Hash Buckets": 1024, "Original Hash Buckets": 1024, "Hash Batches": 1, "Original Hash Batches": 1, "Peak Memory Usage": 9, "Plans": [{"Node Type": "Seq Scan", "Parent Relationship": "Outer", "Parallel Aware": false, "Relation Name": "region", "Schema": "public", "Alias": "region", "Startup Cost": 0.0, "Total Cost": 16.5, "Plan Rows": 3, "Plan Width": 4, "Actual Startup Time": 35.378, "Actual Total Time": 35.379, "Actual Rows": 1, "Actual Loops": 1, "Output": ["region.r_regionkey"], "Filter": "((region.r_name)::text = 'EUROPE'::text)", "Rows Removed by Filter": 4}]}]}]}]}]}]}, {"Node Type": "Hash", "Parent Relationship": "Inner", "Parallel Aware": false, "Startup Cost": 322.0, "Total Cost": 322.0, "Plan Rows": 10000, "Plan Width": 8, "Actual Startup Time": 77.017, "Actual Total Time": 77.017, "Actual Rows": 10000, "Actual Loops": 1, "Output": ["supplier.s_suppkey", "supplier.s_nationkey"], "Hash Buckets": 16384, "Original Hash Buckets": 16384, "Hash Batches": 1, "Original Hash Batches": 1, "Peak Memory Usage": 519, "Plans": [{"Node Type": "Seq Scan", "Parent Relationship": "Outer", "Parallel Aware": false, "Relation Name": "supplier", "Schema": "public", "Alias": "supplier", "Startup Cost": 0.0, "Total Cost": 322.0, "Plan Rows": 10000, "Plan Width": 8, "Actual Startup Time": 0.206, "Actual Total Time": 57.056, "Actual Rows": 10000, "Actual Loops": 1, "Output": ["supplier.s_suppkey", "supplier.s_nationkey"]}]}]}]}]}]}, "Planning Time": 98.859, "Triggers": [], "Execution Time": 212773.083}]
q8#####[{"Plan": {"Node Type": "Sort", "Parallel Aware": false, "Startup Cost": 250628.68, "Total Cost": 250629.18, "Plan Rows": 200, "Plan Width": 61, "Actual Startup Time": 176882.477, "Actual Total Time": 176882.769, "Actual Rows": 5, "Actual Loops": 1, "Output": ["nation.n_name", "(sum((lineitem.l_extendedprice * ('1'::numeric - lineitem.l_discount))))"], "Sort Key": ["(sum((lineitem.l_extendedprice * ('1'::numeric - lineitem.l_discount)))) DESC"], "Sort Method": "quicksort", "Sort Space Used": 25, "Sort Space Type": "Memory", "Plans": [{"Node Type": "Aggregate", "Strategy": "Sorted", "Partial Mode": "Simple", "Parent Relationship": "Outer", "Parallel Aware": false, "Startup Cost": 250615.88, "Total Cost": 250621.03, "Plan Rows": 200, "Plan Width": 61, "Actual Startup Time": 176841.388, "Actual Total Time": 176860.12, "Actual Rows": 5, "Actual Loops": 1, "Output": ["nation.n_name", "sum((lineitem.l_extendedprice * ('1'::numeric - lineitem.l_discount)))"], "Group Key": ["nation.n_name"], "Plans": [{"Node Type": "Sort", "Parent Relationship": "Outer", "Parallel Aware": false, "Startup Cost": 250615.88, "Total Cost": 250616.41, "Plan Rows": 212, "Plan Width": 41, "Actual Startup Time": 176840.845, "Actual Total Time": 176841.443, "Actual Rows": 7463, "Actual Loops": 1, "Output": ["nation.n_name", "lineitem.l_extendedprice", "lineitem.l_discount"], "Sort Key": ["nation.n_name"], "Sort Method": "quicksort", "Sort Space Used": 773, "Sort Space Type": "Memory", "Plans": [{"Node Type": "Hash Join", "Parent Relationship": "Outer", "Parallel Aware": false, "Join Type": "Inner", "Startup Cost": 55528.72, "Total Cost": 250607.69, "Plan Rows": 212, "Plan Width": 41, "Actual Startup Time": 123317.752, "Actual Total Time": 176680.216, "Actual Rows": 7463, "Actual Loops": 1, "Output": ["nation.n_name", "lineitem.l_extendedprice", "lineitem.l_discount"], "Inner Unique": false, "Hash Cond": "((lineitem.l_suppkey = supplier.s_suppkey) AND (customer.c_nationkey = supplier.s_nationkey))", "Plans": [{"Node Type": "Hash Join", "Parent Relationship": "Outer", "Parallel Aware": false, "Join Type": "Inner", "Startup Cost": 55056.72, "Total Cost": 250093.68, "Plan Rows": 5319, "Plan Width": 53, "Actual Startup Time": 121878.583, "Actual Total Time": 174551.112, "Actual Rows": 184804, "Actual Loops": 1, "Output": ["customer.c_nationkey", "lineitem.l_extendedprice", "lineitem.l_discount", "lineitem.l_suppkey", "nation.n_name", "nation.n_nationkey"], "Inner Unique": false, "Hash Cond": "(lineitem.l_orderkey = orders.o_orderkey)", "Plans": [{"Node Type": "Seq Scan", "Parent Relationship": "Outer", "Parallel Aware": false, "Relation Name": "lineitem", "Schema": "public", "Alias": "lineitem", "Startup Cost": 0.0, "Total Cost": 172481.09, "Plan Rows": 6000709, "Plan Width": 20, "Actual Startup Time": 0.133, "Actual Total Time": 43230.255, "Actual Rows": 6000003, "Actual Loops": 1, "Output": ["lineitem.l_orderkey", "lineitem.l_partkey", "lineitem.l_suppkey", "lineitem.l_linenumber", "lineitem.l_quantity", "lineitem.l_extendedprice", "lineitem.l_discount", "lineitem.l_tax", "lineitem.l_returnflag", "lineitem.l_linestatus", "lineitem.l_shipdate", "lineitem.l_commitdate", "lineitem.l_receiptdate", "lineitem.l_shipinstruct", "lineitem.l_shipmode", "lineitem.l_comment"]}, {"Node Type": "Hash", "Parent Relationship": "Inner", "Parallel Aware": false, "Startup Cost": 55040.1, "Total Cost": 55040.1, "Plan Rows": 1330, "Plan Width": 41, "Actual Startup Time": 121865.064, "Actual Total Time": 121865.345, "Actual Rows": 46069, "Actual Loops": 1, "Output": ["customer.c_nationkey", "orders.o_orderkey", "nation.n_name", "nation.n_nationkey"], "Hash Buckets": 65536, "Original Hash Buckets": 2048, "Hash Batches": 1, "Original Hash Batches": 1, "Peak Memory Usage": 2888, "Plans": [{"Node Type": "Hash Join", "Parent Relationship": "Outer", "Parallel Aware": false, "Join Type": "Inner", "Startup Cost": 5570.54, "Total Cost": 55040.1, "Plan Rows": 1330, "Plan Width": 41, "Actual Startup Time": 5528.615, "Actual Total Time": 118305.135, "Actual Rows": 46069, "Actual Loops": 1, "Output": ["customer.c_nationkey", "orders.o_orderkey", "nation.n_name", "nation.n_nationkey"], "Inner Unique": false, "Hash Cond": "(orders.o_custkey = customer.c_custkey)", "Plans": [{"Node Type": "Seq Scan", "Parent Relationship": "Outer", "Parallel Aware": false, "Relation Name": "orders", "Schema": "public", "Alias": "orders", "Startup Cost": 0.0, "Total Cost": 48592.0, "Plan Rows": 230470, "Plan Width": 8, "Actual Startup Time": 0.023, "Actual Total Time": 99002.337, "Actual Rows": 228637, "Actual Loops": 1, "Output": ["orders.o_orderkey", "orders.o_custkey", "orders.o_orderstatus", "orders.o_totalprice", "orders.o_orderdate", "orders.o_orderpriority", "orders.o_clerk", "orders.o_shippriority", "orders.o_comment"], "Filter": "((orders.o_orderdate >= '1995-01-01'::date) AND (orders.o_orderdate < '1996-01-01 00:00:00'::timestamp without time zone))", "Rows Removed by Filter": 1271363}, {"Node Type": "Hash", "Parent Relationship": "Inner", "Parallel Aware": false, "Startup Cost": 5559.73, "Total Cost": 5559.73, "Plan Rows": 865, "Plan Width": 41, "Actual Startup Time": 5528.482, "Actual Total Time": 5528.751, "Actual Rows": 30183, "Actual Loops": 1, "Output": ["customer.c_custkey", "customer.c_nationkey", "nation.n_name", "nation.n_nationkey"], "Hash Buckets": 32768, "Original Hash Buckets": 1024, "Hash Batches": 1, "Original Hash Batches": 1, "Peak Memory Usage": 1813, "Plans": [{"Node Type": "Hash Join", "Parent Relationship": "Outer", "Parallel Aware": false, "Join Type": "Inner", "Startup Cost": 38.01, "Total Cost": 5559.73, "Plan Rows": 865, "Plan Width": 41, "Actual Startup Time": 18.595, "Actual Total Time": 5050.925, "Actual Rows": 30183, "Actual Loops": 1, "Output": ["customer.c_custkey", "customer.c_nationkey", "nation.n_name", "nation.n_nationkey"], "Inner Unique": true, "Hash Cond": "(nation.n_regionkey = region.r_regionkey)", "Plans": [{"Node Type": "Hash Join", "Parent Relationship": "Outer", "Parallel Aware": false, "Join Type": "Inner", "Startup Cost": 21.48, "Total Cost": 5503.5, "Plan Rows": 15000, "Plan Width": 45, "Actual Startup Time": 16.368, "Actual Total Time": 4958.767, "Actual Rows": 150000, "Actual Loops": 1, "Output": ["customer.c_custkey", "customer.c_nationkey", "nation.n_name", "nation.n_nationkey", "nation.n_regionkey"], "Inner Unique": true, "Hash Cond": "(customer.c_nationkey = nation.n_nationkey)", "Plans": [{"Node Type": "Seq Scan", "Parent Relationship": "Outer", "Parallel Aware": false, "Relation Name": "customer", "Schema": "public", "Alias": "customer", "Startup Cost": 0.0, "Total Cost": 5085.0, "Plan Rows": 150000, "Plan Width": 8, "Actual Startup Time": 0.02, "Actual Total Time": 201.146, "Actual Rows": 150000, "Actual Loops": 1, "Output": ["customer.c_custkey", "customer.c_name", "customer.c_address", "customer.c_nationkey", "customer.c_phone", "customer.c_acctbal", "customer.c_mktsegment", "customer.c_comment"]}, {"Node Type": "Hash", "Parent Relationship": "Inner", "Parallel Aware": false, "Startup Cost": 15.1, "Total Cost": 15.1, "Plan Rows": 510, "Plan Width": 37, "Actual Startup Time": 0.05, "Actual Total Time": 0.057, "Actual Rows": 25, "Actual Loops": 1, "Output": ["nation.n_name", "nation.n_nationkey", "nation.n_regionkey"], "Hash Buckets": 1024, "Original Hash Buckets": 1024, "Hash Batches": 1, "Original Hash Batches": 1, "Peak Memory Usage": 10, "Plans": [{"Node Type": "Seq Scan", "Parent Relationship": "Outer", "Parallel Aware": false, "Relation Name": "nation", "Schema": "public", "Alias": "nation", "Startup Cost": 0.0, "Total Cost": 15.1, "Plan Rows": 510, "Plan Width": 37, "Actual Startup Time": 0.029, "Actual Total Time": 0.035, "Actual Rows": 25, "Actual Loops": 1, "Output": ["nation.n_name", "nation.n_nationkey", "nation.n_regionkey"]}]}]}, {"Node Type": "Hash", "Parent Relationship": "Inner", "Parallel Aware": false, "Startup Cost": 16.5, "Total Cost": 16.5, "Plan Rows": 3, "Plan Width": 4, "Actual Startup Time": 2.147, "Actual Total Time": 2.15, "Actual Rows": 1, "Actual Loops": 1, "Output": ["region.r_regionkey"], "Hash Buckets": 1024, "Original Hash Buckets": 1024, "Hash Batches": 1, "Original Hash Batches": 1, "Peak Memory Usage": 9, "Plans": [{"Node Type": "Seq Scan", "Parent Relationship": "Outer", "Parallel Aware": false, "Relation Name": "region", "Schema": "public", "Alias": "region", "Startup Cost": 0.0, "Total Cost": 16.5, "Plan Rows": 3, "Plan Width": 4, "Actual Startup Time": 2.135, "Actual Total Time": 2.136, "Actual Rows": 1, "Actual Loops": 1, "Output": ["region.r_regionkey"], "Filter": "((region.r_name)::text = 'ASIA'::text)", "Rows Removed by Filter": 4}]}]}]}]}]}]}, {"Node Type": "Hash", "Parent Relationship": "Inner", "Parallel Aware": false, "Startup Cost": 322.0, "Total Cost": 322.0, "Plan Rows": 10000, "Plan Width": 8, "Actual Startup Time": 1103.082, "Actual Total Time": 1103.082, "Actual Rows": 10000, "Actual Loops": 1, "Output": ["supplier.s_suppkey", "supplier.s_nationkey"], "Hash Buckets": 16384, "Original Hash Buckets": 16384, "Hash Batches": 1, "Original Hash Batches": 1, "Peak Memory Usage": 519, "Plans": [{"Node Type": "Seq Scan", "Parent Relationship": "Outer", "Parallel Aware": false, "Relation Name": "supplier", "Schema": "public", "Alias": "supplier", "Startup Cost": 0.0, "Total Cost": 322.0, "Plan Rows": 10000, "Plan Width": 8, "Actual Startup Time": 0.09, "Actual Total Time": 857.998, "Actual Rows": 10000, "Actual Loops": 1, "Output": ["supplier.s_suppkey", "supplier.s_nationkey"]}]}]}]}]}]}, "Planning Time": 305.471, "Triggers": [], "Execution Time": 176978.759}]
q7#####[{"Plan": {"Node Type": "Aggregate", "Strategy": "Sorted", "Partial Mode": "Simple", "Parallel Aware": false, "Startup Cost": 262533.93, "Total Cost": 262537.04, "Plan Rows": 89, "Plan Width": 98, "Actual Startup Time": 211145.141, "Actual Total Time": 211158.795, "Actual Rows": 4, "Actual Loops": 1, "Output": ["n1.n_name", "n2.n_name", "(date_part('year'::text, (lineitem.l_shipdate)::timestamp without time zone))", "sum((lineitem.l_extendedprice * ('1'::numeric - lineitem.l_discount)))"], "Group Key": ["n1.n_name", "n2.n_name", "(date_part('year'::text, (lineitem.l_shipdate)::timestamp without time zone))"], "Plans": [{"Node Type": "Sort", "Parent Relationship": "Outer", "Parallel Aware": false, "Startup Cost": 262533.93, "Total Cost": 262534.15, "Plan Rows": 89, "Plan Width": 78, "Actual Startup Time": 211143.98, "Actual Total Time": 211156.798, "Actual Rows": 6014, "Actual Loops": 1, "Output": ["n1.n_name", "n2.n_name", "(date_part('year'::text, (lineitem.l_shipdate)::timestamp without time zone))", "lineitem.l_extendedprice", "lineitem.l_discount"], "Sort Key": ["n1.n_name", "n2.n_name", "(date_part('year'::text, (lineitem.l_shipdate)::timestamp without time zone))"], "Sort Method": "quicksort", "Sort Space Used": 662, "Sort Space Type": "Memory", "Plans": [{"Node Type": "Hash Join", "Parent Relationship": "Outer", "Parallel Aware": false, "Join Type": "Inner", "Startup Cost": 52933.46, "Total Cost": 262531.05, "Plan Rows": 89, "Plan Width": 78, "Actual Startup Time": 36377.14, "Actual Total Time": 210762.283, "Actual Rows": 6014, "Actual Loops": 1, "Output": ["n1.n_name", "n2.n_name", "date_part('year'::text, (lineitem.l_shipdate)::timestamp without time zone)", "lineitem.l_extendedprice", "lineitem.l_discount"], "Inner Unique": false, "Hash Cond": "(lineitem.l_suppkey = supplier.s_suppkey)", "Join Filter": "((((n1.n_name)::text = 'EGYPT'::text) AND ((n2.n_name)::text = 'ALGERIA'::text)) OR (((n1.n_name)::text = 'ALGERIA'::text) AND ((n2.n_name)::text = 'EGYPT'::text)))", "Rows Removed by Join Filter": 6077, "Plans": [{"Node Type": "Hash Join", "Parent Relationship": "Outer", "Parallel Aware": false, "Join Type": "Inner", "Startup Cost": 52566.05, "Total Cost": 262156.04, "Plan Rows": 1810, "Plan Width": 49, "Actual Startup Time": 35903.151, "Actual Total Time": 209296.624, "Actual Rows": 144353, "Actual Loops": 1, "Output": ["lineitem.l_shipdate", "lineitem.l_extendedprice", "lineitem.l_discount", "lineitem.l_suppkey", "n2.n_name"], "Inner Unique": false, "Hash Cond": "(lineitem.l_orderkey = orders.o_orderkey)", "Plans": [{"Node Type": "Seq Scan", "Parent Relationship": "Outer", "Parallel Aware": false, "Relation Name": "lineitem", "Schema": "public", "Alias": "lineitem", "Startup Cost": 0.0, "Total Cost": 202484.64, "Plan Rows": 1846489, "Plan Width": 24, "Actual Startup Time": 1.757, "Actual Total Time": 124044.782, "Actual Rows": 1827668, "Actual Loops": 1, "Output": ["lineitem.l_orderkey", "lineitem.l_partkey", "lineitem.l_suppkey", "lineitem.l_linenumber", "lineitem.l_quantity", "lineitem.l_extendedprice", "lineitem.l_discount", "lineitem.l_tax", "lineitem.l_returnflag", "lineitem.l_linestatus", "lineitem.l_shipdate", "lineitem.l_commitdate", "lineitem.l_receiptdate", "lineitem.l_shipinstruct", "lineitem.l_shipmode", "lineitem.l_comment"], "Filter": "((lineitem.l_shipdate >= '1995-01-01'::date) AND (lineitem.l_shipdate <= '1996-12-31'::date))", "Rows Removed by Filter": 4172335}, {"Node Type": "Hash", "Parent Relationship": "Inner", "Parallel Aware": false, "Startup Cost": 52382.22, "Total Cost": 52382.22, "Plan Rows": 14706, "Plan Width": 33, "Actual Startup Time": 35793.16, "Actual Total Time": 35804.823, "Actual Rows": 118964, "Actual Loops": 1, "Output": ["orders.o_orderkey", "n2.n_name"], "Hash Buckets": 131072, "Original Hash Buckets": 16384, "Hash Batches": 2, "Original Hash Batches": 1, "Peak Memory Usage": 3525, "Plans": [{"Node Type": "Hash Join", "Parent Relationship": "Outer", "Parallel Aware": false, "Join Type": "Inner", "Startup Cost": 5518.12, "Total Cost": 52382.22, "Plan Rows": 14706, "Plan Width": 33, "Actual Startup Time": 3601.823, "Actual Total Time": 34970.734, "Actual Rows": 118964, "Actual Loops": 1, "Output": ["orders.o_orderkey", "n2.n_name"], "Inner Unique": false, "Hash Cond": "(orders.o_custkey = customer.c_custkey)", "Plans": [{"Node Type": "Seq Scan", "Parent Relationship": "Outer", "Parallel Aware": false, "Relation Name": "orders", "Schema": "public", "Alias": "orders", "Startup Cost": 0.0, "Total Cost": 41092.0, "Plan Rows": 1500000, "Plan Width": 8, "Actual Startup Time": 20.75, "Actual Total Time": 28294.955, "Actual Rows": 1500000, "Actual Loops": 1, "Output": ["orders.o_orderkey", "orders.o_custkey", "orders.o_orderstatus", "orders.o_totalprice", "orders.o_orderdate", "orders.o_orderpriority", "orders.o_clerk", "orders.o_shippriority", "orders.o_comment"]}, {"Node Type": "Hash", "Parent Relationship": "Inner", "Parallel Aware": false, "Startup Cost": 5499.73, "Total Cost": 5499.73, "Plan Rows": 1471, "Plan Width": 33, "Actual Startup Time": 3578.53, "Actual Total Time": 3578.578, "Actual Rows": 11920, "Actual Loops": 1, "Output": ["customer.c_custkey", "n2.n_name"], "Hash Buckets": 16384, "Original Hash Buckets": 2048, "Hash Batches": 1, "Original Hash Batches": 1, "Peak Memory Usage": 629, "Plans": [{"Node Type": "Hash Join", "Parent Relationship": "Outer", "Parallel Aware": false, "Join Type": "Inner", "Startup Cost": 17.71, "Total Cost": 5499.73, "Plan Rows": 1471, "Plan Width": 33, "Actual Startup Time": 86.39, "Actual Total Time": 3391.616, "Actual Rows": 11920, "Actual Loops": 1, "Output": ["customer.c_custkey", "n2.n_name"], "Inner Unique": true, "Hash Cond": "(customer.c_nationkey = n2.n_nationkey)", "Plans": [{"Node Type": "Seq Scan", "Parent Relationship": "Outer", "Parallel Aware": false, "Relation Name": "customer", "Schema": "public", "Alias": "customer", "Startup Cost": 0.0, "Total Cost": 5085.0, "Plan Rows": 150000, "Plan Width": 8, "Actual Startup Time": 0.018, "Actual Total Time": 89.741, "Actual Rows": 150000, "Actual Loops": 1, "Output": ["customer.c_custkey", "customer.c_name", "customer.c_address", "customer.c_nationkey", "customer.c_phone", "customer.c_acctbal", "customer.c_mktsegment", "customer.c_comment"]}, {"Node Type": "Hash", "Parent Relationship": "Inner", "Parallel Aware": false, "Startup Cost": 17.65, "Total Cost": 17.65, "Plan Rows": 5, "Plan Width": 33, "Actual Startup Time": 23.055, "Actual Total Time": 23.063, "Actual Rows": 2, "Actual Loops": 1, "Output": ["n2.n_name", "n2.n_nationkey"], "Hash Buckets": 1024, "Original Hash Buckets": 1024, "Hash Batches": 1, "Original Hash Batches": 1, "Peak Memory Usage": 9, "Plans": [{"Node Type": "Seq Scan", "Parent Relationship": "Outer", "Parallel Aware": false, "Relation Name": "nation", "Schema": "public", "Alias": "n2", "Startup Cost": 0.0, "Total Cost": 17.65, "Plan Rows": 5, "Plan Width": 33, "Actual Startup Time": 0.151, "Actual Total Time": 0.16, "Actual Rows": 2, "Actual Loops": 1, "Output": ["n2.n_name", "n2.n_nationkey"], "Filter": "(((n2.n_name)::text = 'ALGERIA'::text) OR ((n2.n_name)::text = 'EGYPT'::text))", "Rows Removed by Filter": 23}]}]}]}]}]}]}, {"Node Type": "Hash", "Parent Relationship": "Inner", "Parallel Aware": false, "Startup Cost": 366.18, "Total Cost": 366.18, "Plan Rows": 98, "Plan Width": 33, "Actual Startup Time": 341.481, "Actual Total Time": 342.372, "Actual Rows": 835, "Actual Loops": 1, "Output": ["supplier.s_suppkey", "n1.n_name"], "Hash Buckets": 1024, "Original Hash Buckets": 1024, "Hash Batches": 1, "Original Hash Batches": 1, "Peak Memory Usage": 44, "Plans": [{"Node Type": "Hash Join", "Parent Relationship": "Outer", "Parallel Aware": false, "Join Type": "Inner", "Startup Cost": 17.71, "Total Cost": 366.18, "Plan Rows": 98, "Plan Width": 33, "Actual Startup Time": 0.168, "Actual Total Time": 321.322, "Actual Rows": 835, "Actual Loops": 1, "Output": ["supplier.s_suppkey", "n1.n_name"], "Inner Unique": true, "Hash Cond": "(supplier.s_nationkey = n1.n_nationkey)", "Plans": [{"Node Type": "Seq Scan", "Parent Relationship": "Outer", "Parallel Aware": false, "Relation Name": "supplier", "Schema": "public", "Alias": "supplier", "Startup Cost": 0.0, "Total Cost": 322.0, "Plan Rows": 10000, "Plan Width": 8, "Actual Startup Time": 0.05, "Actual Total Time": 91.285, "Actual Rows": 10000, "Actual Loops": 1, "Output": ["supplier.s_suppkey", "supplier.s_name", "supplier.s_address", "supplier.s_nationkey", "supplier.s_phone", "supplier.s_acctbal", "supplier.s_comment"]}, {"Node Type": "Hash", "Parent Relationship": "Inner", "Parallel Aware": false, "Startup Cost": 17.65, "Total Cost": 17.65, "Plan Rows": 5, "Plan Width": 33, "Actual Startup Time": 0.04, "Actual Total Time": 0.894, "Actual Rows": 2, "Actual Loops": 1, "Output": ["n1.n_name", "n1.n_nationkey"], "Hash Buckets": 1024, "Original Hash Buckets": 1024, "Hash Batches": 1, "Original Hash Batches": 1, "Peak Memory Usage": 9, "Plans": [{"Node Type": "Seq Scan", "Parent Relationship": "Outer", "Parallel Aware": false, "Relation Name": "nation", "Schema": "public", "Alias": "n1", "Startup Cost": 0.0, "Total Cost": 17.65, "Plan Rows": 5, "Plan Width": 33, "Actual Startup Time": 0.023, "Actual Total Time": 0.029, "Actual Rows": 2, "Actual Loops": 1, "Output": ["n1.n_name", "n1.n_nationkey"], "Filter": "(((n1.n_name)::text = 'EGYPT'::text) OR ((n1.n_name)::text = 'ALGERIA'::text))", "Rows Removed by Filter": 23}]}]}]}]}]}]}, "Planning Time": 120.544, "Triggers": [], "Execution Time": 211176.645}]
q9#####[{"Plan": {"Node Type": "Aggregate", "Strategy": "Sorted", "Partial Mode": "Simple", "Parallel Aware": false, "Startup Cost": 258652.05, "Total Cost": 258655.2, "Plan Rows": 70, "Plan Width": 40, "Actual Startup Time": 47243.674, "Actual Total Time": 47248.254, "Actual Rows": 2, "Actual Loops": 1, "Output": ["(date_part('year'::text, (orders.o_orderdate)::timestamp without time zone))", "(sum(CASE WHEN ((n2.n_name)::text = 'MOZAMBIQUE'::text) THEN (lineitem.l_extendedprice * ('1'::numeric - lineitem.l_discount)) ELSE '0'::numeric END) / sum((lineitem.l_extendedprice * ('1'::numeric - lineitem.l_discount))))"], "Group Key": ["(date_part('year'::text, (orders.o_orderdate)::timestamp without time zone))"], "Plans": [{"Node Type": "Sort", "Parent Relationship": "Outer", "Parallel Aware": false, "Startup Cost": 258652.05, "Total Cost": 258652.22, "Plan Rows": 70, "Plan Width": 49, "Actual Startup Time": 47242.69, "Actual Total Time": 47247.109, "Actual Rows": 2568, "Actual Loops": 1, "Output": ["(date_part('year'::text, (orders.o_orderdate)::timestamp without time zone))", "n2.n_name", "lineitem.l_extendedprice", "lineitem.l_discount"], "Sort Key": ["(date_part('year'::text, (orders.o_orderdate)::timestamp without time zone))"], "Sort Method": "quicksort", "Sort Space Used": 297, "Sort Space Type": "Memory", "Plans": [{"Node Type": "Nested Loop", "Parent Relationship": "Outer", "Parallel Aware": false, "Join Type": "Inner", "Startup Cost": 63105.36, "Total Cost": 258649.9, "Plan Rows": 70, "Plan Width": 49, "Actual Startup Time": 30578.636, "Actual Total Time": 47224.275, "Actual Rows": 2568, "Actual Loops": 1, "Output": ["date_part('year'::text, (orders.o_orderdate)::timestamp without time zone)", "n2.n_name", "lineitem.l_extendedprice", "lineitem.l_discount"], "Inner Unique": true, "Plans": [{"Node Type": "Hash Join", "Parent Relationship": "Outer", "Parallel Aware": false, "Join Type": "Inner", "Startup Cost": 63105.21, "Total Cost": 258637.67, "Plan Rows": 70, "Plan Width": 20, "Actual Startup Time": 30567.421, "Actual Total Time": 47166.931, "Actual Rows": 2568, "Actual Loops": 1, "Output": ["lineitem.l_extendedprice", "lineitem.l_discount", "supplier.s_nationkey", "orders.o_orderdate"], "Inner Unique": false, "Hash Cond": "(lineitem.l_suppkey = supplier.s_suppkey)", "Plans": [{"Node Type": "Hash Join", "Parent Relationship": "Outer", "Parallel Aware": false, "Join Type": "Inner", "Startup Cost": 62658.21, "Total Cost": 258189.7, "Plan Rows": 70, "Plan Width": 20, "Actual Startup Time": 30184.791, "Actual Total Time": 46752.875, "Actual Rows": 2568, "Actual Loops": 1, "Output": ["lineitem.l_extendedprice", "lineitem.l_discount", "lineitem.l_suppkey", "orders.o_orderdate"], "Inner Unique": false, "Hash Cond": "(lineitem.l_orderkey = orders.o_orderkey)", "Plans": [{"Node Type": "Hash Join", "Parent Relationship": "Outer", "Parallel Aware": false, "Join Type": "Inner", "Startup Cost": 6597.57, "Total Cost": 201979.17, "Plan Rows": 39785, "Plan Width": 20, "Actual Startup Time": 18560.145, "Actual Total Time": 34747.42, "Actual Rows": 42063, "Actual Loops": 1, "Output": ["lineitem.l_extendedprice", "lineitem.l_discount", "lineitem.l_suppkey", "lineitem.l_orderkey"], "Inner Unique": false, "Hash Cond": "(lineitem.l_partkey = part.p_partkey)", "Plans": [{"Node Type": "Seq Scan", "Parent Relationship": "Outer", "Parallel Aware": false, "Relation Name": "lineitem", "Schema": "public", "Alias": "lineitem", "Startup Cost": 0.0, "Total Cost": 172481.09, "Plan Rows": 6000709, "Plan Width": 24, "Actual Startup Time": 0.018, "Actual Total Time": 13038.466, "Actual Rows": 6000003, "Actual Loops": 1, "Output": ["lineitem.l_orderkey", "lineitem.l_partkey", "lineitem.l_suppkey", "lineitem.l_linenumber", "lineitem.l_quantity", "lineitem.l_extendedprice", "lineitem.l_discount", "lineitem.l_tax", "lineitem.l_returnflag", "lineitem.l_linestatus", "lineitem.l_shipdate", "lineitem.l_commitdate", "lineitem.l_receiptdate", "lineitem.l_shipinstruct", "lineitem.l_shipmode", "lineitem.l_comment"]}, {"Node Type": "Hash", "Parent Relationship": "Inner", "Parallel Aware": false, "Startup Cost": 6581.0, "Total Cost": 6581.0, "Plan Rows": 1326, "Plan Width": 4, "Actual Startup Time": 18559.316, "Actual Total Time": 18559.32, "Actual Rows": 1413, "Actual Loops": 1, "Output": ["part.p_partkey"], "Hash Buckets": 2048, "Original Hash Buckets": 2048, "Hash Batches": 1, "Original Hash Batches": 1, "Peak Memory Usage": 66, "Plans": [{"Node Type": "Seq Scan", "Parent Relationship": "Outer", "Parallel Aware": false, "Relation Name": "part", "Schema": "public", "Alias": "part", "Startup Cost": 0.0, "Total Cost": 6581.0, "Plan Rows": 1326, "Plan Width": 4, "Actual Startup Time": 11.08, "Actual Total Time": 18509.021, "Actual Rows": 1413, "Actual Loops": 1, "Output": ["part.p_partkey"], "Filter": "((part.p_type)::text = 'SMALL BRUSHED TIN'::text)", "Rows Removed by Filter": 198587}]}]}, {"Node Type": "Hash", "Parent Relationship": "Inner", "Parallel Aware": false, "Startup Cost": 56027.76, "Total Cost": 56027.76, "Plan Rows": 2630, "Plan Width": 8, "Actual Startup Time": 11616.372, "Actual Total Time": 11620.62, "Actual Rows": 90737, "Actual Loops": 1, "Output": ["orders.o_orderdate", "orders.o_orderkey"], "Hash Buckets": 131072, "Original Hash Buckets": 4096, "Hash Batches": 2, "Original Hash Batches": 1, "Peak Memory Usage": 3073, "Plans": [{"Node Type": "Hash Join", "Parent Relationship": "Outer", "Parallel Aware": false, "Join Type": "Inner", "Startup Cost": 5700.16, "Total Cost": 56027.76, "Plan Rows": 2630, "Plan Width": 8, "Actual Startup Time": 1869.825, "Actual Total Time": 11390.016, "Actual Rows": 90737, "Actual Loops": 1, "Output": ["orders.o_orderdate", "orders.o_orderkey"], "Inner Unique": false, "Hash Cond": "(orders.o_custkey = customer.c_custkey)", "Plans": [{"Node Type": "Seq Scan", "Parent Relationship": "Outer", "Parallel Aware": false, "Relation Name": "orders", "Schema": "public", "Alias": "orders", "Startup Cost": 0.0, "Total Cost": 48592.0, "Plan Rows": 455817, "Plan Width": 12, "Actual Startup Time": 0.371, "Actual Total Time": 8466.355, "Actual Rows": 457263, "Actual Loops": 1, "Output": ["orders.o_orderkey", "orders.o_custkey", "orders.o_orderstatus", "orders.o_totalprice", "orders.o_orderdate", "orders.o_orderpriority", "orders.o_clerk", "orders.o_shippriority", "orders.o_comment"], "Filter": "((orders.o_orderdate >= '1995-01-01'::date) AND (orders.o_orderdate <= '1996-12-31'::date))", "Rows Removed by Filter": 1042737}, {"Node Type": "Hash", "Parent Relationship": "Inner", "Parallel Aware": false, "Startup Cost": 5689.34, "Total Cost": 5689.34, "Plan Rows": 865, "Plan Width": 4, "Actual Startup Time": 1869.253, "Actual Total Time": 1873.486, "Actual Rows": 29764, "Actual Loops": 1, "Output": ["customer.c_custkey"], "Hash Buckets": 32768, "Original Hash Buckets": 1024, "Hash Batches": 1, "Original Hash Batches": 1, "Peak Memory Usage": 1303, "Plans": [{"Node Type": "Hash Join", "Parent Relationship": "Outer", "Parallel Aware": false, "Join Type": "Inner", "Startup Cost": 33.02, "Total Cost": 5689.34, "Plan Rows": 865, "Plan Width": 4, "Actual Startup Time": 9.087, "Actual Total Time": 1734.086, "Actual Rows": 29764, "Actual Loops": 1, "Output": ["customer.c_custkey"], "Inner Unique": false, "Hash Cond": "(customer.c_nationkey = n1.n_nationkey)", "Plans": [{"Node Type": "Seq Scan", "Parent Relationship": "Outer", "Parallel Aware": false, "Relation Name": "customer", "Schema": "public", "Alias": "customer", "Startup Cost": 0.0, "Total Cost": 5085.0, "Plan Rows": 150000, "Plan Width": 8, "Actual Startup Time": 0.684, "Actual Total Time": 51.681, "Actual Rows": 150000, "Actual Loops": 1, "Output": ["customer.c_custkey", "customer.c_name", "customer.c_address", "customer.c_nationkey", "customer.c_phone", "customer.c_acctbal", "customer.c_mktsegment", "customer.c_comment"]}, {"Node Type": "Hash", "Parent Relationship": "Inner", "Parallel Aware": false, "Startup Cost": 32.99, "Total Cost": 32.99, "Plan Rows": 3, "Plan Width": 4, "Actual Startup Time": 0.694, "Actual Total Time": 4.912, "Actual Rows": 5, "Actual Loops": 1, "Output": ["n1.n_nationkey"], "Hash Buckets": 1024, "Original Hash Buckets": 1024, "Hash Batches": 1, "Original Hash Batches": 1, "Peak Memory Usage": 9, "Plans": [{"Node Type": "Hash Join", "Parent Relationship": "Outer", "Parallel Aware": false, "Join Type": "Inner", "Startup Cost": 16.54, "Total Cost": 32.99, "Plan Rows": 3, "Plan Width": 4, "Actual Startup Time": 0.688, "Actual Total Time": 4.906, "Actual Rows": 5, "Actual Loops": 1, "Output": ["n1.n_nationkey"], "Inner Unique": true, "Hash Cond": "(n1.n_regionkey = region.r_regionkey)", "Plans": [{"Node Type": "Seq Scan", "Parent Relationship": "Outer", "Parallel Aware": false, "Relation Name": "nation", "Schema": "public", "Alias": "n1", "Startup Cost": 0.0, "Total Cost": 15.1, "Plan Rows": 510, "Plan Width": 8, "Actual Startup Time": 0.206, "Actual Total Time": 0.214, "Actual Rows": 25, "Actual Loops": 1, "Output": ["n1.n_nationkey", "n1.n_name", "n1.n_regionkey", "n1.n_comment"]}, {"Node Type": "Hash", "Parent Relationship": "Inner", "Parallel Aware": false, "Startup Cost": 16.5, "Total Cost": 16.5, "Plan Rows": 3, "Plan Width": 4, "Actual Startup Time": 0.048, "Actual Total Time": 0.055, "Actual Rows": 1, "Actual Loops": 1, "Output": ["region.r_regionkey"], "Hash Buckets": 1024, "Original Hash Buckets": 1024, "Hash Batches": 1, "Original Hash Batches": 1, "Peak Memory Usage": 9, "Plans": [{"Node Type": "Seq Scan", "Parent Relationship": "Outer", "Parallel Aware": false, "Relation Name": "region", "Schema": "public", "Alias": "region", "Startup Cost": 0.0, "Total Cost": 16.5, "Plan Rows": 3, "Plan Width": 4, "Actual Startup Time": 0.039, "Actual Total Time": 0.04, "Actual Rows": 1, "Actual Loops": 1, "Output": ["region.r_regionkey"], "Filter": "((region.r_name)::text = 'AFRICA'::text)", "Rows Removed by Filter": 4}]}]}]}]}]}]}]}]}, {"Node Type": "Hash", "Parent Relationship": "Inner", "Parallel Aware": false, "Startup Cost": 322.0, "Total Cost": 322.0, "Plan Rows": 10000, "Plan Width": 8, "Actual Startup Time": 380.91, "Actual Total Time": 380.921, "Actual Rows": 10000, "Actual Loops": 1, "Output": ["supplier.s_suppkey", "supplier.s_nationkey"], "Hash Buckets": 16384, "Original Hash Buckets": 16384, "Hash Batches": 1, "Original Hash Batches": 1, "Peak Memory Usage": 519, "Plans": [{"Node Type": "Seq Scan", "Parent Relationship": "Outer", "Parallel Aware": false, "Relation Name": "supplier", "Schema": "public", "Alias": "supplier", "Startup Cost": 0.0, "Total Cost": 322.0, "Plan Rows": 10000, "Plan Width": 8, "Actual Startup Time": 0.172, "Actual Total Time": 358.407, "Actual Rows": 10000, "Actual Loops": 1, "Output": ["supplier.s_suppkey", "supplier.s_nationkey"]}]}]}, {"Node Type": "Index Scan", "Parent Relationship": "Inner", "Parallel Aware": false, "Scan Direction": "Forward", "Index Name": "nation_pkey", "Relation Name": "nation", "Schema": "public", "Alias": "n2", "Startup Cost": 0.15, "Total Cost": 0.17, "Plan Rows": 1, "Plan Width": 33, "Actual Startup Time": 0.016, "Actual Total Time": 0.016, "Actual Rows": 1, "Actual Loops": 2568, "Output": ["n2.n_nationkey", "n2.n_name", "n2.n_regionkey", "n2.n_comment"], "Index Cond": "(n2.n_nationkey = supplier.s_nationkey)", "Rows Removed by Index Recheck": 0}]}]}]}, "Planning Time": 99.056, "Triggers": [], "Execution Time": 47347.268}]
q10#####[{"Plan": {"Node Type": "Aggregate", "Strategy": "Sorted", "Partial Mode": "Simple", "Parallel Aware": false, "Startup Cost": 262533.93, "Total Cost": 262537.04, "Plan Rows": 89, "Plan Width": 98, "Actual Startup Time": 23583.701, "Actual Total Time": 23592.043, "Actual Rows": 4, "Actual Loops": 1, "Output": ["n1.n_name", "n2.n_name", "(date_part('year'::text, (lineitem.l_shipdate)::timestamp without time zone))", "sum((lineitem.l_extendedprice * ('1'::numeric - lineitem.l_discount)))"], "Group Key": ["n1.n_name", "n2.n_name", "(date_part('year'::text, (lineitem.l_shipdate)::timestamp without time zone))"], "Plans": [{"Node Type": "Sort", "Parent Relationship": "Outer", "Parallel Aware": false, "Startup Cost": 262533.93, "Total Cost": 262534.15, "Plan Rows": 89, "Plan Width": 78, "Actual Startup Time": 23583.319, "Actual Total Time": 23583.637, "Actual Rows": 5857, "Actual Loops": 1, "Output": ["n1.n_name", "n2.n_name", "(date_part('year'::text, (lineitem.l_shipdate)::timestamp without time zone))", "lineitem.l_extendedprice", "lineitem.l_discount"], "Sort Key": ["n1.n_name", "n2.n_name", "(date_part('year'::text, (lineitem.l_shipdate)::timestamp without time zone))"], "Sort Method": "quicksort", "Sort Space Used": 650, "Sort Space Type": "Memory", "Plans": [{"Node Type": "Hash Join", "Parent Relationship": "Outer", "Parallel Aware": false, "Join Type": "Inner", "Startup Cost": 52933.46, "Total Cost": 262531.05, "Plan Rows": 89, "Plan Width": 78, "Actual Startup Time": 6842.832, "Actual Total Time": 23508.789, "Actual Rows": 5857, "Actual Loops": 1, "Output": ["n1.n_name", "n2.n_name", "date_part('year'::text, (lineitem.l_shipdate)::timestamp without time zone)", "lineitem.l_extendedprice", "lineitem.l_discount"], "Inner Unique": false, "Hash Cond": "(lineitem.l_suppkey = supplier.s_suppkey)", "Join Filter": "((((n1.n_name)::text = 'BRAZIL'::text) AND ((n2.n_name)::text = 'CANADA'::text)) OR (((n1.n_name)::text = 'CANADA'::text) AND ((n2.n_name)::text = 'BRAZIL'::text)))", "Rows Removed by Join Filter": 5906, "Plans": [{"Node Type": "Hash Join", "Parent Relationship": "Outer", "Parallel Aware": false, "Join Type": "Inner", "Startup Cost": 52566.05, "Total Cost": 262156.04, "Plan Rows": 1810, "Plan Width": 49, "Actual Startup Time": 6750.649, "Actual Total Time": 23246.583, "Actual Rows": 146325, "Actual Loops": 1, "Output": ["lineitem.l_shipdate", "lineitem.l_extendedprice", "lineitem.l_discount", "lineitem.l_suppkey", "n2.n_name"], "Inner Unique": false, "Hash Cond": "(lineitem.l_orderkey = orders.o_orderkey)", "Plans": [{"Node Type": "Seq Scan", "Parent Relationship": "Outer", "Parallel Aware": false, "Relation Name": "lineitem", "Schema": "public", "Alias": "lineitem", "Startup Cost": 0.0, "Total Cost": 202484.64, "Plan Rows": 1846489, "Plan Width": 24, "Actual Startup Time": 0.039, "Actual Total Time": 9508.252, "Actual Rows": 1827668, "Actual Loops": 1, "Output": ["lineitem.l_orderkey", "lineitem.l_partkey", "lineitem.l_suppkey", "lineitem.l_linenumber", "lineitem.l_quantity", "lineitem.l_extendedprice", "lineitem.l_discount", "lineitem.l_tax", "lineitem.l_returnflag", "lineitem.l_linestatus", "lineitem.l_shipdate", "lineitem.l_commitdate", "lineitem.l_receiptdate", "lineitem.l_shipinstruct", "lineitem.l_shipmode", "lineitem.l_comment"], "Filter": "((lineitem.l_shipdate >= '1995-01-01'::date) AND (lineitem.l_shipdate <= '1996-12-31'::date))", "Rows Removed by Filter": 4172335}, {"Node Type": "Hash", "Parent Relationship": "Inner", "Parallel Aware": false, "Startup Cost": 52382.22, "Total Cost": 52382.22, "Plan Rows": 14706, "Plan Width": 33, "Actual Startup Time": 6749.363, "Actual Total Time": 6749.393, "Actual Rows": 119826, "Actual Loops": 1, "Output": ["orders.o_orderkey", "n2.n_name"], "Hash Buckets": 131072, "Original Hash Buckets": 16384, "Hash Batches": 2, "Original Hash Batches": 1, "Peak Memory Usage": 3538, "Plans": [{"Node Type": "Hash Join", "Parent Relationship": "Outer", "Parallel Aware": false, "Join Type": "Inner", "Startup Cost": 5518.12, "Total Cost": 52382.22, "Plan Rows": 14706, "Plan Width": 33, "Actual Startup Time": 638.859, "Actual Total Time": 6323.365, "Actual Rows": 119826, "Actual Loops": 1, "Output": ["orders.o_orderkey", "n2.n_name"], "Inner Unique": false, "Hash Cond": "(orders.o_custkey = customer.c_custkey)", "Plans": [{"Node Type": "Seq Scan", "Parent Relationship": "Outer", "Parallel Aware": false, "Relation Name": "orders", "Schema": "public", "Alias": "orders", "Startup Cost": 0.0, "Total Cost": 41092.0, "Plan Rows": 1500000, "Plan Width": 8, "Actual Startup Time": 0.037, "Actual Total Time": 4333.108, "Actual Rows": 1500000, "Actual Loops": 1, "Output": ["orders.o_orderkey", "orders.o_custkey", "orders.o_orderstatus", "orders.o_totalprice", "orders.o_orderdate", "orders.o_orderpriority", "orders.o_clerk", "orders.o_shippriority", "orders.o_comment"]}, {"Node Type": "Hash", "Parent Relationship": "Inner", "Parallel Aware": false, "Startup Cost": 5499.73, "Total Cost": 5499.73, "Plan Rows": 1471, "Plan Width": 33, "Actual Startup Time": 638.404, "Actual Total Time": 638.422, "Actual Rows": 12019, "Actual Loops": 1, "Output": ["customer.c_custkey", "n2.n_name"], "Hash Buckets": 16384, "Original Hash Buckets": 2048, "Hash Batches": 1, "Original Hash Batches": 1, "Peak Memory Usage": 633, "Plans": [{"Node Type": "Hash Join", "Parent Relationship": "Outer", "Parallel Aware": false, "Join Type": "Inner", "Startup Cost": 17.71, "Total Cost": 5499.73, "Plan Rows": 1471, "Plan Width": 33, "Actual Startup Time": 0.583, "Actual Total Time": 632.94, "Actual Rows": 12019, "Actual Loops": 1, "Output": ["customer.c_custkey", "n2.n_name"], "Inner Unique": true, "Hash Cond": "(customer.c_nationkey = n2.n_nationkey)", "Plans": [{"Node Type": "Seq Scan", "Parent Relationship": "Outer", "Parallel Aware": false, "Relation Name": "customer", "Schema": "public", "Alias": "customer", "Startup Cost": 0.0, "Total Cost": 5085.0, "Plan Rows": 150000, "Plan Width": 8, "Actual Startup Time": 0.003, "Actual Total Time": 85.391, "Actual Rows": 150000, "Actual Loops": 1, "Output": ["customer.c_custkey", "customer.c_name", "customer.c_address", "customer.c_nationkey", "customer.c_phone", "customer.c_acctbal", "customer.c_mktsegment", "customer.c_comment"]}, {"Node Type": "Hash", "Parent Relationship": "Inner", "Parallel Aware": false, "Startup Cost": 17.65, "Total Cost": 17.65, "Plan Rows": 5, "Plan Width": 33, "Actual Startup Time": 0.05, "Actual Total Time": 0.055, "Actual Rows": 2, "Actual Loops": 1, "Output": ["n2.n_name", "n2.n_nationkey"], "Hash Buckets": 1024, "Original Hash Buckets": 1024, "Hash Batches": 1, "Original Hash Batches": 1, "Peak Memory Usage": 9, "Plans": [{"Node Type": "Seq Scan", "Parent Relationship": "Outer", "Parallel Aware": false, "Relation Name": "nation", "Schema": "public", "Alias": "n2", "Startup Cost": 0.0, "Total Cost": 17.65, "Plan Rows": 5, "Plan Width": 33, "Actual Startup Time": 0.01, "Actual Total Time": 0.011, "Actual Rows": 2, "Actual Loops": 1, "Output": ["n2.n_name", "n2.n_nationkey"], "Filter": "(((n2.n_name)::text = 'CANADA'::text) OR ((n2.n_name)::text = 'BRAZIL'::text))", "Rows Removed by Filter": 23}]}]}]}]}]}]}, {"Node Type": "Hash", "Parent Relationship": "Inner", "Parallel Aware": false, "Startup Cost": 366.18, "Total Cost": 366.18, "Plan Rows": 98, "Plan Width": 33, "Actual Startup Time": 90.922, "Actual Total Time": 90.944, "Actual Rows": 809, "Actual Loops": 1, "Output": ["supplier.s_suppkey", "n1.n_name"], "Hash Buckets": 1024, "Original Hash Buckets": 1024, "Hash Batches": 1, "Original Hash Batches": 1, "Peak Memory Usage": 42, "Plans": [{"Node Type": "Hash Join", "Parent Relationship": "Outer", "Parallel Aware": false, "Join Type": "Inner", "Startup Cost": 17.71, "Total Cost": 366.18, "Plan Rows": 98, "Plan Width": 33, "Actual Startup Time": 0.055, "Actual Total Time": 90.743, "Actual Rows": 809, "Actual Loops": 1, "Output": ["supplier.s_suppkey", "n1.n_name"], "Inner Unique": true, "Hash Cond": "(supplier.s_nationkey = n1.n_nationkey)", "Plans": [{"Node Type": "Seq Scan", "Parent Relationship": "Outer", "Parallel Aware": false, "Relation Name": "supplier", "Schema": "public", "Alias": "supplier", "Startup Cost": 0.0, "Total Cost": 322.0, "Plan Rows": 10000, "Plan Width": 8, "Actual Startup Time": 0.008, "Actual Total Time": 12.218, "Actual Rows": 10000, "Actual Loops": 1, "Output": ["supplier.s_suppkey", "supplier.s_name", "supplier.s_address", "supplier.s_nationkey", "supplier.s_phone", "supplier.s_acctbal", "supplier.s_comment"]}, {"Node Type": "Hash", "Parent Relationship": "Inner", "Parallel Aware": false, "Startup Cost": 17.65, "Total Cost": 17.65, "Plan Rows": 5, "Plan Width": 33, "Actual Startup Time": 0.017, "Actual Total Time": 0.027, "Actual Rows": 2, "Actual Loops": 1, "Output": ["n1.n_name", "n1.n_nationkey"], "Hash Buckets": 1024, "Original Hash Buckets": 1024, "Hash Batches": 1, "Original Hash Batches": 1, "Peak Memory Usage": 9, "Plans": [{"Node Type": "Seq Scan", "Parent Relationship": "Outer", "Parallel Aware": false, "Relation Name": "nation", "Schema": "public", "Alias": "n1", "Startup Cost": 0.0, "Total Cost": 17.65, "Plan Rows": 5, "Plan Width": 33, "Actual Startup Time": 0.005, "Actual Total Time": 0.01, "Actual Rows": 2, "Actual Loops": 1, "Output": ["n1.n_name", "n1.n_nationkey"], "Filter": "(((n1.n_name)::text = 'BRAZIL'::text) OR ((n1.n_name)::text = 'CANADA'::text))", "Rows Removed by Filter": 23}]}]}]}]}]}]}, "Planning Time": 48.436, "Triggers": [], "Execution Time": 23599.064}]
q11#####[{"Plan": {"Node Type": "Aggregate", "Strategy": "Sorted", "Partial Mode": "Simple", "Parallel Aware": false, "Startup Cost": 262533.93, "Total Cost": 262537.04, "Plan Rows": 89, "Plan Width": 98, "Actual Startup Time": 21660.034, "Actual Total Time": 21661.706, "Actual Rows": 4, "Actual Loops": 1, "Output": ["n1.n_name", "n2.n_name", "(date_part('year'::text, (lineitem.l_shipdate)::timestamp without time zone))", "sum((lineitem.l_extendedprice * ('1'::numeric - lineitem.l_discount)))"], "Group Key": ["n1.n_name", "n2.n_name", "(date_part('year'::text, (lineitem.l_shipdate)::timestamp without time zone))"], "Plans": [{"Node Type": "Sort", "Parent Relationship": "Outer", "Parallel Aware": false, "Startup Cost": 262533.93, "Total Cost": 262534.15, "Plan Rows": 89, "Plan Width": 78, "Actual Startup Time": 21659.359, "Actual Total Time": 21660.169, "Actual Rows": 5985, "Actual Loops": 1, "Output": ["n1.n_name", "n2.n_name", "(date_part('year'::text, (lineitem.l_shipdate)::timestamp without time zone))", "lineitem.l_extendedprice", "lineitem.l_discount"], "Sort Key": ["n1.n_name", "n2.n_name", "(date_part('year'::text, (lineitem.l_shipdate)::timestamp without time zone))"], "Sort Method": "quicksort", "Sort Space Used": 660, "Sort Space Type": "Memory", "Plans": [{"Node Type": "Hash Join", "Parent Relationship": "Outer", "Parallel Aware": false, "Join Type": "Inner", "Startup Cost": 52933.46, "Total Cost": 262531.05, "Plan Rows": 89, "Plan Width": 78, "Actual Startup Time": 5217.964, "Actual Total Time": 21588.671, "Actual Rows": 5985, "Actual Loops": 1, "Output": ["n1.n_name", "n2.n_name", "date_part('year'::text, (lineitem.l_shipdate)::timestamp without time zone)", "lineitem.l_extendedprice", "lineitem.l_discount"], "Inner Unique": false, "Hash Cond": "(lineitem.l_suppkey = supplier.s_suppkey)", "Join Filter": "((((n1.n_name)::text = 'ROMANIA'::text) AND ((n2.n_name)::text = 'INDIA'::text)) OR (((n1.n_name)::text = 'INDIA'::text) AND ((n2.n_name)::text = 'ROMANIA'::text)))", "Rows Removed by Join Filter": 5929, "Plans": [{"Node Type": "Hash Join", "Parent Relationship": "Outer", "Parallel Aware": false, "Join Type": "Inner", "Startup Cost": 52566.05, "Total Cost": 262156.04, "Plan Rows": 1810, "Plan Width": 49, "Actual Startup Time": 5187.995, "Actual Total Time": 21377.432, "Actual Rows": 146439, "Actual Loops": 1, "Output": ["lineitem.l_shipdate", "lineitem.l_extendedprice", "lineitem.l_discount", "lineitem.l_suppkey", "n2.n_name"], "Inner Unique": false, "Hash Cond": "(lineitem.l_orderkey = orders.o_orderkey)", "Plans": [{"Node Type": "Seq Scan", "Parent Relationship": "Outer", "Parallel Aware": false, "Relation Name": "lineitem", "Schema": "public", "Alias": "lineitem", "Startup Cost": 0.0, "Total Cost": 202484.64, "Plan Rows": 1846489, "Plan Width": 24, "Actual Startup Time": 0.035, "Actual Total Time": 9593.017, "Actual Rows": 1827668, "Actual Loops": 1, "Output": ["lineitem.l_orderkey", "lineitem.l_partkey", "lineitem.l_suppkey", "lineitem.l_linenumber", "lineitem.l_quantity", "lineitem.l_extendedprice", "lineitem.l_discount", "lineitem.l_tax", "lineitem.l_returnflag", "lineitem.l_linestatus", "lineitem.l_shipdate", "lineitem.l_commitdate", "lineitem.l_receiptdate", "lineitem.l_shipinstruct", "lineitem.l_shipmode", "lineitem.l_comment"], "Filter": "((lineitem.l_shipdate >= '1995-01-01'::date) AND (lineitem.l_shipdate <= '1996-12-31'::date))", "Rows Removed by Filter": 4172335}, {"Node Type": "Hash", "Parent Relationship": "Inner", "Parallel Aware": false, "Startup Cost": 52382.22, "Total Cost": 52382.22, "Plan Rows": 14706, "Plan Width": 33, "Actual Startup Time": 5185.542, "Actual Total Time": 5185.577, "Actual Rows": 120285, "Actual Loops": 1, "Output": ["orders.o_orderkey", "n2.n_name"], "Hash Buckets": 131072, "Original Hash Buckets": 16384, "Hash Batches": 2, "Original Hash Batches": 1, "Peak Memory Usage": 3552, "Plans": [{"Node Type": "Hash Join", "Parent Relationship": "Outer", "Parallel Aware": false, "Join Type": "Inner", "Startup Cost": 5518.12, "Total Cost": 52382.22, "Plan Rows": 14706, "Plan Width": 33, "Actual Startup Time": 181.708, "Actual Total Time": 4857.078, "Actual Rows": 120285, "Actual Loops": 1, "Output": ["orders.o_orderkey", "n2.n_name"], "Inner Unique": false, "Hash Cond": "(orders.o_custkey = customer.c_custkey)", "Plans": [{"Node Type": "Seq Scan", "Parent Relationship": "Outer", "Parallel Aware": false, "Relation Name": "orders", "Schema": "public", "Alias": "orders", "Startup Cost": 0.0, "Total Cost": 41092.0, "Plan Rows": 1500000, "Plan Width": 8, "Actual Startup Time": 0.016, "Actual Total Time": 3244.566, "Actual Rows": 1500000, "Actual Loops": 1, "Output": ["orders.o_orderkey", "orders.o_custkey", "orders.o_orderstatus", "orders.o_totalprice", "orders.o_orderdate", "orders.o_orderpriority", "orders.o_clerk", "orders.o_shippriority", "orders.o_comment"]}, {"Node Type": "Hash", "Parent Relationship": "Inner", "Parallel Aware": false, "Startup Cost": 5499.73, "Total Cost": 5499.73, "Plan Rows": 1471, "Plan Width": 33, "Actual Startup Time": 165.475, "Actual Total Time": 165.493, "Actual Rows": 12142, "Actual Loops": 1, "Output": ["customer.c_custkey", "n2.n_name"], "Hash Buckets": 16384, "Original Hash Buckets": 2048, "Hash Batches": 1, "Original Hash Batches": 1, "Peak Memory Usage": 638, "Plans": [{"Node Type": "Hash Join", "Parent Relationship": "Outer", "Parallel Aware": false, "Join Type": "Inner", "Startup Cost": 17.71, "Total Cost": 5499.73, "Plan Rows": 1471, "Plan Width": 33, "Actual Startup Time": 0.329, "Actual Total Time": 130.55, "Actual Rows": 12142, "Actual Loops": 1, "Output": ["customer.c_custkey", "n2.n_name"], "Inner Unique": true, "Hash Cond": "(customer.c_nationkey = n2.n_nationkey)", "Plans": [{"Node Type": "Seq Scan", "Parent Relationship": "Outer", "Parallel Aware": false, "Relation Name": "customer", "Schema": "public", "Alias": "customer", "Startup Cost": 0.0, "Total Cost": 5085.0, "Plan Rows": 150000, "Plan Width": 8, "Actual Startup Time": 0.014, "Actual Total Time": 86.286, "Actual Rows": 150000, "Actual Loops": 1, "Output": ["customer.c_custkey", "customer.c_name", "customer.c_address", "customer.c_nationkey", "customer.c_phone", "customer.c_acctbal", "customer.c_mktsegment", "customer.c_comment"]}, {"Node Type": "Hash", "Parent Relationship": "Inner", "Parallel Aware": false, "Startup Cost": 17.65, "Total Cost": 17.65, "Plan Rows": 5, "Plan Width": 33, "Actual Startup Time": 0.02, "Actual Total Time": 0.023, "Actual Rows": 2, "Actual Loops": 1, "Output": ["n2.n_name", "n2.n_nationkey"], "Hash Buckets": 1024, "Original Hash Buckets": 1024, "Hash Batches": 1, "Original Hash Batches": 1, "Peak Memory Usage": 9, "Plans": [{"Node Type": "Seq Scan", "Parent Relationship": "Outer", "Parallel Aware": false, "Relation Name": "nation", "Schema": "public", "Alias": "n2", "Startup Cost": 0.0, "Total Cost": 17.65, "Plan Rows": 5, "Plan Width": 33, "Actual Startup Time": 0.01, "Actual Total Time": 0.012, "Actual Rows": 2, "Actual Loops": 1, "Output": ["n2.n_name", "n2.n_nationkey"], "Filter": "(((n2.n_name)::text = 'INDIA'::text) OR ((n2.n_name)::text = 'ROMANIA'::text))", "Rows Removed by Filter": 23}]}]}]}]}]}]}, {"Node Type": "Hash", "Parent Relationship": "Inner", "Parallel Aware": false, "Startup Cost": 366.18, "Total Cost": 366.18, "Plan Rows": 98, "Plan Width": 33, "Actual Startup Time": 12.166, "Actual Total Time": 12.61, "Actual Rows": 813, "Actual Loops": 1, "Output": ["supplier.s_suppkey", "n1.n_name"], "Hash Buckets": 1024, "Original Hash Buckets": 1024, "Hash Batches": 1, "Original Hash Batches": 1, "Peak Memory Usage": 43, "Plans": [{"Node Type": "Hash Join", "Parent Relationship": "Outer", "Parallel Aware": false, "Join Type": "Inner", "Startup Cost": 17.71, "Total Cost": 366.18, "Plan Rows": 98, "Plan Width": 33, "Actual Startup Time": 0.063, "Actual Total Time": 12.178, "Actual Rows": 813, "Actual Loops": 1, "Output": ["supplier.s_suppkey", "n1.n_name"], "Inner Unique": true, "Hash Cond": "(supplier.s_nationkey = n1.n_nationkey)", "Plans": [{"Node Type": "Seq Scan", "Parent Relationship": "Outer", "Parallel Aware": false, "Relation Name": "supplier", "Schema": "public", "Alias": "supplier", "Startup Cost": 0.0, "Total Cost": 322.0, "Plan Rows": 10000, "Plan Width": 8, "Actual Startup Time": 0.009, "Actual Total Time": 11.175, "Actual Rows": 10000, "Actual Loops": 1, "Output": ["supplier.s_suppkey", "supplier.s_name", "supplier.s_address", "supplier.s_nationkey", "supplier.s_phone", "supplier.s_acctbal", "supplier.s_comment"]}, {"Node Type": "Hash", "Parent Relationship": "Inner", "Parallel Aware": false, "Startup Cost": 17.65, "Total Cost": 17.65, "Plan Rows": 5, "Plan Width": 33, "Actual Startup Time": 0.016, "Actual Total Time": 0.026, "Actual Rows": 2, "Actual Loops": 1, "Output": ["n1.n_name", "n1.n_nationkey"], "Hash Buckets": 1024, "Original Hash Buckets": 1024, "Hash Batches": 1, "Original Hash Batches": 1, "Peak Memory Usage": 9, "Plans": [{"Node Type": "Seq Scan", "Parent Relationship": "Outer", "Parallel Aware": false, "Relation Name": "nation", "Schema": "public", "Alias": "n1", "Startup Cost": 0.0, "Total Cost": 17.65, "Plan Rows": 5, "Plan Width": 33, "Actual Startup Time": 0.006, "Actual Total Time": 0.01, "Actual Rows": 2, "Actual Loops": 1, "Output": ["n1.n_name", "n1.n_nationkey"], "Filter": "(((n1.n_name)::text = 'ROMANIA'::text) OR ((n1.n_name)::text = 'INDIA'::text))", "Rows Removed by Filter": 23}]}]}]}]}]}]}, "Planning Time": 25.635, "Triggers": [], "Execution Time": 21662.816}]
q12#####[{"Plan": {"Node Type": "Aggregate", "Strategy": "Sorted", "Partial Mode": "Simple", "Parallel Aware": false, "Startup Cost": 262533.93, "Total Cost": 262537.04, "Plan Rows": 89, "Plan Width": 98, "Actual Startup Time": 16757.795, "Actual Total Time": 16766.948, "Actual Rows": 4, "Actual Loops": 1, "Output": ["n1.n_name", "n2.n_name", "(date_part('year'::text, (lineitem.l_shipdate)::timestamp without time zone))", "sum((lineitem.l_extendedprice * ('1'::numeric - lineitem.l_discount)))"], "Group Key": ["n1.n_name", "n2.n_name", "(date_part('year'::text, (lineitem.l_shipdate)::timestamp without time zone))"], "Plans": [{"Node Type": "Sort", "Parent Relationship": "Outer", "Parallel Aware": false, "Startup Cost": 262533.93, "Total Cost": 262534.15, "Plan Rows": 89, "Plan Width": 78, "Actual Startup Time": 16752.063, "Actual Total Time": 16752.394, "Actual Rows": 5952, "Actual Loops": 1, "Output": ["n1.n_name", "n2.n_name", "(date_part('year'::text, (lineitem.l_shipdate)::timestamp without time zone))", "lineitem.l_extendedprice", "lineitem.l_discount"], "Sort Key": ["n1.n_name", "n2.n_name", "(date_part('year'::text, (lineitem.l_shipdate)::timestamp without time zone))"], "Sort Method": "quicksort", "Sort Space Used": 658, "Sort Space Type": "Memory", "Plans": [{"Node Type": "Hash Join", "Parent Relationship": "Outer", "Parallel Aware": false, "Join Type": "Inner", "Startup Cost": 52933.46, "Total Cost": 262531.05, "Plan Rows": 89, "Plan Width": 78, "Actual Startup Time": 3117.368, "Actual Total Time": 16732.958, "Actual Rows": 5952, "Actual Loops": 1, "Output": ["n1.n_name", "n2.n_name", "date_part('year'::text, (lineitem.l_shipdate)::timestamp without time zone)", "lineitem.l_extendedprice", "lineitem.l_discount"], "Inner Unique": false, "Hash Cond": "(lineitem.l_suppkey = supplier.s_suppkey)", "Join Filter": "((((n1.n_name)::text = 'VIETNAM'::text) AND ((n2.n_name)::text = 'RUSSIA'::text)) OR (((n1.n_name)::text = 'RUSSIA'::text) AND ((n2.n_name)::text = 'VIETNAM'::text)))", "Rows Removed by Join Filter": 6136, "Plans": [{"Node Type": "Hash Join", "Parent Relationship": "Outer", "Parallel Aware": false, "Join Type": "Inner", "Startup Cost": 52566.05, "Total Cost": 262156.04, "Plan Rows": 1810, "Plan Width": 49, "Actual Startup Time": 3098.114, "Actual Total Time": 16620.763, "Actual Rows": 148596, "Actual Loops": 1, "Output": ["lineitem.l_shipdate", "lineitem.l_extendedprice", "lineitem.l_discount", "lineitem.l_suppkey", "n2.n_name"], "Inner Unique": false, "Hash Cond": "(lineitem.l_orderkey = orders.o_orderkey)", "Plans": [{"Node Type": "Seq Scan", "Parent Relationship": "Outer", "Parallel Aware": false, "Relation Name": "lineitem", "Schema": "public", "Alias": "lineitem", "Startup Cost": 0.0, "Total Cost": 202484.64, "Plan Rows": 1846489, "Plan Width": 24, "Actual Startup Time": 0.011, "Actual Total Time": 9477.261, "Actual Rows": 1827668, "Actual Loops": 1, "Output": ["lineitem.l_orderkey", "lineitem.l_partkey", "lineitem.l_suppkey", "lineitem.l_linenumber", "lineitem.l_quantity", "lineitem.l_extendedprice", "lineitem.l_discount", "lineitem.l_tax", "lineitem.l_returnflag", "lineitem.l_linestatus", "lineitem.l_shipdate", "lineitem.l_commitdate", "lineitem.l_receiptdate", "lineitem.l_shipinstruct", "lineitem.l_shipmode", "lineitem.l_comment"], "Filter": "((lineitem.l_shipdate >= '1995-01-01'::date) AND (lineitem.l_shipdate <= '1996-12-31'::date))", "Rows Removed by Filter": 4172335}, {"Node Type": "Hash", "Parent Relationship": "Inner", "Parallel Aware": false, "Startup Cost": 52382.22, "Total Cost": 52382.22, "Plan Rows": 14706, "Plan Width": 33, "Actual Startup Time": 3095.666, "Actual Total Time": 3095.693, "Actual Rows": 121483, "Actual Loops": 1, "Output": ["orders.o_orderkey", "n2.n_name"], "Hash Buckets": 131072, "Original Hash Buckets": 16384, "Hash Batches": 2, "Original Hash Batches": 1, "Peak Memory Usage": 3595, "Plans": [{"Node Type": "Hash Join", "Parent Relationship": "Outer", "Parallel Aware": false, "Join Type": "Inner", "Startup Cost": 5518.12, "Total Cost": 52382.22, "Plan Rows": 14706, "Plan Width": 33, "Actual Startup Time": 177.148, "Actual Total Time": 2932.58, "Actual Rows": 121483, "Actual Loops": 1, "Output": ["orders.o_orderkey", "n2.n_name"], "Inner Unique": false, "Hash Cond": "(orders.o_custkey = customer.c_custkey)", "Plans": [{"Node Type": "Seq Scan", "Parent Relationship": "Outer", "Parallel Aware": false, "Relation Name": "orders", "Schema": "public", "Alias": "orders", "Startup Cost": 0.0, "Total Cost": 41092.0, "Plan Rows": 1500000, "Plan Width": 8, "Actual Startup Time": 12.059, "Actual Total Time": 1516.759, "Actual Rows": 1500000, "Actual Loops": 1, "Output": ["orders.o_orderkey", "orders.o_custkey", "orders.o_orderstatus", "orders.o_totalprice", "orders.o_orderdate", "orders.o_orderpriority", "orders.o_clerk", "orders.o_shippriority", "orders.o_comment"]}, {"Node Type": "Hash", "Parent Relationship": "Inner", "Parallel Aware": false, "Startup Cost": 5499.73, "Total Cost": 5499.73, "Plan Rows": 1471, "Plan Width": 33, "Actual Startup Time": 165.056, "Actual Total Time": 165.079, "Actual Rows": 12086, "Actual Loops": 1, "Output": ["customer.c_custkey", "n2.n_name"], "Hash Buckets": 16384, "Original Hash Buckets": 2048, "Hash Batches": 1, "Original Hash Batches": 1, "Peak Memory Usage": 642, "Plans": [{"Node Type": "Hash Join", "Parent Relationship": "Outer", "Parallel Aware": false, "Join Type": "Inner", "Startup Cost": 17.71, "Total Cost": 5499.73, "Plan Rows": 1471, "Plan Width": 33, "Actual Startup Time": 0.049, "Actual Total Time": 154.219, "Actual Rows": 12086, "Actual Loops": 1, "Output": ["customer.c_custkey", "n2.n_name"], "Inner Unique": true, "Hash Cond": "(customer.c_nationkey = n2.n_nationkey)", "Plans": [{"Node Type": "Seq Scan", "Parent Relationship": "Outer", "Parallel Aware": false, "Relation Name": "customer", "Schema": "public", "Alias": "customer", "Startup Cost": 0.0, "Total Cost": 5085.0, "Plan Rows": 150000, "Plan Width": 8, "Actual Startup Time": 0.004, "Actual Total Time": 83.681, "Actual Rows": 150000, "Actual Loops": 1, "Output": ["customer.c_custkey", "customer.c_name", "customer.c_address", "customer.c_nationkey", "customer.c_phone", "customer.c_acctbal", "customer.c_mktsegment", "customer.c_comment"]}, {"Node Type": "Hash", "Parent Relationship": "Inner", "Parallel Aware": false, "Startup Cost": 17.65, "Total Cost": 17.65, "Plan Rows": 5, "Plan Width": 33, "Actual Startup Time": 0.012, "Actual Total Time": 0.017, "Actual Rows": 2, "Actual Loops": 1, "Output": ["n2.n_name", "n2.n_nationkey"], "Hash Buckets": 1024, "Original Hash Buckets": 1024, "Hash Batches": 1, "Original Hash Batches": 1, "Peak Memory Usage": 9, "Plans": [{"Node Type": "Seq Scan", "Parent Relationship": "Outer", "Parallel Aware": false, "Relation Name": "nation", "Schema": "public", "Alias": "n2", "Startup Cost": 0.0, "Total Cost": 17.65, "Plan Rows": 5, "Plan Width": 33, "Actual Startup Time": 0.005, "Actual Total Time": 0.006, "Actual Rows": 2, "Actual Loops": 1, "Output": ["n2.n_name", "n2.n_nationkey"], "Filter": "(((n2.n_name)::text = 'RUSSIA'::text) OR ((n2.n_name)::text = 'VIETNAM'::text))", "Rows Removed by Filter": 23}]}]}]}]}]}]}, {"Node Type": "Hash", "Parent Relationship": "Inner", "Parallel Aware": false, "Startup Cost": 366.18, "Total Cost": 366.18, "Plan Rows": 98, "Plan Width": 33, "Actual Startup Time": 1.359, "Actual Total Time": 1.379, "Actual Rows": 800, "Actual Loops": 1, "Output": ["supplier.s_suppkey", "n1.n_name"], "Hash Buckets": 1024, "Original Hash Buckets": 1024, "Hash Batches": 1, "Original Hash Batches": 1, "Peak Memory Usage": 42, "Plans": [{"Node Type": "Hash Join", "Parent Relationship": "Outer", "Parallel Aware": false, "Join Type": "Inner", "Startup Cost": 17.71, "Total Cost": 366.18, "Plan Rows": 98, "Plan Width": 33, "Actual Startup Time": 0.044, "Actual Total Time": 1.273, "Actual Rows": 800, "Actual Loops": 1, "Output": ["supplier.s_suppkey", "n1.n_name"], "Inner Unique": true, "Hash Cond": "(supplier.s_nationkey = n1.n_nationkey)", "Plans": [{"Node Type": "Seq Scan", "Parent Relationship": "Outer", "Parallel Aware": false, "Relation Name": "supplier", "Schema": "public", "Alias": "supplier", "Startup Cost": 0.0, "Total Cost": 322.0, "Plan Rows": 10000, "Plan Width": 8, "Actual Startup Time": 0.005, "Actual Total Time": 0.482, "Actual Rows": 10000, "Actual Loops": 1, "Output": ["supplier.s_suppkey", "supplier.s_name", "supplier.s_address", "supplier.s_nationkey", "supplier.s_phone", "supplier.s_acctbal", "supplier.s_comment"]}, {"Node Type": "Hash", "Parent Relationship": "Inner", "Parallel Aware": false, "Startup Cost": 17.65, "Total Cost": 17.65, "Plan Rows": 5, "Plan Width": 33, "Actual Startup Time": 0.013, "Actual Total Time": 0.018, "Actual Rows": 2, "Actual Loops": 1, "Output": ["n1.n_name", "n1.n_nationkey"], "Hash Buckets": 1024, "Original Hash Buckets": 1024, "Hash Batches": 1, "Original Hash Batches": 1, "Peak Memory Usage": 9, "Plans": [{"Node Type": "Seq Scan", "Parent Relationship": "Outer", "Parallel Aware": false, "Relation Name": "nation", "Schema": "public", "Alias": "n1", "Startup Cost": 0.0, "Total Cost": 17.65, "Plan Rows": 5, "Plan Width": 33, "Actual Startup Time": 0.006, "Actual Total Time": 0.009, "Actual Rows": 2, "Actual Loops": 1, "Output": ["n1.n_name", "n1.n_nationkey"], "Filter": "(((n1.n_name)::text = 'VIETNAM'::text) OR ((n1.n_name)::text = 'RUSSIA'::text))", "Rows Removed by Filter": 23}]}]}]}]}]}]}, "Planning Time": 6.665, "Triggers": [], "Execution Time": 16769.258}]
q13#####[{"Plan": {"Node Type": "Sort", "Parallel Aware": false, "Startup Cost": 3024189.51, "Total Cost": 3037793.76, "Plan Rows": 5441700, "Plan Width": 205, "Actual Startup Time": 12542.441, "Actual Total Time": 12579.811, "Actual Rows": 38269, "Actual Loops": 1, "Output": ["customer.c_custkey", "customer.c_name", "(sum((lineitem.l_extendedprice * ('1'::numeric - lineitem.l_discount))))", "customer.c_acctbal", "nation.n_name", "customer.c_address", "customer.c_phone", "customer.c_comment"], "Sort Key": ["(sum((lineitem.l_extendedprice * ('1'::numeric - lineitem.l_discount)))) DESC"], "Sort Method": "external merge", "Sort Space Used": 6464, "Sort Space Type": "Disk", "Plans": [{"Node Type": "Aggregate", "Strategy": "Sorted", "Partial Mode": "Simple", "Parent Relationship": "Outer", "Parallel Aware": false, "Startup Cost": 278439.27, "Total Cost": 797216.79, "Plan Rows": 5441700, "Plan Width": 205, "Actual Startup Time": 11061.945, "Actual Total Time": 12287.799, "Actual Rows": 38269, "Actual Loops": 1, "Output": ["customer.c_custkey", "customer.c_name", "sum((lineitem.l_extendedprice * ('1'::numeric - lineitem.l_discount)))", "customer.c_acctbal", "nation.n_name", "customer.c_address", "customer.c_phone", "customer.c_comment"], "Group Key": ["customer.c_custkey", "customer.c_name", "customer.c_acctbal", "customer.c_phone", "nation.n_name", "customer.c_address", "customer.c_comment"], "Plans": [{"Node Type": "Incremental Sort", "Parent Relationship": "Outer", "Parallel Aware": false, "Startup Cost": 278439.27, "Total Cost": 593153.04, "Plan Rows": 5441700, "Plan Width": 185, "Actual Startup Time": 11061.913, "Actual Total Time": 11979.855, "Actual Rows": 112872, "Actual Loops": 1, "Output": ["customer.c_custkey", "customer.c_name", "customer.c_acctbal", "nation.n_name", "customer.c_address", "customer.c_phone", "customer.c_comment", "lineitem.l_extendedprice", "lineitem.l_discount"], "Sort Key": ["customer.c_custkey", "customer.c_name", "customer.c_acctbal", "customer.c_phone", "nation.n_name", "customer.c_address", "customer.c_comment"], "Presorted Key": ["customer.c_custkey"], "Full-sort Groups": {"Group Count": 3358, "Sort Methods Used": ["quicksort"], "Sort Space Memory": {"Average Sort Space Used": 33, "Peak Sort Space Used": 33}}, "Plans": [{"Node Type": "Merge Join", "Parent Relationship": "Outer", "Parallel Aware": false, "Join Type": "Inner", "Startup Cost": 278437.69, "Total Cost": 280003.94, "Plan Rows": 5441700, "Plan Width": 185, "Actual Startup Time": 11061.822, "Actual Total Time": 11741.719, "Actual Rows": 112872, "Actual Loops": 1, "Output": ["customer.c_custkey", "customer.c_name", "customer.c_acctbal", "nation.n_name", "customer.c_address", "customer.c_phone", "customer.c_comment", "lineitem.l_extendedprice", "lineitem.l_discount"], "Inner Unique": false, "Merge Cond": "(customer.c_custkey = orders.o_custkey)", "Plans": [{"Node Type": "Sort", "Parent Relationship": "Outer", "Parallel Aware": false, "Startup Cost": 31219.95, "Total Cost": 31594.95, "Plan Rows": 150000, "Plan Width": 173, "Actual Startup Time": 813.816, "Actual Total Time": 1243.695, "Actual Rows": 150000, "Actual Loops": 1, "Output": ["customer.c_custkey", "customer.c_name", "customer.c_acctbal", "customer.c_address", "customer.c_phone", "customer.c_comment", "nation.n_name"], "Sort Key": ["customer.c_custkey"], "Sort Method": "external merge", "Sort Space Used": 24056, "Sort Space Type": "Disk", "Plans": [{"Node Type": "Hash Join", "Parent Relationship": "Outer", "Parallel Aware": false, "Join Type": "Inner", "Startup Cost": 21.48, "Total Cost": 5503.5, "Plan Rows": 150000, "Plan Width": 173, "Actual Startup Time": 0.045, "Actual Total Time": 453.985, "Actual Rows": 150000, "Actual Loops": 1, "Output": ["customer.c_custkey", "customer.c_name", "customer.c_acctbal", "customer.c_address", "customer.c_phone", "customer.c_comment", "nation.n_name"], "Inner Unique": true, "Hash Cond": "(customer.c_nationkey = nation.n_nationkey)", "Plans": [{"Node Type": "Seq Scan", "Parent Relationship": "Outer", "Parallel Aware": false, "Relation Name": "customer", "Schema": "public", "Alias": "customer", "Startup Cost": 0.0, "Total Cost": 5085.0, "Plan Rows": 150000, "Plan Width": 148, "Actual Startup Time": 0.021, "Actual Total Time": 109.985, "Actual Rows": 150000, "Actual Loops": 1, "Output": ["customer.c_custkey", "customer.c_name", "customer.c_address", "customer.c_nationkey", "customer.c_phone", "customer.c_acctbal", "customer.c_mktsegment", "customer.c_comment"]}, {"Node Type": "Hash", "Parent Relationship": "Inner", "Parallel Aware": false, "Startup Cost": 15.1, "Total Cost": 15.1, "Plan Rows": 510, "Plan Width": 33, "Actual Startup Time": 0.009, "Actual Total Time": 0.018, "Actual Rows": 25, "Actual Loops": 1, "Output": ["nation.n_name", "nation.n_nationkey"], "Hash Buckets": 1024, "Original Hash Buckets": 1024, "Hash Batches": 1, "Original Hash Batches": 1, "Peak Memory Usage": 10, "Plans": [{"Node Type": "Seq Scan", "Parent Relationship": "Outer", "Parallel Aware": false, "Relation Name": "nation", "Schema": "public", "Alias": "nation", "Startup Cost": 0.0, "Total Cost": 15.1, "Plan Rows": 510, "Plan Width": 33, "Actual Startup Time": 0.005, "Actual Total Time": 0.006, "Actual Rows": 25, "Actual Loops": 1, "Output": ["nation.n_name", "nation.n_nationkey"]}]}]}]}, {"Node Type": "Sort", "Parent Relationship": "Inner", "Parallel Aware": false, "Startup Cost": 247217.74, "Total Cost": 247353.78, "Plan Rows": 54417, "Plan Width": 16, "Actual Startup Time": 10247.941, "Actual Total Time": 10411.44, "Actual Rows": 112872, "Actual Loops": 1, "Output": ["orders.o_custkey", "lineitem.l_extendedprice", "lineitem.l_discount"], "Sort Key": ["orders.o_custkey"], "Sort Method": "external sort", "Sort Space Used": 3488, "Sort Space Type": "Disk", "Plans": [{"Node Type": "Hash Join", "Parent Relationship": "Outer", "Parallel Aware": false, "Join Type": "Inner", "Startup Cost": 49270.41, "Total Cost": 242937.36, "Plan Rows": 54417, "Plan Width": 16, "Actual Startup Time": 2535.354, "Actual Total Time": 9960.163, "Actual Rows": 112872, "Actual Loops": 1, "Output": ["orders.o_custkey", "lineitem.l_extendedprice", "lineitem.l_discount"], "Inner Unique": false, "Hash Cond": "(lineitem.l_orderkey = orders.o_orderkey)", "Plans": [{"Node Type": "Seq Scan", "Parent Relationship": "Outer", "Parallel Aware": false, "Relation Name": "lineitem", "Schema": "public", "Alias": "lineitem", "Startup Cost": 0.0, "Total Cost": 187482.86, "Plan Rows": 1503978, "Plan Width": 16, "Actual Startup Time": 0.04, "Actual Total Time": 6380.614, "Actual Rows": 1479175, "Actual Loops": 1, "Output": ["lineitem.l_orderkey", "lineitem.l_partkey", "lineitem.l_suppkey", "lineitem.l_linenumber", "lineitem.l_quantity", "lineitem.l_extendedprice", "lineitem.l_discount", "lineitem.l_tax", "lineitem.l_returnflag", "lineitem.l_linestatus", "lineitem.l_shipdate", "lineitem.l_commitdate", "lineitem.l_receiptdate", "lineitem.l_shipinstruct", "lineitem.l_shipmode", "lineitem.l_comment"], "Filter": "(lineitem.l_returnflag = 'R'::bpchar)", "Rows Removed by Filter": 4520828}, {"Node Type": "Hash", "Parent Relationship": "Inner", "Parallel Aware": false, "Startup Cost": 48592.0, "Total Cost": 48592.0, "Plan Rows": 54273, "Plan Width": 8, "Actual Startup Time": 2534.94, "Actual Total Time": 2534.941, "Actual Rows": 56468, "Actual Loops": 1, "Output": ["orders.o_custkey", "orders.o_orderkey"], "Hash Buckets": 65536, "Original Hash Buckets": 65536, "Hash Batches": 1, "Original Hash Batches": 1, "Peak Memory Usage": 2718, "Plans": [{"Node Type": "Seq Scan", "Parent Relationship": "Outer", "Parallel Aware": false, "Relation Name": "orders", "Schema": "public", "Alias": "orders", "Startup Cost": 0.0, "Total Cost": 48592.0, "Plan Rows": 54273, "Plan Width": 8, "Actual Startup Time": 0.017, "Actual Total Time": 2470.142, "Actual Rows": 56468, "Actual Loops": 1, "Output": ["orders.o_custkey", "orders.o_orderkey"], "Filter": "((orders.o_orderdate >= '1994-09-02'::date) AND (orders.o_orderdate < '1994-12-02 00:00:00'::timestamp without time zone))", "Rows Removed by Filter": 1443532}]}]}]}]}]}]}]}, "Planning Time": 14.468, "Triggers": [], "Execution Time": 12655.199}]
q14#####[{"Plan": {"Node Type": "Sort", "Parallel Aware": false, "Startup Cost": 3129743.99, "Total Cost": 3143852.49, "Plan Rows": 5643400, "Plan Width": 205, "Actual Startup Time": 10127.26, "Actual Total Time": 10135.546, "Actual Rows": 36354, "Actual Loops": 1, "Output": ["customer.c_custkey", "customer.c_name", "(sum((lineitem.l_extendedprice * ('1'::numeric - lineitem.l_discount))))", "customer.c_acctbal", "nation.n_name", "customer.c_address", "customer.c_phone", "customer.c_comment"], "Sort Key": ["(sum((lineitem.l_extendedprice * ('1'::numeric - lineitem.l_discount)))) DESC"], "Sort Method": "external merge", "Sort Space Used": 6152, "Sort Space Type": "Disk", "Plans": [{"Node Type": "Aggregate", "Strategy": "Sorted", "Partial Mode": "Simple", "Parent Relationship": "Outer", "Parallel Aware": false, "Startup Cost": 278658.13, "Total Cost": 818747.85, "Plan Rows": 5643400, "Plan Width": 205, "Actual Startup Time": 9932.638, "Actual Total Time": 10098.167, "Actual Rows": 36354, "Actual Loops": 1, "Output": ["customer.c_custkey", "customer.c_name", "sum((lineitem.l_extendedprice * ('1'::numeric - lineitem.l_discount)))", "customer.c_acctbal", "nation.n_name", "customer.c_address", "customer.c_phone", "customer.c_comment"], "Group Key": ["customer.c_custkey", "customer.c_name", "customer.c_acctbal", "customer.c_phone", "nation.n_name", "customer.c_address", "customer.c_comment"], "Plans": [{"Node Type": "Incremental Sort", "Parent Relationship": "Outer", "Parallel Aware": false, "Startup Cost": 278658.13, "Total Cost": 607120.35, "Plan Rows": 5643400, "Plan Width": 185, "Actual Startup Time": 9932.584, "Actual Total Time": 10046.373, "Actual Rows": 94570, "Actual Loops": 1, "Output": ["customer.c_custkey", "customer.c_name", "customer.c_acctbal", "nation.n_name", "customer.c_address", "customer.c_phone", "customer.c_comment", "lineitem.l_extendedprice", "lineitem.l_discount"], "Sort Key": ["customer.c_custkey", "customer.c_name", "customer.c_acctbal", "customer.c_phone", "nation.n_name", "customer.c_address", "customer.c_comment"], "Presorted Key": ["customer.c_custkey"], "Full-sort Groups": {"Group Count": 2837, "Sort Methods Used": ["quicksort"], "Sort Space Memory": {"Average Sort Space Used": 34, "Peak Sort Space Used": 34}}, "Plans": [{"Node Type": "Merge Join", "Parent Relationship": "Outer", "Parallel Aware": false, "Join Type": "Inner", "Startup Cost": 278656.48, "Total Cost": 280252.99, "Plan Rows": 5643400, "Plan Width": 185, "Actual Startup Time": 9932.483, "Actual Total Time": 10005.678, "Actual Rows": 94570, "Actual Loops": 1, "Output": ["customer.c_custkey", "customer.c_name", "customer.c_acctbal", "nation.n_name", "customer.c_address", "customer.c_phone", "customer.c_comment", "lineitem.l_extendedprice", "lineitem.l_discount"], "Inner Unique": false, "Merge Cond": "(customer.c_custkey = orders.o_custkey)", "Plans": [{"Node Type": "Sort", "Parent Relationship": "Outer", "Parallel Aware": false, "Startup Cost": 31219.95, "Total Cost": 31594.95, "Plan Rows": 150000, "Plan Width": 173, "Actual Startup Time": 502.259, "Actual Total Time": 541.489, "Actual Rows": 150000, "Actual Loops": 1, "Output": ["customer.c_custkey", "customer.c_name", "customer.c_acctbal", "customer.c_address", "customer.c_phone", "customer.c_comment", "nation.n_name"], "Sort Key": ["customer.c_custkey"], "Sort Method": "external merge", "Sort Space Used": 24056, "Sort Space Type": "Disk", "Plans": [{"Node Type": "Hash Join", "Parent Relationship": "Outer", "Parallel Aware": false, "Join Type": "Inner", "Startup Cost": 21.48, "Total Cost": 5503.5, "Plan Rows": 150000, "Plan Width": 173, "Actual Startup Time": 0.257, "Actual Total Time": 194.035, "Actual Rows": 150000, "Actual Loops": 1, "Output": ["customer.c_custkey", "customer.c_name", "customer.c_acctbal", "customer.c_address", "customer.c_phone", "customer.c_comment", "nation.n_name"], "Inner Unique": true, "Hash Cond": "(customer.c_nationkey = nation.n_nationkey)", "Plans": [{"Node Type": "Seq Scan", "Parent Relationship": "Outer", "Parallel Aware": false, "Relation Name": "customer", "Schema": "public", "Alias": "customer", "Startup Cost": 0.0, "Total Cost": 5085.0, "Plan Rows": 150000, "Plan Width": 148, "Actual Startup Time": 0.232, "Actual Total Time": 52.987, "Actual Rows": 150000, "Actual Loops": 1, "Output": ["customer.c_custkey", "customer.c_name", "customer.c_address", "customer.c_nationkey", "customer.c_phone", "customer.c_acctbal", "customer.c_mktsegment", "customer.c_comment"]}, {"Node Type": "Hash", "Parent Relationship": "Inner", "Parallel Aware": false, "Startup Cost": 15.1, "Total Cost": 15.1, "Plan Rows": 510, "Plan Width": 33, "Actual Startup Time": 0.015, "Actual Total Time": 0.018, "Actual Rows": 25, "Actual Loops": 1, "Output": ["nation.n_name", "nation.n_nationkey"], "Hash Buckets": 1024, "Original Hash Buckets": 1024, "Hash Batches": 1, "Original Hash Batches": 1, "Peak Memory Usage": 10, "Plans": [{"Node Type": "Seq Scan", "Parent Relationship": "Outer", "Parallel Aware": false, "Relation Name": "nation", "Schema": "public", "Alias": "nation", "Startup Cost": 0.0, "Total Cost": 15.1, "Plan Rows": 510, "Plan Width": 33, "Actual Startup Time": 0.009, "Actual Total Time": 0.01, "Actual Rows": 25, "Actual Loops": 1, "Output": ["nation.n_name", "nation.n_nationkey"]}]}]}]}, {"Node Type": "Sort", "Parent Relationship": "Inner", "Parallel Aware": false, "Startup Cost": 247436.53, "Total Cost": 247577.62, "Plan Rows": 56434, "Plan Width": 16, "Actual Startup Time": 9430.169, "Actual Total Time": 9440.884, "Actual Rows": 94570, "Actual Loops": 1, "Output": ["orders.o_custkey", "lineitem.l_extendedprice", "lineitem.l_discount"], "Sort Key": ["orders.o_custkey"], "Sort Method": "external sort", "Sort Space Used": 2928, "Sort Space Type": "Disk", "Plans": [{"Node Type": "Hash Join", "Parent Relationship": "Outer", "Parallel Aware": false, "Join Type": "Inner", "Startup Cost": 49295.56, "Total Cost": 242982.68, "Plan Rows": 56434, "Plan Width": 16, "Actual Startup Time": 1568.627, "Actual Total Time": 9221.857, "Actual Rows": 94570, "Actual Loops": 1, "Output": ["orders.o_custkey", "lineitem.l_extendedprice", "lineitem.l_discount"], "Inner Unique": false, "Hash Cond": "(lineitem.l_orderkey = orders.o_orderkey)", "Plans": [{"Node Type": "Seq Scan", "Parent Relationship": "Outer", "Parallel Aware": false, "Relation Name": "lineitem", "Schema": "public", "Alias": "lineitem", "Startup Cost": 0.0, "Total Cost": 187482.86, "Plan Rows": 1503978, "Plan Width": 16, "Actual Startup Time": 0.019, "Actual Total Time": 6628.758, "Actual Rows": 1479175, "Actual Loops": 1, "Output": ["lineitem.l_orderkey", "lineitem.l_partkey", "lineitem.l_suppkey", "lineitem.l_linenumber", "lineitem.l_quantity", "lineitem.l_extendedprice", "lineitem.l_discount", "lineitem.l_tax", "lineitem.l_returnflag", "lineitem.l_linestatus", "lineitem.l_shipdate", "lineitem.l_commitdate", "lineitem.l_receiptdate", "lineitem.l_shipinstruct", "lineitem.l_shipmode", "lineitem.l_comment"], "Filter": "(lineitem.l_returnflag = 'R'::bpchar)", "Rows Removed by Filter": 4520828}, {"Node Type": "Hash", "Parent Relationship": "Inner", "Parallel Aware": false, "Startup Cost": 48592.0, "Total Cost": 48592.0, "Plan Rows": 56285, "Plan Width": 8, "Actual Startup Time": 1568.196, "Actual Total Time": 1568.197, "Actual Rows": 56506, "Actual Loops": 1, "Output": ["orders.o_custkey", "orders.o_orderkey"], "Hash Buckets": 65536, "Original Hash Buckets": 65536, "Hash Batches": 1, "Original Hash Batches": 1, "Peak Memory Usage": 2720, "Plans": [{"Node Type": "Seq Scan", "Parent Relationship": "Outer", "Parallel Aware": false, "Relation Name": "orders", "Schema": "public", "Alias": "orders", "Startup Cost": 0.0, "Total Cost": 48592.0, "Plan Rows": 56285, "Plan Width": 8, "Actual Startup Time": 0.01, "Actual Total Time": 1513.288, "Actual Rows": 56506, "Actual Loops": 1, "Output": ["orders.o_custkey", "orders.o_orderkey"], "Filter": "((orders.o_orderdate >= '1995-01-01'::date) AND (orders.o_orderdate < '1995-04-01 00:00:00'::timestamp without time zone))", "Rows Removed by Filter": 1443494}]}]}]}]}]}]}]}, "Planning Time": 22.117, "Triggers": [], "Execution Time": 10151.072}]
q15#####[{"Plan": {"Node Type": "Aggregate", "Strategy": "Sorted", "Partial Mode": "Simple", "Parallel Aware": false, "Startup Cost": 258652.05, "Total Cost": 258655.2, "Plan Rows": 70, "Plan Width": 40, "Actual Startup Time": 14103.239, "Actual Total Time": 14117.613, "Actual Rows": 2, "Actual Loops": 1, "Output": ["(date_part('year'::text, (orders.o_orderdate)::timestamp without time zone))", "(sum(CASE WHEN ((n2.n_name)::text = 'EGYPT'::text) THEN (lineitem.l_extendedprice * ('1'::numeric - lineitem.l_discount)) ELSE '0'::numeric END) / sum((lineitem.l_extendedprice * ('1'::numeric - lineitem.l_discount))))"], "Group Key": ["(date_part('year'::text, (orders.o_orderdate)::timestamp without time zone))"], "Plans": [{"Node Type": "Sort", "Parent Relationship": "Outer", "Parallel Aware": false, "Startup Cost": 258652.05, "Total Cost": 258652.22, "Plan Rows": 70, "Plan Width": 49, "Actual Startup Time": 14071.782, "Actual Total Time": 14085.898, "Actual Rows": 2428, "Actual Loops": 1, "Output": ["(date_part('year'::text, (orders.o_orderdate)::timestamp without time zone))", "n2.n_name", "lineitem.l_extendedprice", "lineitem.l_discount"], "Sort Key": ["(date_part('year'::text, (orders.o_orderdate)::timestamp without time zone))"], "Sort Method": "quicksort", "Sort Space Used": 286, "Sort Space Type": "Memory", "Plans": [{"Node Type": "Nested Loop", "Parent Relationship": "Outer", "Parallel Aware": false, "Join Type": "Inner", "Startup Cost": 63105.36, "Total Cost": 258649.9, "Plan Rows": 70, "Plan Width": 49, "Actual Startup Time": 2700.726, "Actual Total Time": 14083.045, "Actual Rows": 2428, "Actual Loops": 1, "Output": ["date_part('year'::text, (orders.o_orderdate)::timestamp without time zone)", "n2.n_name", "lineitem.l_extendedprice", "lineitem.l_discount"], "Inner Unique": true, "Plans": [{"Node Type": "Hash Join", "Parent Relationship": "Outer", "Parallel Aware": false, "Join Type": "Inner", "Startup Cost": 63105.21, "Total Cost": 258637.67, "Plan Rows": 70, "Plan Width": 20, "Actual Startup Time": 2700.621, "Actual Total Time": 14034.052, "Actual Rows": 2428, "Actual Loops": 1, "Output": ["lineitem.l_extendedprice", "lineitem.l_discount", "supplier.s_nationkey", "orders.o_orderdate"], "Inner Unique": false, "Hash Cond": "(lineitem.l_suppkey = supplier.s_suppkey)", "Plans": [{"Node Type": "Hash Join", "Parent Relationship": "Outer", "Parallel Aware": false, "Join Type": "Inner", "Startup Cost": 62658.21, "Total Cost": 258189.7, "Plan Rows": 70, "Plan Width": 20, "Actual Startup Time": 2625.719, "Actual Total Time": 13935.842, "Actual Rows": 2428, "Actual Loops": 1, "Output": ["lineitem.l_extendedprice", "lineitem.l_discount", "lineitem.l_suppkey", "orders.o_orderdate"], "Inner Unique": false, "Hash Cond": "(lineitem.l_orderkey = orders.o_orderkey)", "Plans": [{"Node Type": "Hash Join", "Parent Relationship": "Outer", "Parallel Aware": false, "Join Type": "Inner", "Startup Cost": 6597.57, "Total Cost": 201979.17, "Plan Rows": 39785, "Plan Width": 20, "Actual Startup Time": 596.868, "Actual Total Time": 11492.986, "Actual Rows": 41022, "Actual Loops": 1, "Output": ["lineitem.l_extendedprice", "lineitem.l_discount", "lineitem.l_suppkey", "lineitem.l_orderkey"], "Inner Unique": false, "Hash Cond": "(lineitem.l_partkey = part.p_partkey)", "Plans": [{"Node Type": "Seq Scan", "Parent Relationship": "Outer", "Parallel Aware": false, "Relation Name": "lineitem", "Schema": "public", "Alias": "lineitem", "Startup Cost": 0.0, "Total Cost": 172481.09, "Plan Rows": 6000709, "Plan Width": 24, "Actual Startup Time": 0.034, "Actual Total Time": 8149.818, "Actual Rows": 6000003, "Actual Loops": 1, "Output": ["lineitem.l_orderkey", "lineitem.l_partkey", "lineitem.l_suppkey", "lineitem.l_linenumber", "lineitem.l_quantity", "lineitem.l_extendedprice", "lineitem.l_discount", "lineitem.l_tax", "lineitem.l_returnflag", "lineitem.l_linestatus", "lineitem.l_shipdate", "lineitem.l_commitdate", "lineitem.l_receiptdate", "lineitem.l_shipinstruct", "lineitem.l_shipmode", "lineitem.l_comment"]}, {"Node Type": "Hash", "Parent Relationship": "Inner", "Parallel Aware": false, "Startup Cost": 6581.0, "Total Cost": 6581.0, "Plan Rows": 1326, "Plan Width": 4, "Actual Startup Time": 596.772, "Actual Total Time": 596.776, "Actual Rows": 1359, "Actual Loops": 1, "Output": ["part.p_partkey"], "Hash Buckets": 2048, "Original Hash Buckets": 2048, "Hash Batches": 1, "Original Hash Batches": 1, "Peak Memory Usage": 64, "Plans": [{"Node Type": "Seq Scan", "Parent Relationship": "Outer", "Parallel Aware": false, "Relation Name": "part", "Schema": "public", "Alias": "part", "Startup Cost": 0.0, "Total Cost": 6581.0, "Plan Rows": 1326, "Plan Width": 4, "Actual Startup Time": 7.696, "Actual Total Time": 596.105, "Actual Rows": 1359, "Actual Loops": 1, "Output": ["part.p_partkey"], "Filter": "((part.p_type)::text = 'STANDARD ANODIZED STEEL'::text)", "Rows Removed by Filter": 198641}]}]}, {"Node Type": "Hash", "Parent Relationship": "Inner", "Parallel Aware": false, "Startup Cost": 56027.76, "Total Cost": 56027.76, "Plan Rows": 2630, "Plan Width": 8, "Actual Startup Time": 2020.294, "Actual Total Time": 2020.353, "Actual Rows": 90615, "Actual Loops": 1, "Output": ["orders.o_orderdate", "orders.o_orderkey"], "Hash Buckets": 131072, "Original Hash Buckets": 4096, "Hash Batches": 2, "Original Hash Batches": 1, "Peak Memory Usage": 3073, "Plans": [{"Node Type": "Hash Join", "Parent Relationship": "Outer", "Parallel Aware": false, "Join Type": "Inner", "Startup Cost": 5700.16, "Total Cost": 56027.76, "Plan Rows": 2630, "Plan Width": 8, "Actual Startup Time": 278.261, "Actual Total Time": 1940.539, "Actual Rows": 90615, "Actual Loops": 1, "Output": ["orders.o_orderdate", "orders.o_orderkey"], "Inner Unique": false, "Hash Cond": "(orders.o_custkey = customer.c_custkey)", "Plans": [{"Node Type": "Seq Scan", "Parent Relationship": "Outer", "Parallel Aware": false, "Relation Name": "orders", "Schema": "public", "Alias": "orders", "Startup Cost": 0.0, "Total Cost": 48592.0, "Plan Rows": 455817, "Plan Width": 12, "Actual Startup Time": 0.037, "Actual Total Time": 1369.431, "Actual Rows": 457263, "Actual Loops": 1, "Output": ["orders.o_orderkey", "orders.o_custkey", "orders.o_orderstatus", "orders.o_totalprice", "orders.o_orderdate", "orders.o_orderpriority", "orders.o_clerk", "orders.o_shippriority", "orders.o_comment"], "Filter": "((orders.o_orderdate >= '1995-01-01'::date) AND (orders.o_orderdate <= '1996-12-31'::date))", "Rows Removed by Filter": 1042737}, {"Node Type": "Hash", "Parent Relationship": "Inner", "Parallel Aware": false, "Startup Cost": 5689.34, "Total Cost": 5689.34, "Plan Rows": 865, "Plan Width": 4, "Actual Startup Time": 278.204, "Actual Total Time": 278.244, "Actual Rows": 29904, "Actual Loops": 1, "Output": ["customer.c_custkey"], "Hash Buckets": 32768, "Original Hash Buckets": 1024, "Hash Batches": 1, "Original Hash Batches": 1, "Peak Memory Usage": 1308, "Plans": [{"Node Type": "Hash Join", "Parent Relationship": "Outer", "Parallel Aware": false, "Join Type": "Inner", "Startup Cost": 33.02, "Total Cost": 5689.34, "Plan Rows": 865, "Plan Width": 4, "Actual Startup Time": 0.055, "Actual Total Time": 206.273, "Actual Rows": 29904, "Actual Loops": 1, "Output": ["customer.c_custkey"], "Inner Unique": false, "Hash Cond": "(customer.c_nationkey = n1.n_nationkey)", "Plans": [{"Node Type": "Seq Scan", "Parent Relationship": "Outer", "Parallel Aware": false, "Relation Name": "customer", "Schema": "public", "Alias": "customer", "Startup Cost": 0.0, "Total Cost": 5085.0, "Plan Rows": 150000, "Plan Width": 8, "Actual Startup Time": 0.003, "Actual Total Time": 22.046, "Actual Rows": 150000, "Actual Loops": 1, "Output": ["customer.c_custkey", "customer.c_name", "customer.c_address", "customer.c_nationkey", "customer.c_phone", "customer.c_acctbal", "customer.c_mktsegment", "customer.c_comment"]}, {"Node Type": "Hash", "Parent Relationship": "Inner", "Parallel Aware": false, "Startup Cost": 32.99, "Total Cost": 32.99, "Plan Rows": 3, "Plan Width": 4, "Actual Startup Time": 0.039, "Actual Total Time": 0.064, "Actual Rows": 5, "Actual Loops": 1, "Output": ["n1.n_nationkey"], "Hash Buckets": 1024, "Original Hash Buckets": 1024, "Hash Batches": 1, "Original Hash Batches": 1, "Peak Memory Usage": 9, "Plans": [{"Node Type": "Hash Join", "Parent Relationship": "Outer", "Parallel Aware": false, "Join Type": "Inner", "Startup Cost": 16.54, "Total Cost": 32.99, "Plan Rows": 3, "Plan Width": 4, "Actual Startup Time": 0.035, "Actual Total Time": 0.059, "Actual Rows": 5, "Actual Loops": 1, "Output": ["n1.n_nationkey"], "Inner Unique": true, "Hash Cond": "(n1.n_regionkey = region.r_regionkey)", "Plans": [{"Node Type": "Seq Scan", "Parent Relationship": "Outer", "Parallel Aware": false, "Relation Name": "nation", "Schema": "public", "Alias": "n1", "Startup Cost": 0.0, "Total Cost": 15.1, "Plan Rows": 510, "Plan Width": 8, "Actual Startup Time": 0.007, "Actual Total Time": 0.015, "Actual Rows": 25, "Actual Loops": 1, "Output": ["n1.n_nationkey", "n1.n_name", "n1.n_regionkey", "n1.n_comment"]}, {"Node Type": "Hash", "Parent Relationship": "Inner", "Parallel Aware": false, "Startup Cost": 16.5, "Total Cost": 16.5, "Plan Rows": 3, "Plan Width": 4, "Actual Startup Time": 0.004, "Actual Total Time": 0.008, "Actual Rows": 1, "Actual Loops": 1, "Output": ["region.r_regionkey"], "Hash Buckets": 1024, "Original Hash Buckets": 1024, "Hash Batches": 1, "Original Hash Batches": 1, "Peak Memory Usage": 9, "Plans": [{"Node Type": "Seq Scan", "Parent Relationship": "Outer", "Parallel Aware": false, "Relation Name": "region", "Schema": "public", "Alias": "region", "Startup Cost": 0.0, "Total Cost": 16.5, "Plan Rows": 3, "Plan Width": 4, "Actual Startup Time": 0.003, "Actual Total Time": 0.003, "Actual Rows": 1, "Actual Loops": 1, "Output": ["region.r_regionkey"], "Filter": "((region.r_name)::text = 'MIDDLE EAST'::text)", "Rows Removed by Filter": 4}]}]}]}]}]}]}]}]}, {"Node Type": "Hash", "Parent Relationship": "Inner", "Parallel Aware": false, "Startup Cost": 322.0, "Total Cost": 322.0, "Plan Rows": 10000, "Plan Width": 8, "Actual Startup Time": 74.749, "Actual Total Time": 74.758, "Actual Rows": 10000, "Actual Loops": 1, "Output": ["supplier.s_suppkey", "supplier.s_nationkey"], "Hash Buckets": 16384, "Original Hash Buckets": 16384, "Hash Batches": 1, "Original Hash Batches": 1, "Peak Memory Usage": 519, "Plans": [{"Node Type": "Seq Scan", "Parent Relationship": "Outer", "Parallel Aware": false, "Relation Name": "supplier", "Schema": "public", "Alias": "supplier", "Startup Cost": 0.0, "Total Cost": 322.0, "Plan Rows": 10000, "Plan Width": 8, "Actual Startup Time": 0.012, "Actual Total Time": 34.892, "Actual Rows": 10000, "Actual Loops": 1, "Output": ["supplier.s_suppkey", "supplier.s_nationkey"]}]}]}, {"Node Type": "Index Scan", "Parent Relationship": "Inner", "Parallel Aware": false, "Scan Direction": "Forward", "Index Name": "nation_pkey", "Relation Name": "nation", "Schema": "public", "Alias": "n2", "Startup Cost": 0.15, "Total Cost": 0.17, "Plan Rows": 1, "Plan Width": 33, "Actual Startup Time": 0.018, "Actual Total Time": 0.018, "Actual Rows": 1, "Actual Loops": 2428, "Output": ["n2.n_nationkey", "n2.n_name", "n2.n_regionkey", "n2.n_comment"], "Index Cond": "(n2.n_nationkey = supplier.s_nationkey)", "Rows Removed by Index Recheck": 0}]}]}]}, "Planning Time": 4.417, "Triggers": [], "Execution Time": 14143.855}]
q16#####[{"Plan": {"Node Type": "Sort", "Parallel Aware": false, "Startup Cost": 250601.95, "Total Cost": 250602.45, "Plan Rows": 200, "Plan Width": 61, "Actual Startup Time": 23865.805, "Actual Total Time": 23865.899, "Actual Rows": 5, "Actual Loops": 1, "Output": ["nation.n_name", "(sum((lineitem.l_extendedprice * ('1'::numeric - lineitem.l_discount))))"], "Sort Key": ["(sum((lineitem.l_extendedprice * ('1'::numeric - lineitem.l_discount)))) DESC"], "Sort Method": "quicksort", "Sort Space Used": 25, "Sort Space Type": "Memory", "Plans": [{"Node Type": "Aggregate", "Strategy": "Sorted", "Partial Mode": "Simple", "Parent Relationship": "Outer", "Parallel Aware": false, "Startup Cost": 250589.22, "Total Cost": 250594.31, "Plan Rows": 200, "Plan Width": 61, "Actual Startup Time": 23864.409, "Actual Total Time": 23865.841, "Actual Rows": 5, "Actual Loops": 1, "Output": ["nation.n_name", "sum((lineitem.l_extendedprice * ('1'::numeric - lineitem.l_discount)))"], "Group Key": ["nation.n_name"], "Plans": [{"Node Type": "Sort", "Parent Relationship": "Outer", "Parallel Aware": false, "Startup Cost": 250589.22, "Total Cost": 250589.74, "Plan Rows": 207, "Plan Width": 41, "Actual Startup Time": 23857.814, "Actual Total Time": 23858.234, "Actual Rows": 7231, "Actual Loops": 1, "Output": ["nation.n_name", "lineitem.l_extendedprice", "lineitem.l_discount"], "Sort Key": ["nation.n_name"], "Sort Method": "quicksort", "Sort Space Used": 754, "Sort Space Type": "Memory", "Plans": [{"Node Type": "Hash Join", "Parent Relationship": "Outer", "Parallel Aware": false, "Join Type": "Inner", "Startup Cost": 55504.84, "Total Cost": 250581.26, "Plan Rows": 207, "Plan Width": 41, "Actual Startup Time": 2604.173, "Actual Total Time": 23805.979, "Actual Rows": 7231, "Actual Loops": 1, "Output": ["nation.n_name", "lineitem.l_extendedprice", "lineitem.l_discount"], "Inner Unique": false, "Hash Cond": "((lineitem.l_suppkey = supplier.s_suppkey) AND (customer.c_nationkey = supplier.s_nationkey))", "Plans": [{"Node Type": "Hash Join", "Parent Relationship": "Outer", "Parallel Aware": false, "Join Type": "Inner", "Startup Cost": 55032.84, "Total Cost": 250068.36, "Plan Rows": 5177, "Plan Width": 53, "Actual Startup Time": 2542.105, "Actual Total Time": 23464.716, "Actual Rows": 180832, "Actual Loops": 1, "Output": ["customer.c_nationkey", "lineitem.l_extendedprice", "lineitem.l_discount", "lineitem.l_suppkey", "nation.n_name", "nation.n_nationkey"], "Inner Unique": false, "Hash Cond": "(lineitem.l_orderkey = orders.o_orderkey)", "Plans": [{"Node Type": "Seq Scan", "Parent Relationship": "Outer", "Parallel Aware": false, "Relation Name": "lineitem", "Schema": "public", "Alias": "lineitem", "Startup Cost": 0.0, "Total Cost": 172481.09, "Plan Rows": 6000709, "Plan Width": 20, "Actual Startup Time": 0.012, "Actual Total Time": 16346.236, "Actual Rows": 6000003, "Actual Loops": 1, "Output": ["lineitem.l_orderkey", "lineitem.l_partkey", "lineitem.l_suppkey", "lineitem.l_linenumber", "lineitem.l_quantity", "lineitem.l_extendedprice", "lineitem.l_discount", "lineitem.l_tax", "lineitem.l_returnflag", "lineitem.l_linestatus", "lineitem.l_shipdate", "lineitem.l_commitdate", "lineitem.l_receiptdate", "lineitem.l_shipinstruct", "lineitem.l_shipmode", "lineitem.l_comment"]}, {"Node Type": "Hash", "Parent Relationship": "Inner", "Parallel Aware": false, "Startup Cost": 55016.66, "Total Cost": 55016.66, "Plan Rows": 1294, "Plan Width": 41, "Actual Startup Time": 2541.139, "Actual Total Time": 2541.219, "Actual Rows": 45150, "Actual Loops": 1, "Output": ["customer.c_nationkey", "orders.o_orderkey", "nation.n_name", "nation.n_nationkey"], "Hash Buckets": 65536, "Original Hash Buckets": 2048, "Hash Batches": 1, "Original Hash Batches": 1, "Peak Memory Usage": 2875, "Plans": [{"Node Type": "Hash Join", "Parent Relationship": "Outer", "Parallel Aware": false, "Join Type": "Inner", "Startup Cost": 5570.54, "Total Cost": 55016.66, "Plan Rows": 1294, "Plan Width": 41, "Actual Startup Time": 381.782, "Actual Total Time": 2498.885, "Actual Rows": 45150, "Actual Loops": 1, "Output": ["customer.c_nationkey", "orders.o_orderkey", "nation.n_name", "nation.n_nationkey"], "Inner Unique": false, "Hash Cond": "(orders.o_custkey = customer.c_custkey)", "Plans": [{"Node Type": "Seq Scan", "Parent Relationship": "Outer", "Parallel Aware": false, "Relation Name": "orders", "Schema": "public", "Alias": "orders", "Startup Cost": 0.0, "Total Cost": 48592.0, "Plan Rows": 224315, "Plan Width": 8, "Actual Startup Time": 0.008, "Actual Total Time": 1708.616, "Actual Rows": 227597, "Actual Loops": 1, "Output": ["orders.o_orderkey", "orders.o_custkey", "orders.o_orderstatus", "orders.o_totalprice", "orders.o_orderdate", "orders.o_orderpriority", "orders.o_clerk", "orders.o_shippriority", "orders.o_comment"], "Filter": "((orders.o_orderdate >= '1994-01-01'::date) AND (orders.o_orderdate < '1995-01-01 00:00:00'::timestamp without time zone))", "Rows Removed by Filter": 1272403}, {"Node Type": "Hash", "Parent Relationship": "Inner", "Parallel Aware": false, "Startup Cost": 5559.73, "Total Cost": 5559.73, "Plan Rows": 865, "Plan Width": 41, "Actual Startup Time": 381.734, "Actual Total Time": 381.794, "Actual Rows": 29904, "Actual Loops": 1, "Output": ["customer.c_custkey", "customer.c_nationkey", "nation.n_name", "nation.n_nationkey"], "Hash Buckets": 32768, "Original Hash Buckets": 1024, "Hash Batches": 1, "Original Hash Batches": 1, "Peak Memory Usage": 1821, "Plans": [{"Node Type": "Hash Join", "Parent Relationship": "Outer", "Parallel Aware": false, "Join Type": "Inner", "Startup Cost": 38.01, "Total Cost": 5559.73, "Plan Rows": 865, "Plan Width": 41, "Actual Startup Time": 0.066, "Actual Total Time": 364.423, "Actual Rows": 29904, "Actual Loops": 1, "Output": ["customer.c_custkey", "customer.c_nationkey", "nation.n_name", "nation.n_nationkey"], "Inner Unique": true, "Hash Cond": "(nation.n_regionkey = region.r_regionkey)", "Plans": [{"Node Type": "Hash Join", "Parent Relationship": "Outer", "Parallel Aware": false, "Join Type": "Inner", "Startup Cost": 21.48, "Total Cost": 5503.5, "Plan Rows": 15000, "Plan Width": 45, "Actual Startup Time": 0.031, "Actual Total Time": 316.31, "Actual Rows": 150000, "Actual Loops": 1, "Output": ["customer.c_custkey", "customer.c_nationkey", "nation.n_name", "nation.n_nationkey", "nation.n_regionkey"], "Inner Unique": true, "Hash Cond": "(customer.c_nationkey = nation.n_nationkey)", "Plans": [{"Node Type": "Seq Scan", "Parent Relationship": "Outer", "Parallel Aware": false, "Relation Name": "customer", "Schema": "public", "Alias": "customer", "Startup Cost": 0.0, "Total Cost": 5085.0, "Plan Rows": 150000, "Plan Width": 8, "Actual Startup Time": 0.006, "Actual Total Time": 61.004, "Actual Rows": 150000, "Actual Loops": 1, "Output": ["customer.c_custkey", "customer.c_name", "customer.c_address", "customer.c_nationkey", "customer.c_phone", "customer.c_acctbal", "customer.c_mktsegment", "customer.c_comment"]}, {"Node Type": "Hash", "Parent Relationship": "Inner", "Parallel Aware": false, "Startup Cost": 15.1, "Total Cost": 15.1, "Plan Rows": 510, "Plan Width": 37, "Actual Startup Time": 0.012, "Actual Total Time": 0.023, "Actual Rows": 25, "Actual Loops": 1, "Output": ["nation.n_name", "nation.n_nationkey", "nation.n_regionkey"], "Hash Buckets": 1024, "Original Hash Buckets": 1024, "Hash Batches": 1, "Original Hash Batches": 1, "Peak Memory Usage": 10, "Plans": [{"Node Type": "Seq Scan", "Parent Relationship": "Outer", "Parallel Aware": false, "Relation Name": "nation", "Schema": "public", "Alias": "nation", "Startup Cost": 0.0, "Total Cost": 15.1, "Plan Rows": 510, "Plan Width": 37, "Actual Startup Time": 0.002, "Actual Total Time": 0.007, "Actual Rows": 25, "Actual Loops": 1, "Output": ["nation.n_name", "nation.n_nationkey", "nation.n_regionkey"]}]}]}, {"Node Type": "Hash", "Parent Relationship": "Inner", "Parallel Aware": false, "Startup Cost": 16.5, "Total Cost": 16.5, "Plan Rows": 3, "Plan Width": 4, "Actual Startup Time": 0.02, "Actual Total Time": 0.025, "Actual Rows": 1, "Actual Loops": 1, "Output": ["region.r_regionkey"], "Hash Buckets": 1024, "Original Hash Buckets": 1024, "Hash Batches": 1, "Original Hash Batches": 1, "Peak Memory Usage": 9, "Plans": [{"Node Type": "Seq Scan", "Parent Relationship": "Outer", "Parallel Aware": false, "Relation Name": "region", "Schema": "public", "Alias": "region", "Startup Cost": 0.0, "Total Cost": 16.5, "Plan Rows": 3, "Plan Width": 4, "Actual Startup Time": 0.013, "Actual Total Time": 0.013, "Actual Rows": 1, "Actual Loops": 1, "Output": ["region.r_regionkey"], "Filter": "((region.r_name)::text = 'MIDDLE EAST'::text)", "Rows Removed by Filter": 4}]}]}]}]}]}]}, {"Node Type": "Hash", "Parent Relationship": "Inner", "Parallel Aware": false, "Startup Cost": 322.0, "Total Cost": 322.0, "Plan Rows": 10000, "Plan Width": 8, "Actual Startup Time": 60.973, "Actual Total Time": 60.974, "Actual Rows": 10000, "Actual Loops": 1, "Output": ["supplier.s_suppkey", "supplier.s_nationkey"], "Hash Buckets": 16384, "Original Hash Buckets": 16384, "Hash Batches": 1, "Original Hash Batches": 1, "Peak Memory Usage": 519, "Plans": [{"Node Type": "Seq Scan", "Parent Relationship": "Outer", "Parallel Aware": false, "Relation Name": "supplier", "Schema": "public", "Alias": "supplier", "Startup Cost": 0.0, "Total Cost": 322.0, "Plan Rows": 10000, "Plan Width": 8, "Actual Startup Time": 0.009, "Actual Total Time": 37.089, "Actual Rows": 10000, "Actual Loops": 1, "Output": ["supplier.s_suppkey", "supplier.s_nationkey"]}]}]}]}]}]}, "Planning Time": 116.964, "Triggers": [], "Execution Time": 23885.343}]
q17#####[{"Plan": {"Node Type": "Sort", "Parallel Aware": false, "Startup Cost": 250620.92, "Total Cost": 250621.42, "Plan Rows": 200, "Plan Width": 61, "Actual Startup Time": 13652.087, "Actual Total Time": 13652.138, "Actual Rows": 5, "Actual Loops": 1, "Output": ["nation.n_name", "(sum((lineitem.l_extendedprice * ('1'::numeric - lineitem.l_discount))))"], "Sort Key": ["(sum((lineitem.l_extendedprice * ('1'::numeric - lineitem.l_discount)))) DESC"], "Sort Method": "quicksort", "Sort Space Used": 25, "Sort Space Type": "Memory", "Plans": [{"Node Type": "Aggregate", "Strategy": "Sorted", "Partial Mode": "Simple", "Parent Relationship": "Outer", "Parallel Aware": false, "Startup Cost": 250608.13, "Total Cost": 250613.27, "Plan Rows": 200, "Plan Width": 61, "Actual Startup Time": 13648.494, "Actual Total Time": 13649.775, "Actual Rows": 5, "Actual Loops": 1, "Output": ["nation.n_name", "sum((lineitem.l_extendedprice * ('1'::numeric - lineitem.l_discount)))"], "Group Key": ["nation.n_name"], "Plans": [{"Node Type": "Sort", "Parent Relationship": "Outer", "Parallel Aware": false, "Startup Cost": 250608.13, "Total Cost": 250608.66, "Plan Rows": 211, "Plan Width": 41, "Actual Startup Time": 13648.117, "Actual Total Time": 13648.447, "Actual Rows": 7327, "Actual Loops": 1, "Output": ["nation.n_name", "lineitem.l_extendedprice", "lineitem.l_discount"], "Sort Key": ["nation.n_name"], "Sort Method": "quicksort", "Sort Space Used": 762, "Sort Space Type": "Memory", "Plans": [{"Node Type": "Hash Join", "Parent Relationship": "Outer", "Parallel Aware": false, "Join Type": "Inner", "Startup Cost": 55521.77, "Total Cost": 250599.99, "Plan Rows": 211, "Plan Width": 41, "Actual Startup Time": 3719.575, "Actual Total Time": 13585.976, "Actual Rows": 7327, "Actual Loops": 1, "Output": ["nation.n_name", "lineitem.l_extendedprice", "lineitem.l_discount"], "Inner Unique": false, "Hash Cond": "((lineitem.l_suppkey = supplier.s_suppkey) AND (customer.c_nationkey = supplier.s_nationkey))", "Plans": [{"Node Type": "Hash Join", "Parent Relationship": "Outer", "Parallel Aware": false, "Join Type": "Inner", "Startup Cost": 55049.77, "Total Cost": 250086.29, "Plan Rows": 5278, "Plan Width": 53, "Actual Startup Time": 3649.388, "Actual Total Time": 13208.425, "Actual Rows": 180519, "Actual Loops": 1, "Output": ["customer.c_nationkey", "lineitem.l_extendedprice", "lineitem.l_discount", "lineitem.l_suppkey", "nation.n_name", "nation.n_nationkey"], "Inner Unique": false, "Hash Cond": "(lineitem.l_orderkey = orders.o_orderkey)", "Plans": [{"Node Type": "Seq Scan", "Parent Relationship": "Outer", "Parallel Aware": false, "Relation Name": "lineitem", "Schema": "public", "Alias": "lineitem", "Startup Cost": 0.0, "Total Cost": 172481.09, "Plan Rows": 6000709, "Plan Width": 20, "Actual Startup Time": 0.019, "Actual Total Time": 5901.85, "Actual Rows": 6000003, "Actual Loops": 1, "Output": ["lineitem.l_orderkey", "lineitem.l_partkey", "lineitem.l_suppkey", "lineitem.l_linenumber", "lineitem.l_quantity", "lineitem.l_extendedprice", "lineitem.l_discount", "lineitem.l_tax", "lineitem.l_returnflag", "lineitem.l_linestatus", "lineitem.l_shipdate", "lineitem.l_commitdate", "lineitem.l_receiptdate", "lineitem.l_shipinstruct", "lineitem.l_shipmode", "lineitem.l_comment"]}, {"Node Type": "Hash", "Parent Relationship": "Inner", "Parallel Aware": false, "Startup Cost": 55033.29, "Total Cost": 55033.29, "Plan Rows": 1319, "Plan Width": 41, "Actual Startup Time": 3649.288, "Actual Total Time": 3649.332, "Actual Rows": 45430, "Actual Loops": 1, "Output": ["customer.c_nationkey", "orders.o_orderkey", "nation.n_name", "nation.n_nationkey"], "Hash Buckets": 65536, "Original Hash Buckets": 2048, "Hash Batches": 1, "Original Hash Batches": 1, "Peak Memory Usage": 2856, "Plans": [{"Node Type": "Hash Join", "Parent Relationship": "Outer", "Parallel Aware": false, "Join Type": "Inner", "Startup Cost": 5570.54, "Total Cost": 55033.29, "Plan Rows": 1319, "Plan Width": 41, "Actual Startup Time": 792.498, "Actual Total Time": 3541.14, "Actual Rows": 45430, "Actual Loops": 1, "Output": ["customer.c_nationkey", "orders.o_orderkey", "nation.n_name", "nation.n_nationkey"], "Inner Unique": false, "Hash Cond": "(orders.o_custkey = customer.c_custkey)", "Plans": [{"Node Type": "Seq Scan", "Parent Relationship": "Outer", "Parallel Aware": false, "Relation Name": "orders", "Schema": "public", "Alias": "orders", "Startup Cost": 0.0, "Total Cost": 48592.0, "Plan Rows": 228681, "Plan Width": 8, "Actual Startup Time": 0.031, "Actual Total Time": 2404.468, "Actual Rows": 227876, "Actual Loops": 1, "Output": ["orders.o_orderkey", "orders.o_custkey", "orders.o_orderstatus", "orders.o_totalprice", "orders.o_orderdate", "orders.o_orderpriority", "orders.o_clerk", "orders.o_shippriority", "orders.o_comment"], "Filter": "((orders.o_orderdate >= '1997-01-10'::date) AND (orders.o_orderdate < '1998-01-10 00:00:00'::timestamp without time zone))", "Rows Removed by Filter": 1272124}, {"Node Type": "Hash", "Parent Relationship": "Inner", "Parallel Aware": false, "Startup Cost": 5559.73, "Total Cost": 5559.73, "Plan Rows": 865, "Plan Width": 41, "Actual Startup Time": 792.423, "Actual Total Time": 792.46, "Actual Rows": 30183, "Actual Loops": 1, "Output": ["customer.c_custkey", "customer.c_nationkey", "nation.n_name", "nation.n_nationkey"], "Hash Buckets": 32768, "Original Hash Buckets": 1024, "Hash Batches": 1, "Original Hash Batches": 1, "Peak Memory Usage": 1813, "Plans": [{"Node Type": "Hash Join", "Parent Relationship": "Outer", "Parallel Aware": false, "Join Type": "Inner", "Startup Cost": 38.01, "Total Cost": 5559.73, "Plan Rows": 865, "Plan Width": 41, "Actual Startup Time": 0.114, "Actual Total Time": 744.906, "Actual Rows": 30183, "Actual Loops": 1, "Output": ["customer.c_custkey", "customer.c_nationkey", "nation.n_name", "nation.n_nationkey"], "Inner Unique": true, "Hash Cond": "(nation.n_regionkey = region.r_regionkey)", "Plans": [{"Node Type": "Hash Join", "Parent Relationship": "Outer", "Parallel Aware": false, "Join Type": "Inner", "Startup Cost": 21.48, "Total Cost": 5503.5, "Plan Rows": 15000, "Plan Width": 45, "Actual Startup Time": 0.054, "Actual Total Time": 694.594, "Actual Rows": 150000, "Actual Loops": 1, "Output": ["customer.c_custkey", "customer.c_nationkey", "nation.n_name", "nation.n_nationkey", "nation.n_regionkey"], "Inner Unique": true, "Hash Cond": "(customer.c_nationkey = nation.n_nationkey)", "Plans": [{"Node Type": "Seq Scan", "Parent Relationship": "Outer", "Parallel Aware": false, "Relation Name": "customer", "Schema": "public", "Alias": "customer", "Startup Cost": 0.0, "Total Cost": 5085.0, "Plan Rows": 150000, "Plan Width": 8, "Actual Startup Time": 0.006, "Actual Total Time": 51.867, "Actual Rows": 150000, "Actual Loops": 1, "Output": ["customer.c_custkey", "customer.c_name", "customer.c_address", "customer.c_nationkey", "customer.c_phone", "customer.c_acctbal", "customer.c_mktsegment", "customer.c_comment"]}, {"Node Type": "Hash", "Parent Relationship": "Inner", "Parallel Aware": false, "Startup Cost": 15.1, "Total Cost": 15.1, "Plan Rows": 510, "Plan Width": 37, "Actual Startup Time": 0.016, "Actual Total Time": 0.023, "Actual Rows": 25, "Actual Loops": 1, "Output": ["nation.n_name", "nation.n_nationkey", "nation.n_regionkey"], "Hash Buckets": 1024, "Original Hash Buckets": 1024, "Hash Batches": 1, "Original Hash Batches": 1, "Peak Memory Usage": 10, "Plans": [{"Node Type": "Seq Scan", "Parent Relationship": "Outer", "Parallel Aware": false, "Relation Name": "nation", "Schema": "public", "Alias": "nation", "Startup Cost": 0.0, "Total Cost": 15.1, "Plan Rows": 510, "Plan Width": 37, "Actual Startup Time": 0.003, "Actual Total Time": 0.007, "Actual Rows": 25, "Actual Loops": 1, "Output": ["nation.n_name", "nation.n_nationkey", "nation.n_regionkey"]}]}]}, {"Node Type": "Hash", "Parent Relationship": "Inner", "Parallel Aware": false, "Startup Cost": 16.5, "Total Cost": 16.5, "Plan Rows": 3, "Plan Width": 4, "Actual Startup Time": 0.024, "Actual Total Time": 0.024, "Actual Rows": 1, "Actual Loops": 1, "Output": ["region.r_regionkey"], "Hash Buckets": 1024, "Original Hash Buckets": 1024, "Hash Batches": 1, "Original Hash Batches": 1, "Peak Memory Usage": 9, "Plans": [{"Node Type": "Seq Scan", "Parent Relationship": "Outer", "Parallel Aware": false, "Relation Name": "region", "Schema": "public", "Alias": "region", "Startup Cost": 0.0, "Total Cost": 16.5, "Plan Rows": 3, "Plan Width": 4, "Actual Startup Time": 0.018, "Actual Total Time": 0.018, "Actual Rows": 1, "Actual Loops": 1, "Output": ["region.r_regionkey"], "Filter": "((region.r_name)::text = 'ASIA'::text)", "Rows Removed by Filter": 4}]}]}]}]}]}]}, {"Node Type": "Hash", "Parent Relationship": "Inner", "Parallel Aware": false, "Startup Cost": 322.0, "Total Cost": 322.0, "Plan Rows": 10000, "Plan Width": 8, "Actual Startup Time": 69.238, "Actual Total Time": 69.238, "Actual Rows": 10000, "Actual Loops": 1, "Output": ["supplier.s_suppkey", "supplier.s_nationkey"], "Hash Buckets": 16384, "Original Hash Buckets": 16384, "Hash Batches": 1, "Original Hash Batches": 1, "Peak Memory Usage": 519, "Plans": [{"Node Type": "Seq Scan", "Parent Relationship": "Outer", "Parallel Aware": false, "Relation Name": "supplier", "Schema": "public", "Alias": "supplier", "Startup Cost": 0.0, "Total Cost": 322.0, "Plan Rows": 10000, "Plan Width": 8, "Actual Startup Time": 0.016, "Actual Total Time": 43.402, "Actual Rows": 10000, "Actual Loops": 1, "Output": ["supplier.s_suppkey", "supplier.s_nationkey"]}]}]}]}]}]}, "Planning Time": 16.787, "Triggers": [], "Execution Time": 13656.836}]
q18#####[{"Plan": {"Node Type": "Sort", "Parallel Aware": false, "Startup Cost": 250606.44, "Total Cost": 250606.94, "Plan Rows": 200, "Plan Width": 61, "Actual Startup Time": 13143.48, "Actual Total Time": 13143.564, "Actual Rows": 5, "Actual Loops": 1, "Output": ["nation.n_name", "(sum((lineitem.l_extendedprice * ('1'::numeric - lineitem.l_discount))))"], "Sort Key": ["(sum((lineitem.l_extendedprice * ('1'::numeric - lineitem.l_discount)))) DESC"], "Sort Method": "quicksort", "Sort Space Used": 25, "Sort Space Type": "Memory", "Plans": [{"Node Type": "Aggregate", "Strategy": "Sorted", "Partial Mode": "Simple", "Parent Relationship": "Outer", "Parallel Aware": false, "Startup Cost": 250593.7, "Total Cost": 250598.8, "Plan Rows": 200, "Plan Width": 61, "Actual Startup Time": 13130.927, "Actual Total Time": 13143.515, "Actual Rows": 5, "Actual Loops": 1, "Output": ["nation.n_name", "sum((lineitem.l_extendedprice * ('1'::numeric - lineitem.l_discount)))"], "Group Key": ["nation.n_name"], "Plans": [{"Node Type": "Sort", "Parent Relationship": "Outer", "Parallel Aware": false, "Startup Cost": 250593.7, "Total Cost": 250594.22, "Plan Rows": 208, "Plan Width": 41, "Actual Startup Time": 13118.182, "Actual Total Time": 13118.942, "Actual Rows": 7530, "Actual Loops": 1, "Output": ["nation.n_name", "lineitem.l_extendedprice", "lineitem.l_discount"], "Sort Key": ["nation.n_name"], "Sort Method": "quicksort", "Sort Space Used": 778, "Sort Space Type": "Memory", "Plans": [{"Node Type": "Hash Join", "Parent Relationship": "Outer", "Parallel Aware": false, "Join Type": "Inner", "Startup Cost": 55508.84, "Total Cost": 250585.69, "Plan Rows": 208, "Plan Width": 41, "Actual Startup Time": 2854.147, "Actual Total Time": 13095.655, "Actual Rows": 7530, "Actual Loops": 1, "Output": ["nation.n_name", "lineitem.l_extendedprice", "lineitem.l_discount"], "Inner Unique": false, "Hash Cond": "((lineitem.l_suppkey = supplier.s_suppkey) AND (customer.c_nationkey = supplier.s_nationkey))", "Plans": [{"Node Type": "Hash Join", "Parent Relationship": "Outer", "Parallel Aware": false, "Join Type": "Inner", "Startup Cost": 55036.84, "Total Cost": 250072.6, "Plan Rows": 5201, "Plan Width": 53, "Actual Startup Time": 2846.616, "Actual Total Time": 12828.505, "Actual Rows": 182356, "Actual Loops": 1, "Output": ["customer.c_nationkey", "lineitem.l_extendedprice", "lineitem.l_discount", "lineitem.l_suppkey", "nation.n_name", "nation.n_nationkey"], "Inner Unique": false, "Hash Cond": "(lineitem.l_orderkey = orders.o_orderkey)", "Plans": [{"Node Type": "Seq Scan", "Parent Relationship": "Outer", "Parallel Aware": false, "Relation Name": "lineitem", "Schema": "public", "Alias": "lineitem", "Startup Cost": 0.0, "Total Cost": 172481.09, "Plan Rows": 6000709, "Plan Width": 20, "Actual Startup Time": 0.017, "Actual Total Time": 6986.097, "Actual Rows": 6000003, "Actual Loops": 1, "Output": ["lineitem.l_orderkey", "lineitem.l_partkey", "lineitem.l_suppkey", "lineitem.l_linenumber", "lineitem.l_quantity", "lineitem.l_extendedprice", "lineitem.l_discount", "lineitem.l_tax", "lineitem.l_returnflag", "lineitem.l_linestatus", "lineitem.l_shipdate", "lineitem.l_commitdate", "lineitem.l_receiptdate", "lineitem.l_shipinstruct", "lineitem.l_shipmode", "lineitem.l_comment"]}, {"Node Type": "Hash", "Parent Relationship": "Inner", "Parallel Aware": false, "Startup Cost": 55020.59, "Total Cost": 55020.59, "Plan Rows": 1300, "Plan Width": 41, "Actual Startup Time": 2846.533, "Actual Total Time": 2846.606, "Actual Rows": 45493, "Actual Loops": 1, "Output": ["customer.c_nationkey", "orders.o_orderkey", "nation.n_name", "nation.n_nationkey"], "Hash Buckets": 65536, "Original Hash Buckets": 2048, "Hash Batches": 1, "Original Hash Batches": 1, "Peak Memory Usage": 2892, "Plans": [{"Node Type": "Hash Join", "Parent Relationship": "Outer", "Parallel Aware": false, "Join Type": "Inner", "Startup Cost": 5570.54, "Total Cost": 55020.59, "Plan Rows": 1300, "Plan Width": 41, "Actual Startup Time": 280.043, "Actual Total Time": 2796.748, "Actual Rows": 45493, "Actual Loops": 1, "Output": ["customer.c_nationkey", "orders.o_orderkey", "nation.n_name", "nation.n_nationkey"], "Inner Unique": false, "Hash Cond": "(orders.o_custkey = customer.c_custkey)", "Plans": [{"Node Type": "Seq Scan", "Parent Relationship": "Outer", "Parallel Aware": false, "Relation Name": "orders", "Schema": "public", "Alias": "orders", "Startup Cost": 0.0, "Total Cost": 48592.0, "Plan Rows": 225347, "Plan Width": 8, "Actual Startup Time": 0.019, "Actual Total Time": 2187.481, "Actual Rows": 228626, "Actual Loops": 1, "Output": ["orders.o_orderkey", "orders.o_custkey", "orders.o_orderstatus", "orders.o_totalprice", "orders.o_orderdate", "orders.o_orderpriority", "orders.o_clerk", "orders.o_shippriority", "orders.o_comment"], "Filter": "((orders.o_orderdate >= '1996-01-01'::date) AND (orders.o_orderdate < '1997-01-01 00:00:00'::timestamp without time zone))", "Rows Removed by Filter": 1271374}, {"Node Type": "Hash", "Parent Relationship": "Inner", "Parallel Aware": false, "Startup Cost": 5559.73, "Total Cost": 5559.73, "Plan Rows": 865, "Plan Width": 41, "Actual Startup Time": 279.998, "Actual Total Time": 280.057, "Actual Rows": 29904, "Actual Loops": 1, "Output": ["customer.c_custkey", "customer.c_nationkey", "nation.n_name", "nation.n_nationkey"], "Hash Buckets": 32768, "Original Hash Buckets": 1024, "Hash Batches": 1, "Original Hash Batches": 1, "Peak Memory Usage": 1821, "Plans": [{"Node Type": "Hash Join", "Parent Relationship": "Outer", "Parallel Aware": false, "Join Type": "Inner", "Startup Cost": 38.01, "Total Cost": 5559.73, "Plan Rows": 865, "Plan Width": 41, "Actual Startup Time": 0.083, "Actual Total Time": 251.68, "Actual Rows": 29904, "Actual Loops": 1, "Output": ["customer.c_custkey", "customer.c_nationkey", "nation.n_name", "nation.n_nationkey"], "Inner Unique": true, "Hash Cond": "(nation.n_regionkey = region.r_regionkey)", "Plans": [{"Node Type": "Hash Join", "Parent Relationship": "Outer", "Parallel Aware": false, "Join Type": "Inner", "Startup Cost": 21.48, "Total Cost": 5503.5, "Plan Rows": 15000, "Plan Width": 45, "Actual Startup Time": 0.037, "Actual Total Time": 221.836, "Actual Rows": 150000, "Actual Loops": 1, "Output": ["customer.c_custkey", "customer.c_nationkey", "nation.n_name", "nation.n_nationkey", "nation.n_regionkey"], "Inner Unique": true, "Hash Cond": "(customer.c_nationkey = nation.n_nationkey)", "Plans": [{"Node Type": "Seq Scan", "Parent Relationship": "Outer", "Parallel Aware": false, "Relation Name": "customer", "Schema": "public", "Alias": "customer", "Startup Cost": 0.0, "Total Cost": 5085.0, "Plan Rows": 150000, "Plan Width": 8, "Actual Startup Time": 0.009, "Actual Total Time": 38.585, "Actual Rows": 150000, "Actual Loops": 1, "Output": ["customer.c_custkey", "customer.c_name", "customer.c_address", "customer.c_nationkey", "customer.c_phone", "customer.c_acctbal", "customer.c_mktsegment", "customer.c_comment"]}, {"Node Type": "Hash", "Parent Relationship": "Inner", "Parallel Aware": false, "Startup Cost": 15.1, "Total Cost": 15.1, "Plan Rows": 510, "Plan Width": 37, "Actual Startup Time": 0.015, "Actual Total Time": 0.026, "Actual Rows": 25, "Actual Loops": 1, "Output": ["nation.n_name", "nation.n_nationkey", "nation.n_regionkey"], "Hash Buckets": 1024, "Original Hash Buckets": 1024, "Hash Batches": 1, "Original Hash Batches": 1, "Peak Memory Usage": 10, "Plans": [{"Node Type": "Seq Scan", "Parent Relationship": "Outer", "Parallel Aware": false, "Relation Name": "nation", "Schema": "public", "Alias": "nation", "Startup Cost": 0.0, "Total Cost": 15.1, "Plan Rows": 510, "Plan Width": 37, "Actual Startup Time": 0.003, "Actual Total Time": 0.007, "Actual Rows": 25, "Actual Loops": 1, "Output": ["nation.n_name", "nation.n_nationkey", "nation.n_regionkey"]}]}]}, {"Node Type": "Hash", "Parent Relationship": "Inner", "Parallel Aware": false, "Startup Cost": 16.5, "Total Cost": 16.5, "Plan Rows": 3, "Plan Width": 4, "Actual Startup Time": 0.03, "Actual Total Time": 0.036, "Actual Rows": 1, "Actual Loops": 1, "Output": ["region.r_regionkey"], "Hash Buckets": 1024, "Original Hash Buckets": 1024, "Hash Batches": 1, "Original Hash Batches": 1, "Peak Memory Usage": 9, "Plans": [{"Node Type": "Seq Scan", "Parent Relationship": "Outer", "Parallel Aware": false, "Relation Name": "region", "Schema": "public", "Alias": "region", "Startup Cost": 0.0, "Total Cost": 16.5, "Plan Rows": 3, "Plan Width": 4, "Actual Startup Time": 0.023, "Actual Total Time": 0.027, "Actual Rows": 1, "Actual Loops": 1, "Output": ["region.r_regionkey"], "Filter": "((region.r_name)::text = 'MIDDLE EAST'::text)", "Rows Removed by Filter": 4}]}]}]}]}]}]}, {"Node Type": "Hash", "Parent Relationship": "Inner", "Parallel Aware": false, "Startup Cost": 322.0, "Total Cost": 322.0, "Plan Rows": 10000, "Plan Width": 8, "Actual Startup Time": 7.179, "Actual Total Time": 7.18, "Actual Rows": 10000, "Actual Loops": 1, "Output": ["supplier.s_suppkey", "supplier.s_nationkey"], "Hash Buckets": 16384, "Original Hash Buckets": 16384, "Hash Batches": 1, "Original Hash Batches": 1, "Peak Memory Usage": 519, "Plans": [{"Node Type": "Seq Scan", "Parent Relationship": "Outer", "Parallel Aware": false, "Relation Name": "supplier", "Schema": "public", "Alias": "supplier", "Startup Cost": 0.0, "Total Cost": 322.0, "Plan Rows": 10000, "Plan Width": 8, "Actual Startup Time": 0.018, "Actual Total Time": 6.014, "Actual Rows": 10000, "Actual Loops": 1, "Output": ["supplier.s_suppkey", "supplier.s_nationkey"]}]}]}]}]}]}, "Planning Time": 5.665, "Triggers": [], "Execution Time": 13144.156}]
q19#####[{"Plan": {"Node Type": "Aggregate", "Strategy": "Sorted", "Partial Mode": "Simple", "Parallel Aware": false, "Startup Cost": 262523.6, "Total Cost": 262526.71, "Plan Rows": 89, "Plan Width": 98, "Actual Startup Time": 12431.427, "Actual Total Time": 12441.557, "Actual Rows": 4, "Actual Loops": 1, "Output": ["n1.n_name", "n2.n_name", "(date_part('year'::text, (lineitem.l_shipdate)::timestamp without time zone))", "sum((lineitem.l_extendedprice * ('1'::numeric - lineitem.l_discount)))"], "Group Key": ["n1.n_name", "n2.n_name", "(date_part('year'::text, (lineitem.l_shipdate)::timestamp without time zone))"], "Plans": [{"Node Type": "Sort", "Parent Relationship": "Outer", "Parallel Aware": false, "Startup Cost": 262523.6, "Total Cost": 262523.82, "Plan Rows": 89, "Plan Width": 78, "Actual Startup Time": 12430.614, "Actual Total Time": 12431.136, "Actual Rows": 5995, "Actual Loops": 1, "Output": ["n1.n_name", "n2.n_name", "(date_part('year'::text, (lineitem.l_shipdate)::timestamp without time zone))", "lineitem.l_extendedprice", "lineitem.l_discount"], "Sort Key": ["n1.n_name", "n2.n_name", "(date_part('year'::text, (lineitem.l_shipdate)::timestamp without time zone))"], "Sort Method": "quicksort", "Sort Space Used": 661, "Sort Space Type": "Memory", "Plans": [{"Node Type": "Hash Join", "Parent Relationship": "Outer", "Parallel Aware": false, "Join Type": "Inner", "Startup Cost": 52933.46, "Total Cost": 262520.71, "Plan Rows": 89, "Plan Width": 78, "Actual Startup Time": 2914.843, "Actual Total Time": 12379.548, "Actual Rows": 5995, "Actual Loops": 1, "Output": ["n1.n_name", "n2.n_name", "date_part('year'::text, (lineitem.l_shipdate)::timestamp without time zone)", "lineitem.l_extendedprice", "lineitem.l_discount"], "Inner Unique": false, "Hash Cond": "(lineitem.l_suppkey = supplier.s_suppkey)", "Join Filter": "((((n1.n_name)::text = 'IRAN'::text) AND ((n2.n_name)::text = 'IRAQ'::text)) OR (((n1.n_name)::text = 'IRAQ'::text) AND ((n2.n_name)::text = 'IRAN'::text)))", "Rows Removed by Join Filter": 6121, "Plans": [{"Node Type": "Hash Join", "Parent Relationship": "Outer", "Parallel Aware": false, "Join Type": "Inner", "Startup Cost": 52566.05, "Total Cost": 262145.72, "Plan Rows": 1807, "Plan Width": 49, "Actual Startup Time": 2907.911, "Actual Total Time": 12212.562, "Actual Rows": 144819, "Actual Loops": 1, "Output": ["lineitem.l_shipdate", "lineitem.l_extendedprice", "lineitem.l_discount", "lineitem.l_suppkey", "n2.n_name"], "Inner Unique": false, "Hash Cond": "(lineitem.l_orderkey = orders.o_orderkey)", "Plans": [{"Node Type": "Seq Scan", "Parent Relationship": "Outer", "Parallel Aware": false, "Relation Name": "lineitem", "Schema": "public", "Alias": "lineitem", "Startup Cost": 0.0, "Total Cost": 202484.64, "Plan Rows": 1843806, "Plan Width": 24, "Actual Startup Time": 0.022, "Actual Total Time": 5948.006, "Actual Rows": 1825348, "Actual Loops": 1, "Output": ["lineitem.l_orderkey", "lineitem.l_partkey", "lineitem.l_suppkey", "lineitem.l_linenumber", "lineitem.l_quantity", "lineitem.l_extendedprice", "lineitem.l_discount", "lineitem.l_tax", "lineitem.l_returnflag", "lineitem.l_linestatus", "lineitem.l_shipdate", "lineitem.l_commitdate", "lineitem.l_receiptdate", "lineitem.l_shipinstruct", "lineitem.l_shipmode", "lineitem.l_comment"], "Filter": "((lineitem.l_shipdate >= '1995-01-02'::date) AND (lineitem.l_shipdate <= '1996-12-31'::date))", "Rows Removed by Filter": 4174655}, {"Node Type": "Hash", "Parent Relationship": "Inner", "Parallel Aware": false, "Startup Cost": 52382.22, "Total Cost": 52382.22, "Plan Rows": 14706, "Plan Width": 33, "Actual Startup Time": 2907.483, "Actual Total Time": 2907.498, "Actual Rows": 118733, "Actual Loops": 1, "Output": ["orders.o_orderkey", "n2.n_name"], "Hash Buckets": 131072, "Original Hash Buckets": 16384, "Hash Batches": 2, "Original Hash Batches": 1, "Peak Memory Usage": 3389, "Plans": [{"Node Type": "Hash Join", "Parent Relationship": "Outer", "Parallel Aware": false, "Join Type": "Inner", "Startup Cost": 5518.12, "Total Cost": 52382.22, "Plan Rows": 14706, "Plan Width": 33, "Actual Startup Time": 112.677, "Actual Total Time": 2737.695, "Actual Rows": 118733, "Actual Loops": 1, "Output": ["orders.o_orderkey", "n2.n_name"], "Inner Unique": false, "Hash Cond": "(orders.o_custkey = customer.c_custkey)", "Plans": [{"Node Type": "Seq Scan", "Parent Relationship": "Outer", "Parallel Aware": false, "Relation Name": "orders", "Schema": "public", "Alias": "orders", "Startup Cost": 0.0, "Total Cost": 41092.0, "Plan Rows": 1500000, "Plan Width": 8, "Actual Startup Time": 0.025, "Actual Total Time": 1730.218, "Actual Rows": 1500000, "Actual Loops": 1, "Output": ["orders.o_orderkey", "orders.o_custkey", "orders.o_orderstatus", "orders.o_totalprice", "orders.o_orderdate", "orders.o_orderpriority", "orders.o_clerk", "orders.o_shippriority", "orders.o_comment"]}, {"Node Type": "Hash", "Parent Relationship": "Inner", "Parallel Aware": false, "Startup Cost": 5499.73, "Total Cost": 5499.73, "Plan Rows": 1471, "Plan Width": 33, "Actual Startup Time": 112.619, "Actual Total Time": 112.632, "Actual Rows": 11972, "Actual Loops": 1, "Output": ["customer.c_custkey", "n2.n_name"], "Hash Buckets": 16384, "Original Hash Buckets": 2048, "Hash Batches": 1, "Original Hash Batches": 1, "Peak Memory Usage": 608, "Plans": [{"Node Type": "Hash Join", "Parent Relationship": "Outer", "Parallel Aware": false, "Join Type": "Inner", "Startup Cost": 17.71, "Total Cost": 5499.73, "Plan Rows": 1471, "Plan Width": 33, "Actual Startup Time": 0.058, "Actual Total Time": 110.156, "Actual Rows": 11972, "Actual Loops": 1, "Output": ["customer.c_custkey", "n2.n_name"], "Inner Unique": true, "Hash Cond": "(customer.c_nationkey = n2.n_nationkey)", "Plans": [{"Node Type": "Seq Scan", "Parent Relationship": "Outer", "Parallel Aware": false, "Relation Name": "customer", "Schema": "public", "Alias": "customer", "Startup Cost": 0.0, "Total Cost": 5085.0, "Plan Rows": 150000, "Plan Width": 8, "Actual Startup Time": 0.006, "Actual Total Time": 19.778, "Actual Rows": 150000, "Actual Loops": 1, "Output": ["customer.c_custkey", "customer.c_name", "customer.c_address", "customer.c_nationkey", "customer.c_phone", "customer.c_acctbal", "customer.c_mktsegment", "customer.c_comment"]}, {"Node Type": "Hash", "Parent Relationship": "Inner", "Parallel Aware": false, "Startup Cost": 17.65, "Total Cost": 17.65, "Plan Rows": 5, "Plan Width": 33, "Actual Startup Time": 0.012, "Actual Total Time": 0.013, "Actual Rows": 2, "Actual Loops": 1, "Output": ["n2.n_name", "n2.n_nationkey"], "Hash Buckets": 1024, "Original Hash Buckets": 1024, "Hash Batches": 1, "Original Hash Batches": 1, "Peak Memory Usage": 9, "Plans": [{"Node Type": "Seq Scan", "Parent Relationship": "Outer", "Parallel Aware": false, "Relation Name": "nation", "Schema": "public", "Alias": "n2", "Startup Cost": 0.0, "Total Cost": 17.65, "Plan Rows": 5, "Plan Width": 33, "Actual Startup Time": 0.006, "Actual Total Time": 0.007, "Actual Rows": 2, "Actual Loops": 1, "Output": ["n2.n_name", "n2.n_nationkey"], "Filter": "(((n2.n_name)::text = 'IRAQ'::text) OR ((n2.n_name)::text = 'IRAN'::text))", "Rows Removed by Filter": 23}]}]}]}]}]}]}, {"Node Type": "Hash", "Parent Relationship": "Inner", "Parallel Aware": false, "Startup Cost": 366.18, "Total Cost": 366.18, "Plan Rows": 98, "Plan Width": 33, "Actual Startup Time": 6.709, "Actual Total Time": 6.711, "Actual Rows": 831, "Actual Loops": 1, "Output": ["supplier.s_suppkey", "n1.n_name"], "Hash Buckets": 1024, "Original Hash Buckets": 1024, "Hash Batches": 1, "Original Hash Batches": 1, "Peak Memory Usage": 42, "Plans": [{"Node Type": "Hash Join", "Parent Relationship": "Outer", "Parallel Aware": false, "Join Type": "Inner", "Startup Cost": 17.71, "Total Cost": 366.18, "Plan Rows": 98, "Plan Width": 33, "Actual Startup Time": 0.104, "Actual Total Time": 6.56, "Actual Rows": 831, "Actual Loops": 1, "Output": ["supplier.s_suppkey", "n1.n_name"], "Inner Unique": true, "Hash Cond": "(supplier.s_nationkey = n1.n_nationkey)", "Plans": [{"Node Type": "Seq Scan", "Parent Relationship": "Outer", "Parallel Aware": false, "Relation Name": "supplier", "Schema": "public", "Alias": "supplier", "Startup Cost": 0.0, "Total Cost": 322.0, "Plan Rows": 10000, "Plan Width": 8, "Actual Startup Time": 0.018, "Actual Total Time": 0.752, "Actual Rows": 10000, "Actual Loops": 1, "Output": ["supplier.s_suppkey", "supplier.s_name", "supplier.s_address", "supplier.s_nationkey", "supplier.s_phone", "supplier.s_acctbal", "supplier.s_comment"]}, {"Node Type": "Hash", "Parent Relationship": "Inner", "Parallel Aware": false, "Startup Cost": 17.65, "Total Cost": 17.65, "Plan Rows": 5, "Plan Width": 33, "Actual Startup Time": 0.036, "Actual Total Time": 0.036, "Actual Rows": 2, "Actual Loops": 1, "Output": ["n1.n_name", "n1.n_nationkey"], "Hash Buckets": 1024, "Original Hash Buckets": 1024, "Hash Batches": 1, "Original Hash Batches": 1, "Peak Memory Usage": 9, "Plans": [{"Node Type": "Seq Scan", "Parent Relationship": "Outer", "Parallel Aware": false, "Relation Name": "nation", "Schema": "public", "Alias": "n1", "Startup Cost": 0.0, "Total Cost": 17.65, "Plan Rows": 5, "Plan Width": 33, "Actual Startup Time": 0.021, "Actual Total Time": 0.023, "Actual Rows": 2, "Actual Loops": 1, "Output": ["n1.n_name", "n1.n_nationkey"], "Filter": "(((n1.n_name)::text = 'IRAN'::text) OR ((n1.n_name)::text = 'IRAQ'::text))", "Rows Removed by Filter": 23}]}]}]}]}]}]}, "Planning Time": 10.502, "Triggers": [], "Execution Time": 12442.041}]
q20#####[{"Plan": {"Node Type": "Aggregate", "Strategy": "Sorted", "Partial Mode": "Simple", "Parallel Aware": false, "Startup Cost": 258652.05, "Total Cost": 258655.2, "Plan Rows": 70, "Plan Width": 40, "Actual Startup Time": 13190.637, "Actual Total Time": 13190.998, "Actual Rows": 2, "Actual Loops": 1, "Output": ["(date_part('year'::text, (orders.o_orderdate)::timestamp without time zone))", "(sum(CASE WHEN ((n2.n_name)::text = 'GERMANY'::text) THEN (lineitem.l_extendedprice * ('1'::numeric - lineitem.l_discount)) ELSE '0'::numeric END) / sum((lineitem.l_extendedprice * ('1'::numeric - lineitem.l_discount))))"], "Group Key": ["(date_part('year'::text, (orders.o_orderdate)::timestamp without time zone))"], "Plans": [{"Node Type": "Sort", "Parent Relationship": "Outer", "Parallel Aware": false, "Startup Cost": 258652.05, "Total Cost": 258652.22, "Plan Rows": 70, "Plan Width": 49, "Actual Startup Time": 13190.236, "Actual Total Time": 13190.414, "Actual Rows": 2462, "Actual Loops": 1, "Output": ["(date_part('year'::text, (orders.o_orderdate)::timestamp without time zone))", "n2.n_name", "lineitem.l_extendedprice", "lineitem.l_discount"], "Sort Key": ["(date_part('year'::text, (orders.o_orderdate)::timestamp without time zone))"], "Sort Method": "quicksort", "Sort Space Used": 289, "Sort Space Type": "Memory", "Plans": [{"Node Type": "Nested Loop", "Parent Relationship": "Outer", "Parallel Aware": false, "Join Type": "Inner", "Startup Cost": 63105.36, "Total Cost": 258649.9, "Plan Rows": 70, "Plan Width": 49, "Actual Startup Time": 3932.08, "Actual Total Time": 13187.904, "Actual Rows": 2462, "Actual Loops": 1, "Output": ["date_part('year'::text, (orders.o_orderdate)::timestamp without time zone)", "n2.n_name", "lineitem.l_extendedprice", "lineitem.l_discount"], "Inner Unique": true, "Plans": [{"Node Type": "Hash Join", "Parent Relationship": "Outer", "Parallel Aware": false, "Join Type": "Inner", "Startup Cost": 63105.21, "Total Cost": 258637.67, "Plan Rows": 70, "Plan Width": 20, "Actual Startup Time": 3931.922, "Actual Total Time": 13163.998, "Actual Rows": 2462, "Actual Loops": 1, "Output": ["lineitem.l_extendedprice", "lineitem.l_discount", "supplier.s_nationkey", "orders.o_orderdate"], "Inner Unique": false, "Hash Cond": "(lineitem.l_suppkey = supplier.s_suppkey)", "Plans": [{"Node Type": "Hash Join", "Parent Relationship": "Outer", "Parallel Aware": false, "Join Type": "Inner", "Startup Cost": 62658.21, "Total Cost": 258189.7, "Plan Rows": 70, "Plan Width": 20, "Actual Startup Time": 3916.501, "Actual Total Time": 13144.719, "Actual Rows": 2462, "Actual Loops": 1, "Output": ["lineitem.l_extendedprice", "lineitem.l_discount", "lineitem.l_suppkey", "orders.o_orderdate"], "Inner Unique": false, "Hash Cond": "(lineitem.l_orderkey = orders.o_orderkey)", "Plans": [{"Node Type": "Hash Join", "Parent Relationship": "Outer", "Parallel Aware": false, "Join Type": "Inner", "Startup Cost": 6597.57, "Total Cost": 201979.17, "Plan Rows": 39785, "Plan Width": 20, "Actual Startup Time": 984.564, "Actual Total Time": 9951.792, "Actual Rows": 39398, "Actual Loops": 1, "Output": ["lineitem.l_extendedprice", "lineitem.l_discount", "lineitem.l_suppkey", "lineitem.l_orderkey"], "Inner Unique": false, "Hash Cond": "(lineitem.l_partkey = part.p_partkey)", "Plans": [{"Node Type": "Seq Scan", "Parent Relationship": "Outer", "Parallel Aware": false, "Relation Name": "lineitem", "Schema": "public", "Alias": "lineitem", "Startup Cost": 0.0, "Total Cost": 172481.09, "Plan Rows": 6000709, "Plan Width": 24, "Actual Startup Time": 0.01, "Actual Total Time": 6370.712, "Actual Rows": 6000003, "Actual Loops": 1, "Output": ["lineitem.l_orderkey", "lineitem.l_partkey", "lineitem.l_suppkey", "lineitem.l_linenumber", "lineitem.l_quantity", "lineitem.l_extendedprice", "lineitem.l_discount", "lineitem.l_tax", "lineitem.l_returnflag", "lineitem.l_linestatus", "lineitem.l_shipdate", "lineitem.l_commitdate", "lineitem.l_receiptdate", "lineitem.l_shipinstruct", "lineitem.l_shipmode", "lineitem.l_comment"]}, {"Node Type": "Hash", "Parent Relationship": "Inner", "Parallel Aware": false, "Startup Cost": 6581.0, "Total Cost": 6581.0, "Plan Rows": 1326, "Plan Width": 4, "Actual Startup Time": 984.343, "Actual Total Time": 984.346, "Actual Rows": 1308, "Actual Loops": 1, "Output": ["part.p_partkey"], "Hash Buckets": 2048, "Original Hash Buckets": 2048, "Hash Batches": 1, "Original Hash Batches": 1, "Peak Memory Usage": 62, "Plans": [{"Node Type": "Seq Scan", "Parent Relationship": "Outer", "Parallel Aware": false, "Relation Name": "part", "Schema": "public", "Alias": "part", "Startup Cost": 0.0, "Total Cost": 6581.0, "Plan Rows": 1326, "Plan Width": 4, "Actual Startup Time": 0.085, "Actual Total Time": 983.473, "Actual Rows": 1308, "Actual Loops": 1, "Output": ["part.p_partkey"], "Filter": "((part.p_type)::text = 'MEDIUM PLATED COPPER'::text)", "Rows Removed by Filter": 198692}]}]}, {"Node Type": "Hash", "Parent Relationship": "Inner", "Parallel Aware": false, "Startup Cost": 56027.76, "Total Cost": 56027.76, "Plan Rows": 2630, "Plan Width": 8, "Actual Startup Time": 2929.678, "Actual Total Time": 2929.717, "Actual Rows": 92551, "Actual Loops": 1, "Output": ["orders.o_orderdate", "orders.o_orderkey"], "Hash Buckets": 131072, "Original Hash Buckets": 4096, "Hash Batches": 2, "Original Hash Batches": 1, "Peak Memory Usage": 3073, "Plans": [{"Node Type": "Hash Join", "Parent Relationship": "Outer", "Parallel Aware": false, "Join Type": "Inner", "Startup Cost": 5700.16, "Total Cost": 56027.76, "Plan Rows": 2630, "Plan Width": 8, "Actual Startup Time": 276.142, "Actual Total Time": 2713.4, "Actual Rows": 92551, "Actual Loops": 1, "Output": ["orders.o_orderdate", "orders.o_orderkey"], "Inner Unique": false, "Hash Cond": "(orders.o_custkey = customer.c_custkey)", "Plans": [{"Node Type": "Seq Scan", "Parent Relationship": "Outer", "Parallel Aware": false, "Relation Name": "orders", "Schema": "public", "Alias": "orders", "Startup Cost": 0.0, "Total Cost": 48592.0, "Plan Rows": 455817, "Plan Width": 12, "Actual Startup Time": 0.033, "Actual Total Time": 2071.002, "Actual Rows": 457263, "Actual Loops": 1, "Output": ["orders.o_orderkey", "orders.o_custkey", "orders.o_orderstatus", "orders.o_totalprice", "orders.o_orderdate", "orders.o_orderpriority", "orders.o_clerk", "orders.o_shippriority", "orders.o_comment"], "Filter": "((orders.o_orderdate >= '1995-01-01'::date) AND (orders.o_orderdate <= '1996-12-31'::date))", "Rows Removed by Filter": 1042737}, {"Node Type": "Hash", "Parent Relationship": "Inner", "Parallel Aware": false, "Startup Cost": 5689.34, "Total Cost": 5689.34, "Plan Rows": 865, "Plan Width": 4, "Actual Startup Time": 276.064, "Actual Total Time": 276.092, "Actual Rows": 30197, "Actual Loops": 1, "Output": ["customer.c_custkey"], "Hash Buckets": 32768, "Original Hash Buckets": 1024, "Hash Batches": 1, "Original Hash Batches": 1, "Peak Memory Usage": 1318, "Plans": [{"Node Type": "Hash Join", "Parent Relationship": "Outer", "Parallel Aware": false, "Join Type": "Inner", "Startup Cost": 33.02, "Total Cost": 5689.34, "Plan Rows": 865, "Plan Width": 4, "Actual Startup Time": 0.154, "Actual Total Time": 247.907, "Actual Rows": 30197, "Actual Loops": 1, "Output": ["customer.c_custkey"], "Inner Unique": false, "Hash Cond": "(customer.c_nationkey = n1.n_nationkey)", "Plans": [{"Node Type": "Seq Scan", "Parent Relationship": "Outer", "Parallel Aware": false, "Relation Name": "customer", "Schema": "public", "Alias": "customer", "Startup Cost": 0.0, "Total Cost": 5085.0, "Plan Rows": 150000, "Plan Width": 8, "Actual Startup Time": 0.012, "Actual Total Time": 34.791, "Actual Rows": 150000, "Actual Loops": 1, "Output": ["customer.c_custkey", "customer.c_name", "customer.c_address", "customer.c_nationkey", "customer.c_phone", "customer.c_acctbal", "customer.c_mktsegment", "customer.c_comment"]}, {"Node Type": "Hash", "Parent Relationship": "Inner", "Parallel Aware": false, "Startup Cost": 32.99, "Total Cost": 32.99, "Plan Rows": 3, "Plan Width": 4, "Actual Startup Time": 0.111, "Actual Total Time": 0.134, "Actual Rows": 5, "Actual Loops": 1, "Output": ["n1.n_nationkey"], "Hash Buckets": 1024, "Original Hash Buckets": 1024, "Hash Batches": 1, "Original Hash Batches": 1, "Peak Memory Usage": 9, "Plans": [{"Node Type": "Hash Join", "Parent Relationship": "Outer", "Parallel Aware": false, "Join Type": "Inner", "Startup Cost": 16.54, "Total Cost": 32.99, "Plan Rows": 3, "Plan Width": 4, "Actual Startup Time": 0.099, "Actual Total Time": 0.119, "Actual Rows": 5, "Actual Loops": 1, "Output": ["n1.n_nationkey"], "Inner Unique": true, "Hash Cond": "(n1.n_regionkey = region.r_regionkey)", "Plans": [{"Node Type": "Seq Scan", "Parent Relationship": "Outer", "Parallel Aware": false, "Relation Name": "nation", "Schema": "public", "Alias": "n1", "Startup Cost": 0.0, "Total Cost": 15.1, "Plan Rows": 510, "Plan Width": 8, "Actual Startup Time": 0.022, "Actual Total Time": 0.026, "Actual Rows": 25, "Actual Loops": 1, "Output": ["n1.n_nationkey", "n1.n_name", "n1.n_regionkey", "n1.n_comment"]}, {"Node Type": "Hash", "Parent Relationship": "Inner", "Parallel Aware": false, "Startup Cost": 16.5, "Total Cost": 16.5, "Plan Rows": 3, "Plan Width": 4, "Actual Startup Time": 0.032, "Actual Total Time": 0.035, "Actual Rows": 1, "Actual Loops": 1, "Output": ["region.r_regionkey"], "Hash Buckets": 1024, "Original Hash Buckets": 1024, "Hash Batches": 1, "Original Hash Batches": 1, "Peak Memory Usage": 9, "Plans": [{"Node Type": "Seq Scan", "Parent Relationship": "Outer", "Parallel Aware": false, "Relation Name": "region", "Schema": "public", "Alias": "region", "Startup Cost": 0.0, "Total Cost": 16.5, "Plan Rows": 3, "Plan Width": 4, "Actual Startup Time": 0.03, "Actual Total Time": 0.031, "Actual Rows": 1, "Actual Loops": 1, "Output": ["region.r_regionkey"], "Filter": "((region.r_name)::text = 'EUROPE'::text)", "Rows Removed by Filter": 4}]}]}]}]}]}]}]}]}, {"Node Type": "Hash", "Parent Relationship": "Inner", "Parallel Aware": false, "Startup Cost": 322.0, "Total Cost": 322.0, "Plan Rows": 10000, "Plan Width": 8, "Actual Startup Time": 15.146, "Actual Total Time": 15.148, "Actual Rows": 10000, "Actual Loops": 1, "Output": ["supplier.s_suppkey", "supplier.s_nationkey"], "Hash Buckets": 16384, "Original Hash Buckets": 16384, "Hash Batches": 1, "Original Hash Batches": 1, "Peak Memory Usage": 519, "Plans": [{"Node Type": "Seq Scan", "Parent Relationship": "Outer", "Parallel Aware": false, "Relation Name": "supplier", "Schema": "public", "Alias": "supplier", "Startup Cost": 0.0, "Total Cost": 322.0, "Plan Rows": 10000, "Plan Width": 8, "Actual Startup Time": 0.023, "Actual Total Time": 1.719, "Actual Rows": 10000, "Actual Loops": 1, "Output": ["supplier.s_suppkey", "supplier.s_nationkey"]}]}]}, {"Node Type": "Index Scan", "Parent Relationship": "Inner", "Parallel Aware": false, "Scan Direction": "Forward", "Index Name": "nation_pkey", "Relation Name": "nation", "Schema": "public", "Alias": "n2", "Startup Cost": 0.15, "Total Cost": 0.17, "Plan Rows": 1, "Plan Width": 33, "Actual Startup Time": 0.008, "Actual Total Time": 0.008, "Actual Rows": 1, "Actual Loops": 2462, "Output": ["n2.n_nationkey", "n2.n_name", "n2.n_regionkey", "n2.n_comment"], "Index Cond": "(n2.n_nationkey = supplier.s_nationkey)", "Rows Removed by Index Recheck": 0}]}]}]}, "Planning Time": 7.671, "Triggers": [], "Execution Time": 13192.832}]
q2#####[{"Plan": {"Node Type": "Sort", "Parallel Aware": false, "Startup Cost": 3266930.33, "Total Cost": 3281693.08, "Plan Rows": 5905100, "Plan Width": 205, "Actual Startup Time": 28742.196, "Actual Total Time": 28848.438, "Actual Rows": 37940, "Actual Loops": 1, "Output": ["customer.c_custkey", "customer.c_name", "(sum((lineitem.l_extendedprice * ('1'::numeric - lineitem.l_discount))))", "customer.c_acctbal", "nation.n_name", "customer.c_address", "customer.c_phone", "customer.c_comment"], "Sort Key": ["(sum((lineitem.l_extendedprice * ('1'::numeric - lineitem.l_discount)))) DESC"], "Sort Method": "external merge", "Sort Space Used": 6424, "Sort Space Type": "Disk", "Plans": [{"Node Type": "Aggregate", "Strategy": "Sorted", "Partial Mode": "Simple", "Parent Relationship": "Outer", "Parallel Aware": false, "Startup Cost": 278972.54, "Total Cost": 846830.11, "Plan Rows": 5905100, "Plan Width": 205, "Actual Startup Time": 25945.715, "Actual Total Time": 28069.445, "Actual Rows": 37940, "Actual Loops": 1, "Output": ["customer.c_custkey", "customer.c_name", "sum((lineitem.l_extendedprice * ('1'::numeric - lineitem.l_discount)))", "customer.c_acctbal", "nation.n_name", "customer.c_address", "customer.c_phone", "customer.c_comment"], "Group Key": ["customer.c_custkey", "customer.c_name", "customer.c_acctbal", "customer.c_phone", "nation.n_name", "customer.c_address", "customer.c_comment"], "Plans": [{"Node Type": "Incremental Sort", "Parent Relationship": "Outer", "Parallel Aware": false, "Startup Cost": 278972.54, "Total Cost": 625388.86, "Plan Rows": 5905100, "Plan Width": 185, "Actual Startup Time": 25945.474, "Actual Total Time": 27677.464, "Actual Rows": 114847, "Actual Loops": 1, "Output": ["customer.c_custkey", "customer.c_name", "customer.c_acctbal", "nation.n_name", "customer.c_address", "customer.c_phone", "customer.c_comment", "lineitem.l_extendedprice", "lineitem.l_discount"], "Sort Key": ["customer.c_custkey", "customer.c_name", "customer.c_acctbal", "customer.c_phone", "nation.n_name", "customer.c_address", "customer.c_comment"], "Presorted Key": ["customer.c_custkey"], "Full-sort Groups": {"Group Count": 3414, "Sort Methods Used": ["quicksort"], "Sort Space Memory": {"Average Sort Space Used": 34, "Peak Sort Space Used": 34}}, "Plans": [{"Node Type": "Merge Join", "Parent Relationship": "Outer", "Parallel Aware": false, "Join Type": "Inner", "Startup Cost": 278970.79, "Total Cost": 280606.56, "Plan Rows": 5905100, "Plan Width": 185, "Actual Startup Time": 25933.152, "Actual Total Time": 27429.739, "Actual Rows": 114847, "Actual Loops": 1, "Output": ["customer.c_custkey", "customer.c_name", "customer.c_acctbal", "nation.n_name", "customer.c_address", "customer.c_phone", "customer.c_comment", "lineitem.l_extendedprice", "lineitem.l_discount"], "Inner Unique": false, "Merge Cond": "(customer.c_custkey = orders.o_custkey)", "Plans": [{"Node Type": "Sort", "Parent Relationship": "Outer", "Parallel Aware": false, "Startup Cost": 31219.95, "Total Cost": 31594.95, "Plan Rows": 150000, "Plan Width": 173, "Actual Startup Time": 2826.241, "Actual Total Time": 3936.717, "Actual Rows": 149991, "Actual Loops": 1, "Output": ["customer.c_custkey", "customer.c_name", "customer.c_acctbal", "customer.c_address", "customer.c_phone", "customer.c_comment", "nation.n_name"], "Sort Key": ["customer.c_custkey"], "Sort Method": "external merge", "Sort Space Used": 24056, "Sort Space Type": "Disk", "Plans": [{"Node Type": "Hash Join", "Parent Relationship": "Outer", "Parallel Aware": false, "Join Type": "Inner", "Startup Cost": 21.48, "Total Cost": 5503.5, "Plan Rows": 150000, "Plan Width": 173, "Actual Startup Time": 4.548, "Actual Total Time": 1355.388, "Actual Rows": 150000, "Actual Loops": 1, "Output": ["customer.c_custkey", "customer.c_name", "customer.c_acctbal", "customer.c_address", "customer.c_phone", "customer.c_comment", "nation.n_name"], "Inner Unique": true, "Hash Cond": "(customer.c_nationkey = nation.n_nationkey)", "Plans": [{"Node Type": "Seq Scan", "Parent Relationship": "Outer", "Parallel Aware": false, "Relation Name": "customer", "Schema": "public", "Alias": "customer", "Startup Cost": 0.0, "Total Cost": 5085.0, "Plan Rows": 150000, "Plan Width": 148, "Actual Startup Time": 0.137, "Actual Total Time": 315.862, "Actual Rows": 150000, "Actual Loops": 1, "Output": ["customer.c_custkey", "customer.c_name", "customer.c_address", "customer.c_nationkey", "customer.c_phone", "customer.c_acctbal", "customer.c_mktsegment", "customer.c_comment"]}, {"Node Type": "Hash", "Parent Relationship": "Inner", "Parallel Aware": false, "Startup Cost": 15.1, "Total Cost": 15.1, "Plan Rows": 510, "Plan Width": 33, "Actual Startup Time": 0.123, "Actual Total Time": 0.126, "Actual Rows": 25, "Actual Loops": 1, "Output": ["nation.n_name", "nation.n_nationkey"], "Hash Buckets": 1024, "Original Hash Buckets": 1024, "Hash Batches": 1, "Original Hash Batches": 1, "Peak Memory Usage": 10, "Plans": [{"Node Type": "Seq Scan", "Parent Relationship": "Outer", "Parallel Aware": false, "Relation Name": "nation", "Schema": "public", "Alias": "nation", "Startup Cost": 0.0, "Total Cost": 15.1, "Plan Rows": 510, "Plan Width": 33, "Actual Startup Time": 0.017, "Actual Total Time": 0.021, "Actual Rows": 25, "Actual Loops": 1, "Output": ["nation.n_name", "nation.n_nationkey"]}]}]}]}, {"Node Type": "Sort", "Parent Relationship": "Inner", "Parallel Aware": false, "Startup Cost": 247750.85, "Total Cost": 247898.47, "Plan Rows": 59051, "Plan Width": 16, "Actual Startup Time": 23106.596, "Actual Total Time": 23255.787, "Actual Rows": 114847, "Actual Loops": 1, "Output": ["orders.o_custkey", "lineitem.l_extendedprice", "lineitem.l_discount"], "Sort Key": ["orders.o_custkey"], "Sort Method": "external sort", "Sort Space Used": 3552, "Sort Space Type": "Disk", "Plans": [{"Node Type": "Hash Join", "Parent Relationship": "Outer", "Parallel Aware": false, "Join Type": "Inner", "Startup Cost": 49332.86, "Total Cost": 243071.15, "Plan Rows": 59051, "Plan Width": 16, "Actual Startup Time": 3049.686, "Actual Total Time": 22332.693, "Actual Rows": 114847, "Actual Loops": 1, "Output": ["orders.o_custkey", "lineitem.l_extendedprice", "lineitem.l_discount"], "Inner Unique": false, "Hash Cond": "(lineitem.l_orderkey = orders.o_orderkey)", "Plans": [{"Node Type": "Seq Scan", "Parent Relationship": "Outer", "Parallel Aware": false, "Relation Name": "lineitem", "Schema": "public", "Alias": "lineitem", "Startup Cost": 0.0, "Total Cost": 187520.7, "Plan Rows": 1500554, "Plan Width": 16, "Actual Startup Time": 0.047, "Actual Total Time": 17761.428, "Actual Rows": 1478870, "Actual Loops": 1, "Output": ["lineitem.l_orderkey", "lineitem.l_partkey", "lineitem.l_suppkey", "lineitem.l_linenumber", "lineitem.l_quantity", "lineitem.l_extendedprice", "lineitem.l_discount", "lineitem.l_tax", "lineitem.l_returnflag", "lineitem.l_linestatus", "lineitem.l_shipdate", "lineitem.l_commitdate", "lineitem.l_receiptdate", "lineitem.l_shipinstruct", "lineitem.l_shipmode", "lineitem.l_comment"], "Filter": "(lineitem.l_returnflag = 'R'::bpchar)", "Rows Removed by Filter": 4522345}, {"Node Type": "Hash", "Parent Relationship": "Inner", "Parallel Aware": false, "Startup Cost": 48595.0, "Total Cost": 48595.0, "Plan Rows": 59029, "Plan Width": 8, "Actual Startup Time": 3001.209, "Actual Total Time": 3001.21, "Actual Rows": 57425, "Actual Loops": 1, "Output": ["orders.o_custkey", "orders.o_orderkey"], "Hash Buckets": 65536, "Original Hash Buckets": 65536, "Hash Batches": 1, "Original Hash Batches": 1, "Peak Memory Usage": 2756, "Plans": [{"Node Type": "Seq Scan", "Parent Relationship": "Outer", "Parallel Aware": false, "Relation Name": "orders", "Schema": "public", "Alias": "orders", "Startup Cost": 0.0, "Total Cost": 48595.0, "Plan Rows": 59029, "Plan Width": 8, "Actual Startup Time": 0.019, "Actual Total Time": 2864.23, "Actual Rows": 57425, "Actual Loops": 1, "Output": ["orders.o_custkey", "orders.o_orderkey"], "Filter": "((orders.o_orderdate >= '1993-06-05'::date) AND (orders.o_orderdate < '1993-09-05 00:00:00'::timestamp without time zone))", "Rows Removed by Filter": 1442575}]}]}]}]}]}]}]}, "Planning Time": 25.746, "Triggers": [], "Execution Time": 29266.32}]
q1#####[{"Plan": {"Node Type": "Aggregate", "Strategy": "Sorted", "Partial Mode": "Simple", "Parallel Aware": false, "Startup Cost": 262572.21, "Total Cost": 262575.32, "Plan Rows": 89, "Plan Width": 98, "Actual Startup Time": 38318.134, "Actual Total Time": 38319.955, "Actual Rows": 4, "Actual Loops": 1, "Output": ["n1.n_name", "n2.n_name", "(date_part('year'::text, (lineitem.l_shipdate)::timestamp without time zone))", "sum((lineitem.l_extendedprice * ('1'::numeric - lineitem.l_discount)))"], "Group Key": ["n1.n_name", "n2.n_name", "(date_part('year'::text, (lineitem.l_shipdate)::timestamp without time zone))"], "Plans": [{"Node Type": "Sort", "Parent Relationship": "Outer", "Parallel Aware": false, "Startup Cost": 262572.21, "Total Cost": 262572.43, "Plan Rows": 89, "Plan Width": 78, "Actual Startup Time": 38316.764, "Actual Total Time": 38317.626, "Actual Rows": 6018, "Actual Loops": 1, "Output": ["n1.n_name", "n2.n_name", "(date_part('year'::text, (lineitem.l_shipdate)::timestamp without time zone))", "lineitem.l_extendedprice", "lineitem.l_discount"], "Sort Key": ["n1.n_name", "n2.n_name", "(date_part('year'::text, (lineitem.l_shipdate)::timestamp without time zone))"], "Sort Method": "quicksort", "Sort Space Used": 663, "Sort Space Type": "Memory", "Plans": [{"Node Type": "Hash Join", "Parent Relationship": "Outer", "Parallel Aware": false, "Join Type": "Inner", "Startup Cost": 52936.46, "Total Cost": 262569.33, "Plan Rows": 89, "Plan Width": 78, "Actual Startup Time": 8547.792, "Actual Total Time": 38267.462, "Actual Rows": 6018, "Actual Loops": 1, "Output": ["n1.n_name", "n2.n_name", "date_part('year'::text, (lineitem.l_shipdate)::timestamp without time zone)", "lineitem.l_extendedprice", "lineitem.l_discount"], "Inner Unique": false, "Hash Cond": "(lineitem.l_suppkey = supplier.s_suppkey)", "Join Filter": "((((n1.n_name)::text = 'ALGERIA'::text) AND ((n2.n_name)::text = 'SAUDI ARABIA'::text)) OR (((n1.n_name)::text = 'SAUDI ARABIA'::text) AND ((n2.n_name)::text = 'ALGERIA'::text)))", "Rows Removed by Join Filter": 6021, "Plans": [{"Node Type": "Hash Join", "Parent Relationship": "Outer", "Parallel Aware": false, "Join Type": "Inner", "Startup Cost": 52569.05, "Total Cost": 262194.33, "Plan Rows": 1809, "Plan Width": 49, "Actual Startup Time": 8449.765, "Actual Total Time": 37845.755, "Actual Rows": 144253, "Actual Loops": 1, "Output": ["lineitem.l_shipdate", "lineitem.l_extendedprice", "lineitem.l_discount", "lineitem.l_suppkey", "n2.n_name"], "Inner Unique": false, "Hash Cond": "(lineitem.l_orderkey = orders.o_orderkey)", "Plans": [{"Node Type": "Seq Scan", "Parent Relationship": "Outer", "Parallel Aware": false, "Relation Name": "lineitem", "Schema": "public", "Alias": "lineitem", "Startup Cost": 0.0, "Total Cost": 202524.24, "Plan Rows": 1845366, "Plan Width": 24, "Actual Startup Time": 0.009, "Actual Total Time": 15109.035, "Actual Rows": 1828450, "Actual Loops": 1, "Output": ["lineitem.l_orderkey", "lineitem.l_partkey", "lineitem.l_suppkey", "lineitem.l_linenumber", "lineitem.l_quantity", "lineitem.l_extendedprice", "lineitem.l_discount", "lineitem.l_tax", "lineitem.l_returnflag", "lineitem.l_linestatus", "lineitem.l_shipdate", "lineitem.l_commitdate", "lineitem.l_receiptdate", "lineitem.l_shipinstruct", "lineitem.l_shipmode", "lineitem.l_comment"], "Filter": "((lineitem.l_shipdate >= '1995-01-01'::date) AND (lineitem.l_shipdate <= '1996-12-31'::date))", "Rows Removed by Filter": 4172765}, {"Node Type": "Hash", "Parent Relationship": "Inner", "Parallel Aware": false, "Startup Cost": 52385.22, "Total Cost": 52385.22, "Plan Rows": 14706, "Plan Width": 33, "Actual Startup Time": 8428.554, "Actual Total Time": 8429.11, "Actual Rows": 118075, "Actual Loops": 1, "Output": ["orders.o_orderkey", "n2.n_name"], "Hash Buckets": 131072, "Original Hash Buckets": 16384, "Hash Batches": 2, "Original Hash Batches": 1, "Peak Memory Usage": 3715, "Plans": [{"Node Type": "Hash Join", "Parent Relationship": "Outer", "Parallel Aware": false, "Join Type": "Inner", "Startup Cost": 5518.12, "Total Cost": 52385.22, "Plan Rows": 14706, "Plan Width": 33, "Actual Startup Time": 1444.674, "Actual Total Time": 7934.008, "Actual Rows": 118075, "Actual Loops": 1, "Output": ["orders.o_orderkey", "n2.n_name"], "Inner Unique": false, "Hash Cond": "(orders.o_custkey = customer.c_custkey)", "Plans": [{"Node Type": "Seq Scan", "Parent Relationship": "Outer", "Parallel Aware": false, "Relation Name": "orders", "Schema": "public", "Alias": "orders", "Startup Cost": 0.0, "Total Cost": 41095.0, "Plan Rows": 1500000, "Plan Width": 8, "Actual Startup Time": 1.324, "Actual Total Time": 5912.253, "Actual Rows": 1500000, "Actual Loops": 1, "Output": ["orders.o_orderkey", "orders.o_custkey", "orders.o_orderstatus", "orders.o_totalprice", "orders.o_orderdate", "orders.o_orderpriority", "orders.o_clerk", "orders.o_shippriority", "orders.o_comment"]}, {"Node Type": "Hash", "Parent Relationship": "Inner", "Parallel Aware": false, "Startup Cost": 5499.73, "Total Cost": 5499.73, "Plan Rows": 1471, "Plan Width": 33, "Actual Startup Time": 1443.315, "Actual Total Time": 1443.857, "Actual Rows": 11829, "Actual Loops": 1, "Output": ["customer.c_custkey", "n2.n_name"], "Hash Buckets": 16384, "Original Hash Buckets": 2048, "Hash Batches": 1, "Original Hash Batches": 1, "Peak Memory Usage": 666, "Plans": [{"Node Type": "Hash Join", "Parent Relationship": "Outer", "Parallel Aware": false, "Join Type": "Inner", "Startup Cost": 17.71, "Total Cost": 5499.73, "Plan Rows": 1471, "Plan Width": 33, "Actual Startup Time": 0.082, "Actual Total Time": 1392.959, "Actual Rows": 11829, "Actual Loops": 1, "Output": ["customer.c_custkey", "n2.n_name"], "Inner Unique": true, "Hash Cond": "(customer.c_nationkey = n2.n_nationkey)", "Plans": [{"Node Type": "Seq Scan", "Parent Relationship": "Outer", "Parallel Aware": false, "Relation Name": "customer", "Schema": "public", "Alias": "customer", "Startup Cost": 0.0, "Total Cost": 5085.0, "Plan Rows": 150000, "Plan Width": 8, "Actual Startup Time": 0.007, "Actual Total Time": 1361.722, "Actual Rows": 150000, "Actual Loops": 1, "Output": ["customer.c_custkey", "customer.c_name", "customer.c_address", "customer.c_nationkey", "customer.c_phone", "customer.c_acctbal", "customer.c_mktsegment", "customer.c_comment"]}, {"Node Type": "Hash", "Parent Relationship": "Inner", "Parallel Aware": false, "Startup Cost": 17.65, "Total Cost": 17.65, "Plan Rows": 5, "Plan Width": 33, "Actual Startup Time": 0.023, "Actual Total Time": 0.035, "Actual Rows": 2, "Actual Loops": 1, "Output": ["n2.n_name", "n2.n_nationkey"], "Hash Buckets": 1024, "Original Hash Buckets": 1024, "Hash Batches": 1, "Original Hash Batches": 1, "Peak Memory Usage": 9, "Plans": [{"Node Type": "Seq Scan", "Parent Relationship": "Outer", "Parallel Aware": false, "Relation Name": "nation", "Schema": "public", "Alias": "n2", "Startup Cost": 0.0, "Total Cost": 17.65, "Plan Rows": 5, "Plan Width": 33, "Actual Startup Time": 0.01, "Actual Total Time": 0.013, "Actual Rows": 2, "Actual Loops": 1, "Output": ["n2.n_name", "n2.n_nationkey"], "Filter": "(((n2.n_name)::text = 'SAUDI ARABIA'::text) OR ((n2.n_name)::text = 'ALGERIA'::text))", "Rows Removed by Filter": 23}]}]}]}]}]}]}, {"Node Type": "Hash", "Parent Relationship": "Inner", "Parallel Aware": false, "Startup Cost": 366.18, "Total Cost": 366.18, "Plan Rows": 98, "Plan Width": 33, "Actual Startup Time": 78.58, "Actual Total Time": 78.607, "Actual Rows": 831, "Actual Loops": 1, "Output": ["supplier.s_suppkey", "n1.n_name"], "Hash Buckets": 1024, "Original Hash Buckets": 1024, "Hash Batches": 1, "Original Hash Batches": 1, "Peak Memory Usage": 46, "Plans": [{"Node Type": "Hash Join", "Parent Relationship": "Outer", "Parallel Aware": false, "Join Type": "Inner", "Startup Cost": 17.71, "Total Cost": 366.18, "Plan Rows": 98, "Plan Width": 33, "Actual Startup Time": 0.6, "Actual Total Time": 77.427, "Actual Rows": 831, "Actual Loops": 1, "Output": ["supplier.s_suppkey", "n1.n_name"], "Inner Unique": true, "Hash Cond": "(supplier.s_nationkey = n1.n_nationkey)", "Plans": [{"Node Type": "Seq Scan", "Parent Relationship": "Outer", "Parallel Aware": false, "Relation Name": "supplier", "Schema": "public", "Alias": "supplier", "Startup Cost": 0.0, "Total Cost": 322.0, "Plan Rows": 10000, "Plan Width": 8, "Actual Startup Time": 0.008, "Actual Total Time": 75.438, "Actual Rows": 10000, "Actual Loops": 1, "Output": ["supplier.s_suppkey", "supplier.s_name", "supplier.s_address", "supplier.s_nationkey", "supplier.s_phone", "supplier.s_acctbal", "supplier.s_comment"]}, {"Node Type": "Hash", "Parent Relationship": "Inner", "Parallel Aware": false, "Startup Cost": 17.65, "Total Cost": 17.65, "Plan Rows": 5, "Plan Width": 33, "Actual Startup Time": 0.018, "Actual Total Time": 0.031, "Actual Rows": 2, "Actual Loops": 1, "Output": ["n1.n_name", "n1.n_nationkey"], "Hash Buckets": 1024, "Original Hash Buckets": 1024, "Hash Batches": 1, "Original Hash Batches": 1, "Peak Memory Usage": 9, "Plans": [{"Node Type": "Seq Scan", "Parent Relationship": "Outer", "Parallel Aware": false, "Relation Name": "nation", "Schema": "public", "Alias": "n1", "Startup Cost": 0.0, "Total Cost": 17.65, "Plan Rows": 5, "Plan Width": 33, "Actual Startup Time": 0.005, "Actual Total Time": 0.01, "Actual Rows": 2, "Actual Loops": 1, "Output": ["n1.n_name", "n1.n_nationkey"], "Filter": "(((n1.n_name)::text = 'ALGERIA'::text) OR ((n1.n_name)::text = 'SAUDI ARABIA'::text))", "Rows Removed by Filter": 23}]}]}]}]}]}]}, "Planning Time": 38.018, "Triggers": [], "Execution Time": 38331.06}]
q3#####[{"Plan": {"Node Type": "Aggregate", "Strategy": "Sorted", "Partial Mode": "Simple", "Parallel Aware": false, "Startup Cost": 262572.21, "Total Cost": 262575.32, "Plan Rows": 89, "Plan Width": 98, "Actual Startup Time": 65159.78, "Actual Total Time": 65161.111, "Actual Rows": 4, "Actual Loops": 1, "Output": ["n1.n_name", "n2.n_name", "(date_part('year'::text, (lineitem.l_shipdate)::timestamp without time zone))", "sum((lineitem.l_extendedprice * ('1'::numeric - lineitem.l_discount)))"], "Group Key": ["n1.n_name", "n2.n_name", "(date_part('year'::text, (lineitem.l_shipdate)::timestamp without time zone))"], "Plans": [{"Node Type": "Sort", "Parent Relationship": "Outer", "Parallel Aware": false, "Startup Cost": 262572.21, "Total Cost": 262572.43, "Plan Rows": 89, "Plan Width": 78, "Actual Startup Time": 65151.16, "Actual Total Time": 65151.552, "Actual Rows": 6033, "Actual Loops": 1, "Output": ["n1.n_name", "n2.n_name", "(date_part('year'::text, (lineitem.l_shipdate)::timestamp without time zone))", "lineitem.l_extendedprice", "lineitem.l_discount"], "Sort Key": ["n1.n_name", "n2.n_name", "(date_part('year'::text, (lineitem.l_shipdate)::timestamp without time zone))"], "Sort Method": "quicksort", "Sort Space Used": 664, "Sort Space Type": "Memory", "Plans": [{"Node Type": "Hash Join", "Parent Relationship": "Outer", "Parallel Aware": false, "Join Type": "Inner", "Startup Cost": 52936.46, "Total Cost": 262569.33, "Plan Rows": 89, "Plan Width": 78, "Actual Startup Time": 11119.841, "Actual Total Time": 65101.193, "Actual Rows": 6033, "Actual Loops": 1, "Output": ["n1.n_name", "n2.n_name", "date_part('year'::text, (lineitem.l_shipdate)::timestamp without time zone)", "lineitem.l_extendedprice", "lineitem.l_discount"], "Inner Unique": false, "Hash Cond": "(lineitem.l_suppkey = supplier.s_suppkey)", "Join Filter": "((((n1.n_name)::text = 'ALGERIA'::text) AND ((n2.n_name)::text = 'EGYPT'::text)) OR (((n1.n_name)::text = 'EGYPT'::text) AND ((n2.n_name)::text = 'ALGERIA'::text)))", "Rows Removed by Join Filter": 6071, "Plans": [{"Node Type": "Hash Join", "Parent Relationship": "Outer", "Parallel Aware": false, "Join Type": "Inner", "Startup Cost": 52569.05, "Total Cost": 262194.33, "Plan Rows": 1809, "Plan Width": 49, "Actual Startup Time": 11022.764, "Actual Total Time": 64636.216, "Actual Rows": 145126, "Actual Loops": 1, "Output": ["lineitem.l_shipdate", "lineitem.l_extendedprice", "lineitem.l_discount", "lineitem.l_suppkey", "n2.n_name"], "Inner Unique": false, "Hash Cond": "(lineitem.l_orderkey = orders.o_orderkey)", "Plans": [{"Node Type": "Seq Scan", "Parent Relationship": "Outer", "Parallel Aware": false, "Relation Name": "lineitem", "Schema": "public", "Alias": "lineitem", "Startup Cost": 0.0, "Total Cost": 202524.24, "Plan Rows": 1845366, "Plan Width": 24, "Actual Startup Time": 0.021, "Actual Total Time": 37940.634, "Actual Rows": 1828450, "Actual Loops": 1, "Output": ["lineitem.l_orderkey", "lineitem.l_partkey", "lineitem.l_suppkey", "lineitem.l_linenumber", "lineitem.l_quantity", "lineitem.l_extendedprice", "lineitem.l_discount", "lineitem.l_tax", "lineitem.l_returnflag", "lineitem.l_linestatus", "lineitem.l_shipdate", "lineitem.l_commitdate", "lineitem.l_receiptdate", "lineitem.l_shipinstruct", "lineitem.l_shipmode", "lineitem.l_comment"], "Filter": "((lineitem.l_shipdate >= '1995-01-01'::date) AND (lineitem.l_shipdate <= '1996-12-31'::date))", "Rows Removed by Filter": 4172765}, {"Node Type": "Hash", "Parent Relationship": "Inner", "Parallel Aware": false, "Startup Cost": 52385.22, "Total Cost": 52385.22, "Plan Rows": 14706, "Plan Width": 33, "Actual Startup Time": 10987.917, "Actual Total Time": 10987.939, "Actual Rows": 118733, "Actual Loops": 1, "Output": ["orders.o_orderkey", "n2.n_name"], "Hash Buckets": 131072, "Original Hash Buckets": 16384, "Hash Batches": 2, "Original Hash Batches": 1, "Peak Memory Usage": 3513, "Plans": [{"Node Type": "Hash Join", "Parent Relationship": "Outer", "Parallel Aware": false, "Join Type": "Inner", "Startup Cost": 5518.12, "Total Cost": 52385.22, "Plan Rows": 14706, "Plan Width": 33, "Actual Startup Time": 458.586, "Actual Total Time": 10684.426, "Actual Rows": 118733, "Actual Loops": 1, "Output": ["orders.o_orderkey", "n2.n_name"], "Inner Unique": false, "Hash Cond": "(orders.o_custkey = customer.c_custkey)", "Plans": [{"Node Type": "Seq Scan", "Parent Relationship": "Outer", "Parallel Aware": false, "Relation Name": "orders", "Schema": "public", "Alias": "orders", "Startup Cost": 0.0, "Total Cost": 41095.0, "Plan Rows": 1500000, "Plan Width": 8, "Actual Startup Time": 0.006, "Actual Total Time": 8918.583, "Actual Rows": 1500000, "Actual Loops": 1, "Output": ["orders.o_orderkey", "orders.o_custkey", "orders.o_orderstatus", "orders.o_totalprice", "orders.o_orderdate", "orders.o_orderpriority", "orders.o_clerk", "orders.o_shippriority", "orders.o_comment"]}, {"Node Type": "Hash", "Parent Relationship": "Inner", "Parallel Aware": false, "Startup Cost": 5499.73, "Total Cost": 5499.73, "Plan Rows": 1471, "Plan Width": 33, "Actual Startup Time": 458.559, "Actual Total Time": 458.572, "Actual Rows": 11920, "Actual Loops": 1, "Output": ["customer.c_custkey", "n2.n_name"], "Hash Buckets": 16384, "Original Hash Buckets": 2048, "Hash Batches": 1, "Original Hash Batches": 1, "Peak Memory Usage": 629, "Plans": [{"Node Type": "Hash Join", "Parent Relationship": "Outer", "Parallel Aware": false, "Join Type": "Inner", "Startup Cost": 17.71, "Total Cost": 5499.73, "Plan Rows": 1471, "Plan Width": 33, "Actual Startup Time": 0.022, "Actual Total Time": 455.928, "Actual Rows": 11920, "Actual Loops": 1, "Output": ["customer.c_custkey", "n2.n_name"], "Inner Unique": true, "Hash Cond": "(customer.c_nationkey = n2.n_nationkey)", "Plans": [{"Node Type": "Seq Scan", "Parent Relationship": "Outer", "Parallel Aware": false, "Relation Name": "customer", "Schema": "public", "Alias": "customer", "Startup Cost": 0.0, "Total Cost": 5085.0, "Plan Rows": 150000, "Plan Width": 8, "Actual Startup Time": 0.003, "Actual Total Time": 131.588, "Actual Rows": 150000, "Actual Loops": 1, "Output": ["customer.c_custkey", "customer.c_name", "customer.c_address", "customer.c_nationkey", "customer.c_phone", "customer.c_acctbal", "customer.c_mktsegment", "customer.c_comment"]}, {"Node Type": "Hash", "Parent Relationship": "Inner", "Parallel Aware": false, "Startup Cost": 17.65, "Total Cost": 17.65, "Plan Rows": 5, "Plan Width": 33, "Actual Startup Time": 0.007, "Actual Total Time": 0.01, "Actual Rows": 2, "Actual Loops": 1, "Output": ["n2.n_name", "n2.n_nationkey"], "Hash Buckets": 1024, "Original Hash Buckets": 1024, "Hash Batches": 1, "Original Hash Batches": 1, "Peak Memory Usage": 9, "Plans": [{"Node Type": "Seq Scan", "Parent Relationship": "Outer", "Parallel Aware": false, "Relation Name": "nation", "Schema": "public", "Alias": "n2", "Startup Cost": 0.0, "Total Cost": 17.65, "Plan Rows": 5, "Plan Width": 33, "Actual Startup Time": 0.004, "Actual Total Time": 0.006, "Actual Rows": 2, "Actual Loops": 1, "Output": ["n2.n_name", "n2.n_nationkey"], "Filter": "(((n2.n_name)::text = 'EGYPT'::text) OR ((n2.n_name)::text = 'ALGERIA'::text))", "Rows Removed by Filter": 23}]}]}]}]}]}]}, {"Node Type": "Hash", "Parent Relationship": "Inner", "Parallel Aware": false, "Startup Cost": 366.18, "Total Cost": 366.18, "Plan Rows": 98, "Plan Width": 33, "Actual Startup Time": 94.474, "Actual Total Time": 94.49, "Actual Rows": 835, "Actual Loops": 1, "Output": ["supplier.s_suppkey", "n1.n_name"], "Hash Buckets": 1024, "Original Hash Buckets": 1024, "Hash Batches": 1, "Original Hash Batches": 1, "Peak Memory Usage": 44, "Plans": [{"Node Type": "Hash Join", "Parent Relationship": "Outer", "Parallel Aware": false, "Join Type": "Inner", "Startup Cost": 17.71, "Total Cost": 366.18, "Plan Rows": 98, "Plan Width": 33, "Actual Startup Time": 0.019, "Actual Total Time": 94.265, "Actual Rows": 835, "Actual Loops": 1, "Output": ["supplier.s_suppkey", "n1.n_name"], "Inner Unique": true, "Hash Cond": "(supplier.s_nationkey = n1.n_nationkey)", "Plans": [{"Node Type": "Seq Scan", "Parent Relationship": "Outer", "Parallel Aware": false, "Relation Name": "supplier", "Schema": "public", "Alias": "supplier", "Startup Cost": 0.0, "Total Cost": 322.0, "Plan Rows": 10000, "Plan Width": 8, "Actual Startup Time": 0.005, "Actual Total Time": 1.856, "Actual Rows": 10000, "Actual Loops": 1, "Output": ["supplier.s_suppkey", "supplier.s_name", "supplier.s_address", "supplier.s_nationkey", "supplier.s_phone", "supplier.s_acctbal", "supplier.s_comment"]}, {"Node Type": "Hash", "Parent Relationship": "Inner", "Parallel Aware": false, "Startup Cost": 17.65, "Total Cost": 17.65, "Plan Rows": 5, "Plan Width": 33, "Actual Startup Time": 0.007, "Actual Total Time": 0.01, "Actual Rows": 2, "Actual Loops": 1, "Output": ["n1.n_name", "n1.n_nationkey"], "Hash Buckets": 1024, "Original Hash Buckets": 1024, "Hash Batches": 1, "Original Hash Batches": 1, "Peak Memory Usage": 9, "Plans": [{"Node Type": "Seq Scan", "Parent Relationship": "Outer", "Parallel Aware": false, "Relation Name": "nation", "Schema": "public", "Alias": "n1", "Startup Cost": 0.0, "Total Cost": 17.65, "Plan Rows": 5, "Plan Width": 33, "Actual Startup Time": 0.003, "Actual Total Time": 0.005, "Actual Rows": 2, "Actual Loops": 1, "Output": ["n1.n_name", "n1.n_nationkey"], "Filter": "(((n1.n_name)::text = 'ALGERIA'::text) OR ((n1.n_name)::text = 'EGYPT'::text))", "Rows Removed by Filter": 23}]}]}]}]}]}]}, "Planning Time": 7.013, "Triggers": [], "Execution Time": 65162.456}]
q4#####[{"Plan": {"Node Type": "Sort", "Parallel Aware": false, "Startup Cost": 3024165.0, "Total Cost": 3037769.0, "Plan Rows": 5441600, "Plan Width": 205, "Actual Startup Time": 62000.683, "Actual Total Time": 62026.255, "Actual Rows": 37633, "Actual Loops": 1, "Output": ["customer.c_custkey", "customer.c_name", "(sum((lineitem.l_extendedprice * ('1'::numeric - lineitem.l_discount))))", "customer.c_acctbal", "nation.n_name", "customer.c_address", "customer.c_phone", "customer.c_comment"], "Sort Key": ["(sum((lineitem.l_extendedprice * ('1'::numeric - lineitem.l_discount)))) DESC"], "Sort Method": "external merge", "Sort Space Used": 6376, "Sort Space Type": "Disk", "Plans": [{"Node Type": "Aggregate", "Strategy": "Sorted", "Partial Mode": "Simple", "Parent Relationship": "Outer", "Parallel Aware": false, "Startup Cost": 278468.71, "Total Cost": 797235.69, "Plan Rows": 5441600, "Plan Width": 205, "Actual Startup Time": 58330.47, "Actual Total Time": 60746.106, "Actual Rows": 37633, "Actual Loops": 1, "Output": ["customer.c_custkey", "customer.c_name", "sum((lineitem.l_extendedprice * ('1'::numeric - lineitem.l_discount)))", "customer.c_acctbal", "nation.n_name", "customer.c_address", "customer.c_phone", "customer.c_comment"], "Group Key": ["customer.c_custkey", "customer.c_name", "customer.c_acctbal", "customer.c_phone", "nation.n_name", "customer.c_address", "customer.c_comment"], "Plans": [{"Node Type": "Incremental Sort", "Parent Relationship": "Outer", "Parallel Aware": false, "Startup Cost": 278468.71, "Total Cost": 593175.69, "Plan Rows": 5441600, "Plan Width": 185, "Actual Startup Time": 58329.143, "Actual Total Time": 60594.631, "Actual Rows": 112740, "Actual Loops": 1, "Output": ["customer.c_custkey", "customer.c_name", "customer.c_acctbal", "nation.n_name", "customer.c_address", "customer.c_phone", "customer.c_comment", "lineitem.l_extendedprice", "lineitem.l_discount"], "Sort Key": ["customer.c_custkey", "customer.c_name", "customer.c_acctbal", "customer.c_phone", "nation.n_name", "customer.c_address", "customer.c_comment"], "Presorted Key": ["customer.c_custkey"], "Full-sort Groups": {"Group Count": 3356, "Sort Methods Used": ["quicksort"], "Sort Space Memory": {"Average Sort Space Used": 33, "Peak Sort Space Used": 33}}, "Plans": [{"Node Type": "Merge Join", "Parent Relationship": "Outer", "Parallel Aware": false, "Join Type": "Inner", "Startup Cost": 278467.13, "Total Cost": 280033.37, "Plan Rows": 5441600, "Plan Width": 185, "Actual Startup Time": 58329.003, "Actual Total Time": 60300.57, "Actual Rows": 112740, "Actual Loops": 1, "Output": ["customer.c_custkey", "customer.c_name", "customer.c_acctbal", "nation.n_name", "customer.c_address", "customer.c_phone", "customer.c_comment", "lineitem.l_extendedprice", "lineitem.l_discount"], "Inner Unique": false, "Merge Cond": "(customer.c_custkey = orders.o_custkey)", "Plans": [{"Node Type": "Sort", "Parent Relationship": "Outer", "Parallel Aware": false, "Startup Cost": 31219.95, "Total Cost": 31594.95, "Plan Rows": 150000, "Plan Width": 173, "Actual Startup Time": 2619.231, "Actual Total Time": 4447.938, "Actual Rows": 150000, "Actual Loops": 1, "Output": ["customer.c_custkey", "customer.c_name", "customer.c_acctbal", "customer.c_address", "customer.c_phone", "customer.c_comment", "nation.n_name"], "Sort Key": ["customer.c_custkey"], "Sort Method": "external merge", "Sort Space Used": 24056, "Sort Space Type": "Disk", "Plans": [{"Node Type": "Hash Join", "Parent Relationship": "Outer", "Parallel Aware": false, "Join Type": "Inner", "Startup Cost": 21.48, "Total Cost": 5503.5, "Plan Rows": 150000, "Plan Width": 173, "Actual Startup Time": 49.64, "Actual Total Time": 1169.385, "Actual Rows": 150000, "Actual Loops": 1, "Output": ["customer.c_custkey", "customer.c_name", "customer.c_acctbal", "customer.c_address", "customer.c_phone", "customer.c_comment", "nation.n_name"], "Inner Unique": true, "Hash Cond": "(customer.c_nationkey = nation.n_nationkey)", "Plans": [{"Node Type": "Seq Scan", "Parent Relationship": "Outer", "Parallel Aware": false, "Relation Name": "customer", "Schema": "public", "Alias": "customer", "Startup Cost": 0.0, "Total Cost": 5085.0, "Plan Rows": 150000, "Plan Width": 148, "Actual Startup Time": 37.559, "Actual Total Time": 331.068, "Actual Rows": 150000, "Actual Loops": 1, "Output": ["customer.c_custkey", "customer.c_name", "customer.c_address", "customer.c_nationkey", "customer.c_phone", "customer.c_acctbal", "customer.c_mktsegment", "customer.c_comment"]}, {"Node Type": "Hash", "Parent Relationship": "Inner", "Parallel Aware": false, "Startup Cost": 15.1, "Total Cost": 15.1, "Plan Rows": 510, "Plan Width": 33, "Actual Startup Time": 11.584, "Actual Total Time": 11.601, "Actual Rows": 25, "Actual Loops": 1, "Output": ["nation.n_name", "nation.n_nationkey"], "Hash Buckets": 1024, "Original Hash Buckets": 1024, "Hash Batches": 1, "Original Hash Batches": 1, "Peak Memory Usage": 10, "Plans": [{"Node Type": "Seq Scan", "Parent Relationship": "Outer", "Parallel Aware": false, "Relation Name": "nation", "Schema": "public", "Alias": "nation", "Startup Cost": 0.0, "Total Cost": 15.1, "Plan Rows": 510, "Plan Width": 33, "Actual Startup Time": 11.412, "Actual Total Time": 11.419, "Actual Rows": 25, "Actual Loops": 1, "Output": ["nation.n_name", "nation.n_nationkey"]}]}]}]}, {"Node Type": "Sort", "Parent Relationship": "Inner", "Parallel Aware": false, "Startup Cost": 247247.18, "Total Cost": 247383.22, "Plan Rows": 54416, "Plan Width": 16, "Actual Startup Time": 55705.988, "Actual Total Time": 55759.502, "Actual Rows": 112740, "Actual Loops": 1, "Output": ["orders.o_custkey", "lineitem.l_extendedprice", "lineitem.l_discount"], "Sort Key": ["orders.o_custkey"], "Sort Method": "external sort", "Sort Space Used": 3488, "Sort Space Type": "Disk", "Plans": [{"Node Type": "Hash Join", "Parent Relationship": "Outer", "Parallel Aware": false, "Join Type": "Inner", "Startup Cost": 49274.95, "Total Cost": 242966.89, "Plan Rows": 54416, "Plan Width": 16, "Actual Startup Time": 12819.653, "Actual Total Time": 54613.042, "Actual Rows": 112740, "Actual Loops": 1, "Output": ["orders.o_custkey", "lineitem.l_extendedprice", "lineitem.l_discount"], "Inner Unique": false, "Hash Cond": "(lineitem.l_orderkey = orders.o_orderkey)", "Plans": [{"Node Type": "Seq Scan", "Parent Relationship": "Outer", "Parallel Aware": false, "Relation Name": "lineitem", "Schema": "public", "Alias": "lineitem", "Startup Cost": 0.0, "Total Cost": 187520.7, "Plan Rows": 1500554, "Plan Width": 16, "Actual Startup Time": 0.094, "Actual Total Time": 38919.245, "Actual Rows": 1478870, "Actual Loops": 1, "Output": ["lineitem.l_orderkey", "lineitem.l_partkey", "lineitem.l_suppkey", "lineitem.l_linenumber", "lineitem.l_quantity", "lineitem.l_extendedprice", "lineitem.l_discount", "lineitem.l_tax", "lineitem.l_returnflag", "lineitem.l_linestatus", "lineitem.l_shipdate", "lineitem.l_commitdate", "lineitem.l_receiptdate", "lineitem.l_shipinstruct", "lineitem.l_shipmode", "lineitem.l_comment"], "Filter": "(lineitem.l_returnflag = 'R'::bpchar)", "Rows Removed by Filter": 4522345}, {"Node Type": "Hash", "Parent Relationship": "Inner", "Parallel Aware": false, "Startup Cost": 48595.0, "Total Cost": 48595.0, "Plan Rows": 54396, "Plan Width": 8, "Actual Startup Time": 12757.036, "Actual Total Time": 12757.043, "Actual Rows": 56434, "Actual Loops": 1, "Output": ["orders.o_custkey", "orders.o_orderkey"], "Hash Buckets": 65536, "Original Hash Buckets": 65536, "Hash Batches": 1, "Original Hash Batches": 1, "Peak Memory Usage": 2717, "Plans": [{"Node Type": "Seq Scan", "Parent Relationship": "Outer", "Parallel Aware": false, "Relation Name": "orders", "Schema": "public", "Alias": "orders", "Startup Cost": 0.0, "Total Cost": 48595.0, "Plan Rows": 54396, "Plan Width": 8, "Actual Startup Time": 0.033, "Actual Total Time": 12423.896, "Actual Rows": 56434, "Actual Loops": 1, "Output": ["orders.o_custkey", "orders.o_orderkey"], "Filter": "((orders.o_orderdate >= '1993-04-01'::date) AND (orders.o_orderdate < '1993-07-01 00:00:00'::timestamp without time zone))", "Rows Removed by Filter": 1443566}]}]}]}]}]}]}]}, "Planning Time": 7.737, "Triggers": [], "Execution Time": 62124.577}]
q5#####[{"Plan": {"Node Type": "Sort", "Parallel Aware": false, "Startup Cost": 3173990.12, "Total Cost": 3188309.62, "Plan Rows": 5727800, "Plan Width": 205, "Actual Startup Time": 61205.648, "Actual Total Time": 61311.108, "Actual Rows": 38013, "Actual Loops": 1, "Output": ["customer.c_custkey", "customer.c_name", "(sum((lineitem.l_extendedprice * ('1'::numeric - lineitem.l_discount))))", "customer.c_acctbal", "nation.n_name", "customer.c_address", "customer.c_phone", "customer.c_comment"], "Sort Key": ["(sum((lineitem.l_extendedprice * ('1'::numeric - lineitem.l_discount)))) DESC"], "Sort Method": "external merge", "Sort Space Used": 6440, "Sort Space Type": "Disk", "Plans": [{"Node Type": "Aggregate", "Strategy": "Sorted", "Partial Mode": "Simple", "Parent Relationship": "Outer", "Parallel Aware": false, "Startup Cost": 278779.49, "Total Cost": 827810.47, "Plan Rows": 5727800, "Plan Width": 205, "Actual Startup Time": 59165.904, "Actual Total Time": 60989.694, "Actual Rows": 38013, "Actual Loops": 1, "Output": ["customer.c_custkey", "customer.c_name", "sum((lineitem.l_extendedprice * ('1'::numeric - lineitem.l_discount)))", "customer.c_acctbal", "nation.n_name", "customer.c_address", "customer.c_phone", "customer.c_comment"], "Group Key": ["customer.c_custkey", "customer.c_name", "customer.c_acctbal", "customer.c_phone", "nation.n_name", "customer.c_address", "customer.c_comment"], "Plans": [{"Node Type": "Incremental Sort", "Parent Relationship": "Outer", "Parallel Aware": false, "Startup Cost": 278779.49, "Total Cost": 613017.97, "Plan Rows": 5727800, "Plan Width": 185, "Actual Startup Time": 59165.389, "Actual Total Time": 60667.005, "Actual Rows": 114399, "Actual Loops": 1, "Output": ["customer.c_custkey", "customer.c_name", "customer.c_acctbal", "nation.n_name", "customer.c_address", "customer.c_phone", "customer.c_comment", "lineitem.l_extendedprice", "lineitem.l_discount"], "Sort Key": ["customer.c_custkey", "customer.c_name", "customer.c_acctbal", "customer.c_phone", "nation.n_name", "customer.c_address", "customer.c_comment"], "Presorted Key": ["customer.c_custkey"], "Full-sort Groups": {"Group Count": 3399, "Sort Methods Used": ["quicksort"], "Sort Space Memory": {"Average Sort Space Used": 33, "Peak Sort Space Used": 33}}, "Plans": [{"Node Type": "Merge Join", "Parent Relationship": "Outer", "Parallel Aware": false, "Join Type": "Inner", "Startup Cost": 278777.81, "Total Cost": 280386.98, "Plan Rows": 5727800, "Plan Width": 185, "Actual Startup Time": 59146.935, "Actual Total Time": 60430.062, "Actual Rows": 114399, "Actual Loops": 1, "Output": ["customer.c_custkey", "customer.c_name", "customer.c_acctbal", "nation.n_name", "customer.c_address", "customer.c_phone", "customer.c_comment", "lineitem.l_extendedprice", "lineitem.l_discount"], "Inner Unique": false, "Merge Cond": "(customer.c_custkey = orders.o_custkey)", "Plans": [{"Node Type": "Sort", "Parent Relationship": "Outer", "Parallel Aware": false, "Startup Cost": 31219.95, "Total Cost": 31594.95, "Plan Rows": 150000, "Plan Width": 173, "Actual Startup Time": 6541.064, "Actual Total Time": 7586.69, "Actual Rows": 150000, "Actual Loops": 1, "Output": ["customer.c_custkey", "customer.c_name", "customer.c_acctbal", "customer.c_address", "customer.c_phone", "customer.c_comment", "nation.n_name"], "Sort Key": ["customer.c_custkey"], "Sort Method": "external merge", "Sort Space Used": 24056, "Sort Space Type": "Disk", "Plans": [{"Node Type": "Hash Join", "Parent Relationship": "Outer", "Parallel Aware": false, "Join Type": "Inner", "Startup Cost": 21.48, "Total Cost": 5503.5, "Plan Rows": 150000, "Plan Width": 173, "Actual Startup Time": 2.169, "Actual Total Time": 2454.38, "Actual Rows": 150000, "Actual Loops": 1, "Output": ["customer.c_custkey", "customer.c_name", "customer.c_acctbal", "customer.c_address", "customer.c_phone", "customer.c_comment", "nation.n_name"], "Inner Unique": true, "Hash Cond": "(customer.c_nationkey = nation.n_nationkey)", "Plans": [{"Node Type": "Seq Scan", "Parent Relationship": "Outer", "Parallel Aware": false, "Relation Name": "customer", "Schema": "public", "Alias": "customer", "Startup Cost": 0.0, "Total Cost": 5085.0, "Plan Rows": 150000, "Plan Width": 148, "Actual Startup Time": 0.234, "Actual Total Time": 843.747, "Actual Rows": 150000, "Actual Loops": 1, "Output": ["customer.c_custkey", "customer.c_name", "customer.c_address", "customer.c_nationkey", "customer.c_phone", "customer.c_acctbal", "customer.c_mktsegment", "customer.c_comment"]}, {"Node Type": "Hash", "Parent Relationship": "Inner", "Parallel Aware": false, "Startup Cost": 15.1, "Total Cost": 15.1, "Plan Rows": 510, "Plan Width": 33, "Actual Startup Time": 0.715, "Actual Total Time": 0.725, "Actual Rows": 25, "Actual Loops": 1, "Output": ["nation.n_name", "nation.n_nationkey"], "Hash Buckets": 1024, "Original Hash Buckets": 1024, "Hash Batches": 1, "Original Hash Batches": 1, "Peak Memory Usage": 10, "Plans": [{"Node Type": "Seq Scan", "Parent Relationship": "Outer", "Parallel Aware": false, "Relation Name": "nation", "Schema": "public", "Alias": "nation", "Startup Cost": 0.0, "Total Cost": 15.1, "Plan Rows": 510, "Plan Width": 33, "Actual Startup Time": 0.69, "Actual Total Time": 0.693, "Actual Rows": 25, "Actual Loops": 1, "Output": ["nation.n_name", "nation.n_nationkey"]}]}]}]}, {"Node Type": "Sort", "Parent Relationship": "Inner", "Parallel Aware": false, "Startup Cost": 247557.86, "Total Cost": 247701.06, "Plan Rows": 57278, "Plan Width": 16, "Actual Startup Time": 52597.43, "Actual Total Time": 52635.309, "Actual Rows": 114399, "Actual Loops": 1, "Output": ["orders.o_custkey", "lineitem.l_extendedprice", "lineitem.l_discount"], "Sort Key": ["orders.o_custkey"], "Sort Method": "external sort", "Sort Space Used": 3536, "Sort Space Type": "Disk", "Plans": [{"Node Type": "Hash Join", "Parent Relationship": "Outer", "Parallel Aware": false, "Join Type": "Inner", "Startup Cost": 49310.71, "Total Cost": 243031.27, "Plan Rows": 57278, "Plan Width": 16, "Actual Startup Time": 14845.264, "Actual Total Time": 51160.58, "Actual Rows": 114399, "Actual Loops": 1, "Output": ["orders.o_custkey", "lineitem.l_extendedprice", "lineitem.l_discount"], "Inner Unique": false, "Hash Cond": "(lineitem.l_orderkey = orders.o_orderkey)", "Plans": [{"Node Type": "Seq Scan", "Parent Relationship": "Outer", "Parallel Aware": false, "Relation Name": "lineitem", "Schema": "public", "Alias": "lineitem", "Startup Cost": 0.0, "Total Cost": 187520.7, "Plan Rows": 1500554, "Plan Width": 16, "Actual Startup Time": 0.069, "Actual Total Time": 34417.85, "Actual Rows": 1478870, "Actual Loops": 1, "Output": ["lineitem.l_orderkey", "lineitem.l_partkey", "lineitem.l_suppkey", "lineitem.l_linenumber", "lineitem.l_quantity", "lineitem.l_extendedprice", "lineitem.l_discount", "lineitem.l_tax", "lineitem.l_returnflag", "lineitem.l_linestatus", "lineitem.l_shipdate", "lineitem.l_commitdate", "lineitem.l_receiptdate", "lineitem.l_shipinstruct", "lineitem.l_shipmode", "lineitem.l_comment"], "Filter": "(lineitem.l_returnflag = 'R'::bpchar)", "Rows Removed by Filter": 4522345}, {"Node Type": "Hash", "Parent Relationship": "Inner", "Parallel Aware": false, "Startup Cost": 48595.0, "Total Cost": 48595.0, "Plan Rows": 57257, "Plan Width": 8, "Actual Startup Time": 14820.882, "Actual Total Time": 14820.888, "Actual Rows": 57207, "Actual Loops": 1, "Output": ["orders.o_custkey", "orders.o_orderkey"], "Hash Buckets": 65536, "Original Hash Buckets": 65536, "Hash Batches": 1, "Original Hash Batches": 1, "Peak Memory Usage": 2747, "Plans": [{"Node Type": "Seq Scan", "Parent Relationship": "Outer", "Parallel Aware": false, "Relation Name": "orders", "Schema": "public", "Alias": "orders", "Startup Cost": 0.0, "Total Cost": 48595.0, "Plan Rows": 57257, "Plan Width": 8, "Actual Startup Time": 0.027, "Actual Total Time": 14629.669, "Actual Rows": 57207, "Actual Loops": 1, "Output": ["orders.o_custkey", "orders.o_orderkey"], "Filter": "((orders.o_orderdate >= '1994-10-05'::date) AND (orders.o_orderdate < '1995-01-05 00:00:00'::timestamp without time zone))", "Rows Removed by Filter": 1442793}]}]}]}]}]}]}]}, "Planning Time": 26.798, "Triggers": [], "Execution Time": 61330.901}]
q6#####[{"Plan": {"Node Type": "Sort", "Parallel Aware": false, "Startup Cost": 250637.24, "Total Cost": 250637.74, "Plan Rows": 200, "Plan Width": 61, "Actual Startup Time": 33272.743, "Actual Total Time": 33272.817, "Actual Rows": 5, "Actual Loops": 1, "Output": ["nation.n_name", "(sum((lineitem.l_extendedprice * ('1'::numeric - lineitem.l_discount))))"], "Sort Key": ["(sum((lineitem.l_extendedprice * ('1'::numeric - lineitem.l_discount)))) DESC"], "Sort Method": "quicksort", "Sort Space Used": 25, "Sort Space Type": "Memory", "Plans": [{"Node Type": "Aggregate", "Strategy": "Sorted", "Partial Mode": "Simple", "Parent Relationship": "Outer", "Parallel Aware": false, "Startup Cost": 250624.52, "Total Cost": 250629.6, "Plan Rows": 200, "Plan Width": 61, "Actual Startup Time": 33271.279, "Actual Total Time": 33272.731, "Actual Rows": 5, "Actual Loops": 1, "Output": ["nation.n_name", "sum((lineitem.l_extendedprice * ('1'::numeric - lineitem.l_discount)))"], "Group Key": ["nation.n_name"], "Plans": [{"Node Type": "Sort", "Parent Relationship": "Outer", "Parallel Aware": false, "Startup Cost": 250624.52, "Total Cost": 250625.04, "Plan Rows": 206, "Plan Width": 41, "Actual Startup Time": 33270.85, "Actual Total Time": 33271.225, "Actual Rows": 7380, "Actual Loops": 1, "Output": ["nation.n_name", "lineitem.l_extendedprice", "lineitem.l_discount"], "Sort Key": ["nation.n_name"], "Sort Method": "quicksort", "Sort Space Used": 769, "Sort Space Type": "Memory", "Plans": [{"Node Type": "Hash Join", "Parent Relationship": "Outer", "Parallel Aware": false, "Join Type": "Inner", "Startup Cost": 55502.05, "Total Cost": 250616.6, "Plan Rows": 206, "Plan Width": 41, "Actual Startup Time": 13673.84, "Actual Total Time": 33159.906, "Actual Rows": 7380, "Actual Loops": 1, "Output": ["nation.n_name", "lineitem.l_extendedprice", "lineitem.l_discount"], "Inner Unique": false, "Hash Cond": "((lineitem.l_suppkey = supplier.s_suppkey) AND (customer.c_nationkey = supplier.s_nationkey))", "Plans": [{"Node Type": "Hash Join", "Parent Relationship": "Outer", "Parallel Aware": false, "Join Type": "Inner", "Startup Cost": 55030.05, "Total Cost": 250103.97, "Plan Rows": 5143, "Plan Width": 53, "Actual Startup Time": 13529.887, "Actual Total Time": 32633.499, "Actual Rows": 185392, "Actual Loops": 1, "Output": ["customer.c_nationkey", "lineitem.l_extendedprice", "lineitem.l_discount", "lineitem.l_suppkey", "nation.n_name", "nation.n_nationkey"], "Inner Unique": false, "Hash Cond": "(lineitem.l_orderkey = orders.o_orderkey)", "Plans": [{"Node Type": "Seq Scan", "Parent Relationship": "Outer", "Parallel Aware": false, "Relation Name": "lineitem", "Schema": "public", "Alias": "lineitem", "Startup Cost": 0.0, "Total Cost": 172517.16, "Plan Rows": 6001416, "Plan Width": 20, "Actual Startup Time": 0.019, "Actual Total Time": 13112.199, "Actual Rows": 6001215, "Actual Loops": 1, "Output": ["lineitem.l_orderkey", "lineitem.l_partkey", "lineitem.l_suppkey", "lineitem.l_linenumber", "lineitem.l_quantity", "lineitem.l_extendedprice", "lineitem.l_discount", "lineitem.l_tax", "lineitem.l_returnflag", "lineitem.l_linestatus", "lineitem.l_shipdate", "lineitem.l_commitdate", "lineitem.l_receiptdate", "lineitem.l_shipinstruct", "lineitem.l_shipmode", "lineitem.l_comment"]}, {"Node Type": "Hash", "Parent Relationship": "Inner", "Parallel Aware": false, "Startup Cost": 55013.98, "Total Cost": 55013.98, "Plan Rows": 1286, "Plan Width": 41, "Actual Startup Time": 13529.225, "Actual Total Time": 13529.286, "Actual Rows": 46468, "Actual Loops": 1, "Output": ["customer.c_nationkey", "orders.o_orderkey", "nation.n_name", "nation.n_nationkey"], "Hash Buckets": 65536, "Original Hash Buckets": 2048, "Hash Batches": 1, "Original Hash Batches": 1, "Peak Memory Usage": 2942, "Plans": [{"Node Type": "Hash Join", "Parent Relationship": "Outer", "Parallel Aware": false, "Join Type": "Inner", "Startup Cost": 5570.54, "Total Cost": 55013.98, "Plan Rows": 1286, "Plan Width": 41, "Actual Startup Time": 3785.974, "Actual Total Time": 13312.142, "Actual Rows": 46468, "Actual Loops": 1, "Output": ["customer.c_nationkey", "orders.o_orderkey", "nation.n_name", "nation.n_nationkey"], "Inner Unique": false, "Hash Cond": "(orders.o_custkey = customer.c_custkey)", "Plans": [{"Node Type": "Seq Scan", "Parent Relationship": "Outer", "Parallel Aware": false, "Relation Name": "orders", "Schema": "public", "Alias": "orders", "Startup Cost": 0.0, "Total Cost": 48595.0, "Plan Rows": 222822, "Plan Width": 8, "Actual Startup Time": 0.019, "Actual Total Time": 9076.101, "Actual Rows": 228464, "Actual Loops": 1, "Output": ["orders.o_orderkey", "orders.o_custkey", "orders.o_orderstatus", "orders.o_totalprice", "orders.o_orderdate", "orders.o_orderpriority", "orders.o_clerk", "orders.o_shippriority", "orders.o_comment"], "Filter": "((orders.o_orderdate >= '1996-01-10'::date) AND (orders.o_orderdate < '1997-01-10 00:00:00'::timestamp without time zone))", "Rows Removed by Filter": 1271536}, {"Node Type": "Hash", "Parent Relationship": "Inner", "Parallel Aware": false, "Startup Cost": 5559.73, "Total Cost": 5559.73, "Plan Rows": 865, "Plan Width": 41, "Actual Startup Time": 3785.904, "Actual Total Time": 3785.957, "Actual Rows": 30197, "Actual Loops": 1, "Output": ["customer.c_custkey", "customer.c_nationkey", "nation.n_name", "nation.n_nationkey"], "Hash Buckets": 32768, "Original Hash Buckets": 1024, "Hash Batches": 1, "Original Hash Batches": 1, "Peak Memory Usage": 1837, "Plans": [{"Node Type": "Hash Join", "Parent Relationship": "Outer", "Parallel Aware": false, "Join Type": "Inner", "Startup Cost": 38.01, "Total Cost": 5559.73, "Plan Rows": 865, "Plan Width": 41, "Actual Startup Time": 3.057, "Actual Total Time": 3598.538, "Actual Rows": 30197, "Actual Loops": 1, "Output": ["customer.c_custkey", "customer.c_nationkey", "nation.n_name", "nation.n_nationkey"], "Inner Unique": true, "Hash Cond": "(nation.n_regionkey = region.r_regionkey)", "Plans": [{"Node Type": "Hash Join", "Parent Relationship": "Outer", "Parallel Aware": false, "Join Type": "Inner", "Startup Cost": 21.48, "Total Cost": 5503.5, "Plan Rows": 15000, "Plan Width": 45, "Actual Startup Time": 0.064, "Actual Total Time": 3447.339, "Actual Rows": 150000, "Actual Loops": 1, "Output": ["customer.c_custkey", "customer.c_nationkey", "nation.n_name", "nation.n_nationkey", "nation.n_regionkey"], "Inner Unique": true, "Hash Cond": "(customer.c_nationkey = nation.n_nationkey)", "Plans": [{"Node Type": "Seq Scan", "Parent Relationship": "Outer", "Parallel Aware": false, "Relation Name": "customer", "Schema": "public", "Alias": "customer", "Startup Cost": 0.0, "Total Cost": 5085.0, "Plan Rows": 150000, "Plan Width": 8, "Actual Startup Time": 0.009, "Actual Total Time": 672.29, "Actual Rows": 150000, "Actual Loops": 1, "Output": ["customer.c_custkey", "customer.c_name", "customer.c_address", "customer.c_nationkey", "customer.c_phone", "customer.c_acctbal", "customer.c_mktsegment", "customer.c_comment"]}, {"Node Type": "Hash", "Parent Relationship": "Inner", "Parallel Aware": false, "Startup Cost": 15.1, "Total Cost": 15.1, "Plan Rows": 510, "Plan Width": 37, "Actual Startup Time": 0.014, "Actual Total Time": 0.026, "Actual Rows": 25, "Actual Loops": 1, "Output": ["nation.n_name", "nation.n_nationkey", "nation.n_regionkey"], "Hash Buckets": 1024, "Original Hash Buckets": 1024, "Hash Batches": 1, "Original Hash Batches": 1, "Peak Memory Usage": 10, "Plans": [{"Node Type": "Seq Scan", "Parent Relationship": "Outer", "Parallel Aware": false, "Relation Name": "nation", "Schema": "public", "Alias": "nation", "Startup Cost": 0.0, "Total Cost": 15.1, "Plan Rows": 510, "Plan Width": 37, "Actual Startup Time": 0.003, "Actual Total Time": 0.008, "Actual Rows": 25, "Actual Loops": 1, "Output": ["nation.n_name", "nation.n_nationkey", "nation.n_regionkey"]}]}]}, {"Node Type": "Hash", "Parent Relationship": "Inner", "Parallel Aware": false, "Startup Cost": 16.5, "Total Cost": 16.5, "Plan Rows": 3, "Plan Width": 4, "Actual Startup Time": 2.959, "Actual Total Time": 2.962, "Actual Rows": 1, "Actual Loops": 1, "Output": ["region.r_regionkey"], "Hash Buckets": 1024, "Original Hash Buckets": 1024, "Hash Batches": 1, "Original Hash Batches": 1, "Peak Memory Usage": 9, "Plans": [{"Node Type": "Seq Scan", "Parent Relationship": "Outer", "Parallel Aware": false, "Relation Name": "region", "Schema": "public", "Alias": "region", "Startup Cost": 0.0, "Total Cost": 16.5, "Plan Rows": 3, "Plan Width": 4, "Actual Startup Time": 2.951, "Actual Total Time": 2.952, "Actual Rows": 1, "Actual Loops": 1, "Output": ["region.r_regionkey"], "Filter": "((region.r_name)::text = 'EUROPE'::text)", "Rows Removed by Filter": 4}]}]}]}]}]}]}, {"Node Type": "Hash", "Parent Relationship": "Inner", "Parallel Aware": false, "Startup Cost": 322.0, "Total Cost": 322.0, "Plan Rows": 10000, "Plan Width": 8, "Actual Startup Time": 143.734, "Actual Total Time": 143.734, "Actual Rows": 10000, "Actual Loops": 1, "Output": ["supplier.s_suppkey", "supplier.s_nationkey"], "Hash Buckets": 16384, "Original Hash Buckets": 16384, "Hash Batches": 1, "Original Hash Batches": 1, "Peak Memory Usage": 519, "Plans": [{"Node Type": "Seq Scan", "Parent Relationship": "Outer", "Parallel Aware": false, "Relation Name": "supplier", "Schema": "public", "Alias": "supplier", "Startup Cost": 0.0, "Total Cost": 322.0, "Plan Rows": 10000, "Plan Width": 8, "Actual Startup Time": 0.017, "Actual Total Time": 141.04, "Actual Rows": 10000, "Actual Loops": 1, "Output": ["supplier.s_suppkey", "supplier.s_nationkey"]}]}]}]}]}]}, "Planning Time": 25.579, "Triggers": [], "Execution Time": 33273.675}]
q8#####[{"Plan": {"Node Type": "Sort", "Parallel Aware": false, "Startup Cost": 250657.84, "Total Cost": 250658.34, "Plan Rows": 200, "Plan Width": 61, "Actual Startup Time": 22187.287, "Actual Total Time": 22187.347, "Actual Rows": 5, "Actual Loops": 1, "Output": ["nation.n_name", "(sum((lineitem.l_extendedprice * ('1'::numeric - lineitem.l_discount))))"], "Sort Key": ["(sum((lineitem.l_extendedprice * ('1'::numeric - lineitem.l_discount)))) DESC"], "Sort Method": "quicksort", "Sort Space Used": 25, "Sort Space Type": "Memory", "Plans": [{"Node Type": "Aggregate", "Strategy": "Sorted", "Partial Mode": "Simple", "Parent Relationship": "Outer", "Parallel Aware": false, "Startup Cost": 250645.08, "Total Cost": 250650.2, "Plan Rows": 200, "Plan Width": 61, "Actual Startup Time": 22185.803, "Actual Total Time": 22187.226, "Actual Rows": 5, "Actual Loops": 1, "Output": ["nation.n_name", "sum((lineitem.l_extendedprice * ('1'::numeric - lineitem.l_discount)))"], "Group Key": ["nation.n_name"], "Plans": [{"Node Type": "Sort", "Parent Relationship": "Outer", "Parallel Aware": false, "Startup Cost": 250645.08, "Total Cost": 250645.6, "Plan Rows": 210, "Plan Width": 41, "Actual Startup Time": 22185.4, "Actual Total Time": 22185.763, "Actual Rows": 7378, "Actual Loops": 1, "Output": ["nation.n_name", "lineitem.l_extendedprice", "lineitem.l_discount"], "Sort Key": ["nation.n_name"], "Sort Method": "quicksort", "Sort Space Used": 766, "Sort Space Type": "Memory", "Plans": [{"Node Type": "Hash Join", "Parent Relationship": "Outer", "Parallel Aware": false, "Join Type": "Inner", "Startup Cost": 55520.48, "Total Cost": 250636.98, "Plan Rows": 210, "Plan Width": 41, "Actual Startup Time": 4763.955, "Actual Total Time": 22043.921, "Actual Rows": 7378, "Actual Loops": 1, "Output": ["nation.n_name", "lineitem.l_extendedprice", "lineitem.l_discount"], "Inner Unique": false, "Hash Cond": "((lineitem.l_suppkey = supplier.s_suppkey) AND (customer.c_nationkey = supplier.s_nationkey))", "Plans": [{"Node Type": "Hash Join", "Parent Relationship": "Outer", "Parallel Aware": false, "Join Type": "Inner", "Startup Cost": 55048.48, "Total Cost": 250123.48, "Plan Rows": 5253, "Plan Width": 53, "Actual Startup Time": 4735.803, "Actual Total Time": 21750.774, "Actual Rows": 183585, "Actual Loops": 1, "Output": ["customer.c_nationkey", "lineitem.l_extendedprice", "lineitem.l_discount", "lineitem.l_suppkey", "nation.n_name", "nation.n_nationkey"], "Inner Unique": false, "Hash Cond": "(lineitem.l_orderkey = orders.o_orderkey)", "Plans": [{"Node Type": "Seq Scan", "Parent Relationship": "Outer", "Parallel Aware": false, "Relation Name": "lineitem", "Schema": "public", "Alias": "lineitem", "Startup Cost": 0.0, "Total Cost": 172517.16, "Plan Rows": 6001416, "Plan Width": 20, "Actual Startup Time": 0.038, "Actual Total Time": 12279.887, "Actual Rows": 6001215, "Actual Loops": 1, "Output": ["lineitem.l_orderkey", "lineitem.l_partkey", "lineitem.l_suppkey", "lineitem.l_linenumber", "lineitem.l_quantity", "lineitem.l_extendedprice", "lineitem.l_discount", "lineitem.l_tax", "lineitem.l_returnflag", "lineitem.l_linestatus", "lineitem.l_shipdate", "lineitem.l_commitdate", "lineitem.l_receiptdate", "lineitem.l_shipinstruct", "lineitem.l_shipmode", "lineitem.l_comment"]}, {"Node Type": "Hash", "Parent Relationship": "Inner", "Parallel Aware": false, "Startup Cost": 55032.07, "Total Cost": 55032.07, "Plan Rows": 1313, "Plan Width": 41, "Actual Startup Time": 4735.617, "Actual Total Time": 4735.67, "Actual Rows": 45731, "Actual Loops": 1, "Output": ["customer.c_nationkey", "orders.o_orderkey", "nation.n_name", "nation.n_nationkey"], "Hash Buckets": 65536, "Original Hash Buckets": 2048, "Hash Batches": 1, "Original Hash Batches": 1, "Peak Memory Usage": 2871, "Plans": [{"Node Type": "Hash Join", "Parent Relationship": "Outer", "Parallel Aware": false, "Join Type": "Inner", "Startup Cost": 5570.54, "Total Cost": 55032.07, "Plan Rows": 1313, "Plan Width": 41, "Actual Startup Time": 507.791, "Actual Total Time": 4607.48, "Actual Rows": 45731, "Actual Loops": 1, "Output": ["customer.c_nationkey", "orders.o_orderkey", "nation.n_name", "nation.n_nationkey"], "Inner Unique": false, "Hash Cond": "(orders.o_custkey = customer.c_custkey)", "Plans": [{"Node Type": "Seq Scan", "Parent Relationship": "Outer", "Parallel Aware": false, "Relation Name": "orders", "Schema": "public", "Alias": "orders", "Startup Cost": 0.0, "Total Cost": 48595.0, "Plan Rows": 227574, "Plan Width": 8, "Actual Startup Time": 0.025, "Actual Total Time": 3548.97, "Actual Rows": 228637, "Actual Loops": 1, "Output": ["orders.o_orderkey", "orders.o_custkey", "orders.o_orderstatus", "orders.o_totalprice", "orders.o_orderdate", "orders.o_orderpriority", "orders.o_clerk", "orders.o_shippriority", "orders.o_comment"], "Filter": "((orders.o_orderdate >= '1995-01-01'::date) AND (orders.o_orderdate < '1996-01-01 00:00:00'::timestamp without time zone))", "Rows Removed by Filter": 1271363}, {"Node Type": "Hash", "Parent Relationship": "Inner", "Parallel Aware": false, "Startup Cost": 5559.73, "Total Cost": 5559.73, "Plan Rows": 865, "Plan Width": 41, "Actual Startup Time": 507.438, "Actual Total Time": 507.483, "Actual Rows": 30183, "Actual Loops": 1, "Output": ["customer.c_custkey", "customer.c_nationkey", "nation.n_name", "nation.n_nationkey"], "Hash Buckets": 32768, "Original Hash Buckets": 1024, "Hash Batches": 1, "Original Hash Batches": 1, "Peak Memory Usage": 1813, "Plans": [{"Node Type": "Hash Join", "Parent Relationship": "Outer", "Parallel Aware": false, "Join Type": "Inner", "Startup Cost": 38.01, "Total Cost": 5559.73, "Plan Rows": 865, "Plan Width": 41, "Actual Startup Time": 0.35, "Actual Total Time": 398.89, "Actual Rows": 30183, "Actual Loops": 1, "Output": ["customer.c_custkey", "customer.c_nationkey", "nation.n_name", "nation.n_nationkey"], "Inner Unique": true, "Hash Cond": "(nation.n_regionkey = region.r_regionkey)", "Plans": [{"Node Type": "Hash Join", "Parent Relationship": "Outer", "Parallel Aware": false, "Join Type": "Inner", "Startup Cost": 21.48, "Total Cost": 5503.5, "Plan Rows": 15000, "Plan Width": 45, "Actual Startup Time": 0.066, "Actual Total Time": 353.235, "Actual Rows": 150000, "Actual Loops": 1, "Output": ["customer.c_custkey", "customer.c_nationkey", "nation.n_name", "nation.n_nationkey", "nation.n_regionkey"], "Inner Unique": true, "Hash Cond": "(customer.c_nationkey = nation.n_nationkey)", "Plans": [{"Node Type": "Seq Scan", "Parent Relationship": "Outer", "Parallel Aware": false, "Relation Name": "customer", "Schema": "public", "Alias": "customer", "Startup Cost": 0.0, "Total Cost": 5085.0, "Plan Rows": 150000, "Plan Width": 8, "Actual Startup Time": 0.007, "Actual Total Time": 97.541, "Actual Rows": 150000, "Actual Loops": 1, "Output": ["customer.c_custkey", "customer.c_name", "customer.c_address", "customer.c_nationkey", "customer.c_phone", "customer.c_acctbal", "customer.c_mktsegment", "customer.c_comment"]}, {"Node Type": "Hash", "Parent Relationship": "Inner", "Parallel Aware": false, "Startup Cost": 15.1, "Total Cost": 15.1, "Plan Rows": 510, "Plan Width": 37, "Actual Startup Time": 0.025, "Actual Total Time": 0.027, "Actual Rows": 25, "Actual Loops": 1, "Output": ["nation.n_name", "nation.n_nationkey", "nation.n_regionkey"], "Hash Buckets": 1024, "Original Hash Buckets": 1024, "Hash Batches": 1, "Original Hash Batches": 1, "Peak Memory Usage": 10, "Plans": [{"Node Type": "Seq Scan", "Parent Relationship": "Outer", "Parallel Aware": false, "Relation Name": "nation", "Schema": "public", "Alias": "nation", "Startup Cost": 0.0, "Total Cost": 15.1, "Plan Rows": 510, "Plan Width": 37, "Actual Startup Time": 0.004, "Actual Total Time": 0.007, "Actual Rows": 25, "Actual Loops": 1, "Output": ["nation.n_name", "nation.n_nationkey", "nation.n_regionkey"]}]}]}, {"Node Type": "Hash", "Parent Relationship": "Inner", "Parallel Aware": false, "Startup Cost": 16.5, "Total Cost": 16.5, "Plan Rows": 3, "Plan Width": 4, "Actual Startup Time": 0.236, "Actual Total Time": 0.242, "Actual Rows": 1, "Actual Loops": 1, "Output": ["region.r_regionkey"], "Hash Buckets": 1024, "Original Hash Buckets": 1024, "Hash Batches": 1, "Original Hash Batches": 1, "Peak Memory Usage": 9, "Plans": [{"Node Type": "Seq Scan", "Parent Relationship": "Outer", "Parallel Aware": false, "Relation Name": "region", "Schema": "public", "Alias": "region", "Startup Cost": 0.0, "Total Cost": 16.5, "Plan Rows": 3, "Plan Width": 4, "Actual Startup Time": 0.225, "Actual Total Time": 0.228, "Actual Rows": 1, "Actual Loops": 1, "Output": ["region.r_regionkey"], "Filter": "((region.r_name)::text = 'ASIA'::text)", "Rows Removed by Filter": 4}]}]}]}]}]}]}, {"Node Type": "Hash", "Parent Relationship": "Inner", "Parallel Aware": false, "Startup Cost": 322.0, "Total Cost": 322.0, "Plan Rows": 10000, "Plan Width": 8, "Actual Startup Time": 27.784, "Actual Total Time": 27.784, "Actual Rows": 10000, "Actual Loops": 1, "Output": ["supplier.s_suppkey", "supplier.s_nationkey"], "Hash Buckets": 16384, "Original Hash Buckets": 16384, "Hash Batches": 1, "Original Hash Batches": 1, "Peak Memory Usage": 519, "Plans": [{"Node Type": "Seq Scan", "Parent Relationship": "Outer", "Parallel Aware": false, "Relation Name": "supplier", "Schema": "public", "Alias": "supplier", "Startup Cost": 0.0, "Total Cost": 322.0, "Plan Rows": 10000, "Plan Width": 8, "Actual Startup Time": 0.016, "Actual Total Time": 1.723, "Actual Rows": 10000, "Actual Loops": 1, "Output": ["supplier.s_suppkey", "supplier.s_nationkey"]}]}]}]}]}]}, "Planning Time": 36.189, "Triggers": [], "Execution Time": 22188.259}]
q7#####[{"Plan": {"Node Type": "Aggregate", "Strategy": "Sorted", "Partial Mode": "Simple", "Parallel Aware": false, "Startup Cost": 262572.21, "Total Cost": 262575.32, "Plan Rows": 89, "Plan Width": 98, "Actual Startup Time": 32855.493, "Actual Total Time": 32875.112, "Actual Rows": 4, "Actual Loops": 1, "Output": ["n1.n_name", "n2.n_name", "(date_part('year'::text, (lineitem.l_shipdate)::timestamp without time zone))", "sum((lineitem.l_extendedprice * ('1'::numeric - lineitem.l_discount)))"], "Group Key": ["n1.n_name", "n2.n_name", "(date_part('year'::text, (lineitem.l_shipdate)::timestamp without time zone))"], "Plans": [{"Node Type": "Sort", "Parent Relationship": "Outer", "Parallel Aware": false, "Startup Cost": 262572.21, "Total Cost": 262572.43, "Plan Rows": 89, "Plan Width": 78, "Actual Startup Time": 32855.04, "Actual Total Time": 32873.484, "Actual Rows": 6033, "Actual Loops": 1, "Output": ["n1.n_name", "n2.n_name", "(date_part('year'::text, (lineitem.l_shipdate)::timestamp without time zone))", "lineitem.l_extendedprice", "lineitem.l_discount"], "Sort Key": ["n1.n_name", "n2.n_name", "(date_part('year'::text, (lineitem.l_shipdate)::timestamp without time zone))"], "Sort Method": "quicksort", "Sort Space Used": 664, "Sort Space Type": "Memory", "Plans": [{"Node Type": "Hash Join", "Parent Relationship": "Outer", "Parallel Aware": false, "Join Type": "Inner", "Startup Cost": 52936.46, "Total Cost": 262569.33, "Plan Rows": 89, "Plan Width": 78, "Actual Startup Time": 8960.444, "Actual Total Time": 32816.645, "Actual Rows": 6033, "Actual Loops": 1, "Output": ["n1.n_name", "n2.n_name", "date_part('year'::text, (lineitem.l_shipdate)::timestamp without time zone)", "lineitem.l_extendedprice", "lineitem.l_discount"], "Inner Unique": false, "Hash Cond": "(lineitem.l_suppkey = supplier.s_suppkey)", "Join Filter": "((((n1.n_name)::text = 'EGYPT'::text) AND ((n2.n_name)::text = 'ALGERIA'::text)) OR (((n1.n_name)::text = 'ALGERIA'::text) AND ((n2.n_name)::text = 'EGYPT'::text)))", "Rows Removed by Join Filter": 6071, "Plans": [{"Node Type": "Hash Join", "Parent Relationship": "Outer", "Parallel Aware": false, "Join Type": "Inner", "Startup Cost": 52569.05, "Total Cost": 262194.33, "Plan Rows": 1809, "Plan Width": 49, "Actual Startup Time": 8938.892, "Actual Total Time": 32521.263, "Actual Rows": 145126, "Actual Loops": 1, "Output": ["lineitem.l_shipdate", "lineitem.l_extendedprice", "lineitem.l_discount", "lineitem.l_suppkey", "n2.n_name"], "Inner Unique": false, "Hash Cond": "(lineitem.l_orderkey = orders.o_orderkey)", "Plans": [{"Node Type": "Seq Scan", "Parent Relationship": "Outer", "Parallel Aware": false, "Relation Name": "lineitem", "Schema": "public", "Alias": "lineitem", "Startup Cost": 0.0, "Total Cost": 202524.24, "Plan Rows": 1845366, "Plan Width": 24, "Actual Startup Time": 18.022, "Actual Total Time": 15142.797, "Actual Rows": 1828450, "Actual Loops": 1, "Output": ["lineitem.l_orderkey", "lineitem.l_partkey", "lineitem.l_suppkey", "lineitem.l_linenumber", "lineitem.l_quantity", "lineitem.l_extendedprice", "lineitem.l_discount", "lineitem.l_tax", "lineitem.l_returnflag", "lineitem.l_linestatus", "lineitem.l_shipdate", "lineitem.l_commitdate", "lineitem.l_receiptdate", "lineitem.l_shipinstruct", "lineitem.l_shipmode", "lineitem.l_comment"], "Filter": "((lineitem.l_shipdate >= '1995-01-01'::date) AND (lineitem.l_shipdate <= '1996-12-31'::date))", "Rows Removed by Filter": 4172765}, {"Node Type": "Hash", "Parent Relationship": "Inner", "Parallel Aware": false, "Startup Cost": 52385.22, "Total Cost": 52385.22, "Plan Rows": 14706, "Plan Width": 33, "Actual Startup Time": 8900.683, "Actual Total Time": 8900.737, "Actual Rows": 118733, "Actual Loops": 1, "Output": ["orders.o_orderkey", "n2.n_name"], "Hash Buckets": 131072, "Original Hash Buckets": 16384, "Hash Batches": 2, "Original Hash Batches": 1, "Peak Memory Usage": 3513, "Plans": [{"Node Type": "Hash Join", "Parent Relationship": "Outer", "Parallel Aware": false, "Join Type": "Inner", "Startup Cost": 5518.12, "Total Cost": 52385.22, "Plan Rows": 14706, "Plan Width": 33, "Actual Startup Time": 587.628, "Actual Total Time": 8320.578, "Actual Rows": 118733, "Actual Loops": 1, "Output": ["orders.o_orderkey", "n2.n_name"], "Inner Unique": false, "Hash Cond": "(orders.o_custkey = customer.c_custkey)", "Plans": [{"Node Type": "Seq Scan", "Parent Relationship": "Outer", "Parallel Aware": false, "Relation Name": "orders", "Schema": "public", "Alias": "orders", "Startup Cost": 0.0, "Total Cost": 41095.0, "Plan Rows": 1500000, "Plan Width": 8, "Actual Startup Time": 7.064, "Actual Total Time": 6228.537, "Actual Rows": 1500000, "Actual Loops": 1, "Output": ["orders.o_orderkey", "orders.o_custkey", "orders.o_orderstatus", "orders.o_totalprice", "orders.o_orderdate", "orders.o_orderpriority", "orders.o_clerk", "orders.o_shippriority", "orders.o_comment"]}, {"Node Type": "Hash", "Parent Relationship": "Inner", "Parallel Aware": false, "Startup Cost": 5499.73, "Total Cost": 5499.73, "Plan Rows": 1471, "Plan Width": 33, "Actual Startup Time": 579.603, "Actual Total Time": 579.638, "Actual Rows": 11920, "Actual Loops": 1, "Output": ["customer.c_custkey", "n2.n_name"], "Hash Buckets": 16384, "Original Hash Buckets": 2048, "Hash Batches": 1, "Original Hash Batches": 1, "Peak Memory Usage": 629, "Plans": [{"Node Type": "Hash Join", "Parent Relationship": "Outer", "Parallel Aware": false, "Join Type": "Inner", "Startup Cost": 17.71, "Total Cost": 5499.73, "Plan Rows": 1471, "Plan Width": 33, "Actual Startup Time": 0.078, "Actual Total Time": 538.801, "Actual Rows": 11920, "Actual Loops": 1, "Output": ["customer.c_custkey", "n2.n_name"], "Inner Unique": true, "Hash Cond": "(customer.c_nationkey = n2.n_nationkey)", "Plans": [{"Node Type": "Seq Scan", "Parent Relationship": "Outer", "Parallel Aware": false, "Relation Name": "customer", "Schema": "public", "Alias": "customer", "Startup Cost": 0.0, "Total Cost": 5085.0, "Plan Rows": 150000, "Plan Width": 8, "Actual Startup Time": 0.018, "Actual Total Time": 137.237, "Actual Rows": 150000, "Actual Loops": 1, "Output": ["customer.c_custkey", "customer.c_name", "customer.c_address", "customer.c_nationkey", "customer.c_phone", "customer.c_acctbal", "customer.c_mktsegment", "customer.c_comment"]}, {"Node Type": "Hash", "Parent Relationship": "Inner", "Parallel Aware": false, "Startup Cost": 17.65, "Total Cost": 17.65, "Plan Rows": 5, "Plan Width": 33, "Actual Startup Time": 0.016, "Actual Total Time": 0.029, "Actual Rows": 2, "Actual Loops": 1, "Output": ["n2.n_name", "n2.n_nationkey"], "Hash Buckets": 1024, "Original Hash Buckets": 1024, "Hash Batches": 1, "Original Hash Batches": 1, "Peak Memory Usage": 9, "Plans": [{"Node Type": "Seq Scan", "Parent Relationship": "Outer", "Parallel Aware": false, "Relation Name": "nation", "Schema": "public", "Alias": "n2", "Startup Cost": 0.0, "Total Cost": 17.65, "Plan Rows": 5, "Plan Width": 33, "Actual Startup Time": 0.007, "Actual Total Time": 0.016, "Actual Rows": 2, "Actual Loops": 1, "Output": ["n2.n_name", "n2.n_nationkey"], "Filter": "(((n2.n_name)::text = 'ALGERIA'::text) OR ((n2.n_name)::text = 'EGYPT'::text))", "Rows Removed by Filter": 23}]}]}]}]}]}]}, {"Node Type": "Hash", "Parent Relationship": "Inner", "Parallel Aware": false, "Startup Cost": 366.18, "Total Cost": 366.18, "Plan Rows": 98, "Plan Width": 33, "Actual Startup Time": 17.865, "Actual Total Time": 17.881, "Actual Rows": 835, "Actual Loops": 1, "Output": ["supplier.s_suppkey", "n1.n_name"], "Hash Buckets": 1024, "Original Hash Buckets": 1024, "Hash Batches": 1, "Original Hash Batches": 1, "Peak Memory Usage": 44, "Plans": [{"Node Type": "Hash Join", "Parent Relationship": "Outer", "Parallel Aware": false, "Join Type": "Inner", "Startup Cost": 17.71, "Total Cost": 366.18, "Plan Rows": 98, "Plan Width": 33, "Actual Startup Time": 0.06, "Actual Total Time": 17.731, "Actual Rows": 835, "Actual Loops": 1, "Output": ["supplier.s_suppkey", "n1.n_name"], "Inner Unique": true, "Hash Cond": "(supplier.s_nationkey = n1.n_nationkey)", "Plans": [{"Node Type": "Seq Scan", "Parent Relationship": "Outer", "Parallel Aware": false, "Relation Name": "supplier", "Schema": "public", "Alias": "supplier", "Startup Cost": 0.0, "Total Cost": 322.0, "Plan Rows": 10000, "Plan Width": 8, "Actual Startup Time": 0.015, "Actual Total Time": 1.22, "Actual Rows": 10000, "Actual Loops": 1, "Output": ["supplier.s_suppkey", "supplier.s_name", "supplier.s_address", "supplier.s_nationkey", "supplier.s_phone", "supplier.s_acctbal", "supplier.s_comment"]}, {"Node Type": "Hash", "Parent Relationship": "Inner", "Parallel Aware": false, "Startup Cost": 17.65, "Total Cost": 17.65, "Plan Rows": 5, "Plan Width": 33, "Actual Startup Time": 0.026, "Actual Total Time": 0.027, "Actual Rows": 2, "Actual Loops": 1, "Output": ["n1.n_name", "n1.n_nationkey"], "Hash Buckets": 1024, "Original Hash Buckets": 1024, "Hash Batches": 1, "Original Hash Batches": 1, "Peak Memory Usage": 9, "Plans": [{"Node Type": "Seq Scan", "Parent Relationship": "Outer", "Parallel Aware": false, "Relation Name": "nation", "Schema": "public", "Alias": "n1", "Startup Cost": 0.0, "Total Cost": 17.65, "Plan Rows": 5, "Plan Width": 33, "Actual Startup Time": 0.016, "Actual Total Time": 0.017, "Actual Rows": 2, "Actual Loops": 1, "Output": ["n1.n_name", "n1.n_nationkey"], "Filter": "(((n1.n_name)::text = 'EGYPT'::text) OR ((n1.n_name)::text = 'ALGERIA'::text))", "Rows Removed by Filter": 23}]}]}]}]}]}]}, "Planning Time": 12.162, "Triggers": [], "Execution Time": 32898.836}]
q9#####[{"Plan": {"Node Type": "Aggregate", "Strategy": "Sorted", "Partial Mode": "Simple", "Parallel Aware": false, "Startup Cost": 258688.17, "Total Cost": 258691.27, "Plan Rows": 69, "Plan Width": 40, "Actual Startup Time": 22542.003, "Actual Total Time": 22543.06, "Actual Rows": 2, "Actual Loops": 1, "Output": ["(date_part('year'::text, (orders.o_orderdate)::timestamp without time zone))", "(sum(CASE WHEN ((n2.n_name)::text = 'MOZAMBIQUE'::text) THEN (lineitem.l_extendedprice * ('1'::numeric - lineitem.l_discount)) ELSE '0'::numeric END) / sum((lineitem.l_extendedprice * ('1'::numeric - lineitem.l_discount))))"], "Group Key": ["(date_part('year'::text, (orders.o_orderdate)::timestamp without time zone))"], "Plans": [{"Node Type": "Sort", "Parent Relationship": "Outer", "Parallel Aware": false, "Startup Cost": 258688.17, "Total Cost": 258688.34, "Plan Rows": 69, "Plan Width": 49, "Actual Startup Time": 22540.726, "Actual Total Time": 22541.9, "Actual Rows": 2613, "Actual Loops": 1, "Output": ["(date_part('year'::text, (orders.o_orderdate)::timestamp without time zone))", "n2.n_name", "lineitem.l_extendedprice", "lineitem.l_discount"], "Sort Key": ["(date_part('year'::text, (orders.o_orderdate)::timestamp without time zone))"], "Sort Method": "quicksort", "Sort Space Used": 301, "Sort Space Type": "Memory", "Plans": [{"Node Type": "Nested Loop", "Parent Relationship": "Outer", "Parallel Aware": false, "Join Type": "Inner", "Startup Cost": 63101.7, "Total Cost": 258686.06, "Plan Rows": 69, "Plan Width": 49, "Actual Startup Time": 6746.52, "Actual Total Time": 22476.772, "Actual Rows": 2613, "Actual Loops": 1, "Output": ["date_part('year'::text, (orders.o_orderdate)::timestamp without time zone)", "n2.n_name", "lineitem.l_extendedprice", "lineitem.l_discount"], "Inner Unique": true, "Plans": [{"Node Type": "Hash Join", "Parent Relationship": "Outer", "Parallel Aware": false, "Join Type": "Inner", "Startup Cost": 63101.55, "Total Cost": 258674.0, "Plan Rows": 69, "Plan Width": 20, "Actual Startup Time": 6740.341, "Actual Total Time": 22408.768, "Actual Rows": 2613, "Actual Loops": 1, "Output": ["lineitem.l_extendedprice", "lineitem.l_discount", "supplier.s_nationkey", "orders.o_orderdate"], "Inner Unique": false, "Hash Cond": "(lineitem.l_suppkey = supplier.s_suppkey)", "Plans": [{"Node Type": "Hash Join", "Parent Relationship": "Outer", "Parallel Aware": false, "Join Type": "Inner", "Startup Cost": 62654.55, "Total Cost": 258226.05, "Plan Rows": 69, "Plan Width": 20, "Actual Startup Time": 6694.615, "Actual Total Time": 22293.971, "Actual Rows": 2613, "Actual Loops": 1, "Output": ["lineitem.l_extendedprice", "lineitem.l_discount", "lineitem.l_suppkey", "orders.o_orderdate"], "Inner Unique": false, "Hash Cond": "(lineitem.l_orderkey = orders.o_orderkey)", "Plans": [{"Node Type": "Hash Join", "Parent Relationship": "Outer", "Parallel Aware": false, "Join Type": "Inner", "Startup Cost": 6613.61, "Total Cost": 202034.87, "Plan Rows": 39879, "Plan Width": 20, "Actual Startup Time": 1510.614, "Actual Total Time": 16404.825, "Actual Rows": 42185, "Actual Loops": 1, "Output": ["lineitem.l_extendedprice", "lineitem.l_discount", "lineitem.l_suppkey", "lineitem.l_orderkey"], "Inner Unique": false, "Hash Cond": "(lineitem.l_partkey = part.p_partkey)", "Plans": [{"Node Type": "Seq Scan", "Parent Relationship": "Outer", "Parallel Aware": false, "Relation Name": "lineitem", "Schema": "public", "Alias": "lineitem", "Startup Cost": 0.0, "Total Cost": 172517.16, "Plan Rows": 6001416, "Plan Width": 24, "Actual Startup Time": 0.171, "Actual Total Time": 11023.579, "Actual Rows": 6001215, "Actual Loops": 1, "Output": ["lineitem.l_orderkey", "lineitem.l_partkey", "lineitem.l_suppkey", "lineitem.l_linenumber", "lineitem.l_quantity", "lineitem.l_extendedprice", "lineitem.l_discount", "lineitem.l_tax", "lineitem.l_returnflag", "lineitem.l_linestatus", "lineitem.l_shipdate", "lineitem.l_commitdate", "lineitem.l_receiptdate", "lineitem.l_shipinstruct", "lineitem.l_shipmode", "lineitem.l_comment"]}, {"Node Type": "Hash", "Parent Relationship": "Inner", "Parallel Aware": false, "Startup Cost": 6597.0, "Total Cost": 6597.0, "Plan Rows": 1329, "Plan Width": 4, "Actual Startup Time": 1509.317, "Actual Total Time": 1509.32, "Actual Rows": 1413, "Actual Loops": 1, "Output": ["part.p_partkey"], "Hash Buckets": 2048, "Original Hash Buckets": 2048, "Hash Batches": 1, "Original Hash Batches": 1, "Peak Memory Usage": 66, "Plans": [{"Node Type": "Seq Scan", "Parent Relationship": "Outer", "Parallel Aware": false, "Relation Name": "part", "Schema": "public", "Alias": "part", "Startup Cost": 0.0, "Total Cost": 6597.0, "Plan Rows": 1329, "Plan Width": 4, "Actual Startup Time": 53.747, "Actual Total Time": 1494.432, "Actual Rows": 1413, "Actual Loops": 1, "Output": ["part.p_partkey"], "Filter": "((part.p_type)::text = 'SMALL BRUSHED TIN'::text)", "Rows Removed by Filter": 198587}]}]}, {"Node Type": "Hash", "Parent Relationship": "Inner", "Parallel Aware": false, "Startup Cost": 56008.49, "Total Cost": 56008.49, "Plan Rows": 2596, "Plan Width": 8, "Actual Startup Time": 5159.569, "Actual Total Time": 5159.956, "Actual Rows": 91174, "Actual Loops": 1, "Output": ["orders.o_orderdate", "orders.o_orderkey"], "Hash Buckets": 131072, "Original Hash Buckets": 4096, "Hash Batches": 2, "Original Hash Batches": 1, "Peak Memory Usage": 3073, "Plans": [{"Node Type": "Hash Join", "Parent Relationship": "Outer", "Parallel Aware": false, "Join Type": "Inner", "Startup Cost": 5700.16, "Total Cost": 56008.49, "Plan Rows": 2596, "Plan Width": 8, "Actual Startup Time": 734.524, "Actual Total Time": 4778.122, "Actual Rows": 91174, "Actual Loops": 1, "Output": ["orders.o_orderdate", "orders.o_orderkey"], "Inner Unique": false, "Hash Cond": "(orders.o_custkey = customer.c_custkey)", "Plans": [{"Node Type": "Seq Scan", "Parent Relationship": "Outer", "Parallel Aware": false, "Relation Name": "orders", "Schema": "public", "Alias": "orders", "Startup Cost": 0.0, "Total Cost": 48595.0, "Plan Rows": 449969, "Plan Width": 12, "Actual Startup Time": 0.043, "Actual Total Time": 3291.838, "Actual Rows": 457263, "Actual Loops": 1, "Output": ["orders.o_orderkey", "orders.o_custkey", "orders.o_orderstatus", "orders.o_totalprice", "orders.o_orderdate", "orders.o_orderpriority", "orders.o_clerk", "orders.o_shippriority", "orders.o_comment"], "Filter": "((orders.o_orderdate >= '1995-01-01'::date) AND (orders.o_orderdate <= '1996-12-31'::date))", "Rows Removed by Filter": 1042737}, {"Node Type": "Hash", "Parent Relationship": "Inner", "Parallel Aware": false, "Startup Cost": 5689.34, "Total Cost": 5689.34, "Plan Rows": 865, "Plan Width": 4, "Actual Startup Time": 719.393, "Actual Total Time": 719.651, "Actual Rows": 29764, "Actual Loops": 1, "Output": ["customer.c_custkey"], "Hash Buckets": 32768, "Original Hash Buckets": 1024, "Hash Batches": 1, "Original Hash Batches": 1, "Peak Memory Usage": 1303, "Plans": [{"Node Type": "Hash Join", "Parent Relationship": "Outer", "Parallel Aware": false, "Join Type": "Inner", "Startup Cost": 33.02, "Total Cost": 5689.34, "Plan Rows": 865, "Plan Width": 4, "Actual Startup Time": 1.88, "Actual Total Time": 455.294, "Actual Rows": 29764, "Actual Loops": 1, "Output": ["customer.c_custkey"], "Inner Unique": false, "Hash Cond": "(customer.c_nationkey = n1.n_nationkey)", "Plans": [{"Node Type": "Seq Scan", "Parent Relationship": "Outer", "Parallel Aware": false, "Relation Name": "customer", "Schema": "public", "Alias": "customer", "Startup Cost": 0.0, "Total Cost": 5085.0, "Plan Rows": 150000, "Plan Width": 8, "Actual Startup Time": 0.06, "Actual Total Time": 218.673, "Actual Rows": 150000, "Actual Loops": 1, "Output": ["customer.c_custkey", "customer.c_name", "customer.c_address", "customer.c_nationkey", "customer.c_phone", "customer.c_acctbal", "customer.c_mktsegment", "customer.c_comment"]}, {"Node Type": "Hash", "Parent Relationship": "Inner", "Parallel Aware": false, "Startup Cost": 32.99, "Total Cost": 32.99, "Plan Rows": 3, "Plan Width": 4, "Actual Startup Time": 1.758, "Actual Total Time": 1.999, "Actual Rows": 5, "Actual Loops": 1, "Output": ["n1.n_nationkey"], "Hash Buckets": 1024, "Original Hash Buckets": 1024, "Hash Batches": 1, "Original Hash Batches": 1, "Peak Memory Usage": 9, "Plans": [{"Node Type": "Hash Join", "Parent Relationship": "Outer", "Parallel Aware": false, "Join Type": "Inner", "Startup Cost": 16.54, "Total Cost": 32.99, "Plan Rows": 3, "Plan Width": 4, "Actual Startup Time": 0.197, "Actual Total Time": 0.44, "Actual Rows": 5, "Actual Loops": 1, "Output": ["n1.n_nationkey"], "Inner Unique": true, "Hash Cond": "(n1.n_regionkey = region.r_regionkey)", "Plans": [{"Node Type": "Seq Scan", "Parent Relationship": "Outer", "Parallel Aware": false, "Relation Name": "nation", "Schema": "public", "Alias": "n1", "Startup Cost": 0.0, "Total Cost": 15.1, "Plan Rows": 510, "Plan Width": 8, "Actual Startup Time": 0.048, "Actual Total Time": 0.051, "Actual Rows": 25, "Actual Loops": 1, "Output": ["n1.n_nationkey", "n1.n_name", "n1.n_regionkey", "n1.n_comment"]}, {"Node Type": "Hash", "Parent Relationship": "Inner", "Parallel Aware": false, "Startup Cost": 16.5, "Total Cost": 16.5, "Plan Rows": 3, "Plan Width": 4, "Actual Startup Time": 0.091, "Actual Total Time": 0.22, "Actual Rows": 1, "Actual Loops": 1, "Output": ["region.r_regionkey"], "Hash Buckets": 1024, "Original Hash Buckets": 1024, "Hash Batches": 1, "Original Hash Batches": 1, "Peak Memory Usage": 9, "Plans": [{"Node Type": "Seq Scan", "Parent Relationship": "Outer", "Parallel Aware": false, "Relation Name": "region", "Schema": "public", "Alias": "region", "Startup Cost": 0.0, "Total Cost": 16.5, "Plan Rows": 3, "Plan Width": 4, "Actual Startup Time": 0.075, "Actual Total Time": 0.078, "Actual Rows": 1, "Actual Loops": 1, "Output": ["region.r_regionkey"], "Filter": "((region.r_name)::text = 'AFRICA'::text)", "Rows Removed by Filter": 4}]}]}]}]}]}]}]}]}, {"Node Type": "Hash", "Parent Relationship": "Inner", "Parallel Aware": false, "Startup Cost": 322.0, "Total Cost": 322.0, "Plan Rows": 10000, "Plan Width": 8, "Actual Startup Time": 45.498, "Actual Total Time": 45.498, "Actual Rows": 10000, "Actual Loops": 1, "Output": ["supplier.s_suppkey", "supplier.s_nationkey"], "Hash Buckets": 16384, "Original Hash Buckets": 16384, "Hash Batches": 1, "Original Hash Batches": 1, "Peak Memory Usage": 519, "Plans": [{"Node Type": "Seq Scan", "Parent Relationship": "Outer", "Parallel Aware": false, "Relation Name": "supplier", "Schema": "public", "Alias": "supplier", "Startup Cost": 0.0, "Total Cost": 322.0, "Plan Rows": 10000, "Plan Width": 8, "Actual Startup Time": 0.023, "Actual Total Time": 36.635, "Actual Rows": 10000, "Actual Loops": 1, "Output": ["supplier.s_suppkey", "supplier.s_nationkey"]}]}]}, {"Node Type": "Index Scan", "Parent Relationship": "Inner", "Parallel Aware": false, "Scan Direction": "Forward", "Index Name": "nation_pkey", "Relation Name": "nation", "Schema": "public", "Alias": "n2", "Startup Cost": 0.15, "Total Cost": 0.17, "Plan Rows": 1, "Plan Width": 33, "Actual Startup Time": 0.01, "Actual Total Time": 0.01, "Actual Rows": 1, "Actual Loops": 2613, "Output": ["n2.n_nationkey", "n2.n_name", "n2.n_regionkey", "n2.n_comment"], "Index Cond": "(n2.n_nationkey = supplier.s_nationkey)", "Rows Removed by Index Recheck": 0}]}]}]}, "Planning Time": 76.848, "Triggers": [], "Execution Time": 22544.294}]
q10#####[{"Plan": {"Node Type": "Aggregate", "Strategy": "Sorted", "Partial Mode": "Simple", "Parallel Aware": false, "Startup Cost": 262572.21, "Total Cost": 262575.32, "Plan Rows": 89, "Plan Width": 98, "Actual Startup Time": 36378.771, "Actual Total Time": 36380.673, "Actual Rows": 4, "Actual Loops": 1, "Output": ["n1.n_name", "n2.n_name", "(date_part('year'::text, (lineitem.l_shipdate)::timestamp without time zone))", "sum((lineitem.l_extendedprice * ('1'::numeric - lineitem.l_discount)))"], "Group Key": ["n1.n_name", "n2.n_name", "(date_part('year'::text, (lineitem.l_shipdate)::timestamp without time zone))"], "Plans": [{"Node Type": "Sort", "Parent Relationship": "Outer", "Parallel Aware": false, "Startup Cost": 262572.21, "Total Cost": 262572.43, "Plan Rows": 89, "Plan Width": 78, "Actual Startup Time": 36378.34, "Actual Total Time": 36378.638, "Actual Rows": 6012, "Actual Loops": 1, "Output": ["n1.n_name", "n2.n_name", "(date_part('year'::text, (lineitem.l_shipdate)::timestamp without time zone))", "lineitem.l_extendedprice", "lineitem.l_discount"], "Sort Key": ["n1.n_name", "n2.n_name", "(date_part('year'::text, (lineitem.l_shipdate)::timestamp without time zone))"], "Sort Method": "quicksort", "Sort Space Used": 662, "Sort Space Type": "Memory", "Plans": [{"Node Type": "Hash Join", "Parent Relationship": "Outer", "Parallel Aware": false, "Join Type": "Inner", "Startup Cost": 52936.46, "Total Cost": 262569.33, "Plan Rows": 89, "Plan Width": 78, "Actual Startup Time": 7686.738, "Actual Total Time": 36307.269, "Actual Rows": 6012, "Actual Loops": 1, "Output": ["n1.n_name", "n2.n_name", "date_part('year'::text, (lineitem.l_shipdate)::timestamp without time zone)", "lineitem.l_extendedprice", "lineitem.l_discount"], "Inner Unique": false, "Hash Cond": "(lineitem.l_suppkey = supplier.s_suppkey)", "Join Filter": "((((n1.n_name)::text = 'BRAZIL'::text) AND ((n2.n_name)::text = 'CANADA'::text)) OR (((n1.n_name)::text = 'CANADA'::text) AND ((n2.n_name)::text = 'BRAZIL'::text)))", "Rows Removed by Join Filter": 5916, "Plans": [{"Node Type": "Hash Join", "Parent Relationship": "Outer", "Parallel Aware": false, "Join Type": "Inner", "Startup Cost": 52569.05, "Total Cost": 262194.33, "Plan Rows": 1809, "Plan Width": 49, "Actual Startup Time": 7525.751, "Actual Total Time": 35818.71, "Actual Rows": 146923, "Actual Loops": 1, "Output": ["lineitem.l_shipdate", "lineitem.l_extendedprice", "lineitem.l_discount", "lineitem.l_suppkey", "n2.n_name"], "Inner Unique": false, "Hash Cond": "(lineitem.l_orderkey = orders.o_orderkey)", "Plans": [{"Node Type": "Seq Scan", "Parent Relationship": "Outer", "Parallel Aware": false, "Relation Name": "lineitem", "Schema": "public", "Alias": "lineitem", "Startup Cost": 0.0, "Total Cost": 202524.24, "Plan Rows": 1845366, "Plan Width": 24, "Actual Startup Time": 0.033, "Actual Total Time": 16313.371, "Actual Rows": 1828450, "Actual Loops": 1, "Output": ["lineitem.l_orderkey", "lineitem.l_partkey", "lineitem.l_suppkey", "lineitem.l_linenumber", "lineitem.l_quantity", "lineitem.l_extendedprice", "lineitem.l_discount", "lineitem.l_tax", "lineitem.l_returnflag", "lineitem.l_linestatus", "lineitem.l_shipdate", "lineitem.l_commitdate", "lineitem.l_receiptdate", "lineitem.l_shipinstruct", "lineitem.l_shipmode", "lineitem.l_comment"], "Filter": "((lineitem.l_shipdate >= '1995-01-01'::date) AND (lineitem.l_shipdate <= '1996-12-31'::date))", "Rows Removed by Filter": 4172765}, {"Node Type": "Hash", "Parent Relationship": "Inner", "Parallel Aware": false, "Startup Cost": 52385.22, "Total Cost": 52385.22, "Plan Rows": 14706, "Plan Width": 33, "Actual Startup Time": 7495.843, "Actual Total Time": 7495.87, "Actual Rows": 120617, "Actual Loops": 1, "Output": ["orders.o_orderkey", "n2.n_name"], "Hash Buckets": 131072, "Original Hash Buckets": 16384, "Hash Batches": 2, "Original Hash Batches": 1, "Peak Memory Usage": 3553, "Plans": [{"Node Type": "Hash Join", "Parent Relationship": "Outer", "Parallel Aware": false, "Join Type": "Inner", "Startup Cost": 5518.12, "Total Cost": 52385.22, "Plan Rows": 14706, "Plan Width": 33, "Actual Startup Time": 704.544, "Actual Total Time": 7146.167, "Actual Rows": 120617, "Actual Loops": 1, "Output": ["orders.o_orderkey", "n2.n_name"], "Inner Unique": false, "Hash Cond": "(orders.o_custkey = customer.c_custkey)", "Plans": [{"Node Type": "Seq Scan", "Parent Relationship": "Outer", "Parallel Aware": false, "Relation Name": "orders", "Schema": "public", "Alias": "orders", "Startup Cost": 0.0, "Total Cost": 41095.0, "Plan Rows": 1500000, "Plan Width": 8, "Actual Startup Time": 0.019, "Actual Total Time": 4188.247, "Actual Rows": 1500000, "Actual Loops": 1, "Output": ["orders.o_orderkey", "orders.o_custkey", "orders.o_orderstatus", "orders.o_totalprice", "orders.o_orderdate", "orders.o_orderpriority", "orders.o_clerk", "orders.o_shippriority", "orders.o_comment"]}, {"Node Type": "Hash", "Parent Relationship": "Inner", "Parallel Aware": false, "Startup Cost": 5499.73, "Total Cost": 5499.73, "Plan Rows": 1471, "Plan Width": 33, "Actual Startup Time": 704.138, "Actual Total Time": 704.158, "Actual Rows": 12019, "Actual Loops": 1, "Output": ["customer.c_custkey", "n2.n_name"], "Hash Buckets": 16384, "Original Hash Buckets": 2048, "Hash Batches": 1, "Original Hash Batches": 1, "Peak Memory Usage": 633, "Plans": [{"Node Type": "Hash Join", "Parent Relationship": "Outer", "Parallel Aware": false, "Join Type": "Inner", "Startup Cost": 17.71, "Total Cost": 5499.73, "Plan Rows": 1471, "Plan Width": 33, "Actual Startup Time": 0.418, "Actual Total Time": 577.952, "Actual Rows": 12019, "Actual Loops": 1, "Output": ["customer.c_custkey", "n2.n_name"], "Inner Unique": true, "Hash Cond": "(customer.c_nationkey = n2.n_nationkey)", "Plans": [{"Node Type": "Seq Scan", "Parent Relationship": "Outer", "Parallel Aware": false, "Relation Name": "customer", "Schema": "public", "Alias": "customer", "Startup Cost": 0.0, "Total Cost": 5085.0, "Plan Rows": 150000, "Plan Width": 8, "Actual Startup Time": 0.004, "Actual Total Time": 177.613, "Actual Rows": 150000, "Actual Loops": 1, "Output": ["customer.c_custkey", "customer.c_name", "customer.c_address", "customer.c_nationkey", "customer.c_phone", "customer.c_acctbal", "customer.c_mktsegment", "customer.c_comment"]}, {"Node Type": "Hash", "Parent Relationship": "Inner", "Parallel Aware": false, "Startup Cost": 17.65, "Total Cost": 17.65, "Plan Rows": 5, "Plan Width": 33, "Actual Startup Time": 0.01, "Actual Total Time": 0.013, "Actual Rows": 2, "Actual Loops": 1, "Output": ["n2.n_name", "n2.n_nationkey"], "Hash Buckets": 1024, "Original Hash Buckets": 1024, "Hash Batches": 1, "Original Hash Batches": 1, "Peak Memory Usage": 9, "Plans": [{"Node Type": "Seq Scan", "Parent Relationship": "Outer", "Parallel Aware": false, "Relation Name": "nation", "Schema": "public", "Alias": "n2", "Startup Cost": 0.0, "Total Cost": 17.65, "Plan Rows": 5, "Plan Width": 33, "Actual Startup Time": 0.007, "Actual Total Time": 0.008, "Actual Rows": 2, "Actual Loops": 1, "Output": ["n2.n_name", "n2.n_nationkey"], "Filter": "(((n2.n_name)::text = 'CANADA'::text) OR ((n2.n_name)::text = 'BRAZIL'::text))", "Rows Removed by Filter": 23}]}]}]}]}]}]}, {"Node Type": "Hash", "Parent Relationship": "Inner", "Parallel Aware": false, "Startup Cost": 366.18, "Total Cost": 366.18, "Plan Rows": 98, "Plan Width": 33, "Actual Startup Time": 107.421, "Actual Total Time": 107.433, "Actual Rows": 809, "Actual Loops": 1, "Output": ["supplier.s_suppkey", "n1.n_name"], "Hash Buckets": 1024, "Original Hash Buckets": 1024, "Hash Batches": 1, "Original Hash Batches": 1, "Peak Memory Usage": 42, "Plans": [{"Node Type": "Hash Join", "Parent Relationship": "Outer", "Parallel Aware": false, "Join Type": "Inner", "Startup Cost": 17.71, "Total Cost": 366.18, "Plan Rows": 98, "Plan Width": 33, "Actual Startup Time": 0.462, "Actual Total Time": 107.001, "Actual Rows": 809, "Actual Loops": 1, "Output": ["supplier.s_suppkey", "n1.n_name"], "Inner Unique": true, "Hash Cond": "(supplier.s_nationkey = n1.n_nationkey)", "Plans": [{"Node Type": "Seq Scan", "Parent Relationship": "Outer", "Parallel Aware": false, "Relation Name": "supplier", "Schema": "public", "Alias": "supplier", "Startup Cost": 0.0, "Total Cost": 322.0, "Plan Rows": 10000, "Plan Width": 8, "Actual Startup Time": 0.028, "Actual Total Time": 2.79, "Actual Rows": 10000, "Actual Loops": 1, "Output": ["supplier.s_suppkey", "supplier.s_name", "supplier.s_address", "supplier.s_nationkey", "supplier.s_phone", "supplier.s_acctbal", "supplier.s_comment"]}, {"Node Type": "Hash", "Parent Relationship": "Inner", "Parallel Aware": false, "Startup Cost": 17.65, "Total Cost": 17.65, "Plan Rows": 5, "Plan Width": 33, "Actual Startup Time": 0.218, "Actual Total Time": 0.221, "Actual Rows": 2, "Actual Loops": 1, "Output": ["n1.n_name", "n1.n_nationkey"], "Hash Buckets": 1024, "Original Hash Buckets": 1024, "Hash Batches": 1, "Original Hash Batches": 1, "Peak Memory Usage": 9, "Plans": [{"Node Type": "Seq Scan", "Parent Relationship": "Outer", "Parallel Aware": false, "Relation Name": "nation", "Schema": "public", "Alias": "n1", "Startup Cost": 0.0, "Total Cost": 17.65, "Plan Rows": 5, "Plan Width": 33, "Actual Startup Time": 0.008, "Actual Total Time": 0.01, "Actual Rows": 2, "Actual Loops": 1, "Output": ["n1.n_name", "n1.n_nationkey"], "Filter": "(((n1.n_name)::text = 'BRAZIL'::text) OR ((n1.n_name)::text = 'CANADA'::text))", "Rows Removed by Filter": 23}]}]}]}]}]}]}, "Planning Time": 16.104, "Triggers": [], "Execution Time": 36381.984}]
q3#####[{"Plan": {"Node Type": "Aggregate", "Strategy": "Sorted", "Partial Mode": "Simple", "Parallel Aware": false, "Startup Cost": 262633.16, "Total Cost": 262633.44, "Plan Rows": 8, "Plan Width": 98, "Actual Startup Time": 4153.248, "Actual Total Time": 4155.909, "Actual Rows": 4, "Actual Loops": 1, "Output": ["n1.n_name", "n2.n_name", "(date_part('year'::text, (lineitem.l_shipdate)::timestamp without time zone))", "sum((lineitem.l_extendedprice * ('1'::numeric - lineitem.l_discount)))"], "Group Key": ["n1.n_name", "n2.n_name", "(date_part('year'::text, (lineitem.l_shipdate)::timestamp without time zone))"], "Plans": [{"Node Type": "Sort", "Parent Relationship": "Outer", "Parallel Aware": false, "Startup Cost": 262633.16, "Total Cost": 262633.18, "Plan Rows": 8, "Plan Width": 78, "Actual Startup Time": 4150.474, "Actual Total Time": 4151.133, "Actual Rows": 6033, "Actual Loops": 1, "Output": ["n1.n_name", "n2.n_name", "(date_part('year'::text, (lineitem.l_shipdate)::timestamp without time zone))", "lineitem.l_extendedprice", "lineitem.l_discount"], "Sort Key": ["n1.n_name", "n2.n_name", "(date_part('year'::text, (lineitem.l_shipdate)::timestamp without time zone))"], "Sort Method": "quicksort", "Sort Space Used": 664, "Sort Space Type": "Memory", "Plans": [{"Node Type": "Hash Join", "Parent Relationship": "Outer", "Parallel Aware": false, "Join Type": "Inner", "Startup Cost": 52936.46, "Total Cost": 262633.04, "Plan Rows": 8, "Plan Width": 78, "Actual Startup Time": 995.443, "Actual Total Time": 4140.599, "Actual Rows": 6033, "Actual Loops": 1, "Output": ["n1.n_name", "n2.n_name", "date_part('year'::text, (lineitem.l_shipdate)::timestamp without time zone)", "lineitem.l_extendedprice", "lineitem.l_discount"], "Inner Unique": false, "Hash Cond": "(lineitem.l_orderkey = orders.o_orderkey)", "Join Filter": "((((n1.n_name)::text = 'ALGERIA'::text) AND ((n2.n_name)::text = 'EGYPT'::text)) OR (((n1.n_name)::text = 'EGYPT'::text) AND ((n2.n_name)::text = 'ALGERIA'::text)))", "Rows Removed by Join Filter": 6071, "Plans": [{"Node Type": "Hash Join", "Parent Relationship": "Outer", "Parallel Aware": false, "Join Type": "Inner", "Startup Cost": 367.41, "Total Cost": 209992.58, "Plan Rows": 18088, "Plan Width": 49, "Actual Startup Time": 1.871, "Actual Total Time": 3011.661, "Actual Rows": 153042, "Actual Loops": 1, "Output": ["lineitem.l_shipdate", "lineitem.l_extendedprice", "lineitem.l_discount", "lineitem.l_orderkey", "n1.n_name"], "Inner Unique": false, "Hash Cond": "(lineitem.l_suppkey = supplier.s_suppkey)", "Plans": [{"Node Type": "Seq Scan", "Parent Relationship": "Outer", "Parallel Aware": false, "Relation Name": "lineitem", "Schema": "public", "Alias": "lineitem", "Startup Cost": 0.0, "Total Cost": 202524.24, "Plan Rows": 1845366, "Plan Width": 24, "Actual Startup Time": 0.012, "Actual Total Time": 2770.167, "Actual Rows": 1828450, "Actual Loops": 1, "Output": ["lineitem.l_orderkey", "lineitem.l_partkey", "lineitem.l_suppkey", "lineitem.l_linenumber", "lineitem.l_quantity", "lineitem.l_extendedprice", "lineitem.l_discount", "lineitem.l_tax", "lineitem.l_returnflag", "lineitem.l_linestatus", "lineitem.l_shipdate", "lineitem.l_commitdate", "lineitem.l_receiptdate", "lineitem.l_shipinstruct", "lineitem.l_shipmode", "lineitem.l_comment"], "Filter": "((lineitem.l_shipdate >= '1995-01-01'::date) AND (lineitem.l_shipdate <= '1996-12-31'::date))", "Rows Removed by Filter": 4172765}, {"Node Type": "Hash", "Parent Relationship": "Inner", "Parallel Aware": false, "Startup Cost": 366.18, "Total Cost": 366.18, "Plan Rows": 98, "Plan Width": 33, "Actual Startup Time": 1.834, "Actual Total Time": 1.881, "Actual Rows": 835, "Actual Loops": 1, "Output": ["supplier.s_suppkey", "n1.n_name"], "Hash Buckets": 1024, "Original Hash Buckets": 1024, "Hash Batches": 1, "Original Hash Batches": 1, "Peak Memory Usage": 44, "Plans": [{"Node Type": "Hash Join", "Parent Relationship": "Outer", "Parallel Aware": false, "Join Type": "Inner", "Startup Cost": 17.71, "Total Cost": 366.18, "Plan Rows": 98, "Plan Width": 33, "Actual Startup Time": 0.045, "Actual Total Time": 1.751, "Actual Rows": 835, "Actual Loops": 1, "Output": ["supplier.s_suppkey", "n1.n_name"], "Inner Unique": true, "Hash Cond": "(supplier.s_nationkey = n1.n_nationkey)", "Plans": [{"Node Type": "Seq Scan", "Parent Relationship": "Outer", "Parallel Aware": false, "Relation Name": "supplier", "Schema": "public", "Alias": "supplier", "Startup Cost": 0.0, "Total Cost": 322.0, "Plan Rows": 10000, "Plan Width": 8, "Actual Startup Time": 0.006, "Actual Total Time": 0.641, "Actual Rows": 10000, "Actual Loops": 1, "Output": ["supplier.s_suppkey", "supplier.s_name", "supplier.s_address", "supplier.s_nationkey", "supplier.s_phone", "supplier.s_acctbal", "supplier.s_comment"]}, {"Node Type": "Hash", "Parent Relationship": "Inner", "Parallel Aware": false, "Startup Cost": 17.65, "Total Cost": 17.65, "Plan Rows": 5, "Plan Width": 33, "Actual Startup Time": 0.021, "Actual Total Time": 0.033, "Actual Rows": 2, "Actual Loops": 1, "Output": ["n1.n_name", "n1.n_nationkey"], "Hash Buckets": 1024, "Original Hash Buckets": 1024, "Hash Batches": 1, "Original Hash Batches": 1, "Peak Memory Usage": 9, "Plans": [{"Node Type": "Seq Scan", "Parent Relationship": "Outer", "Parallel Aware": false, "Relation Name": "nation", "Schema": "public", "Alias": "n1", "Startup Cost": 0.0, "Total Cost": 17.65, "Plan Rows": 5, "Plan Width": 33, "Actual Startup Time": 0.004, "Actual Total Time": 0.011, "Actual Rows": 2, "Actual Loops": 1, "Output": ["n1.n_name", "n1.n_nationkey"], "Filter": "(((n1.n_name)::text = 'ALGERIA'::text) OR ((n1.n_name)::text = 'EGYPT'::text))", "Rows Removed by Filter": 23}]}]}]}]}, {"Node Type": "Hash", "Parent Relationship": "Inner", "Parallel Aware": false, "Startup Cost": 52385.22, "Total Cost": 52385.22, "Plan Rows": 14706, "Plan Width": 33, "Actual Startup Time": 992.915, "Actual Total Time": 992.951, "Actual Rows": 118733, "Actual Loops": 1, "Output": ["orders.o_orderkey", "n2.n_name"], "Hash Buckets": 131072, "Original Hash Buckets": 16384, "Hash Batches": 2, "Original Hash Batches": 1, "Peak Memory Usage": 3513, "Plans": [{"Node Type": "Hash Join", "Parent Relationship": "Outer", "Parallel Aware": false, "Join Type": "Inner", "Startup Cost": 5518.12, "Total Cost": 52385.22, "Plan Rows": 14706, "Plan Width": 33, "Actual Startup Time": 90.98, "Actual Total Time": 951.152, "Actual Rows": 118733, "Actual Loops": 1, "Output": ["orders.o_orderkey", "n2.n_name"], "Inner Unique": false, "Hash Cond": "(orders.o_custkey = customer.c_custkey)", "Plans": [{"Node Type": "Seq Scan", "Parent Relationship": "Outer", "Parallel Aware": false, "Relation Name": "orders", "Schema": "public", "Alias": "orders", "Startup Cost": 0.0, "Total Cost": 41095.0, "Plan Rows": 1500000, "Plan Width": 8, "Actual Startup Time": 0.01, "Actual Total Time": 618.275, "Actual Rows": 1500000, "Actual Loops": 1, "Output": ["orders.o_orderkey", "orders.o_custkey", "orders.o_orderstatus", "orders.o_totalprice", "orders.o_orderdate", "orders.o_orderpriority", "orders.o_clerk", "orders.o_shippriority", "orders.o_comment"]}, {"Node Type": "Hash", "Parent Relationship": "Inner", "Parallel Aware": false, "Startup Cost": 5499.73, "Total Cost": 5499.73, "Plan Rows": 1471, "Plan Width": 33, "Actual Startup Time": 90.947, "Actual Total Time": 90.983, "Actual Rows": 11920, "Actual Loops": 1, "Output": ["customer.c_custkey", "n2.n_name"], "Hash Buckets": 16384, "Original Hash Buckets": 2048, "Hash Batches": 1, "Original Hash Batches": 1, "Peak Memory Usage": 629, "Plans": [{"Node Type": "Hash Join", "Parent Relationship": "Outer", "Parallel Aware": false, "Join Type": "Inner", "Startup Cost": 17.71, "Total Cost": 5499.73, "Plan Rows": 1471, "Plan Width": 33, "Actual Startup Time": 0.035, "Actual Total Time": 87.45, "Actual Rows": 11920, "Actual Loops": 1, "Output": ["customer.c_custkey", "n2.n_name"], "Inner Unique": true, "Hash Cond": "(customer.c_nationkey = n2.n_nationkey)", "Plans": [{"Node Type": "Seq Scan", "Parent Relationship": "Outer", "Parallel Aware": false, "Relation Name": "customer", "Schema": "public", "Alias": "customer", "Startup Cost": 0.0, "Total Cost": 5085.0, "Plan Rows": 150000, "Plan Width": 8, "Actual Startup Time": 0.001, "Actual Total Time": 63.869, "Actual Rows": 150000, "Actual Loops": 1, "Output": ["customer.c_custkey", "customer.c_name", "customer.c_address", "customer.c_nationkey", "customer.c_phone", "customer.c_acctbal", "customer.c_mktsegment", "customer.c_comment"]}, {"Node Type": "Hash", "Parent Relationship": "Inner", "Parallel Aware": false, "Startup Cost": 17.65, "Total Cost": 17.65, "Plan Rows": 5, "Plan Width": 33, "Actual Startup Time": 0.011, "Actual Total Time": 0.016, "Actual Rows": 2, "Actual Loops": 1, "Output": ["n2.n_name", "n2.n_nationkey"], "Hash Buckets": 1024, "Original Hash Buckets": 1024, "Hash Batches": 1, "Original Hash Batches": 1, "Peak Memory Usage": 9, "Plans": [{"Node Type": "Seq Scan", "Parent Relationship": "Outer", "Parallel Aware": false, "Relation Name": "nation", "Schema": "public", "Alias": "n2", "Startup Cost": 0.0, "Total Cost": 17.65, "Plan Rows": 5, "Plan Width": 33, "Actual Startup Time": 0.004, "Actual Total Time": 0.005, "Actual Rows": 2, "Actual Loops": 1, "Output": ["n2.n_name", "n2.n_nationkey"], "Filter": "(((n2.n_name)::text = 'EGYPT'::text) OR ((n2.n_name)::text = 'ALGERIA'::text))", "Rows Removed by Filter": 23}]}]}]}]}]}]}]}]}, "Planning Time": 2.872, "Triggers": [], "Execution Time": 4156.334}]
q1#####[{"Plan": {"Node Type": "Aggregate", "Strategy": "Sorted", "Partial Mode": "Simple", "Parallel Aware": false, "Startup Cost": 262633.16, "Total Cost": 262633.44, "Plan Rows": 8, "Plan Width": 98, "Actual Startup Time": 4273.317, "Actual Total Time": 4282.96, "Actual Rows": 4, "Actual Loops": 1, "Output": ["n1.n_name", "n2.n_name", "(date_part('year'::text, (lineitem.l_shipdate)::timestamp without time zone))", "sum((lineitem.l_extendedprice * ('1'::numeric - lineitem.l_discount)))"], "Group Key": ["n1.n_name", "n2.n_name", "(date_part('year'::text, (lineitem.l_shipdate)::timestamp without time zone))"], "Plans": [{"Node Type": "Sort", "Parent Relationship": "Outer", "Parallel Aware": false, "Startup Cost": 262633.16, "Total Cost": 262633.18, "Plan Rows": 8, "Plan Width": 78, "Actual Startup Time": 4272.379, "Actual Total Time": 4279.996, "Actual Rows": 6018, "Actual Loops": 1, "Output": ["n1.n_name", "n2.n_name", "(date_part('year'::text, (lineitem.l_shipdate)::timestamp without time zone))", "lineitem.l_extendedprice", "lineitem.l_discount"], "Sort Key": ["n1.n_name", "n2.n_name", "(date_part('year'::text, (lineitem.l_shipdate)::timestamp without time zone))"], "Sort Method": "quicksort", "Sort Space Used": 663, "Sort Space Type": "Memory", "Plans": [{"Node Type": "Hash Join", "Parent Relationship": "Outer", "Parallel Aware": false, "Join Type": "Inner", "Startup Cost": 52936.46, "Total Cost": 262633.04, "Plan Rows": 8, "Plan Width": 78, "Actual Startup Time": 1041.311, "Actual Total Time": 4259.309, "Actual Rows": 6018, "Actual Loops": 1, "Output": ["n1.n_name", "n2.n_name", "date_part('year'::text, (lineitem.l_shipdate)::timestamp without time zone)", "lineitem.l_extendedprice", "lineitem.l_discount"], "Inner Unique": false, "Hash Cond": "(lineitem.l_orderkey = orders.o_orderkey)", "Join Filter": "((((n1.n_name)::text = 'ALGERIA'::text) AND ((n2.n_name)::text = 'SAUDI ARABIA'::text)) OR (((n1.n_name)::text = 'SAUDI ARABIA'::text) AND ((n2.n_name)::text = 'ALGERIA'::text)))", "Rows Removed by Join Filter": 6021, "Plans": [{"Node Type": "Hash Join", "Parent Relationship": "Outer", "Parallel Aware": false, "Join Type": "Inner", "Startup Cost": 367.41, "Total Cost": 209992.58, "Plan Rows": 18088, "Plan Width": 49, "Actual Startup Time": 4.487, "Actual Total Time": 3042.663, "Actual Rows": 152311, "Actual Loops": 1, "Output": ["lineitem.l_shipdate", "lineitem.l_extendedprice", "lineitem.l_discount", "lineitem.l_orderkey", "n1.n_name"], "Inner Unique": false, "Hash Cond": "(lineitem.l_suppkey = supplier.s_suppkey)", "Plans": [{"Node Type": "Seq Scan", "Parent Relationship": "Outer", "Parallel Aware": false, "Relation Name": "lineitem", "Schema": "public", "Alias": "lineitem", "Startup Cost": 0.0, "Total Cost": 202524.24, "Plan Rows": 1845366, "Plan Width": 24, "Actual Startup Time": 1.439, "Actual Total Time": 2799.977, "Actual Rows": 1828450, "Actual Loops": 1, "Output": ["lineitem.l_orderkey", "lineitem.l_partkey", "lineitem.l_suppkey", "lineitem.l_linenumber", "lineitem.l_quantity", "lineitem.l_extendedprice", "lineitem.l_discount", "lineitem.l_tax", "lineitem.l_returnflag", "lineitem.l_linestatus", "lineitem.l_shipdate", "lineitem.l_commitdate", "lineitem.l_receiptdate", "lineitem.l_shipinstruct", "lineitem.l_shipmode", "lineitem.l_comment"], "Filter": "((lineitem.l_shipdate >= '1995-01-01'::date) AND (lineitem.l_shipdate <= '1996-12-31'::date))", "Rows Removed by Filter": 4172765}, {"Node Type": "Hash", "Parent Relationship": "Inner", "Parallel Aware": false, "Startup Cost": 366.18, "Total Cost": 366.18, "Plan Rows": 98, "Plan Width": 33, "Actual Startup Time": 2.945, "Actual Total Time": 2.971, "Actual Rows": 831, "Actual Loops": 1, "Output": ["supplier.s_suppkey", "n1.n_name"], "Hash Buckets": 1024, "Original Hash Buckets": 1024, "Hash Batches": 1, "Original Hash Batches": 1, "Peak Memory Usage": 46, "Plans": [{"Node Type": "Hash Join", "Parent Relationship": "Outer", "Parallel Aware": false, "Join Type": "Inner", "Startup Cost": 17.71, "Total Cost": 366.18, "Plan Rows": 98, "Plan Width": 33, "Actual Startup Time": 0.018, "Actual Total Time": 2.856, "Actual Rows": 831, "Actual Loops": 1, "Output": ["supplier.s_suppkey", "n1.n_name"], "Inner Unique": true, "Hash Cond": "(supplier.s_nationkey = n1.n_nationkey)", "Plans": [{"Node Type": "Seq Scan", "Parent Relationship": "Outer", "Parallel Aware": false, "Relation Name": "supplier", "Schema": "public", "Alias": "supplier", "Startup Cost": 0.0, "Total Cost": 322.0, "Plan Rows": 10000, "Plan Width": 8, "Actual Startup Time": 0.004, "Actual Total Time": 2.008, "Actual Rows": 10000, "Actual Loops": 1, "Output": ["supplier.s_suppkey", "supplier.s_name", "supplier.s_address", "supplier.s_nationkey", "supplier.s_phone", "supplier.s_acctbal", "supplier.s_comment"]}, {"Node Type": "Hash", "Parent Relationship": "Inner", "Parallel Aware": false, "Startup Cost": 17.65, "Total Cost": 17.65, "Plan Rows": 5, "Plan Width": 33, "Actual Startup Time": 0.007, "Actual Total Time": 0.008, "Actual Rows": 2, "Actual Loops": 1, "Output": ["n1.n_name", "n1.n_nationkey"], "Hash Buckets": 1024, "Original Hash Buckets": 1024, "Hash Batches": 1, "Original Hash Batches": 1, "Peak Memory Usage": 9, "Plans": [{"Node Type": "Seq Scan", "Parent Relationship": "Outer", "Parallel Aware": false, "Relation Name": "nation", "Schema": "public", "Alias": "n1", "Startup Cost": 0.0, "Total Cost": 17.65, "Plan Rows": 5, "Plan Width": 33, "Actual Startup Time": 0.003, "Actual Total Time": 0.005, "Actual Rows": 2, "Actual Loops": 1, "Output": ["n1.n_name", "n1.n_nationkey"], "Filter": "(((n1.n_name)::text = 'ALGERIA'::text) OR ((n1.n_name)::text = 'SAUDI ARABIA'::text))", "Rows Removed by Filter": 23}]}]}]}]}, {"Node Type": "Hash", "Parent Relationship": "Inner", "Parallel Aware": false, "Startup Cost": 52385.22, "Total Cost": 52385.22, "Plan Rows": 14706, "Plan Width": 33, "Actual Startup Time": 1035.012, "Actual Total Time": 1035.036, "Actual Rows": 118075, "Actual Loops": 1, "Output": ["orders.o_orderkey", "n2.n_name"], "Hash Buckets": 131072, "Original Hash Buckets": 16384, "Hash Batches": 2, "Original Hash Batches": 1, "Peak Memory Usage": 3715, "Plans": [{"Node Type": "Hash Join", "Parent Relationship": "Outer", "Parallel Aware": false, "Join Type": "Inner", "Startup Cost": 5518.12, "Total Cost": 52385.22, "Plan Rows": 14706, "Plan Width": 33, "Actual Startup Time": 164.594, "Actual Total Time": 996.063, "Actual Rows": 118075, "Actual Loops": 1, "Output": ["orders.o_orderkey", "n2.n_name"], "Inner Unique": false, "Hash Cond": "(orders.o_custkey = customer.c_custkey)", "Plans": [{"Node Type": "Seq Scan", "Parent Relationship": "Outer", "Parallel Aware": false, "Relation Name": "orders", "Schema": "public", "Alias": "orders", "Startup Cost": 0.0, "Total Cost": 41095.0, "Plan Rows": 1500000, "Plan Width": 8, "Actual Startup Time": 1.222, "Actual Total Time": 607.284, "Actual Rows": 1500000, "Actual Loops": 1, "Output": ["orders.o_orderkey", "orders.o_custkey", "orders.o_orderstatus", "orders.o_totalprice", "orders.o_orderdate", "orders.o_orderpriority", "orders.o_clerk", "orders.o_shippriority", "orders.o_comment"]}, {"Node Type": "Hash", "Parent Relationship": "Inner", "Parallel Aware": false, "Startup Cost": 5499.73, "Total Cost": 5499.73, "Plan Rows": 1471, "Plan Width": 33, "Actual Startup Time": 163.352, "Actual Total Time": 163.368, "Actual Rows": 11829, "Actual Loops": 1, "Output": ["customer.c_custkey", "n2.n_name"], "Hash Buckets": 16384, "Original Hash Buckets": 2048, "Hash Batches": 1, "Original Hash Batches": 1, "Peak Memory Usage": 666, "Plans": [{"Node Type": "Hash Join", "Parent Relationship": "Outer", "Parallel Aware": false, "Join Type": "Inner", "Startup Cost": 17.71, "Total Cost": 5499.73, "Plan Rows": 1471, "Plan Width": 33, "Actual Startup Time": 0.021, "Actual Total Time": 160.239, "Actual Rows": 11829, "Actual Loops": 1, "Output": ["customer.c_custkey", "n2.n_name"], "Inner Unique": true, "Hash Cond": "(customer.c_nationkey = n2.n_nationkey)", "Plans": [{"Node Type": "Seq Scan", "Parent Relationship": "Outer", "Parallel Aware": false, "Relation Name": "customer", "Schema": "public", "Alias": "customer", "Startup Cost": 0.0, "Total Cost": 5085.0, "Plan Rows": 150000, "Plan Width": 8, "Actual Startup Time": 0.003, "Actual Total Time": 135.652, "Actual Rows": 150000, "Actual Loops": 1, "Output": ["customer.c_custkey", "customer.c_name", "customer.c_address", "customer.c_nationkey", "customer.c_phone", "customer.c_acctbal", "customer.c_mktsegment", "customer.c_comment"]}, {"Node Type": "Hash", "Parent Relationship": "Inner", "Parallel Aware": false, "Startup Cost": 17.65, "Total Cost": 17.65, "Plan Rows": 5, "Plan Width": 33, "Actual Startup Time": 0.005, "Actual Total Time": 0.006, "Actual Rows": 2, "Actual Loops": 1, "Output": ["n2.n_name", "n2.n_nationkey"], "Hash Buckets": 1024, "Original Hash Buckets": 1024, "Hash Batches": 1, "Original Hash Batches": 1, "Peak Memory Usage": 9, "Plans": [{"Node Type": "Seq Scan", "Parent Relationship": "Outer", "Parallel Aware": false, "Relation Name": "nation", "Schema": "public", "Alias": "n2", "Startup Cost": 0.0, "Total Cost": 17.65, "Plan Rows": 5, "Plan Width": 33, "Actual Startup Time": 0.003, "Actual Total Time": 0.004, "Actual Rows": 2, "Actual Loops": 1, "Output": ["n2.n_name", "n2.n_nationkey"], "Filter": "(((n2.n_name)::text = 'SAUDI ARABIA'::text) OR ((n2.n_name)::text = 'ALGERIA'::text))", "Rows Removed by Filter": 23}]}]}]}]}]}]}]}]}, "Planning Time": 1.642, "Triggers": [], "Execution Time": 4286.178}]
q2#####[{"Plan": {"Node Type": "Sort", "Parallel Aware": false, "Startup Cost": 254388.53, "Total Cost": 254403.3, "Plan Rows": 5905, "Plan Width": 205, "Actual Startup Time": 4731.498, "Actual Total Time": 4737.073, "Actual Rows": 37940, "Actual Loops": 1, "Output": ["customer.c_custkey", "customer.c_name", "(sum((lineitem.l_extendedprice * ('1'::numeric - lineitem.l_discount))))", "customer.c_acctbal", "nation.n_name", "customer.c_address", "customer.c_phone", "customer.c_comment"], "Sort Key": ["(sum((lineitem.l_extendedprice * ('1'::numeric - lineitem.l_discount)))) DESC"], "Sort Method": "external merge", "Sort Space Used": 6424, "Sort Space Type": "Disk", "Plans": [{"Node Type": "Aggregate", "Strategy": "Sorted", "Partial Mode": "Simple", "Parent Relationship": "Outer", "Parallel Aware": false, "Startup Cost": 253782.45, "Total Cost": 254018.65, "Plan Rows": 5905, "Plan Width": 205, "Actual Startup Time": 4609.187, "Actual Total Time": 4698.884, "Actual Rows": 37940, "Actual Loops": 1, "Output": ["customer.c_custkey", "customer.c_name", "sum((lineitem.l_extendedprice * ('1'::numeric - lineitem.l_discount)))", "customer.c_acctbal", "nation.n_name", "customer.c_address", "customer.c_phone", "customer.c_comment"], "Group Key": ["customer.c_custkey", "customer.c_name", "customer.c_acctbal", "customer.c_phone", "nation.n_name", "customer.c_address", "customer.c_comment"], "Plans": [{"Node Type": "Sort", "Parent Relationship": "Outer", "Parallel Aware": false, "Startup Cost": 253782.45, "Total Cost": 253797.22, "Plan Rows": 5905, "Plan Width": 185, "Actual Startup Time": 4609.145, "Actual Total Time": 4627.132, "Actual Rows": 114847, "Actual Loops": 1, "Output": ["customer.c_custkey", "customer.c_name", "customer.c_acctbal", "nation.n_name", "customer.c_address", "customer.c_phone", "customer.c_comment", "lineitem.l_extendedprice", "lineitem.l_discount"], "Sort Key": ["customer.c_custkey", "customer.c_name", "customer.c_acctbal", "customer.c_phone", "nation.n_name", "customer.c_address", "customer.c_comment"], "Sort Method": "external merge", "Sort Space Used": 19992, "Sort Space Type": "Disk", "Plans": [{"Node Type": "Hash Join", "Parent Relationship": "Outer", "Parallel Aware": false, "Join Type": "Inner", "Startup Cost": 243830.76, "Total Cost": 253412.57, "Plan Rows": 5905, "Plan Width": 185, "Actual Startup Time": 4141.864, "Actual Total Time": 4420.225, "Actual Rows": 114847, "Actual Loops": 1, "Output": ["customer.c_custkey", "customer.c_name", "customer.c_acctbal", "nation.n_name", "customer.c_address", "customer.c_phone", "customer.c_comment", "lineitem.l_extendedprice", "lineitem.l_discount"], "Inner Unique": true, "Hash Cond": "(customer.c_nationkey = nation.n_nationkey)", "Plans": [{"Node Type": "Hash Join", "Parent Relationship": "Outer", "Parallel Aware": false, "Join Type": "Inner", "Startup Cost": 243809.29, "Total Cost": 253234.8, "Plan Rows": 59051, "Plan Width": 160, "Actual Startup Time": 4141.815, "Actual Total Time": 4394.05, "Actual Rows": 114847, "Actual Loops": 1, "Output": ["customer.c_custkey", "customer.c_name", "customer.c_acctbal", "customer.c_address", "customer.c_phone", "customer.c_comment", "customer.c_nationkey", "lineitem.l_extendedprice", "lineitem.l_discount"], "Inner Unique": false, "Hash Cond": "(customer.c_custkey = orders.o_custkey)", "Plans": [{"Node Type": "Seq Scan", "Parent Relationship": "Outer", "Parallel Aware": false, "Relation Name": "customer", "Schema": "public", "Alias": "customer", "Startup Cost": 0.0, "Total Cost": 5085.0, "Plan Rows": 150000, "Plan Width": 148, "Actual Startup Time": 0.005, "Actual Total Time": 21.937, "Actual Rows": 150000, "Actual Loops": 1, "Output": ["customer.c_custkey", "customer.c_name", "customer.c_address", "customer.c_nationkey", "customer.c_phone", "customer.c_acctbal", "customer.c_mktsegment", "customer.c_comment"]}, {"Node Type": "Hash", "Parent Relationship": "Inner", "Parallel Aware": false, "Startup Cost": 243071.15, "Total Cost": 243071.15, "Plan Rows": 59051, "Plan Width": 16, "Actual Startup Time": 4140.939, "Actual Total Time": 4140.947, "Actual Rows": 114847, "Actual Loops": 1, "Output": ["orders.o_custkey", "lineitem.l_extendedprice", "lineitem.l_discount"], "Hash Buckets": 131072, "Original Hash Buckets": 65536, "Hash Batches": 2, "Original Hash Batches": 1, "Peak Memory Usage": 3793, "Plans": [{"Node Type": "Hash Join", "Parent Relationship": "Outer", "Parallel Aware": false, "Join Type": "Inner", "Startup Cost": 49332.86, "Total Cost": 243071.15, "Plan Rows": 59051, "Plan Width": 16, "Actual Startup Time": 1017.542, "Actual Total Time": 4095.443, "Actual Rows": 114847, "Actual Loops": 1, "Output": ["orders.o_custkey", "lineitem.l_extendedprice", "lineitem.l_discount"], "Inner Unique": false, "Hash Cond": "(lineitem.l_orderkey = orders.o_orderkey)", "Plans": [{"Node Type": "Seq Scan", "Parent Relationship": "Outer", "Parallel Aware": false, "Relation Name": "lineitem", "Schema": "public", "Alias": "lineitem", "Startup Cost": 0.0, "Total Cost": 187520.7, "Plan Rows": 1500554, "Plan Width": 16, "Actual Startup Time": 0.008, "Actual Total Time": 2760.361, "Actual Rows": 1478870, "Actual Loops": 1, "Output": ["lineitem.l_orderkey", "lineitem.l_partkey", "lineitem.l_suppkey", "lineitem.l_linenumber", "lineitem.l_quantity", "lineitem.l_extendedprice", "lineitem.l_discount", "lineitem.l_tax", "lineitem.l_returnflag", "lineitem.l_linestatus", "lineitem.l_shipdate", "lineitem.l_commitdate", "lineitem.l_receiptdate", "lineitem.l_shipinstruct", "lineitem.l_shipmode", "lineitem.l_comment"], "Filter": "(lineitem.l_returnflag = 'R'::bpchar)", "Rows Removed by Filter": 4522345}, {"Node Type": "Hash", "Parent Relationship": "Inner", "Parallel Aware": false, "Startup Cost": 48595.0, "Total Cost": 48595.0, "Plan Rows": 59029, "Plan Width": 8, "Actual Startup Time": 1017.354, "Actual Total Time": 1017.355, "Actual Rows": 57425, "Actual Loops": 1, "Output": ["orders.o_custkey", "orders.o_orderkey"], "Hash Buckets": 65536, "Original Hash Buckets": 65536, "Hash Batches": 1, "Original Hash Batches": 1, "Peak Memory Usage": 2756, "Plans": [{"Node Type": "Seq Scan", "Parent Relationship": "Outer", "Parallel Aware": false, "Relation Name": "orders", "Schema": "public", "Alias": "orders", "Startup Cost": 0.0, "Total Cost": 48595.0, "Plan Rows": 59029, "Plan Width": 8, "Actual Startup Time": 0.016, "Actual Total Time": 991.199, "Actual Rows": 57425, "Actual Loops": 1, "Output": ["orders.o_custkey", "orders.o_orderkey"], "Filter": "((orders.o_orderdate >= '1993-06-05'::date) AND (orders.o_orderdate < '1993-09-05 00:00:00'::timestamp without time zone))", "Rows Removed by Filter": 1442575}]}]}]}]}, {"Node Type": "Hash", "Parent Relationship": "Inner", "Parallel Aware": false, "Startup Cost": 15.1, "Total Cost": 15.1, "Plan Rows": 510, "Plan Width": 33, "Actual Startup Time": 0.01, "Actual Total Time": 0.011, "Actual Rows": 25, "Actual Loops": 1, "Output": ["nation.n_name", "nation.n_nationkey"], "Hash Buckets": 1024, "Original Hash Buckets": 1024, "Hash Batches": 1, "Original Hash Batches": 1, "Peak Memory Usage": 10, "Plans": [{"Node Type": "Seq Scan", "Parent Relationship": "Outer", "Parallel Aware": false, "Relation Name": "nation", "Schema": "public", "Alias": "nation", "Startup Cost": 0.0, "Total Cost": 15.1, "Plan Rows": 510, "Plan Width": 33, "Actual Startup Time": 0.004, "Actual Total Time": 0.005, "Actual Rows": 25, "Actual Loops": 1, "Output": ["nation.n_name", "nation.n_nationkey"]}]}]}]}]}]}, "Planning Time": 1.138, "Triggers": [], "Execution Time": 4739.956}]
q4#####[{"Plan": {"Node Type": "Sort", "Parallel Aware": false, "Startup Cost": 254084.6, "Total Cost": 254098.21, "Plan Rows": 5441, "Plan Width": 205, "Actual Startup Time": 4666.29, "Actual Total Time": 4674.775, "Actual Rows": 37633, "Actual Loops": 1, "Output": ["customer.c_custkey", "customer.c_name", "(sum((lineitem.l_extendedprice * ('1'::numeric - lineitem.l_discount))))", "customer.c_acctbal", "nation.n_name", "customer.c_address", "customer.c_phone", "customer.c_comment"], "Sort Key": ["(sum((lineitem.l_extendedprice * ('1'::numeric - lineitem.l_discount)))) DESC"], "Sort Method": "external merge", "Sort Space Used": 6376, "Sort Space Type": "Disk", "Plans": [{"Node Type": "Aggregate", "Strategy": "Sorted", "Partial Mode": "Simple", "Parent Relationship": "Outer", "Parallel Aware": false, "Startup Cost": 253529.36, "Total Cost": 253747.0, "Plan Rows": 5441, "Plan Width": 205, "Actual Startup Time": 4513.283, "Actual Total Time": 4628.678, "Actual Rows": 37633, "Actual Loops": 1, "Output": ["customer.c_custkey", "customer.c_name", "sum((lineitem.l_extendedprice * ('1'::numeric - lineitem.l_discount)))", "customer.c_acctbal", "nation.n_name", "customer.c_address", "customer.c_phone", "customer.c_comment"], "Group Key": ["customer.c_custkey", "customer.c_name", "customer.c_acctbal", "customer.c_phone", "nation.n_name", "customer.c_address", "customer.c_comment"], "Plans": [{"Node Type": "Sort", "Parent Relationship": "Outer", "Parallel Aware": false, "Startup Cost": 253529.36, "Total Cost": 253542.96, "Plan Rows": 5441, "Plan Width": 185, "Actual Startup Time": 4513.229, "Actual Total Time": 4532.805, "Actual Rows": 112740, "Actual Loops": 1, "Output": ["customer.c_custkey", "customer.c_name", "customer.c_acctbal", "nation.n_name", "customer.c_address", "customer.c_phone", "customer.c_comment", "lineitem.l_extendedprice", "lineitem.l_discount"], "Sort Key": ["customer.c_custkey", "customer.c_name", "customer.c_acctbal", "customer.c_phone", "nation.n_name", "customer.c_address", "customer.c_comment"], "Sort Method": "external merge", "Sort Space Used": 19584, "Sort Space Type": "Disk", "Plans": [{"Node Type": "Hash Join", "Parent Relationship": "Outer", "Parallel Aware": false, "Join Type": "Inner", "Startup Cost": 243668.56, "Total Cost": 253191.75, "Plan Rows": 5441, "Plan Width": 185, "Actual Startup Time": 4061.518, "Actual Total Time": 4332.147, "Actual Rows": 112740, "Actual Loops": 1, "Output": ["customer.c_custkey", "customer.c_name", "customer.c_acctbal", "nation.n_name", "customer.c_address", "customer.c_phone", "customer.c_comment", "lineitem.l_extendedprice", "lineitem.l_discount"], "Inner Unique": true, "Hash Cond": "(customer.c_nationkey = nation.n_nationkey)", "Plans": [{"Node Type": "Hash Join", "Parent Relationship": "Outer", "Parallel Aware": false, "Join Type": "Inner", "Startup Cost": 243647.09, "Total Cost": 253026.25, "Plan Rows": 54416, "Plan Width": 160, "Actual Startup Time": 4061.481, "Actual Total Time": 4293.943, "Actual Rows": 112740, "Actual Loops": 1, "Output": ["customer.c_custkey", "customer.c_name", "customer.c_acctbal", "customer.c_address", "customer.c_phone", "customer.c_comment", "customer.c_nationkey", "lineitem.l_extendedprice", "lineitem.l_discount"], "Inner Unique": false, "Hash Cond": "(customer.c_custkey = orders.o_custkey)", "Plans": [{"Node Type": "Seq Scan", "Parent Relationship": "Outer", "Parallel Aware": false, "Relation Name": "customer", "Schema": "public", "Alias": "customer", "Startup Cost": 0.0, "Total Cost": 5085.0, "Plan Rows": 150000, "Plan Width": 148, "Actual Startup Time": 0.009, "Actual Total Time": 22.94, "Actual Rows": 150000, "Actual Loops": 1, "Output": ["customer.c_custkey", "customer.c_name", "customer.c_address", "customer.c_nationkey", "customer.c_phone", "customer.c_acctbal", "customer.c_mktsegment", "customer.c_comment"]}, {"Node Type": "Hash", "Parent Relationship": "Inner", "Parallel Aware": false, "Startup Cost": 242966.89, "Total Cost": 242966.89, "Plan Rows": 54416, "Plan Width": 16, "Actual Startup Time": 4060.765, "Actual Total Time": 4060.848, "Actual Rows": 112740, "Actual Loops": 1, "Output": ["orders.o_custkey", "lineitem.l_extendedprice", "lineitem.l_discount"], "Hash Buckets": 131072, "Original Hash Buckets": 65536, "Hash Batches": 2, "Original Hash Batches": 1, "Peak Memory Usage": 3747, "Plans": [{"Node Type": "Hash Join", "Parent Relationship": "Outer", "Parallel Aware": false, "Join Type": "Inner", "Startup Cost": 49274.95, "Total Cost": 242966.89, "Plan Rows": 54416, "Plan Width": 16, "Actual Startup Time": 947.518, "Actual Total Time": 4017.031, "Actual Rows": 112740, "Actual Loops": 1, "Output": ["orders.o_custkey", "lineitem.l_extendedprice", "lineitem.l_discount"], "Inner Unique": false, "Hash Cond": "(lineitem.l_orderkey = orders.o_orderkey)", "Plans": [{"Node Type": "Seq Scan", "Parent Relationship": "Outer", "Parallel Aware": false, "Relation Name": "lineitem", "Schema": "public", "Alias": "lineitem", "Startup Cost": 0.0, "Total Cost": 187520.7, "Plan Rows": 1500554, "Plan Width": 16, "Actual Startup Time": 0.012, "Actual Total Time": 2745.199, "Actual Rows": 1478870, "Actual Loops": 1, "Output": ["lineitem.l_orderkey", "lineitem.l_partkey", "lineitem.l_suppkey", "lineitem.l_linenumber", "lineitem.l_quantity", "lineitem.l_extendedprice", "lineitem.l_discount", "lineitem.l_tax", "lineitem.l_returnflag", "lineitem.l_linestatus", "lineitem.l_shipdate", "lineitem.l_commitdate", "lineitem.l_receiptdate", "lineitem.l_shipinstruct", "lineitem.l_shipmode", "lineitem.l_comment"], "Filter": "(lineitem.l_returnflag = 'R'::bpchar)", "Rows Removed by Filter": 4522345}, {"Node Type": "Hash", "Parent Relationship": "Inner", "Parallel Aware": false, "Startup Cost": 48595.0, "Total Cost": 48595.0, "Plan Rows": 54396, "Plan Width": 8, "Actual Startup Time": 947.169, "Actual Total Time": 947.17, "Actual Rows": 56434, "Actual Loops": 1, "Output": ["orders.o_custkey", "orders.o_orderkey"], "Hash Buckets": 65536, "Original Hash Buckets": 65536, "Hash Batches": 1, "Original Hash Batches": 1, "Peak Memory Usage": 2717, "Plans": [{"Node Type": "Seq Scan", "Parent Relationship": "Outer", "Parallel Aware": false, "Relation Name": "orders", "Schema": "public", "Alias": "orders", "Startup Cost": 0.0, "Total Cost": 48595.0, "Plan Rows": 54396, "Plan Width": 8, "Actual Startup Time": 0.221, "Actual Total Time": 920.998, "Actual Rows": 56434, "Actual Loops": 1, "Output": ["orders.o_custkey", "orders.o_orderkey"], "Filter": "((orders.o_orderdate >= '1993-04-01'::date) AND (orders.o_orderdate < '1993-07-01 00:00:00'::timestamp without time zone))", "Rows Removed by Filter": 1443566}]}]}]}]}, {"Node Type": "Hash", "Parent Relationship": "Inner", "Parallel Aware": false, "Startup Cost": 15.1, "Total Cost": 15.1, "Plan Rows": 510, "Plan Width": 33, "Actual Startup Time": 0.009, "Actual Total Time": 0.01, "Actual Rows": 25, "Actual Loops": 1, "Output": ["nation.n_name", "nation.n_nationkey"], "Hash Buckets": 1024, "Original Hash Buckets": 1024, "Hash Batches": 1, "Original Hash Batches": 1, "Peak Memory Usage": 10, "Plans": [{"Node Type": "Seq Scan", "Parent Relationship": "Outer", "Parallel Aware": false, "Relation Name": "nation", "Schema": "public", "Alias": "nation", "Startup Cost": 0.0, "Total Cost": 15.1, "Plan Rows": 510, "Plan Width": 33, "Actual Startup Time": 0.003, "Actual Total Time": 0.005, "Actual Rows": 25, "Actual Loops": 1, "Output": ["nation.n_name", "nation.n_nationkey"]}]}]}]}]}]}, "Planning Time": 1.347, "Triggers": [], "Execution Time": 4679.406}]
q5#####[{"Plan": {"Node Type": "Sort", "Parallel Aware": false, "Startup Cost": 254272.11, "Total Cost": 254286.43, "Plan Rows": 5727, "Plan Width": 205, "Actual Startup Time": 3198.08, "Actual Total Time": 3203.926, "Actual Rows": 38013, "Actual Loops": 1, "Output": ["customer.c_custkey", "customer.c_name", "(sum((lineitem.l_extendedprice * ('1'::numeric - lineitem.l_discount))))", "customer.c_acctbal", "nation.n_name", "customer.c_address", "customer.c_phone", "customer.c_comment"], "Sort Key": ["(sum((lineitem.l_extendedprice * ('1'::numeric - lineitem.l_discount)))) DESC"], "Sort Method": "external merge", "Sort Space Used": 6440, "Sort Space Type": "Disk", "Plans": [{"Node Type": "Aggregate", "Strategy": "Sorted", "Partial Mode": "Simple", "Parent Relationship": "Outer", "Parallel Aware": false, "Startup Cost": 253685.57, "Total Cost": 253914.65, "Plan Rows": 5727, "Plan Width": 205, "Actual Startup Time": 3085.507, "Actual Total Time": 3177.84, "Actual Rows": 38013, "Actual Loops": 1, "Output": ["customer.c_custkey", "customer.c_name", "sum((lineitem.l_extendedprice * ('1'::numeric - lineitem.l_discount)))", "customer.c_acctbal", "nation.n_name", "customer.c_address", "customer.c_phone", "customer.c_comment"], "Group Key": ["customer.c_custkey", "customer.c_name", "customer.c_acctbal", "customer.c_phone", "nation.n_name", "customer.c_address", "customer.c_comment"], "Plans": [{"Node Type": "Sort", "Parent Relationship": "Outer", "Parallel Aware": false, "Startup Cost": 253685.57, "Total Cost": 253699.89, "Plan Rows": 5727, "Plan Width": 185, "Actual Startup Time": 3085.479, "Actual Total Time": 3103.11, "Actual Rows": 114399, "Actual Loops": 1, "Output": ["customer.c_custkey", "customer.c_name", "customer.c_acctbal", "nation.n_name", "customer.c_address", "customer.c_phone", "customer.c_comment", "lineitem.l_extendedprice", "lineitem.l_discount"], "Sort Key": ["customer.c_custkey", "customer.c_name", "customer.c_acctbal", "customer.c_phone", "nation.n_name", "customer.c_address", "customer.c_comment"], "Sort Method": "external merge", "Sort Space Used": 19840, "Sort Space Type": "Disk", "Plans": [{"Node Type": "Hash Join", "Parent Relationship": "Outer", "Parallel Aware": false, "Join Type": "Inner", "Startup Cost": 243768.72, "Total Cost": 253328.1, "Plan Rows": 5727, "Plan Width": 185, "Actual Startup Time": 2794.656, "Actual Total Time": 2961.891, "Actual Rows": 114399, "Actual Loops": 1, "Output": ["customer.c_custkey", "customer.c_name", "customer.c_acctbal", "nation.n_name", "customer.c_address", "customer.c_phone", "customer.c_comment", "lineitem.l_extendedprice", "lineitem.l_discount"], "Inner Unique": true, "Hash Cond": "(customer.c_nationkey = nation.n_nationkey)", "Plans": [{"Node Type": "Hash Join", "Parent Relationship": "Outer", "Parallel Aware": false, "Join Type": "Inner", "Startup Cost": 243747.25, "Total Cost": 253155.03, "Plan Rows": 57278, "Plan Width": 160, "Actual Startup Time": 2794.63, "Actual Total Time": 2939.46, "Actual Rows": 114399, "Actual Loops": 1, "Output": ["customer.c_custkey", "customer.c_name", "customer.c_acctbal", "customer.c_address", "customer.c_phone", "customer.c_comment", "customer.c_nationkey", "lineitem.l_extendedprice", "lineitem.l_discount"], "Inner Unique": false, "Hash Cond": "(customer.c_custkey = orders.o_custkey)", "Plans": [{"Node Type": "Seq Scan", "Parent Relationship": "Outer", "Parallel Aware": false, "Relation Name": "customer", "Schema": "public", "Alias": "customer", "Startup Cost": 0.0, "Total Cost": 5085.0, "Plan Rows": 150000, "Plan Width": 148, "Actual Startup Time": 0.005, "Actual Total Time": 21.866, "Actual Rows": 150000, "Actual Loops": 1, "Output": ["customer.c_custkey", "customer.c_name", "customer.c_address", "customer.c_nationkey", "customer.c_phone", "customer.c_acctbal", "customer.c_mktsegment", "customer.c_comment"]}, {"Node Type": "Hash", "Parent Relationship": "Inner", "Parallel Aware": false, "Startup Cost": 243031.27, "Total Cost": 243031.27, "Plan Rows": 57278, "Plan Width": 16, "Actual Startup Time": 2794.429, "Actual Total Time": 2794.435, "Actual Rows": 114399, "Actual Loops": 1, "Output": ["orders.o_custkey", "lineitem.l_extendedprice", "lineitem.l_discount"], "Hash Buckets": 131072, "Original Hash Buckets": 65536, "Hash Batches": 2, "Original Hash Batches": 1, "Peak Memory Usage": 3784, "Plans": [{"Node Type": "Hash Join", "Parent Relationship": "Outer", "Parallel Aware": false, "Join Type": "Inner", "Startup Cost": 49310.71, "Total Cost": 243031.27, "Plan Rows": 57278, "Plan Width": 16, "Actual Startup Time": 345.561, "Actual Total Time": 2748.726, "Actual Rows": 114399, "Actual Loops": 1, "Output": ["orders.o_custkey", "lineitem.l_extendedprice", "lineitem.l_discount"], "Inner Unique": false, "Hash Cond": "(lineitem.l_orderkey = orders.o_orderkey)", "Plans": [{"Node Type": "Seq Scan", "Parent Relationship": "Outer", "Parallel Aware": false, "Relation Name": "lineitem", "Schema": "public", "Alias": "lineitem", "Startup Cost": 0.0, "Total Cost": 187520.7, "Plan Rows": 1500554, "Plan Width": 16, "Actual Startup Time": 0.007, "Actual Total Time": 1973.327, "Actual Rows": 1478870, "Actual Loops": 1, "Output": ["lineitem.l_orderkey", "lineitem.l_partkey", "lineitem.l_suppkey", "lineitem.l_linenumber", "lineitem.l_quantity", "lineitem.l_extendedprice", "lineitem.l_discount", "lineitem.l_tax", "lineitem.l_returnflag", "lineitem.l_linestatus", "lineitem.l_shipdate", "lineitem.l_commitdate", "lineitem.l_receiptdate", "lineitem.l_shipinstruct", "lineitem.l_shipmode", "lineitem.l_comment"], "Filter": "(lineitem.l_returnflag = 'R'::bpchar)", "Rows Removed by Filter": 4522345}, {"Node Type": "Hash", "Parent Relationship": "Inner", "Parallel Aware": false, "Startup Cost": 48595.0, "Total Cost": 48595.0, "Plan Rows": 57257, "Plan Width": 8, "Actual Startup Time": 345.321, "Actual Total Time": 345.322, "Actual Rows": 57207, "Actual Loops": 1, "Output": ["orders.o_custkey", "orders.o_orderkey"], "Hash Buckets": 65536, "Original Hash Buckets": 65536, "Hash Batches": 1, "Original Hash Batches": 1, "Peak Memory Usage": 2747, "Plans": [{"Node Type": "Seq Scan", "Parent Relationship": "Outer", "Parallel Aware": false, "Relation Name": "orders", "Schema": "public", "Alias": "orders", "Startup Cost": 0.0, "Total Cost": 48595.0, "Plan Rows": 57257, "Plan Width": 8, "Actual Startup Time": 0.01, "Actual Total Time": 309.67, "Actual Rows": 57207, "Actual Loops": 1, "Output": ["orders.o_custkey", "orders.o_orderkey"], "Filter": "((orders.o_orderdate >= '1994-10-05'::date) AND (orders.o_orderdate < '1995-01-05 00:00:00'::timestamp without time zone))", "Rows Removed by Filter": 1442793}]}]}]}]}, {"Node Type": "Hash", "Parent Relationship": "Inner", "Parallel Aware": false, "Startup Cost": 15.1, "Total Cost": 15.1, "Plan Rows": 510, "Plan Width": 33, "Actual Startup Time": 0.008, "Actual Total Time": 0.008, "Actual Rows": 25, "Actual Loops": 1, "Output": ["nation.n_name", "nation.n_nationkey"], "Hash Buckets": 1024, "Original Hash Buckets": 1024, "Hash Batches": 1, "Original Hash Batches": 1, "Peak Memory Usage": 10, "Plans": [{"Node Type": "Seq Scan", "Parent Relationship": "Outer", "Parallel Aware": false, "Relation Name": "nation", "Schema": "public", "Alias": "nation", "Startup Cost": 0.0, "Total Cost": 15.1, "Plan Rows": 510, "Plan Width": 33, "Actual Startup Time": 0.003, "Actual Total Time": 0.004, "Actual Rows": 25, "Actual Loops": 1, "Output": ["nation.n_name", "nation.n_nationkey"]}]}]}]}]}]}, "Planning Time": 2.421, "Triggers": [], "Execution Time": 3206.733}]
q6#####[{"Plan": {"Node Type": "Sort", "Parallel Aware": false, "Startup Cost": 250747.58, "Total Cost": 250747.63, "Plan Rows": 20, "Plan Width": 61, "Actual Startup Time": 3103.337, "Actual Total Time": 3103.369, "Actual Rows": 5, "Actual Loops": 1, "Output": ["nation.n_name", "(sum((lineitem.l_extendedprice * ('1'::numeric - lineitem.l_discount))))"], "Sort Key": ["(sum((lineitem.l_extendedprice * ('1'::numeric - lineitem.l_discount)))) DESC"], "Sort Method": "quicksort", "Sort Space Used": 25, "Sort Space Type": "Memory", "Plans": [{"Node Type": "Aggregate", "Strategy": "Sorted", "Partial Mode": "Simple", "Parent Relationship": "Outer", "Parallel Aware": false, "Startup Cost": 250746.65, "Total Cost": 250747.15, "Plan Rows": 20, "Plan Width": 61, "Actual Startup Time": 3102.053, "Actual Total Time": 3103.335, "Actual Rows": 5, "Actual Loops": 1, "Output": ["nation.n_name", "sum((lineitem.l_extendedprice * ('1'::numeric - lineitem.l_discount)))"], "Group Key": ["nation.n_name"], "Plans": [{"Node Type": "Sort", "Parent Relationship": "Outer", "Parallel Aware": false, "Startup Cost": 250746.65, "Total Cost": 250746.7, "Plan Rows": 20, "Plan Width": 41, "Actual Startup Time": 3101.709, "Actual Total Time": 3102.031, "Actual Rows": 7380, "Actual Loops": 1, "Output": ["nation.n_name", "lineitem.l_extendedprice", "lineitem.l_discount"], "Sort Key": ["nation.n_name"], "Sort Method": "quicksort", "Sort Space Used": 769, "Sort Space Type": "Memory", "Plans": [{"Node Type": "Hash Join", "Parent Relationship": "Outer", "Parallel Aware": false, "Join Type": "Inner", "Startup Cost": 55631.66, "Total Cost": 250746.22, "Plan Rows": 20, "Plan Width": 41, "Actual Startup Time": 494.211, "Actual Total Time": 3095.297, "Actual Rows": 7380, "Actual Loops": 1, "Output": ["nation.n_name", "lineitem.l_extendedprice", "lineitem.l_discount"], "Inner Unique": false, "Hash Cond": "((lineitem.l_suppkey = supplier.s_suppkey) AND (customer.c_nationkey = supplier.s_nationkey))", "Plans": [{"Node Type": "Hash Join", "Parent Relationship": "Outer", "Parallel Aware": false, "Join Type": "Inner", "Startup Cost": 55159.66, "Total Cost": 250233.58, "Plan Rows": 5143, "Plan Width": 53, "Actual Startup Time": 489.979, "Actual Total Time": 3016.415, "Actual Rows": 185392, "Actual Loops": 1, "Output": ["customer.c_nationkey", "lineitem.l_extendedprice", "lineitem.l_discount", "lineitem.l_suppkey", "nation.n_name", "nation.n_nationkey"], "Inner Unique": false, "Hash Cond": "(lineitem.l_orderkey = orders.o_orderkey)", "Plans": [{"Node Type": "Seq Scan", "Parent Relationship": "Outer", "Parallel Aware": false, "Relation Name": "lineitem", "Schema": "public", "Alias": "lineitem", "Startup Cost": 0.0, "Total Cost": 172517.16, "Plan Rows": 6001416, "Plan Width": 20, "Actual Startup Time": 0.01, "Actual Total Time": 1539.434, "Actual Rows": 6001215, "Actual Loops": 1, "Output": ["lineitem.l_orderkey", "lineitem.l_partkey", "lineitem.l_suppkey", "lineitem.l_linenumber", "lineitem.l_quantity", "lineitem.l_extendedprice", "lineitem.l_discount", "lineitem.l_tax", "lineitem.l_returnflag", "lineitem.l_linestatus", "lineitem.l_shipdate", "lineitem.l_commitdate", "lineitem.l_receiptdate", "lineitem.l_shipinstruct", "lineitem.l_shipmode", "lineitem.l_comment"]}, {"Node Type": "Hash", "Parent Relationship": "Inner", "Parallel Aware": false, "Startup Cost": 55143.59, "Total Cost": 55143.59, "Plan Rows": 1286, "Plan Width": 41, "Actual Startup Time": 489.931, "Actual Total Time": 489.961, "Actual Rows": 46468, "Actual Loops": 1, "Output": ["customer.c_nationkey", "orders.o_orderkey", "nation.n_name", "nation.n_nationkey"], "Hash Buckets": 65536, "Original Hash Buckets": 2048, "Hash Batches": 1, "Original Hash Batches": 1, "Peak Memory Usage": 2942, "Plans": [{"Node Type": "Hash Join", "Parent Relationship": "Outer", "Parallel Aware": false, "Join Type": "Inner", "Startup Cost": 5700.16, "Total Cost": 55143.59, "Plan Rows": 1286, "Plan Width": 41, "Actual Startup Time": 85.487, "Actual Total Time": 475.093, "Actual Rows": 46468, "Actual Loops": 1, "Output": ["customer.c_nationkey", "orders.o_orderkey", "nation.n_name", "nation.n_nationkey"], "Inner Unique": false, "Hash Cond": "(orders.o_custkey = customer.c_custkey)", "Plans": [{"Node Type": "Seq Scan", "Parent Relationship": "Outer", "Parallel Aware": false, "Relation Name": "orders", "Schema": "public", "Alias": "orders", "Startup Cost": 0.0, "Total Cost": 48595.0, "Plan Rows": 222822, "Plan Width": 8, "Actual Startup Time": 0.016, "Actual Total Time": 308.386, "Actual Rows": 228464, "Actual Loops": 1, "Output": ["orders.o_orderkey", "orders.o_custkey", "orders.o_orderstatus", "orders.o_totalprice", "orders.o_orderdate", "orders.o_orderpriority", "orders.o_clerk", "orders.o_shippriority", "orders.o_comment"], "Filter": "((orders.o_orderdate >= '1996-01-10'::date) AND (orders.o_orderdate < '1997-01-10 00:00:00'::timestamp without time zone))", "Rows Removed by Filter": 1271536}, {"Node Type": "Hash", "Parent Relationship": "Inner", "Parallel Aware": false, "Startup Cost": 5689.34, "Total Cost": 5689.34, "Plan Rows": 865, "Plan Width": 41, "Actual Startup Time": 85.442, "Actual Total Time": 85.457, "Actual Rows": 30197, "Actual Loops": 1, "Output": ["customer.c_custkey", "customer.c_nationkey", "nation.n_name", "nation.n_nationkey"], "Hash Buckets": 32768, "Original Hash Buckets": 1024, "Hash Batches": 1, "Original Hash Batches": 1, "Peak Memory Usage": 1837, "Plans": [{"Node Type": "Hash Join", "Parent Relationship": "Outer", "Parallel Aware": false, "Join Type": "Inner", "Startup Cost": 33.02, "Total Cost": 5689.34, "Plan Rows": 865, "Plan Width": 41, "Actual Startup Time": 4.779, "Actual Total Time": 69.773, "Actual Rows": 30197, "Actual Loops": 1, "Output": ["customer.c_custkey", "customer.c_nationkey", "nation.n_name", "nation.n_nationkey"], "Inner Unique": false, "Hash Cond": "(customer.c_nationkey = nation.n_nationkey)", "Plans": [{"Node Type": "Seq Scan", "Parent Relationship": "Outer", "Parallel Aware": false, "Relation Name": "customer", "Schema": "public", "Alias": "customer", "Startup Cost": 0.0, "Total Cost": 5085.0, "Plan Rows": 150000, "Plan Width": 8, "Actual Startup Time": 0.128, "Actual Total Time": 20.875, "Actual Rows": 150000, "Actual Loops": 1, "Output": ["customer.c_custkey", "customer.c_name", "customer.c_address", "customer.c_nationkey", "customer.c_phone", "customer.c_acctbal", "customer.c_mktsegment", "customer.c_comment"]}, {"Node Type": "Hash", "Parent Relationship": "Inner", "Parallel Aware": false, "Startup Cost": 32.99, "Total Cost": 32.99, "Plan Rows": 3, "Plan Width": 33, "Actual Startup Time": 4.635, "Actual Total Time": 4.638, "Actual Rows": 5, "Actual Loops": 1, "Output": ["nation.n_name", "nation.n_nationkey"], "Hash Buckets": 1024, "Original Hash Buckets": 1024, "Hash Batches": 1, "Original Hash Batches": 1, "Peak Memory Usage": 9, "Plans": [{"Node Type": "Hash Join", "Parent Relationship": "Outer", "Parallel Aware": false, "Join Type": "Inner", "Startup Cost": 16.54, "Total Cost": 32.99, "Plan Rows": 3, "Plan Width": 33, "Actual Startup Time": 4.613, "Actual Total Time": 4.623, "Actual Rows": 5, "Actual Loops": 1, "Output": ["nation.n_name", "nation.n_nationkey"], "Inner Unique": true, "Hash Cond": "(nation.n_regionkey = region.r_regionkey)", "Plans": [{"Node Type": "Seq Scan", "Parent Relationship": "Outer", "Parallel Aware": false, "Relation Name": "nation", "Schema": "public", "Alias": "nation", "Startup Cost": 0.0, "Total Cost": 15.1, "Plan Rows": 510, "Plan Width": 37, "Actual Startup Time": 0.005, "Actual Total Time": 0.009, "Actual Rows": 25, "Actual Loops": 1, "Output": ["nation.n_nationkey", "nation.n_name", "nation.n_regionkey", "nation.n_comment"]}, {"Node Type": "Hash", "Parent Relationship": "Inner", "Parallel Aware": false, "Startup Cost": 16.5, "Total Cost": 16.5, "Plan Rows": 3, "Plan Width": 4, "Actual Startup Time": 4.587, "Actual Total Time": 4.587, "Actual Rows": 1, "Actual Loops": 1, "Output": ["region.r_regionkey"], "Hash Buckets": 1024, "Original Hash Buckets": 1024, "Hash Batches": 1, "Original Hash Batches": 1, "Peak Memory Usage": 9, "Plans": [{"Node Type": "Seq Scan", "Parent Relationship": "Outer", "Parallel Aware": false, "Relation Name": "region", "Schema": "public", "Alias": "region", "Startup Cost": 0.0, "Total Cost": 16.5, "Plan Rows": 3, "Plan Width": 4, "Actual Startup Time": 4.577, "Actual Total Time": 4.578, "Actual Rows": 1, "Actual Loops": 1, "Output": ["region.r_regionkey"], "Filter": "((region.r_name)::text = 'EUROPE'::text)", "Rows Removed by Filter": 4}]}]}]}]}]}]}]}]}, {"Node Type": "Hash", "Parent Relationship": "Inner", "Parallel Aware": false, "Startup Cost": 322.0, "Total Cost": 322.0, "Plan Rows": 10000, "Plan Width": 8, "Actual Startup Time": 3.297, "Actual Total Time": 3.298, "Actual Rows": 10000, "Actual Loops": 1, "Output": ["supplier.s_suppkey", "supplier.s_nationkey"], "Hash Buckets": 16384, "Original Hash Buckets": 16384, "Hash Batches": 1, "Original Hash Batches": 1, "Peak Memory Usage": 519, "Plans": [{"Node Type": "Seq Scan", "Parent Relationship": "Outer", "Parallel Aware": false, "Relation Name": "supplier", "Schema": "public", "Alias": "supplier", "Startup Cost": 0.0, "Total Cost": 322.0, "Plan Rows": 10000, "Plan Width": 8, "Actual Startup Time": 0.004, "Actual Total Time": 1.816, "Actual Rows": 10000, "Actual Loops": 1, "Output": ["supplier.s_suppkey", "supplier.s_nationkey"]}]}]}]}]}]}, "Planning Time": 3.212, "Triggers": [], "Execution Time": 3103.717}]
q7#####[{"Plan": {"Node Type": "Aggregate", "Strategy": "Sorted", "Partial Mode": "Simple", "Parallel Aware": false, "Startup Cost": 262633.16, "Total Cost": 262633.44, "Plan Rows": 8, "Plan Width": 98, "Actual Startup Time": 2831.995, "Actual Total Time": 2833.06, "Actual Rows": 4, "Actual Loops": 1, "Output": ["n1.n_name", "n2.n_name", "(date_part('year'::text, (lineitem.l_shipdate)::timestamp without time zone))", "sum((lineitem.l_extendedprice * ('1'::numeric - lineitem.l_discount)))"], "Group Key": ["n1.n_name", "n2.n_name", "(date_part('year'::text, (lineitem.l_shipdate)::timestamp without time zone))"], "Plans": [{"Node Type": "Sort", "Parent Relationship": "Outer", "Parallel Aware": false, "Startup Cost": 262633.16, "Total Cost": 262633.18, "Plan Rows": 8, "Plan Width": 78, "Actual Startup Time": 2831.614, "Actual Total Time": 2831.86, "Actual Rows": 6033, "Actual Loops": 1, "Output": ["n1.n_name", "n2.n_name", "(date_part('year'::text, (lineitem.l_shipdate)::timestamp without time zone))", "lineitem.l_extendedprice", "lineitem.l_discount"], "Sort Key": ["n1.n_name", "n2.n_name", "(date_part('year'::text, (lineitem.l_shipdate)::timestamp without time zone))"], "Sort Method": "quicksort", "Sort Space Used": 664, "Sort Space Type": "Memory", "Plans": [{"Node Type": "Hash Join", "Parent Relationship": "Outer", "Parallel Aware": false, "Join Type": "Inner", "Startup Cost": 52936.46, "Total Cost": 262633.04, "Plan Rows": 8, "Plan Width": 78, "Actual Startup Time": 786.32, "Actual Total Time": 2817.714, "Actual Rows": 6033, "Actual Loops": 1, "Output": ["n1.n_name", "n2.n_name", "date_part('year'::text, (lineitem.l_shipdate)::timestamp without time zone)", "lineitem.l_extendedprice", "lineitem.l_discount"], "Inner Unique": false, "Hash Cond": "(lineitem.l_orderkey = orders.o_orderkey)", "Join Filter": "((((n1.n_name)::text = 'EGYPT'::text) AND ((n2.n_name)::text = 'ALGERIA'::text)) OR (((n1.n_name)::text = 'ALGERIA'::text) AND ((n2.n_name)::text = 'EGYPT'::text)))", "Rows Removed by Join Filter": 6071, "Plans": [{"Node Type": "Hash Join", "Parent Relationship": "Outer", "Parallel Aware": false, "Join Type": "Inner", "Startup Cost": 367.41, "Total Cost": 209992.58, "Plan Rows": 18088, "Plan Width": 49, "Actual Startup Time": 1.391, "Actual Total Time": 1957.208, "Actual Rows": 153042, "Actual Loops": 1, "Output": ["lineitem.l_shipdate", "lineitem.l_extendedprice", "lineitem.l_discount", "lineitem.l_orderkey", "n1.n_name"], "Inner Unique": false, "Hash Cond": "(lineitem.l_suppkey = supplier.s_suppkey)", "Plans": [{"Node Type": "Seq Scan", "Parent Relationship": "Outer", "Parallel Aware": false, "Relation Name": "lineitem", "Schema": "public", "Alias": "lineitem", "Startup Cost": 0.0, "Total Cost": 202524.24, "Plan Rows": 1845366, "Plan Width": 24, "Actual Startup Time": 0.01, "Actual Total Time": 1690.343, "Actual Rows": 1828450, "Actual Loops": 1, "Output": ["lineitem.l_orderkey", "lineitem.l_partkey", "lineitem.l_suppkey", "lineitem.l_linenumber", "lineitem.l_quantity", "lineitem.l_extendedprice", "lineitem.l_discount", "lineitem.l_tax", "lineitem.l_returnflag", "lineitem.l_linestatus", "lineitem.l_shipdate", "lineitem.l_commitdate", "lineitem.l_receiptdate", "lineitem.l_shipinstruct", "lineitem.l_shipmode", "lineitem.l_comment"], "Filter": "((lineitem.l_shipdate >= '1995-01-01'::date) AND (lineitem.l_shipdate <= '1996-12-31'::date))", "Rows Removed by Filter": 4172765}, {"Node Type": "Hash", "Parent Relationship": "Inner", "Parallel Aware": false, "Startup Cost": 366.18, "Total Cost": 366.18, "Plan Rows": 98, "Plan Width": 33, "Actual Startup Time": 1.375, "Actual Total Time": 1.388, "Actual Rows": 835, "Actual Loops": 1, "Output": ["supplier.s_suppkey", "n1.n_name"], "Hash Buckets": 1024, "Original Hash Buckets": 1024, "Hash Batches": 1, "Original Hash Batches": 1, "Peak Memory Usage": 44, "Plans": [{"Node Type": "Hash Join", "Parent Relationship": "Outer", "Parallel Aware": false, "Join Type": "Inner", "Startup Cost": 17.71, "Total Cost": 366.18, "Plan Rows": 98, "Plan Width": 33, "Actual Startup Time": 0.02, "Actual Total Time": 1.31, "Actual Rows": 835, "Actual Loops": 1, "Output": ["supplier.s_suppkey", "n1.n_name"], "Inner Unique": true, "Hash Cond": "(supplier.s_nationkey = n1.n_nationkey)", "Plans": [{"Node Type": "Seq Scan", "Parent Relationship": "Outer", "Parallel Aware": false, "Relation Name": "supplier", "Schema": "public", "Alias": "supplier", "Startup Cost": 0.0, "Total Cost": 322.0, "Plan Rows": 10000, "Plan Width": 8, "Actual Startup Time": 0.006, "Actual Total Time": 0.454, "Actual Rows": 10000, "Actual Loops": 1, "Output": ["supplier.s_suppkey", "supplier.s_name", "supplier.s_address", "supplier.s_nationkey", "supplier.s_phone", "supplier.s_acctbal", "supplier.s_comment"]}, {"Node Type": "Hash", "Parent Relationship": "Inner", "Parallel Aware": false, "Startup Cost": 17.65, "Total Cost": 17.65, "Plan Rows": 5, "Plan Width": 33, "Actual Startup Time": 0.007, "Actual Total Time": 0.015, "Actual Rows": 2, "Actual Loops": 1, "Output": ["n1.n_name", "n1.n_nationkey"], "Hash Buckets": 1024, "Original Hash Buckets": 1024, "Hash Batches": 1, "Original Hash Batches": 1, "Peak Memory Usage": 9, "Plans": [{"Node Type": "Seq Scan", "Parent Relationship": "Outer", "Parallel Aware": false, "Relation Name": "nation", "Schema": "public", "Alias": "n1", "Startup Cost": 0.0, "Total Cost": 17.65, "Plan Rows": 5, "Plan Width": 33, "Actual Startup Time": 0.003, "Actual Total Time": 0.007, "Actual Rows": 2, "Actual Loops": 1, "Output": ["n1.n_name", "n1.n_nationkey"], "Filter": "(((n1.n_name)::text = 'EGYPT'::text) OR ((n1.n_name)::text = 'ALGERIA'::text))", "Rows Removed by Filter": 23}]}]}]}]}, {"Node Type": "Hash", "Parent Relationship": "Inner", "Parallel Aware": false, "Startup Cost": 52385.22, "Total Cost": 52385.22, "Plan Rows": 14706, "Plan Width": 33, "Actual Startup Time": 784.491, "Actual Total Time": 784.516, "Actual Rows": 118733, "Actual Loops": 1, "Output": ["orders.o_orderkey", "n2.n_name"], "Hash Buckets": 131072, "Original Hash Buckets": 16384, "Hash Batches": 2, "Original Hash Batches": 1, "Peak Memory Usage": 3513, "Plans": [{"Node Type": "Hash Join", "Parent Relationship": "Outer", "Parallel Aware": false, "Join Type": "Inner", "Startup Cost": 5518.12, "Total Cost": 52385.22, "Plan Rows": 14706, "Plan Width": 33, "Actual Startup Time": 39.955, "Actual Total Time": 740.855, "Actual Rows": 118733, "Actual Loops": 1, "Output": ["orders.o_orderkey", "n2.n_name"], "Inner Unique": false, "Hash Cond": "(orders.o_custkey = customer.c_custkey)", "Plans": [{"Node Type": "Seq Scan", "Parent Relationship": "Outer", "Parallel Aware": false, "Relation Name": "orders", "Schema": "public", "Alias": "orders", "Startup Cost": 0.0, "Total Cost": 41095.0, "Plan Rows": 1500000, "Plan Width": 8, "Actual Startup Time": 0.004, "Actual Total Time": 416.921, "Actual Rows": 1500000, "Actual Loops": 1, "Output": ["orders.o_orderkey", "orders.o_custkey", "orders.o_orderstatus", "orders.o_totalprice", "orders.o_orderdate", "orders.o_orderpriority", "orders.o_clerk", "orders.o_shippriority", "orders.o_comment"]}, {"Node Type": "Hash", "Parent Relationship": "Inner", "Parallel Aware": false, "Startup Cost": 5499.73, "Total Cost": 5499.73, "Plan Rows": 1471, "Plan Width": 33, "Actual Startup Time": 39.941, "Actual Total Time": 39.95, "Actual Rows": 11920, "Actual Loops": 1, "Output": ["customer.c_custkey", "n2.n_name"], "Hash Buckets": 16384, "Original Hash Buckets": 2048, "Hash Batches": 1, "Original Hash Batches": 1, "Peak Memory Usage": 629, "Plans": [{"Node Type": "Hash Join", "Parent Relationship": "Outer", "Parallel Aware": false, "Join Type": "Inner", "Startup Cost": 17.71, "Total Cost": 5499.73, "Plan Rows": 1471, "Plan Width": 33, "Actual Startup Time": 0.012, "Actual Total Time": 37.045, "Actual Rows": 11920, "Actual Loops": 1, "Output": ["customer.c_custkey", "n2.n_name"], "Inner Unique": true, "Hash Cond": "(customer.c_nationkey = n2.n_nationkey)", "Plans": [{"Node Type": "Seq Scan", "Parent Relationship": "Outer", "Parallel Aware": false, "Relation Name": "customer", "Schema": "public", "Alias": "customer", "Startup Cost": 0.0, "Total Cost": 5085.0, "Plan Rows": 150000, "Plan Width": 8, "Actual Startup Time": 0.001, "Actual Total Time": 13.809, "Actual Rows": 150000, "Actual Loops": 1, "Output": ["customer.c_custkey", "customer.c_name", "customer.c_address", "customer.c_nationkey", "customer.c_phone", "customer.c_acctbal", "customer.c_mktsegment", "customer.c_comment"]}, {"Node Type": "Hash", "Parent Relationship": "Inner", "Parallel Aware": false, "Startup Cost": 17.65, "Total Cost": 17.65, "Plan Rows": 5, "Plan Width": 33, "Actual Startup Time": 0.004, "Actual Total Time": 0.007, "Actual Rows": 2, "Actual Loops": 1, "Output": ["n2.n_name", "n2.n_nationkey"], "Hash Buckets": 1024, "Original Hash Buckets": 1024, "Hash Batches": 1, "Original Hash Batches": 1, "Peak Memory Usage": 9, "Plans": [{"Node Type": "Seq Scan", "Parent Relationship": "Outer", "Parallel Aware": false, "Relation Name": "nation", "Schema": "public", "Alias": "n2", "Startup Cost": 0.0, "Total Cost": 17.65, "Plan Rows": 5, "Plan Width": 33, "Actual Startup Time": 0.002, "Actual Total Time": 0.004, "Actual Rows": 2, "Actual Loops": 1, "Output": ["n2.n_name", "n2.n_nationkey"], "Filter": "(((n2.n_name)::text = 'ALGERIA'::text) OR ((n2.n_name)::text = 'EGYPT'::text))", "Rows Removed by Filter": 23}]}]}]}]}]}]}]}]}, "Planning Time": 6.583, "Triggers": [], "Execution Time": 2833.273}]
q8#####[{"Plan": {"Node Type": "Sort", "Parallel Aware": false, "Startup Cost": 250768.04, "Total Cost": 250768.09, "Plan Rows": 21, "Plan Width": 61, "Actual Startup Time": 2362.407, "Actual Total Time": 2362.464, "Actual Rows": 5, "Actual Loops": 1, "Output": ["nation.n_name", "(sum((lineitem.l_extendedprice * ('1'::numeric - lineitem.l_discount))))"], "Sort Key": ["(sum((lineitem.l_extendedprice * ('1'::numeric - lineitem.l_discount)))) DESC"], "Sort Method": "quicksort", "Sort Space Used": 25, "Sort Space Type": "Memory", "Plans": [{"Node Type": "Aggregate", "Strategy": "Sorted", "Partial Mode": "Simple", "Parent Relationship": "Outer", "Parallel Aware": false, "Startup Cost": 250767.05, "Total Cost": 250767.58, "Plan Rows": 21, "Plan Width": 61, "Actual Startup Time": 2359.848, "Actual Total Time": 2362.383, "Actual Rows": 5, "Actual Loops": 1, "Output": ["nation.n_name", "sum((lineitem.l_extendedprice * ('1'::numeric - lineitem.l_discount)))"], "Group Key": ["nation.n_name"], "Plans": [{"Node Type": "Sort", "Parent Relationship": "Outer", "Parallel Aware": false, "Startup Cost": 250767.05, "Total Cost": 250767.1, "Plan Rows": 21, "Plan Width": 41, "Actual Startup Time": 2359.035, "Actual Total Time": 2359.801, "Actual Rows": 7378, "Actual Loops": 1, "Output": ["nation.n_name", "lineitem.l_extendedprice", "lineitem.l_discount"], "Sort Key": ["nation.n_name"], "Sort Method": "quicksort", "Sort Space Used": 766, "Sort Space Type": "Memory", "Plans": [{"Node Type": "Hash Join", "Parent Relationship": "Outer", "Parallel Aware": false, "Join Type": "Inner", "Startup Cost": 55650.09, "Total Cost": 250766.59, "Plan Rows": 21, "Plan Width": 41, "Actual Startup Time": 553.44, "Actual Total Time": 2353.349, "Actual Rows": 7378, "Actual Loops": 1, "Output": ["nation.n_name", "lineitem.l_extendedprice", "lineitem.l_discount"], "Inner Unique": false, "Hash Cond": "((lineitem.l_suppkey = supplier.s_suppkey) AND (customer.c_nationkey = supplier.s_nationkey))", "Plans": [{"Node Type": "Hash Join", "Parent Relationship": "Outer", "Parallel Aware": false, "Join Type": "Inner", "Startup Cost": 55178.09, "Total Cost": 250253.09, "Plan Rows": 5253, "Plan Width": 53, "Actual Startup Time": 543.983, "Actual Total Time": 2289.314, "Actual Rows": 183585, "Actual Loops": 1, "Output": ["customer.c_nationkey", "lineitem.l_extendedprice", "lineitem.l_discount", "lineitem.l_suppkey", "nation.n_name", "nation.n_nationkey"], "Inner Unique": false, "Hash Cond": "(lineitem.l_orderkey = orders.o_orderkey)", "Plans": [{"Node Type": "Seq Scan", "Parent Relationship": "Outer", "Parallel Aware": false, "Relation Name": "lineitem", "Schema": "public", "Alias": "lineitem", "Startup Cost": 0.0, "Total Cost": 172517.16, "Plan Rows": 6001416, "Plan Width": 20, "Actual Startup Time": 0.01, "Actual Total Time": 1025.633, "Actual Rows": 6001215, "Actual Loops": 1, "Output": ["lineitem.l_orderkey", "lineitem.l_partkey", "lineitem.l_suppkey", "lineitem.l_linenumber", "lineitem.l_quantity", "lineitem.l_extendedprice", "lineitem.l_discount", "lineitem.l_tax", "lineitem.l_returnflag", "lineitem.l_linestatus", "lineitem.l_shipdate", "lineitem.l_commitdate", "lineitem.l_receiptdate", "lineitem.l_shipinstruct", "lineitem.l_shipmode", "lineitem.l_comment"]}, {"Node Type": "Hash", "Parent Relationship": "Inner", "Parallel Aware": false, "Startup Cost": 55161.68, "Total Cost": 55161.68, "Plan Rows": 1313, "Plan Width": 41, "Actual Startup Time": 543.899, "Actual Total Time": 543.941, "Actual Rows": 45731, "Actual Loops": 1, "Output": ["customer.c_nationkey", "orders.o_orderkey", "nation.n_name", "nation.n_nationkey"], "Hash Buckets": 65536, "Original Hash Buckets": 2048, "Hash Batches": 1, "Original Hash Batches": 1, "Peak Memory Usage": 2871, "Plans": [{"Node Type": "Hash Join", "Parent Relationship": "Outer", "Parallel Aware": false, "Join Type": "Inner", "Startup Cost": 5700.16, "Total Cost": 55161.68, "Plan Rows": 1313, "Plan Width": 41, "Actual Startup Time": 49.123, "Actual Total Time": 523.29, "Actual Rows": 45731, "Actual Loops": 1, "Output": ["customer.c_nationkey", "orders.o_orderkey", "nation.n_name", "nation.n_nationkey"], "Inner Unique": false, "Hash Cond": "(orders.o_custkey = customer.c_custkey)", "Plans": [{"Node Type": "Seq Scan", "Parent Relationship": "Outer", "Parallel Aware": false, "Relation Name": "orders", "Schema": "public", "Alias": "orders", "Startup Cost": 0.0, "Total Cost": 48595.0, "Plan Rows": 227574, "Plan Width": 8, "Actual Startup Time": 0.009, "Actual Total Time": 388.221, "Actual Rows": 228637, "Actual Loops": 1, "Output": ["orders.o_orderkey", "orders.o_custkey", "orders.o_orderstatus", "orders.o_totalprice", "orders.o_orderdate", "orders.o_orderpriority", "orders.o_clerk", "orders.o_shippriority", "orders.o_comment"], "Filter": "((orders.o_orderdate >= '1995-01-01'::date) AND (orders.o_orderdate < '1996-01-01 00:00:00'::timestamp without time zone))", "Rows Removed by Filter": 1271363}, {"Node Type": "Hash", "Parent Relationship": "Inner", "Parallel Aware": false, "Startup Cost": 5689.34, "Total Cost": 5689.34, "Plan Rows": 865, "Plan Width": 41, "Actual Startup Time": 49.038, "Actual Total Time": 49.069, "Actual Rows": 30183, "Actual Loops": 1, "Output": ["customer.c_custkey", "customer.c_nationkey", "nation.n_name", "nation.n_nationkey"], "Hash Buckets": 32768, "Original Hash Buckets": 1024, "Hash Batches": 1, "Original Hash Batches": 1, "Peak Memory Usage": 1813, "Plans": [{"Node Type": "Hash Join", "Parent Relationship": "Outer", "Parallel Aware": false, "Join Type": "Inner", "Startup Cost": 33.02, "Total Cost": 5689.34, "Plan Rows": 865, "Plan Width": 41, "Actual Startup Time": 0.043, "Actual Total Time": 42.167, "Actual Rows": 30183, "Actual Loops": 1, "Output": ["customer.c_custkey", "customer.c_nationkey", "nation.n_name", "nation.n_nationkey"], "Inner Unique": false, "Hash Cond": "(customer.c_nationkey = nation.n_nationkey)", "Plans": [{"Node Type": "Seq Scan", "Parent Relationship": "Outer", "Parallel Aware": false, "Relation Name": "customer", "Schema": "public", "Alias": "customer", "Startup Cost": 0.0, "Total Cost": 5085.0, "Plan Rows": 150000, "Plan Width": 8, "Actual Startup Time": 0.003, "Actual Total Time": 11.666, "Actual Rows": 150000, "Actual Loops": 1, "Output": ["customer.c_custkey", "customer.c_name", "customer.c_address", "customer.c_nationkey", "customer.c_phone", "customer.c_acctbal", "customer.c_mktsegment", "customer.c_comment"]}, {"Node Type": "Hash", "Parent Relationship": "Inner", "Parallel Aware": false, "Startup Cost": 32.99, "Total Cost": 32.99, "Plan Rows": 3, "Plan Width": 33, "Actual Startup Time": 0.031, "Actual Total Time": 0.045, "Actual Rows": 5, "Actual Loops": 1, "Output": ["nation.n_name", "nation.n_nationkey"], "Hash Buckets": 1024, "Original Hash Buckets": 1024, "Hash Batches": 1, "Original Hash Batches": 1, "Peak Memory Usage": 9, "Plans": [{"Node Type": "Hash Join", "Parent Relationship": "Outer", "Parallel Aware": false, "Join Type": "Inner", "Startup Cost": 16.54, "Total Cost": 32.99, "Plan Rows": 3, "Plan Width": 33, "Actual Startup Time": 0.028, "Actual Total Time": 0.041, "Actual Rows": 5, "Actual Loops": 1, "Output": ["nation.n_name", "nation.n_nationkey"], "Inner Unique": true, "Hash Cond": "(nation.n_regionkey = region.r_regionkey)", "Plans": [{"Node Type": "Seq Scan", "Parent Relationship": "Outer", "Parallel Aware": false, "Relation Name": "nation", "Schema": "public", "Alias": "nation", "Startup Cost": 0.0, "Total Cost": 15.1, "Plan Rows": 510, "Plan Width": 37, "Actual Startup Time": 0.003, "Actual Total Time": 0.004, "Actual Rows": 25, "Actual Loops": 1, "Output": ["nation.n_nationkey", "nation.n_name", "nation.n_regionkey", "nation.n_comment"]}, {"Node Type": "Hash", "Parent Relationship": "Inner", "Parallel Aware": false, "Startup Cost": 16.5, "Total Cost": 16.5, "Plan Rows": 3, "Plan Width": 4, "Actual Startup Time": 0.018, "Actual Total Time": 0.021, "Actual Rows": 1, "Actual Loops": 1, "Output": ["region.r_regionkey"], "Hash Buckets": 1024, "Original Hash Buckets": 1024, "Hash Batches": 1, "Original Hash Batches": 1, "Peak Memory Usage": 9, "Plans": [{"Node Type": "Seq Scan", "Parent Relationship": "Outer", "Parallel Aware": false, "Relation Name": "region", "Schema": "public", "Alias": "region", "Startup Cost": 0.0, "Total Cost": 16.5, "Plan Rows": 3, "Plan Width": 4, "Actual Startup Time": 0.015, "Actual Total Time": 0.016, "Actual Rows": 1, "Actual Loops": 1, "Output": ["region.r_regionkey"], "Filter": "((region.r_name)::text = 'ASIA'::text)", "Rows Removed by Filter": 4}]}]}]}]}]}]}]}]}, {"Node Type": "Hash", "Parent Relationship": "Inner", "Parallel Aware": false, "Startup Cost": 322.0, "Total Cost": 322.0, "Plan Rows": 10000, "Plan Width": 8, "Actual Startup Time": 9.141, "Actual Total Time": 9.141, "Actual Rows": 10000, "Actual Loops": 1, "Output": ["supplier.s_suppkey", "supplier.s_nationkey"], "Hash Buckets": 16384, "Original Hash Buckets": 16384, "Hash Batches": 1, "Original Hash Batches": 1, "Peak Memory Usage": 519, "Plans": [{"Node Type": "Seq Scan", "Parent Relationship": "Outer", "Parallel Aware": false, "Relation Name": "supplier", "Schema": "public", "Alias": "supplier", "Startup Cost": 0.0, "Total Cost": 322.0, "Plan Rows": 10000, "Plan Width": 8, "Actual Startup Time": 1.789, "Actual Total Time": 7.206, "Actual Rows": 10000, "Actual Loops": 1, "Output": ["supplier.s_suppkey", "supplier.s_nationkey"]}]}]}]}]}]}, "Planning Time": 3.458, "Triggers": [], "Execution Time": 2362.938}]
q10#####[{"Plan": {"Node Type": "Aggregate", "Strategy": "Sorted", "Partial Mode": "Simple", "Parallel Aware": false, "Startup Cost": 262633.16, "Total Cost": 262633.44, "Plan Rows": 8, "Plan Width": 98, "Actual Startup Time": 2314.868, "Actual Total Time": 2317.703, "Actual Rows": 4, "Actual Loops": 1, "Output": ["n1.n_name", "n2.n_name", "(date_part('year'::text, (lineitem.l_shipdate)::timestamp without time zone))", "sum((lineitem.l_extendedprice * ('1'::numeric - lineitem.l_discount)))"], "Group Key": ["n1.n_name", "n2.n_name", "(date_part('year'::text, (lineitem.l_shipdate)::timestamp without time zone))"], "Plans": [{"Node Type": "Sort", "Parent Relationship": "Outer", "Parallel Aware": false, "Startup Cost": 262633.16, "Total Cost": 262633.18, "Plan Rows": 8, "Plan Width": 78, "Actual Startup Time": 2314.414, "Actual Total Time": 2314.736, "Actual Rows": 6012, "Actual Loops": 1, "Output": ["n1.n_name", "n2.n_name", "(date_part('year'::text, (lineitem.l_shipdate)::timestamp without time zone))", "lineitem.l_extendedprice", "lineitem.l_discount"], "Sort Key": ["n1.n_name", "n2.n_name", "(date_part('year'::text, (lineitem.l_shipdate)::timestamp without time zone))"], "Sort Method": "quicksort", "Sort Space Used": 662, "Sort Space Type": "Memory", "Plans": [{"Node Type": "Hash Join", "Parent Relationship": "Outer", "Parallel Aware": false, "Join Type": "Inner", "Startup Cost": 52936.46, "Total Cost": 262633.04, "Plan Rows": 8, "Plan Width": 78, "Actual Startup Time": 394.003, "Actual Total Time": 2288.556, "Actual Rows": 6012, "Actual Loops": 1, "Output": ["n1.n_name", "n2.n_name", "date_part('year'::text, (lineitem.l_shipdate)::timestamp without time zone)", "lineitem.l_extendedprice", "lineitem.l_discount"], "Inner Unique": false, "Hash Cond": "(lineitem.l_orderkey = orders.o_orderkey)", "Join Filter": "((((n1.n_name)::text = 'BRAZIL'::text) AND ((n2.n_name)::text = 'CANADA'::text)) OR (((n1.n_name)::text = 'CANADA'::text) AND ((n2.n_name)::text = 'BRAZIL'::text)))", "Rows Removed by Join Filter": 5916, "Plans": [{"Node Type": "Hash Join", "Parent Relationship": "Outer", "Parallel Aware": false, "Join Type": "Inner", "Startup Cost": 367.41, "Total Cost": 209992.58, "Plan Rows": 18088, "Plan Width": 49, "Actual Startup Time": 1.266, "Actual Total Time": 1793.492, "Actual Rows": 148122, "Actual Loops": 1, "Output": ["lineitem.l_shipdate", "lineitem.l_extendedprice", "lineitem.l_discount", "lineitem.l_orderkey", "n1.n_name"], "Inner Unique": false, "Hash Cond": "(lineitem.l_suppkey = supplier.s_suppkey)", "Plans": [{"Node Type": "Seq Scan", "Parent Relationship": "Outer", "Parallel Aware": false, "Relation Name": "lineitem", "Schema": "public", "Alias": "lineitem", "Startup Cost": 0.0, "Total Cost": 202524.24, "Plan Rows": 1845366, "Plan Width": 24, "Actual Startup Time": 0.011, "Actual Total Time": 1596.953, "Actual Rows": 1828450, "Actual Loops": 1, "Output": ["lineitem.l_orderkey", "lineitem.l_partkey", "lineitem.l_suppkey", "lineitem.l_linenumber", "lineitem.l_quantity", "lineitem.l_extendedprice", "lineitem.l_discount", "lineitem.l_tax", "lineitem.l_returnflag", "lineitem.l_linestatus", "lineitem.l_shipdate", "lineitem.l_commitdate", "lineitem.l_receiptdate", "lineitem.l_shipinstruct", "lineitem.l_shipmode", "lineitem.l_comment"], "Filter": "((lineitem.l_shipdate >= '1995-01-01'::date) AND (lineitem.l_shipdate <= '1996-12-31'::date))", "Rows Removed by Filter": 4172765}, {"Node Type": "Hash", "Parent Relationship": "Inner", "Parallel Aware": false, "Startup Cost": 366.18, "Total Cost": 366.18, "Plan Rows": 98, "Plan Width": 33, "Actual Startup Time": 1.246, "Actual Total Time": 1.258, "Actual Rows": 809, "Actual Loops": 1, "Output": ["supplier.s_suppkey", "n1.n_name"], "Hash Buckets": 1024, "Original Hash Buckets": 1024, "Hash Batches": 1, "Original Hash Batches": 1, "Peak Memory Usage": 42, "Plans": [{"Node Type": "Hash Join", "Parent Relationship": "Outer", "Parallel Aware": false, "Join Type": "Inner", "Startup Cost": 17.71, "Total Cost": 366.18, "Plan Rows": 98, "Plan Width": 33, "Actual Startup Time": 0.015, "Actual Total Time": 1.186, "Actual Rows": 809, "Actual Loops": 1, "Output": ["supplier.s_suppkey", "n1.n_name"], "Inner Unique": true, "Hash Cond": "(supplier.s_nationkey = n1.n_nationkey)", "Plans": [{"Node Type": "Seq Scan", "Parent Relationship": "Outer", "Parallel Aware": false, "Relation Name": "supplier", "Schema": "public", "Alias": "supplier", "Startup Cost": 0.0, "Total Cost": 322.0, "Plan Rows": 10000, "Plan Width": 8, "Actual Startup Time": 0.003, "Actual Total Time": 0.441, "Actual Rows": 10000, "Actual Loops": 1, "Output": ["supplier.s_suppkey", "supplier.s_name", "supplier.s_address", "supplier.s_nationkey", "supplier.s_phone", "supplier.s_acctbal", "supplier.s_comment"]}, {"Node Type": "Hash", "Parent Relationship": "Inner", "Parallel Aware": false, "Startup Cost": 17.65, "Total Cost": 17.65, "Plan Rows": 5, "Plan Width": 33, "Actual Startup Time": 0.005, "Actual Total Time": 0.012, "Actual Rows": 2, "Actual Loops": 1, "Output": ["n1.n_name", "n1.n_nationkey"], "Hash Buckets": 1024, "Original Hash Buckets": 1024, "Hash Batches": 1, "Original Hash Batches": 1, "Peak Memory Usage": 9, "Plans": [{"Node Type": "Seq Scan", "Parent Relationship": "Outer", "Parallel Aware": false, "Relation Name": "nation", "Schema": "public", "Alias": "n1", "Startup Cost": 0.0, "Total Cost": 17.65, "Plan Rows": 5, "Plan Width": 33, "Actual Startup Time": 0.003, "Actual Total Time": 0.006, "Actual Rows": 2, "Actual Loops": 1, "Output": ["n1.n_name", "n1.n_nationkey"], "Filter": "(((n1.n_name)::text = 'BRAZIL'::text) OR ((n1.n_name)::text = 'CANADA'::text))", "Rows Removed by Filter": 23}]}]}]}]}, {"Node Type": "Hash", "Parent Relationship": "Inner", "Parallel Aware": false, "Startup Cost": 52385.22, "Total Cost": 52385.22, "Plan Rows": 14706, "Plan Width": 33, "Actual Startup Time": 392.206, "Actual Total Time": 392.237, "Actual Rows": 120617, "Actual Loops": 1, "Output": ["orders.o_orderkey", "n2.n_name"], "Hash Buckets": 131072, "Original Hash Buckets": 16384, "Hash Batches": 2, "Original Hash Batches": 1, "Peak Memory Usage": 3553, "Plans": [{"Node Type": "Hash Join", "Parent Relationship": "Outer", "Parallel Aware": false, "Join Type": "Inner", "Startup Cost": 5518.12, "Total Cost": 52385.22, "Plan Rows": 14706, "Plan Width": 33, "Actual Startup Time": 20.505, "Actual Total Time": 369.418, "Actual Rows": 120617, "Actual Loops": 1, "Output": ["orders.o_orderkey", "n2.n_name"], "Inner Unique": false, "Hash Cond": "(orders.o_custkey = customer.c_custkey)", "Plans": [{"Node Type": "Seq Scan", "Parent Relationship": "Outer", "Parallel Aware": false, "Relation Name": "orders", "Schema": "public", "Alias": "orders", "Startup Cost": 0.0, "Total Cost": 41095.0, "Plan Rows": 1500000, "Plan Width": 8, "Actual Startup Time": 0.007, "Actual Total Time": 193.334, "Actual Rows": 1500000, "Actual Loops": 1, "Output": ["orders.o_orderkey", "orders.o_custkey", "orders.o_orderstatus", "orders.o_totalprice", "orders.o_orderdate", "orders.o_orderpriority", "orders.o_clerk", "orders.o_shippriority", "orders.o_comment"]}, {"Node Type": "Hash", "Parent Relationship": "Inner", "Parallel Aware": false, "Startup Cost": 5499.73, "Total Cost": 5499.73, "Plan Rows": 1471, "Plan Width": 33, "Actual Startup Time": 20.492, "Actual Total Time": 20.511, "Actual Rows": 12019, "Actual Loops": 1, "Output": ["customer.c_custkey", "n2.n_name"], "Hash Buckets": 16384, "Original Hash Buckets": 2048, "Hash Batches": 1, "Original Hash Batches": 1, "Peak Memory Usage": 633, "Plans": [{"Node Type": "Hash Join", "Parent Relationship": "Outer", "Parallel Aware": false, "Join Type": "Inner", "Startup Cost": 17.71, "Total Cost": 5499.73, "Plan Rows": 1471, "Plan Width": 33, "Actual Startup Time": 0.012, "Actual Total Time": 19.318, "Actual Rows": 12019, "Actual Loops": 1, "Output": ["customer.c_custkey", "n2.n_name"], "Inner Unique": true, "Hash Cond": "(customer.c_nationkey = n2.n_nationkey)", "Plans": [{"Node Type": "Seq Scan", "Parent Relationship": "Outer", "Parallel Aware": false, "Relation Name": "customer", "Schema": "public", "Alias": "customer", "Startup Cost": 0.0, "Total Cost": 5085.0, "Plan Rows": 150000, "Plan Width": 8, "Actual Startup Time": 0.002, "Actual Total Time": 7.467, "Actual Rows": 150000, "Actual Loops": 1, "Output": ["customer.c_custkey", "customer.c_name", "customer.c_address", "customer.c_nationkey", "customer.c_phone", "customer.c_acctbal", "customer.c_mktsegment", "customer.c_comment"]}, {"Node Type": "Hash", "Parent Relationship": "Inner", "Parallel Aware": false, "Startup Cost": 17.65, "Total Cost": 17.65, "Plan Rows": 5, "Plan Width": 33, "Actual Startup Time": 0.004, "Actual Total Time": 0.013, "Actual Rows": 2, "Actual Loops": 1, "Output": ["n2.n_name", "n2.n_nationkey"], "Hash Buckets": 1024, "Original Hash Buckets": 1024, "Hash Batches": 1, "Original Hash Batches": 1, "Peak Memory Usage": 9, "Plans": [{"Node Type": "Seq Scan", "Parent Relationship": "Outer", "Parallel Aware": false, "Relation Name": "nation", "Schema": "public", "Alias": "n2", "Startup Cost": 0.0, "Total Cost": 17.65, "Plan Rows": 5, "Plan Width": 33, "Actual Startup Time": 0.002, "Actual Total Time": 0.003, "Actual Rows": 2, "Actual Loops": 1, "Output": ["n2.n_name", "n2.n_nationkey"], "Filter": "(((n2.n_name)::text = 'CANADA'::text) OR ((n2.n_name)::text = 'BRAZIL'::text))", "Rows Removed by Filter": 23}]}]}]}]}]}]}]}]}, "Planning Time": 1.552, "Triggers": [], "Execution Time": 2317.861}]
q11#####[{"Plan": {"Node Type": "Aggregate", "Strategy": "Sorted", "Partial Mode": "Simple", "Parallel Aware": false, "Startup Cost": 262633.16, "Total Cost": 262633.44, "Plan Rows": 8, "Plan Width": 98, "Actual Startup Time": 5427.825, "Actual Total Time": 5445.557, "Actual Rows": 4, "Actual Loops": 1, "Output": ["n1.n_name", "n2.n_name", "(date_part('year'::text, (lineitem.l_shipdate)::timestamp without time zone))", "sum((lineitem.l_extendedprice * ('1'::numeric - lineitem.l_discount)))"], "Group Key": ["n1.n_name", "n2.n_name", "(date_part('year'::text, (lineitem.l_shipdate)::timestamp without time zone))"], "Plans": [{"Node Type": "Sort", "Parent Relationship": "Outer", "Parallel Aware": false, "Startup Cost": 262633.16, "Total Cost": 262633.18, "Plan Rows": 8, "Plan Width": 78, "Actual Startup Time": 5427.16, "Actual Total Time": 5438.032, "Actual Rows": 5900, "Actual Loops": 1, "Output": ["n1.n_name", "n2.n_name", "(date_part('year'::text, (lineitem.l_shipdate)::timestamp without time zone))", "lineitem.l_extendedprice", "lineitem.l_discount"], "Sort Key": ["n1.n_name", "n2.n_name", "(date_part('year'::text, (lineitem.l_shipdate)::timestamp without time zone))"], "Sort Method": "quicksort", "Sort Space Used": 653, "Sort Space Type": "Memory", "Plans": [{"Node Type": "Hash Join", "Parent Relationship": "Outer", "Parallel Aware": false, "Join Type": "Inner", "Startup Cost": 52936.46, "Total Cost": 262633.04, "Plan Rows": 8, "Plan Width": 78, "Actual Startup Time": 407.642, "Actual Total Time": 5430.486, "Actual Rows": 5900, "Actual Loops": 1, "Output": ["n1.n_name", "n2.n_name", "date_part('year'::text, (lineitem.l_shipdate)::timestamp without time zone)", "lineitem.l_extendedprice", "lineitem.l_discount"], "Inner Unique": false, "Hash Cond": "(lineitem.l_orderkey = orders.o_orderkey)", "Join Filter": "((((n1.n_name)::text = 'ROMANIA'::text) AND ((n2.n_name)::text = 'INDIA'::text)) OR (((n1.n_name)::text = 'INDIA'::text) AND ((n2.n_name)::text = 'ROMANIA'::text)))", "Rows Removed by Join Filter": 5979, "Plans": [{"Node Type": "Hash Join", "Parent Relationship": "Outer", "Parallel Aware": false, "Join Type": "Inner", "Startup Cost": 367.41, "Total Cost": 209992.58, "Plan Rows": 18088, "Plan Width": 49, "Actual Startup Time": 1.268, "Actual Total Time": 4685.803, "Actual Rows": 148185, "Actual Loops": 1, "Output": ["lineitem.l_shipdate", "lineitem.l_extendedprice", "lineitem.l_discount", "lineitem.l_orderkey", "n1.n_name"], "Inner Unique": false, "Hash Cond": "(lineitem.l_suppkey = supplier.s_suppkey)", "Plans": [{"Node Type": "Seq Scan", "Parent Relationship": "Outer", "Parallel Aware": false, "Relation Name": "lineitem", "Schema": "public", "Alias": "lineitem", "Startup Cost": 0.0, "Total Cost": 202524.24, "Plan Rows": 1845366, "Plan Width": 24, "Actual Startup Time": 0.032, "Actual Total Time": 4374.968, "Actual Rows": 1828450, "Actual Loops": 1, "Output": ["lineitem.l_orderkey", "lineitem.l_partkey", "lineitem.l_suppkey", "lineitem.l_linenumber", "lineitem.l_quantity", "lineitem.l_extendedprice", "lineitem.l_discount", "lineitem.l_tax", "lineitem.l_returnflag", "lineitem.l_linestatus", "lineitem.l_shipdate", "lineitem.l_commitdate", "lineitem.l_receiptdate", "lineitem.l_shipinstruct", "lineitem.l_shipmode", "lineitem.l_comment"], "Filter": "((lineitem.l_shipdate >= '1995-01-01'::date) AND (lineitem.l_shipdate <= '1996-12-31'::date))", "Rows Removed by Filter": 4172765}, {"Node Type": "Hash", "Parent Relationship": "Inner", "Parallel Aware": false, "Startup Cost": 366.18, "Total Cost": 366.18, "Plan Rows": 98, "Plan Width": 33, "Actual Startup Time": 1.214, "Actual Total Time": 1.778, "Actual Rows": 813, "Actual Loops": 1, "Output": ["supplier.s_suppkey", "n1.n_name"], "Hash Buckets": 1024, "Original Hash Buckets": 1024, "Hash Batches": 1, "Original Hash Batches": 1, "Peak Memory Usage": 43, "Plans": [{"Node Type": "Hash Join", "Parent Relationship": "Outer", "Parallel Aware": false, "Join Type": "Inner", "Startup Cost": 17.71, "Total Cost": 366.18, "Plan Rows": 98, "Plan Width": 33, "Actual Startup Time": 0.015, "Actual Total Time": 1.187, "Actual Rows": 813, "Actual Loops": 1, "Output": ["supplier.s_suppkey", "n1.n_name"], "Inner Unique": true, "Hash Cond": "(supplier.s_nationkey = n1.n_nationkey)", "Plans": [{"Node Type": "Seq Scan", "Parent Relationship": "Outer", "Parallel Aware": false, "Relation Name": "supplier", "Schema": "public", "Alias": "supplier", "Startup Cost": 0.0, "Total Cost": 322.0, "Plan Rows": 10000, "Plan Width": 8, "Actual Startup Time": 0.004, "Actual Total Time": 0.432, "Actual Rows": 10000, "Actual Loops": 1, "Output": ["supplier.s_suppkey", "supplier.s_name", "supplier.s_address", "supplier.s_nationkey", "supplier.s_phone", "supplier.s_acctbal", "supplier.s_comment"]}, {"Node Type": "Hash", "Parent Relationship": "Inner", "Parallel Aware": false, "Startup Cost": 17.65, "Total Cost": 17.65, "Plan Rows": 5, "Plan Width": 33, "Actual Startup Time": 0.006, "Actual Total Time": 0.008, "Actual Rows": 2, "Actual Loops": 1, "Output": ["n1.n_name", "n1.n_nationkey"], "Hash Buckets": 1024, "Original Hash Buckets": 1024, "Hash Batches": 1, "Original Hash Batches": 1, "Peak Memory Usage": 9, "Plans": [{"Node Type": "Seq Scan", "Parent Relationship": "Outer", "Parallel Aware": false, "Relation Name": "nation", "Schema": "public", "Alias": "n1", "Startup Cost": 0.0, "Total Cost": 17.65, "Plan Rows": 5, "Plan Width": 33, "Actual Startup Time": 0.003, "Actual Total Time": 0.004, "Actual Rows": 2, "Actual Loops": 1, "Output": ["n1.n_name", "n1.n_nationkey"], "Filter": "(((n1.n_name)::text = 'ROMANIA'::text) OR ((n1.n_name)::text = 'INDIA'::text))", "Rows Removed by Filter": 23}]}]}]}]}, {"Node Type": "Hash", "Parent Relationship": "Inner", "Parallel Aware": false, "Startup Cost": 52385.22, "Total Cost": 52385.22, "Plan Rows": 14706, "Plan Width": 33, "Actual Startup Time": 406.153, "Actual Total Time": 407.013, "Actual Rows": 120839, "Actual Loops": 1, "Output": ["orders.o_orderkey", "n2.n_name"], "Hash Buckets": 131072, "Original Hash Buckets": 16384, "Hash Batches": 2, "Original Hash Batches": 1, "Peak Memory Usage": 3561, "Plans": [{"Node Type": "Hash Join", "Parent Relationship": "Outer", "Parallel Aware": false, "Join Type": "Inner", "Startup Cost": 5518.12, "Total Cost": 52385.22, "Plan Rows": 14706, "Plan Width": 33, "Actual Startup Time": 36.282, "Actual Total Time": 384.167, "Actual Rows": 120839, "Actual Loops": 1, "Output": ["orders.o_orderkey", "n2.n_name"], "Inner Unique": false, "Hash Cond": "(orders.o_custkey = customer.c_custkey)", "Plans": [{"Node Type": "Seq Scan", "Parent Relationship": "Outer", "Parallel Aware": false, "Relation Name": "orders", "Schema": "public", "Alias": "orders", "Startup Cost": 0.0, "Total Cost": 41095.0, "Plan Rows": 1500000, "Plan Width": 8, "Actual Startup Time": 0.006, "Actual Total Time": 199.229, "Actual Rows": 1500000, "Actual Loops": 1, "Output": ["orders.o_orderkey", "orders.o_custkey", "orders.o_orderstatus", "orders.o_totalprice", "orders.o_orderdate", "orders.o_orderpriority", "orders.o_clerk", "orders.o_shippriority", "orders.o_comment"]}, {"Node Type": "Hash", "Parent Relationship": "Inner", "Parallel Aware": false, "Startup Cost": 5499.73, "Total Cost": 5499.73, "Plan Rows": 1471, "Plan Width": 33, "Actual Startup Time": 36.268, "Actual Total Time": 36.273, "Actual Rows": 12142, "Actual Loops": 1, "Output": ["customer.c_custkey", "n2.n_name"], "Hash Buckets": 16384, "Original Hash Buckets": 2048, "Hash Batches": 1, "Original Hash Batches": 1, "Peak Memory Usage": 638, "Plans": [{"Node Type": "Hash Join", "Parent Relationship": "Outer", "Parallel Aware": false, "Join Type": "Inner", "Startup Cost": 17.71, "Total Cost": 5499.73, "Plan Rows": 1471, "Plan Width": 33, "Actual Startup Time": 0.012, "Actual Total Time": 34.125, "Actual Rows": 12142, "Actual Loops": 1, "Output": ["customer.c_custkey", "n2.n_name"], "Inner Unique": true, "Hash Cond": "(customer.c_nationkey = n2.n_nationkey)", "Plans": [{"Node Type": "Seq Scan", "Parent Relationship": "Outer", "Parallel Aware": false, "Relation Name": "customer", "Schema": "public", "Alias": "customer", "Startup Cost": 0.0, "Total Cost": 5085.0, "Plan Rows": 150000, "Plan Width": 8, "Actual Startup Time": 0.002, "Actual Total Time": 12.97, "Actual Rows": 150000, "Actual Loops": 1, "Output": ["customer.c_custkey", "customer.c_name", "customer.c_address", "customer.c_nationkey", "customer.c_phone", "customer.c_acctbal", "customer.c_mktsegment", "customer.c_comment"]}, {"Node Type": "Hash", "Parent Relationship": "Inner", "Parallel Aware": false, "Startup Cost": 17.65, "Total Cost": 17.65, "Plan Rows": 5, "Plan Width": 33, "Actual Startup Time": 0.004, "Actual Total Time": 0.005, "Actual Rows": 2, "Actual Loops": 1, "Output": ["n2.n_name", "n2.n_nationkey"], "Hash Buckets": 1024, "Original Hash Buckets": 1024, "Hash Batches": 1, "Original Hash Batches": 1, "Peak Memory Usage": 9, "Plans": [{"Node Type": "Seq Scan", "Parent Relationship": "Outer", "Parallel Aware": false, "Relation Name": "nation", "Schema": "public", "Alias": "n2", "Startup Cost": 0.0, "Total Cost": 17.65, "Plan Rows": 5, "Plan Width": 33, "Actual Startup Time": 0.002, "Actual Total Time": 0.003, "Actual Rows": 2, "Actual Loops": 1, "Output": ["n2.n_name", "n2.n_nationkey"], "Filter": "(((n2.n_name)::text = 'INDIA'::text) OR ((n2.n_name)::text = 'ROMANIA'::text))", "Rows Removed by Filter": 23}]}]}]}]}]}]}]}]}, "Planning Time": 1.368, "Triggers": [], "Execution Time": 5448.62}]
q12#####[{"Plan": {"Node Type": "Aggregate", "Strategy": "Sorted", "Partial Mode": "Simple", "Parallel Aware": false, "Startup Cost": 262633.16, "Total Cost": 262633.44, "Plan Rows": 8, "Plan Width": 98, "Actual Startup Time": 7512.375, "Actual Total Time": 7514.991, "Actual Rows": 4, "Actual Loops": 1, "Output": ["n1.n_name", "n2.n_name", "(date_part('year'::text, (lineitem.l_shipdate)::timestamp without time zone))", "sum((lineitem.l_extendedprice * ('1'::numeric - lineitem.l_discount)))"], "Group Key": ["n1.n_name", "n2.n_name", "(date_part('year'::text, (lineitem.l_shipdate)::timestamp without time zone))"], "Plans": [{"Node Type": "Sort", "Parent Relationship": "Outer", "Parallel Aware": false, "Startup Cost": 262633.16, "Total Cost": 262633.18, "Plan Rows": 8, "Plan Width": 78, "Actual Startup Time": 7511.649, "Actual Total Time": 7512.261, "Actual Rows": 6019, "Actual Loops": 1, "Output": ["n1.n_name", "n2.n_name", "(date_part('year'::text, (lineitem.l_shipdate)::timestamp without time zone))", "lineitem.l_extendedprice", "lineitem.l_discount"], "Sort Key": ["n1.n_name", "n2.n_name", "(date_part('year'::text, (lineitem.l_shipdate)::timestamp without time zone))"], "Sort Method": "quicksort", "Sort Space Used": 663, "Sort Space Type": "Memory", "Plans": [{"Node Type": "Hash Join", "Parent Relationship": "Outer", "Parallel Aware": false, "Join Type": "Inner", "Startup Cost": 52936.46, "Total Cost": 262633.04, "Plan Rows": 8, "Plan Width": 78, "Actual Startup Time": 1128.515, "Actual Total Time": 7496.762, "Actual Rows": 6019, "Actual Loops": 1, "Output": ["n1.n_name", "n2.n_name", "date_part('year'::text, (lineitem.l_shipdate)::timestamp without time zone)", "lineitem.l_extendedprice", "lineitem.l_discount"], "Inner Unique": false, "Hash Cond": "(lineitem.l_orderkey = orders.o_orderkey)", "Join Filter": "((((n1.n_name)::text = 'VIETNAM'::text) AND ((n2.n_name)::text = 'RUSSIA'::text)) OR (((n1.n_name)::text = 'RUSSIA'::text) AND ((n2.n_name)::text = 'VIETNAM'::text)))", "Rows Removed by Join Filter": 5989, "Plans": [{"Node Type": "Hash Join", "Parent Relationship": "Outer", "Parallel Aware": false, "Join Type": "Inner", "Startup Cost": 367.41, "Total Cost": 209992.58, "Plan Rows": 18088, "Plan Width": 49, "Actual Startup Time": 1.344, "Actual Total Time": 3317.603, "Actual Rows": 146928, "Actual Loops": 1, "Output": ["lineitem.l_shipdate", "lineitem.l_extendedprice", "lineitem.l_discount", "lineitem.l_orderkey", "n1.n_name"], "Inner Unique": false, "Hash Cond": "(lineitem.l_suppkey = supplier.s_suppkey)", "Plans": [{"Node Type": "Seq Scan", "Parent Relationship": "Outer", "Parallel Aware": false, "Relation Name": "lineitem", "Schema": "public", "Alias": "lineitem", "Startup Cost": 0.0, "Total Cost": 202524.24, "Plan Rows": 1845366, "Plan Width": 24, "Actual Startup Time": 0.008, "Actual Total Time": 2928.535, "Actual Rows": 1828450, "Actual Loops": 1, "Output": ["lineitem.l_orderkey", "lineitem.l_partkey", "lineitem.l_suppkey", "lineitem.l_linenumber", "lineitem.l_quantity", "lineitem.l_extendedprice", "lineitem.l_discount", "lineitem.l_tax", "lineitem.l_returnflag", "lineitem.l_linestatus", "lineitem.l_shipdate", "lineitem.l_commitdate", "lineitem.l_receiptdate", "lineitem.l_shipinstruct", "lineitem.l_shipmode", "lineitem.l_comment"], "Filter": "((lineitem.l_shipdate >= '1995-01-01'::date) AND (lineitem.l_shipdate <= '1996-12-31'::date))", "Rows Removed by Filter": 4172765}, {"Node Type": "Hash", "Parent Relationship": "Inner", "Parallel Aware": false, "Startup Cost": 366.18, "Total Cost": 366.18, "Plan Rows": 98, "Plan Width": 33, "Actual Startup Time": 1.326, "Actual Total Time": 1.37, "Actual Rows": 800, "Actual Loops": 1, "Output": ["supplier.s_suppkey", "n1.n_name"], "Hash Buckets": 1024, "Original Hash Buckets": 1024, "Hash Batches": 1, "Original Hash Batches": 1, "Peak Memory Usage": 42, "Plans": [{"Node Type": "Hash Join", "Parent Relationship": "Outer", "Parallel Aware": false, "Join Type": "Inner", "Startup Cost": 17.71, "Total Cost": 366.18, "Plan Rows": 98, "Plan Width": 33, "Actual Startup Time": 0.015, "Actual Total Time": 1.288, "Actual Rows": 800, "Actual Loops": 1, "Output": ["supplier.s_suppkey", "n1.n_name"], "Inner Unique": true, "Hash Cond": "(supplier.s_nationkey = n1.n_nationkey)", "Plans": [{"Node Type": "Seq Scan", "Parent Relationship": "Outer", "Parallel Aware": false, "Relation Name": "supplier", "Schema": "public", "Alias": "supplier", "Startup Cost": 0.0, "Total Cost": 322.0, "Plan Rows": 10000, "Plan Width": 8, "Actual Startup Time": 0.004, "Actual Total Time": 0.465, "Actual Rows": 10000, "Actual Loops": 1, "Output": ["supplier.s_suppkey", "supplier.s_name", "supplier.s_address", "supplier.s_nationkey", "supplier.s_phone", "supplier.s_acctbal", "supplier.s_comment"]}, {"Node Type": "Hash", "Parent Relationship": "Inner", "Parallel Aware": false, "Startup Cost": 17.65, "Total Cost": 17.65, "Plan Rows": 5, "Plan Width": 33, "Actual Startup Time": 0.005, "Actual Total Time": 0.017, "Actual Rows": 2, "Actual Loops": 1, "Output": ["n1.n_name", "n1.n_nationkey"], "Hash Buckets": 1024, "Original Hash Buckets": 1024, "Hash Batches": 1, "Original Hash Batches": 1, "Peak Memory Usage": 9, "Plans": [{"Node Type": "Seq Scan", "Parent Relationship": "Outer", "Parallel Aware": false, "Relation Name": "nation", "Schema": "public", "Alias": "n1", "Startup Cost": 0.0, "Total Cost": 17.65, "Plan Rows": 5, "Plan Width": 33, "Actual Startup Time": 0.003, "Actual Total Time": 0.009, "Actual Rows": 2, "Actual Loops": 1, "Output": ["n1.n_name", "n1.n_nationkey"], "Filter": "(((n1.n_name)::text = 'VIETNAM'::text) OR ((n1.n_name)::text = 'RUSSIA'::text))", "Rows Removed by Filter": 23}]}]}]}]}, {"Node Type": "Hash", "Parent Relationship": "Inner", "Parallel Aware": false, "Startup Cost": 52385.22, "Total Cost": 52385.22, "Plan Rows": 14706, "Plan Width": 33, "Actual Startup Time": 1126.097, "Actual Total Time": 1126.153, "Actual Rows": 121842, "Actual Loops": 1, "Output": ["orders.o_orderkey", "n2.n_name"], "Hash Buckets": 131072, "Original Hash Buckets": 16384, "Hash Batches": 2, "Original Hash Batches": 1, "Peak Memory Usage": 3617, "Plans": [{"Node Type": "Hash Join", "Parent Relationship": "Outer", "Parallel Aware": false, "Join Type": "Inner", "Startup Cost": 5518.12, "Total Cost": 52385.22, "Plan Rows": 14706, "Plan Width": 33, "Actual Startup Time": 48.936, "Actual Total Time": 987.067, "Actual Rows": 121842, "Actual Loops": 1, "Output": ["orders.o_orderkey", "n2.n_name"], "Inner Unique": false, "Hash Cond": "(orders.o_custkey = customer.c_custkey)", "Plans": [{"Node Type": "Seq Scan", "Parent Relationship": "Outer", "Parallel Aware": false, "Relation Name": "orders", "Schema": "public", "Alias": "orders", "Startup Cost": 0.0, "Total Cost": 41095.0, "Plan Rows": 1500000, "Plan Width": 8, "Actual Startup Time": 0.007, "Actual Total Time": 581.792, "Actual Rows": 1500000, "Actual Loops": 1, "Output": ["orders.o_orderkey", "orders.o_custkey", "orders.o_orderstatus", "orders.o_totalprice", "orders.o_orderdate", "orders.o_orderpriority", "orders.o_clerk", "orders.o_shippriority", "orders.o_comment"]}, {"Node Type": "Hash", "Parent Relationship": "Inner", "Parallel Aware": false, "Startup Cost": 5499.73, "Total Cost": 5499.73, "Plan Rows": 1471, "Plan Width": 33, "Actual Startup Time": 48.917, "Actual Total Time": 48.933, "Actual Rows": 12086, "Actual Loops": 1, "Output": ["customer.c_custkey", "n2.n_name"], "Hash Buckets": 16384, "Original Hash Buckets": 2048, "Hash Batches": 1, "Original Hash Batches": 1, "Peak Memory Usage": 642, "Plans": [{"Node Type": "Hash Join", "Parent Relationship": "Outer", "Parallel Aware": false, "Join Type": "Inner", "Startup Cost": 17.71, "Total Cost": 5499.73, "Plan Rows": 1471, "Plan Width": 33, "Actual Startup Time": 0.018, "Actual Total Time": 45.977, "Actual Rows": 12086, "Actual Loops": 1, "Output": ["customer.c_custkey", "n2.n_name"], "Inner Unique": true, "Hash Cond": "(customer.c_nationkey = n2.n_nationkey)", "Plans": [{"Node Type": "Seq Scan", "Parent Relationship": "Outer", "Parallel Aware": false, "Relation Name": "customer", "Schema": "public", "Alias": "customer", "Startup Cost": 0.0, "Total Cost": 5085.0, "Plan Rows": 150000, "Plan Width": 8, "Actual Startup Time": 0.002, "Actual Total Time": 27.738, "Actual Rows": 150000, "Actual Loops": 1, "Output": ["customer.c_custkey", "customer.c_name", "customer.c_address", "customer.c_nationkey", "customer.c_phone", "customer.c_acctbal", "customer.c_mktsegment", "customer.c_comment"]}, {"Node Type": "Hash", "Parent Relationship": "Inner", "Parallel Aware": false, "Startup Cost": 17.65, "Total Cost": 17.65, "Plan Rows": 5, "Plan Width": 33, "Actual Startup Time": 0.004, "Actual Total Time": 0.007, "Actual Rows": 2, "Actual Loops": 1, "Output": ["n2.n_name", "n2.n_nationkey"], "Hash Buckets": 1024, "Original Hash Buckets": 1024, "Hash Batches": 1, "Original Hash Batches": 1, "Peak Memory Usage": 9, "Plans": [{"Node Type": "Seq Scan", "Parent Relationship": "Outer", "Parallel Aware": false, "Relation Name": "nation", "Schema": "public", "Alias": "n2", "Startup Cost": 0.0, "Total Cost": 17.65, "Plan Rows": 5, "Plan Width": 33, "Actual Startup Time": 0.003, "Actual Total Time": 0.003, "Actual Rows": 2, "Actual Loops": 1, "Output": ["n2.n_name", "n2.n_nationkey"], "Filter": "(((n2.n_name)::text = 'RUSSIA'::text) OR ((n2.n_name)::text = 'VIETNAM'::text))", "Rows Removed by Filter": 23}]}]}]}]}]}]}]}]}, "Planning Time": 2.327, "Triggers": [], "Execution Time": 7516.45}]
q9#####[{"Plan": {"Node Type": "Aggregate", "Strategy": "Sorted", "Partial Mode": "Simple", "Parallel Aware": false, "Startup Cost": 258280.29, "Total Cost": 258280.56, "Plan Rows": 6, "Plan Width": 40, "Actual Startup Time": 12608.655, "Actual Total Time": 12609.0, "Actual Rows": 2, "Actual Loops": 1, "Output": ["(date_part('year'::text, (orders.o_orderdate)::timestamp without time zone))", "(sum(CASE WHEN ((n2.n_name)::text = 'MOZAMBIQUE'::text) THEN (lineitem.l_extendedprice * ('1'::numeric - lineitem.l_discount)) ELSE '0'::numeric END) / sum((lineitem.l_extendedprice * ('1'::numeric - lineitem.l_discount))))"], "Group Key": ["(date_part('year'::text, (orders.o_orderdate)::timestamp without time zone))"], "Plans": [{"Node Type": "Sort", "Parent Relationship": "Outer", "Parallel Aware": false, "Startup Cost": 258280.29, "Total Cost": 258280.31, "Plan Rows": 6, "Plan Width": 49, "Actual Startup Time": 12607.728, "Actual Total Time": 12608.044, "Actual Rows": 2613, "Actual Loops": 1, "Output": ["(date_part('year'::text, (orders.o_orderdate)::timestamp without time zone))", "n2.n_name", "lineitem.l_extendedprice", "lineitem.l_discount"], "Sort Key": ["(date_part('year'::text, (orders.o_orderdate)::timestamp without time zone))"], "Sort Method": "quicksort", "Sort Space Used": 301, "Sort Space Type": "Memory", "Plans": [{"Node Type": "Nested Loop", "Parent Relationship": "Outer", "Parallel Aware": false, "Join Type": "Inner", "Startup Cost": 63101.7, "Total Cost": 258280.22, "Plan Rows": 6, "Plan Width": 49, "Actual Startup Time": 689.829, "Actual Total Time": 12599.885, "Actual Rows": 2613, "Actual Loops": 1, "Output": ["date_part('year'::text, (orders.o_orderdate)::timestamp without time zone)", "n2.n_name", "lineitem.l_extendedprice", "lineitem.l_discount"], "Inner Unique": true, "Plans": [{"Node Type": "Hash Join", "Parent Relationship": "Outer", "Parallel Aware": false, "Join Type": "Inner", "Startup Cost": 63101.55, "Total Cost": 258268.47, "Plan Rows": 69, "Plan Width": 20, "Actual Startup Time": 689.807, "Actual Total Time": 12572.592, "Actual Rows": 2613, "Actual Loops": 1, "Output": ["lineitem.l_extendedprice", "lineitem.l_discount", "supplier.s_nationkey", "orders.o_orderdate"], "Inner Unique": false, "Hash Cond": "(lineitem.l_suppkey = supplier.s_suppkey)", "Plans": [{"Node Type": "Hash Join", "Parent Relationship": "Outer", "Parallel Aware": false, "Join Type": "Inner", "Startup Cost": 62654.55, "Total Cost": 257820.52, "Plan Rows": 69, "Plan Width": 20, "Actual Startup Time": 687.885, "Actual Total Time": 12532.803, "Actual Rows": 2613, "Actual Loops": 1, "Output": ["lineitem.l_extendedprice", "lineitem.l_discount", "lineitem.l_suppkey", "orders.o_orderdate"], "Inner Unique": false, "Hash Cond": "(lineitem.l_partkey = part.p_partkey)", "Plans": [{"Node Type": "Hash Join", "Parent Relationship": "Outer", "Parallel Aware": false, "Join Type": "Inner", "Startup Cost": 56040.94, "Total Cost": 251167.27, "Plan Rows": 10386, "Plan Width": 24, "Actual Startup Time": 492.918, "Actual Total Time": 12195.615, "Actual Rows": 364734, "Actual Loops": 1, "Output": ["lineitem.l_extendedprice", "lineitem.l_discount", "lineitem.l_partkey", "lineitem.l_suppkey", "orders.o_orderdate"], "Inner Unique": false, "Hash Cond": "(lineitem.l_orderkey = orders.o_orderkey)", "Plans": [{"Node Type": "Seq Scan", "Parent Relationship": "Outer", "Parallel Aware": false, "Relation Name": "lineitem", "Schema": "public", "Alias": "lineitem", "Startup Cost": 0.0, "Total Cost": 172517.16, "Plan Rows": 6001416, "Plan Width": 24, "Actual Startup Time": 0.01, "Actual Total Time": 2024.038, "Actual Rows": 6001215, "Actual Loops": 1, "Output": ["lineitem.l_orderkey", "lineitem.l_partkey", "lineitem.l_suppkey", "lineitem.l_linenumber", "lineitem.l_quantity", "lineitem.l_extendedprice", "lineitem.l_discount", "lineitem.l_tax", "lineitem.l_returnflag", "lineitem.l_linestatus", "lineitem.l_shipdate", "lineitem.l_commitdate", "lineitem.l_receiptdate", "lineitem.l_shipinstruct", "lineitem.l_shipmode", "lineitem.l_comment"]}, {"Node Type": "Hash", "Parent Relationship": "Inner", "Parallel Aware": false, "Startup Cost": 56008.49, "Total Cost": 56008.49, "Plan Rows": 2596, "Plan Width": 8, "Actual Startup Time": 492.827, "Actual Total Time": 492.858, "Actual Rows": 91174, "Actual Loops": 1, "Output": ["orders.o_orderdate", "orders.o_orderkey"], "Hash Buckets": 131072, "Original Hash Buckets": 4096, "Hash Batches": 2, "Original Hash Batches": 1, "Peak Memory Usage": 3073, "Plans": [{"Node Type": "Hash Join", "Parent Relationship": "Outer", "Parallel Aware": false, "Join Type": "Inner", "Startup Cost": 5700.16, "Total Cost": 56008.49, "Plan Rows": 2596, "Plan Width": 8, "Actual Startup Time": 43.322, "Actual Total Time": 474.693, "Actual Rows": 91174, "Actual Loops": 1, "Output": ["orders.o_orderdate", "orders.o_orderkey"], "Inner Unique": false, "Hash Cond": "(orders.o_custkey = customer.c_custkey)", "Plans": [{"Node Type": "Seq Scan", "Parent Relationship": "Outer", "Parallel Aware": false, "Relation Name": "orders", "Schema": "public", "Alias": "orders", "Startup Cost": 0.0, "Total Cost": 48595.0, "Plan Rows": 449969, "Plan Width": 12, "Actual Startup Time": 0.005, "Actual Total Time": 321.677, "Actual Rows": 457263, "Actual Loops": 1, "Output": ["orders.o_orderkey", "orders.o_custkey", "orders.o_orderstatus", "orders.o_totalprice", "orders.o_orderdate", "orders.o_orderpriority", "orders.o_clerk", "orders.o_shippriority", "orders.o_comment"], "Filter": "((orders.o_orderdate >= '1995-01-01'::date) AND (orders.o_orderdate <= '1996-12-31'::date))", "Rows Removed by Filter": 1042737}, {"Node Type": "Hash", "Parent Relationship": "Inner", "Parallel Aware": false, "Startup Cost": 5689.34, "Total Cost": 5689.34, "Plan Rows": 865, "Plan Width": 4, "Actual Startup Time": 43.309, "Actual Total Time": 43.337, "Actual Rows": 29764, "Actual Loops": 1, "Output": ["customer.c_custkey"], "Hash Buckets": 32768, "Original Hash Buckets": 1024, "Hash Batches": 1, "Original Hash Batches": 1, "Peak Memory Usage": 1303, "Plans": [{"Node Type": "Hash Join", "Parent Relationship": "Outer", "Parallel Aware": false, "Join Type": "Inner", "Startup Cost": 33.02, "Total Cost": 5689.34, "Plan Rows": 865, "Plan Width": 4, "Actual Startup Time": 0.053, "Actual Total Time": 40.866, "Actual Rows": 29764, "Actual Loops": 1, "Output": ["customer.c_custkey"], "Inner Unique": false, "Hash Cond": "(customer.c_nationkey = n1.n_nationkey)", "Plans": [{"Node Type": "Seq Scan", "Parent Relationship": "Outer", "Parallel Aware": false, "Relation Name": "customer", "Schema": "public", "Alias": "customer", "Startup Cost": 0.0, "Total Cost": 5085.0, "Plan Rows": 150000, "Plan Width": 8, "Actual Startup Time": 0.003, "Actual Total Time": 18.665, "Actual Rows": 150000, "Actual Loops": 1, "Output": ["customer.c_custkey", "customer.c_name", "customer.c_address", "customer.c_nationkey", "customer.c_phone", "customer.c_acctbal", "customer.c_mktsegment", "customer.c_comment"]}, {"Node Type": "Hash", "Parent Relationship": "Inner", "Parallel Aware": false, "Startup Cost": 32.99, "Total Cost": 32.99, "Plan Rows": 3, "Plan Width": 4, "Actual Startup Time": 0.042, "Actual Total Time": 0.061, "Actual Rows": 5, "Actual Loops": 1, "Output": ["n1.n_nationkey"], "Hash Buckets": 1024, "Original Hash Buckets": 1024, "Hash Batches": 1, "Original Hash Batches": 1, "Peak Memory Usage": 9, "Plans": [{"Node Type": "Hash Join", "Parent Relationship": "Outer", "Parallel Aware": false, "Join Type": "Inner", "Startup Cost": 16.54, "Total Cost": 32.99, "Plan Rows": 3, "Plan Width": 4, "Actual Startup Time": 0.035, "Actual Total Time": 0.058, "Actual Rows": 5, "Actual Loops": 1, "Output": ["n1.n_nationkey"], "Inner Unique": true, "Hash Cond": "(n1.n_regionkey = region.r_regionkey)", "Plans": [{"Node Type": "Seq Scan", "Parent Relationship": "Outer", "Parallel Aware": false, "Relation Name": "nation", "Schema": "public", "Alias": "n1", "Startup Cost": 0.0, "Total Cost": 15.1, "Plan Rows": 510, "Plan Width": 8, "Actual Startup Time": 0.004, "Actual Total Time": 0.008, "Actual Rows": 25, "Actual Loops": 1, "Output": ["n1.n_nationkey", "n1.n_name", "n1.n_regionkey", "n1.n_comment"]}, {"Node Type": "Hash", "Parent Relationship": "Inner", "Parallel Aware": false, "Startup Cost": 16.5, "Total Cost": 16.5, "Plan Rows": 3, "Plan Width": 4, "Actual Startup Time": 0.017, "Actual Total Time": 0.021, "Actual Rows": 1, "Actual Loops": 1, "Output": ["region.r_regionkey"], "Hash Buckets": 1024, "Original Hash Buckets": 1024, "Hash Batches": 1, "Original Hash Batches": 1, "Peak Memory Usage": 9, "Plans": [{"Node Type": "Seq Scan", "Parent Relationship": "Outer", "Parallel Aware": false, "Relation Name": "region", "Schema": "public", "Alias": "region", "Startup Cost": 0.0, "Total Cost": 16.5, "Plan Rows": 3, "Plan Width": 4, "Actual Startup Time": 0.015, "Actual Total Time": 0.016, "Actual Rows": 1, "Actual Loops": 1, "Output": ["region.r_regionkey"], "Filter": "((region.r_name)::text = 'AFRICA'::text)", "Rows Removed by Filter": 4}]}]}]}]}]}]}]}]}, {"Node Type": "Hash", "Parent Relationship": "Inner", "Parallel Aware": false, "Startup Cost": 6597.0, "Total Cost": 6597.0, "Plan Rows": 1329, "Plan Width": 4, "Actual Startup Time": 193.029, "Actual Total Time": 193.03, "Actual Rows": 1413, "Actual Loops": 1, "Output": ["part.p_partkey"], "Hash Buckets": 2048, "Original Hash Buckets": 2048, "Hash Batches": 1, "Original Hash Batches": 1, "Peak Memory Usage": 66, "Plans": [{"Node Type": "Seq Scan", "Parent Relationship": "Outer", "Parallel Aware": false, "Relation Name": "part", "Schema": "public", "Alias": "part", "Startup Cost": 0.0, "Total Cost": 6597.0, "Plan Rows": 1329, "Plan Width": 4, "Actual Startup Time": 9.67, "Actual Total Time": 192.533, "Actual Rows": 1413, "Actual Loops": 1, "Output": ["part.p_partkey"], "Filter": "((part.p_type)::text = 'SMALL BRUSHED TIN'::text)", "Rows Removed by Filter": 198587}]}]}, {"Node Type": "Hash", "Parent Relationship": "Inner", "Parallel Aware": false, "Startup Cost": 322.0, "Total Cost": 322.0, "Plan Rows": 10000, "Plan Width": 8, "Actual Startup Time": 1.885, "Actual Total Time": 1.886, "Actual Rows": 10000, "Actual Loops": 1, "Output": ["supplier.s_suppkey", "supplier.s_nationkey"], "Hash Buckets": 16384, "Original Hash Buckets": 16384, "Hash Batches": 1, "Original Hash Batches": 1, "Peak Memory Usage": 519, "Plans": [{"Node Type": "Seq Scan", "Parent Relationship": "Outer", "Parallel Aware": false, "Relation Name": "supplier", "Schema": "public", "Alias": "supplier", "Startup Cost": 0.0, "Total Cost": 322.0, "Plan Rows": 10000, "Plan Width": 8, "Actual Startup Time": 0.006, "Actual Total Time": 0.953, "Actual Rows": 10000, "Actual Loops": 1, "Output": ["supplier.s_suppkey", "supplier.s_nationkey"]}]}]}, {"Node Type": "Index Scan", "Parent Relationship": "Inner", "Parallel Aware": false, "Scan Direction": "Forward", "Index Name": "nation_pkey", "Relation Name": "nation", "Schema": "public", "Alias": "n2", "Startup Cost": 0.15, "Total Cost": 0.17, "Plan Rows": 1, "Plan Width": 33, "Actual Startup Time": 0.005, "Actual Total Time": 0.005, "Actual Rows": 1, "Actual Loops": 2613, "Output": ["n2.n_nationkey", "n2.n_name", "n2.n_regionkey", "n2.n_comment"], "Index Cond": "(n2.n_nationkey = supplier.s_nationkey)", "Rows Removed by Index Recheck": 0}]}]}]}, "Planning Time": 2.382, "Triggers": [], "Execution Time": 12609.781}]
q13#####[{"Plan": {"Node Type": "Sort", "Parallel Aware": false, "Startup Cost": 254252.31, "Total Cost": 254266.55, "Plan Rows": 5697, "Plan Width": 205, "Actual Startup Time": 5511.122, "Actual Total Time": 5520.719, "Actual Rows": 37614, "Actual Loops": 1, "Output": ["customer.c_custkey", "customer.c_name", "(sum((lineitem.l_extendedprice * ('1'::numeric - lineitem.l_discount))))", "customer.c_acctbal", "nation.n_name", "customer.c_address", "customer.c_phone", "customer.c_comment"], "Sort Key": ["(sum((lineitem.l_extendedprice * ('1'::numeric - lineitem.l_discount)))) DESC"], "Sort Method": "external merge", "Sort Space Used": 6368, "Sort Space Type": "Disk", "Plans": [{"Node Type": "Aggregate", "Strategy": "Sorted", "Partial Mode": "Simple", "Parent Relationship": "Outer", "Parallel Aware": false, "Startup Cost": 253669.05, "Total Cost": 253896.93, "Plan Rows": 5697, "Plan Width": 205, "Actual Startup Time": 5257.314, "Actual Total Time": 5431.549, "Actual Rows": 37614, "Actual Loops": 1, "Output": ["customer.c_custkey", "customer.c_name", "sum((lineitem.l_extendedprice * ('1'::numeric - lineitem.l_discount)))", "customer.c_acctbal", "nation.n_name", "customer.c_address", "customer.c_phone", "customer.c_comment"], "Group Key": ["customer.c_custkey", "customer.c_name", "customer.c_acctbal", "customer.c_phone", "nation.n_name", "customer.c_address", "customer.c_comment"], "Plans": [{"Node Type": "Sort", "Parent Relationship": "Outer", "Parallel Aware": false, "Startup Cost": 253669.05, "Total Cost": 253683.29, "Plan Rows": 5697, "Plan Width": 185, "Actual Startup Time": 5257.265, "Actual Total Time": 5298.012, "Actual Rows": 112954, "Actual Loops": 1, "Output": ["customer.c_custkey", "customer.c_name", "customer.c_acctbal", "nation.n_name", "customer.c_address", "customer.c_phone", "customer.c_comment", "lineitem.l_extendedprice", "lineitem.l_discount"], "Sort Key": ["customer.c_custkey", "customer.c_name", "customer.c_acctbal", "customer.c_phone", "nation.n_name", "customer.c_address", "customer.c_comment"], "Sort Method": "external merge", "Sort Space Used": 19600, "Sort Space Type": "Disk", "Plans": [{"Node Type": "Hash Join", "Parent Relationship": "Outer", "Parallel Aware": false, "Join Type": "Inner", "Startup Cost": 243758.12, "Total Cost": 253313.67, "Plan Rows": 5697, "Plan Width": 185, "Actual Startup Time": 4530.01, "Actual Total Time": 4759.657, "Actual Rows": 112954, "Actual Loops": 1, "Output": ["customer.c_custkey", "customer.c_name", "customer.c_acctbal", "nation.n_name", "customer.c_address", "customer.c_phone", "customer.c_comment", "lineitem.l_extendedprice", "lineitem.l_discount"], "Inner Unique": true, "Hash Cond": "(customer.c_nationkey = nation.n_nationkey)", "Plans": [{"Node Type": "Hash Join", "Parent Relationship": "Outer", "Parallel Aware": false, "Join Type": "Inner", "Startup Cost": 243736.64, "Total Cost": 253141.39, "Plan Rows": 56975, "Plan Width": 160, "Actual Startup Time": 4529.938, "Actual Total Time": 4735.971, "Actual Rows": 112954, "Actual Loops": 1, "Output": ["customer.c_custkey", "customer.c_name", "customer.c_acctbal", "customer.c_address", "customer.c_phone", "customer.c_comment", "customer.c_nationkey", "lineitem.l_extendedprice", "lineitem.l_discount"], "Inner Unique": false, "Hash Cond": "(customer.c_custkey = orders.o_custkey)", "Plans": [{"Node Type": "Seq Scan", "Parent Relationship": "Outer", "Parallel Aware": false, "Relation Name": "customer", "Schema": "public", "Alias": "customer", "Startup Cost": 0.0, "Total Cost": 5085.0, "Plan Rows": 150000, "Plan Width": 148, "Actual Startup Time": 0.021, "Actual Total Time": 17.737, "Actual Rows": 150000, "Actual Loops": 1, "Output": ["customer.c_custkey", "customer.c_name", "customer.c_address", "customer.c_nationkey", "customer.c_phone", "customer.c_acctbal", "customer.c_mktsegment", "customer.c_comment"]}, {"Node Type": "Hash", "Parent Relationship": "Inner", "Parallel Aware": false, "Startup Cost": 243024.45, "Total Cost": 243024.45, "Plan Rows": 56975, "Plan Width": 16, "Actual Startup Time": 4529.495, "Actual Total Time": 4529.518, "Actual Rows": 112954, "Actual Loops": 1, "Output": ["orders.o_custkey", "lineitem.l_extendedprice", "lineitem.l_discount"], "Hash Buckets": 131072, "Original Hash Buckets": 65536, "Hash Batches": 2, "Original Hash Batches": 1, "Peak Memory Usage": 3750, "Plans": [{"Node Type": "Hash Join", "Parent Relationship": "Outer", "Parallel Aware": false, "Join Type": "Inner", "Startup Cost": 49306.93, "Total Cost": 243024.45, "Plan Rows": 56975, "Plan Width": 16, "Actual Startup Time": 258.282, "Actual Total Time": 4380.92, "Actual Rows": 112954, "Actual Loops": 1, "Output": ["orders.o_custkey", "lineitem.l_extendedprice", "lineitem.l_discount"], "Inner Unique": false, "Hash Cond": "(lineitem.l_orderkey = orders.o_orderkey)", "Plans": [{"Node Type": "Seq Scan", "Parent Relationship": "Outer", "Parallel Aware": false, "Relation Name": "lineitem", "Schema": "public", "Alias": "lineitem", "Startup Cost": 0.0, "Total Cost": 187520.7, "Plan Rows": 1500554, "Plan Width": 16, "Actual Startup Time": 0.019, "Actual Total Time": 3659.791, "Actual Rows": 1478870, "Actual Loops": 1, "Output": ["lineitem.l_orderkey", "lineitem.l_partkey", "lineitem.l_suppkey", "lineitem.l_linenumber", "lineitem.l_quantity", "lineitem.l_extendedprice", "lineitem.l_discount", "lineitem.l_tax", "lineitem.l_returnflag", "lineitem.l_linestatus", "lineitem.l_shipdate", "lineitem.l_commitdate", "lineitem.l_receiptdate", "lineitem.l_shipinstruct", "lineitem.l_shipmode", "lineitem.l_comment"], "Filter": "(lineitem.l_returnflag = 'R'::bpchar)", "Rows Removed by Filter": 4522345}, {"Node Type": "Hash", "Parent Relationship": "Inner", "Parallel Aware": false, "Startup Cost": 48595.0, "Total Cost": 48595.0, "Plan Rows": 56954, "Plan Width": 8, "Actual Startup Time": 258.073, "Actual Total Time": 258.083, "Actual Rows": 56468, "Actual Loops": 1, "Output": ["orders.o_custkey", "orders.o_orderkey"], "Hash Buckets": 65536, "Original Hash Buckets": 65536, "Hash Batches": 1, "Original Hash Batches": 1, "Peak Memory Usage": 2718, "Plans": [{"Node Type": "Seq Scan", "Parent Relationship": "Outer", "Parallel Aware": false, "Relation Name": "orders", "Schema": "public", "Alias": "orders", "Startup Cost": 0.0, "Total Cost": 48595.0, "Plan Rows": 56954, "Plan Width": 8, "Actual Startup Time": 0.047, "Actual Total Time": 241.147, "Actual Rows": 56468, "Actual Loops": 1, "Output": ["orders.o_custkey", "orders.o_orderkey"], "Filter": "((orders.o_orderdate >= '1994-09-02'::date) AND (orders.o_orderdate < '1994-12-02 00:00:00'::timestamp without time zone))", "Rows Removed by Filter": 1443532}]}]}]}]}, {"Node Type": "Hash", "Parent Relationship": "Inner", "Parallel Aware": false, "Startup Cost": 15.1, "Total Cost": 15.1, "Plan Rows": 510, "Plan Width": 33, "Actual Startup Time": 0.015, "Actual Total Time": 0.026, "Actual Rows": 25, "Actual Loops": 1, "Output": ["nation.n_name", "nation.n_nationkey"], "Hash Buckets": 1024, "Original Hash Buckets": 1024, "Hash Batches": 1, "Original Hash Batches": 1, "Peak Memory Usage": 10, "Plans": [{"Node Type": "Seq Scan", "Parent Relationship": "Outer", "Parallel Aware": false, "Relation Name": "nation", "Schema": "public", "Alias": "nation", "Startup Cost": 0.0, "Total Cost": 15.1, "Plan Rows": 510, "Plan Width": 33, "Actual Startup Time": 0.008, "Actual Total Time": 0.014, "Actual Rows": 25, "Actual Loops": 1, "Output": ["nation.n_name", "nation.n_nationkey"]}]}]}]}]}]}, "Planning Time": 64.63, "Triggers": [], "Execution Time": 5621.97}]
q14#####[{"Plan": {"Node Type": "Sort", "Parallel Aware": false, "Startup Cost": 254138.41, "Total Cost": 254152.22, "Plan Rows": 5523, "Plan Width": 205, "Actual Startup Time": 5625.012, "Actual Total Time": 5632.425, "Actual Rows": 35593, "Actual Loops": 1, "Output": ["customer.c_custkey", "customer.c_name", "(sum((lineitem.l_extendedprice * ('1'::numeric - lineitem.l_discount))))", "customer.c_acctbal", "nation.n_name", "customer.c_address", "customer.c_phone", "customer.c_comment"], "Sort Key": ["(sum((lineitem.l_extendedprice * ('1'::numeric - lineitem.l_discount)))) DESC"], "Sort Method": "external merge", "Sort Space Used": 6016, "Sort Space Type": "Disk", "Plans": [{"Node Type": "Aggregate", "Strategy": "Sorted", "Partial Mode": "Simple", "Parent Relationship": "Outer", "Parallel Aware": false, "Startup Cost": 253574.2, "Total Cost": 253795.12, "Plan Rows": 5523, "Plan Width": 205, "Actual Startup Time": 5442.832, "Actual Total Time": 5583.001, "Actual Rows": 35593, "Actual Loops": 1, "Output": ["customer.c_custkey", "customer.c_name", "sum((lineitem.l_extendedprice * ('1'::numeric - lineitem.l_discount)))", "customer.c_acctbal", "nation.n_name", "customer.c_address", "customer.c_phone", "customer.c_comment"], "Group Key": ["customer.c_custkey", "customer.c_name", "customer.c_acctbal", "customer.c_phone", "nation.n_name", "customer.c_address", "customer.c_comment"], "Plans": [{"Node Type": "Sort", "Parent Relationship": "Outer", "Parallel Aware": false, "Startup Cost": 253574.2, "Total Cost": 253588.01, "Plan Rows": 5523, "Plan Width": 185, "Actual Startup Time": 5442.76, "Actual Total Time": 5473.445, "Actual Rows": 94907, "Actual Loops": 1, "Output": ["customer.c_custkey", "customer.c_name", "customer.c_acctbal", "nation.n_name", "customer.c_address", "customer.c_phone", "customer.c_comment", "lineitem.l_extendedprice", "lineitem.l_discount"], "Sort Key": ["customer.c_custkey", "customer.c_name", "customer.c_acctbal", "customer.c_phone", "nation.n_name", "customer.c_address", "customer.c_comment"], "Sort Method": "external merge", "Sort Space Used": 16440, "Sort Space Type": "Disk", "Plans": [{"Node Type": "Hash Join", "Parent Relationship": "Outer", "Parallel Aware": false, "Join Type": "Inner", "Startup Cost": 243697.33, "Total Cost": 253230.91, "Plan Rows": 5523, "Plan Width": 185, "Actual Startup Time": 4727.236, "Actual Total Time": 5166.325, "Actual Rows": 94907, "Actual Loops": 1, "Output": ["customer.c_custkey", "customer.c_name", "customer.c_acctbal", "nation.n_name", "customer.c_address", "customer.c_phone", "customer.c_comment", "lineitem.l_extendedprice", "lineitem.l_discount"], "Inner Unique": true, "Hash Cond": "(customer.c_nationkey = nation.n_nationkey)", "Plans": [{"Node Type": "Hash Join", "Parent Relationship": "Outer", "Parallel Aware": false, "Join Type": "Inner", "Startup Cost": 243675.86, "Total Cost": 253063.24, "Plan Rows": 55238, "Plan Width": 160, "Actual Startup Time": 4727.201, "Actual Total Time": 5122.894, "Actual Rows": 94907, "Actual Loops": 1, "Output": ["customer.c_custkey", "customer.c_name", "customer.c_acctbal", "customer.c_address", "customer.c_phone", "customer.c_comment", "customer.c_nationkey", "lineitem.l_extendedprice", "lineitem.l_discount"], "Inner Unique": false, "Hash Cond": "(customer.c_custkey = orders.o_custkey)", "Plans": [{"Node Type": "Seq Scan", "Parent Relationship": "Outer", "Parallel Aware": false, "Relation Name": "customer", "Schema": "public", "Alias": "customer", "Startup Cost": 0.0, "Total Cost": 5085.0, "Plan Rows": 150000, "Plan Width": 148, "Actual Startup Time": 0.012, "Actual Total Time": 28.361, "Actual Rows": 150000, "Actual Loops": 1, "Output": ["customer.c_custkey", "customer.c_name", "customer.c_address", "customer.c_nationkey", "customer.c_phone", "customer.c_acctbal", "customer.c_mktsegment", "customer.c_comment"]}, {"Node Type": "Hash", "Parent Relationship": "Inner", "Parallel Aware": false, "Startup Cost": 242985.38, "Total Cost": 242985.38, "Plan Rows": 55238, "Plan Width": 16, "Actual Startup Time": 4726.968, "Actual Total Time": 4727.005, "Actual Rows": 94907, "Actual Loops": 1, "Output": ["orders.o_custkey", "lineitem.l_extendedprice", "lineitem.l_discount"], "Hash Buckets": 131072, "Original Hash Buckets": 65536, "Hash Batches": 2, "Original Hash Batches": 1, "Peak Memory Usage": 3324, "Plans": [{"Node Type": "Hash Join", "Parent Relationship": "Outer", "Parallel Aware": false, "Join Type": "Inner", "Startup Cost": 49285.22, "Total Cost": 242985.38, "Plan Rows": 55238, "Plan Width": 16, "Actual Startup Time": 385.927, "Actual Total Time": 4351.727, "Actual Rows": 94907, "Actual Loops": 1, "Output": ["orders.o_custkey", "lineitem.l_extendedprice", "lineitem.l_discount"], "Inner Unique": false, "Hash Cond": "(lineitem.l_orderkey = orders.o_orderkey)", "Plans": [{"Node Type": "Seq Scan", "Parent Relationship": "Outer", "Parallel Aware": false, "Relation Name": "lineitem", "Schema": "public", "Alias": "lineitem", "Startup Cost": 0.0, "Total Cost": 187520.7, "Plan Rows": 1500554, "Plan Width": 16, "Actual Startup Time": 0.015, "Actual Total Time": 3368.095, "Actual Rows": 1478870, "Actual Loops": 1, "Output": ["lineitem.l_orderkey", "lineitem.l_partkey", "lineitem.l_suppkey", "lineitem.l_linenumber", "lineitem.l_quantity", "lineitem.l_extendedprice", "lineitem.l_discount", "lineitem.l_tax", "lineitem.l_returnflag", "lineitem.l_linestatus", "lineitem.l_shipdate", "lineitem.l_commitdate", "lineitem.l_receiptdate", "lineitem.l_shipinstruct", "lineitem.l_shipmode", "lineitem.l_comment"], "Filter": "(lineitem.l_returnflag = 'R'::bpchar)", "Rows Removed by Filter": 4522345}, {"Node Type": "Hash", "Parent Relationship": "Inner", "Parallel Aware": false, "Startup Cost": 48595.0, "Total Cost": 48595.0, "Plan Rows": 55218, "Plan Width": 8, "Actual Startup Time": 385.782, "Actual Total Time": 385.792, "Actual Rows": 56506, "Actual Loops": 1, "Output": ["orders.o_custkey", "orders.o_orderkey"], "Hash Buckets": 65536, "Original Hash Buckets": 65536, "Hash Batches": 1, "Original Hash Batches": 1, "Peak Memory Usage": 2720, "Plans": [{"Node Type": "Seq Scan", "Parent Relationship": "Outer", "Parallel Aware": false, "Relation Name": "orders", "Schema": "public", "Alias": "orders", "Startup Cost": 0.0, "Total Cost": 48595.0, "Plan Rows": 55218, "Plan Width": 8, "Actual Startup Time": 0.014, "Actual Total Time": 353.872, "Actual Rows": 56506, "Actual Loops": 1, "Output": ["orders.o_custkey", "orders.o_orderkey"], "Filter": "((orders.o_orderdate >= '1995-01-01'::date) AND (orders.o_orderdate < '1995-04-01 00:00:00'::timestamp without time zone))", "Rows Removed by Filter": 1443494}]}]}]}]}, {"Node Type": "Hash", "Parent Relationship": "Inner", "Parallel Aware": false, "Startup Cost": 15.1, "Total Cost": 15.1, "Plan Rows": 510, "Plan Width": 33, "Actual Startup Time": 0.008, "Actual Total Time": 0.009, "Actual Rows": 25, "Actual Loops": 1, "Output": ["nation.n_name", "nation.n_nationkey"], "Hash Buckets": 1024, "Original Hash Buckets": 1024, "Hash Batches": 1, "Original Hash Batches": 1, "Peak Memory Usage": 10, "Plans": [{"Node Type": "Seq Scan", "Parent Relationship": "Outer", "Parallel Aware": false, "Relation Name": "nation", "Schema": "public", "Alias": "nation", "Startup Cost": 0.0, "Total Cost": 15.1, "Plan Rows": 510, "Plan Width": 33, "Actual Startup Time": 0.003, "Actual Total Time": 0.004, "Actual Rows": 25, "Actual Loops": 1, "Output": ["nation.n_name", "nation.n_nationkey"]}]}]}]}]}]}, "Planning Time": 2.922, "Triggers": [], "Execution Time": 5643.209}]
q16#####[{"Plan": {"Node Type": "Sort", "Parallel Aware": false, "Startup Cost": 250792.16, "Total Cost": 250792.21, "Plan Rows": 21, "Plan Width": 61, "Actual Startup Time": 3854.827, "Actual Total Time": 3854.848, "Actual Rows": 5, "Actual Loops": 1, "Output": ["nation.n_name", "(sum((lineitem.l_extendedprice * ('1'::numeric - lineitem.l_discount))))"], "Sort Key": ["(sum((lineitem.l_extendedprice * ('1'::numeric - lineitem.l_discount)))) DESC"], "Sort Method": "quicksort", "Sort Space Used": 25, "Sort Space Type": "Memory", "Plans": [{"Node Type": "Aggregate", "Strategy": "Sorted", "Partial Mode": "Simple", "Parent Relationship": "Outer", "Parallel Aware": false, "Startup Cost": 250791.18, "Total Cost": 250791.7, "Plan Rows": 21, "Plan Width": 61, "Actual Startup Time": 3853.511, "Actual Total Time": 3854.771, "Actual Rows": 5, "Actual Loops": 1, "Output": ["nation.n_name", "sum((lineitem.l_extendedprice * ('1'::numeric - lineitem.l_discount)))"], "Group Key": ["nation.n_name"], "Plans": [{"Node Type": "Sort", "Parent Relationship": "Outer", "Parallel Aware": false, "Startup Cost": 250791.18, "Total Cost": 250791.23, "Plan Rows": 21, "Plan Width": 41, "Actual Startup Time": 3853.155, "Actual Total Time": 3853.461, "Actual Rows": 7251, "Actual Loops": 1, "Output": ["nation.n_name", "lineitem.l_extendedprice", "lineitem.l_discount"], "Sort Key": ["nation.n_name"], "Sort Method": "quicksort", "Sort Space Used": 756, "Sort Space Type": "Memory", "Plans": [{"Node Type": "Hash Join", "Parent Relationship": "Outer", "Parallel Aware": false, "Join Type": "Inner", "Startup Cost": 55671.91, "Total Cost": 250790.71, "Plan Rows": 21, "Plan Width": 41, "Actual Startup Time": 1606.75, "Actual Total Time": 3845.264, "Actual Rows": 7251, "Actual Loops": 1, "Output": ["nation.n_name", "lineitem.l_extendedprice", "lineitem.l_discount"], "Inner Unique": false, "Hash Cond": "((lineitem.l_suppkey = supplier.s_suppkey) AND (customer.c_nationkey = supplier.s_nationkey))", "Plans": [{"Node Type": "Hash Join", "Parent Relationship": "Outer", "Parallel Aware": false, "Join Type": "Inner", "Startup Cost": 55199.91, "Total Cost": 250276.19, "Plan Rows": 5383, "Plan Width": 53, "Actual Startup Time": 1600.387, "Actual Total Time": 3781.255, "Actual Rows": 179992, "Actual Loops": 1, "Output": ["customer.c_nationkey", "lineitem.l_extendedprice", "lineitem.l_discount", "lineitem.l_suppkey", "nation.n_name", "nation.n_nationkey"], "Inner Unique": false, "Hash Cond": "(lineitem.l_orderkey = orders.o_orderkey)", "Plans": [{"Node Type": "Seq Scan", "Parent Relationship": "Outer", "Parallel Aware": false, "Relation Name": "lineitem", "Schema": "public", "Alias": "lineitem", "Startup Cost": 0.0, "Total Cost": 172517.16, "Plan Rows": 6001416, "Plan Width": 20, "Actual Startup Time": 0.029, "Actual Total Time": 1247.637, "Actual Rows": 6001215, "Actual Loops": 1, "Output": ["lineitem.l_orderkey", "lineitem.l_partkey", "lineitem.l_suppkey", "lineitem.l_linenumber", "lineitem.l_quantity", "lineitem.l_extendedprice", "lineitem.l_discount", "lineitem.l_tax", "lineitem.l_returnflag", "lineitem.l_linestatus", "lineitem.l_shipdate", "lineitem.l_commitdate", "lineitem.l_receiptdate", "lineitem.l_shipinstruct", "lineitem.l_shipmode", "lineitem.l_comment"]}, {"Node Type": "Hash", "Parent Relationship": "Inner", "Parallel Aware": false, "Startup Cost": 55183.1, "Total Cost": 55183.1, "Plan Rows": 1345, "Plan Width": 41, "Actual Startup Time": 1600.02, "Actual Total Time": 1600.037, "Actual Rows": 45009, "Actual Loops": 1, "Output": ["customer.c_nationkey", "orders.o_orderkey", "nation.n_name", "nation.n_nationkey"], "Hash Buckets": 65536, "Original Hash Buckets": 2048, "Hash Batches": 1, "Original Hash Batches": 1, "Peak Memory Usage": 2868, "Plans": [{"Node Type": "Hash Join", "Parent Relationship": "Outer", "Parallel Aware": false, "Join Type": "Inner", "Startup Cost": 5700.16, "Total Cost": 55183.1, "Plan Rows": 1345, "Plan Width": 41, "Actual Startup Time": 187.292, "Actual Total Time": 1553.528, "Actual Rows": 45009, "Actual Loops": 1, "Output": ["customer.c_nationkey", "orders.o_orderkey", "nation.n_name", "nation.n_nationkey"], "Inner Unique": false, "Hash Cond": "(orders.o_custkey = customer.c_custkey)", "Plans": [{"Node Type": "Seq Scan", "Parent Relationship": "Outer", "Parallel Aware": false, "Relation Name": "orders", "Schema": "public", "Alias": "orders", "Startup Cost": 0.0, "Total Cost": 48595.0, "Plan Rows": 233198, "Plan Width": 8, "Actual Startup Time": 0.009, "Actual Total Time": 1167.861, "Actual Rows": 227597, "Actual Loops": 1, "Output": ["orders.o_orderkey", "orders.o_custkey", "orders.o_orderstatus", "orders.o_totalprice", "orders.o_orderdate", "orders.o_orderpriority", "orders.o_clerk", "orders.o_shippriority", "orders.o_comment"], "Filter": "((orders.o_orderdate >= '1994-01-01'::date) AND (orders.o_orderdate < '1995-01-01 00:00:00'::timestamp without time zone))", "Rows Removed by Filter": 1272403}, {"Node Type": "Hash", "Parent Relationship": "Inner", "Parallel Aware": false, "Startup Cost": 5689.34, "Total Cost": 5689.34, "Plan Rows": 865, "Plan Width": 41, "Actual Startup Time": 187.229, "Actual Total Time": 187.241, "Actual Rows": 29904, "Actual Loops": 1, "Output": ["customer.c_custkey", "customer.c_nationkey", "nation.n_name", "nation.n_nationkey"], "Hash Buckets": 32768, "Original Hash Buckets": 1024, "Hash Batches": 1, "Original Hash Batches": 1, "Peak Memory Usage": 1821, "Plans": [{"Node Type": "Hash Join", "Parent Relationship": "Outer", "Parallel Aware": false, "Join Type": "Inner", "Startup Cost": 33.02, "Total Cost": 5689.34, "Plan Rows": 865, "Plan Width": 41, "Actual Startup Time": 0.114, "Actual Total Time": 176.013, "Actual Rows": 29904, "Actual Loops": 1, "Output": ["customer.c_custkey", "customer.c_nationkey", "nation.n_name", "nation.n_nationkey"], "Inner Unique": false, "Hash Cond": "(customer.c_nationkey = nation.n_nationkey)", "Plans": [{"Node Type": "Seq Scan", "Parent Relationship": "Outer", "Parallel Aware": false, "Relation Name": "customer", "Schema": "public", "Alias": "customer", "Startup Cost": 0.0, "Total Cost": 5085.0, "Plan Rows": 150000, "Plan Width": 8, "Actual Startup Time": 0.009, "Actual Total Time": 45.134, "Actual Rows": 150000, "Actual Loops": 1, "Output": ["customer.c_custkey", "customer.c_name", "customer.c_address", "customer.c_nationkey", "customer.c_phone", "customer.c_acctbal", "customer.c_mktsegment", "customer.c_comment"]}, {"Node Type": "Hash", "Parent Relationship": "Inner", "Parallel Aware": false, "Startup Cost": 32.99, "Total Cost": 32.99, "Plan Rows": 3, "Plan Width": 33, "Actual Startup Time": 0.061, "Actual Total Time": 0.065, "Actual Rows": 5, "Actual Loops": 1, "Output": ["nation.n_name", "nation.n_nationkey"], "Hash Buckets": 1024, "Original Hash Buckets": 1024, "Hash Batches": 1, "Original Hash Batches": 1, "Peak Memory Usage": 9, "Plans": [{"Node Type": "Hash Join", "Parent Relationship": "Outer", "Parallel Aware": false, "Join Type": "Inner", "Startup Cost": 16.54, "Total Cost": 32.99, "Plan Rows": 3, "Plan Width": 33, "Actual Startup Time": 0.046, "Actual Total Time": 0.05, "Actual Rows": 5, "Actual Loops": 1, "Output": ["nation.n_name", "nation.n_nationkey"], "Inner Unique": true, "Hash Cond": "(nation.n_regionkey = region.r_regionkey)", "Plans": [{"Node Type": "Seq Scan", "Parent Relationship": "Outer", "Parallel Aware": false, "Relation Name": "nation", "Schema": "public", "Alias": "nation", "Startup Cost": 0.0, "Total Cost": 15.1, "Plan Rows": 510, "Plan Width": 37, "Actual Startup Time": 0.003, "Actual Total Time": 0.004, "Actual Rows": 25, "Actual Loops": 1, "Output": ["nation.n_nationkey", "nation.n_name", "nation.n_regionkey", "nation.n_comment"]}, {"Node Type": "Hash", "Parent Relationship": "Inner", "Parallel Aware": false, "Startup Cost": 16.5, "Total Cost": 16.5, "Plan Rows": 3, "Plan Width": 4, "Actual Startup Time": 0.01, "Actual Total Time": 0.01, "Actual Rows": 1, "Actual Loops": 1, "Output": ["region.r_regionkey"], "Hash Buckets": 1024, "Original Hash Buckets": 1024, "Hash Batches": 1, "Original Hash Batches": 1, "Peak Memory Usage": 9, "Plans": [{"Node Type": "Seq Scan", "Parent Relationship": "Outer", "Parallel Aware": false, "Relation Name": "region", "Schema": "public", "Alias": "region", "Startup Cost": 0.0, "Total Cost": 16.5, "Plan Rows": 3, "Plan Width": 4, "Actual Startup Time": 0.008, "Actual Total Time": 0.008, "Actual Rows": 1, "Actual Loops": 1, "Output": ["region.r_regionkey"], "Filter": "((region.r_name)::text = 'MIDDLE EAST'::text)", "Rows Removed by Filter": 4}]}]}]}]}]}]}]}]}, {"Node Type": "Hash", "Parent Relationship": "Inner", "Parallel Aware": false, "Startup Cost": 322.0, "Total Cost": 322.0, "Plan Rows": 10000, "Plan Width": 8, "Actual Startup Time": 4.351, "Actual Total Time": 4.351, "Actual Rows": 10000, "Actual Loops": 1, "Output": ["supplier.s_suppkey", "supplier.s_nationkey"], "Hash Buckets": 16384, "Original Hash Buckets": 16384, "Hash Batches": 1, "Original Hash Batches": 1, "Peak Memory Usage": 519, "Plans": [{"Node Type": "Seq Scan", "Parent Relationship": "Outer", "Parallel Aware": false, "Relation Name": "supplier", "Schema": "public", "Alias": "supplier", "Startup Cost": 0.0, "Total Cost": 322.0, "Plan Rows": 10000, "Plan Width": 8, "Actual Startup Time": 0.005, "Actual Total Time": 1.225, "Actual Rows": 10000, "Actual Loops": 1, "Output": ["supplier.s_suppkey", "supplier.s_nationkey"]}]}]}]}]}]}, "Planning Time": 84.418, "Triggers": [], "Execution Time": 3855.366}]
q15#####[{"Plan": {"Node Type": "Aggregate", "Strategy": "Sorted", "Partial Mode": "Simple", "Parallel Aware": false, "Startup Cost": 258280.29, "Total Cost": 258280.56, "Plan Rows": 6, "Plan Width": 40, "Actual Startup Time": 8928.053, "Actual Total Time": 8928.379, "Actual Rows": 2, "Actual Loops": 1, "Output": ["(date_part('year'::text, (orders.o_orderdate)::timestamp without time zone))", "(sum(CASE WHEN ((n2.n_name)::text = 'EGYPT'::text) THEN (lineitem.l_extendedprice * ('1'::numeric - lineitem.l_discount)) ELSE '0'::numeric END) / sum((lineitem.l_extendedprice * ('1'::numeric - lineitem.l_discount))))"], "Group Key": ["(date_part('year'::text, (orders.o_orderdate)::timestamp without time zone))"], "Plans": [{"Node Type": "Sort", "Parent Relationship": "Outer", "Parallel Aware": false, "Startup Cost": 258280.29, "Total Cost": 258280.31, "Plan Rows": 6, "Plan Width": 49, "Actual Startup Time": 8927.685, "Actual Total Time": 8927.85, "Actual Rows": 2493, "Actual Loops": 1, "Output": ["(date_part('year'::text, (orders.o_orderdate)::timestamp without time zone))", "n2.n_name", "lineitem.l_extendedprice", "lineitem.l_discount"], "Sort Key": ["(date_part('year'::text, (orders.o_orderdate)::timestamp without time zone))"], "Sort Method": "quicksort", "Sort Space Used": 291, "Sort Space Type": "Memory", "Plans": [{"Node Type": "Nested Loop", "Parent Relationship": "Outer", "Parallel Aware": false, "Join Type": "Inner", "Startup Cost": 63101.7, "Total Cost": 258280.22, "Plan Rows": 6, "Plan Width": 49, "Actual Startup Time": 1452.41, "Actual Total Time": 8922.928, "Actual Rows": 2493, "Actual Loops": 1, "Output": ["date_part('year'::text, (orders.o_orderdate)::timestamp without time zone)", "n2.n_name", "lineitem.l_extendedprice", "lineitem.l_discount"], "Inner Unique": true, "Plans": [{"Node Type": "Hash Join", "Parent Relationship": "Outer", "Parallel Aware": false, "Join Type": "Inner", "Startup Cost": 63101.55, "Total Cost": 258268.47, "Plan Rows": 69, "Plan Width": 20, "Actual Startup Time": 1452.052, "Actual Total Time": 8898.875, "Actual Rows": 2493, "Actual Loops": 1, "Output": ["lineitem.l_extendedprice", "lineitem.l_discount", "supplier.s_nationkey", "orders.o_orderdate"], "Inner Unique": false, "Hash Cond": "(lineitem.l_suppkey = supplier.s_suppkey)", "Plans": [{"Node Type": "Hash Join", "Parent Relationship": "Outer", "Parallel Aware": false, "Join Type": "Inner", "Startup Cost": 62654.55, "Total Cost": 257820.52, "Plan Rows": 69, "Plan Width": 20, "Actual Startup Time": 1448.801, "Actual Total Time": 8856.039, "Actual Rows": 2493, "Actual Loops": 1, "Output": ["lineitem.l_extendedprice", "lineitem.l_discount", "lineitem.l_suppkey", "orders.o_orderdate"], "Inner Unique": false, "Hash Cond": "(lineitem.l_partkey = part.p_partkey)", "Plans": [{"Node Type": "Hash Join", "Parent Relationship": "Outer", "Parallel Aware": false, "Join Type": "Inner", "Startup Cost": 56040.94, "Total Cost": 251167.27, "Plan Rows": 10386, "Plan Width": 24, "Actual Startup Time": 1077.003, "Actual Total Time": 8414.696, "Actual Rows": 362344, "Actual Loops": 1, "Output": ["lineitem.l_extendedprice", "lineitem.l_discount", "lineitem.l_partkey", "lineitem.l_suppkey", "orders.o_orderdate"], "Inner Unique": false, "Hash Cond": "(lineitem.l_orderkey = orders.o_orderkey)", "Plans": [{"Node Type": "Seq Scan", "Parent Relationship": "Outer", "Parallel Aware": false, "Relation Name": "lineitem", "Schema": "public", "Alias": "lineitem", "Startup Cost": 0.0, "Total Cost": 172517.16, "Plan Rows": 6001416, "Plan Width": 24, "Actual Startup Time": 0.295, "Actual Total Time": 2151.995, "Actual Rows": 6001215, "Actual Loops": 1, "Output": ["lineitem.l_orderkey", "lineitem.l_partkey", "lineitem.l_suppkey", "lineitem.l_linenumber", "lineitem.l_quantity", "lineitem.l_extendedprice", "lineitem.l_discount", "lineitem.l_tax", "lineitem.l_returnflag", "lineitem.l_linestatus", "lineitem.l_shipdate", "lineitem.l_commitdate", "lineitem.l_receiptdate", "lineitem.l_shipinstruct", "lineitem.l_shipmode", "lineitem.l_comment"]}, {"Node Type": "Hash", "Parent Relationship": "Inner", "Parallel Aware": false, "Startup Cost": 56008.49, "Total Cost": 56008.49, "Plan Rows": 2596, "Plan Width": 8, "Actual Startup Time": 1074.193, "Actual Total Time": 1074.223, "Actual Rows": 90488, "Actual Loops": 1, "Output": ["orders.o_orderdate", "orders.o_orderkey"], "Hash Buckets": 131072, "Original Hash Buckets": 4096, "Hash Batches": 2, "Original Hash Batches": 1, "Peak Memory Usage": 3073, "Plans": [{"Node Type": "Hash Join", "Parent Relationship": "Outer", "Parallel Aware": false, "Join Type": "Inner", "Startup Cost": 5700.16, "Total Cost": 56008.49, "Plan Rows": 2596, "Plan Width": 8, "Actual Startup Time": 89.643, "Actual Total Time": 1022.699, "Actual Rows": 90488, "Actual Loops": 1, "Output": ["orders.o_orderdate", "orders.o_orderkey"], "Inner Unique": false, "Hash Cond": "(orders.o_custkey = customer.c_custkey)", "Plans": [{"Node Type": "Seq Scan", "Parent Relationship": "Outer", "Parallel Aware": false, "Relation Name": "orders", "Schema": "public", "Alias": "orders", "Startup Cost": 0.0, "Total Cost": 48595.0, "Plan Rows": 449969, "Plan Width": 12, "Actual Startup Time": 0.063, "Actual Total Time": 718.99, "Actual Rows": 457263, "Actual Loops": 1, "Output": ["orders.o_orderkey", "orders.o_custkey", "orders.o_orderstatus", "orders.o_totalprice", "orders.o_orderdate", "orders.o_orderpriority", "orders.o_clerk", "orders.o_shippriority", "orders.o_comment"], "Filter": "((orders.o_orderdate >= '1995-01-01'::date) AND (orders.o_orderdate <= '1996-12-31'::date))", "Rows Removed by Filter": 1042737}, {"Node Type": "Hash", "Parent Relationship": "Inner", "Parallel Aware": false, "Startup Cost": 5689.34, "Total Cost": 5689.34, "Plan Rows": 865, "Plan Width": 4, "Actual Startup Time": 89.458, "Actual Total Time": 89.483, "Actual Rows": 29904, "Actual Loops": 1, "Output": ["customer.c_custkey"], "Hash Buckets": 32768, "Original Hash Buckets": 1024, "Hash Batches": 1, "Original Hash Batches": 1, "Peak Memory Usage": 1308, "Plans": [{"Node Type": "Hash Join", "Parent Relationship": "Outer", "Parallel Aware": false, "Join Type": "Inner", "Startup Cost": 33.02, "Total Cost": 5689.34, "Plan Rows": 865, "Plan Width": 4, "Actual Startup Time": 0.971, "Actual Total Time": 74.049, "Actual Rows": 29904, "Actual Loops": 1, "Output": ["customer.c_custkey"], "Inner Unique": false, "Hash Cond": "(customer.c_nationkey = n1.n_nationkey)", "Plans": [{"Node Type": "Seq Scan", "Parent Relationship": "Outer", "Parallel Aware": false, "Relation Name": "customer", "Schema": "public", "Alias": "customer", "Startup Cost": 0.0, "Total Cost": 5085.0, "Plan Rows": 150000, "Plan Width": 8, "Actual Startup Time": 0.008, "Actual Total Time": 26.833, "Actual Rows": 150000, "Actual Loops": 1, "Output": ["customer.c_custkey", "customer.c_name", "customer.c_address", "customer.c_nationkey", "customer.c_phone", "customer.c_acctbal", "customer.c_mktsegment", "customer.c_comment"]}, {"Node Type": "Hash", "Parent Relationship": "Inner", "Parallel Aware": false, "Startup Cost": 32.99, "Total Cost": 32.99, "Plan Rows": 3, "Plan Width": 4, "Actual Startup Time": 0.671, "Actual Total Time": 0.682, "Actual Rows": 5, "Actual Loops": 1, "Output": ["n1.n_nationkey"], "Hash Buckets": 1024, "Original Hash Buckets": 1024, "Hash Batches": 1, "Original Hash Batches": 1, "Peak Memory Usage": 9, "Plans": [{"Node Type": "Hash Join", "Parent Relationship": "Outer", "Parallel Aware": false, "Join Type": "Inner", "Startup Cost": 16.54, "Total Cost": 32.99, "Plan Rows": 3, "Plan Width": 4, "Actual Startup Time": 0.625, "Actual Total Time": 0.637, "Actual Rows": 5, "Actual Loops": 1, "Output": ["n1.n_nationkey"], "Inner Unique": true, "Hash Cond": "(n1.n_regionkey = region.r_regionkey)", "Plans": [{"Node Type": "Seq Scan", "Parent Relationship": "Outer", "Parallel Aware": false, "Relation Name": "nation", "Schema": "public", "Alias": "n1", "Startup Cost": 0.0, "Total Cost": 15.1, "Plan Rows": 510, "Plan Width": 8, "Actual Startup Time": 0.172, "Actual Total Time": 0.178, "Actual Rows": 25, "Actual Loops": 1, "Output": ["n1.n_nationkey", "n1.n_name", "n1.n_regionkey", "n1.n_comment"]}, {"Node Type": "Hash", "Parent Relationship": "Inner", "Parallel Aware": false, "Startup Cost": 16.5, "Total Cost": 16.5, "Plan Rows": 3, "Plan Width": 4, "Actual Startup Time": 0.031, "Actual Total Time": 0.034, "Actual Rows": 1, "Actual Loops": 1, "Output": ["region.r_regionkey"], "Hash Buckets": 1024, "Original Hash Buckets": 1024, "Hash Batches": 1, "Original Hash Batches": 1, "Peak Memory Usage": 9, "Plans": [{"Node Type": "Seq Scan", "Parent Relationship": "Outer", "Parallel Aware": false, "Relation Name": "region", "Schema": "public", "Alias": "region", "Startup Cost": 0.0, "Total Cost": 16.5, "Plan Rows": 3, "Plan Width": 4, "Actual Startup Time": 0.025, "Actual Total Time": 0.025, "Actual Rows": 1, "Actual Loops": 1, "Output": ["region.r_regionkey"], "Filter": "((region.r_name)::text = 'MIDDLE EAST'::text)", "Rows Removed by Filter": 4}]}]}]}]}]}]}]}]}, {"Node Type": "Hash", "Parent Relationship": "Inner", "Parallel Aware": false, "Startup Cost": 6597.0, "Total Cost": 6597.0, "Plan Rows": 1329, "Plan Width": 4, "Actual Startup Time": 350.878, "Actual Total Time": 350.879, "Actual Rows": 1359, "Actual Loops": 1, "Output": ["part.p_partkey"], "Hash Buckets": 2048, "Original Hash Buckets": 2048, "Hash Batches": 1, "Original Hash Batches": 1, "Peak Memory Usage": 64, "Plans": [{"Node Type": "Seq Scan", "Parent Relationship": "Outer", "Parallel Aware": false, "Relation Name": "part", "Schema": "public", "Alias": "part", "Startup Cost": 0.0, "Total Cost": 6597.0, "Plan Rows": 1329, "Plan Width": 4, "Actual Startup Time": 1.478, "Actual Total Time": 349.864, "Actual Rows": 1359, "Actual Loops": 1, "Output": ["part.p_partkey"], "Filter": "((part.p_type)::text = 'STANDARD ANODIZED STEEL'::text)", "Rows Removed by Filter": 198641}]}]}, {"Node Type": "Hash", "Parent Relationship": "Inner", "Parallel Aware": false, "Startup Cost": 322.0, "Total Cost": 322.0, "Plan Rows": 10000, "Plan Width": 8, "Actual Startup Time": 3.044, "Actual Total Time": 3.044, "Actual Rows": 10000, "Actual Loops": 1, "Output": ["supplier.s_suppkey", "supplier.s_nationkey"], "Hash Buckets": 16384, "Original Hash Buckets": 16384, "Hash Batches": 1, "Original Hash Batches": 1, "Peak Memory Usage": 519, "Plans": [{"Node Type": "Seq Scan", "Parent Relationship": "Outer", "Parallel Aware": false, "Relation Name": "supplier", "Schema": "public", "Alias": "supplier", "Startup Cost": 0.0, "Total Cost": 322.0, "Plan Rows": 10000, "Plan Width": 8, "Actual Startup Time": 0.017, "Actual Total Time": 1.66, "Actual Rows": 10000, "Actual Loops": 1, "Output": ["supplier.s_suppkey", "supplier.s_nationkey"]}]}]}, {"Node Type": "Index Scan", "Parent Relationship": "Inner", "Parallel Aware": false, "Scan Direction": "Forward", "Index Name": "nation_pkey", "Relation Name": "nation", "Schema": "public", "Alias": "n2", "Startup Cost": 0.15, "Total Cost": 0.17, "Plan Rows": 1, "Plan Width": 33, "Actual Startup Time": 0.006, "Actual Total Time": 0.006, "Actual Rows": 1, "Actual Loops": 2493, "Output": ["n2.n_nationkey", "n2.n_name", "n2.n_regionkey", "n2.n_comment"], "Index Cond": "(n2.n_nationkey = supplier.s_nationkey)", "Rows Removed by Index Recheck": 0}]}]}]}, "Planning Time": 10.339, "Triggers": [], "Execution Time": 8934.737}]
q17#####[{"Plan": {"Node Type": "Sort", "Parallel Aware": false, "Startup Cost": 250779.54, "Total Cost": 250779.6, "Plan Rows": 21, "Plan Width": 61, "Actual Startup Time": 3294.431, "Actual Total Time": 3294.447, "Actual Rows": 5, "Actual Loops": 1, "Output": ["nation.n_name", "(sum((lineitem.l_extendedprice * ('1'::numeric - lineitem.l_discount))))"], "Sort Key": ["(sum((lineitem.l_extendedprice * ('1'::numeric - lineitem.l_discount)))) DESC"], "Sort Method": "quicksort", "Sort Space Used": 25, "Sort Space Type": "Memory", "Plans": [{"Node Type": "Aggregate", "Strategy": "Sorted", "Partial Mode": "Simple", "Parent Relationship": "Outer", "Parallel Aware": false, "Startup Cost": 250778.56, "Total Cost": 250779.08, "Plan Rows": 21, "Plan Width": 61, "Actual Startup Time": 3292.84, "Actual Total Time": 3294.289, "Actual Rows": 5, "Actual Loops": 1, "Output": ["nation.n_name", "sum((lineitem.l_extendedprice * ('1'::numeric - lineitem.l_discount)))"], "Group Key": ["nation.n_name"], "Plans": [{"Node Type": "Sort", "Parent Relationship": "Outer", "Parallel Aware": false, "Startup Cost": 250778.56, "Total Cost": 250778.61, "Plan Rows": 21, "Plan Width": 41, "Actual Startup Time": 3292.522, "Actual Total Time": 3292.855, "Actual Rows": 7352, "Actual Loops": 1, "Output": ["nation.n_name", "lineitem.l_extendedprice", "lineitem.l_discount"], "Sort Key": ["nation.n_name"], "Sort Method": "quicksort", "Sort Space Used": 764, "Sort Space Type": "Memory", "Plans": [{"Node Type": "Hash Join", "Parent Relationship": "Outer", "Parallel Aware": false, "Join Type": "Inner", "Startup Cost": 55660.5, "Total Cost": 250778.1, "Plan Rows": 21, "Plan Width": 41, "Actual Startup Time": 1129.622, "Actual Total Time": 3286.158, "Actual Rows": 7352, "Actual Loops": 1, "Output": ["nation.n_name", "lineitem.l_extendedprice", "lineitem.l_discount"], "Inner Unique": false, "Hash Cond": "((lineitem.l_suppkey = supplier.s_suppkey) AND (customer.c_nationkey = supplier.s_nationkey))", "Plans": [{"Node Type": "Hash Join", "Parent Relationship": "Outer", "Parallel Aware": false, "Join Type": "Inner", "Startup Cost": 55188.5, "Total Cost": 250264.1, "Plan Rows": 5315, "Plan Width": 53, "Actual Startup Time": 1116.556, "Actual Total Time": 3209.113, "Actual Rows": 182884, "Actual Loops": 1, "Output": ["customer.c_nationkey", "lineitem.l_extendedprice", "lineitem.l_discount", "lineitem.l_suppkey", "nation.n_name", "nation.n_nationkey"], "Inner Unique": false, "Hash Cond": "(lineitem.l_orderkey = orders.o_orderkey)", "Plans": [{"Node Type": "Seq Scan", "Parent Relationship": "Outer", "Parallel Aware": false, "Relation Name": "lineitem", "Schema": "public", "Alias": "lineitem", "Startup Cost": 0.0, "Total Cost": 172517.16, "Plan Rows": 6001416, "Plan Width": 20, "Actual Startup Time": 0.194, "Actual Total Time": 1200.986, "Actual Rows": 6001215, "Actual Loops": 1, "Output": ["lineitem.l_orderkey", "lineitem.l_partkey", "lineitem.l_suppkey", "lineitem.l_linenumber", "lineitem.l_quantity", "lineitem.l_extendedprice", "lineitem.l_discount", "lineitem.l_tax", "lineitem.l_returnflag", "lineitem.l_linestatus", "lineitem.l_shipdate", "lineitem.l_commitdate", "lineitem.l_receiptdate", "lineitem.l_shipinstruct", "lineitem.l_shipmode", "lineitem.l_comment"]}, {"Node Type": "Hash", "Parent Relationship": "Inner", "Parallel Aware": false, "Startup Cost": 55171.9, "Total Cost": 55171.9, "Plan Rows": 1328, "Plan Width": 41, "Actual Startup Time": 1116.236, "Actual Total Time": 1116.25, "Actual Rows": 45831, "Actual Loops": 1, "Output": ["customer.c_nationkey", "orders.o_orderkey", "nation.n_name", "nation.n_nationkey"], "Hash Buckets": 65536, "Original Hash Buckets": 2048, "Hash Batches": 1, "Original Hash Batches": 1, "Peak Memory Usage": 2876, "Plans": [{"Node Type": "Hash Join", "Parent Relationship": "Outer", "Parallel Aware": false, "Join Type": "Inner", "Startup Cost": 5700.16, "Total Cost": 55171.9, "Plan Rows": 1328, "Plan Width": 41, "Actual Startup Time": 436.489, "Actual Total Time": 1087.377, "Actual Rows": 45831, "Actual Loops": 1, "Output": ["customer.c_nationkey", "orders.o_orderkey", "nation.n_name", "nation.n_nationkey"], "Inner Unique": false, "Hash Cond": "(orders.o_custkey = customer.c_custkey)", "Plans": [{"Node Type": "Seq Scan", "Parent Relationship": "Outer", "Parallel Aware": false, "Relation Name": "orders", "Schema": "public", "Alias": "orders", "Startup Cost": 0.0, "Total Cost": 48595.0, "Plan Rows": 230258, "Plan Width": 8, "Actual Startup Time": 0.036, "Actual Total Time": 545.483, "Actual Rows": 227876, "Actual Loops": 1, "Output": ["orders.o_orderkey", "orders.o_custkey", "orders.o_orderstatus", "orders.o_totalprice", "orders.o_orderdate", "orders.o_orderpriority", "orders.o_clerk", "orders.o_shippriority", "orders.o_comment"], "Filter": "((orders.o_orderdate >= '1997-01-10'::date) AND (orders.o_orderdate < '1998-01-10 00:00:00'::timestamp without time zone))", "Rows Removed by Filter": 1272124}, {"Node Type": "Hash", "Parent Relationship": "Inner", "Parallel Aware": false, "Startup Cost": 5689.34, "Total Cost": 5689.34, "Plan Rows": 865, "Plan Width": 41, "Actual Startup Time": 436.112, "Actual Total Time": 436.125, "Actual Rows": 30183, "Actual Loops": 1, "Output": ["customer.c_custkey", "customer.c_nationkey", "nation.n_name", "nation.n_nationkey"], "Hash Buckets": 32768, "Original Hash Buckets": 1024, "Hash Batches": 1, "Original Hash Batches": 1, "Peak Memory Usage": 1813, "Plans": [{"Node Type": "Hash Join", "Parent Relationship": "Outer", "Parallel Aware": false, "Join Type": "Inner", "Startup Cost": 33.02, "Total Cost": 5689.34, "Plan Rows": 865, "Plan Width": 41, "Actual Startup Time": 1.026, "Actual Total Time": 406.153, "Actual Rows": 30183, "Actual Loops": 1, "Output": ["customer.c_custkey", "customer.c_nationkey", "nation.n_name", "nation.n_nationkey"], "Inner Unique": false, "Hash Cond": "(customer.c_nationkey = nation.n_nationkey)", "Plans": [{"Node Type": "Seq Scan", "Parent Relationship": "Outer", "Parallel Aware": false, "Relation Name": "customer", "Schema": "public", "Alias": "customer", "Startup Cost": 0.0, "Total Cost": 5085.0, "Plan Rows": 150000, "Plan Width": 8, "Actual Startup Time": 0.017, "Actual Total Time": 70.281, "Actual Rows": 150000, "Actual Loops": 1, "Output": ["customer.c_custkey", "customer.c_name", "customer.c_address", "customer.c_nationkey", "customer.c_phone", "customer.c_acctbal", "customer.c_mktsegment", "customer.c_comment"]}, {"Node Type": "Hash", "Parent Relationship": "Inner", "Parallel Aware": false, "Startup Cost": 32.99, "Total Cost": 32.99, "Plan Rows": 3, "Plan Width": 33, "Actual Startup Time": 0.971, "Actual Total Time": 0.979, "Actual Rows": 5, "Actual Loops": 1, "Output": ["nation.n_name", "nation.n_nationkey"], "Hash Buckets": 1024, "Original Hash Buckets": 1024, "Hash Batches": 1, "Original Hash Batches": 1, "Peak Memory Usage": 9, "Plans": [{"Node Type": "Hash Join", "Parent Relationship": "Outer", "Parallel Aware": false, "Join Type": "Inner", "Startup Cost": 16.54, "Total Cost": 32.99, "Plan Rows": 3, "Plan Width": 33, "Actual Startup Time": 0.945, "Actual Total Time": 0.954, "Actual Rows": 5, "Actual Loops": 1, "Output": ["nation.n_name", "nation.n_nationkey"], "Inner Unique": true, "Hash Cond": "(nation.n_regionkey = region.r_regionkey)", "Plans": [{"Node Type": "Seq Scan", "Parent Relationship": "Outer", "Parallel Aware": false, "Relation Name": "nation", "Schema": "public", "Alias": "nation", "Startup Cost": 0.0, "Total Cost": 15.1, "Plan Rows": 510, "Plan Width": 37, "Actual Startup Time": 0.004, "Actual Total Time": 0.008, "Actual Rows": 25, "Actual Loops": 1, "Output": ["nation.n_nationkey", "nation.n_name", "nation.n_regionkey", "nation.n_comment"]}, {"Node Type": "Hash", "Parent Relationship": "Inner", "Parallel Aware": false, "Startup Cost": 16.5, "Total Cost": 16.5, "Plan Rows": 3, "Plan Width": 4, "Actual Startup Time": 0.282, "Actual Total Time": 0.286, "Actual Rows": 1, "Actual Loops": 1, "Output": ["region.r_regionkey"], "Hash Buckets": 1024, "Original Hash Buckets": 1024, "Hash Batches": 1, "Original Hash Batches": 1, "Peak Memory Usage": 9, "Plans": [{"Node Type": "Seq Scan", "Parent Relationship": "Outer", "Parallel Aware": false, "Relation Name": "region", "Schema": "public", "Alias": "region", "Startup Cost": 0.0, "Total Cost": 16.5, "Plan Rows": 3, "Plan Width": 4, "Actual Startup Time": 0.275, "Actual Total Time": 0.276, "Actual Rows": 1, "Actual Loops": 1, "Output": ["region.r_regionkey"], "Filter": "((region.r_name)::text = 'ASIA'::text)", "Rows Removed by Filter": 4}]}]}]}]}]}]}]}]}, {"Node Type": "Hash", "Parent Relationship": "Inner", "Parallel Aware": false, "Startup Cost": 322.0, "Total Cost": 322.0, "Plan Rows": 10000, "Plan Width": 8, "Actual Startup Time": 10.464, "Actual Total Time": 10.464, "Actual Rows": 10000, "Actual Loops": 1, "Output": ["supplier.s_suppkey", "supplier.s_nationkey"], "Hash Buckets": 16384, "Original Hash Buckets": 16384, "Hash Batches": 1, "Original Hash Batches": 1, "Peak Memory Usage": 519, "Plans": [{"Node Type": "Seq Scan", "Parent Relationship": "Outer", "Parallel Aware": false, "Relation Name": "supplier", "Schema": "public", "Alias": "supplier", "Startup Cost": 0.0, "Total Cost": 322.0, "Plan Rows": 10000, "Plan Width": 8, "Actual Startup Time": 0.029, "Actual Total Time": 5.373, "Actual Rows": 10000, "Actual Loops": 1, "Output": ["supplier.s_suppkey", "supplier.s_nationkey"]}]}]}]}]}]}, "Planning Time": 538.763, "Triggers": [], "Execution Time": 3295.088}]
q18#####[{"Plan": {"Node Type": "Sort", "Parallel Aware": false, "Startup Cost": 250745.7, "Total Cost": 250745.75, "Plan Rows": 20, "Plan Width": 61, "Actual Startup Time": 2949.401, "Actual Total Time": 2949.427, "Actual Rows": 5, "Actual Loops": 1, "Output": ["nation.n_name", "(sum((lineitem.l_extendedprice * ('1'::numeric - lineitem.l_discount))))"], "Sort Key": ["(sum((lineitem.l_extendedprice * ('1'::numeric - lineitem.l_discount)))) DESC"], "Sort Method": "quicksort", "Sort Space Used": 25, "Sort Space Type": "Memory", "Plans": [{"Node Type": "Aggregate", "Strategy": "Sorted", "Partial Mode": "Simple", "Parent Relationship": "Outer", "Parallel Aware": false, "Startup Cost": 250744.77, "Total Cost": 250745.27, "Plan Rows": 20, "Plan Width": 61, "Actual Startup Time": 2947.956, "Actual Total Time": 2949.241, "Actual Rows": 5, "Actual Loops": 1, "Output": ["nation.n_name", "sum((lineitem.l_extendedprice * ('1'::numeric - lineitem.l_discount)))"], "Group Key": ["nation.n_name"], "Plans": [{"Node Type": "Sort", "Parent Relationship": "Outer", "Parallel Aware": false, "Startup Cost": 250744.77, "Total Cost": 250744.82, "Plan Rows": 20, "Plan Width": 41, "Actual Startup Time": 2947.63, "Actual Total Time": 2947.955, "Actual Rows": 7406, "Actual Loops": 1, "Output": ["nation.n_name", "lineitem.l_extendedprice", "lineitem.l_discount"], "Sort Key": ["nation.n_name"], "Sort Method": "quicksort", "Sort Space Used": 769, "Sort Space Type": "Memory", "Plans": [{"Node Type": "Hash Join", "Parent Relationship": "Outer", "Parallel Aware": false, "Join Type": "Inner", "Startup Cost": 55629.99, "Total Cost": 250744.34, "Plan Rows": 20, "Plan Width": 41, "Actual Startup Time": 875.405, "Actual Total Time": 2942.289, "Actual Rows": 7406, "Actual Loops": 1, "Output": ["nation.n_name", "lineitem.l_extendedprice", "lineitem.l_discount"], "Inner Unique": false, "Hash Cond": "((lineitem.l_suppkey = supplier.s_suppkey) AND (customer.c_nationkey = supplier.s_nationkey))", "Plans": [{"Node Type": "Hash Join", "Parent Relationship": "Outer", "Parallel Aware": false, "Join Type": "Inner", "Startup Cost": 55157.99, "Total Cost": 250231.79, "Plan Rows": 5133, "Plan Width": 53, "Actual Startup Time": 870.197, "Actual Total Time": 2880.69, "Actual Rows": 181938, "Actual Loops": 1, "Output": ["customer.c_nationkey", "lineitem.l_extendedprice", "lineitem.l_discount", "lineitem.l_suppkey", "nation.n_name", "nation.n_nationkey"], "Inner Unique": false, "Hash Cond": "(lineitem.l_orderkey = orders.o_orderkey)", "Plans": [{"Node Type": "Seq Scan", "Parent Relationship": "Outer", "Parallel Aware": false, "Relation Name": "lineitem", "Schema": "public", "Alias": "lineitem", "Startup Cost": 0.0, "Total Cost": 172517.16, "Plan Rows": 6001416, "Plan Width": 20, "Actual Startup Time": 0.061, "Actual Total Time": 1103.078, "Actual Rows": 6001215, "Actual Loops": 1, "Output": ["lineitem.l_orderkey", "lineitem.l_partkey", "lineitem.l_suppkey", "lineitem.l_linenumber", "lineitem.l_quantity", "lineitem.l_extendedprice", "lineitem.l_discount", "lineitem.l_tax", "lineitem.l_returnflag", "lineitem.l_linestatus", "lineitem.l_shipdate", "lineitem.l_commitdate", "lineitem.l_receiptdate", "lineitem.l_shipinstruct", "lineitem.l_shipmode", "lineitem.l_comment"]}, {"Node Type": "Hash", "Parent Relationship": "Inner", "Parallel Aware": false, "Startup Cost": 55141.95, "Total Cost": 55141.95, "Plan Rows": 1283, "Plan Width": 41, "Actual Startup Time": 869.928, "Actual Total Time": 869.943, "Actual Rows": 45231, "Actual Loops": 1, "Output": ["customer.c_nationkey", "orders.o_orderkey", "nation.n_name", "nation.n_nationkey"], "Hash Buckets": 65536, "Original Hash Buckets": 2048, "Hash Batches": 1, "Original Hash Batches": 1, "Peak Memory Usage": 2878, "Plans": [{"Node Type": "Hash Join", "Parent Relationship": "Outer", "Parallel Aware": false, "Join Type": "Inner", "Startup Cost": 5700.16, "Total Cost": 55141.95, "Plan Rows": 1283, "Plan Width": 41, "Actual Startup Time": 86.694, "Actual Total Time": 837.748, "Actual Rows": 45231, "Actual Loops": 1, "Output": ["customer.c_nationkey", "orders.o_orderkey", "nation.n_name", "nation.n_nationkey"], "Inner Unique": false, "Hash Cond": "(orders.o_custkey = customer.c_custkey)", "Plans": [{"Node Type": "Seq Scan", "Parent Relationship": "Outer", "Parallel Aware": false, "Relation Name": "orders", "Schema": "public", "Alias": "orders", "Startup Cost": 0.0, "Total Cost": 48595.0, "Plan Rows": 222393, "Plan Width": 8, "Actual Startup Time": 0.053, "Actual Total Time": 606.885, "Actual Rows": 228626, "Actual Loops": 1, "Output": ["orders.o_orderkey", "orders.o_custkey", "orders.o_orderstatus", "orders.o_totalprice", "orders.o_orderdate", "orders.o_orderpriority", "orders.o_clerk", "orders.o_shippriority", "orders.o_comment"], "Filter": "((orders.o_orderdate >= '1996-01-01'::date) AND (orders.o_orderdate < '1997-01-01 00:00:00'::timestamp without time zone))", "Rows Removed by Filter": 1271374}, {"Node Type": "Hash", "Parent Relationship": "Inner", "Parallel Aware": false, "Startup Cost": 5689.34, "Total Cost": 5689.34, "Plan Rows": 865, "Plan Width": 41, "Actual Startup Time": 86.625, "Actual Total Time": 86.637, "Actual Rows": 29904, "Actual Loops": 1, "Output": ["customer.c_custkey", "customer.c_nationkey", "nation.n_name", "nation.n_nationkey"], "Hash Buckets": 32768, "Original Hash Buckets": 1024, "Hash Batches": 1, "Original Hash Batches": 1, "Peak Memory Usage": 1821, "Plans": [{"Node Type": "Hash Join", "Parent Relationship": "Outer", "Parallel Aware": false, "Join Type": "Inner", "Startup Cost": 33.02, "Total Cost": 5689.34, "Plan Rows": 865, "Plan Width": 41, "Actual Startup Time": 0.206, "Actual Total Time": 74.969, "Actual Rows": 29904, "Actual Loops": 1, "Output": ["customer.c_custkey", "customer.c_nationkey", "nation.n_name", "nation.n_nationkey"], "Inner Unique": false, "Hash Cond": "(customer.c_nationkey = nation.n_nationkey)", "Plans": [{"Node Type": "Seq Scan", "Parent Relationship": "Outer", "Parallel Aware": false, "Relation Name": "customer", "Schema": "public", "Alias": "customer", "Startup Cost": 0.0, "Total Cost": 5085.0, "Plan Rows": 150000, "Plan Width": 8, "Actual Startup Time": 0.019, "Actual Total Time": 21.08, "Actual Rows": 150000, "Actual Loops": 1, "Output": ["customer.c_custkey", "customer.c_name", "customer.c_address", "customer.c_nationkey", "customer.c_phone", "customer.c_acctbal", "customer.c_mktsegment", "customer.c_comment"]}, {"Node Type": "Hash", "Parent Relationship": "Inner", "Parallel Aware": false, "Startup Cost": 32.99, "Total Cost": 32.99, "Plan Rows": 3, "Plan Width": 33, "Actual Startup Time": 0.146, "Actual Total Time": 0.15, "Actual Rows": 5, "Actual Loops": 1, "Output": ["nation.n_name", "nation.n_nationkey"], "Hash Buckets": 1024, "Original Hash Buckets": 1024, "Hash Batches": 1, "Original Hash Batches": 1, "Peak Memory Usage": 9, "Plans": [{"Node Type": "Hash Join", "Parent Relationship": "Outer", "Parallel Aware": false, "Join Type": "Inner", "Startup Cost": 16.54, "Total Cost": 32.99, "Plan Rows": 3, "Plan Width": 33, "Actual Startup Time": 0.11, "Actual Total Time": 0.118, "Actual Rows": 5, "Actual Loops": 1, "Output": ["nation.n_name", "nation.n_nationkey"], "Inner Unique": true, "Hash Cond": "(nation.n_regionkey = region.r_regionkey)", "Plans": [{"Node Type": "Seq Scan", "Parent Relationship": "Outer", "Parallel Aware": false, "Relation Name": "nation", "Schema": "public", "Alias": "nation", "Startup Cost": 0.0, "Total Cost": 15.1, "Plan Rows": 510, "Plan Width": 37, "Actual Startup Time": 0.006, "Actual Total Time": 0.008, "Actual Rows": 25, "Actual Loops": 1, "Output": ["nation.n_nationkey", "nation.n_name", "nation.n_regionkey", "nation.n_comment"]}, {"Node Type": "Hash", "Parent Relationship": "Inner", "Parallel Aware": false, "Startup Cost": 16.5, "Total Cost": 16.5, "Plan Rows": 3, "Plan Width": 4, "Actual Startup Time": 0.065, "Actual Total Time": 0.068, "Actual Rows": 1, "Actual Loops": 1, "Output": ["region.r_regionkey"], "Hash Buckets": 1024, "Original Hash Buckets": 1024, "Hash Batches": 1, "Original Hash Batches": 1, "Peak Memory Usage": 9, "Plans": [{"Node Type": "Seq Scan", "Parent Relationship": "Outer", "Parallel Aware": false, "Relation Name": "region", "Schema": "public", "Alias": "region", "Startup Cost": 0.0, "Total Cost": 16.5, "Plan Rows": 3, "Plan Width": 4, "Actual Startup Time": 0.06, "Actual Total Time": 0.061, "Actual Rows": 1, "Actual Loops": 1, "Output": ["region.r_regionkey"], "Filter": "((region.r_name)::text = 'MIDDLE EAST'::text)", "Rows Removed by Filter": 4}]}]}]}]}]}]}]}]}, {"Node Type": "Hash", "Parent Relationship": "Inner", "Parallel Aware": false, "Startup Cost": 322.0, "Total Cost": 322.0, "Plan Rows": 10000, "Plan Width": 8, "Actual Startup Time": 4.831, "Actual Total Time": 4.832, "Actual Rows": 10000, "Actual Loops": 1, "Output": ["supplier.s_suppkey", "supplier.s_nationkey"], "Hash Buckets": 16384, "Original Hash Buckets": 16384, "Hash Batches": 1, "Original Hash Batches": 1, "Peak Memory Usage": 519, "Plans": [{"Node Type": "Seq Scan", "Parent Relationship": "Outer", "Parallel Aware": false, "Relation Name": "supplier", "Schema": "public", "Alias": "supplier", "Startup Cost": 0.0, "Total Cost": 322.0, "Plan Rows": 10000, "Plan Width": 8, "Actual Startup Time": 0.021, "Actual Total Time": 1.911, "Actual Rows": 10000, "Actual Loops": 1, "Output": ["supplier.s_suppkey", "supplier.s_nationkey"]}]}]}]}]}]}, "Planning Time": 307.82, "Triggers": [], "Execution Time": 2950.234}]
q19#####[{"Plan": {"Node Type": "Aggregate", "Strategy": "Sorted", "Partial Mode": "Simple", "Parallel Aware": false, "Startup Cost": 262623.6, "Total Cost": 262623.88, "Plan Rows": 8, "Plan Width": 98, "Actual Startup Time": 1280.039, "Actual Total Time": 1281.087, "Actual Rows": 4, "Actual Loops": 1, "Output": ["n1.n_name", "n2.n_name", "(date_part('year'::text, (lineitem.l_shipdate)::timestamp without time zone))", "sum((lineitem.l_extendedprice * ('1'::numeric - lineitem.l_discount)))"], "Group Key": ["n1.n_name", "n2.n_name", "(date_part('year'::text, (lineitem.l_shipdate)::timestamp without time zone))"], "Plans": [{"Node Type": "Sort", "Parent Relationship": "Outer", "Parallel Aware": false, "Startup Cost": 262623.6, "Total Cost": 262623.62, "Plan Rows": 8, "Plan Width": 78, "Actual Startup Time": 1279.691, "Actual Total Time": 1279.918, "Actual Rows": 6023, "Actual Loops": 1, "Output": ["n1.n_name", "n2.n_name", "(date_part('year'::text, (lineitem.l_shipdate)::timestamp without time zone))", "lineitem.l_extendedprice", "lineitem.l_discount"], "Sort Key": ["n1.n_name", "n2.n_name", "(date_part('year'::text, (lineitem.l_shipdate)::timestamp without time zone))"], "Sort Method": "quicksort", "Sort Space Used": 663, "Sort Space Type": "Memory", "Plans": [{"Node Type": "Hash Join", "Parent Relationship": "Outer", "Parallel Aware": false, "Join Type": "Inner", "Startup Cost": 52936.46, "Total Cost": 262623.48, "Plan Rows": 8, "Plan Width": 78, "Actual Startup Time": 401.586, "Actual Total Time": 1277.355, "Actual Rows": 6023, "Actual Loops": 1, "Output": ["n1.n_name", "n2.n_name", "date_part('year'::text, (lineitem.l_shipdate)::timestamp without time zone)", "lineitem.l_extendedprice", "lineitem.l_discount"], "Inner Unique": false, "Hash Cond": "(lineitem.l_orderkey = orders.o_orderkey)", "Join Filter": "((((n1.n_name)::text = 'IRAN'::text) AND ((n2.n_name)::text = 'IRAQ'::text)) OR (((n1.n_name)::text = 'IRAQ'::text) AND ((n2.n_name)::text = 'IRAN'::text)))", "Rows Removed by Join Filter": 5962, "Plans": [{"Node Type": "Hash Join", "Parent Relationship": "Outer", "Parallel Aware": false, "Join Type": "Inner", "Startup Cost": 367.41, "Total Cost": 209983.11, "Plan Rows": 18064, "Plan Width": 49, "Actual Startup Time": 1.427, "Actual Total Time": 829.549, "Actual Rows": 151500, "Actual Loops": 1, "Output": ["lineitem.l_shipdate", "lineitem.l_extendedprice", "lineitem.l_discount", "lineitem.l_orderkey", "n1.n_name"], "Inner Unique": false, "Hash Cond": "(lineitem.l_suppkey = supplier.s_suppkey)", "Plans": [{"Node Type": "Seq Scan", "Parent Relationship": "Outer", "Parallel Aware": false, "Relation Name": "lineitem", "Schema": "public", "Alias": "lineitem", "Startup Cost": 0.0, "Total Cost": 202524.24, "Plan Rows": 1842904, "Plan Width": 24, "Actual Startup Time": 0.015, "Actual Total Time": 703.742, "Actual Rows": 1825959, "Actual Loops": 1, "Output": ["lineitem.l_orderkey", "lineitem.l_partkey", "lineitem.l_suppkey", "lineitem.l_linenumber", "lineitem.l_quantity", "lineitem.l_extendedprice", "lineitem.l_discount", "lineitem.l_tax", "lineitem.l_returnflag", "lineitem.l_linestatus", "lineitem.l_shipdate", "lineitem.l_commitdate", "lineitem.l_receiptdate", "lineitem.l_shipinstruct", "lineitem.l_shipmode", "lineitem.l_comment"], "Filter": "((lineitem.l_shipdate >= '1995-01-02'::date) AND (lineitem.l_shipdate <= '1996-12-31'::date))", "Rows Removed by Filter": 4175256}, {"Node Type": "Hash", "Parent Relationship": "Inner", "Parallel Aware": false, "Startup Cost": 366.18, "Total Cost": 366.18, "Plan Rows": 98, "Plan Width": 33, "Actual Startup Time": 1.398, "Actual Total Time": 1.399, "Actual Rows": 831, "Actual Loops": 1, "Output": ["supplier.s_suppkey", "n1.n_name"], "Hash Buckets": 1024, "Original Hash Buckets": 1024, "Hash Batches": 1, "Original Hash Batches": 1, "Peak Memory Usage": 42, "Plans": [{"Node Type": "Hash Join", "Parent Relationship": "Outer", "Parallel Aware": false, "Join Type": "Inner", "Startup Cost": 17.71, "Total Cost": 366.18, "Plan Rows": 98, "Plan Width": 33, "Actual Startup Time": 0.025, "Actual Total Time": 1.283, "Actual Rows": 831, "Actual Loops": 1, "Output": ["supplier.s_suppkey", "n1.n_name"], "Inner Unique": true, "Hash Cond": "(supplier.s_nationkey = n1.n_nationkey)", "Plans": [{"Node Type": "Seq Scan", "Parent Relationship": "Outer", "Parallel Aware": false, "Relation Name": "supplier", "Schema": "public", "Alias": "supplier", "Startup Cost": 0.0, "Total Cost": 322.0, "Plan Rows": 10000, "Plan Width": 8, "Actual Startup Time": 0.003, "Actual Total Time": 0.495, "Actual Rows": 10000, "Actual Loops": 1, "Output": ["supplier.s_suppkey", "supplier.s_name", "supplier.s_address", "supplier.s_nationkey", "supplier.s_phone", "supplier.s_acctbal", "supplier.s_comment"]}, {"Node Type": "Hash", "Parent Relationship": "Inner", "Parallel Aware": false, "Startup Cost": 17.65, "Total Cost": 17.65, "Plan Rows": 5, "Plan Width": 33, "Actual Startup Time": 0.01, "Actual Total Time": 0.011, "Actual Rows": 2, "Actual Loops": 1, "Output": ["n1.n_name", "n1.n_nationkey"], "Hash Buckets": 1024, "Original Hash Buckets": 1024, "Hash Batches": 1, "Original Hash Batches": 1, "Peak Memory Usage": 9, "Plans": [{"Node Type": "Seq Scan", "Parent Relationship": "Outer", "Parallel Aware": false, "Relation Name": "nation", "Schema": "public", "Alias": "n1", "Startup Cost": 0.0, "Total Cost": 17.65, "Plan Rows": 5, "Plan Width": 33, "Actual Startup Time": 0.007, "Actual Total Time": 0.008, "Actual Rows": 2, "Actual Loops": 1, "Output": ["n1.n_name", "n1.n_nationkey"], "Filter": "(((n1.n_name)::text = 'IRAN'::text) OR ((n1.n_name)::text = 'IRAQ'::text))", "Rows Removed by Filter": 23}]}]}]}]}, {"Node Type": "Hash", "Parent Relationship": "Inner", "Parallel Aware": false, "Startup Cost": 52385.22, "Total Cost": 52385.22, "Plan Rows": 14706, "Plan Width": 33, "Actual Startup Time": 399.705, "Actual Total Time": 399.707, "Actual Rows": 118577, "Actual Loops": 1, "Output": ["orders.o_orderkey", "n2.n_name"], "Hash Buckets": 131072, "Original Hash Buckets": 16384, "Hash Batches": 2, "Original Hash Batches": 1, "Peak Memory Usage": 3403, "Plans": [{"Node Type": "Hash Join", "Parent Relationship": "Outer", "Parallel Aware": false, "Join Type": "Inner", "Startup Cost": 5518.12, "Total Cost": 52385.22, "Plan Rows": 14706, "Plan Width": 33, "Actual Startup Time": 23.821, "Actual Total Time": 370.471, "Actual Rows": 118577, "Actual Loops": 1, "Output": ["orders.o_orderkey", "n2.n_name"], "Inner Unique": false, "Hash Cond": "(orders.o_custkey = customer.c_custkey)", "Plans": [{"Node Type": "Seq Scan", "Parent Relationship": "Outer", "Parallel Aware": false, "Relation Name": "orders", "Schema": "public", "Alias": "orders", "Startup Cost": 0.0, "Total Cost": 41095.0, "Plan Rows": 1500000, "Plan Width": 8, "Actual Startup Time": 0.014, "Actual Total Time": 172.536, "Actual Rows": 1500000, "Actual Loops": 1, "Output": ["orders.o_orderkey", "orders.o_custkey", "orders.o_orderstatus", "orders.o_totalprice", "orders.o_orderdate", "orders.o_orderpriority", "orders.o_clerk", "orders.o_shippriority", "orders.o_comment"]}, {"Node Type": "Hash", "Parent Relationship": "Inner", "Parallel Aware": false, "Startup Cost": 5499.73, "Total Cost": 5499.73, "Plan Rows": 1471, "Plan Width": 33, "Actual Startup Time": 23.796, "Actual Total Time": 23.797, "Actual Rows": 11972, "Actual Loops": 1, "Output": ["customer.c_custkey", "n2.n_name"], "Hash Buckets": 16384, "Original Hash Buckets": 2048, "Hash Batches": 1, "Original Hash Batches": 1, "Peak Memory Usage": 608, "Plans": [{"Node Type": "Hash Join", "Parent Relationship": "Outer", "Parallel Aware": false, "Join Type": "Inner", "Startup Cost": 17.71, "Total Cost": 5499.73, "Plan Rows": 1471, "Plan Width": 33, "Actual Startup Time": 0.019, "Actual Total Time": 21.814, "Actual Rows": 11972, "Actual Loops": 1, "Output": ["customer.c_custkey", "n2.n_name"], "Inner Unique": true, "Hash Cond": "(customer.c_nationkey = n2.n_nationkey)", "Plans": [{"Node Type": "Seq Scan", "Parent Relationship": "Outer", "Parallel Aware": false, "Relation Name": "customer", "Schema": "public", "Alias": "customer", "Startup Cost": 0.0, "Total Cost": 5085.0, "Plan Rows": 150000, "Plan Width": 8, "Actual Startup Time": 0.002, "Actual Total Time": 8.002, "Actual Rows": 150000, "Actual Loops": 1, "Output": ["customer.c_custkey", "customer.c_name", "customer.c_address", "customer.c_nationkey", "customer.c_phone", "customer.c_acctbal", "customer.c_mktsegment", "customer.c_comment"]}, {"Node Type": "Hash", "Parent Relationship": "Inner", "Parallel Aware": false, "Startup Cost": 17.65, "Total Cost": 17.65, "Plan Rows": 5, "Plan Width": 33, "Actual Startup Time": 0.005, "Actual Total Time": 0.005, "Actual Rows": 2, "Actual Loops": 1, "Output": ["n2.n_name", "n2.n_nationkey"], "Hash Buckets": 1024, "Original Hash Buckets": 1024, "Hash Batches": 1, "Original Hash Batches": 1, "Peak Memory Usage": 9, "Plans": [{"Node Type": "Seq Scan", "Parent Relationship": "Outer", "Parallel Aware": false, "Relation Name": "nation", "Schema": "public", "Alias": "n2", "Startup Cost": 0.0, "Total Cost": 17.65, "Plan Rows": 5, "Plan Width": 33, "Actual Startup Time": 0.003, "Actual Total Time": 0.004, "Actual Rows": 2, "Actual Loops": 1, "Output": ["n2.n_name", "n2.n_nationkey"], "Filter": "(((n2.n_name)::text = 'IRAQ'::text) OR ((n2.n_name)::text = 'IRAN'::text))", "Rows Removed by Filter": 23}]}]}]}]}]}]}]}]}, "Planning Time": 66.176, "Triggers": [], "Execution Time": 1281.188}]
q20#####[{"Plan": {"Node Type": "Aggregate", "Strategy": "Sorted", "Partial Mode": "Simple", "Parallel Aware": false, "Startup Cost": 258280.29, "Total Cost": 258280.56, "Plan Rows": 6, "Plan Width": 40, "Actual Startup Time": 6117.698, "Actual Total Time": 6118.494, "Actual Rows": 2, "Actual Loops": 1, "Output": ["(date_part('year'::text, (orders.o_orderdate)::timestamp without time zone))", "(sum(CASE WHEN ((n2.n_name)::text = 'GERMANY'::text) THEN (lineitem.l_extendedprice * ('1'::numeric - lineitem.l_discount)) ELSE '0'::numeric END) / sum((lineitem.l_extendedprice * ('1'::numeric - lineitem.l_discount))))"], "Group Key": ["(date_part('year'::text, (orders.o_orderdate)::timestamp without time zone))"], "Plans": [{"Node Type": "Sort", "Parent Relationship": "Outer", "Parallel Aware": false, "Startup Cost": 258280.29, "Total Cost": 258280.31, "Plan Rows": 6, "Plan Width": 49, "Actual Startup Time": 6116.745, "Actual Total Time": 6117.347, "Actual Rows": 2415, "Actual Loops": 1, "Output": ["(date_part('year'::text, (orders.o_orderdate)::timestamp without time zone))", "n2.n_name", "lineitem.l_extendedprice", "lineitem.l_discount"], "Sort Key": ["(date_part('year'::text, (orders.o_orderdate)::timestamp without time zone))"], "Sort Method": "quicksort", "Sort Space Used": 285, "Sort Space Type": "Memory", "Plans": [{"Node Type": "Nested Loop", "Parent Relationship": "Outer", "Parallel Aware": false, "Join Type": "Inner", "Startup Cost": 63101.7, "Total Cost": 258280.22, "Plan Rows": 6, "Plan Width": 49, "Actual Startup Time": 532.283, "Actual Total Time": 6110.882, "Actual Rows": 2415, "Actual Loops": 1, "Output": ["date_part('year'::text, (orders.o_orderdate)::timestamp without time zone)", "n2.n_name", "lineitem.l_extendedprice", "lineitem.l_discount"], "Inner Unique": true, "Plans": [{"Node Type": "Hash Join", "Parent Relationship": "Outer", "Parallel Aware": false, "Join Type": "Inner", "Startup Cost": 63101.55, "Total Cost": 258268.47, "Plan Rows": 69, "Plan Width": 20, "Actual Startup Time": 532.243, "Actual Total Time": 6062.357, "Actual Rows": 2415, "Actual Loops": 1, "Output": ["lineitem.l_extendedprice", "lineitem.l_discount", "supplier.s_nationkey", "orders.o_orderdate"], "Inner Unique": false, "Hash Cond": "(lineitem.l_suppkey = supplier.s_suppkey)", "Plans": [{"Node Type": "Hash Join", "Parent Relationship": "Outer", "Parallel Aware": false, "Join Type": "Inner", "Startup Cost": 62654.55, "Total Cost": 257820.52, "Plan Rows": 69, "Plan Width": 20, "Actual Startup Time": 526.239, "Actual Total Time": 6037.858, "Actual Rows": 2415, "Actual Loops": 1, "Output": ["lineitem.l_extendedprice", "lineitem.l_discount", "lineitem.l_suppkey", "orders.o_orderdate"], "Inner Unique": false, "Hash Cond": "(lineitem.l_partkey = part.p_partkey)", "Plans": [{"Node Type": "Hash Join", "Parent Relationship": "Outer", "Parallel Aware": false, "Join Type": "Inner", "Startup Cost": 56040.94, "Total Cost": 251167.27, "Plan Rows": 10386, "Plan Width": 24, "Actual Startup Time": 327.846, "Actual Total Time": 5760.192, "Actual Rows": 370103, "Actual Loops": 1, "Output": ["lineitem.l_extendedprice", "lineitem.l_discount", "lineitem.l_partkey", "lineitem.l_suppkey", "orders.o_orderdate"], "Inner Unique": false, "Hash Cond": "(lineitem.l_orderkey = orders.o_orderkey)", "Plans": [{"Node Type": "Seq Scan", "Parent Relationship": "Outer", "Parallel Aware": false, "Relation Name": "lineitem", "Schema": "public", "Alias": "lineitem", "Startup Cost": 0.0, "Total Cost": 172517.16, "Plan Rows": 6001416, "Plan Width": 24, "Actual Startup Time": 0.022, "Actual Total Time": 883.748, "Actual Rows": 6001215, "Actual Loops": 1, "Output": ["lineitem.l_orderkey", "lineitem.l_partkey", "lineitem.l_suppkey", "lineitem.l_linenumber", "lineitem.l_quantity", "lineitem.l_extendedprice", "lineitem.l_discount", "lineitem.l_tax", "lineitem.l_returnflag", "lineitem.l_linestatus", "lineitem.l_shipdate", "lineitem.l_commitdate", "lineitem.l_receiptdate", "lineitem.l_shipinstruct", "lineitem.l_shipmode", "lineitem.l_comment"]}, {"Node Type": "Hash", "Parent Relationship": "Inner", "Parallel Aware": false, "Startup Cost": 56008.49, "Total Cost": 56008.49, "Plan Rows": 2596, "Plan Width": 8, "Actual Startup Time": 327.659, "Actual Total Time": 327.876, "Actual Rows": 92715, "Actual Loops": 1, "Output": ["orders.o_orderdate", "orders.o_orderkey"], "Hash Buckets": 131072, "Original Hash Buckets": 4096, "Hash Batches": 2, "Original Hash Batches": 1, "Peak Memory Usage": 3073, "Plans": [{"Node Type": "Hash Join", "Parent Relationship": "Outer", "Parallel Aware": false, "Join Type": "Inner", "Startup Cost": 5700.16, "Total Cost": 56008.49, "Plan Rows": 2596, "Plan Width": 8, "Actual Startup Time": 32.539, "Actual Total Time": 308.962, "Actual Rows": 92715, "Actual Loops": 1, "Output": ["orders.o_orderdate", "orders.o_orderkey"], "Inner Unique": false, "Hash Cond": "(orders.o_custkey = customer.c_custkey)", "Plans": [{"Node Type": "Seq Scan", "Parent Relationship": "Outer", "Parallel Aware": false, "Relation Name": "orders", "Schema": "public", "Alias": "orders", "Startup Cost": 0.0, "Total Cost": 48595.0, "Plan Rows": 449969, "Plan Width": 12, "Actual Startup Time": 0.012, "Actual Total Time": 198.711, "Actual Rows": 457263, "Actual Loops": 1, "Output": ["orders.o_orderkey", "orders.o_custkey", "orders.o_orderstatus", "orders.o_totalprice", "orders.o_orderdate", "orders.o_orderpriority", "orders.o_clerk", "orders.o_shippriority", "orders.o_comment"], "Filter": "((orders.o_orderdate >= '1995-01-01'::date) AND (orders.o_orderdate <= '1996-12-31'::date))", "Rows Removed by Filter": 1042737}, {"Node Type": "Hash", "Parent Relationship": "Inner", "Parallel Aware": false, "Startup Cost": 5689.34, "Total Cost": 5689.34, "Plan Rows": 865, "Plan Width": 4, "Actual Startup Time": 32.488, "Actual Total Time": 32.539, "Actual Rows": 30197, "Actual Loops": 1, "Output": ["customer.c_custkey"], "Hash Buckets": 32768, "Original Hash Buckets": 1024, "Hash Batches": 1, "Original Hash Batches": 1, "Peak Memory Usage": 1318, "Plans": [{"Node Type": "Hash Join", "Parent Relationship": "Outer", "Parallel Aware": false, "Join Type": "Inner", "Startup Cost": 33.02, "Total Cost": 5689.34, "Plan Rows": 865, "Plan Width": 4, "Actual Startup Time": 0.134, "Actual Total Time": 26.855, "Actual Rows": 30197, "Actual Loops": 1, "Output": ["customer.c_custkey"], "Inner Unique": false, "Hash Cond": "(customer.c_nationkey = n1.n_nationkey)", "Plans": [{"Node Type": "Seq Scan", "Parent Relationship": "Outer", "Parallel Aware": false, "Relation Name": "customer", "Schema": "public", "Alias": "customer", "Startup Cost": 0.0, "Total Cost": 5085.0, "Plan Rows": 150000, "Plan Width": 8, "Actual Startup Time": 0.004, "Actual Total Time": 10.007, "Actual Rows": 150000, "Actual Loops": 1, "Output": ["customer.c_custkey", "customer.c_name", "customer.c_address", "customer.c_nationkey", "customer.c_phone", "customer.c_acctbal", "customer.c_mktsegment", "customer.c_comment"]}, {"Node Type": "Hash", "Parent Relationship": "Inner", "Parallel Aware": false, "Startup Cost": 32.99, "Total Cost": 32.99, "Plan Rows": 3, "Plan Width": 4, "Actual Startup Time": 0.092, "Actual Total Time": 0.123, "Actual Rows": 5, "Actual Loops": 1, "Output": ["n1.n_nationkey"], "Hash Buckets": 1024, "Original Hash Buckets": 1024, "Hash Batches": 1, "Original Hash Batches": 1, "Peak Memory Usage": 9, "Plans": [{"Node Type": "Hash Join", "Parent Relationship": "Outer", "Parallel Aware": false, "Join Type": "Inner", "Startup Cost": 16.54, "Total Cost": 32.99, "Plan Rows": 3, "Plan Width": 4, "Actual Startup Time": 0.084, "Actual Total Time": 0.109, "Actual Rows": 5, "Actual Loops": 1, "Output": ["n1.n_nationkey"], "Inner Unique": true, "Hash Cond": "(n1.n_regionkey = region.r_regionkey)", "Plans": [{"Node Type": "Seq Scan", "Parent Relationship": "Outer", "Parallel Aware": false, "Relation Name": "nation", "Schema": "public", "Alias": "n1", "Startup Cost": 0.0, "Total Cost": 15.1, "Plan Rows": 510, "Plan Width": 8, "Actual Startup Time": 0.016, "Actual Total Time": 0.019, "Actual Rows": 25, "Actual Loops": 1, "Output": ["n1.n_nationkey", "n1.n_name", "n1.n_regionkey", "n1.n_comment"]}, {"Node Type": "Hash", "Parent Relationship": "Inner", "Parallel Aware": false, "Startup Cost": 16.5, "Total Cost": 16.5, "Plan Rows": 3, "Plan Width": 4, "Actual Startup Time": 0.027, "Actual Total Time": 0.036, "Actual Rows": 1, "Actual Loops": 1, "Output": ["region.r_regionkey"], "Hash Buckets": 1024, "Original Hash Buckets": 1024, "Hash Batches": 1, "Original Hash Batches": 1, "Peak Memory Usage": 9, "Plans": [{"Node Type": "Seq Scan", "Parent Relationship": "Outer", "Parallel Aware": false, "Relation Name": "region", "Schema": "public", "Alias": "region", "Startup Cost": 0.0, "Total Cost": 16.5, "Plan Rows": 3, "Plan Width": 4, "Actual Startup Time": 0.023, "Actual Total Time": 0.025, "Actual Rows": 1, "Actual Loops": 1, "Output": ["region.r_regionkey"], "Filter": "((region.r_name)::text = 'EUROPE'::text)", "Rows Removed by Filter": 4}]}]}]}]}]}]}]}]}, {"Node Type": "Hash", "Parent Relationship": "Inner", "Parallel Aware": false, "Startup Cost": 6597.0, "Total Cost": 6597.0, "Plan Rows": 1329, "Plan Width": 4, "Actual Startup Time": 198.318, "Actual Total Time": 198.319, "Actual Rows": 1308, "Actual Loops": 1, "Output": ["part.p_partkey"], "Hash Buckets": 2048, "Original Hash Buckets": 2048, "Hash Batches": 1, "Original Hash Batches": 1, "Peak Memory Usage": 62, "Plans": [{"Node Type": "Seq Scan", "Parent Relationship": "Outer", "Parallel Aware": false, "Relation Name": "part", "Schema": "public", "Alias": "part", "Startup Cost": 0.0, "Total Cost": 6597.0, "Plan Rows": 1329, "Plan Width": 4, "Actual Startup Time": 0.057, "Actual Total Time": 197.455, "Actual Rows": 1308, "Actual Loops": 1, "Output": ["part.p_partkey"], "Filter": "((part.p_type)::text = 'MEDIUM PLATED COPPER'::text)", "Rows Removed by Filter": 198692}]}]}, {"Node Type": "Hash", "Parent Relationship": "Inner", "Parallel Aware": false, "Startup Cost": 322.0, "Total Cost": 322.0, "Plan Rows": 10000, "Plan Width": 8, "Actual Startup Time": 5.116, "Actual Total Time": 5.117, "Actual Rows": 10000, "Actual Loops": 1, "Output": ["supplier.s_suppkey", "supplier.s_nationkey"], "Hash Buckets": 16384, "Original Hash Buckets": 16384, "Hash Batches": 1, "Original Hash Batches": 1, "Peak Memory Usage": 519, "Plans": [{"Node Type": "Seq Scan", "Parent Relationship": "Outer", "Parallel Aware": false, "Relation Name": "supplier", "Schema": "public", "Alias": "supplier", "Startup Cost": 0.0, "Total Cost": 322.0, "Plan Rows": 10000, "Plan Width": 8, "Actual Startup Time": 0.061, "Actual Total Time": 2.389, "Actual Rows": 10000, "Actual Loops": 1, "Output": ["supplier.s_suppkey", "supplier.s_nationkey"]}]}]}, {"Node Type": "Index Scan", "Parent Relationship": "Inner", "Parallel Aware": false, "Scan Direction": "Forward", "Index Name": "nation_pkey", "Relation Name": "nation", "Schema": "public", "Alias": "n2", "Startup Cost": 0.15, "Total Cost": 0.17, "Plan Rows": 1, "Plan Width": 33, "Actual Startup Time": 0.014, "Actual Total Time": 0.014, "Actual Rows": 1, "Actual Loops": 2415, "Output": ["n2.n_nationkey", "n2.n_name", "n2.n_regionkey", "n2.n_comment"], "Index Cond": "(n2.n_nationkey = supplier.s_nationkey)", "Rows Removed by Index Recheck": 0}]}]}]}, "Planning Time": 2141.207, "Triggers": [], "Execution Time": 6120.025}]
q21#####[{"Plan": {"Node Type": "Aggregate", "Strategy": "Sorted", "Partial Mode": "Simple", "Parallel Aware": false, "Startup Cost": 262633.16, "Total Cost": 262633.44, "Plan Rows": 8, "Plan Width": 98, "Actual Startup Time": 1605.775, "Actual Total Time": 1606.909, "Actual Rows": 4, "Actual Loops": 1, "Output": ["n1.n_name", "n2.n_name", "(date_part('year'::text, (lineitem.l_shipdate)::timestamp without time zone))", "sum((lineitem.l_extendedprice * ('1'::numeric - lineitem.l_discount)))"], "Group Key": ["n1.n_name", "n2.n_name", "(date_part('year'::text, (lineitem.l_shipdate)::timestamp without time zone))"], "Plans": [{"Node Type": "Sort", "Parent Relationship": "Outer", "Parallel Aware": false, "Startup Cost": 262633.16, "Total Cost": 262633.18, "Plan Rows": 8, "Plan Width": 78, "Actual Startup Time": 1605.386, "Actual Total Time": 1605.636, "Actual Rows": 5950, "Actual Loops": 1, "Output": ["n1.n_name", "n2.n_name", "(date_part('year'::text, (lineitem.l_shipdate)::timestamp without time zone))", "lineitem.l_extendedprice", "lineitem.l_discount"], "Sort Key": ["n1.n_name", "n2.n_name", "(date_part('year'::text, (lineitem.l_shipdate)::timestamp without time zone))"], "Sort Method": "quicksort", "Sort Space Used": 657, "Sort Space Type": "Memory", "Plans": [{"Node Type": "Hash Join", "Parent Relationship": "Outer", "Parallel Aware": false, "Join Type": "Inner", "Startup Cost": 52936.46, "Total Cost": 262633.04, "Plan Rows": 8, "Plan Width": 78, "Actual Startup Time": 466.694, "Actual Total Time": 1602.299, "Actual Rows": 5950, "Actual Loops": 1, "Output": ["n1.n_name", "n2.n_name", "date_part('year'::text, (lineitem.l_shipdate)::timestamp without time zone)", "lineitem.l_extendedprice", "lineitem.l_discount"], "Inner Unique": false, "Hash Cond": "(lineitem.l_orderkey = orders.o_orderkey)", "Join Filter": "((((n1.n_name)::text = 'MOZAMBIQUE'::text) AND ((n2.n_name)::text = 'GERMANY'::text)) OR (((n1.n_name)::text = 'GERMANY'::text) AND ((n2.n_name)::text = 'MOZAMBIQUE'::text)))", "Rows Removed by Join Filter": 5885, "Plans": [{"Node Type": "Hash Join", "Parent Relationship": "Outer", "Parallel Aware": false, "Join Type": "Inner", "Startup Cost": 367.41, "Total Cost": 209992.58, "Plan Rows": 18088, "Plan Width": 49, "Actual Startup Time": 4.702, "Actual Total Time": 1078.684, "Actual Rows": 147298, "Actual Loops": 1, "Output": ["lineitem.l_shipdate", "lineitem.l_extendedprice", "lineitem.l_discount", "lineitem.l_orderkey", "n1.n_name"], "Inner Unique": false, "Hash Cond": "(lineitem.l_suppkey = supplier.s_suppkey)", "Plans": [{"Node Type": "Seq Scan", "Parent Relationship": "Outer", "Parallel Aware": false, "Relation Name": "lineitem", "Schema": "public", "Alias": "lineitem", "Startup Cost": 0.0, "Total Cost": 202524.24, "Plan Rows": 1845366, "Plan Width": 24, "Actual Startup Time": 0.015, "Actual Total Time": 914.798, "Actual Rows": 1828450, "Actual Loops": 1, "Output": ["lineitem.l_orderkey", "lineitem.l_partkey", "lineitem.l_suppkey", "lineitem.l_linenumber", "lineitem.l_quantity", "lineitem.l_extendedprice", "lineitem.l_discount", "lineitem.l_tax", "lineitem.l_returnflag", "lineitem.l_linestatus", "lineitem.l_shipdate", "lineitem.l_commitdate", "lineitem.l_receiptdate", "lineitem.l_shipinstruct", "lineitem.l_shipmode", "lineitem.l_comment"], "Filter": "((lineitem.l_shipdate >= '1995-01-01'::date) AND (lineitem.l_shipdate <= '1996-12-31'::date))", "Rows Removed by Filter": 4172765}, {"Node Type": "Hash", "Parent Relationship": "Inner", "Parallel Aware": false, "Startup Cost": 366.18, "Total Cost": 366.18, "Plan Rows": 98, "Plan Width": 33, "Actual Startup Time": 4.623, "Actual Total Time": 4.627, "Actual Rows": 802, "Actual Loops": 1, "Output": ["supplier.s_suppkey", "n1.n_name"], "Hash Buckets": 1024, "Original Hash Buckets": 1024, "Hash Batches": 1, "Original Hash Batches": 1, "Peak Memory Usage": 44, "Plans": [{"Node Type": "Hash Join", "Parent Relationship": "Outer", "Parallel Aware": false, "Join Type": "Inner", "Startup Cost": 17.71, "Total Cost": 366.18, "Plan Rows": 98, "Plan Width": 33, "Actual Startup Time": 0.052, "Actual Total Time": 4.537, "Actual Rows": 802, "Actual Loops": 1, "Output": ["supplier.s_suppkey", "n1.n_name"], "Inner Unique": true, "Hash Cond": "(supplier.s_nationkey = n1.n_nationkey)", "Plans": [{"Node Type": "Seq Scan", "Parent Relationship": "Outer", "Parallel Aware": false, "Relation Name": "supplier", "Schema": "public", "Alias": "supplier", "Startup Cost": 0.0, "Total Cost": 322.0, "Plan Rows": 10000, "Plan Width": 8, "Actual Startup Time": 0.035, "Actual Total Time": 3.874, "Actual Rows": 10000, "Actual Loops": 1, "Output": ["supplier.s_suppkey", "supplier.s_name", "supplier.s_address", "supplier.s_nationkey", "supplier.s_phone", "supplier.s_acctbal", "supplier.s_comment"]}, {"Node Type": "Hash", "Parent Relationship": "Inner", "Parallel Aware": false, "Startup Cost": 17.65, "Total Cost": 17.65, "Plan Rows": 5, "Plan Width": 33, "Actual Startup Time": 0.01, "Actual Total Time": 0.011, "Actual Rows": 2, "Actual Loops": 1, "Output": ["n1.n_name", "n1.n_nationkey"], "Hash Buckets": 1024, "Original Hash Buckets": 1024, "Hash Batches": 1, "Original Hash Batches": 1, "Peak Memory Usage": 9, "Plans": [{"Node Type": "Seq Scan", "Parent Relationship": "Outer", "Parallel Aware": false, "Relation Name": "nation", "Schema": "public", "Alias": "n1", "Startup Cost": 0.0, "Total Cost": 17.65, "Plan Rows": 5, "Plan Width": 33, "Actual Startup Time": 0.006, "Actual Total Time": 0.007, "Actual Rows": 2, "Actual Loops": 1, "Output": ["n1.n_name", "n1.n_nationkey"], "Filter": "(((n1.n_name)::text = 'MOZAMBIQUE'::text) OR ((n1.n_name)::text = 'GERMANY'::text))", "Rows Removed by Filter": 23}]}]}]}]}, {"Node Type": "Hash", "Parent Relationship": "Inner", "Parallel Aware": false, "Startup Cost": 52385.22, "Total Cost": 52385.22, "Plan Rows": 14706, "Plan Width": 33, "Actual Startup Time": 461.075, "Actual Total Time": 461.084, "Actual Rows": 120991, "Actual Loops": 1, "Output": ["orders.o_orderkey", "n2.n_name"], "Hash Buckets": 131072, "Original Hash Buckets": 16384, "Hash Batches": 2, "Original Hash Batches": 1, "Peak Memory Usage": 3719, "Plans": [{"Node Type": "Hash Join", "Parent Relationship": "Outer", "Parallel Aware": false, "Join Type": "Inner", "Startup Cost": 5518.12, "Total Cost": 52385.22, "Plan Rows": 14706, "Plan Width": 33, "Actual Startup Time": 47.261, "Actual Total Time": 436.62, "Actual Rows": 120991, "Actual Loops": 1, "Output": ["orders.o_orderkey", "n2.n_name"], "Inner Unique": false, "Hash Cond": "(orders.o_custkey = customer.c_custkey)", "Plans": [{"Node Type": "Seq Scan", "Parent Relationship": "Outer", "Parallel Aware": false, "Relation Name": "orders", "Schema": "public", "Alias": "orders", "Startup Cost": 0.0, "Total Cost": 41095.0, "Plan Rows": 1500000, "Plan Width": 8, "Actual Startup Time": 0.026, "Actual Total Time": 223.905, "Actual Rows": 1500000, "Actual Loops": 1, "Output": ["orders.o_orderkey", "orders.o_custkey", "orders.o_orderstatus", "orders.o_totalprice", "orders.o_orderdate", "orders.o_orderpriority", "orders.o_clerk", "orders.o_shippriority", "orders.o_comment"]}, {"Node Type": "Hash", "Parent Relationship": "Inner", "Parallel Aware": false, "Startup Cost": 5499.73, "Total Cost": 5499.73, "Plan Rows": 1471, "Plan Width": 33, "Actual Startup Time": 47.228, "Actual Total Time": 47.232, "Actual Rows": 11882, "Actual Loops": 1, "Output": ["customer.c_custkey", "n2.n_name"], "Hash Buckets": 16384, "Original Hash Buckets": 2048, "Hash Batches": 1, "Original Hash Batches": 1, "Peak Memory Usage": 657, "Plans": [{"Node Type": "Hash Join", "Parent Relationship": "Outer", "Parallel Aware": false, "Join Type": "Inner", "Startup Cost": 17.71, "Total Cost": 5499.73, "Plan Rows": 1471, "Plan Width": 33, "Actual Startup Time": 0.023, "Actual Total Time": 45.741, "Actual Rows": 11882, "Actual Loops": 1, "Output": ["customer.c_custkey", "n2.n_name"], "Inner Unique": true, "Hash Cond": "(customer.c_nationkey = n2.n_nationkey)", "Plans": [{"Node Type": "Seq Scan", "Parent Relationship": "Outer", "Parallel Aware": false, "Relation Name": "customer", "Schema": "public", "Alias": "customer", "Startup Cost": 0.0, "Total Cost": 5085.0, "Plan Rows": 150000, "Plan Width": 8, "Actual Startup Time": 0.003, "Actual Total Time": 20.239, "Actual Rows": 150000, "Actual Loops": 1, "Output": ["customer.c_custkey", "customer.c_name", "customer.c_address", "customer.c_nationkey", "customer.c_phone", "customer.c_acctbal", "customer.c_mktsegment", "customer.c_comment"]}, {"Node Type": "Hash", "Parent Relationship": "Inner", "Parallel Aware": false, "Startup Cost": 17.65, "Total Cost": 17.65, "Plan Rows": 5, "Plan Width": 33, "Actual Startup Time": 0.008, "Actual Total Time": 0.009, "Actual Rows": 2, "Actual Loops": 1, "Output": ["n2.n_name", "n2.n_nationkey"], "Hash Buckets": 1024, "Original Hash Buckets": 1024, "Hash Batches": 1, "Original Hash Batches": 1, "Peak Memory Usage": 9, "Plans": [{"Node Type": "Seq Scan", "Parent Relationship": "Outer", "Parallel Aware": false, "Relation Name": "nation", "Schema": "public", "Alias": "n2", "Startup Cost": 0.0, "Total Cost": 17.65, "Plan Rows": 5, "Plan Width": 33, "Actual Startup Time": 0.002, "Actual Total Time": 0.004, "Actual Rows": 2, "Actual Loops": 1, "Output": ["n2.n_name", "n2.n_nationkey"], "Filter": "(((n2.n_name)::text = 'GERMANY'::text) OR ((n2.n_name)::text = 'MOZAMBIQUE'::text))", "Rows Removed by Filter": 23}]}]}]}]}]}]}]}]}, "Planning Time": 1.656, "Triggers": [], "Execution Time": 1607.116}]
q22#####[{"Plan": {"Node Type": "Aggregate", "Strategy": "Sorted", "Partial Mode": "Simple", "Parallel Aware": false, "Startup Cost": 259143.2, "Total Cost": 259146.3, "Plan Rows": 69, "Plan Width": 40, "Actual Startup Time": 1540.887, "Actual Total Time": 1541.218, "Actual Rows": 2, "Actual Loops": 1, "Output": ["(date_part('year'::text, (orders.o_orderdate)::timestamp without time zone))", "(sum(CASE WHEN ((n2.n_name)::text = 'CANADA'::text) THEN (lineitem.l_extendedprice * ('1'::numeric - lineitem.l_discount)) ELSE '0'::numeric END) / sum((lineitem.l_extendedprice * ('1'::numeric - lineitem.l_discount))))"], "Group Key": ["(date_part('year'::text, (orders.o_orderdate)::timestamp without time zone))"], "Plans": [{"Node Type": "Sort", "Parent Relationship": "Outer", "Parallel Aware": false, "Startup Cost": 259143.2, "Total Cost": 259143.37, "Plan Rows": 69, "Plan Width": 49, "Actual Startup Time": 1540.573, "Actual Total Time": 1540.681, "Actual Rows": 2592, "Actual Loops": 1, "Output": ["(date_part('year'::text, (orders.o_orderdate)::timestamp without time zone))", "n2.n_name", "lineitem.l_extendedprice", "lineitem.l_discount"], "Sort Key": ["(date_part('year'::text, (orders.o_orderdate)::timestamp without time zone))"], "Sort Method": "quicksort", "Sort Space Used": 299, "Sort Space Type": "Memory", "Plans": [{"Node Type": "Nested Loop", "Parent Relationship": "Outer", "Parallel Aware": false, "Join Type": "Inner", "Startup Cost": 208680.66, "Total Cost": 259141.09, "Plan Rows": 69, "Plan Width": 49, "Actual Startup Time": 1325.365, "Actual Total Time": 1539.523, "Actual Rows": 2592, "Actual Loops": 1, "Output": ["date_part('year'::text, (orders.o_orderdate)::timestamp without time zone)", "n2.n_name", "lineitem.l_extendedprice", "lineitem.l_discount"], "Inner Unique": true, "Plans": [{"Node Type": "Hash Join", "Parent Relationship": "Outer", "Parallel Aware": false, "Join Type": "Inner", "Startup Cost": 208680.52, "Total Cost": 259129.03, "Plan Rows": 69, "Plan Width": 20, "Actual Startup Time": 1325.341, "Actual Total Time": 1536.427, "Actual Rows": 2592, "Actual Loops": 1, "Output": ["lineitem.l_extendedprice", "lineitem.l_discount", "supplier.s_nationkey", "orders.o_orderdate"], "Inner Unique": false, "Hash Cond": "(lineitem.l_suppkey = supplier.s_suppkey)", "Plans": [{"Node Type": "Hash Join", "Parent Relationship": "Outer", "Parallel Aware": false, "Join Type": "Inner", "Startup Cost": 208233.52, "Total Cost": 258681.08, "Plan Rows": 69, "Plan Width": 20, "Actual Startup Time": 1309.193, "Actual Total Time": 1519.089, "Actual Rows": 2592, "Actual Loops": 1, "Output": ["lineitem.l_extendedprice", "lineitem.l_discount", "lineitem.l_suppkey", "orders.o_orderdate"], "Inner Unique": false, "Hash Cond": "(orders.o_custkey = customer.c_custkey)", "Plans": [{"Node Type": "Hash Join", "Parent Relationship": "Outer", "Parallel Aware": false, "Join Type": "Inner", "Startup Cost": 202533.36, "Total Cost": 252935.37, "Plan Rows": 11963, "Plan Width": 24, "Actual Startup Time": 1249.889, "Actual Total Time": 1456.558, "Actual Rows": 13144, "Actual Loops": 1, "Output": ["lineitem.l_extendedprice", "lineitem.l_discount", "lineitem.l_suppkey", "orders.o_orderdate", "orders.o_custkey"], "Inner Unique": false, "Hash Cond": "(orders.o_orderkey = lineitem.l_orderkey)", "Plans": [{"Node Type": "Seq Scan", "Parent Relationship": "Outer", "Parallel Aware": false, "Relation Name": "orders", "Schema": "public", "Alias": "orders", "Startup Cost": 0.0, "Total Cost": 48595.0, "Plan Rows": 449969, "Plan Width": 12, "Actual Startup Time": 0.018, "Actual Total Time": 158.047, "Actual Rows": 457263, "Actual Loops": 1, "Output": ["orders.o_orderkey", "orders.o_custkey", "orders.o_orderstatus", "orders.o_totalprice", "orders.o_orderdate", "orders.o_orderpriority", "orders.o_clerk", "orders.o_shippriority", "orders.o_comment"], "Filter": "((orders.o_orderdate >= '1995-01-01'::date) AND (orders.o_orderdate <= '1996-12-31'::date))", "Rows Removed by Filter": 1042737}, {"Node Type": "Hash", "Parent Relationship": "Inner", "Parallel Aware": false, "Startup Cost": 202034.87, "Total Cost": 202034.87, "Plan Rows": 39879, "Plan Width": 20, "Actual Startup Time": 1248.725, "Actual Total Time": 1248.726, "Actual Rows": 42613, "Actual Loops": 1, "Output": ["lineitem.l_extendedprice", "lineitem.l_discount", "lineitem.l_suppkey", "lineitem.l_orderkey"], "Hash Buckets": 65536, "Original Hash Buckets": 65536, "Hash Batches": 1, "Original Hash Batches": 1, "Peak Memory Usage": 2801, "Plans": [{"Node Type": "Hash Join", "Parent Relationship": "Outer", "Parallel Aware": false, "Join Type": "Inner", "Startup Cost": 6613.61, "Total Cost": 202034.87, "Plan Rows": 39879, "Plan Width": 20, "Actual Startup Time": 50.617, "Actual Total Time": 1234.769, "Actual Rows": 42613, "Actual Loops": 1, "Output": ["lineitem.l_extendedprice", "lineitem.l_discount", "lineitem.l_suppkey", "lineitem.l_orderkey"], "Inner Unique": false, "Hash Cond": "(lineitem.l_partkey = part.p_partkey)", "Plans": [{"Node Type": "Seq Scan", "Parent Relationship": "Outer", "Parallel Aware": false, "Relation Name": "lineitem", "Schema": "public", "Alias": "lineitem", "Startup Cost": 0.0, "Total Cost": 172517.16, "Plan Rows": 6001416, "Plan Width": 24, "Actual Startup Time": 0.013, "Actual Total Time": 794.518, "Actual Rows": 6001215, "Actual Loops": 1, "Output": ["lineitem.l_orderkey", "lineitem.l_partkey", "lineitem.l_suppkey", "lineitem.l_linenumber", "lineitem.l_quantity", "lineitem.l_extendedprice", "lineitem.l_discount", "lineitem.l_tax", "lineitem.l_returnflag", "lineitem.l_linestatus", "lineitem.l_shipdate", "lineitem.l_commitdate", "lineitem.l_receiptdate", "lineitem.l_shipinstruct", "lineitem.l_shipmode", "lineitem.l_comment"]}, {"Node Type": "Hash", "Parent Relationship": "Inner", "Parallel Aware": false, "Startup Cost": 6597.0, "Total Cost": 6597.0, "Plan Rows": 1329, "Plan Width": 4, "Actual Startup Time": 50.567, "Actual Total Time": 50.567, "Actual Rows": 1415, "Actual Loops": 1, "Output": ["part.p_partkey"], "Hash Buckets": 2048, "Original Hash Buckets": 2048, "Hash Batches": 1, "Original Hash Batches": 1, "Peak Memory Usage": 66, "Plans": [{"Node Type": "Seq Scan", "Parent Relationship": "Outer", "Parallel Aware": false, "Relation Name": "part", "Schema": "public", "Alias": "part", "Startup Cost": 0.0, "Total Cost": 6597.0, "Plan Rows": 1329, "Plan Width": 4, "Actual Startup Time": 0.008, "Actual Total Time": 49.934, "Actual Rows": 1415, "Actual Loops": 1, "Output": ["part.p_partkey"], "Filter": "((part.p_type)::text = 'LARGE PLATED BRASS'::text)", "Rows Removed by Filter": 198585}]}]}]}]}, {"Node Type": "Hash", "Parent Relationship": "Inner", "Parallel Aware": false, "Startup Cost": 5689.34, "Total Cost": 5689.34, "Plan Rows": 865, "Plan Width": 4, "Actual Startup Time": 58.378, "Actual Total Time": 58.384, "Actual Rows": 29952, "Actual Loops": 1, "Output": ["customer.c_custkey"], "Hash Buckets": 32768, "Original Hash Buckets": 1024, "Hash Batches": 1, "Original Hash Batches": 1, "Peak Memory Usage": 1309, "Plans": [{"Node Type": "Hash Join", "Parent Relationship": "Outer", "Parallel Aware": false, "Join Type": "Inner", "Startup Cost": 33.02, "Total Cost": 5689.34, "Plan Rows": 865, "Plan Width": 4, "Actual Startup Time": 0.14, "Actual Total Time": 51.234, "Actual Rows": 29952, "Actual Loops": 1, "Output": ["customer.c_custkey"], "Inner Unique": false, "Hash Cond": "(customer.c_nationkey = n1.n_nationkey)", "Plans": [{"Node Type": "Seq Scan", "Parent Relationship": "Outer", "Parallel Aware": false, "Relation Name": "customer", "Schema": "public", "Alias": "customer", "Startup Cost": 0.0, "Total Cost": 5085.0, "Plan Rows": 150000, "Plan Width": 8, "Actual Startup Time": 0.031, "Actual Total Time": 8.664, "Actual Rows": 150000, "Actual Loops": 1, "Output": ["customer.c_custkey", "customer.c_name", "customer.c_address", "customer.c_nationkey", "customer.c_phone", "customer.c_acctbal", "customer.c_mktsegment", "customer.c_comment"]}, {"Node Type": "Hash", "Parent Relationship": "Inner", "Parallel Aware": false, "Startup Cost": 32.99, "Total Cost": 32.99, "Plan Rows": 3, "Plan Width": 4, "Actual Startup Time": 0.075, "Actual Total Time": 0.08, "Actual Rows": 5, "Actual Loops": 1, "Output": ["n1.n_nationkey"], "Hash Buckets": 1024, "Original Hash Buckets": 1024, "Hash Batches": 1, "Original Hash Batches": 1, "Peak Memory Usage": 9, "Plans": [{"Node Type": "Hash Join", "Parent Relationship": "Outer", "Parallel Aware": false, "Join Type": "Inner", "Startup Cost": 16.54, "Total Cost": 32.99, "Plan Rows": 3, "Plan Width": 4, "Actual Startup Time": 0.069, "Actual Total Time": 0.077, "Actual Rows": 5, "Actual Loops": 1, "Output": ["n1.n_nationkey"], "Inner Unique": true, "Hash Cond": "(n1.n_regionkey = region.r_regionkey)", "Plans": [{"Node Type": "Seq Scan", "Parent Relationship": "Outer", "Parallel Aware": false, "Relation Name": "nation", "Schema": "public", "Alias": "n1", "Startup Cost": 0.0, "Total Cost": 15.1, "Plan Rows": 510, "Plan Width": 8, "Actual Startup Time": 0.009, "Actual Total Time": 0.011, "Actual Rows": 25, "Actual Loops": 1, "Output": ["n1.n_nationkey", "n1.n_name", "n1.n_regionkey", "n1.n_comment"]}, {"Node Type": "Hash", "Parent Relationship": "Inner", "Parallel Aware": false, "Startup Cost": 16.5, "Total Cost": 16.5, "Plan Rows": 3, "Plan Width": 4, "Actual Startup Time": 0.036, "Actual Total Time": 0.04, "Actual Rows": 1, "Actual Loops": 1, "Output": ["region.r_regionkey"], "Hash Buckets": 1024, "Original Hash Buckets": 1024, "Hash Batches": 1, "Original Hash Batches": 1, "Peak Memory Usage": 9, "Plans": [{"Node Type": "Seq Scan", "Parent Relationship": "Outer", "Parallel Aware": false, "Relation Name": "region", "Schema": "public", "Alias": "region", "Startup Cost": 0.0, "Total Cost": 16.5, "Plan Rows": 3, "Plan Width": 4, "Actual Startup Time": 0.023, "Actual Total Time": 0.023, "Actual Rows": 1, "Actual Loops": 1, "Output": ["region.r_regionkey"], "Filter": "((region.r_name)::text = 'AMERICA'::text)", "Rows Removed by Filter": 4}]}]}]}]}]}]}, {"Node Type": "Hash", "Parent Relationship": "Inner", "Parallel Aware": false, "Startup Cost": 322.0, "Total Cost": 322.0, "Plan Rows": 10000, "Plan Width": 8, "Actual Startup Time": 15.792, "Actual Total Time": 15.793, "Actual Rows": 10000, "Actual Loops": 1, "Output": ["supplier.s_suppkey", "supplier.s_nationkey"], "Hash Buckets": 16384, "Original Hash Buckets": 16384, "Hash Batches": 1, "Original Hash Batches": 1, "Peak Memory Usage": 519, "Plans": [{"Node Type": "Seq Scan", "Parent Relationship": "Outer", "Parallel Aware": false, "Relation Name": "supplier", "Schema": "public", "Alias": "supplier", "Startup Cost": 0.0, "Total Cost": 322.0, "Plan Rows": 10000, "Plan Width": 8, "Actual Startup Time": 0.019, "Actual Total Time": 9.331, "Actual Rows": 10000, "Actual Loops": 1, "Output": ["supplier.s_suppkey", "supplier.s_nationkey"]}]}]}, {"Node Type": "Index Scan", "Parent Relationship": "Inner", "Parallel Aware": false, "Scan Direction": "Forward", "Index Name": "nation_pkey", "Relation Name": "nation", "Schema": "public", "Alias": "n2", "Startup Cost": 0.15, "Total Cost": 0.17, "Plan Rows": 1, "Plan Width": 33, "Actual Startup Time": 0.001, "Actual Total Time": 0.001, "Actual Rows": 1, "Actual Loops": 2592, "Output": ["n2.n_nationkey", "n2.n_name", "n2.n_regionkey", "n2.n_comment"], "Index Cond": "(n2.n_nationkey = supplier.s_nationkey)", "Rows Removed by Index Recheck": 0}]}]}]}, "Planning Time": 7.01, "Triggers": [], "Execution Time": 1543.645}]
