q1#####[{"Plan": {"Node Type": "Aggregate", "Strategy": "Sorted", "Partial Mode": "Simple", "Parallel Aware": false, "Startup Cost": 144855.62, "Total Cost": 144857.19, "Plan Rows": 45, "Plan Width": 98, "Actual Startup Time": 12483.561, "Actual Total Time": 12484.594, "Actual Rows": 4, "Actual Loops": 1, "Output": ["n1.n_name", "n2.n_name", "(date_part('year'::text, (lineitem.l_shipdate)::timestamp without time zone))", "sum((lineitem.l_extendedprice * ('1'::numeric - lineitem.l_discount)))"], "Group Key": ["n1.n_name", "n2.n_name", "(date_part('year'::text, (lineitem.l_shipdate)::timestamp without time zone))"], "Plans": [{"Node Type": "Sort", "Parent Relationship": "Outer", "Parallel Aware": false, "Startup Cost": 144855.62, "Total Cost": 144855.73, "Plan Rows": 45, "Plan Width": 78, "Actual Startup Time": 12482.951, "Actual Total Time": 12483.202, "Actual Rows": 2937, "Actual Loops": 1, "Output": ["n1.n_name", "n2.n_name", "(date_part('year'::text, (lineitem.l_shipdate)::timestamp without time zone))", "lineitem.l_extendedprice", "lineitem.l_discount"], "Sort Key": ["n1.n_name", "n2.n_name", "(date_part('year'::text, (lineitem.l_shipdate)::timestamp without time zone))"], "Sort Method": "quicksort", "Sort Space Used": 326, "Sort Space Type": "Memory", "Plans": [{"Node Type": "Hash Join", "Parent Relationship": "Outer", "Parallel Aware": false, "Join Type": "Inner", "Startup Cost": 39724.65, "Total Cost": 144854.38, "Plan Rows": 45, "Plan Width": 78, "Actual Startup Time": 3234.417, "Actual Total Time": 12472.631, "Actual Rows": 2937, "Actual Loops": 1, "Output": ["n1.n_name", "n2.n_name", "date_part('year'::text, (lineitem.l_shipdate)::timestamp without time zone)", "lineitem.l_extendedprice", "lineitem.l_discount"], "Inner Unique": false, "Hash Cond": "((lineitem.l_suppkey = supplier.s_suppkey) AND (n1.n_nationkey = supplier.s_nationkey))", "Plans": [{"Node Type": "Hash Join", "Parent Relationship": "Outer", "Parallel Aware": false, "Join Type": "Inner", "Startup Cost": 39488.65, "Total Cost": 144445.44, "Plan Rows": 22969, "Plan Width": 82, "Actual Startup Time": 3075.215, "Actual Total Time": 12268.763, "Actual Rows": 73733, "Actual Loops": 1, "Output": ["lineitem.l_shipdate", "lineitem.l_extendedprice", "lineitem.l_discount", "lineitem.l_suppkey", "n2.n_name", "n1.n_name", "n1.n_nationkey"], "Inner Unique": false, "Hash Cond": "(lineitem.l_orderkey = orders.o_orderkey)", "Plans": [{"Node Type": "Seq Scan", "Parent Relationship": "Outer", "Parallel Aware": false, "Relation Name": "lineitem", "Schema": "public", "Alias": "lineitem", "Startup Cost": 0.0, "Total Cost": 101230.23, "Plan Rows": 932496, "Plan Width": 24, "Actual Startup Time": 4.789, "Actual Total Time": 6136.706, "Actual Rows": 914862, "Actual Loops": 1, "Output": ["lineitem.l_orderkey", "lineitem.l_partkey", "lineitem.l_suppkey", "lineitem.l_linenumber", "lineitem.l_quantity", "lineitem.l_extendedprice", "lineitem.l_discount", "lineitem.l_tax", "lineitem.l_returnflag", "lineitem.l_linestatus", "lineitem.l_shipdate", "lineitem.l_commitdate", "lineitem.l_receiptdate", "lineitem.l_shipinstruct", "lineitem.l_shipmode", "lineitem.l_comment"], "Filter": "((lineitem.l_shipdate >= '1995-01-01'::date) AND (lineitem.l_shipdate <= '1996-12-31'::date))", "Rows Removed by Filter": 2084809}, {"Node Type": "Hash", "Parent Relationship": "Inner", "Parallel Aware": false, "Startup Cost": 39257.72, "Total Cost": 39257.72, "Plan Rows": 18475, "Plan Width": 66, "Actual Startup Time": 3056.289, "Actual Total Time": 3056.376, "Actual Rows": 60330, "Actual Loops": 1, "Output": ["orders.o_orderkey", "n2.n_name", "n1.n_name", "n1.n_nationkey"], "Hash Buckets": 65536, "Original Hash Buckets": 32768, "Hash Batches": 2, "Original Hash Batches": 1, "Peak Memory Usage": 3585, "Plans": [{"Node Type": "Hash Join", "Parent Relationship": "Outer", "Parallel Aware": false, "Join Type": "Inner", "Startup Cost": 3516.54, "Total Cost": 39257.72, "Plan Rows": 18475, "Plan Width": 66, "Actual Startup Time": 1089.687, "Actual Total Time": 2915.124, "Actual Rows": 60330, "Actual Loops": 1, "Output": ["orders.o_orderkey", "n2.n_name", "n1.n_name", "n1.n_nationkey"], "Inner Unique": false, "Hash Cond": "(customer.c_nationkey = n2.n_nationkey)", "Plans": [{"Node Type": "Hash Join", "Parent Relationship": "Outer", "Parallel Aware": false, "Join Type": "Inner", "Startup Cost": 3480.5, "Total Cost": 34343.0, "Plan Rows": 750000, "Plan Width": 8, "Actual Startup Time": 1088.459, "Actual Total Time": 2842.04, "Actual Rows": 750000, "Actual Loops": 1, "Output": ["orders.o_orderkey", "customer.c_nationkey"], "Inner Unique": false, "Hash Cond": "(orders.o_custkey = customer.c_custkey)", "Plans": [{"Node Type": "Seq Scan", "Parent Relationship": "Outer", "Parallel Aware": false, "Relation Name": "orders", "Schema": "public", "Alias": "orders", "Startup Cost": 0.0, "Total Cost": 20550.0, "Plan Rows": 750000, "Plan Width": 8, "Actual Startup Time": 5.924, "Actual Total Time": 1237.025, "Actual Rows": 750000, "Actual Loops": 1, "Output": ["orders.o_orderkey", "orders.o_custkey", "orders.o_orderstatus", "orders.o_totalprice", "orders.o_orderdate", "orders.o_orderpriority", "orders.o_clerk", "orders.o_shippriority", "orders.o_comment"]}, {"Node Type": "Hash", "Parent Relationship": "Inner", "Parallel Aware": false, "Startup Cost": 2543.0, "Total Cost": 2543.0, "Plan Rows": 75000, "Plan Width": 8, "Actual Startup Time": 1078.085, "Actual Total Time": 1078.096, "Actual Rows": 75000, "Actual Loops": 1, "Output": ["customer.c_custkey", "customer.c_nationkey"], "Hash Buckets": 131072, "Original Hash Buckets": 131072, "Hash Batches": 1, "Original Hash Batches": 1, "Peak Memory Usage": 3954, "Plans": [{"Node Type": "Seq Scan", "Parent Relationship": "Outer", "Parallel Aware": false, "Relation Name": "customer", "Schema": "public", "Alias": "customer", "Startup Cost": 0.0, "Total Cost": 2543.0, "Plan Rows": 75000, "Plan Width": 8, "Actual Startup Time": 2.193, "Actual Total Time": 960.687, "Actual Rows": 75000, "Actual Loops": 1, "Output": ["customer.c_custkey", "customer.c_nationkey"]}]}]}, {"Node Type": "Hash", "Parent Relationship": "Inner", "Parallel Aware": false, "Startup Cost": 35.87, "Total Cost": 35.87, "Plan Rows": 13, "Plan Width": 66, "Actual Startup Time": 1.193, "Actual Total Time": 1.226, "Actual Rows": 2, "Actual Loops": 1, "Output": ["n1.n_name", "n1.n_nationkey", "n2.n_name", "n2.n_nationkey"], "Hash Buckets": 1024, "Original Hash Buckets": 1024, "Hash Batches": 1, "Original Hash Batches": 1, "Peak Memory Usage": 9, "Plans": [{"Node Type": "Nested Loop", "Parent Relationship": "Outer", "Parallel Aware": false, "Join Type": "Inner", "Startup Cost": 0.0, "Total Cost": 35.87, "Plan Rows": 13, "Plan Width": 66, "Actual Startup Time": 1.179, "Actual Total Time": 1.208, "Actual Rows": 2, "Actual Loops": 1, "Output": ["n1.n_name", "n1.n_nationkey", "n2.n_name", "n2.n_nationkey"], "Inner Unique": false, "Join Filter": "((((n1.n_name)::text = 'ALGERIA'::text) AND ((n2.n_name)::text = 'SAUDI ARABIA'::text)) OR (((n1.n_name)::text = 'SAUDI ARABIA'::text) AND ((n2.n_name)::text = 'ALGERIA'::text)))", "Rows Removed by Join Filter": 2, "Plans": [{"Node Type": "Seq Scan", "Parent Relationship": "Outer", "Parallel Aware": false, "Relation Name": "nation", "Schema": "public", "Alias": "n1", "Startup Cost": 0.0, "Total Cost": 17.65, "Plan Rows": 5, "Plan Width": 33, "Actual Startup Time": 0.691, "Actual Total Time": 0.694, "Actual Rows": 2, "Actual Loops": 1, "Output": ["n1.n_nationkey", "n1.n_name", "n1.n_regionkey", "n1.n_comment"], "Filter": "(((n1.n_name)::text = 'ALGERIA'::text) OR ((n1.n_name)::text = 'SAUDI ARABIA'::text))", "Rows Removed by Filter": 23}, {"Node Type": "Materialize", "Parent Relationship": "Inner", "Parallel Aware": false, "Startup Cost": 0.0, "Total Cost": 17.67, "Plan Rows": 5, "Plan Width": 33, "Actual Startup Time": 0.005, "Actual Total Time": 0.009, "Actual Rows": 2, "Actual Loops": 2, "Output": ["n2.n_name", "n2.n_nationkey"], "Plans": [{"Node Type": "Seq Scan", "Parent Relationship": "Outer", "Parallel Aware": false, "Relation Name": "nation", "Schema": "public", "Alias": "n2", "Startup Cost": 0.0, "Total Cost": 17.65, "Plan Rows": 5, "Plan Width": 33, "Actual Startup Time": 0.004, "Actual Total Time": 0.01, "Actual Rows": 2, "Actual Loops": 1, "Output": ["n2.n_name", "n2.n_nationkey"], "Filter": "(((n2.n_name)::text = 'SAUDI ARABIA'::text) OR ((n2.n_name)::text = 'ALGERIA'::text))", "Rows Removed by Filter": 23}]}]}]}]}]}]}, {"Node Type": "Hash", "Parent Relationship": "Inner", "Parallel Aware": false, "Startup Cost": 161.0, "Total Cost": 161.0, "Plan Rows": 5000, "Plan Width": 8, "Actual Startup Time": 144.469, "Actual Total Time": 144.47, "Actual Rows": 5000, "Actual Loops": 1, "Output": ["supplier.s_suppkey", "supplier.s_nationkey"], "Hash Buckets": 8192, "Original Hash Buckets": 8192, "Hash Batches": 1, "Original Hash Batches": 1, "Peak Memory Usage": 260, "Plans": [{"Node Type": "Seq Scan", "Parent Relationship": "Outer", "Parallel Aware": false, "Relation Name": "supplier", "Schema": "public", "Alias": "supplier", "Startup Cost": 0.0, "Total Cost": 161.0, "Plan Rows": 5000, "Plan Width": 8, "Actual Startup Time": 24.807, "Actual Total Time": 122.211, "Actual Rows": 5000, "Actual Loops": 1, "Output": ["supplier.s_suppkey", "supplier.s_nationkey"]}]}]}]}]}, "Planning Time": 3.409, "Triggers": [], "Execution Time": 12486.429}]
q2#####[{"Plan": {"Node Type": "Sort", "Parallel Aware": false, "Startup Cost": 141025.76, "Total Cost": 141100.97, "Plan Rows": 30084, "Plan Width": 205, "Actual Startup Time": 11605.282, "Actual Total Time": 11607.306, "Actual Rows": 18974, "Actual Loops": 1, "Output": ["customer.c_custkey", "customer.c_name", "(sum((lineitem.l_extendedprice * ('1'::numeric - lineitem.l_discount))))", "customer.c_acctbal", "nation.n_name", "customer.c_address", "customer.c_phone", "customer.c_comment"], "Sort Key": ["(sum((lineitem.l_extendedprice * ('1'::numeric - lineitem.l_discount)))) DESC"], "Sort Method": "external merge", "Sort Space Used": 3216, "Sort Space Type": "Disk", "Plans": [{"Node Type": "Aggregate", "Strategy": "Sorted", "Partial Mode": "Simple", "Parent Relationship": "Outer", "Parallel Aware": false, "Startup Cost": 134602.65, "Total Cost": 135806.01, "Plan Rows": 30084, "Plan Width": 205, "Actual Startup Time": 11513.27, "Actual Total Time": 11567.207, "Actual Rows": 18974, "Actual Loops": 1, "Output": ["customer.c_custkey", "customer.c_name", "sum((lineitem.l_extendedprice * ('1'::numeric - lineitem.l_discount)))", "customer.c_acctbal", "nation.n_name", "customer.c_address", "customer.c_phone", "customer.c_comment"], "Group Key": ["customer.c_custkey", "customer.c_name", "customer.c_acctbal", "customer.c_phone", "nation.n_name", "customer.c_address", "customer.c_comment"], "Plans": [{"Node Type": "Sort", "Parent Relationship": "Outer", "Parallel Aware": false, "Startup Cost": 134602.65, "Total Cost": 134677.86, "Plan Rows": 30084, "Plan Width": 185, "Actual Startup Time": 11513.045, "Actual Total Time": 11524.577, "Actual Rows": 56973, "Actual Loops": 1, "Output": ["customer.c_custkey", "customer.c_name", "customer.c_acctbal", "nation.n_name", "customer.c_address", "customer.c_phone", "customer.c_comment", "lineitem.l_extendedprice", "lineitem.l_discount"], "Sort Key": ["customer.c_custkey", "customer.c_name", "customer.c_acctbal", "customer.c_phone", "nation.n_name", "customer.c_address", "customer.c_comment"], "Sort Method": "external merge", "Sort Space Used": 9912, "Sort Space Type": "Disk", "Plans": [{"Node Type": "Hash Join", "Parent Relationship": "Outer", "Parallel Aware": false, "Join Type": "Inner", "Startup Cost": 30209.51, "Total Cost": 129585.9, "Plan Rows": 30084, "Plan Width": 185, "Actual Startup Time": 2448.133, "Actual Total Time": 11323.075, "Actual Rows": 56973, "Actual Loops": 1, "Output": ["customer.c_custkey", "customer.c_name", "customer.c_acctbal", "nation.n_name", "customer.c_address", "customer.c_phone", "customer.c_comment", "lineitem.l_extendedprice", "lineitem.l_discount"], "Inner Unique": false, "Hash Cond": "(orders.o_custkey = customer.c_custkey)", "Plans": [{"Node Type": "Hash Join", "Parent Relationship": "Outer", "Parallel Aware": false, "Join Type": "Inner", "Startup Cost": 24677.03, "Total Cost": 121513.76, "Plan Rows": 30084, "Plan Width": 16, "Actual Startup Time": 1970.105, "Actual Total Time": 10511.365, "Actual Rows": 56973, "Actual Loops": 1, "Output": ["orders.o_custkey", "lineitem.l_extendedprice", "lineitem.l_discount"], "Inner Unique": false, "Hash Cond": "(lineitem.l_orderkey = orders.o_orderkey)", "Plans": [{"Node Type": "Seq Scan", "Parent Relationship": "Outer", "Parallel Aware": false, "Relation Name": "lineitem", "Schema": "public", "Alias": "lineitem", "Startup Cost": 0.0, "Total Cost": 93730.69, "Plan Rows": 748054, "Plan Width": 16, "Actual Startup Time": 0.009, "Actual Total Time": 8281.861, "Actual Rows": 739563, "Actual Loops": 1, "Output": ["lineitem.l_orderkey", "lineitem.l_partkey", "lineitem.l_suppkey", "lineitem.l_linenumber", "lineitem.l_quantity", "lineitem.l_extendedprice", "lineitem.l_discount", "lineitem.l_tax", "lineitem.l_returnflag", "lineitem.l_linestatus", "lineitem.l_shipdate", "lineitem.l_commitdate", "lineitem.l_receiptdate", "lineitem.l_shipinstruct", "lineitem.l_shipmode", "lineitem.l_comment"], "Filter": "(lineitem.l_returnflag = 'R'::bpchar)", "Rows Removed by Filter": 2260108}, {"Node Type": "Hash", "Parent Relationship": "Inner", "Parallel Aware": false, "Startup Cost": 24300.0, "Total Cost": 24300.0, "Plan Rows": 30162, "Plan Width": 8, "Actual Startup Time": 1957.451, "Actual Total Time": 1957.452, "Actual Rows": 28646, "Actual Loops": 1, "Output": ["orders.o_custkey", "orders.o_orderkey"], "Hash Buckets": 32768, "Original Hash Buckets": 32768, "Hash Batches": 1, "Original Hash Batches": 1, "Peak Memory Usage": 1375, "Plans": [{"Node Type": "Seq Scan", "Parent Relationship": "Outer", "Parallel Aware": false, "Relation Name": "orders", "Schema": "public", "Alias": "orders", "Startup Cost": 0.0, "Total Cost": 24300.0, "Plan Rows": 30162, "Plan Width": 8, "Actual Startup Time": 0.012, "Actual Total Time": 1904.602, "Actual Rows": 28646, "Actual Loops": 1, "Output": ["orders.o_custkey", "orders.o_orderkey"], "Filter": "((orders.o_orderdate >= '1993-06-05'::date) AND (orders.o_orderdate < '1993-09-05 00:00:00'::timestamp without time zone))", "Rows Removed by Filter": 721354}]}]}, {"Node Type": "Hash", "Parent Relationship": "Inner", "Parallel Aware": false, "Startup Cost": 2762.99, "Total Cost": 2762.99, "Plan Rows": 75000, "Plan Width": 173, "Actual Startup Time": 451.625, "Actual Total Time": 451.644, "Actual Rows": 75000, "Actual Loops": 1, "Output": ["customer.c_custkey", "customer.c_name", "customer.c_acctbal", "customer.c_address", "customer.c_phone", "customer.c_comment", "nation.n_name"], "Hash Buckets": 32768, "Original Hash Buckets": 32768, "Hash Batches": 8, "Original Hash Batches": 8, "Peak Memory Usage": 1984, "Plans": [{"Node Type": "Hash Join", "Parent Relationship": "Outer", "Parallel Aware": false, "Join Type": "Inner", "Startup Cost": 21.48, "Total Cost": 2762.99, "Plan Rows": 75000, "Plan Width": 173, "Actual Startup Time": 0.026, "Actual Total Time": 196.146, "Actual Rows": 75000, "Actual Loops": 1, "Output": ["customer.c_custkey", "customer.c_name", "customer.c_acctbal", "customer.c_address", "customer.c_phone", "customer.c_comment", "nation.n_name"], "Inner Unique": true, "Hash Cond": "(customer.c_nationkey = nation.n_nationkey)", "Plans": [{"Node Type": "Seq Scan", "Parent Relationship": "Outer", "Parallel Aware": false, "Relation Name": "customer", "Schema": "public", "Alias": "customer", "Startup Cost": 0.0, "Total Cost": 2543.0, "Plan Rows": 75000, "Plan Width": 148, "Actual Startup Time": 0.008, "Actual Total Time": 175.499, "Actual Rows": 75000, "Actual Loops": 1, "Output": ["customer.c_custkey", "customer.c_name", "customer.c_address", "customer.c_nationkey", "customer.c_phone", "customer.c_acctbal", "customer.c_mktsegment", "customer.c_comment"]}, {"Node Type": "Hash", "Parent Relationship": "Inner", "Parallel Aware": false, "Startup Cost": 15.1, "Total Cost": 15.1, "Plan Rows": 510, "Plan Width": 33, "Actual Startup Time": 0.01, "Actual Total Time": 0.012, "Actual Rows": 25, "Actual Loops": 1, "Output": ["nation.n_name", "nation.n_nationkey"], "Hash Buckets": 1024, "Original Hash Buckets": 1024, "Hash Batches": 1, "Original Hash Batches": 1, "Peak Memory Usage": 10, "Plans": [{"Node Type": "Seq Scan", "Parent Relationship": "Outer", "Parallel Aware": false, "Relation Name": "nation", "Schema": "public", "Alias": "nation", "Startup Cost": 0.0, "Total Cost": 15.1, "Plan Rows": 510, "Plan Width": 33, "Actual Startup Time": 0.005, "Actual Total Time": 0.007, "Actual Rows": 25, "Actual Loops": 1, "Output": ["nation.n_name", "nation.n_nationkey"]}]}]}]}]}]}]}]}, "Planning Time": 0.913, "Triggers": [], "Execution Time": 11613.454}]
q3#####[{"Plan": {"Node Type": "Aggregate", "Strategy": "Sorted", "Partial Mode": "Simple", "Parallel Aware": false, "Startup Cost": 144855.62, "Total Cost": 144857.19, "Plan Rows": 45, "Plan Width": 98, "Actual Startup Time": 10615.565, "Actual Total Time": 10616.986, "Actual Rows": 4, "Actual Loops": 1, "Output": ["n1.n_name", "n2.n_name", "(date_part('year'::text, (lineitem.l_shipdate)::timestamp without time zone))", "sum((lineitem.l_extendedprice * ('1'::numeric - lineitem.l_discount)))"], "Group Key": ["n1.n_name", "n2.n_name", "(date_part('year'::text, (lineitem.l_shipdate)::timestamp without time zone))"], "Plans": [{"Node Type": "Sort", "Parent Relationship": "Outer", "Parallel Aware": false, "Startup Cost": 144855.62, "Total Cost": 144855.73, "Plan Rows": 45, "Plan Width": 78, "Actual Startup Time": 10614.49, "Actual Total Time": 10614.923, "Actual Rows": 3043, "Actual Loops": 1, "Output": ["n1.n_name", "n2.n_name", "(date_part('year'::text, (lineitem.l_shipdate)::timestamp without time zone))", "lineitem.l_extendedprice", "lineitem.l_discount"], "Sort Key": ["n1.n_name", "n2.n_name", "(date_part('year'::text, (lineitem.l_shipdate)::timestamp without time zone))"], "Sort Method": "quicksort", "Sort Space Used": 334, "Sort Space Type": "Memory", "Plans": [{"Node Type": "Hash Join", "Parent Relationship": "Outer", "Parallel Aware": false, "Join Type": "Inner", "Startup Cost": 39724.65, "Total Cost": 144854.38, "Plan Rows": 45, "Plan Width": 78, "Actual Startup Time": 2479.601, "Actual Total Time": 10595.0, "Actual Rows": 3043, "Actual Loops": 1, "Output": ["n1.n_name", "n2.n_name", "date_part('year'::text, (lineitem.l_shipdate)::timestamp without time zone)", "lineitem.l_extendedprice", "lineitem.l_discount"], "Inner Unique": false, "Hash Cond": "((lineitem.l_suppkey = supplier.s_suppkey) AND (n1.n_nationkey = supplier.s_nationkey))", "Plans": [{"Node Type": "Hash Join", "Parent Relationship": "Outer", "Parallel Aware": false, "Join Type": "Inner", "Startup Cost": 39488.65, "Total Cost": 144445.44, "Plan Rows": 22969, "Plan Width": 82, "Actual Startup Time": 2476.408, "Actual Total Time": 10545.944, "Actual Rows": 72279, "Actual Loops": 1, "Output": ["lineitem.l_shipdate", "lineitem.l_extendedprice", "lineitem.l_discount", "lineitem.l_suppkey", "n2.n_name", "n1.n_name", "n1.n_nationkey"], "Inner Unique": false, "Hash Cond": "(lineitem.l_orderkey = orders.o_orderkey)", "Plans": [{"Node Type": "Seq Scan", "Parent Relationship": "Outer", "Parallel Aware": false, "Relation Name": "lineitem", "Schema": "public", "Alias": "lineitem", "Startup Cost": 0.0, "Total Cost": 101230.23, "Plan Rows": 932496, "Plan Width": 24, "Actual Startup Time": 3.087, "Actual Total Time": 7809.238, "Actual Rows": 914862, "Actual Loops": 1, "Output": ["lineitem.l_orderkey", "lineitem.l_partkey", "lineitem.l_suppkey", "lineitem.l_linenumber", "lineitem.l_quantity", "lineitem.l_extendedprice", "lineitem.l_discount", "lineitem.l_tax", "lineitem.l_returnflag", "lineitem.l_linestatus", "lineitem.l_shipdate", "lineitem.l_commitdate", "lineitem.l_receiptdate", "lineitem.l_shipinstruct", "lineitem.l_shipmode", "lineitem.l_comment"], "Filter": "((lineitem.l_shipdate >= '1995-01-01'::date) AND (lineitem.l_shipdate <= '1996-12-31'::date))", "Rows Removed by Filter": 2084809}, {"Node Type": "Hash", "Parent Relationship": "Inner", "Parallel Aware": false, "Startup Cost": 39257.72, "Total Cost": 39257.72, "Plan Rows": 18475, "Plan Width": 66, "Actual Startup Time": 2473.217, "Actual Total Time": 2473.395, "Actual Rows": 59593, "Actual Loops": 1, "Output": ["orders.o_orderkey", "n2.n_name", "n1.n_name", "n1.n_nationkey"], "Hash Buckets": 65536, "Original Hash Buckets": 32768, "Hash Batches": 1, "Original Hash Batches": 1, "Peak Memory Usage": 3771, "Plans": [{"Node Type": "Hash Join", "Parent Relationship": "Outer", "Parallel Aware": false, "Join Type": "Inner", "Startup Cost": 3516.54, "Total Cost": 39257.72, "Plan Rows": 18475, "Plan Width": 66, "Actual Startup Time": 85.06, "Actual Total Time": 2270.076, "Actual Rows": 59593, "Actual Loops": 1, "Output": ["orders.o_orderkey", "n2.n_name", "n1.n_name", "n1.n_nationkey"], "Inner Unique": false, "Hash Cond": "(customer.c_nationkey = n2.n_nationkey)", "Plans": [{"Node Type": "Hash Join", "Parent Relationship": "Outer", "Parallel Aware": false, "Join Type": "Inner", "Startup Cost": 3480.5, "Total Cost": 34343.0, "Plan Rows": 750000, "Plan Width": 8, "Actual Startup Time": 84.973, "Actual Total Time": 2181.843, "Actual Rows": 750000, "Actual Loops": 1, "Output": ["orders.o_orderkey", "customer.c_nationkey"], "Inner Unique": false, "Hash Cond": "(orders.o_custkey = customer.c_custkey)", "Plans": [{"Node Type": "Seq Scan", "Parent Relationship": "Outer", "Parallel Aware": false, "Relation Name": "orders", "Schema": "public", "Alias": "orders", "Startup Cost": 0.0, "Total Cost": 20550.0, "Plan Rows": 750000, "Plan Width": 8, "Actual Startup Time": 0.013, "Actual Total Time": 1455.73, "Actual Rows": 750000, "Actual Loops": 1, "Output": ["orders.o_orderkey", "orders.o_custkey", "orders.o_orderstatus", "orders.o_totalprice", "orders.o_orderdate", "orders.o_orderpriority", "orders.o_clerk", "orders.o_shippriority", "orders.o_comment"]}, {"Node Type": "Hash", "Parent Relationship": "Inner", "Parallel Aware": false, "Startup Cost": 2543.0, "Total Cost": 2543.0, "Plan Rows": 75000, "Plan Width": 8, "Actual Startup Time": 84.61, "Actual Total Time": 84.611, "Actual Rows": 75000, "Actual Loops": 1, "Output": ["customer.c_custkey", "customer.c_nationkey"], "Hash Buckets": 131072, "Original Hash Buckets": 131072, "Hash Batches": 1, "Original Hash Batches": 1, "Peak Memory Usage": 3954, "Plans": [{"Node Type": "Seq Scan", "Parent Relationship": "Outer", "Parallel Aware": false, "Relation Name": "customer", "Schema": "public", "Alias": "customer", "Startup Cost": 0.0, "Total Cost": 2543.0, "Plan Rows": 75000, "Plan Width": 8, "Actual Startup Time": 0.006, "Actual Total Time": 34.644, "Actual Rows": 75000, "Actual Loops": 1, "Output": ["customer.c_custkey", "customer.c_nationkey"]}]}]}, {"Node Type": "Hash", "Parent Relationship": "Inner", "Parallel Aware": false, "Startup Cost": 35.87, "Total Cost": 35.87, "Plan Rows": 13, "Plan Width": 66, "Actual Startup Time": 0.075, "Actual Total Time": 0.077, "Actual Rows": 2, "Actual Loops": 1, "Output": ["n1.n_name", "n1.n_nationkey", "n2.n_name", "n2.n_nationkey"], "Hash Buckets": 1024, "Original Hash Buckets": 1024, "Hash Batches": 1, "Original Hash Batches": 1, "Peak Memory Usage": 9, "Plans": [{"Node Type": "Nested Loop", "Parent Relationship": "Outer", "Parallel Aware": false, "Join Type": "Inner", "Startup Cost": 0.0, "Total Cost": 35.87, "Plan Rows": 13, "Plan Width": 66, "Actual Startup Time": 0.032, "Actual Total Time": 0.073, "Actual Rows": 2, "Actual Loops": 1, "Output": ["n1.n_name", "n1.n_nationkey", "n2.n_name", "n2.n_nationkey"], "Inner Unique": false, "Join Filter": "((((n1.n_name)::text = 'ALGERIA'::text) AND ((n2.n_name)::text = 'EGYPT'::text)) OR (((n1.n_name)::text = 'EGYPT'::text) AND ((n2.n_name)::text = 'ALGERIA'::text)))", "Rows Removed by Join Filter": 2, "Plans": [{"Node Type": "Seq Scan", "Parent Relationship": "Outer", "Parallel Aware": false, "Relation Name": "nation", "Schema": "public", "Alias": "n1", "Startup Cost": 0.0, "Total Cost": 17.65, "Plan Rows": 5, "Plan Width": 33, "Actual Startup Time": 0.016, "Actual Total Time": 0.02, "Actual Rows": 2, "Actual Loops": 1, "Output": ["n1.n_nationkey", "n1.n_name", "n1.n_regionkey", "n1.n_comment"], "Filter": "(((n1.n_name)::text = 'ALGERIA'::text) OR ((n1.n_name)::text = 'EGYPT'::text))", "Rows Removed by Filter": 23}, {"Node Type": "Materialize", "Parent Relationship": "Inner", "Parallel Aware": false, "Startup Cost": 0.0, "Total Cost": 17.67, "Plan Rows": 5, "Plan Width": 33, "Actual Startup Time": 0.019, "Actual Total Time": 0.021, "Actual Rows": 2, "Actual Loops": 2, "Output": ["n2.n_name", "n2.n_nationkey"], "Plans": [{"Node Type": "Seq Scan", "Parent Relationship": "Outer", "Parallel Aware": false, "Relation Name": "nation", "Schema": "public", "Alias": "n2", "Startup Cost": 0.0, "Total Cost": 17.65, "Plan Rows": 5, "Plan Width": 33, "Actual Startup Time": 0.004, "Actual Total Time": 0.007, "Actual Rows": 2, "Actual Loops": 1, "Output": ["n2.n_name", "n2.n_nationkey"], "Filter": "(((n2.n_name)::text = 'EGYPT'::text) OR ((n2.n_name)::text = 'ALGERIA'::text))", "Rows Removed by Filter": 23}]}]}]}]}]}]}, {"Node Type": "Hash", "Parent Relationship": "Inner", "Parallel Aware": false, "Startup Cost": 161.0, "Total Cost": 161.0, "Plan Rows": 5000, "Plan Width": 8, "Actual Startup Time": 3.07, "Actual Total Time": 3.071, "Actual Rows": 5000, "Actual Loops": 1, "Output": ["supplier.s_suppkey", "supplier.s_nationkey"], "Hash Buckets": 8192, "Original Hash Buckets": 8192, "Hash Batches": 1, "Original Hash Batches": 1, "Peak Memory Usage": 260, "Plans": [{"Node Type": "Seq Scan", "Parent Relationship": "Outer", "Parallel Aware": false, "Relation Name": "supplier", "Schema": "public", "Alias": "supplier", "Startup Cost": 0.0, "Total Cost": 161.0, "Plan Rows": 5000, "Plan Width": 8, "Actual Startup Time": 0.002, "Actual Total Time": 2.505, "Actual Rows": 5000, "Actual Loops": 1, "Output": ["supplier.s_suppkey", "supplier.s_nationkey"]}]}]}]}]}, "Planning Time": 1.524, "Triggers": [], "Execution Time": 10618.843}]
q4#####[{"Plan": {"Node Type": "Sort", "Parallel Aware": false, "Startup Cost": 140683.34, "Total Cost": 140756.6, "Plan Rows": 29307, "Plan Width": 205, "Actual Startup Time": 10610.346, "Actual Total Time": 10613.045, "Actual Rows": 18790, "Actual Loops": 1, "Output": ["customer.c_custkey", "customer.c_name", "(sum((lineitem.l_extendedprice * ('1'::numeric - lineitem.l_discount))))", "customer.c_acctbal", "nation.n_name", "customer.c_address", "customer.c_phone", "customer.c_comment"], "Sort Key": ["(sum((lineitem.l_extendedprice * ('1'::numeric - lineitem.l_discount)))) DESC"], "Sort Method": "external merge", "Sort Space Used": 3184, "Sort Space Type": "Disk", "Plans": [{"Node Type": "Aggregate", "Strategy": "Sorted", "Partial Mode": "Simple", "Parent Relationship": "Outer", "Parallel Aware": false, "Startup Cost": 134431.63, "Total Cost": 135603.91, "Plan Rows": 29307, "Plan Width": 205, "Actual Startup Time": 10501.395, "Actual Total Time": 10560.594, "Actual Rows": 18790, "Actual Loops": 1, "Output": ["customer.c_custkey", "customer.c_name", "sum((lineitem.l_extendedprice * ('1'::numeric - lineitem.l_discount)))", "customer.c_acctbal", "nation.n_name", "customer.c_address", "customer.c_phone", "customer.c_comment"], "Group Key": ["customer.c_custkey", "customer.c_name", "customer.c_acctbal", "customer.c_phone", "nation.n_name", "customer.c_address", "customer.c_comment"], "Plans": [{"Node Type": "Sort", "Parent Relationship": "Outer", "Parallel Aware": false, "Startup Cost": 134431.63, "Total Cost": 134504.9, "Plan Rows": 29307, "Plan Width": 185, "Actual Startup Time": 10501.37, "Actual Total Time": 10514.218, "Actual Rows": 56250, "Actual Loops": 1, "Output": ["customer.c_custkey", "customer.c_name", "customer.c_acctbal", "nation.n_name", "customer.c_address", "customer.c_phone", "customer.c_comment", "lineitem.l_extendedprice", "lineitem.l_discount"], "Sort Key": ["customer.c_custkey", "customer.c_name", "customer.c_acctbal", "customer.c_phone", "nation.n_name", "customer.c_address", "customer.c_comment"], "Sort Method": "external merge", "Sort Space Used": 9784, "Sort Space Type": "Disk", "Plans": [{"Node Type": "Hash Join", "Parent Relationship": "Outer", "Parallel Aware": false, "Join Type": "Inner", "Startup Cost": 30199.77, "Total Cost": 129551.7, "Plan Rows": 29307, "Plan Width": 185, "Actual Startup Time": 2773.846, "Actual Total Time": 10356.559, "Actual Rows": 56250, "Actual Loops": 1, "Output": ["customer.c_custkey", "customer.c_name", "customer.c_acctbal", "nation.n_name", "customer.c_address", "customer.c_phone", "customer.c_comment", "lineitem.l_extendedprice", "lineitem.l_discount"], "Inner Unique": false, "Hash Cond": "(orders.o_custkey = customer.c_custkey)", "Plans": [{"Node Type": "Hash Join", "Parent Relationship": "Outer", "Parallel Aware": false, "Join Type": "Inner", "Startup Cost": 24667.29, "Total Cost": 121496.25, "Plan Rows": 29307, "Plan Width": 16, "Actual Startup Time": 2494.782, "Actual Total Time": 9855.001, "Actual Rows": 56250, "Actual Loops": 1, "Output": ["orders.o_custkey", "lineitem.l_extendedprice", "lineitem.l_discount"], "Inner Unique": false, "Hash Cond": "(lineitem.l_orderkey = orders.o_orderkey)", "Plans": [{"Node Type": "Seq Scan", "Parent Relationship": "Outer", "Parallel Aware": false, "Relation Name": "lineitem", "Schema": "public", "Alias": "lineitem", "Startup Cost": 0.0, "Total Cost": 93730.69, "Plan Rows": 748054, "Plan Width": 16, "Actual Startup Time": 0.171, "Actual Total Time": 7144.847, "Actual Rows": 739563, "Actual Loops": 1, "Output": ["lineitem.l_orderkey", "lineitem.l_partkey", "lineitem.l_suppkey", "lineitem.l_linenumber", "lineitem.l_quantity", "lineitem.l_extendedprice", "lineitem.l_discount", "lineitem.l_tax", "lineitem.l_returnflag", "lineitem.l_linestatus", "lineitem.l_shipdate", "lineitem.l_commitdate", "lineitem.l_receiptdate", "lineitem.l_shipinstruct", "lineitem.l_shipmode", "lineitem.l_comment"], "Filter": "(lineitem.l_returnflag = 'R'::bpchar)", "Rows Removed by Filter": 2260108}, {"Node Type": "Hash", "Parent Relationship": "Inner", "Parallel Aware": false, "Startup Cost": 24300.0, "Total Cost": 24300.0, "Plan Rows": 29383, "Plan Width": 8, "Actual Startup Time": 2488.47, "Actual Total Time": 2488.471, "Actual Rows": 28153, "Actual Loops": 1, "Output": ["orders.o_custkey", "orders.o_orderkey"], "Hash Buckets": 32768, "Original Hash Buckets": 32768, "Hash Batches": 1, "Original Hash Batches": 1, "Peak Memory Usage": 1356, "Plans": [{"Node Type": "Seq Scan", "Parent Relationship": "Outer", "Parallel Aware": false, "Relation Name": "orders", "Schema": "public", "Alias": "orders", "Startup Cost": 0.0, "Total Cost": 24300.0, "Plan Rows": 29383, "Plan Width": 8, "Actual Startup Time": 2.262, "Actual Total Time": 2341.416, "Actual Rows": 28153, "Actual Loops": 1, "Output": ["orders.o_custkey", "orders.o_orderkey"], "Filter": "((orders.o_orderdate >= '1993-04-01'::date) AND (orders.o_orderdate < '1993-07-01 00:00:00'::timestamp without time zone))", "Rows Removed by Filter": 721847}]}]}, {"Node Type": "Hash", "Parent Relationship": "Inner", "Parallel Aware": false, "Startup Cost": 2762.99, "Total Cost": 2762.99, "Plan Rows": 75000, "Plan Width": 173, "Actual Startup Time": 258.582, "Actual Total Time": 258.584, "Actual Rows": 75000, "Actual Loops": 1, "Output": ["customer.c_custkey", "customer.c_name", "customer.c_acctbal", "customer.c_address", "customer.c_phone", "customer.c_comment", "nation.n_name"], "Hash Buckets": 32768, "Original Hash Buckets": 32768, "Hash Batches": 8, "Original Hash Batches": 8, "Peak Memory Usage": 1984, "Plans": [{"Node Type": "Hash Join", "Parent Relationship": "Outer", "Parallel Aware": false, "Join Type": "Inner", "Startup Cost": 21.48, "Total Cost": 2762.99, "Plan Rows": 75000, "Plan Width": 173, "Actual Startup Time": 0.365, "Actual Total Time": 64.082, "Actual Rows": 75000, "Actual Loops": 1, "Output": ["customer.c_custkey", "customer.c_name", "customer.c_acctbal", "customer.c_address", "customer.c_phone", "customer.c_comment", "nation.n_name"], "Inner Unique": true, "Hash Cond": "(customer.c_nationkey = nation.n_nationkey)", "Plans": [{"Node Type": "Seq Scan", "Parent Relationship": "Outer", "Parallel Aware": false, "Relation Name": "customer", "Schema": "public", "Alias": "customer", "Startup Cost": 0.0, "Total Cost": 2543.0, "Plan Rows": 75000, "Plan Width": 148, "Actual Startup Time": 0.304, "Actual Total Time": 15.845, "Actual Rows": 75000, "Actual Loops": 1, "Output": ["customer.c_custkey", "customer.c_name", "customer.c_address", "customer.c_nationkey", "customer.c_phone", "customer.c_acctbal", "customer.c_mktsegment", "customer.c_comment"]}, {"Node Type": "Hash", "Parent Relationship": "Inner", "Parallel Aware": false, "Startup Cost": 15.1, "Total Cost": 15.1, "Plan Rows": 510, "Plan Width": 33, "Actual Startup Time": 0.02, "Actual Total Time": 0.021, "Actual Rows": 25, "Actual Loops": 1, "Output": ["nation.n_name", "nation.n_nationkey"], "Hash Buckets": 1024, "Original Hash Buckets": 1024, "Hash Batches": 1, "Original Hash Batches": 1, "Peak Memory Usage": 10, "Plans": [{"Node Type": "Seq Scan", "Parent Relationship": "Outer", "Parallel Aware": false, "Relation Name": "nation", "Schema": "public", "Alias": "nation", "Startup Cost": 0.0, "Total Cost": 15.1, "Plan Rows": 510, "Plan Width": 33, "Actual Startup Time": 0.009, "Actual Total Time": 0.01, "Actual Rows": 25, "Actual Loops": 1, "Output": ["nation.n_name", "nation.n_nationkey"]}]}]}]}]}]}]}]}, "Planning Time": 1.187, "Triggers": [], "Execution Time": 10615.94}]
q5#####[{"Plan": {"Node Type": "Sort", "Parallel Aware": false, "Startup Cost": 140213.74, "Total Cost": 140284.34, "Plan Rows": 28241, "Plan Width": 205, "Actual Startup Time": 9315.991, "Actual Total Time": 9317.787, "Actual Rows": 19024, "Actual Loops": 1, "Output": ["customer.c_custkey", "customer.c_name", "(sum((lineitem.l_extendedprice * ('1'::numeric - lineitem.l_discount))))", "customer.c_acctbal", "nation.n_name", "customer.c_address", "customer.c_phone", "customer.c_comment"], "Sort Key": ["(sum((lineitem.l_extendedprice * ('1'::numeric - lineitem.l_discount)))) DESC"], "Sort Method": "external merge", "Sort Space Used": 3224, "Sort Space Type": "Disk", "Plans": [{"Node Type": "Aggregate", "Strategy": "Sorted", "Partial Mode": "Simple", "Parent Relationship": "Outer", "Parallel Aware": false, "Startup Cost": 134196.31, "Total Cost": 135325.95, "Plan Rows": 28241, "Plan Width": 205, "Actual Startup Time": 9239.39, "Actual Total Time": 9288.588, "Actual Rows": 19024, "Actual Loops": 1, "Output": ["customer.c_custkey", "customer.c_name", "sum((lineitem.l_extendedprice * ('1'::numeric - lineitem.l_discount)))", "customer.c_acctbal", "nation.n_name", "customer.c_address", "customer.c_phone", "customer.c_comment"], "Group Key": ["customer.c_custkey", "customer.c_name", "customer.c_acctbal", "customer.c_phone", "nation.n_name", "customer.c_address", "customer.c_comment"], "Plans": [{"Node Type": "Sort", "Parent Relationship": "Outer", "Parallel Aware": false, "Startup Cost": 134196.31, "Total Cost": 134266.91, "Plan Rows": 28241, "Plan Width": 185, "Actual Startup Time": 9239.359, "Actual Total Time": 9252.112, "Actual Rows": 57685, "Actual Loops": 1, "Output": ["customer.c_custkey", "customer.c_name", "customer.c_acctbal", "nation.n_name", "customer.c_address", "customer.c_phone", "customer.c_comment", "lineitem.l_extendedprice", "lineitem.l_discount"], "Sort Key": ["customer.c_custkey", "customer.c_name", "customer.c_acctbal", "customer.c_phone", "nation.n_name", "customer.c_address", "customer.c_comment"], "Sort Method": "external merge", "Sort Space Used": 10040, "Sort Space Type": "Disk", "Plans": [{"Node Type": "Hash Join", "Parent Relationship": "Outer", "Parallel Aware": false, "Join Type": "Inner", "Startup Cost": 30186.41, "Total Cost": 129501.02, "Plan Rows": 28241, "Plan Width": 185, "Actual Startup Time": 1994.536, "Actual Total Time": 9003.824, "Actual Rows": 57685, "Actual Loops": 1, "Output": ["customer.c_custkey", "customer.c_name", "customer.c_acctbal", "nation.n_name", "customer.c_address", "customer.c_phone", "customer.c_comment", "lineitem.l_extendedprice", "lineitem.l_discount"], "Inner Unique": false, "Hash Cond": "(orders.o_custkey = customer.c_custkey)", "Plans": [{"Node Type": "Hash Join", "Parent Relationship": "Outer", "Parallel Aware": false, "Join Type": "Inner", "Startup Cost": 24653.92, "Total Cost": 121472.23, "Plan Rows": 28241, "Plan Width": 16, "Actual Startup Time": 1624.57, "Actual Total Time": 8411.507, "Actual Rows": 57685, "Actual Loops": 1, "Output": ["orders.o_custkey", "lineitem.l_extendedprice", "lineitem.l_discount"], "Inner Unique": false, "Hash Cond": "(lineitem.l_orderkey = orders.o_orderkey)", "Plans": [{"Node Type": "Seq Scan", "Parent Relationship": "Outer", "Parallel Aware": false, "Relation Name": "lineitem", "Schema": "public", "Alias": "lineitem", "Startup Cost": 0.0, "Total Cost": 93730.69, "Plan Rows": 748054, "Plan Width": 16, "Actual Startup Time": 0.037, "Actual Total Time": 6584.901, "Actual Rows": 739563, "Actual Loops": 1, "Output": ["lineitem.l_orderkey", "lineitem.l_partkey", "lineitem.l_suppkey", "lineitem.l_linenumber", "lineitem.l_quantity", "lineitem.l_extendedprice", "lineitem.l_discount", "lineitem.l_tax", "lineitem.l_returnflag", "lineitem.l_linestatus", "lineitem.l_shipdate", "lineitem.l_commitdate", "lineitem.l_receiptdate", "lineitem.l_shipinstruct", "lineitem.l_shipmode", "lineitem.l_comment"], "Filter": "(lineitem.l_returnflag = 'R'::bpchar)", "Rows Removed by Filter": 2260108}, {"Node Type": "Hash", "Parent Relationship": "Inner", "Parallel Aware": false, "Startup Cost": 24300.0, "Total Cost": 24300.0, "Plan Rows": 28314, "Plan Width": 8, "Actual Startup Time": 1621.762, "Actual Total Time": 1621.763, "Actual Rows": 28777, "Actual Loops": 1, "Output": ["orders.o_custkey", "orders.o_orderkey"], "Hash Buckets": 32768, "Original Hash Buckets": 32768, "Hash Batches": 1, "Original Hash Batches": 1, "Peak Memory Usage": 1381, "Plans": [{"Node Type": "Seq Scan", "Parent Relationship": "Outer", "Parallel Aware": false, "Relation Name": "orders", "Schema": "public", "Alias": "orders", "Startup Cost": 0.0, "Total Cost": 24300.0, "Plan Rows": 28314, "Plan Width": 8, "Actual Startup Time": 0.009, "Actual Total Time": 1484.429, "Actual Rows": 28777, "Actual Loops": 1, "Output": ["orders.o_custkey", "orders.o_orderkey"], "Filter": "((orders.o_orderdate >= '1994-10-05'::date) AND (orders.o_orderdate < '1995-01-05 00:00:00'::timestamp without time zone))", "Rows Removed by Filter": 721223}]}]}, {"Node Type": "Hash", "Parent Relationship": "Inner", "Parallel Aware": false, "Startup Cost": 2762.99, "Total Cost": 2762.99, "Plan Rows": 75000, "Plan Width": 173, "Actual Startup Time": 351.613, "Actual Total Time": 351.614, "Actual Rows": 75000, "Actual Loops": 1, "Output": ["customer.c_custkey", "customer.c_name", "customer.c_acctbal", "customer.c_address", "customer.c_phone", "customer.c_comment", "nation.n_name"], "Hash Buckets": 32768, "Original Hash Buckets": 32768, "Hash Batches": 8, "Original Hash Batches": 8, "Peak Memory Usage": 1984, "Plans": [{"Node Type": "Hash Join", "Parent Relationship": "Outer", "Parallel Aware": false, "Join Type": "Inner", "Startup Cost": 21.48, "Total Cost": 2762.99, "Plan Rows": 75000, "Plan Width": 173, "Actual Startup Time": 1.134, "Actual Total Time": 117.396, "Actual Rows": 75000, "Actual Loops": 1, "Output": ["customer.c_custkey", "customer.c_name", "customer.c_acctbal", "customer.c_address", "customer.c_phone", "customer.c_comment", "nation.n_name"], "Inner Unique": true, "Hash Cond": "(customer.c_nationkey = nation.n_nationkey)", "Plans": [{"Node Type": "Seq Scan", "Parent Relationship": "Outer", "Parallel Aware": false, "Relation Name": "customer", "Schema": "public", "Alias": "customer", "Startup Cost": 0.0, "Total Cost": 2543.0, "Plan Rows": 75000, "Plan Width": 148, "Actual Startup Time": 0.125, "Actual Total Time": 19.287, "Actual Rows": 75000, "Actual Loops": 1, "Output": ["customer.c_custkey", "customer.c_name", "customer.c_address", "customer.c_nationkey", "customer.c_phone", "customer.c_acctbal", "customer.c_mktsegment", "customer.c_comment"]}, {"Node Type": "Hash", "Parent Relationship": "Inner", "Parallel Aware": false, "Startup Cost": 15.1, "Total Cost": 15.1, "Plan Rows": 510, "Plan Width": 33, "Actual Startup Time": 0.7, "Actual Total Time": 0.701, "Actual Rows": 25, "Actual Loops": 1, "Output": ["nation.n_name", "nation.n_nationkey"], "Hash Buckets": 1024, "Original Hash Buckets": 1024, "Hash Batches": 1, "Original Hash Batches": 1, "Peak Memory Usage": 10, "Plans": [{"Node Type": "Seq Scan", "Parent Relationship": "Outer", "Parallel Aware": false, "Relation Name": "nation", "Schema": "public", "Alias": "nation", "Startup Cost": 0.0, "Total Cost": 15.1, "Plan Rows": 510, "Plan Width": 33, "Actual Startup Time": 0.675, "Actual Total Time": 0.691, "Actual Rows": 25, "Actual Loops": 1, "Output": ["nation.n_name", "nation.n_nationkey"]}]}]}]}]}]}]}]}, "Planning Time": 8.026, "Triggers": [], "Execution Time": 9319.523}]
q6#####[{"Plan": {"Node Type": "Sort", "Parallel Aware": false, "Startup Cost": 125323.45, "Total Cost": 125323.72, "Plan Rows": 106, "Plan Width": 61, "Actual Startup Time": 7358.871, "Actual Total Time": 7359.432, "Actual Rows": 5, "Actual Loops": 1, "Output": ["nation.n_name", "(sum((lineitem.l_extendedprice * ('1'::numeric - lineitem.l_discount))))"], "Sort Key": ["(sum((lineitem.l_extendedprice * ('1'::numeric - lineitem.l_discount)))) DESC"], "Sort Method": "quicksort", "Sort Space Used": 25, "Sort Space Type": "Memory", "Plans": [{"Node Type": "Aggregate", "Strategy": "Sorted", "Partial Mode": "Simple", "Parent Relationship": "Outer", "Parallel Aware": false, "Startup Cost": 125317.24, "Total Cost": 125319.89, "Plan Rows": 106, "Plan Width": 61, "Actual Startup Time": 7353.89, "Actual Total Time": 7359.373, "Actual Rows": 5, "Actual Loops": 1, "Output": ["nation.n_name", "sum((lineitem.l_extendedprice * ('1'::numeric - lineitem.l_discount)))"], "Group Key": ["nation.n_name"], "Plans": [{"Node Type": "Sort", "Parent Relationship": "Outer", "Parallel Aware": false, "Startup Cost": 125317.24, "Total Cost": 125317.5, "Plan Rows": 106, "Plan Width": 41, "Actual Startup Time": 7353.645, "Actual Total Time": 7358.296, "Actual Rows": 3648, "Actual Loops": 1, "Output": ["nation.n_name", "lineitem.l_extendedprice", "lineitem.l_discount"], "Sort Key": ["nation.n_name"], "Sort Method": "quicksort", "Sort Space Used": 381, "Sort Space Type": "Memory", "Plans": [{"Node Type": "Hash Join", "Parent Relationship": "Outer", "Parallel Aware": false, "Join Type": "Inner", "Startup Cost": 27785.82, "Total Cost": 125313.67, "Plan Rows": 106, "Plan Width": 41, "Actual Startup Time": 898.836, "Actual Total Time": 7340.988, "Actual Rows": 3648, "Actual Loops": 1, "Output": ["nation.n_name", "lineitem.l_extendedprice", "lineitem.l_discount"], "Inner Unique": false, "Hash Cond": "((lineitem.l_suppkey = supplier.s_suppkey) AND (customer.c_nationkey = supplier.s_nationkey))", "Plans": [{"Node Type": "Hash Join", "Parent Relationship": "Outer", "Parallel Aware": false, "Join Type": "Inner", "Startup Cost": 27549.82, "Total Cost": 125056.76, "Plan Rows": 2647, "Plan Width": 53, "Actual Startup Time": 876.943, "Actual Total Time": 7282.273, "Actual Rows": 92470, "Actual Loops": 1, "Output": ["customer.c_nationkey", "lineitem.l_extendedprice", "lineitem.l_discount", "lineitem.l_suppkey", "nation.n_name", "nation.n_nationkey"], "Inner Unique": false, "Hash Cond": "(lineitem.l_orderkey = orders.o_orderkey)", "Plans": [{"Node Type": "Seq Scan", "Parent Relationship": "Outer", "Parallel Aware": false, "Relation Name": "lineitem", "Schema": "public", "Alias": "lineitem", "Startup Cost": 0.0, "Total Cost": 86231.15, "Plan Rows": 2999815, "Plan Width": 20, "Actual Startup Time": 2.877, "Actual Total Time": 5502.085, "Actual Rows": 2999671, "Actual Loops": 1, "Output": ["lineitem.l_orderkey", "lineitem.l_partkey", "lineitem.l_suppkey", "lineitem.l_linenumber", "lineitem.l_quantity", "lineitem.l_extendedprice", "lineitem.l_discount", "lineitem.l_tax", "lineitem.l_returnflag", "lineitem.l_linestatus", "lineitem.l_shipdate", "lineitem.l_commitdate", "lineitem.l_receiptdate", "lineitem.l_shipinstruct", "lineitem.l_shipmode", "lineitem.l_comment"]}, {"Node Type": "Hash", "Parent Relationship": "Inner", "Parallel Aware": false, "Startup Cost": 27541.55, "Total Cost": 27541.55, "Plan Rows": 662, "Plan Width": 41, "Actual Startup Time": 873.817, "Actual Total Time": 874.361, "Actual Rows": 22974, "Actual Loops": 1, "Output": ["customer.c_nationkey", "orders.o_orderkey", "nation.n_name", "nation.n_nationkey"], "Hash Buckets": 32768, "Original Hash Buckets": 1024, "Hash Batches": 1, "Original Hash Batches": 1, "Peak Memory Usage": 1459, "Plans": [{"Node Type": "Hash Join", "Parent Relationship": "Outer", "Parallel Aware": false, "Join Type": "Inner", "Startup Cost": 2804.78, "Total Cost": 27541.55, "Plan Rows": 662, "Plan Width": 41, "Actual Startup Time": 230.93, "Actual Total Time": 866.321, "Actual Rows": 22974, "Actual Loops": 1, "Output": ["customer.c_nationkey", "orders.o_orderkey", "nation.n_name", "nation.n_nationkey"], "Inner Unique": false, "Hash Cond": "(orders.o_custkey = customer.c_custkey)", "Plans": [{"Node Type": "Seq Scan", "Parent Relationship": "Outer", "Parallel Aware": false, "Relation Name": "orders", "Schema": "public", "Alias": "orders", "Startup Cost": 0.0, "Total Cost": 24300.0, "Plan Rows": 114706, "Plan Width": 8, "Actual Startup Time": 0.303, "Actual Total Time": 594.237, "Actual Rows": 114174, "Actual Loops": 1, "Output": ["orders.o_orderkey", "orders.o_custkey", "orders.o_orderstatus", "orders.o_totalprice", "orders.o_orderdate", "orders.o_orderpriority", "orders.o_clerk", "orders.o_shippriority", "orders.o_comment"], "Filter": "((orders.o_orderdate >= '1996-01-10'::date) AND (orders.o_orderdate < '1997-01-10 00:00:00'::timestamp without time zone))", "Rows Removed by Filter": 635826}, {"Node Type": "Hash", "Parent Relationship": "Inner", "Parallel Aware": false, "Startup Cost": 2799.37, "Total Cost": 2799.37, "Plan Rows": 433, "Plan Width": 41, "Actual Startup Time": 230.616, "Actual Total Time": 231.138, "Actual Rows": 14993, "Actual Loops": 1, "Output": ["customer.c_custkey", "customer.c_nationkey", "nation.n_name", "nation.n_nationkey"], "Hash Buckets": 16384, "Original Hash Buckets": 1024, "Hash Batches": 1, "Original Hash Batches": 1, "Peak Memory Usage": 913, "Plans": [{"Node Type": "Hash Join", "Parent Relationship": "Outer", "Parallel Aware": false, "Join Type": "Inner", "Startup Cost": 38.01, "Total Cost": 2799.37, "Plan Rows": 433, "Plan Width": 41, "Actual Startup Time": 10.543, "Actual Total Time": 228.552, "Actual Rows": 14993, "Actual Loops": 1, "Output": ["customer.c_custkey", "customer.c_nationkey", "nation.n_name", "nation.n_nationkey"], "Inner Unique": true, "Hash Cond": "(nation.n_regionkey = region.r_regionkey)", "Plans": [{"Node Type": "Hash Join", "Parent Relationship": "Outer", "Parallel Aware": false, "Join Type": "Inner", "Startup Cost": 21.48, "Total Cost": 2762.99, "Plan Rows": 7500, "Plan Width": 45, "Actual Startup Time": 0.097, "Actual Total Time": 213.585, "Actual Rows": 75000, "Actual Loops": 1, "Output": ["customer.c_custkey", "customer.c_nationkey", "nation.n_name", "nation.n_nationkey", "nation.n_regionkey"], "Inner Unique": true, "Hash Cond": "(customer.c_nationkey = nation.n_nationkey)", "Plans": [{"Node Type": "Seq Scan", "Parent Relationship": "Outer", "Parallel Aware": false, "Relation Name": "customer", "Schema": "public", "Alias": "customer", "Startup Cost": 0.0, "Total Cost": 2543.0, "Plan Rows": 75000, "Plan Width": 8, "Actual Startup Time": 0.059, "Actual Total Time": 25.818, "Actual Rows": 75000, "Actual Loops": 1, "Output": ["customer.c_custkey", "customer.c_name", "customer.c_address", "customer.c_nationkey", "customer.c_phone", "customer.c_acctbal", "customer.c_mktsegment", "customer.c_comment"]}, {"Node Type": "Hash", "Parent Relationship": "Inner", "Parallel Aware": false, "Startup Cost": 15.1, "Total Cost": 15.1, "Plan Rows": 510, "Plan Width": 37, "Actual Startup Time": 0.02, "Actual Total Time": 0.03, "Actual Rows": 25, "Actual Loops": 1, "Output": ["nation.n_name", "nation.n_nationkey", "nation.n_regionkey"], "Hash Buckets": 1024, "Original Hash Buckets": 1024, "Hash Batches": 1, "Original Hash Batches": 1, "Peak Memory Usage": 10, "Plans": [{"Node Type": "Seq Scan", "Parent Relationship": "Outer", "Parallel Aware": false, "Relation Name": "nation", "Schema": "public", "Alias": "nation", "Startup Cost": 0.0, "Total Cost": 15.1, "Plan Rows": 510, "Plan Width": 37, "Actual Startup Time": 0.014, "Actual Total Time": 0.018, "Actual Rows": 25, "Actual Loops": 1, "Output": ["nation.n_name", "nation.n_nationkey", "nation.n_regionkey"]}]}]}, {"Node Type": "Hash", "Parent Relationship": "Inner", "Parallel Aware": false, "Startup Cost": 16.5, "Total Cost": 16.5, "Plan Rows": 3, "Plan Width": 4, "Actual Startup Time": 10.433, "Actual Total Time": 10.443, "Actual Rows": 1, "Actual Loops": 1, "Output": ["region.r_regionkey"], "Hash Buckets": 1024, "Original Hash Buckets": 1024, "Hash Batches": 1, "Original Hash Batches": 1, "Peak Memory Usage": 9, "Plans": [{"Node Type": "Seq Scan", "Parent Relationship": "Outer", "Parallel Aware": false, "Relation Name": "region", "Schema": "public", "Alias": "region", "Startup Cost": 0.0, "Total Cost": 16.5, "Plan Rows": 3, "Plan Width": 4, "Actual Startup Time": 10.42, "Actual Total Time": 10.423, "Actual Rows": 1, "Actual Loops": 1, "Output": ["region.r_regionkey"], "Filter": "((region.r_name)::text = 'EUROPE'::text)", "Rows Removed by Filter": 4}]}]}]}]}]}]}, {"Node Type": "Hash", "Parent Relationship": "Inner", "Parallel Aware": false, "Startup Cost": 161.0, "Total Cost": 161.0, "Plan Rows": 5000, "Plan Width": 8, "Actual Startup Time": 21.63, "Actual Total Time": 21.63, "Actual Rows": 5000, "Actual Loops": 1, "Output": ["supplier.s_suppkey", "supplier.s_nationkey"], "Hash Buckets": 8192, "Original Hash Buckets": 8192, "Hash Batches": 1, "Original Hash Batches": 1, "Peak Memory Usage": 260, "Plans": [{"Node Type": "Seq Scan", "Parent Relationship": "Outer", "Parallel Aware": false, "Relation Name": "supplier", "Schema": "public", "Alias": "supplier", "Startup Cost": 0.0, "Total Cost": 161.0, "Plan Rows": 5000, "Plan Width": 8, "Actual Startup Time": 0.009, "Actual Total Time": 21.111, "Actual Rows": 5000, "Actual Loops": 1, "Output": ["supplier.s_suppkey", "supplier.s_nationkey"]}]}]}]}]}]}, "Planning Time": 3.935, "Triggers": [], "Execution Time": 7360.698}]
q7#####[{"Plan": {"Node Type": "Aggregate", "Strategy": "Sorted", "Partial Mode": "Simple", "Parallel Aware": false, "Startup Cost": 144855.62, "Total Cost": 144857.19, "Plan Rows": 45, "Plan Width": 98, "Actual Startup Time": 4826.591, "Actual Total Time": 4827.24, "Actual Rows": 4, "Actual Loops": 1, "Output": ["n1.n_name", "n2.n_name", "(date_part('year'::text, (lineitem.l_shipdate)::timestamp without time zone))", "sum((lineitem.l_extendedprice * ('1'::numeric - lineitem.l_discount)))"], "Group Key": ["n1.n_name", "n2.n_name", "(date_part('year'::text, (lineitem.l_shipdate)::timestamp without time zone))"], "Plans": [{"Node Type": "Sort", "Parent Relationship": "Outer", "Parallel Aware": false, "Startup Cost": 144855.62, "Total Cost": 144855.73, "Plan Rows": 45, "Plan Width": 78, "Actual Startup Time": 4826.381, "Actual Total Time": 4826.587, "Actual Rows": 3043, "Actual Loops": 1, "Output": ["n1.n_name", "n2.n_name", "(date_part('year'::text, (lineitem.l_shipdate)::timestamp without time zone))", "lineitem.l_extendedprice", "lineitem.l_discount"], "Sort Key": ["n1.n_name", "n2.n_name", "(date_part('year'::text, (lineitem.l_shipdate)::timestamp without time zone))"], "Sort Method": "quicksort", "Sort Space Used": 334, "Sort Space Type": "Memory", "Plans": [{"Node Type": "Hash Join", "Parent Relationship": "Outer", "Parallel Aware": false, "Join Type": "Inner", "Startup Cost": 39724.65, "Total Cost": 144854.38, "Plan Rows": 45, "Plan Width": 78, "Actual Startup Time": 875.493, "Actual Total Time": 4817.838, "Actual Rows": 3043, "Actual Loops": 1, "Output": ["n1.n_name", "n2.n_name", "date_part('year'::text, (lineitem.l_shipdate)::timestamp without time zone)", "lineitem.l_extendedprice", "lineitem.l_discount"], "Inner Unique": false, "Hash Cond": "((lineitem.l_suppkey = supplier.s_suppkey) AND (n1.n_nationkey = supplier.s_nationkey))", "Plans": [{"Node Type": "Hash Join", "Parent Relationship": "Outer", "Parallel Aware": false, "Join Type": "Inner", "Startup Cost": 39488.65, "Total Cost": 144445.44, "Plan Rows": 22969, "Plan Width": 82, "Actual Startup Time": 838.373, "Actual Total Time": 4747.306, "Actual Rows": 72279, "Actual Loops": 1, "Output": ["lineitem.l_shipdate", "lineitem.l_extendedprice", "lineitem.l_discount", "lineitem.l_suppkey", "n2.n_name", "n1.n_name", "n1.n_nationkey"], "Inner Unique": false, "Hash Cond": "(lineitem.l_orderkey = orders.o_orderkey)", "Plans": [{"Node Type": "Seq Scan", "Parent Relationship": "Outer", "Parallel Aware": false, "Relation Name": "lineitem", "Schema": "public", "Alias": "lineitem", "Startup Cost": 0.0, "Total Cost": 101230.23, "Plan Rows": 932496, "Plan Width": 24, "Actual Startup Time": 0.147, "Actual Total Time": 3646.981, "Actual Rows": 914862, "Actual Loops": 1, "Output": ["lineitem.l_orderkey", "lineitem.l_partkey", "lineitem.l_suppkey", "lineitem.l_linenumber", "lineitem.l_quantity", "lineitem.l_extendedprice", "lineitem.l_discount", "lineitem.l_tax", "lineitem.l_returnflag", "lineitem.l_linestatus", "lineitem.l_shipdate", "lineitem.l_commitdate", "lineitem.l_receiptdate", "lineitem.l_shipinstruct", "lineitem.l_shipmode", "lineitem.l_comment"], "Filter": "((lineitem.l_shipdate >= '1995-01-01'::date) AND (lineitem.l_shipdate <= '1996-12-31'::date))", "Rows Removed by Filter": 2084809}, {"Node Type": "Hash", "Parent Relationship": "Inner", "Parallel Aware": false, "Startup Cost": 39257.72, "Total Cost": 39257.72, "Plan Rows": 18475, "Plan Width": 66, "Actual Startup Time": 834.52, "Actual Total Time": 834.611, "Actual Rows": 59593, "Actual Loops": 1, "Output": ["orders.o_orderkey", "n2.n_name", "n1.n_name", "n1.n_nationkey"], "Hash Buckets": 65536, "Original Hash Buckets": 32768, "Hash Batches": 1, "Original Hash Batches": 1, "Peak Memory Usage": 3771, "Plans": [{"Node Type": "Hash Join", "Parent Relationship": "Outer", "Parallel Aware": false, "Join Type": "Inner", "Startup Cost": 3516.54, "Total Cost": 39257.72, "Plan Rows": 18475, "Plan Width": 66, "Actual Startup Time": 100.754, "Actual Total Time": 779.561, "Actual Rows": 59593, "Actual Loops": 1, "Output": ["orders.o_orderkey", "n2.n_name", "n1.n_name", "n1.n_nationkey"], "Inner Unique": false, "Hash Cond": "(customer.c_nationkey = n2.n_nationkey)", "Plans": [{"Node Type": "Hash Join", "Parent Relationship": "Outer", "Parallel Aware": false, "Join Type": "Inner", "Startup Cost": 3480.5, "Total Cost": 34343.0, "Plan Rows": 750000, "Plan Width": 8, "Actual Startup Time": 99.996, "Actual Total Time": 718.265, "Actual Rows": 750000, "Actual Loops": 1, "Output": ["orders.o_orderkey", "customer.c_nationkey"], "Inner Unique": false, "Hash Cond": "(orders.o_custkey = customer.c_custkey)", "Plans": [{"Node Type": "Seq Scan", "Parent Relationship": "Outer", "Parallel Aware": false, "Relation Name": "orders", "Schema": "public", "Alias": "orders", "Startup Cost": 0.0, "Total Cost": 20550.0, "Plan Rows": 750000, "Plan Width": 8, "Actual Startup Time": 0.11, "Actual Total Time": 268.6, "Actual Rows": 750000, "Actual Loops": 1, "Output": ["orders.o_orderkey", "orders.o_custkey", "orders.o_orderstatus", "orders.o_totalprice", "orders.o_orderdate", "orders.o_orderpriority", "orders.o_clerk", "orders.o_shippriority", "orders.o_comment"]}, {"Node Type": "Hash", "Parent Relationship": "Inner", "Parallel Aware": false, "Startup Cost": 2543.0, "Total Cost": 2543.0, "Plan Rows": 75000, "Plan Width": 8, "Actual Startup Time": 82.558, "Actual Total Time": 82.567, "Actual Rows": 75000, "Actual Loops": 1, "Output": ["customer.c_custkey", "customer.c_nationkey"], "Hash Buckets": 131072, "Original Hash Buckets": 131072, "Hash Batches": 1, "Original Hash Batches": 1, "Peak Memory Usage": 3954, "Plans": [{"Node Type": "Seq Scan", "Parent Relationship": "Outer", "Parallel Aware": false, "Relation Name": "customer", "Schema": "public", "Alias": "customer", "Startup Cost": 0.0, "Total Cost": 2543.0, "Plan Rows": 75000, "Plan Width": 8, "Actual Startup Time": 0.039, "Actual Total Time": 28.371, "Actual Rows": 75000, "Actual Loops": 1, "Output": ["customer.c_custkey", "customer.c_nationkey"]}]}]}, {"Node Type": "Hash", "Parent Relationship": "Inner", "Parallel Aware": false, "Startup Cost": 35.87, "Total Cost": 35.87, "Plan Rows": 13, "Plan Width": 66, "Actual Startup Time": 0.604, "Actual Total Time": 0.633, "Actual Rows": 2, "Actual Loops": 1, "Output": ["n1.n_name", "n1.n_nationkey", "n2.n_name", "n2.n_nationkey"], "Hash Buckets": 1024, "Original Hash Buckets": 1024, "Hash Batches": 1, "Original Hash Batches": 1, "Peak Memory Usage": 9, "Plans": [{"Node Type": "Nested Loop", "Parent Relationship": "Outer", "Parallel Aware": false, "Join Type": "Inner", "Startup Cost": 0.0, "Total Cost": 35.87, "Plan Rows": 13, "Plan Width": 66, "Actual Startup Time": 0.593, "Actual Total Time": 0.619, "Actual Rows": 2, "Actual Loops": 1, "Output": ["n1.n_name", "n1.n_nationkey", "n2.n_name", "n2.n_nationkey"], "Inner Unique": false, "Join Filter": "((((n1.n_name)::text = 'EGYPT'::text) AND ((n2.n_name)::text = 'ALGERIA'::text)) OR (((n1.n_name)::text = 'ALGERIA'::text) AND ((n2.n_name)::text = 'EGYPT'::text)))", "Rows Removed by Join Filter": 2, "Plans": [{"Node Type": "Seq Scan", "Parent Relationship": "Outer", "Parallel Aware": false, "Relation Name": "nation", "Schema": "public", "Alias": "n1", "Startup Cost": 0.0, "Total Cost": 17.65, "Plan Rows": 5, "Plan Width": 33, "Actual Startup Time": 0.111, "Actual Total Time": 0.114, "Actual Rows": 2, "Actual Loops": 1, "Output": ["n1.n_nationkey", "n1.n_name", "n1.n_regionkey", "n1.n_comment"], "Filter": "(((n1.n_name)::text = 'EGYPT'::text) OR ((n1.n_name)::text = 'ALGERIA'::text))", "Rows Removed by Filter": 23}, {"Node Type": "Materialize", "Parent Relationship": "Inner", "Parallel Aware": false, "Startup Cost": 0.0, "Total Cost": 17.67, "Plan Rows": 5, "Plan Width": 33, "Actual Startup Time": 0.019, "Actual Total Time": 0.025, "Actual Rows": 2, "Actual Loops": 2, "Output": ["n2.n_name", "n2.n_nationkey"], "Plans": [{"Node Type": "Seq Scan", "Parent Relationship": "Outer", "Parallel Aware": false, "Relation Name": "nation", "Schema": "public", "Alias": "n2", "Startup Cost": 0.0, "Total Cost": 17.65, "Plan Rows": 5, "Plan Width": 33, "Actual Startup Time": 0.014, "Actual Total Time": 0.022, "Actual Rows": 2, "Actual Loops": 1, "Output": ["n2.n_name", "n2.n_nationkey"], "Filter": "(((n2.n_name)::text = 'ALGERIA'::text) OR ((n2.n_name)::text = 'EGYPT'::text))", "Rows Removed by Filter": 23}]}]}]}]}]}]}, {"Node Type": "Hash", "Parent Relationship": "Inner", "Parallel Aware": false, "Startup Cost": 161.0, "Total Cost": 161.0, "Plan Rows": 5000, "Plan Width": 8, "Actual Startup Time": 29.17, "Actual Total Time": 29.17, "Actual Rows": 5000, "Actual Loops": 1, "Output": ["supplier.s_suppkey", "supplier.s_nationkey"], "Hash Buckets": 8192, "Original Hash Buckets": 8192, "Hash Batches": 1, "Original Hash Batches": 1, "Peak Memory Usage": 260, "Plans": [{"Node Type": "Seq Scan", "Parent Relationship": "Outer", "Parallel Aware": false, "Relation Name": "supplier", "Schema": "public", "Alias": "supplier", "Startup Cost": 0.0, "Total Cost": 161.0, "Plan Rows": 5000, "Plan Width": 8, "Actual Startup Time": 0.16, "Actual Total Time": 12.596, "Actual Rows": 5000, "Actual Loops": 1, "Output": ["supplier.s_suppkey", "supplier.s_nationkey"]}]}]}]}]}, "Planning Time": 6.01, "Triggers": [], "Execution Time": 4838.082}]
q8#####[{"Plan": {"Node Type": "Sort", "Parallel Aware": false, "Startup Cost": 125303.41, "Total Cost": 125303.66, "Plan Rows": 102, "Plan Width": 61, "Actual Startup Time": 3059.294, "Actual Total Time": 3059.586, "Actual Rows": 5, "Actual Loops": 1, "Output": ["nation.n_name", "(sum((lineitem.l_extendedprice * ('1'::numeric - lineitem.l_discount))))"], "Sort Key": ["(sum((lineitem.l_extendedprice * ('1'::numeric - lineitem.l_discount)))) DESC"], "Sort Method": "quicksort", "Sort Space Used": 25, "Sort Space Type": "Memory", "Plans": [{"Node Type": "Aggregate", "Strategy": "Sorted", "Partial Mode": "Simple", "Parent Relationship": "Outer", "Parallel Aware": false, "Startup Cost": 125297.45, "Total Cost": 125300.0, "Plan Rows": 102, "Plan Width": 61, "Actual Startup Time": 3058.305, "Actual Total Time": 3059.36, "Actual Rows": 5, "Actual Loops": 1, "Output": ["nation.n_name", "sum((lineitem.l_extendedprice * ('1'::numeric - lineitem.l_discount)))"], "Group Key": ["nation.n_name"], "Plans": [{"Node Type": "Sort", "Parent Relationship": "Outer", "Parallel Aware": false, "Startup Cost": 125297.45, "Total Cost": 125297.71, "Plan Rows": 102, "Plan Width": 41, "Actual Startup Time": 3057.932, "Actual Total Time": 3058.496, "Actual Rows": 3717, "Actual Loops": 1, "Output": ["nation.n_name", "lineitem.l_extendedprice", "lineitem.l_discount"], "Sort Key": ["nation.n_name"], "Sort Method": "quicksort", "Sort Space Used": 385, "Sort Space Type": "Memory", "Plans": [{"Node Type": "Hash Join", "Parent Relationship": "Outer", "Parallel Aware": false, "Join Type": "Inner", "Startup Cost": 27768.11, "Total Cost": 125294.05, "Plan Rows": 102, "Plan Width": 41, "Actual Startup Time": 317.464, "Actual Total Time": 3046.568, "Actual Rows": 3717, "Actual Loops": 1, "Output": ["nation.n_name", "lineitem.l_extendedprice", "lineitem.l_discount"], "Inner Unique": false, "Hash Cond": "((lineitem.l_suppkey = supplier.s_suppkey) AND (customer.c_nationkey = supplier.s_nationkey))", "Plans": [{"Node Type": "Hash Join", "Parent Relationship": "Outer", "Parallel Aware": false, "Join Type": "Inner", "Startup Cost": 27532.11, "Total Cost": 125037.96, "Plan Rows": 2542, "Plan Width": 53, "Actual Startup Time": 308.169, "Actual Total Time": 2996.863, "Actual Rows": 91992, "Actual Loops": 1, "Output": ["customer.c_nationkey", "lineitem.l_extendedprice", "lineitem.l_discount", "lineitem.l_suppkey", "nation.n_name", "nation.n_nationkey"], "Inner Unique": false, "Hash Cond": "(lineitem.l_orderkey = orders.o_orderkey)", "Plans": [{"Node Type": "Seq Scan", "Parent Relationship": "Outer", "Parallel Aware": false, "Relation Name": "lineitem", "Schema": "public", "Alias": "lineitem", "Startup Cost": 0.0, "Total Cost": 86231.15, "Plan Rows": 2999815, "Plan Width": 20, "Actual Startup Time": 0.034, "Actual Total Time": 2190.55, "Actual Rows": 2999671, "Actual Loops": 1, "Output": ["lineitem.l_orderkey", "lineitem.l_partkey", "lineitem.l_suppkey", "lineitem.l_linenumber", "lineitem.l_quantity", "lineitem.l_extendedprice", "lineitem.l_discount", "lineitem.l_tax", "lineitem.l_returnflag", "lineitem.l_linestatus", "lineitem.l_shipdate", "lineitem.l_commitdate", "lineitem.l_receiptdate", "lineitem.l_shipinstruct", "lineitem.l_shipmode", "lineitem.l_comment"]}, {"Node Type": "Hash", "Parent Relationship": "Inner", "Parallel Aware": false, "Startup Cost": 27524.17, "Total Cost": 27524.17, "Plan Rows": 635, "Plan Width": 41, "Actual Startup Time": 306.054, "Actual Total Time": 306.326, "Actual Rows": 22993, "Actual Loops": 1, "Output": ["customer.c_nationkey", "orders.o_orderkey", "nation.n_name", "nation.n_nationkey"], "Hash Buckets": 32768, "Original Hash Buckets": 1024, "Hash Batches": 1, "Original Hash Batches": 1, "Peak Memory Usage": 1442, "Plans": [{"Node Type": "Hash Join", "Parent Relationship": "Outer", "Parallel Aware": false, "Join Type": "Inner", "Startup Cost": 2804.78, "Total Cost": 27524.17, "Plan Rows": 635, "Plan Width": 41, "Actual Startup Time": 65.989, "Actual Total Time": 284.248, "Actual Rows": 22993, "Actual Loops": 1, "Output": ["customer.c_nationkey", "orders.o_orderkey", "nation.n_name", "nation.n_nationkey"], "Inner Unique": false, "Hash Cond": "(orders.o_custkey = customer.c_custkey)", "Plans": [{"Node Type": "Seq Scan", "Parent Relationship": "Outer", "Parallel Aware": false, "Relation Name": "orders", "Schema": "public", "Alias": "orders", "Startup Cost": 0.0, "Total Cost": 24300.0, "Plan Rows": 110142, "Plan Width": 8, "Actual Startup Time": 0.032, "Actual Total Time": 186.612, "Actual Rows": 114234, "Actual Loops": 1, "Output": ["orders.o_orderkey", "orders.o_custkey", "orders.o_orderstatus", "orders.o_totalprice", "orders.o_orderdate", "orders.o_orderpriority", "orders.o_clerk", "orders.o_shippriority", "orders.o_comment"], "Filter": "((orders.o_orderdate >= '1995-01-01'::date) AND (orders.o_orderdate < '1996-01-01 00:00:00'::timestamp without time zone))", "Rows Removed by Filter": 635766}, {"Node Type": "Hash", "Parent Relationship": "Inner", "Parallel Aware": false, "Startup Cost": 2799.37, "Total Cost": 2799.37, "Plan Rows": 433, "Plan Width": 41, "Actual Startup Time": 65.938, "Actual Total Time": 66.183, "Actual Rows": 15053, "Actual Loops": 1, "Output": ["customer.c_custkey", "customer.c_nationkey", "nation.n_name", "nation.n_nationkey"], "Hash Buckets": 16384, "Original Hash Buckets": 1024, "Hash Batches": 1, "Original Hash Batches": 1, "Peak Memory Usage": 905, "Plans": [{"Node Type": "Hash Join", "Parent Relationship": "Outer", "Parallel Aware": false, "Join Type": "Inner", "Startup Cost": 38.01, "Total Cost": 2799.37, "Plan Rows": 433, "Plan Width": 41, "Actual Startup Time": 0.105, "Actual Total Time": 62.633, "Actual Rows": 15053, "Actual Loops": 1, "Output": ["customer.c_custkey", "customer.c_nationkey", "nation.n_name", "nation.n_nationkey"], "Inner Unique": true, "Hash Cond": "(nation.n_regionkey = region.r_regionkey)", "Plans": [{"Node Type": "Hash Join", "Parent Relationship": "Outer", "Parallel Aware": false, "Join Type": "Inner", "Startup Cost": 21.48, "Total Cost": 2762.99, "Plan Rows": 7500, "Plan Width": 45, "Actual Startup Time": 0.046, "Actual Total Time": 51.904, "Actual Rows": 75000, "Actual Loops": 1, "Output": ["customer.c_custkey", "customer.c_nationkey", "nation.n_name", "nation.n_nationkey", "nation.n_regionkey"], "Inner Unique": true, "Hash Cond": "(customer.c_nationkey = nation.n_nationkey)", "Plans": [{"Node Type": "Seq Scan", "Parent Relationship": "Outer", "Parallel Aware": false, "Relation Name": "customer", "Schema": "public", "Alias": "customer", "Startup Cost": 0.0, "Total Cost": 2543.0, "Plan Rows": 75000, "Plan Width": 8, "Actual Startup Time": 0.012, "Actual Total Time": 7.581, "Actual Rows": 75000, "Actual Loops": 1, "Output": ["customer.c_custkey", "customer.c_name", "customer.c_address", "customer.c_nationkey", "customer.c_phone", "customer.c_acctbal", "customer.c_mktsegment", "customer.c_comment"]}, {"Node Type": "Hash", "Parent Relationship": "Inner", "Parallel Aware": false, "Startup Cost": 15.1, "Total Cost": 15.1, "Plan Rows": 510, "Plan Width": 37, "Actual Startup Time": 0.015, "Actual Total Time": 0.031, "Actual Rows": 25, "Actual Loops": 1, "Output": ["nation.n_name", "nation.n_nationkey", "nation.n_regionkey"], "Hash Buckets": 1024, "Original Hash Buckets": 1024, "Hash Batches": 1, "Original Hash Batches": 1, "Peak Memory Usage": 10, "Plans": [{"Node Type": "Seq Scan", "Parent Relationship": "Outer", "Parallel Aware": false, "Relation Name": "nation", "Schema": "public", "Alias": "nation", "Startup Cost": 0.0, "Total Cost": 15.1, "Plan Rows": 510, "Plan Width": 37, "Actual Startup Time": 0.006, "Actual Total Time": 0.012, "Actual Rows": 25, "Actual Loops": 1, "Output": ["nation.n_name", "nation.n_nationkey", "nation.n_regionkey"]}]}]}, {"Node Type": "Hash", "Parent Relationship": "Inner", "Parallel Aware": false, "Startup Cost": 16.5, "Total Cost": 16.5, "Plan Rows": 3, "Plan Width": 4, "Actual Startup Time": 0.032, "Actual Total Time": 0.048, "Actual Rows": 1, "Actual Loops": 1, "Output": ["region.r_regionkey"], "Hash Buckets": 1024, "Original Hash Buckets": 1024, "Hash Batches": 1, "Original Hash Batches": 1, "Peak Memory Usage": 9, "Plans": [{"Node Type": "Seq Scan", "Parent Relationship": "Outer", "Parallel Aware": false, "Relation Name": "region", "Schema": "public", "Alias": "region", "Startup Cost": 0.0, "Total Cost": 16.5, "Plan Rows": 3, "Plan Width": 4, "Actual Startup Time": 0.028, "Actual Total Time": 0.033, "Actual Rows": 1, "Actual Loops": 1, "Output": ["region.r_regionkey"], "Filter": "((region.r_name)::text = 'ASIA'::text)", "Rows Removed by Filter": 4}]}]}]}]}]}]}, {"Node Type": "Hash", "Parent Relationship": "Inner", "Parallel Aware": false, "Startup Cost": 161.0, "Total Cost": 161.0, "Plan Rows": 5000, "Plan Width": 8, "Actual Startup Time": 7.7, "Actual Total Time": 7.701, "Actual Rows": 5000, "Actual Loops": 1, "Output": ["supplier.s_suppkey", "supplier.s_nationkey"], "Hash Buckets": 8192, "Original Hash Buckets": 8192, "Hash Batches": 1, "Original Hash Batches": 1, "Peak Memory Usage": 260, "Plans": [{"Node Type": "Seq Scan", "Parent Relationship": "Outer", "Parallel Aware": false, "Relation Name": "supplier", "Schema": "public", "Alias": "supplier", "Startup Cost": 0.0, "Total Cost": 161.0, "Plan Rows": 5000, "Plan Width": 8, "Actual Startup Time": 0.011, "Actual Total Time": 6.787, "Actual Rows": 5000, "Actual Loops": 1, "Output": ["supplier.s_suppkey", "supplier.s_nationkey"]}]}]}]}]}]}, "Planning Time": 9.188, "Triggers": [], "Execution Time": 3060.187}]
q9#####[{"Plan": {"Node Type": "Aggregate", "Strategy": "Sorted", "Partial Mode": "Simple", "Parallel Aware": false, "Startup Cost": 129376.78, "Total Cost": 129378.58, "Plan Rows": 40, "Plan Width": 40, "Actual Startup Time": 2194.705, "Actual Total Time": 2195.138, "Actual Rows": 2, "Actual Loops": 1, "Output": ["(date_part('year'::text, (orders.o_orderdate)::timestamp without time zone))", "(sum(CASE WHEN ((n2.n_name)::text = 'MOZAMBIQUE'::text) THEN (lineitem.l_extendedprice * ('1'::numeric - lineitem.l_discount)) ELSE '0'::numeric END) / sum((lineitem.l_extendedprice * ('1'::numeric - lineitem.l_discount))))"], "Group Key": ["(date_part('year'::text, (orders.o_orderdate)::timestamp without time zone))"], "Plans": [{"Node Type": "Sort", "Parent Relationship": "Outer", "Parallel Aware": false, "Startup Cost": 129376.78, "Total Cost": 129376.88, "Plan Rows": 40, "Plan Width": 49, "Actual Startup Time": 2194.167, "Actual Total Time": 2194.411, "Actual Rows": 1297, "Actual Loops": 1, "Output": ["(date_part('year'::text, (orders.o_orderdate)::timestamp without time zone))", "n2.n_name", "lineitem.l_extendedprice", "lineitem.l_discount"], "Sort Key": ["(date_part('year'::text, (orders.o_orderdate)::timestamp without time zone))"], "Sort Method": "quicksort", "Sort Space Used": 150, "Sort Space Type": "Memory", "Plans": [{"Node Type": "Nested Loop", "Parent Relationship": "Outer", "Parallel Aware": false, "Join Type": "Inner", "Startup Cost": 31572.55, "Total Cost": 129375.72, "Plan Rows": 40, "Plan Width": 49, "Actual Startup Time": 770.91, "Actual Total Time": 2192.759, "Actual Rows": 1297, "Actual Loops": 1, "Output": ["date_part('year'::text, (orders.o_orderdate)::timestamp without time zone)", "n2.n_name", "lineitem.l_extendedprice", "lineitem.l_discount"], "Inner Unique": true, "Plans": [{"Node Type": "Hash Join", "Parent Relationship": "Outer", "Parallel Aware": false, "Join Type": "Inner", "Startup Cost": 31572.4, "Total Cost": 129368.53, "Plan Rows": 40, "Plan Width": 20, "Actual Startup Time": 770.782, "Actual Total Time": 2184.702, "Actual Rows": 1297, "Actual Loops": 1, "Output": ["lineitem.l_extendedprice", "lineitem.l_discount", "supplier.s_nationkey", "orders.o_orderdate"], "Inner Unique": false, "Hash Cond": "(lineitem.l_suppkey = supplier.s_suppkey)", "Plans": [{"Node Type": "Hash Join", "Parent Relationship": "Outer", "Parallel Aware": false, "Join Type": "Inner", "Startup Cost": 31348.9, "Total Cost": 129144.48, "Plan Rows": 40, "Plan Width": 20, "Actual Startup Time": 769.191, "Actual Total Time": 2181.458, "Actual Rows": 1297, "Actual Loops": 1, "Output": ["lineitem.l_extendedprice", "lineitem.l_discount", "lineitem.l_suppkey", "orders.o_orderdate"], "Inner Unique": false, "Hash Cond": "(lineitem.l_orderkey = orders.o_orderkey)", "Plans": [{"Node Type": "Hash Join", "Parent Relationship": "Outer", "Parallel Aware": false, "Join Type": "Inner", "Startup Cost": 3307.54, "Total Cost": 101016.88, "Plan Rows": 22889, "Plan Width": 20, "Actual Startup Time": 418.785, "Actual Total Time": 1813.032, "Actual Rows": 21434, "Actual Loops": 1, "Output": ["lineitem.l_extendedprice", "lineitem.l_discount", "lineitem.l_suppkey", "lineitem.l_orderkey"], "Inner Unique": false, "Hash Cond": "(lineitem.l_partkey = part.p_partkey)", "Plans": [{"Node Type": "Seq Scan", "Parent Relationship": "Outer", "Parallel Aware": false, "Relation Name": "lineitem", "Schema": "public", "Alias": "lineitem", "Startup Cost": 0.0, "Total Cost": 86231.15, "Plan Rows": 2999815, "Plan Width": 24, "Actual Startup Time": 0.009, "Actual Total Time": 1020.548, "Actual Rows": 2999671, "Actual Loops": 1, "Output": ["lineitem.l_orderkey", "lineitem.l_partkey", "lineitem.l_suppkey", "lineitem.l_linenumber", "lineitem.l_quantity", "lineitem.l_extendedprice", "lineitem.l_discount", "lineitem.l_tax", "lineitem.l_returnflag", "lineitem.l_linestatus", "lineitem.l_shipdate", "lineitem.l_commitdate", "lineitem.l_receiptdate", "lineitem.l_shipinstruct", "lineitem.l_shipmode", "lineitem.l_comment"]}, {"Node Type": "Hash", "Parent Relationship": "Inner", "Parallel Aware": false, "Startup Cost": 3298.0, "Total Cost": 3298.0, "Plan Rows": 763, "Plan Width": 4, "Actual Startup Time": 418.722, "Actual Total Time": 418.726, "Actual Rows": 721, "Actual Loops": 1, "Output": ["part.p_partkey"], "Hash Buckets": 1024, "Original Hash Buckets": 1024, "Hash Batches": 1, "Original Hash Batches": 1, "Peak Memory Usage": 34, "Plans": [{"Node Type": "Seq Scan", "Parent Relationship": "Outer", "Parallel Aware": false, "Relation Name": "part", "Schema": "public", "Alias": "part", "Startup Cost": 0.0, "Total Cost": 3298.0, "Plan Rows": 763, "Plan Width": 4, "Actual Startup Time": 0.01, "Actual Total Time": 417.736, "Actual Rows": 721, "Actual Loops": 1, "Output": ["part.p_partkey"], "Filter": "((part.p_type)::text = 'SMALL BRUSHED TIN'::text)", "Rows Removed by Filter": 99279}]}]}, {"Node Type": "Hash", "Parent Relationship": "Inner", "Parallel Aware": false, "Startup Cost": 28025.12, "Total Cost": 28025.12, "Plan Rows": 1300, "Plan Width": 8, "Actual Startup Time": 347.839, "Actual Total Time": 347.903, "Actual Rows": 45528, "Actual Loops": 1, "Output": ["orders.o_orderdate", "orders.o_orderkey"], "Hash Buckets": 65536, "Original Hash Buckets": 2048, "Hash Batches": 1, "Original Hash Batches": 1, "Peak Memory Usage": 2291, "Plans": [{"Node Type": "Hash Join", "Parent Relationship": "Outer", "Parallel Aware": false, "Join Type": "Inner", "Startup Cost": 2867.1, "Total Cost": 28025.12, "Plan Rows": 1300, "Plan Width": 8, "Actual Startup Time": 31.083, "Actual Total Time": 316.865, "Actual Rows": 45528, "Actual Loops": 1, "Output": ["orders.o_orderdate", "orders.o_orderkey"], "Inner Unique": false, "Hash Cond": "(orders.o_custkey = customer.c_custkey)", "Plans": [{"Node Type": "Seq Scan", "Parent Relationship": "Outer", "Parallel Aware": false, "Relation Name": "orders", "Schema": "public", "Alias": "orders", "Startup Cost": 0.0, "Total Cost": 24300.0, "Plan Rows": 225336, "Plan Width": 12, "Actual Startup Time": 0.041, "Actual Total Time": 232.761, "Actual Rows": 228641, "Actual Loops": 1, "Output": ["orders.o_orderkey", "orders.o_custkey", "orders.o_orderstatus", "orders.o_totalprice", "orders.o_orderdate", "orders.o_orderpriority", "orders.o_clerk", "orders.o_shippriority", "orders.o_comment"], "Filter": "((orders.o_orderdate >= '1995-01-01'::date) AND (orders.o_orderdate <= '1996-12-31'::date))", "Rows Removed by Filter": 521359}, {"Node Type": "Hash", "Parent Relationship": "Inner", "Parallel Aware": false, "Startup Cost": 2861.68, "Total Cost": 2861.68, "Plan Rows": 433, "Plan Width": 4, "Actual Startup Time": 30.95, "Actual Total Time": 30.99, "Actual Rows": 14960, "Actual Loops": 1, "Output": ["customer.c_custkey"], "Hash Buckets": 16384, "Original Hash Buckets": 1024, "Hash Batches": 1, "Original Hash Batches": 1, "Peak Memory Usage": 654, "Plans": [{"Node Type": "Hash Join", "Parent Relationship": "Outer", "Parallel Aware": false, "Join Type": "Inner", "Startup Cost": 33.02, "Total Cost": 2861.68, "Plan Rows": 433, "Plan Width": 4, "Actual Startup Time": 0.219, "Actual Total Time": 27.405, "Actual Rows": 14960, "Actual Loops": 1, "Output": ["customer.c_custkey"], "Inner Unique": false, "Hash Cond": "(customer.c_nationkey = n1.n_nationkey)", "Plans": [{"Node Type": "Seq Scan", "Parent Relationship": "Outer", "Parallel Aware": false, "Relation Name": "customer", "Schema": "public", "Alias": "customer", "Startup Cost": 0.0, "Total Cost": 2543.0, "Plan Rows": 75000, "Plan Width": 8, "Actual Startup Time": 0.019, "Actual Total Time": 12.791, "Actual Rows": 75000, "Actual Loops": 1, "Output": ["customer.c_custkey", "customer.c_name", "customer.c_address", "customer.c_nationkey", "customer.c_phone", "customer.c_acctbal", "customer.c_mktsegment", "customer.c_comment"]}, {"Node Type": "Hash", "Parent Relationship": "Inner", "Parallel Aware": false, "Startup Cost": 32.99, "Total Cost": 32.99, "Plan Rows": 3, "Plan Width": 4, "Actual Startup Time": 0.157, "Actual Total Time": 0.186, "Actual Rows": 5, "Actual Loops": 1, "Output": ["n1.n_nationkey"], "Hash Buckets": 1024, "Original Hash Buckets": 1024, "Hash Batches": 1, "Original Hash Batches": 1, "Peak Memory Usage": 9, "Plans": [{"Node Type": "Hash Join", "Parent Relationship": "Outer", "Parallel Aware": false, "Join Type": "Inner", "Startup Cost": 16.54, "Total Cost": 32.99, "Plan Rows": 3, "Plan Width": 4, "Actual Startup Time": 0.142, "Actual Total Time": 0.164, "Actual Rows": 5, "Actual Loops": 1, "Output": ["n1.n_nationkey"], "Inner Unique": true, "Hash Cond": "(n1.n_regionkey = region.r_regionkey)", "Plans": [{"Node Type": "Seq Scan", "Parent Relationship": "Outer", "Parallel Aware": false, "Relation Name": "nation", "Schema": "public", "Alias": "n1", "Startup Cost": 0.0, "Total Cost": 15.1, "Plan Rows": 510, "Plan Width": 8, "Actual Startup Time": 0.012, "Actual Total Time": 0.014, "Actual Rows": 25, "Actual Loops": 1, "Output": ["n1.n_nationkey", "n1.n_name", "n1.n_regionkey", "n1.n_comment"]}, {"Node Type": "Hash", "Parent Relationship": "Inner", "Parallel Aware": false, "Startup Cost": 16.5, "Total Cost": 16.5, "Plan Rows": 3, "Plan Width": 4, "Actual Startup Time": 0.042, "Actual Total Time": 0.052, "Actual Rows": 1, "Actual Loops": 1, "Output": ["region.r_regionkey"], "Hash Buckets": 1024, "Original Hash Buckets": 1024, "Hash Batches": 1, "Original Hash Batches": 1, "Peak Memory Usage": 9, "Plans": [{"Node Type": "Seq Scan", "Parent Relationship": "Outer", "Parallel Aware": false, "Relation Name": "region", "Schema": "public", "Alias": "region", "Startup Cost": 0.0, "Total Cost": 16.5, "Plan Rows": 3, "Plan Width": 4, "Actual Startup Time": 0.031, "Actual Total Time": 0.035, "Actual Rows": 1, "Actual Loops": 1, "Output": ["region.r_regionkey"], "Filter": "((region.r_name)::text = 'AFRICA'::text)", "Rows Removed by Filter": 4}]}]}]}]}]}]}]}]}, {"Node Type": "Hash", "Parent Relationship": "Inner", "Parallel Aware": false, "Startup Cost": 161.0, "Total Cost": 161.0, "Plan Rows": 5000, "Plan Width": 8, "Actual Startup Time": 1.555, "Actual Total Time": 1.556, "Actual Rows": 5000, "Actual Loops": 1, "Output": ["supplier.s_suppkey", "supplier.s_nationkey"], "Hash Buckets": 8192, "Original Hash Buckets": 8192, "Hash Batches": 1, "Original Hash Batches": 1, "Peak Memory Usage": 260, "Plans": [{"Node Type": "Seq Scan", "Parent Relationship": "Outer", "Parallel Aware": false, "Relation Name": "supplier", "Schema": "public", "Alias": "supplier", "Startup Cost": 0.0, "Total Cost": 161.0, "Plan Rows": 5000, "Plan Width": 8, "Actual Startup Time": 0.004, "Actual Total Time": 0.847, "Actual Rows": 5000, "Actual Loops": 1, "Output": ["supplier.s_suppkey", "supplier.s_nationkey"]}]}]}, {"Node Type": "Index Scan", "Parent Relationship": "Inner", "Parallel Aware": false, "Scan Direction": "Forward", "Index Name": "nation_pkey", "Relation Name": "nation", "Schema": "public", "Alias": "n2", "Startup Cost": 0.15, "Total Cost": 0.17, "Plan Rows": 1, "Plan Width": 33, "Actual Startup Time": 0.004, "Actual Total Time": 0.004, "Actual Rows": 1, "Actual Loops": 1297, "Output": ["n2.n_nationkey", "n2.n_name", "n2.n_regionkey", "n2.n_comment"], "Index Cond": "(n2.n_nationkey = supplier.s_nationkey)", "Rows Removed by Index Recheck": 0}]}]}]}, "Planning Time": 3.297, "Triggers": [], "Execution Time": 2196.154}]
q10#####[{"Plan": {"Node Type": "Aggregate", "Strategy": "Sorted", "Partial Mode": "Simple", "Parallel Aware": false, "Startup Cost": 144855.62, "Total Cost": 144857.19, "Plan Rows": 45, "Plan Width": 98, "Actual Startup Time": 2074.927, "Actual Total Time": 2077.502, "Actual Rows": 4, "Actual Loops": 1, "Output": ["n1.n_name", "n2.n_name", "(date_part('year'::text, (lineitem.l_shipdate)::timestamp without time zone))", "sum((lineitem.l_extendedprice * ('1'::numeric - lineitem.l_discount)))"], "Group Key": ["n1.n_name", "n2.n_name", "(date_part('year'::text, (lineitem.l_shipdate)::timestamp without time zone))"], "Plans": [{"Node Type": "Sort", "Parent Relationship": "Outer", "Parallel Aware": false, "Startup Cost": 144855.62, "Total Cost": 144855.73, "Plan Rows": 45, "Plan Width": 78, "Actual Startup Time": 2069.921, "Actual Total Time": 2071.804, "Actual Rows": 3132, "Actual Loops": 1, "Output": ["n1.n_name", "n2.n_name", "(date_part('year'::text, (lineitem.l_shipdate)::timestamp without time zone))", "lineitem.l_extendedprice", "lineitem.l_discount"], "Sort Key": ["n1.n_name", "n2.n_name", "(date_part('year'::text, (lineitem.l_shipdate)::timestamp without time zone))"], "Sort Method": "quicksort", "Sort Space Used": 341, "Sort Space Type": "Memory", "Plans": [{"Node Type": "Hash Join", "Parent Relationship": "Outer", "Parallel Aware": false, "Join Type": "Inner", "Startup Cost": 39724.65, "Total Cost": 144854.38, "Plan Rows": 45, "Plan Width": 78, "Actual Startup Time": 1147.106, "Actual Total Time": 2021.396, "Actual Rows": 3132, "Actual Loops": 1, "Output": ["n1.n_name", "n2.n_name", "date_part('year'::text, (lineitem.l_shipdate)::timestamp without time zone)", "lineitem.l_extendedprice", "lineitem.l_discount"], "Inner Unique": false, "Hash Cond": "((lineitem.l_suppkey = supplier.s_suppkey) AND (n1.n_nationkey = supplier.s_nationkey))", "Plans": [{"Node Type": "Hash Join", "Parent Relationship": "Outer", "Parallel Aware": false, "Join Type": "Inner", "Startup Cost": 39488.65, "Total Cost": 144445.44, "Plan Rows": 22969, "Plan Width": 82, "Actual Startup Time": 1137.394, "Actual Total Time": 1994.756, "Actual Rows": 74037, "Actual Loops": 1, "Output": ["lineitem.l_shipdate", "lineitem.l_extendedprice", "lineitem.l_discount", "lineitem.l_suppkey", "n2.n_name", "n1.n_name", "n1.n_nationkey"], "Inner Unique": false, "Hash Cond": "(lineitem.l_orderkey = orders.o_orderkey)", "Plans": [{"Node Type": "Seq Scan", "Parent Relationship": "Outer", "Parallel Aware": false, "Relation Name": "lineitem", "Schema": "public", "Alias": "lineitem", "Startup Cost": 0.0, "Total Cost": 101230.23, "Plan Rows": 932496, "Plan Width": 24, "Actual Startup Time": 0.067, "Actual Total Time": 721.533, "Actual Rows": 914862, "Actual Loops": 1, "Output": ["lineitem.l_orderkey", "lineitem.l_partkey", "lineitem.l_suppkey", "lineitem.l_linenumber", "lineitem.l_quantity", "lineitem.l_extendedprice", "lineitem.l_discount", "lineitem.l_tax", "lineitem.l_returnflag", "lineitem.l_linestatus", "lineitem.l_shipdate", "lineitem.l_commitdate", "lineitem.l_receiptdate", "lineitem.l_shipinstruct", "lineitem.l_shipmode", "lineitem.l_comment"], "Filter": "((lineitem.l_shipdate >= '1995-01-01'::date) AND (lineitem.l_shipdate <= '1996-12-31'::date))", "Rows Removed by Filter": 2084809}, {"Node Type": "Hash", "Parent Relationship": "Inner", "Parallel Aware": false, "Startup Cost": 39257.72, "Total Cost": 39257.72, "Plan Rows": 18475, "Plan Width": 66, "Actual Startup Time": 1133.672, "Actual Total Time": 1134.785, "Actual Rows": 59916, "Actual Loops": 1, "Output": ["orders.o_orderkey", "n2.n_name", "n1.n_name", "n1.n_nationkey"], "Hash Buckets": 65536, "Original Hash Buckets": 32768, "Hash Batches": 1, "Original Hash Batches": 1, "Peak Memory Usage": 3789, "Plans": [{"Node Type": "Hash Join", "Parent Relationship": "Outer", "Parallel Aware": false, "Join Type": "Inner", "Startup Cost": 3516.54, "Total Cost": 39257.72, "Plan Rows": 18475, "Plan Width": 66, "Actual Startup Time": 65.068, "Actual Total Time": 1069.792, "Actual Rows": 59916, "Actual Loops": 1, "Output": ["orders.o_orderkey", "n2.n_name", "n1.n_name", "n1.n_nationkey"], "Inner Unique": false, "Hash Cond": "(customer.c_nationkey = n2.n_nationkey)", "Plans": [{"Node Type": "Hash Join", "Parent Relationship": "Outer", "Parallel Aware": false, "Join Type": "Inner", "Startup Cost": 3480.5, "Total Cost": 34343.0, "Plan Rows": 750000, "Plan Width": 8, "Actual Startup Time": 64.045, "Actual Total Time": 959.808, "Actual Rows": 750000, "Actual Loops": 1, "Output": ["orders.o_orderkey", "customer.c_nationkey"], "Inner Unique": false, "Hash Cond": "(orders.o_custkey = customer.c_custkey)", "Plans": [{"Node Type": "Seq Scan", "Parent Relationship": "Outer", "Parallel Aware": false, "Relation Name": "orders", "Schema": "public", "Alias": "orders", "Startup Cost": 0.0, "Total Cost": 20550.0, "Plan Rows": 750000, "Plan Width": 8, "Actual Startup Time": 0.042, "Actual Total Time": 345.169, "Actual Rows": 750000, "Actual Loops": 1, "Output": ["orders.o_orderkey", "orders.o_custkey", "orders.o_orderstatus", "orders.o_totalprice", "orders.o_orderdate", "orders.o_orderpriority", "orders.o_clerk", "orders.o_shippriority", "orders.o_comment"]}, {"Node Type": "Hash", "Parent Relationship": "Inner", "Parallel Aware": false, "Startup Cost": 2543.0, "Total Cost": 2543.0, "Plan Rows": 75000, "Plan Width": 8, "Actual Startup Time": 57.461, "Actual Total Time": 57.465, "Actual Rows": 75000, "Actual Loops": 1, "Output": ["customer.c_custkey", "customer.c_nationkey"], "Hash Buckets": 131072, "Original Hash Buckets": 131072, "Hash Batches": 1, "Original Hash Batches": 1, "Peak Memory Usage": 3954, "Plans": [{"Node Type": "Seq Scan", "Parent Relationship": "Outer", "Parallel Aware": false, "Relation Name": "customer", "Schema": "public", "Alias": "customer", "Startup Cost": 0.0, "Total Cost": 2543.0, "Plan Rows": 75000, "Plan Width": 8, "Actual Startup Time": 0.116, "Actual Total Time": 29.471, "Actual Rows": 75000, "Actual Loops": 1, "Output": ["customer.c_custkey", "customer.c_nationkey"]}]}]}, {"Node Type": "Hash", "Parent Relationship": "Inner", "Parallel Aware": false, "Startup Cost": 35.87, "Total Cost": 35.87, "Plan Rows": 13, "Plan Width": 66, "Actual Startup Time": 0.027, "Actual Total Time": 0.477, "Actual Rows": 2, "Actual Loops": 1, "Output": ["n1.n_name", "n1.n_nationkey", "n2.n_name", "n2.n_nationkey"], "Hash Buckets": 1024, "Original Hash Buckets": 1024, "Hash Batches": 1, "Original Hash Batches": 1, "Peak Memory Usage": 9, "Plans": [{"Node Type": "Nested Loop", "Parent Relationship": "Outer", "Parallel Aware": false, "Join Type": "Inner", "Startup Cost": 0.0, "Total Cost": 35.87, "Plan Rows": 13, "Plan Width": 66, "Actual Startup Time": 0.021, "Actual Total Time": 0.473, "Actual Rows": 2, "Actual Loops": 1, "Output": ["n1.n_name", "n1.n_nationkey", "n2.n_name", "n2.n_nationkey"], "Inner Unique": false, "Join Filter": "((((n1.n_name)::text = 'BRAZIL'::text) AND ((n2.n_name)::text = 'CANADA'::text)) OR (((n1.n_name)::text = 'CANADA'::text) AND ((n2.n_name)::text = 'BRAZIL'::text)))", "Rows Removed by Join Filter": 2, "Plans": [{"Node Type": "Seq Scan", "Parent Relationship": "Outer", "Parallel Aware": false, "Relation Name": "nation", "Schema": "public", "Alias": "n1", "Startup Cost": 0.0, "Total Cost": 17.65, "Plan Rows": 5, "Plan Width": 33, "Actual Startup Time": 0.008, "Actual Total Time": 0.048, "Actual Rows": 2, "Actual Loops": 1, "Output": ["n1.n_nationkey", "n1.n_name", "n1.n_regionkey", "n1.n_comment"], "Filter": "(((n1.n_name)::text = 'BRAZIL'::text) OR ((n1.n_name)::text = 'CANADA'::text))", "Rows Removed by Filter": 23}, {"Node Type": "Materialize", "Parent Relationship": "Inner", "Parallel Aware": false, "Startup Cost": 0.0, "Total Cost": 17.67, "Plan Rows": 5, "Plan Width": 33, "Actual Startup Time": 0.005, "Actual Total Time": 0.008, "Actual Rows": 2, "Actual Loops": 2, "Output": ["n2.n_name", "n2.n_nationkey"], "Plans": [{"Node Type": "Seq Scan", "Parent Relationship": "Outer", "Parallel Aware": false, "Relation Name": "nation", "Schema": "public", "Alias": "n2", "Startup Cost": 0.0, "Total Cost": 17.65, "Plan Rows": 5, "Plan Width": 33, "Actual Startup Time": 0.007, "Actual Total Time": 0.013, "Actual Rows": 2, "Actual Loops": 1, "Output": ["n2.n_name", "n2.n_nationkey"], "Filter": "(((n2.n_name)::text = 'CANADA'::text) OR ((n2.n_name)::text = 'BRAZIL'::text))", "Rows Removed by Filter": 23}]}]}]}]}]}]}, {"Node Type": "Hash", "Parent Relationship": "Inner", "Parallel Aware": false, "Startup Cost": 161.0, "Total Cost": 161.0, "Plan Rows": 5000, "Plan Width": 8, "Actual Startup Time": 7.7, "Actual Total Time": 7.704, "Actual Rows": 5000, "Actual Loops": 1, "Output": ["supplier.s_suppkey", "supplier.s_nationkey"], "Hash Buckets": 8192, "Original Hash Buckets": 8192, "Hash Batches": 1, "Original Hash Batches": 1, "Peak Memory Usage": 260, "Plans": [{"Node Type": "Seq Scan", "Parent Relationship": "Outer", "Parallel Aware": false, "Relation Name": "supplier", "Schema": "public", "Alias": "supplier", "Startup Cost": 0.0, "Total Cost": 161.0, "Plan Rows": 5000, "Plan Width": 8, "Actual Startup Time": 0.02, "Actual Total Time": 4.5, "Actual Rows": 5000, "Actual Loops": 1, "Output": ["supplier.s_suppkey", "supplier.s_nationkey"]}]}]}]}]}, "Planning Time": 4.901, "Triggers": [], "Execution Time": 2095.504}]
q11#####[{"Plan": {"Node Type": "Aggregate", "Strategy": "Sorted", "Partial Mode": "Simple", "Parallel Aware": false, "Startup Cost": 144855.62, "Total Cost": 144857.19, "Plan Rows": 45, "Plan Width": 98, "Actual Startup Time": 1174.3, "Actual Total Time": 1176.053, "Actual Rows": 4, "Actual Loops": 1, "Output": ["n1.n_name", "n2.n_name", "(date_part('year'::text, (lineitem.l_shipdate)::timestamp without time zone))", "sum((lineitem.l_extendedprice * ('1'::numeric - lineitem.l_discount)))"], "Group Key": ["n1.n_name", "n2.n_name", "(date_part('year'::text, (lineitem.l_shipdate)::timestamp without time zone))"], "Plans": [{"Node Type": "Sort", "Parent Relationship": "Outer", "Parallel Aware": false, "Startup Cost": 144855.62, "Total Cost": 144855.73, "Plan Rows": 45, "Plan Width": 78, "Actual Startup Time": 1174.056, "Actual Total Time": 1174.243, "Actual Rows": 2919, "Actual Loops": 1, "Output": ["n1.n_name", "n2.n_name", "(date_part('year'::text, (lineitem.l_shipdate)::timestamp without time zone))", "lineitem.l_extendedprice", "lineitem.l_discount"], "Sort Key": ["n1.n_name", "n2.n_name", "(date_part('year'::text, (lineitem.l_shipdate)::timestamp without time zone))"], "Sort Method": "quicksort", "Sort Space Used": 325, "Sort Space Type": "Memory", "Plans": [{"Node Type": "Hash Join", "Parent Relationship": "Outer", "Parallel Aware": false, "Join Type": "Inner", "Startup Cost": 39724.65, "Total Cost": 144854.38, "Plan Rows": 45, "Plan Width": 78, "Actual Startup Time": 561.348, "Actual Total Time": 1171.89, "Actual Rows": 2919, "Actual Loops": 1, "Output": ["n1.n_name", "n2.n_name", "date_part('year'::text, (lineitem.l_shipdate)::timestamp without time zone)", "lineitem.l_extendedprice", "lineitem.l_discount"], "Inner Unique": false, "Hash Cond": "((lineitem.l_suppkey = supplier.s_suppkey) AND (n1.n_nationkey = supplier.s_nationkey))", "Plans": [{"Node Type": "Hash Join", "Parent Relationship": "Outer", "Parallel Aware": false, "Join Type": "Inner", "Startup Cost": 39488.65, "Total Cost": 144445.44, "Plan Rows": 22969, "Plan Width": 82, "Actual Startup Time": 557.383, "Actual Total Time": 1156.086, "Actual Rows": 73053, "Actual Loops": 1, "Output": ["lineitem.l_shipdate", "lineitem.l_extendedprice", "lineitem.l_discount", "lineitem.l_suppkey", "n2.n_name", "n1.n_name", "n1.n_nationkey"], "Inner Unique": false, "Hash Cond": "(lineitem.l_orderkey = orders.o_orderkey)", "Plans": [{"Node Type": "Seq Scan", "Parent Relationship": "Outer", "Parallel Aware": false, "Relation Name": "lineitem", "Schema": "public", "Alias": "lineitem", "Startup Cost": 0.0, "Total Cost": 101230.23, "Plan Rows": 932496, "Plan Width": 24, "Actual Startup Time": 0.081, "Actual Total Time": 480.988, "Actual Rows": 914862, "Actual Loops": 1, "Output": ["lineitem.l_orderkey", "lineitem.l_partkey", "lineitem.l_suppkey", "lineitem.l_linenumber", "lineitem.l_quantity", "lineitem.l_extendedprice", "lineitem.l_discount", "lineitem.l_tax", "lineitem.l_returnflag", "lineitem.l_linestatus", "lineitem.l_shipdate", "lineitem.l_commitdate", "lineitem.l_receiptdate", "lineitem.l_shipinstruct", "lineitem.l_shipmode", "lineitem.l_comment"], "Filter": "((lineitem.l_shipdate >= '1995-01-01'::date) AND (lineitem.l_shipdate <= '1996-12-31'::date))", "Rows Removed by Filter": 2084809}, {"Node Type": "Hash", "Parent Relationship": "Inner", "Parallel Aware": false, "Startup Cost": 39257.72, "Total Cost": 39257.72, "Plan Rows": 18475, "Plan Width": 66, "Actual Startup Time": 555.989, "Actual Total Time": 556.009, "Actual Rows": 60250, "Actual Loops": 1, "Output": ["orders.o_orderkey", "n2.n_name", "n1.n_name", "n1.n_nationkey"], "Hash Buckets": 65536, "Original Hash Buckets": 32768, "Hash Batches": 1, "Original Hash Batches": 1, "Peak Memory Usage": 3807, "Plans": [{"Node Type": "Hash Join", "Parent Relationship": "Outer", "Parallel Aware": false, "Join Type": "Inner", "Startup Cost": 3516.54, "Total Cost": 39257.72, "Plan Rows": 18475, "Plan Width": 66, "Actual Startup Time": 34.874, "Actual Total Time": 538.497, "Actual Rows": 60250, "Actual Loops": 1, "Output": ["orders.o_orderkey", "n2.n_name", "n1.n_name", "n1.n_nationkey"], "Inner Unique": false, "Hash Cond": "(customer.c_nationkey = n2.n_nationkey)", "Plans": [{"Node Type": "Hash Join", "Parent Relationship": "Outer", "Parallel Aware": false, "Join Type": "Inner", "Startup Cost": 3480.5, "Total Cost": 34343.0, "Plan Rows": 750000, "Plan Width": 8, "Actual Startup Time": 34.253, "Actual Total Time": 472.593, "Actual Rows": 750000, "Actual Loops": 1, "Output": ["orders.o_orderkey", "customer.c_nationkey"], "Inner Unique": false, "Hash Cond": "(orders.o_custkey = customer.c_custkey)", "Plans": [{"Node Type": "Seq Scan", "Parent Relationship": "Outer", "Parallel Aware": false, "Relation Name": "orders", "Schema": "public", "Alias": "orders", "Startup Cost": 0.0, "Total Cost": 20550.0, "Plan Rows": 750000, "Plan Width": 8, "Actual Startup Time": 0.018, "Actual Total Time": 158.825, "Actual Rows": 750000, "Actual Loops": 1, "Output": ["orders.o_orderkey", "orders.o_custkey", "orders.o_orderstatus", "orders.o_totalprice", "orders.o_orderdate", "orders.o_orderpriority", "orders.o_clerk", "orders.o_shippriority", "orders.o_comment"]}, {"Node Type": "Hash", "Parent Relationship": "Inner", "Parallel Aware": false, "Startup Cost": 2543.0, "Total Cost": 2543.0, "Plan Rows": 75000, "Plan Width": 8, "Actual Startup Time": 26.567, "Actual Total Time": 26.568, "Actual Rows": 75000, "Actual Loops": 1, "Output": ["customer.c_custkey", "customer.c_nationkey"], "Hash Buckets": 131072, "Original Hash Buckets": 131072, "Hash Batches": 1, "Original Hash Batches": 1, "Peak Memory Usage": 3954, "Plans": [{"Node Type": "Seq Scan", "Parent Relationship": "Outer", "Parallel Aware": false, "Relation Name": "customer", "Schema": "public", "Alias": "customer", "Startup Cost": 0.0, "Total Cost": 2543.0, "Plan Rows": 75000, "Plan Width": 8, "Actual Startup Time": 0.022, "Actual Total Time": 10.431, "Actual Rows": 75000, "Actual Loops": 1, "Output": ["customer.c_custkey", "customer.c_nationkey"]}]}]}, {"Node Type": "Hash", "Parent Relationship": "Inner", "Parallel Aware": false, "Startup Cost": 35.87, "Total Cost": 35.87, "Plan Rows": 13, "Plan Width": 66, "Actual Startup Time": 0.049, "Actual Total Time": 0.051, "Actual Rows": 2, "Actual Loops": 1, "Output": ["n1.n_name", "n1.n_nationkey", "n2.n_name", "n2.n_nationkey"], "Hash Buckets": 1024, "Original Hash Buckets": 1024, "Hash Batches": 1, "Original Hash Batches": 1, "Peak Memory Usage": 9, "Plans": [{"Node Type": "Nested Loop", "Parent Relationship": "Outer", "Parallel Aware": false, "Join Type": "Inner", "Startup Cost": 0.0, "Total Cost": 35.87, "Plan Rows": 13, "Plan Width": 66, "Actual Startup Time": 0.034, "Actual Total Time": 0.039, "Actual Rows": 2, "Actual Loops": 1, "Output": ["n1.n_name", "n1.n_nationkey", "n2.n_name", "n2.n_nationkey"], "Inner Unique": false, "Join Filter": "((((n1.n_name)::text = 'ROMANIA'::text) AND ((n2.n_name)::text = 'INDIA'::text)) OR (((n1.n_name)::text = 'INDIA'::text) AND ((n2.n_name)::text = 'ROMANIA'::text)))", "Rows Removed by Join Filter": 2, "Plans": [{"Node Type": "Seq Scan", "Parent Relationship": "Outer", "Parallel Aware": false, "Relation Name": "nation", "Schema": "public", "Alias": "n1", "Startup Cost": 0.0, "Total Cost": 17.65, "Plan Rows": 5, "Plan Width": 33, "Actual Startup Time": 0.011, "Actual Total Time": 0.013, "Actual Rows": 2, "Actual Loops": 1, "Output": ["n1.n_nationkey", "n1.n_name", "n1.n_regionkey", "n1.n_comment"], "Filter": "(((n1.n_name)::text = 'ROMANIA'::text) OR ((n1.n_name)::text = 'INDIA'::text))", "Rows Removed by Filter": 23}, {"Node Type": "Materialize", "Parent Relationship": "Inner", "Parallel Aware": false, "Startup Cost": 0.0, "Total Cost": 17.67, "Plan Rows": 5, "Plan Width": 33, "Actual Startup Time": 0.009, "Actual Total Time": 0.011, "Actual Rows": 2, "Actual Loops": 2, "Output": ["n2.n_name", "n2.n_nationkey"], "Plans": [{"Node Type": "Seq Scan", "Parent Relationship": "Outer", "Parallel Aware": false, "Relation Name": "nation", "Schema": "public", "Alias": "n2", "Startup Cost": 0.0, "Total Cost": 17.65, "Plan Rows": 5, "Plan Width": 33, "Actual Startup Time": 0.009, "Actual Total Time": 0.012, "Actual Rows": 2, "Actual Loops": 1, "Output": ["n2.n_name", "n2.n_nationkey"], "Filter": "(((n2.n_name)::text = 'INDIA'::text) OR ((n2.n_name)::text = 'ROMANIA'::text))", "Rows Removed by Filter": 23}]}]}]}]}]}]}, {"Node Type": "Hash", "Parent Relationship": "Inner", "Parallel Aware": false, "Startup Cost": 161.0, "Total Cost": 161.0, "Plan Rows": 5000, "Plan Width": 8, "Actual Startup Time": 3.354, "Actual Total Time": 3.355, "Actual Rows": 5000, "Actual Loops": 1, "Output": ["supplier.s_suppkey", "supplier.s_nationkey"], "Hash Buckets": 8192, "Original Hash Buckets": 8192, "Hash Batches": 1, "Original Hash Batches": 1, "Peak Memory Usage": 260, "Plans": [{"Node Type": "Seq Scan", "Parent Relationship": "Outer", "Parallel Aware": false, "Relation Name": "supplier", "Schema": "public", "Alias": "supplier", "Startup Cost": 0.0, "Total Cost": 161.0, "Plan Rows": 5000, "Plan Width": 8, "Actual Startup Time": 0.023, "Actual Total Time": 2.27, "Actual Rows": 5000, "Actual Loops": 1, "Output": ["supplier.s_suppkey", "supplier.s_nationkey"]}]}]}]}]}, "Planning Time": 3.261, "Triggers": [], "Execution Time": 1176.347}]
q12#####[{"Plan": {"Node Type": "Aggregate", "Strategy": "Sorted", "Partial Mode": "Simple", "Parallel Aware": false, "Startup Cost": 144855.62, "Total Cost": 144857.19, "Plan Rows": 45, "Plan Width": 98, "Actual Startup Time": 1557.143, "Actual Total Time": 1557.775, "Actual Rows": 4, "Actual Loops": 1, "Output": ["n1.n_name", "n2.n_name", "(date_part('year'::text, (lineitem.l_shipdate)::timestamp without time zone))", "sum((lineitem.l_extendedprice * ('1'::numeric - lineitem.l_discount)))"], "Group Key": ["n1.n_name", "n2.n_name", "(date_part('year'::text, (lineitem.l_shipdate)::timestamp without time zone))"], "Plans": [{"Node Type": "Sort", "Parent Relationship": "Outer", "Parallel Aware": false, "Startup Cost": 144855.62, "Total Cost": 144855.73, "Plan Rows": 45, "Plan Width": 78, "Actual Startup Time": 1556.885, "Actual Total Time": 1557.096, "Actual Rows": 2813, "Actual Loops": 1, "Output": ["n1.n_name", "n2.n_name", "(date_part('year'::text, (lineitem.l_shipdate)::timestamp without time zone))", "lineitem.l_extendedprice", "lineitem.l_discount"], "Sort Key": ["n1.n_name", "n2.n_name", "(date_part('year'::text, (lineitem.l_shipdate)::timestamp without time zone))"], "Sort Method": "quicksort", "Sort Space Used": 316, "Sort Space Type": "Memory", "Plans": [{"Node Type": "Hash Join", "Parent Relationship": "Outer", "Parallel Aware": false, "Join Type": "Inner", "Startup Cost": 39724.65, "Total Cost": 144854.38, "Plan Rows": 45, "Plan Width": 78, "Actual Startup Time": 717.005, "Actual Total Time": 1553.827, "Actual Rows": 2813, "Actual Loops": 1, "Output": ["n1.n_name", "n2.n_name", "date_part('year'::text, (lineitem.l_shipdate)::timestamp without time zone)", "lineitem.l_extendedprice", "lineitem.l_discount"], "Inner Unique": false, "Hash Cond": "((lineitem.l_suppkey = supplier.s_suppkey) AND (n1.n_nationkey = supplier.s_nationkey))", "Plans": [{"Node Type": "Hash Join", "Parent Relationship": "Outer", "Parallel Aware": false, "Join Type": "Inner", "Startup Cost": 39488.65, "Total Cost": 144445.44, "Plan Rows": 22969, "Plan Width": 82, "Actual Startup Time": 703.996, "Actual Total Time": 1528.167, "Actual Rows": 72881, "Actual Loops": 1, "Output": ["lineitem.l_shipdate", "lineitem.l_extendedprice", "lineitem.l_discount", "lineitem.l_suppkey", "n2.n_name", "n1.n_name", "n1.n_nationkey"], "Inner Unique": false, "Hash Cond": "(lineitem.l_orderkey = orders.o_orderkey)", "Plans": [{"Node Type": "Seq Scan", "Parent Relationship": "Outer", "Parallel Aware": false, "Relation Name": "lineitem", "Schema": "public", "Alias": "lineitem", "Startup Cost": 0.0, "Total Cost": 101230.23, "Plan Rows": 932496, "Plan Width": 24, "Actual Startup Time": 0.16, "Actual Total Time": 681.353, "Actual Rows": 914862, "Actual Loops": 1, "Output": ["lineitem.l_orderkey", "lineitem.l_partkey", "lineitem.l_suppkey", "lineitem.l_linenumber", "lineitem.l_quantity", "lineitem.l_extendedprice", "lineitem.l_discount", "lineitem.l_tax", "lineitem.l_returnflag", "lineitem.l_linestatus", "lineitem.l_shipdate", "lineitem.l_commitdate", "lineitem.l_receiptdate", "lineitem.l_shipinstruct", "lineitem.l_shipmode", "lineitem.l_comment"], "Filter": "((lineitem.l_shipdate >= '1995-01-01'::date) AND (lineitem.l_shipdate <= '1996-12-31'::date))", "Rows Removed by Filter": 2084809}, {"Node Type": "Hash", "Parent Relationship": "Inner", "Parallel Aware": false, "Startup Cost": 39257.72, "Total Cost": 39257.72, "Plan Rows": 18475, "Plan Width": 66, "Actual Startup Time": 703.481, "Actual Total Time": 703.573, "Actual Rows": 59632, "Actual Loops": 1, "Output": ["orders.o_orderkey", "n2.n_name", "n1.n_name", "n1.n_nationkey"], "Hash Buckets": 65536, "Original Hash Buckets": 32768, "Hash Batches": 1, "Original Hash Batches": 1, "Peak Memory Usage": 3774, "Plans": [{"Node Type": "Hash Join", "Parent Relationship": "Outer", "Parallel Aware": false, "Join Type": "Inner", "Startup Cost": 3516.54, "Total Cost": 39257.72, "Plan Rows": 18475, "Plan Width": 66, "Actual Startup Time": 53.491, "Actual Total Time": 669.426, "Actual Rows": 59632, "Actual Loops": 1, "Output": ["orders.o_orderkey", "n2.n_name", "n1.n_name", "n1.n_nationkey"], "Inner Unique": false, "Hash Cond": "(customer.c_nationkey = n2.n_nationkey)", "Plans": [{"Node Type": "Hash Join", "Parent Relationship": "Outer", "Parallel Aware": false, "Join Type": "Inner", "Startup Cost": 3480.5, "Total Cost": 34343.0, "Plan Rows": 750000, "Plan Width": 8, "Actual Startup Time": 53.392, "Actual Total Time": 610.427, "Actual Rows": 750000, "Actual Loops": 1, "Output": ["orders.o_orderkey", "customer.c_nationkey"], "Inner Unique": false, "Hash Cond": "(orders.o_custkey = customer.c_custkey)", "Plans": [{"Node Type": "Seq Scan", "Parent Relationship": "Outer", "Parallel Aware": false, "Relation Name": "orders", "Schema": "public", "Alias": "orders", "Startup Cost": 0.0, "Total Cost": 20550.0, "Plan Rows": 750000, "Plan Width": 8, "Actual Startup Time": 0.048, "Actual Total Time": 217.365, "Actual Rows": 750000, "Actual Loops": 1, "Output": ["orders.o_orderkey", "orders.o_custkey", "orders.o_orderstatus", "orders.o_totalprice", "orders.o_orderdate", "orders.o_orderpriority", "orders.o_clerk", "orders.o_shippriority", "orders.o_comment"]}, {"Node Type": "Hash", "Parent Relationship": "Inner", "Parallel Aware": false, "Startup Cost": 2543.0, "Total Cost": 2543.0, "Plan Rows": 75000, "Plan Width": 8, "Actual Startup Time": 51.467, "Actual Total Time": 51.475, "Actual Rows": 75000, "Actual Loops": 1, "Output": ["customer.c_custkey", "customer.c_nationkey"], "Hash Buckets": 131072, "Original Hash Buckets": 131072, "Hash Batches": 1, "Original Hash Batches": 1, "Peak Memory Usage": 3954, "Plans": [{"Node Type": "Seq Scan", "Parent Relationship": "Outer", "Parallel Aware": false, "Relation Name": "customer", "Schema": "public", "Alias": "customer", "Startup Cost": 0.0, "Total Cost": 2543.0, "Plan Rows": 75000, "Plan Width": 8, "Actual Startup Time": 0.081, "Actual Total Time": 25.579, "Actual Rows": 75000, "Actual Loops": 1, "Output": ["customer.c_custkey", "customer.c_nationkey"]}]}]}, {"Node Type": "Hash", "Parent Relationship": "Inner", "Parallel Aware": false, "Startup Cost": 35.87, "Total Cost": 35.87, "Plan Rows": 13, "Plan Width": 66, "Actual Startup Time": 0.061, "Actual Total Time": 0.089, "Actual Rows": 2, "Actual Loops": 1, "Output": ["n1.n_name", "n1.n_nationkey", "n2.n_name", "n2.n_nationkey"], "Hash Buckets": 1024, "Original Hash Buckets": 1024, "Hash Batches": 1, "Original Hash Batches": 1, "Peak Memory Usage": 9, "Plans": [{"Node Type": "Nested Loop", "Parent Relationship": "Outer", "Parallel Aware": false, "Join Type": "Inner", "Startup Cost": 0.0, "Total Cost": 35.87, "Plan Rows": 13, "Plan Width": 66, "Actual Startup Time": 0.043, "Actual Total Time": 0.068, "Actual Rows": 2, "Actual Loops": 1, "Output": ["n1.n_name", "n1.n_nationkey", "n2.n_name", "n2.n_nationkey"], "Inner Unique": false, "Join Filter": "((((n1.n_name)::text = 'VIETNAM'::text) AND ((n2.n_name)::text = 'RUSSIA'::text)) OR (((n1.n_name)::text = 'RUSSIA'::text) AND ((n2.n_name)::text = 'VIETNAM'::text)))", "Rows Removed by Join Filter": 2, "Plans": [{"Node Type": "Seq Scan", "Parent Relationship": "Outer", "Parallel Aware": false, "Relation Name": "nation", "Schema": "public", "Alias": "n1", "Startup Cost": 0.0, "Total Cost": 17.65, "Plan Rows": 5, "Plan Width": 33, "Actual Startup Time": 0.012, "Actual Total Time": 0.016, "Actual Rows": 2, "Actual Loops": 1, "Output": ["n1.n_nationkey", "n1.n_name", "n1.n_regionkey", "n1.n_comment"], "Filter": "(((n1.n_name)::text = 'VIETNAM'::text) OR ((n1.n_name)::text = 'RUSSIA'::text))", "Rows Removed by Filter": 23}, {"Node Type": "Materialize", "Parent Relationship": "Inner", "Parallel Aware": false, "Startup Cost": 0.0, "Total Cost": 17.67, "Plan Rows": 5, "Plan Width": 33, "Actual Startup Time": 0.013, "Actual Total Time": 0.018, "Actual Rows": 2, "Actual Loops": 2, "Output": ["n2.n_name", "n2.n_nationkey"], "Plans": [{"Node Type": "Seq Scan", "Parent Relationship": "Outer", "Parallel Aware": false, "Relation Name": "nation", "Schema": "public", "Alias": "n2", "Startup Cost": 0.0, "Total Cost": 17.65, "Plan Rows": 5, "Plan Width": 33, "Actual Startup Time": 0.009, "Actual Total Time": 0.014, "Actual Rows": 2, "Actual Loops": 1, "Output": ["n2.n_name", "n2.n_nationkey"], "Filter": "(((n2.n_name)::text = 'RUSSIA'::text) OR ((n2.n_name)::text = 'VIETNAM'::text))", "Rows Removed by Filter": 23}]}]}]}]}]}]}, {"Node Type": "Hash", "Parent Relationship": "Inner", "Parallel Aware": false, "Startup Cost": 161.0, "Total Cost": 161.0, "Plan Rows": 5000, "Plan Width": 8, "Actual Startup Time": 5.03, "Actual Total Time": 5.03, "Actual Rows": 5000, "Actual Loops": 1, "Output": ["supplier.s_suppkey", "supplier.s_nationkey"], "Hash Buckets": 8192, "Original Hash Buckets": 8192, "Hash Batches": 1, "Original Hash Batches": 1, "Peak Memory Usage": 260, "Plans": [{"Node Type": "Seq Scan", "Parent Relationship": "Outer", "Parallel Aware": false, "Relation Name": "supplier", "Schema": "public", "Alias": "supplier", "Startup Cost": 0.0, "Total Cost": 161.0, "Plan Rows": 5000, "Plan Width": 8, "Actual Startup Time": 0.009, "Actual Total Time": 4.017, "Actual Rows": 5000, "Actual Loops": 1, "Output": ["supplier.s_suppkey", "supplier.s_nationkey"]}]}]}]}]}, "Planning Time": 3.107, "Triggers": [], "Execution Time": 1559.165}]
q13#####[{"Plan": {"Node Type": "Sort", "Parallel Aware": false, "Startup Cost": 139976.16, "Total Cost": 140045.38, "Plan Rows": 27687, "Plan Width": 205, "Actual Startup Time": 1736.085, "Actual Total Time": 1740.735, "Actual Rows": 18769, "Actual Loops": 1, "Output": ["customer.c_custkey", "customer.c_name", "(sum((lineitem.l_extendedprice * ('1'::numeric - lineitem.l_discount))))", "customer.c_acctbal", "nation.n_name", "customer.c_address", "customer.c_phone", "customer.c_comment"], "Sort Key": ["(sum((lineitem.l_extendedprice * ('1'::numeric - lineitem.l_discount)))) DESC"], "Sort Method": "external merge", "Sort Space Used": 3184, "Sort Space Type": "Disk", "Plans": [{"Node Type": "Aggregate", "Strategy": "Sorted", "Partial Mode": "Simple", "Parent Relationship": "Outer", "Parallel Aware": false, "Startup Cost": 134078.3, "Total Cost": 135185.78, "Plan Rows": 27687, "Plan Width": 205, "Actual Startup Time": 1643.94, "Actual Total Time": 1710.31, "Actual Rows": 18769, "Actual Loops": 1, "Output": ["customer.c_custkey", "customer.c_name", "sum((lineitem.l_extendedprice * ('1'::numeric - lineitem.l_discount)))", "customer.c_acctbal", "nation.n_name", "customer.c_address", "customer.c_phone", "customer.c_comment"], "Group Key": ["customer.c_custkey", "customer.c_name", "customer.c_acctbal", "customer.c_phone", "nation.n_name", "customer.c_address", "customer.c_comment"], "Plans": [{"Node Type": "Sort", "Parent Relationship": "Outer", "Parallel Aware": false, "Startup Cost": 134078.3, "Total Cost": 134147.52, "Plan Rows": 27687, "Plan Width": 185, "Actual Startup Time": 1643.9, "Actual Total Time": 1655.741, "Actual Rows": 56621, "Actual Loops": 1, "Output": ["customer.c_custkey", "customer.c_name", "customer.c_acctbal", "nation.n_name", "customer.c_address", "customer.c_phone", "customer.c_comment", "lineitem.l_extendedprice", "lineitem.l_discount"], "Sort Key": ["customer.c_custkey", "customer.c_name", "customer.c_acctbal", "customer.c_phone", "nation.n_name", "customer.c_address", "customer.c_comment"], "Sort Method": "external merge", "Sort Space Used": 9848, "Sort Space Type": "Disk", "Plans": [{"Node Type": "Hash Join", "Parent Relationship": "Outer", "Parallel Aware": false, "Join Type": "Inner", "Startup Cost": 30179.47, "Total Cost": 129476.93, "Plan Rows": 27687, "Plan Width": 185, "Actual Startup Time": 320.923, "Actual Total Time": 1558.789, "Actual Rows": 56621, "Actual Loops": 1, "Output": ["customer.c_custkey", "customer.c_name", "customer.c_acctbal", "nation.n_name", "customer.c_address", "customer.c_phone", "customer.c_comment", "lineitem.l_extendedprice", "lineitem.l_discount"], "Inner Unique": false, "Hash Cond": "(orders.o_custkey = customer.c_custkey)", "Plans": [{"Node Type": "Hash Join", "Parent Relationship": "Outer", "Parallel Aware": false, "Join Type": "Inner", "Startup Cost": 24646.99, "Total Cost": 121459.75, "Plan Rows": 27687, "Plan Width": 16, "Actual Startup Time": 157.426, "Actual Total Time": 1283.283, "Actual Rows": 56621, "Actual Loops": 1, "Output": ["orders.o_custkey", "lineitem.l_extendedprice", "lineitem.l_discount"], "Inner Unique": false, "Hash Cond": "(lineitem.l_orderkey = orders.o_orderkey)", "Plans": [{"Node Type": "Seq Scan", "Parent Relationship": "Outer", "Parallel Aware": false, "Relation Name": "lineitem", "Schema": "public", "Alias": "lineitem", "Startup Cost": 0.0, "Total Cost": 93730.69, "Plan Rows": 748054, "Plan Width": 16, "Actual Startup Time": 0.034, "Actual Total Time": 991.893, "Actual Rows": 739563, "Actual Loops": 1, "Output": ["lineitem.l_orderkey", "lineitem.l_partkey", "lineitem.l_suppkey", "lineitem.l_linenumber", "lineitem.l_quantity", "lineitem.l_extendedprice", "lineitem.l_discount", "lineitem.l_tax", "lineitem.l_returnflag", "lineitem.l_linestatus", "lineitem.l_shipdate", "lineitem.l_commitdate", "lineitem.l_receiptdate", "lineitem.l_shipinstruct", "lineitem.l_shipmode", "lineitem.l_comment"], "Filter": "(lineitem.l_returnflag = 'R'::bpchar)", "Rows Removed by Filter": 2260108}, {"Node Type": "Hash", "Parent Relationship": "Inner", "Parallel Aware": false, "Startup Cost": 24300.0, "Total Cost": 24300.0, "Plan Rows": 27759, "Plan Width": 8, "Actual Startup Time": 156.594, "Actual Total Time": 156.597, "Actual Rows": 28243, "Actual Loops": 1, "Output": ["orders.o_custkey", "orders.o_orderkey"], "Hash Buckets": 32768, "Original Hash Buckets": 32768, "Hash Batches": 1, "Original Hash Batches": 1, "Peak Memory Usage": 1360, "Plans": [{"Node Type": "Seq Scan", "Parent Relationship": "Outer", "Parallel Aware": false, "Relation Name": "orders", "Schema": "public", "Alias": "orders", "Startup Cost": 0.0, "Total Cost": 24300.0, "Plan Rows": 27759, "Plan Width": 8, "Actual Startup Time": 0.023, "Actual Total Time": 147.954, "Actual Rows": 28243, "Actual Loops": 1, "Output": ["orders.o_custkey", "orders.o_orderkey"], "Filter": "((orders.o_orderdate >= '1994-09-02'::date) AND (orders.o_orderdate < '1994-12-02 00:00:00'::timestamp without time zone))", "Rows Removed by Filter": 721757}]}]}, {"Node Type": "Hash", "Parent Relationship": "Inner", "Parallel Aware": false, "Startup Cost": 2762.99, "Total Cost": 2762.99, "Plan Rows": 75000, "Plan Width": 173, "Actual Startup Time": 144.037, "Actual Total Time": 144.158, "Actual Rows": 75000, "Actual Loops": 1, "Output": ["customer.c_custkey", "customer.c_name", "customer.c_acctbal", "customer.c_address", "customer.c_phone", "customer.c_comment", "nation.n_name"], "Hash Buckets": 32768, "Original Hash Buckets": 32768, "Hash Batches": 8, "Original Hash Batches": 8, "Peak Memory Usage": 1984, "Plans": [{"Node Type": "Hash Join", "Parent Relationship": "Outer", "Parallel Aware": false, "Join Type": "Inner", "Startup Cost": 21.48, "Total Cost": 2762.99, "Plan Rows": 75000, "Plan Width": 173, "Actual Startup Time": 0.053, "Actual Total Time": 59.918, "Actual Rows": 75000, "Actual Loops": 1, "Output": ["customer.c_custkey", "customer.c_name", "customer.c_acctbal", "customer.c_address", "customer.c_phone", "customer.c_comment", "nation.n_name"], "Inner Unique": true, "Hash Cond": "(customer.c_nationkey = nation.n_nationkey)", "Plans": [{"Node Type": "Seq Scan", "Parent Relationship": "Outer", "Parallel Aware": false, "Relation Name": "customer", "Schema": "public", "Alias": "customer", "Startup Cost": 0.0, "Total Cost": 2543.0, "Plan Rows": 75000, "Plan Width": 148, "Actual Startup Time": 0.011, "Actual Total Time": 15.249, "Actual Rows": 75000, "Actual Loops": 1, "Output": ["customer.c_custkey", "customer.c_name", "customer.c_address", "customer.c_nationkey", "customer.c_phone", "customer.c_acctbal", "customer.c_mktsegment", "customer.c_comment"]}, {"Node Type": "Hash", "Parent Relationship": "Inner", "Parallel Aware": false, "Startup Cost": 15.1, "Total Cost": 15.1, "Plan Rows": 510, "Plan Width": 33, "Actual Startup Time": 0.014, "Actual Total Time": 0.016, "Actual Rows": 25, "Actual Loops": 1, "Output": ["nation.n_name", "nation.n_nationkey"], "Hash Buckets": 1024, "Original Hash Buckets": 1024, "Hash Batches": 1, "Original Hash Batches": 1, "Peak Memory Usage": 10, "Plans": [{"Node Type": "Seq Scan", "Parent Relationship": "Outer", "Parallel Aware": false, "Relation Name": "nation", "Schema": "public", "Alias": "nation", "Startup Cost": 0.0, "Total Cost": 15.1, "Plan Rows": 510, "Plan Width": 33, "Actual Startup Time": 0.005, "Actual Total Time": 0.007, "Actual Rows": 25, "Actual Loops": 1, "Output": ["nation.n_name", "nation.n_nationkey"]}]}]}]}]}]}]}]}, "Planning Time": 0.474, "Triggers": [], "Execution Time": 1744.909}]
q14#####[{"Plan": {"Node Type": "Sort", "Parallel Aware": false, "Startup Cost": 139368.31, "Total Cost": 139434.08, "Plan Rows": 26309, "Plan Width": 205, "Actual Startup Time": 1570.022, "Actual Total Time": 1571.84, "Actual Rows": 17789, "Actual Loops": 1, "Output": ["customer.c_custkey", "customer.c_name", "(sum((lineitem.l_extendedprice * ('1'::numeric - lineitem.l_discount))))", "customer.c_acctbal", "nation.n_name", "customer.c_address", "customer.c_phone", "customer.c_comment"], "Sort Key": ["(sum((lineitem.l_extendedprice * ('1'::numeric - lineitem.l_discount)))) DESC"], "Sort Method": "external merge", "Sort Space Used": 3024, "Sort Space Type": "Disk", "Plans": [{"Node Type": "Aggregate", "Strategy": "Sorted", "Partial Mode": "Simple", "Parent Relationship": "Outer", "Parallel Aware": false, "Startup Cost": 133773.44, "Total Cost": 134825.8, "Plan Rows": 26309, "Plan Width": 205, "Actual Startup Time": 1506.474, "Actual Total Time": 1552.862, "Actual Rows": 17789, "Actual Loops": 1, "Output": ["customer.c_custkey", "customer.c_name", "sum((lineitem.l_extendedprice * ('1'::numeric - lineitem.l_discount)))", "customer.c_acctbal", "nation.n_name", "customer.c_address", "customer.c_phone", "customer.c_comment"], "Group Key": ["customer.c_custkey", "customer.c_name", "customer.c_acctbal", "customer.c_phone", "nation.n_name", "customer.c_address", "customer.c_comment"], "Plans": [{"Node Type": "Sort", "Parent Relationship": "Outer", "Parallel Aware": false, "Startup Cost": 133773.44, "Total Cost": 133839.21, "Plan Rows": 26309, "Plan Width": 185, "Actual Startup Time": 1506.448, "Actual Total Time": 1515.459, "Actual Rows": 47368, "Actual Loops": 1, "Output": ["customer.c_custkey", "customer.c_name", "customer.c_acctbal", "nation.n_name", "customer.c_address", "customer.c_phone", "customer.c_comment", "lineitem.l_extendedprice", "lineitem.l_discount"], "Sort Key": ["customer.c_custkey", "customer.c_name", "customer.c_acctbal", "customer.c_phone", "nation.n_name", "customer.c_address", "customer.c_comment"], "Sort Method": "external merge", "Sort Space Used": 8240, "Sort Space Type": "Disk", "Plans": [{"Node Type": "Hash Join", "Parent Relationship": "Outer", "Parallel Aware": false, "Join Type": "Inner", "Startup Cost": 30162.2, "Total Cost": 129412.93, "Plan Rows": 26309, "Plan Width": 185, "Actual Startup Time": 319.643, "Actual Total Time": 1435.814, "Actual Rows": 47368, "Actual Loops": 1, "Output": ["customer.c_custkey", "customer.c_name", "customer.c_acctbal", "nation.n_name", "customer.c_address", "customer.c_phone", "customer.c_comment", "lineitem.l_extendedprice", "lineitem.l_discount"], "Inner Unique": false, "Hash Cond": "(orders.o_custkey = customer.c_custkey)", "Plans": [{"Node Type": "Hash Join", "Parent Relationship": "Outer", "Parallel Aware": false, "Join Type": "Inner", "Startup Cost": 24629.71, "Total Cost": 121428.69, "Plan Rows": 26309, "Plan Width": 16, "Actual Startup Time": 248.828, "Actual Total Time": 1285.381, "Actual Rows": 47368, "Actual Loops": 1, "Output": ["orders.o_custkey", "lineitem.l_extendedprice", "lineitem.l_discount"], "Inner Unique": false, "Hash Cond": "(lineitem.l_orderkey = orders.o_orderkey)", "Plans": [{"Node Type": "Seq Scan", "Parent Relationship": "Outer", "Parallel Aware": false, "Relation Name": "lineitem", "Schema": "public", "Alias": "lineitem", "Startup Cost": 0.0, "Total Cost": 93730.69, "Plan Rows": 748054, "Plan Width": 16, "Actual Startup Time": 0.022, "Actual Total Time": 927.133, "Actual Rows": 739563, "Actual Loops": 1, "Output": ["lineitem.l_orderkey", "lineitem.l_partkey", "lineitem.l_suppkey", "lineitem.l_linenumber", "lineitem.l_quantity", "lineitem.l_extendedprice", "lineitem.l_discount", "lineitem.l_tax", "lineitem.l_returnflag", "lineitem.l_linestatus", "lineitem.l_shipdate", "lineitem.l_commitdate", "lineitem.l_receiptdate", "lineitem.l_shipinstruct", "lineitem.l_shipmode", "lineitem.l_comment"], "Filter": "(lineitem.l_returnflag = 'R'::bpchar)", "Rows Removed by Filter": 2260108}, {"Node Type": "Hash", "Parent Relationship": "Inner", "Parallel Aware": false, "Startup Cost": 24300.0, "Total Cost": 24300.0, "Plan Rows": 26377, "Plan Width": 8, "Actual Startup Time": 248.566, "Actual Total Time": 248.566, "Actual Rows": 28396, "Actual Loops": 1, "Output": ["orders.o_custkey", "orders.o_orderkey"], "Hash Buckets": 32768, "Original Hash Buckets": 32768, "Hash Batches": 1, "Original Hash Batches": 1, "Peak Memory Usage": 1366, "Plans": [{"Node Type": "Seq Scan", "Parent Relationship": "Outer", "Parallel Aware": false, "Relation Name": "orders", "Schema": "public", "Alias": "orders", "Startup Cost": 0.0, "Total Cost": 24300.0, "Plan Rows": 26377, "Plan Width": 8, "Actual Startup Time": 0.017, "Actual Total Time": 238.655, "Actual Rows": 28396, "Actual Loops": 1, "Output": ["orders.o_custkey", "orders.o_orderkey"], "Filter": "((orders.o_orderdate >= '1995-01-01'::date) AND (orders.o_orderdate < '1995-04-01 00:00:00'::timestamp without time zone))", "Rows Removed by Filter": 721604}]}]}, {"Node Type": "Hash", "Parent Relationship": "Inner", "Parallel Aware": false, "Startup Cost": 2762.99, "Total Cost": 2762.99, "Plan Rows": 75000, "Plan Width": 173, "Actual Startup Time": 64.239, "Actual Total Time": 64.252, "Actual Rows": 75000, "Actual Loops": 1, "Output": ["customer.c_custkey", "customer.c_name", "customer.c_acctbal", "customer.c_address", "customer.c_phone", "customer.c_comment", "nation.n_name"], "Hash Buckets": 32768, "Original Hash Buckets": 32768, "Hash Batches": 8, "Original Hash Batches": 8, "Peak Memory Usage": 1984, "Plans": [{"Node Type": "Hash Join", "Parent Relationship": "Outer", "Parallel Aware": false, "Join Type": "Inner", "Startup Cost": 21.48, "Total Cost": 2762.99, "Plan Rows": 75000, "Plan Width": 173, "Actual Startup Time": 0.019, "Actual Total Time": 21.003, "Actual Rows": 75000, "Actual Loops": 1, "Output": ["customer.c_custkey", "customer.c_name", "customer.c_acctbal", "customer.c_address", "customer.c_phone", "customer.c_comment", "nation.n_name"], "Inner Unique": true, "Hash Cond": "(customer.c_nationkey = nation.n_nationkey)", "Plans": [{"Node Type": "Seq Scan", "Parent Relationship": "Outer", "Parallel Aware": false, "Relation Name": "customer", "Schema": "public", "Alias": "customer", "Startup Cost": 0.0, "Total Cost": 2543.0, "Plan Rows": 75000, "Plan Width": 148, "Actual Startup Time": 0.005, "Actual Total Time": 5.291, "Actual Rows": 75000, "Actual Loops": 1, "Output": ["customer.c_custkey", "customer.c_name", "customer.c_address", "customer.c_nationkey", "customer.c_phone", "customer.c_acctbal", "customer.c_mktsegment", "customer.c_comment"]}, {"Node Type": "Hash", "Parent Relationship": "Inner", "Parallel Aware": false, "Startup Cost": 15.1, "Total Cost": 15.1, "Plan Rows": 510, "Plan Width": 33, "Actual Startup Time": 0.008, "Actual Total Time": 0.011, "Actual Rows": 25, "Actual Loops": 1, "Output": ["nation.n_name", "nation.n_nationkey"], "Hash Buckets": 1024, "Original Hash Buckets": 1024, "Hash Batches": 1, "Original Hash Batches": 1, "Peak Memory Usage": 10, "Plans": [{"Node Type": "Seq Scan", "Parent Relationship": "Outer", "Parallel Aware": false, "Relation Name": "nation", "Schema": "public", "Alias": "nation", "Startup Cost": 0.0, "Total Cost": 15.1, "Plan Rows": 510, "Plan Width": 33, "Actual Startup Time": 0.004, "Actual Total Time": 0.005, "Actual Rows": 25, "Actual Loops": 1, "Output": ["nation.n_name", "nation.n_nationkey"]}]}]}]}]}]}]}]}, "Planning Time": 1.305, "Triggers": [], "Execution Time": 1575.051}]
q15#####[{"Plan": {"Node Type": "Aggregate", "Strategy": "Sorted", "Partial Mode": "Simple", "Parallel Aware": false, "Startup Cost": 129332.86, "Total Cost": 129334.39, "Plan Rows": 34, "Plan Width": 40, "Actual Startup Time": 1111.148, "Actual Total Time": 1111.45, "Actual Rows": 2, "Actual Loops": 1, "Output": ["(date_part('year'::text, (orders.o_orderdate)::timestamp without time zone))", "(sum(CASE WHEN ((n2.n_name)::text = 'EGYPT'::text) THEN (lineitem.l_extendedprice * ('1'::numeric - lineitem.l_discount)) ELSE '0'::numeric END) / sum((lineitem.l_extendedprice * ('1'::numeric - lineitem.l_discount))))"], "Group Key": ["(date_part('year'::text, (orders.o_orderdate)::timestamp without time zone))"], "Plans": [{"Node Type": "Sort", "Parent Relationship": "Outer", "Parallel Aware": false, "Startup Cost": 129332.86, "Total Cost": 129332.95, "Plan Rows": 34, "Plan Width": 49, "Actual Startup Time": 1110.781, "Actual Total Time": 1110.882, "Actual Rows": 1208, "Actual Loops": 1, "Output": ["(date_part('year'::text, (orders.o_orderdate)::timestamp without time zone))", "n2.n_name", "lineitem.l_extendedprice", "lineitem.l_discount"], "Sort Key": ["(date_part('year'::text, (orders.o_orderdate)::timestamp without time zone))"], "Sort Method": "quicksort", "Sort Space Used": 143, "Sort Space Type": "Memory", "Plans": [{"Node Type": "Nested Loop", "Parent Relationship": "Outer", "Parallel Aware": false, "Join Type": "Inner", "Startup Cost": 31571.3, "Total Cost": 129332.0, "Plan Rows": 34, "Plan Width": 49, "Actual Startup Time": 346.142, "Actual Total Time": 1109.991, "Actual Rows": 1208, "Actual Loops": 1, "Output": ["date_part('year'::text, (orders.o_orderdate)::timestamp without time zone)", "n2.n_name", "lineitem.l_extendedprice", "lineitem.l_discount"], "Inner Unique": true, "Plans": [{"Node Type": "Hash Join", "Parent Relationship": "Outer", "Parallel Aware": false, "Join Type": "Inner", "Startup Cost": 31571.15, "Total Cost": 129325.89, "Plan Rows": 34, "Plan Width": 20, "Actual Startup Time": 346.106, "Actual Total Time": 1102.933, "Actual Rows": 1208, "Actual Loops": 1, "Output": ["lineitem.l_extendedprice", "lineitem.l_discount", "supplier.s_nationkey", "orders.o_orderdate"], "Inner Unique": false, "Hash Cond": "(lineitem.l_suppkey = supplier.s_suppkey)", "Plans": [{"Node Type": "Hash Join", "Parent Relationship": "Outer", "Parallel Aware": false, "Join Type": "Inner", "Startup Cost": 31347.65, "Total Cost": 129101.92, "Plan Rows": 34, "Plan Width": 20, "Actual Startup Time": 344.82, "Actual Total Time": 1100.766, "Actual Rows": 1208, "Actual Loops": 1, "Output": ["lineitem.l_extendedprice", "lineitem.l_discount", "lineitem.l_suppkey", "orders.o_orderdate"], "Inner Unique": false, "Hash Cond": "(lineitem.l_orderkey = orders.o_orderkey)", "Plans": [{"Node Type": "Hash Join", "Parent Relationship": "Outer", "Parallel Aware": false, "Join Type": "Inner", "Startup Cost": 3306.29, "Total Cost": 100985.63, "Plan Rows": 19889, "Plan Width": 20, "Actual Startup Time": 136.957, "Actual Total Time": 885.089, "Actual Rows": 19632, "Actual Loops": 1, "Output": ["lineitem.l_extendedprice", "lineitem.l_discount", "lineitem.l_suppkey", "lineitem.l_orderkey"], "Inner Unique": false, "Hash Cond": "(lineitem.l_partkey = part.p_partkey)", "Plans": [{"Node Type": "Seq Scan", "Parent Relationship": "Outer", "Parallel Aware": false, "Relation Name": "lineitem", "Schema": "public", "Alias": "lineitem", "Startup Cost": 0.0, "Total Cost": 86231.15, "Plan Rows": 2999815, "Plan Width": 24, "Actual Startup Time": 0.016, "Actual Total Time": 464.205, "Actual Rows": 2999671, "Actual Loops": 1, "Output": ["lineitem.l_orderkey", "lineitem.l_partkey", "lineitem.l_suppkey", "lineitem.l_linenumber", "lineitem.l_quantity", "lineitem.l_extendedprice", "lineitem.l_discount", "lineitem.l_tax", "lineitem.l_returnflag", "lineitem.l_linestatus", "lineitem.l_shipdate", "lineitem.l_commitdate", "lineitem.l_receiptdate", "lineitem.l_shipinstruct", "lineitem.l_shipmode", "lineitem.l_comment"]}, {"Node Type": "Hash", "Parent Relationship": "Inner", "Parallel Aware": false, "Startup Cost": 3298.0, "Total Cost": 3298.0, "Plan Rows": 663, "Plan Width": 4, "Actual Startup Time": 136.859, "Actual Total Time": 136.86, "Actual Rows": 660, "Actual Loops": 1, "Output": ["part.p_partkey"], "Hash Buckets": 1024, "Original Hash Buckets": 1024, "Hash Batches": 1, "Original Hash Batches": 1, "Peak Memory Usage": 32, "Plans": [{"Node Type": "Seq Scan", "Parent Relationship": "Outer", "Parallel Aware": false, "Relation Name": "part", "Schema": "public", "Alias": "part", "Startup Cost": 0.0, "Total Cost": 3298.0, "Plan Rows": 663, "Plan Width": 4, "Actual Startup Time": 0.025, "Actual Total Time": 136.3, "Actual Rows": 660, "Actual Loops": 1, "Output": ["part.p_partkey"], "Filter": "((part.p_type)::text = 'STANDARD ANODIZED STEEL'::text)", "Rows Removed by Filter": 99340}]}]}, {"Node Type": "Hash", "Parent Relationship": "Inner", "Parallel Aware": false, "Startup Cost": 28025.12, "Total Cost": 28025.12, "Plan Rows": 1300, "Plan Width": 8, "Actual Startup Time": 207.79, "Actual Total Time": 207.804, "Actual Rows": 45208, "Actual Loops": 1, "Output": ["orders.o_orderdate", "orders.o_orderkey"], "Hash Buckets": 65536, "Original Hash Buckets": 2048, "Hash Batches": 1, "Original Hash Batches": 1, "Peak Memory Usage": 2278, "Plans": [{"Node Type": "Hash Join", "Parent Relationship": "Outer", "Parallel Aware": false, "Join Type": "Inner", "Startup Cost": 2867.1, "Total Cost": 28025.12, "Plan Rows": 1300, "Plan Width": 8, "Actual Startup Time": 24.481, "Actual Total Time": 200.114, "Actual Rows": 45208, "Actual Loops": 1, "Output": ["orders.o_orderdate", "orders.o_orderkey"], "Inner Unique": false, "Hash Cond": "(orders.o_custkey = customer.c_custkey)", "Plans": [{"Node Type": "Seq Scan", "Parent Relationship": "Outer", "Parallel Aware": false, "Relation Name": "orders", "Schema": "public", "Alias": "orders", "Startup Cost": 0.0, "Total Cost": 24300.0, "Plan Rows": 225336, "Plan Width": 12, "Actual Startup Time": 0.026, "Actual Total Time": 135.012, "Actual Rows": 228641, "Actual Loops": 1, "Output": ["orders.o_orderkey", "orders.o_custkey", "orders.o_orderstatus", "orders.o_totalprice", "orders.o_orderdate", "orders.o_orderpriority", "orders.o_clerk", "orders.o_shippriority", "orders.o_comment"], "Filter": "((orders.o_orderdate >= '1995-01-01'::date) AND (orders.o_orderdate <= '1996-12-31'::date))", "Rows Removed by Filter": 521359}, {"Node Type": "Hash", "Parent Relationship": "Inner", "Parallel Aware": false, "Startup Cost": 2861.68, "Total Cost": 2861.68, "Plan Rows": 433, "Plan Width": 4, "Actual Startup Time": 24.402, "Actual Total Time": 24.41, "Actual Rows": 14946, "Actual Loops": 1, "Output": ["customer.c_custkey"], "Hash Buckets": 16384, "Original Hash Buckets": 1024, "Hash Batches": 1, "Original Hash Batches": 1, "Peak Memory Usage": 654, "Plans": [{"Node Type": "Hash Join", "Parent Relationship": "Outer", "Parallel Aware": false, "Join Type": "Inner", "Startup Cost": 33.02, "Total Cost": 2861.68, "Plan Rows": 433, "Plan Width": 4, "Actual Startup Time": 0.111, "Actual Total Time": 19.603, "Actual Rows": 14946, "Actual Loops": 1, "Output": ["customer.c_custkey"], "Inner Unique": false, "Hash Cond": "(customer.c_nationkey = n1.n_nationkey)", "Plans": [{"Node Type": "Seq Scan", "Parent Relationship": "Outer", "Parallel Aware": false, "Relation Name": "customer", "Schema": "public", "Alias": "customer", "Startup Cost": 0.0, "Total Cost": 2543.0, "Plan Rows": 75000, "Plan Width": 8, "Actual Startup Time": 0.008, "Actual Total Time": 7.006, "Actual Rows": 75000, "Actual Loops": 1, "Output": ["customer.c_custkey", "customer.c_name", "customer.c_address", "customer.c_nationkey", "customer.c_phone", "customer.c_acctbal", "customer.c_mktsegment", "customer.c_comment"]}, {"Node Type": "Hash", "Parent Relationship": "Inner", "Parallel Aware": false, "Startup Cost": 32.99, "Total Cost": 32.99, "Plan Rows": 3, "Plan Width": 4, "Actual Startup Time": 0.078, "Actual Total Time": 0.083, "Actual Rows": 5, "Actual Loops": 1, "Output": ["n1.n_nationkey"], "Hash Buckets": 1024, "Original Hash Buckets": 1024, "Hash Batches": 1, "Original Hash Batches": 1, "Peak Memory Usage": 9, "Plans": [{"Node Type": "Hash Join", "Parent Relationship": "Outer", "Parallel Aware": false, "Join Type": "Inner", "Startup Cost": 16.54, "Total Cost": 32.99, "Plan Rows": 3, "Plan Width": 4, "Actual Startup Time": 0.07, "Actual Total Time": 0.077, "Actual Rows": 5, "Actual Loops": 1, "Output": ["n1.n_nationkey"], "Inner Unique": true, "Hash Cond": "(n1.n_regionkey = region.r_regionkey)", "Plans": [{"Node Type": "Seq Scan", "Parent Relationship": "Outer", "Parallel Aware": false, "Relation Name": "nation", "Schema": "public", "Alias": "n1", "Startup Cost": 0.0, "Total Cost": 15.1, "Plan Rows": 510, "Plan Width": 8, "Actual Startup Time": 0.004, "Actual Total Time": 0.006, "Actual Rows": 25, "Actual Loops": 1, "Output": ["n1.n_nationkey", "n1.n_name", "n1.n_regionkey", "n1.n_comment"]}, {"Node Type": "Hash", "Parent Relationship": "Inner", "Parallel Aware": false, "Startup Cost": 16.5, "Total Cost": 16.5, "Plan Rows": 3, "Plan Width": 4, "Actual Startup Time": 0.027, "Actual Total Time": 0.028, "Actual Rows": 1, "Actual Loops": 1, "Output": ["region.r_regionkey"], "Hash Buckets": 1024, "Original Hash Buckets": 1024, "Hash Batches": 1, "Original Hash Batches": 1, "Peak Memory Usage": 9, "Plans": [{"Node Type": "Seq Scan", "Parent Relationship": "Outer", "Parallel Aware": false, "Relation Name": "region", "Schema": "public", "Alias": "region", "Startup Cost": 0.0, "Total Cost": 16.5, "Plan Rows": 3, "Plan Width": 4, "Actual Startup Time": 0.019, "Actual Total Time": 0.019, "Actual Rows": 1, "Actual Loops": 1, "Output": ["region.r_regionkey"], "Filter": "((region.r_name)::text = 'MIDDLE EAST'::text)", "Rows Removed by Filter": 4}]}]}]}]}]}]}]}]}, {"Node Type": "Hash", "Parent Relationship": "Inner", "Parallel Aware": false, "Startup Cost": 161.0, "Total Cost": 161.0, "Plan Rows": 5000, "Plan Width": 8, "Actual Startup Time": 1.218, "Actual Total Time": 1.219, "Actual Rows": 5000, "Actual Loops": 1, "Output": ["supplier.s_suppkey", "supplier.s_nationkey"], "Hash Buckets": 8192, "Original Hash Buckets": 8192, "Hash Batches": 1, "Original Hash Batches": 1, "Peak Memory Usage": 260, "Plans": [{"Node Type": "Seq Scan", "Parent Relationship": "Outer", "Parallel Aware": false, "Relation Name": "supplier", "Schema": "public", "Alias": "supplier", "Startup Cost": 0.0, "Total Cost": 161.0, "Plan Rows": 5000, "Plan Width": 8, "Actual Startup Time": 0.004, "Actual Total Time": 0.589, "Actual Rows": 5000, "Actual Loops": 1, "Output": ["supplier.s_suppkey", "supplier.s_nationkey"]}]}]}, {"Node Type": "Index Scan", "Parent Relationship": "Inner", "Parallel Aware": false, "Scan Direction": "Forward", "Index Name": "nation_pkey", "Relation Name": "nation", "Schema": "public", "Alias": "n2", "Startup Cost": 0.15, "Total Cost": 0.17, "Plan Rows": 1, "Plan Width": 33, "Actual Startup Time": 0.005, "Actual Total Time": 0.005, "Actual Rows": 1, "Actual Loops": 1208, "Output": ["n2.n_nationkey", "n2.n_name", "n2.n_regionkey", "n2.n_comment"], "Index Cond": "(n2.n_nationkey = supplier.s_nationkey)", "Rows Removed by Index Recheck": 0}]}]}]}, "Planning Time": 4.388, "Triggers": [], "Execution Time": 1111.834}]
q16#####[{"Plan": {"Node Type": "Sort", "Parallel Aware": false, "Startup Cost": 125310.21, "Total Cost": 125310.47, "Plan Rows": 103, "Plan Width": 61, "Actual Startup Time": 1393.571, "Actual Total Time": 1393.648, "Actual Rows": 5, "Actual Loops": 1, "Output": ["nation.n_name", "(sum((lineitem.l_extendedprice * ('1'::numeric - lineitem.l_discount))))"], "Sort Key": ["(sum((lineitem.l_extendedprice * ('1'::numeric - lineitem.l_discount)))) DESC"], "Sort Method": "quicksort", "Sort Space Used": 25, "Sort Space Type": "Memory", "Plans": [{"Node Type": "Aggregate", "Strategy": "Sorted", "Partial Mode": "Simple", "Parent Relationship": "Outer", "Parallel Aware": false, "Startup Cost": 125304.19, "Total Cost": 125306.77, "Plan Rows": 103, "Plan Width": 61, "Actual Startup Time": 1392.976, "Actual Total Time": 1393.613, "Actual Rows": 5, "Actual Loops": 1, "Output": ["nation.n_name", "sum((lineitem.l_extendedprice * ('1'::numeric - lineitem.l_discount)))"], "Group Key": ["nation.n_name"], "Plans": [{"Node Type": "Sort", "Parent Relationship": "Outer", "Parallel Aware": false, "Startup Cost": 125304.19, "Total Cost": 125304.45, "Plan Rows": 103, "Plan Width": 41, "Actual Startup Time": 1392.757, "Actual Total Time": 1392.953, "Actual Rows": 3551, "Actual Loops": 1, "Output": ["nation.n_name", "lineitem.l_extendedprice", "lineitem.l_discount"], "Sort Key": ["nation.n_name"], "Sort Method": "quicksort", "Sort Space Used": 373, "Sort Space Type": "Memory", "Plans": [{"Node Type": "Hash Join", "Parent Relationship": "Outer", "Parallel Aware": false, "Join Type": "Inner", "Startup Cost": 27774.17, "Total Cost": 125300.75, "Plan Rows": 103, "Plan Width": 41, "Actual Startup Time": 178.918, "Actual Total Time": 1386.026, "Actual Rows": 3551, "Actual Loops": 1, "Output": ["nation.n_name", "lineitem.l_extendedprice", "lineitem.l_discount"], "Inner Unique": false, "Hash Cond": "((lineitem.l_suppkey = supplier.s_suppkey) AND (customer.c_nationkey = supplier.s_nationkey))", "Plans": [{"Node Type": "Hash Join", "Parent Relationship": "Outer", "Parallel Aware": false, "Join Type": "Inner", "Startup Cost": 27538.17, "Total Cost": 125044.38, "Plan Rows": 2578, "Plan Width": 53, "Actual Startup Time": 173.634, "Actual Total Time": 1364.764, "Actual Rows": 90143, "Actual Loops": 1, "Output": ["customer.c_nationkey", "lineitem.l_extendedprice", "lineitem.l_discount", "lineitem.l_suppkey", "nation.n_name", "nation.n_nationkey"], "Inner Unique": false, "Hash Cond": "(lineitem.l_orderkey = orders.o_orderkey)", "Plans": [{"Node Type": "Seq Scan", "Parent Relationship": "Outer", "Parallel Aware": false, "Relation Name": "lineitem", "Schema": "public", "Alias": "lineitem", "Startup Cost": 0.0, "Total Cost": 86231.15, "Plan Rows": 2999815, "Plan Width": 20, "Actual Startup Time": 0.019, "Actual Total Time": 844.071, "Actual Rows": 2999671, "Actual Loops": 1, "Output": ["lineitem.l_orderkey", "lineitem.l_partkey", "lineitem.l_suppkey", "lineitem.l_linenumber", "lineitem.l_quantity", "lineitem.l_extendedprice", "lineitem.l_discount", "lineitem.l_tax", "lineitem.l_returnflag", "lineitem.l_linestatus", "lineitem.l_shipdate", "lineitem.l_commitdate", "lineitem.l_receiptdate", "lineitem.l_shipinstruct", "lineitem.l_shipmode", "lineitem.l_comment"]}, {"Node Type": "Hash", "Parent Relationship": "Inner", "Parallel Aware": false, "Startup Cost": 27530.12, "Total Cost": 27530.12, "Plan Rows": 644, "Plan Width": 41, "Actual Startup Time": 173.558, "Actual Total Time": 173.63, "Actual Rows": 22550, "Actual Loops": 1, "Output": ["customer.c_nationkey", "orders.o_orderkey", "nation.n_name", "nation.n_nationkey"], "Hash Buckets": 32768, "Original Hash Buckets": 1024, "Hash Batches": 1, "Original Hash Batches": 1, "Peak Memory Usage": 1437, "Plans": [{"Node Type": "Hash Join", "Parent Relationship": "Outer", "Parallel Aware": false, "Join Type": "Inner", "Startup Cost": 2804.78, "Total Cost": 27530.12, "Plan Rows": 644, "Plan Width": 41, "Actual Startup Time": 40.095, "Actual Total Time": 156.904, "Actual Rows": 22550, "Actual Loops": 1, "Output": ["customer.c_nationkey", "orders.o_orderkey", "nation.n_name", "nation.n_nationkey"], "Inner Unique": false, "Hash Cond": "(orders.o_custkey = customer.c_custkey)", "Plans": [{"Node Type": "Seq Scan", "Parent Relationship": "Outer", "Parallel Aware": false, "Relation Name": "orders", "Schema": "public", "Alias": "orders", "Startup Cost": 0.0, "Total Cost": 24300.0, "Plan Rows": 111704, "Plan Width": 8, "Actual Startup Time": 0.011, "Actual Total Time": 92.953, "Actual Rows": 113997, "Actual Loops": 1, "Output": ["orders.o_orderkey", "orders.o_custkey", "orders.o_orderstatus", "orders.o_totalprice", "orders.o_orderdate", "orders.o_orderpriority", "orders.o_clerk", "orders.o_shippriority", "orders.o_comment"], "Filter": "((orders.o_orderdate >= '1994-01-01'::date) AND (orders.o_orderdate < '1995-01-01 00:00:00'::timestamp without time zone))", "Rows Removed by Filter": 636003}, {"Node Type": "Hash", "Parent Relationship": "Inner", "Parallel Aware": false, "Startup Cost": 2799.37, "Total Cost": 2799.37, "Plan Rows": 433, "Plan Width": 41, "Actual Startup Time": 40.073, "Actual Total Time": 40.128, "Actual Rows": 14946, "Actual Loops": 1, "Output": ["customer.c_custkey", "customer.c_nationkey", "nation.n_name", "nation.n_nationkey"], "Hash Buckets": 16384, "Original Hash Buckets": 1024, "Hash Batches": 1, "Original Hash Batches": 1, "Peak Memory Usage": 911, "Plans": [{"Node Type": "Hash Join", "Parent Relationship": "Outer", "Parallel Aware": false, "Join Type": "Inner", "Startup Cost": 38.01, "Total Cost": 2799.37, "Plan Rows": 433, "Plan Width": 41, "Actual Startup Time": 0.039, "Actual Total Time": 33.463, "Actual Rows": 14946, "Actual Loops": 1, "Output": ["customer.c_custkey", "customer.c_nationkey", "nation.n_name", "nation.n_nationkey"], "Inner Unique": true, "Hash Cond": "(nation.n_regionkey = region.r_regionkey)", "Plans": [{"Node Type": "Hash Join", "Parent Relationship": "Outer", "Parallel Aware": false, "Join Type": "Inner", "Startup Cost": 21.48, "Total Cost": 2762.99, "Plan Rows": 7500, "Plan Width": 45, "Actual Startup Time": 0.015, "Actual Total Time": 26.989, "Actual Rows": 75000, "Actual Loops": 1, "Output": ["customer.c_custkey", "customer.c_nationkey", "nation.n_name", "nation.n_nationkey", "nation.n_regionkey"], "Inner Unique": true, "Hash Cond": "(customer.c_nationkey = nation.n_nationkey)", "Plans": [{"Node Type": "Seq Scan", "Parent Relationship": "Outer", "Parallel Aware": false, "Relation Name": "customer", "Schema": "public", "Alias": "customer", "Startup Cost": 0.0, "Total Cost": 2543.0, "Plan Rows": 75000, "Plan Width": 8, "Actual Startup Time": 0.004, "Actual Total Time": 11.41, "Actual Rows": 75000, "Actual Loops": 1, "Output": ["customer.c_custkey", "customer.c_name", "customer.c_address", "customer.c_nationkey", "customer.c_phone", "customer.c_acctbal", "customer.c_mktsegment", "customer.c_comment"]}, {"Node Type": "Hash", "Parent Relationship": "Inner", "Parallel Aware": false, "Startup Cost": 15.1, "Total Cost": 15.1, "Plan Rows": 510, "Plan Width": 37, "Actual Startup Time": 0.006, "Actual Total Time": 0.014, "Actual Rows": 25, "Actual Loops": 1, "Output": ["nation.n_name", "nation.n_nationkey", "nation.n_regionkey"], "Hash Buckets": 1024, "Original Hash Buckets": 1024, "Hash Batches": 1, "Original Hash Batches": 1, "Peak Memory Usage": 10, "Plans": [{"Node Type": "Seq Scan", "Parent Relationship": "Outer", "Parallel Aware": false, "Relation Name": "nation", "Schema": "public", "Alias": "nation", "Startup Cost": 0.0, "Total Cost": 15.1, "Plan Rows": 510, "Plan Width": 37, "Actual Startup Time": 0.002, "Actual Total Time": 0.005, "Actual Rows": 25, "Actual Loops": 1, "Output": ["nation.n_name", "nation.n_nationkey", "nation.n_regionkey"]}]}]}, {"Node Type": "Hash", "Parent Relationship": "Inner", "Parallel Aware": false, "Startup Cost": 16.5, "Total Cost": 16.5, "Plan Rows": 3, "Plan Width": 4, "Actual Startup Time": 0.017, "Actual Total Time": 0.018, "Actual Rows": 1, "Actual Loops": 1, "Output": ["region.r_regionkey"], "Hash Buckets": 1024, "Original Hash Buckets": 1024, "Hash Batches": 1, "Original Hash Batches": 1, "Peak Memory Usage": 9, "Plans": [{"Node Type": "Seq Scan", "Parent Relationship": "Outer", "Parallel Aware": false, "Relation Name": "region", "Schema": "public", "Alias": "region", "Startup Cost": 0.0, "Total Cost": 16.5, "Plan Rows": 3, "Plan Width": 4, "Actual Startup Time": 0.016, "Actual Total Time": 0.016, "Actual Rows": 1, "Actual Loops": 1, "Output": ["region.r_regionkey"], "Filter": "((region.r_name)::text = 'MIDDLE EAST'::text)", "Rows Removed by Filter": 4}]}]}]}]}]}]}, {"Node Type": "Hash", "Parent Relationship": "Inner", "Parallel Aware": false, "Startup Cost": 161.0, "Total Cost": 161.0, "Plan Rows": 5000, "Plan Width": 8, "Actual Startup Time": 1.138, "Actual Total Time": 1.138, "Actual Rows": 5000, "Actual Loops": 1, "Output": ["supplier.s_suppkey", "supplier.s_nationkey"], "Hash Buckets": 8192, "Original Hash Buckets": 8192, "Hash Batches": 1, "Original Hash Batches": 1, "Peak Memory Usage": 260, "Plans": [{"Node Type": "Seq Scan", "Parent Relationship": "Outer", "Parallel Aware": false, "Relation Name": "supplier", "Schema": "public", "Alias": "supplier", "Startup Cost": 0.0, "Total Cost": 161.0, "Plan Rows": 5000, "Plan Width": 8, "Actual Startup Time": 0.005, "Actual Total Time": 0.579, "Actual Rows": 5000, "Actual Loops": 1, "Output": ["supplier.s_suppkey", "supplier.s_nationkey"]}]}]}]}]}]}, "Planning Time": 2.794, "Triggers": [], "Execution Time": 1394.035}]
q17#####[{"Plan": {"Node Type": "Sort", "Parallel Aware": false, "Startup Cost": 125319.75, "Total Cost": 125320.01, "Plan Rows": 105, "Plan Width": 61, "Actual Startup Time": 1104.23, "Actual Total Time": 1104.246, "Actual Rows": 5, "Actual Loops": 1, "Output": ["nation.n_name", "(sum((lineitem.l_extendedprice * ('1'::numeric - lineitem.l_discount))))"], "Sort Key": ["(sum((lineitem.l_extendedprice * ('1'::numeric - lineitem.l_discount)))) DESC"], "Sort Method": "quicksort", "Sort Space Used": 25, "Sort Space Type": "Memory", "Plans": [{"Node Type": "Aggregate", "Strategy": "Sorted", "Partial Mode": "Simple", "Parent Relationship": "Outer", "Parallel Aware": false, "Startup Cost": 125313.6, "Total Cost": 125316.22, "Plan Rows": 105, "Plan Width": 61, "Actual Startup Time": 1098.547, "Actual Total Time": 1104.227, "Actual Rows": 5, "Actual Loops": 1, "Output": ["nation.n_name", "sum((lineitem.l_extendedprice * ('1'::numeric - lineitem.l_discount)))"], "Group Key": ["nation.n_name"], "Plans": [{"Node Type": "Sort", "Parent Relationship": "Outer", "Parallel Aware": false, "Startup Cost": 125313.6, "Total Cost": 125313.86, "Plan Rows": 105, "Plan Width": 41, "Actual Startup Time": 1098.159, "Actual Total Time": 1098.406, "Actual Rows": 3732, "Actual Loops": 1, "Output": ["nation.n_name", "lineitem.l_extendedprice", "lineitem.l_discount"], "Sort Key": ["nation.n_name"], "Sort Method": "quicksort", "Sort Space Used": 387, "Sort Space Type": "Memory", "Plans": [{"Node Type": "Hash Join", "Parent Relationship": "Outer", "Parallel Aware": false, "Join Type": "Inner", "Startup Cost": 27782.58, "Total Cost": 125310.07, "Plan Rows": 105, "Plan Width": 41, "Actual Startup Time": 325.14, "Actual Total Time": 1095.662, "Actual Rows": 3732, "Actual Loops": 1, "Output": ["nation.n_name", "lineitem.l_extendedprice", "lineitem.l_discount"], "Inner Unique": false, "Hash Cond": "((lineitem.l_suppkey = supplier.s_suppkey) AND (customer.c_nationkey = supplier.s_nationkey))", "Plans": [{"Node Type": "Hash Join", "Parent Relationship": "Outer", "Parallel Aware": false, "Join Type": "Inner", "Startup Cost": 27546.58, "Total Cost": 125053.31, "Plan Rows": 2628, "Plan Width": 53, "Actual Startup Time": 320.764, "Actual Total Time": 1080.49, "Actual Rows": 91016, "Actual Loops": 1, "Output": ["customer.c_nationkey", "lineitem.l_extendedprice", "lineitem.l_discount", "lineitem.l_suppkey", "nation.n_name", "nation.n_nationkey"], "Inner Unique": false, "Hash Cond": "(lineitem.l_orderkey = orders.o_orderkey)", "Plans": [{"Node Type": "Seq Scan", "Parent Relationship": "Outer", "Parallel Aware": false, "Relation Name": "lineitem", "Schema": "public", "Alias": "lineitem", "Startup Cost": 0.0, "Total Cost": 86231.15, "Plan Rows": 2999815, "Plan Width": 20, "Actual Startup Time": 0.016, "Actual Total Time": 526.974, "Actual Rows": 2999671, "Actual Loops": 1, "Output": ["lineitem.l_orderkey", "lineitem.l_partkey", "lineitem.l_suppkey", "lineitem.l_linenumber", "lineitem.l_quantity", "lineitem.l_extendedprice", "lineitem.l_discount", "lineitem.l_tax", "lineitem.l_returnflag", "lineitem.l_linestatus", "lineitem.l_shipdate", "lineitem.l_commitdate", "lineitem.l_receiptdate", "lineitem.l_shipinstruct", "lineitem.l_shipmode", "lineitem.l_comment"]}, {"Node Type": "Hash", "Parent Relationship": "Inner", "Parallel Aware": false, "Startup Cost": 27538.36, "Total Cost": 27538.36, "Plan Rows": 657, "Plan Width": 41, "Actual Startup Time": 319.633, "Actual Total Time": 319.646, "Actual Rows": 22761, "Actual Loops": 1, "Output": ["customer.c_nationkey", "orders.o_orderkey", "nation.n_name", "nation.n_nationkey"], "Hash Buckets": 32768, "Original Hash Buckets": 1024, "Hash Batches": 1, "Original Hash Batches": 1, "Peak Memory Usage": 1430, "Plans": [{"Node Type": "Hash Join", "Parent Relationship": "Outer", "Parallel Aware": false, "Join Type": "Inner", "Startup Cost": 2804.78, "Total Cost": 27538.36, "Plan Rows": 657, "Plan Width": 41, "Actual Startup Time": 101.199, "Actual Total Time": 306.245, "Actual Rows": 22761, "Actual Loops": 1, "Output": ["customer.c_nationkey", "orders.o_orderkey", "nation.n_name", "nation.n_nationkey"], "Inner Unique": false, "Hash Cond": "(orders.o_custkey = customer.c_custkey)", "Plans": [{"Node Type": "Seq Scan", "Parent Relationship": "Outer", "Parallel Aware": false, "Relation Name": "orders", "Schema": "public", "Alias": "orders", "Startup Cost": 0.0, "Total Cost": 24300.0, "Plan Rows": 113871, "Plan Width": 8, "Actual Startup Time": 0.007, "Actual Total Time": 187.581, "Actual Rows": 113599, "Actual Loops": 1, "Output": ["orders.o_orderkey", "orders.o_custkey", "orders.o_orderstatus", "orders.o_totalprice", "orders.o_orderdate", "orders.o_orderpriority", "orders.o_clerk", "orders.o_shippriority", "orders.o_comment"], "Filter": "((orders.o_orderdate >= '1997-01-10'::date) AND (orders.o_orderdate < '1998-01-10 00:00:00'::timestamp without time zone))", "Rows Removed by Filter": 636401}, {"Node Type": "Hash", "Parent Relationship": "Inner", "Parallel Aware": false, "Startup Cost": 2799.37, "Total Cost": 2799.37, "Plan Rows": 433, "Plan Width": 41, "Actual Startup Time": 101.161, "Actual Total Time": 101.17, "Actual Rows": 15053, "Actual Loops": 1, "Output": ["customer.c_custkey", "customer.c_nationkey", "nation.n_name", "nation.n_nationkey"], "Hash Buckets": 16384, "Original Hash Buckets": 1024, "Hash Batches": 1, "Original Hash Batches": 1, "Peak Memory Usage": 905, "Plans": [{"Node Type": "Hash Join", "Parent Relationship": "Outer", "Parallel Aware": false, "Join Type": "Inner", "Startup Cost": 38.01, "Total Cost": 2799.37, "Plan Rows": 433, "Plan Width": 41, "Actual Startup Time": 0.359, "Actual Total Time": 89.801, "Actual Rows": 15053, "Actual Loops": 1, "Output": ["customer.c_custkey", "customer.c_nationkey", "nation.n_name", "nation.n_nationkey"], "Inner Unique": true, "Hash Cond": "(nation.n_regionkey = region.r_regionkey)", "Plans": [{"Node Type": "Hash Join", "Parent Relationship": "Outer", "Parallel Aware": false, "Join Type": "Inner", "Startup Cost": 21.48, "Total Cost": 2762.99, "Plan Rows": 7500, "Plan Width": 45, "Actual Startup Time": 0.052, "Actual Total Time": 84.307, "Actual Rows": 75000, "Actual Loops": 1, "Output": ["customer.c_custkey", "customer.c_nationkey", "nation.n_name", "nation.n_nationkey", "nation.n_regionkey"], "Inner Unique": true, "Hash Cond": "(customer.c_nationkey = nation.n_nationkey)", "Plans": [{"Node Type": "Seq Scan", "Parent Relationship": "Outer", "Parallel Aware": false, "Relation Name": "customer", "Schema": "public", "Alias": "customer", "Startup Cost": 0.0, "Total Cost": 2543.0, "Plan Rows": 75000, "Plan Width": 8, "Actual Startup Time": 0.013, "Actual Total Time": 9.439, "Actual Rows": 75000, "Actual Loops": 1, "Output": ["customer.c_custkey", "customer.c_name", "customer.c_address", "customer.c_nationkey", "customer.c_phone", "customer.c_acctbal", "customer.c_mktsegment", "customer.c_comment"]}, {"Node Type": "Hash", "Parent Relationship": "Inner", "Parallel Aware": false, "Startup Cost": 15.1, "Total Cost": 15.1, "Plan Rows": 510, "Plan Width": 37, "Actual Startup Time": 0.012, "Actual Total Time": 0.013, "Actual Rows": 25, "Actual Loops": 1, "Output": ["nation.n_name", "nation.n_nationkey", "nation.n_regionkey"], "Hash Buckets": 1024, "Original Hash Buckets": 1024, "Hash Batches": 1, "Original Hash Batches": 1, "Peak Memory Usage": 10, "Plans": [{"Node Type": "Seq Scan", "Parent Relationship": "Outer", "Parallel Aware": false, "Relation Name": "nation", "Schema": "public", "Alias": "nation", "Startup Cost": 0.0, "Total Cost": 15.1, "Plan Rows": 510, "Plan Width": 37, "Actual Startup Time": 0.002, "Actual Total Time": 0.003, "Actual Rows": 25, "Actual Loops": 1, "Output": ["nation.n_name", "nation.n_nationkey", "nation.n_regionkey"]}]}]}, {"Node Type": "Hash", "Parent Relationship": "Inner", "Parallel Aware": false, "Startup Cost": 16.5, "Total Cost": 16.5, "Plan Rows": 3, "Plan Width": 4, "Actual Startup Time": 0.041, "Actual Total Time": 0.041, "Actual Rows": 1, "Actual Loops": 1, "Output": ["region.r_regionkey"], "Hash Buckets": 1024, "Original Hash Buckets": 1024, "Hash Batches": 1, "Original Hash Batches": 1, "Peak Memory Usage": 9, "Plans": [{"Node Type": "Seq Scan", "Parent Relationship": "Outer", "Parallel Aware": false, "Relation Name": "region", "Schema": "public", "Alias": "region", "Startup Cost": 0.0, "Total Cost": 16.5, "Plan Rows": 3, "Plan Width": 4, "Actual Startup Time": 0.034, "Actual Total Time": 0.034, "Actual Rows": 1, "Actual Loops": 1, "Output": ["region.r_regionkey"], "Filter": "((region.r_name)::text = 'ASIA'::text)", "Rows Removed by Filter": 4}]}]}]}]}]}]}, {"Node Type": "Hash", "Parent Relationship": "Inner", "Parallel Aware": false, "Startup Cost": 161.0, "Total Cost": 161.0, "Plan Rows": 5000, "Plan Width": 8, "Actual Startup Time": 1.97, "Actual Total Time": 1.97, "Actual Rows": 5000, "Actual Loops": 1, "Output": ["supplier.s_suppkey", "supplier.s_nationkey"], "Hash Buckets": 8192, "Original Hash Buckets": 8192, "Hash Batches": 1, "Original Hash Batches": 1, "Peak Memory Usage": 260, "Plans": [{"Node Type": "Seq Scan", "Parent Relationship": "Outer", "Parallel Aware": false, "Relation Name": "supplier", "Schema": "public", "Alias": "supplier", "Startup Cost": 0.0, "Total Cost": 161.0, "Plan Rows": 5000, "Plan Width": 8, "Actual Startup Time": 0.012, "Actual Total Time": 1.43, "Actual Rows": 5000, "Actual Loops": 1, "Output": ["supplier.s_suppkey", "supplier.s_nationkey"]}]}]}]}]}]}, "Planning Time": 3.4, "Triggers": [], "Execution Time": 1104.37}]
q18#####[{"Plan": {"Node Type": "Sort", "Parallel Aware": false, "Startup Cost": 125325.51, "Total Cost": 125325.77, "Plan Rows": 106, "Plan Width": 61, "Actual Startup Time": 1578.505, "Actual Total Time": 1578.57, "Actual Rows": 5, "Actual Loops": 1, "Output": ["nation.n_name", "(sum((lineitem.l_extendedprice * ('1'::numeric - lineitem.l_discount))))"], "Sort Key": ["(sum((lineitem.l_extendedprice * ('1'::numeric - lineitem.l_discount)))) DESC"], "Sort Method": "quicksort", "Sort Space Used": 25, "Sort Space Type": "Memory", "Plans": [{"Node Type": "Aggregate", "Strategy": "Sorted", "Partial Mode": "Simple", "Parent Relationship": "Outer", "Parallel Aware": false, "Startup Cost": 125319.29, "Total Cost": 125321.94, "Plan Rows": 106, "Plan Width": 61, "Actual Startup Time": 1577.876, "Actual Total Time": 1578.536, "Actual Rows": 5, "Actual Loops": 1, "Output": ["nation.n_name", "sum((lineitem.l_extendedprice * ('1'::numeric - lineitem.l_discount)))"], "Group Key": ["nation.n_name"], "Plans": [{"Node Type": "Sort", "Parent Relationship": "Outer", "Parallel Aware": false, "Startup Cost": 125319.29, "Total Cost": 125319.56, "Plan Rows": 106, "Plan Width": 41, "Actual Startup Time": 1577.489, "Actual Total Time": 1577.718, "Actual Rows": 3424, "Actual Loops": 1, "Output": ["nation.n_name", "lineitem.l_extendedprice", "lineitem.l_discount"], "Sort Key": ["nation.n_name"], "Sort Method": "quicksort", "Sort Space Used": 363, "Sort Space Type": "Memory", "Plans": [{"Node Type": "Hash Join", "Parent Relationship": "Outer", "Parallel Aware": false, "Join Type": "Inner", "Startup Cost": 27787.67, "Total Cost": 125315.72, "Plan Rows": 106, "Plan Width": 41, "Actual Startup Time": 216.848, "Actual Total Time": 1573.519, "Actual Rows": 3424, "Actual Loops": 1, "Output": ["nation.n_name", "lineitem.l_extendedprice", "lineitem.l_discount"], "Inner Unique": false, "Hash Cond": "((lineitem.l_suppkey = supplier.s_suppkey) AND (customer.c_nationkey = supplier.s_nationkey))", "Plans": [{"Node Type": "Hash Join", "Parent Relationship": "Outer", "Parallel Aware": false, "Join Type": "Inner", "Startup Cost": 27551.67, "Total Cost": 125058.73, "Plan Rows": 2658, "Plan Width": 53, "Actual Startup Time": 213.574, "Actual Total Time": 1552.982, "Actual Rows": 90071, "Actual Loops": 1, "Output": ["customer.c_nationkey", "lineitem.l_extendedprice", "lineitem.l_discount", "lineitem.l_suppkey", "nation.n_name", "nation.n_nationkey"], "Inner Unique": false, "Hash Cond": "(lineitem.l_orderkey = orders.o_orderkey)", "Plans": [{"Node Type": "Seq Scan", "Parent Relationship": "Outer", "Parallel Aware": false, "Relation Name": "lineitem", "Schema": "public", "Alias": "lineitem", "Startup Cost": 0.0, "Total Cost": 86231.15, "Plan Rows": 2999815, "Plan Width": 20, "Actual Startup Time": 0.021, "Actual Total Time": 948.416, "Actual Rows": 2999671, "Actual Loops": 1, "Output": ["lineitem.l_orderkey", "lineitem.l_partkey", "lineitem.l_suppkey", "lineitem.l_linenumber", "lineitem.l_quantity", "lineitem.l_extendedprice", "lineitem.l_discount", "lineitem.l_tax", "lineitem.l_returnflag", "lineitem.l_linestatus", "lineitem.l_shipdate", "lineitem.l_commitdate", "lineitem.l_receiptdate", "lineitem.l_shipinstruct", "lineitem.l_shipmode", "lineitem.l_comment"]}, {"Node Type": "Hash", "Parent Relationship": "Inner", "Parallel Aware": false, "Startup Cost": 27543.36, "Total Cost": 27543.36, "Plan Rows": 665, "Plan Width": 41, "Actual Startup Time": 213.265, "Actual Total Time": 213.321, "Actual Rows": 22564, "Actual Loops": 1, "Output": ["customer.c_nationkey", "orders.o_orderkey", "nation.n_name", "nation.n_nationkey"], "Hash Buckets": 32768, "Original Hash Buckets": 1024, "Hash Batches": 1, "Original Hash Batches": 1, "Peak Memory Usage": 1438, "Plans": [{"Node Type": "Hash Join", "Parent Relationship": "Outer", "Parallel Aware": false, "Join Type": "Inner", "Startup Cost": 2804.78, "Total Cost": 27543.36, "Plan Rows": 665, "Plan Width": 41, "Actual Startup Time": 46.084, "Actual Total Time": 204.597, "Actual Rows": 22564, "Actual Loops": 1, "Output": ["customer.c_nationkey", "orders.o_orderkey", "nation.n_name", "nation.n_nationkey"], "Inner Unique": false, "Hash Cond": "(orders.o_custkey = customer.c_custkey)", "Plans": [{"Node Type": "Seq Scan", "Parent Relationship": "Outer", "Parallel Aware": false, "Relation Name": "orders", "Schema": "public", "Alias": "orders", "Startup Cost": 0.0, "Total Cost": 24300.0, "Plan Rows": 115182, "Plan Width": 8, "Actual Startup Time": 0.011, "Actual Total Time": 142.664, "Actual Rows": 114407, "Actual Loops": 1, "Output": ["orders.o_orderkey", "orders.o_custkey", "orders.o_orderstatus", "orders.o_totalprice", "orders.o_orderdate", "orders.o_orderpriority", "orders.o_clerk", "orders.o_shippriority", "orders.o_comment"], "Filter": "((orders.o_orderdate >= '1996-01-01'::date) AND (orders.o_orderdate < '1997-01-01 00:00:00'::timestamp without time zone))", "Rows Removed by Filter": 635593}, {"Node Type": "Hash", "Parent Relationship": "Inner", "Parallel Aware": false, "Startup Cost": 2799.37, "Total Cost": 2799.37, "Plan Rows": 433, "Plan Width": 41, "Actual Startup Time": 46.053, "Actual Total Time": 46.095, "Actual Rows": 14946, "Actual Loops": 1, "Output": ["customer.c_custkey", "customer.c_nationkey", "nation.n_name", "nation.n_nationkey"], "Hash Buckets": 16384, "Original Hash Buckets": 1024, "Hash Batches": 1, "Original Hash Batches": 1, "Peak Memory Usage": 911, "Plans": [{"Node Type": "Hash Join", "Parent Relationship": "Outer", "Parallel Aware": false, "Join Type": "Inner", "Startup Cost": 38.01, "Total Cost": 2799.37, "Plan Rows": 433, "Plan Width": 41, "Actual Startup Time": 0.339, "Actual Total Time": 42.164, "Actual Rows": 14946, "Actual Loops": 1, "Output": ["customer.c_custkey", "customer.c_nationkey", "nation.n_name", "nation.n_nationkey"], "Inner Unique": true, "Hash Cond": "(nation.n_regionkey = region.r_regionkey)", "Plans": [{"Node Type": "Hash Join", "Parent Relationship": "Outer", "Parallel Aware": false, "Join Type": "Inner", "Startup Cost": 21.48, "Total Cost": 2762.99, "Plan Rows": 7500, "Plan Width": 45, "Actual Startup Time": 0.285, "Actual Total Time": 35.625, "Actual Rows": 75000, "Actual Loops": 1, "Output": ["customer.c_custkey", "customer.c_nationkey", "nation.n_name", "nation.n_nationkey", "nation.n_regionkey"], "Inner Unique": true, "Hash Cond": "(customer.c_nationkey = nation.n_nationkey)", "Plans": [{"Node Type": "Seq Scan", "Parent Relationship": "Outer", "Parallel Aware": false, "Relation Name": "customer", "Schema": "public", "Alias": "customer", "Startup Cost": 0.0, "Total Cost": 2543.0, "Plan Rows": 75000, "Plan Width": 8, "Actual Startup Time": 0.011, "Actual Total Time": 7.45, "Actual Rows": 75000, "Actual Loops": 1, "Output": ["customer.c_custkey", "customer.c_name", "customer.c_address", "customer.c_nationkey", "customer.c_phone", "customer.c_acctbal", "customer.c_mktsegment", "customer.c_comment"]}, {"Node Type": "Hash", "Parent Relationship": "Inner", "Parallel Aware": false, "Startup Cost": 15.1, "Total Cost": 15.1, "Plan Rows": 510, "Plan Width": 37, "Actual Startup Time": 0.015, "Actual Total Time": 0.016, "Actual Rows": 25, "Actual Loops": 1, "Output": ["nation.n_name", "nation.n_nationkey", "nation.n_regionkey"], "Hash Buckets": 1024, "Original Hash Buckets": 1024, "Hash Batches": 1, "Original Hash Batches": 1, "Peak Memory Usage": 10, "Plans": [{"Node Type": "Seq Scan", "Parent Relationship": "Outer", "Parallel Aware": false, "Relation Name": "nation", "Schema": "public", "Alias": "nation", "Startup Cost": 0.0, "Total Cost": 15.1, "Plan Rows": 510, "Plan Width": 37, "Actual Startup Time": 0.004, "Actual Total Time": 0.006, "Actual Rows": 25, "Actual Loops": 1, "Output": ["nation.n_name", "nation.n_nationkey", "nation.n_regionkey"]}]}]}, {"Node Type": "Hash", "Parent Relationship": "Inner", "Parallel Aware": false, "Startup Cost": 16.5, "Total Cost": 16.5, "Plan Rows": 3, "Plan Width": 4, "Actual Startup Time": 0.033, "Actual Total Time": 0.039, "Actual Rows": 1, "Actual Loops": 1, "Output": ["region.r_regionkey"], "Hash Buckets": 1024, "Original Hash Buckets": 1024, "Hash Batches": 1, "Original Hash Batches": 1, "Peak Memory Usage": 9, "Plans": [{"Node Type": "Seq Scan", "Parent Relationship": "Outer", "Parallel Aware": false, "Relation Name": "region", "Schema": "public", "Alias": "region", "Startup Cost": 0.0, "Total Cost": 16.5, "Plan Rows": 3, "Plan Width": 4, "Actual Startup Time": 0.031, "Actual Total Time": 0.033, "Actual Rows": 1, "Actual Loops": 1, "Output": ["region.r_regionkey"], "Filter": "((region.r_name)::text = 'MIDDLE EAST'::text)", "Rows Removed by Filter": 4}]}]}]}]}]}]}, {"Node Type": "Hash", "Parent Relationship": "Inner", "Parallel Aware": false, "Startup Cost": 161.0, "Total Cost": 161.0, "Plan Rows": 5000, "Plan Width": 8, "Actual Startup Time": 1.482, "Actual Total Time": 1.483, "Actual Rows": 5000, "Actual Loops": 1, "Output": ["supplier.s_suppkey", "supplier.s_nationkey"], "Hash Buckets": 8192, "Original Hash Buckets": 8192, "Hash Batches": 1, "Original Hash Batches": 1, "Peak Memory Usage": 260, "Plans": [{"Node Type": "Seq Scan", "Parent Relationship": "Outer", "Parallel Aware": false, "Relation Name": "supplier", "Schema": "public", "Alias": "supplier", "Startup Cost": 0.0, "Total Cost": 161.0, "Plan Rows": 5000, "Plan Width": 8, "Actual Startup Time": 0.01, "Actual Total Time": 1.053, "Actual Rows": 5000, "Actual Loops": 1, "Output": ["supplier.s_suppkey", "supplier.s_nationkey"]}]}]}]}]}]}, "Planning Time": 3.415, "Triggers": [], "Execution Time": 1580.2}]
q19#####[{"Plan": {"Node Type": "Aggregate", "Strategy": "Sorted", "Partial Mode": "Simple", "Parallel Aware": false, "Startup Cost": 144850.48, "Total Cost": 144852.06, "Plan Rows": 45, "Plan Width": 98, "Actual Startup Time": 2723.706, "Actual Total Time": 2724.979, "Actual Rows": 4, "Actual Loops": 1, "Output": ["n1.n_name", "n2.n_name", "(date_part('year'::text, (lineitem.l_shipdate)::timestamp without time zone))", "sum((lineitem.l_extendedprice * ('1'::numeric - lineitem.l_discount)))"], "Group Key": ["n1.n_name", "n2.n_name", "(date_part('year'::text, (lineitem.l_shipdate)::timestamp without time zone))"], "Plans": [{"Node Type": "Sort", "Parent Relationship": "Outer", "Parallel Aware": false, "Startup Cost": 144850.48, "Total Cost": 144850.6, "Plan Rows": 45, "Plan Width": 78, "Actual Startup Time": 2723.228, "Actual Total Time": 2723.589, "Actual Rows": 2949, "Actual Loops": 1, "Output": ["n1.n_name", "n2.n_name", "(date_part('year'::text, (lineitem.l_shipdate)::timestamp without time zone))", "lineitem.l_extendedprice", "lineitem.l_discount"], "Sort Key": ["n1.n_name", "n2.n_name", "(date_part('year'::text, (lineitem.l_shipdate)::timestamp without time zone))"], "Sort Method": "quicksort", "Sort Space Used": 327, "Sort Space Type": "Memory", "Plans": [{"Node Type": "Hash Join", "Parent Relationship": "Outer", "Parallel Aware": false, "Join Type": "Inner", "Startup Cost": 39724.65, "Total Cost": 144849.25, "Plan Rows": 45, "Plan Width": 78, "Actual Startup Time": 1315.551, "Actual Total Time": 2718.264, "Actual Rows": 2949, "Actual Loops": 1, "Output": ["n1.n_name", "n2.n_name", "date_part('year'::text, (lineitem.l_shipdate)::timestamp without time zone)", "lineitem.l_extendedprice", "lineitem.l_discount"], "Inner Unique": false, "Hash Cond": "((lineitem.l_suppkey = supplier.s_suppkey) AND (n1.n_nationkey = supplier.s_nationkey))", "Plans": [{"Node Type": "Hash Join", "Parent Relationship": "Outer", "Parallel Aware": false, "Join Type": "Inner", "Startup Cost": 39488.65, "Total Cost": 144440.53, "Plan Rows": 22939, "Plan Width": 82, "Actual Startup Time": 1295.35, "Actual Total Time": 2677.71, "Actual Rows": 72095, "Actual Loops": 1, "Output": ["lineitem.l_shipdate", "lineitem.l_extendedprice", "lineitem.l_discount", "lineitem.l_suppkey", "n2.n_name", "n1.n_name", "n1.n_nationkey"], "Inner Unique": false, "Hash Cond": "(lineitem.l_orderkey = orders.o_orderkey)", "Plans": [{"Node Type": "Seq Scan", "Parent Relationship": "Outer", "Parallel Aware": false, "Relation Name": "lineitem", "Schema": "public", "Alias": "lineitem", "Startup Cost": 0.0, "Total Cost": 101230.23, "Plan Rows": 931267, "Plan Width": 24, "Actual Startup Time": 0.072, "Actual Total Time": 1212.204, "Actual Rows": 913598, "Actual Loops": 1, "Output": ["lineitem.l_orderkey", "lineitem.l_partkey", "lineitem.l_suppkey", "lineitem.l_linenumber", "lineitem.l_quantity", "lineitem.l_extendedprice", "lineitem.l_discount", "lineitem.l_tax", "lineitem.l_returnflag", "lineitem.l_linestatus", "lineitem.l_shipdate", "lineitem.l_commitdate", "lineitem.l_receiptdate", "lineitem.l_shipinstruct", "lineitem.l_shipmode", "lineitem.l_comment"], "Filter": "((lineitem.l_shipdate >= '1995-01-02'::date) AND (lineitem.l_shipdate <= '1996-12-31'::date))", "Rows Removed by Filter": 2086073}, {"Node Type": "Hash", "Parent Relationship": "Inner", "Parallel Aware": false, "Startup Cost": 39257.72, "Total Cost": 39257.72, "Plan Rows": 18475, "Plan Width": 66, "Actual Startup Time": 1292.195, "Actual Total Time": 1292.312, "Actual Rows": 59490, "Actual Loops": 1, "Output": ["orders.o_orderkey", "n2.n_name", "n1.n_name", "n1.n_nationkey"], "Hash Buckets": 65536, "Original Hash Buckets": 32768, "Hash Batches": 1, "Original Hash Batches": 1, "Peak Memory Usage": 3533, "Plans": [{"Node Type": "Hash Join", "Parent Relationship": "Outer", "Parallel Aware": false, "Join Type": "Inner", "Startup Cost": 3516.54, "Total Cost": 39257.72, "Plan Rows": 18475, "Plan Width": 66, "Actual Startup Time": 51.379, "Actual Total Time": 1169.596, "Actual Rows": 59490, "Actual Loops": 1, "Output": ["orders.o_orderkey", "n2.n_name", "n1.n_name", "n1.n_nationkey"], "Inner Unique": false, "Hash Cond": "(customer.c_nationkey = n2.n_nationkey)", "Plans": [{"Node Type": "Hash Join", "Parent Relationship": "Outer", "Parallel Aware": false, "Join Type": "Inner", "Startup Cost": 3480.5, "Total Cost": 34343.0, "Plan Rows": 750000, "Plan Width": 8, "Actual Startup Time": 51.326, "Actual Total Time": 1078.325, "Actual Rows": 750000, "Actual Loops": 1, "Output": ["orders.o_orderkey", "customer.c_nationkey"], "Inner Unique": false, "Hash Cond": "(orders.o_custkey = customer.c_custkey)", "Plans": [{"Node Type": "Seq Scan", "Parent Relationship": "Outer", "Parallel Aware": false, "Relation Name": "orders", "Schema": "public", "Alias": "orders", "Startup Cost": 0.0, "Total Cost": 20550.0, "Plan Rows": 750000, "Plan Width": 8, "Actual Startup Time": 0.017, "Actual Total Time": 424.825, "Actual Rows": 750000, "Actual Loops": 1, "Output": ["orders.o_orderkey", "orders.o_custkey", "orders.o_orderstatus", "orders.o_totalprice", "orders.o_orderdate", "orders.o_orderpriority", "orders.o_clerk", "orders.o_shippriority", "orders.o_comment"]}, {"Node Type": "Hash", "Parent Relationship": "Inner", "Parallel Aware": false, "Startup Cost": 2543.0, "Total Cost": 2543.0, "Plan Rows": 75000, "Plan Width": 8, "Actual Startup Time": 50.466, "Actual Total Time": 50.478, "Actual Rows": 75000, "Actual Loops": 1, "Output": ["customer.c_custkey", "customer.c_nationkey"], "Hash Buckets": 131072, "Original Hash Buckets": 131072, "Hash Batches": 1, "Original Hash Batches": 1, "Peak Memory Usage": 3954, "Plans": [{"Node Type": "Seq Scan", "Parent Relationship": "Outer", "Parallel Aware": false, "Relation Name": "customer", "Schema": "public", "Alias": "customer", "Startup Cost": 0.0, "Total Cost": 2543.0, "Plan Rows": 75000, "Plan Width": 8, "Actual Startup Time": 0.008, "Actual Total Time": 35.631, "Actual Rows": 75000, "Actual Loops": 1, "Output": ["customer.c_custkey", "customer.c_nationkey"]}]}]}, {"Node Type": "Hash", "Parent Relationship": "Inner", "Parallel Aware": false, "Startup Cost": 35.87, "Total Cost": 35.87, "Plan Rows": 13, "Plan Width": 66, "Actual Startup Time": 0.03, "Actual Total Time": 0.067, "Actual Rows": 2, "Actual Loops": 1, "Output": ["n1.n_name", "n1.n_nationkey", "n2.n_name", "n2.n_nationkey"], "Hash Buckets": 1024, "Original Hash Buckets": 1024, "Hash Batches": 1, "Original Hash Batches": 1, "Peak Memory Usage": 9, "Plans": [{"Node Type": "Nested Loop", "Parent Relationship": "Outer", "Parallel Aware": false, "Join Type": "Inner", "Startup Cost": 0.0, "Total Cost": 35.87, "Plan Rows": 13, "Plan Width": 66, "Actual Startup Time": 0.022, "Actual Total Time": 0.054, "Actual Rows": 2, "Actual Loops": 1, "Output": ["n1.n_name", "n1.n_nationkey", "n2.n_name", "n2.n_nationkey"], "Inner Unique": false, "Join Filter": "((((n1.n_name)::text = 'IRAN'::text) AND ((n2.n_name)::text = 'IRAQ'::text)) OR (((n1.n_name)::text = 'IRAQ'::text) AND ((n2.n_name)::text = 'IRAN'::text)))", "Rows Removed by Join Filter": 2, "Plans": [{"Node Type": "Seq Scan", "Parent Relationship": "Outer", "Parallel Aware": false, "Relation Name": "nation", "Schema": "public", "Alias": "n1", "Startup Cost": 0.0, "Total Cost": 17.65, "Plan Rows": 5, "Plan Width": 33, "Actual Startup Time": 0.01, "Actual Total Time": 0.014, "Actual Rows": 2, "Actual Loops": 1, "Output": ["n1.n_nationkey", "n1.n_name", "n1.n_regionkey", "n1.n_comment"], "Filter": "(((n1.n_name)::text = 'IRAN'::text) OR ((n1.n_name)::text = 'IRAQ'::text))", "Rows Removed by Filter": 23}, {"Node Type": "Materialize", "Parent Relationship": "Inner", "Parallel Aware": false, "Startup Cost": 0.0, "Total Cost": 17.67, "Plan Rows": 5, "Plan Width": 33, "Actual Startup Time": 0.004, "Actual Total Time": 0.01, "Actual Rows": 2, "Actual Loops": 2, "Output": ["n2.n_name", "n2.n_nationkey"], "Plans": [{"Node Type": "Seq Scan", "Parent Relationship": "Outer", "Parallel Aware": false, "Relation Name": "nation", "Schema": "public", "Alias": "n2", "Startup Cost": 0.0, "Total Cost": 17.65, "Plan Rows": 5, "Plan Width": 33, "Actual Startup Time": 0.005, "Actual Total Time": 0.014, "Actual Rows": 2, "Actual Loops": 1, "Output": ["n2.n_name", "n2.n_nationkey"], "Filter": "(((n2.n_name)::text = 'IRAQ'::text) OR ((n2.n_name)::text = 'IRAN'::text))", "Rows Removed by Filter": 23}]}]}]}]}]}]}, {"Node Type": "Hash", "Parent Relationship": "Inner", "Parallel Aware": false, "Startup Cost": 161.0, "Total Cost": 161.0, "Plan Rows": 5000, "Plan Width": 8, "Actual Startup Time": 17.289, "Actual Total Time": 17.289, "Actual Rows": 5000, "Actual Loops": 1, "Output": ["supplier.s_suppkey", "supplier.s_nationkey"], "Hash Buckets": 8192, "Original Hash Buckets": 8192, "Hash Batches": 1, "Original Hash Batches": 1, "Peak Memory Usage": 260, "Plans": [{"Node Type": "Seq Scan", "Parent Relationship": "Outer", "Parallel Aware": false, "Relation Name": "supplier", "Schema": "public", "Alias": "supplier", "Startup Cost": 0.0, "Total Cost": 161.0, "Plan Rows": 5000, "Plan Width": 8, "Actual Startup Time": 0.019, "Actual Total Time": 16.559, "Actual Rows": 5000, "Actual Loops": 1, "Output": ["supplier.s_suppkey", "supplier.s_nationkey"]}]}]}]}]}, "Planning Time": 4.01, "Triggers": [], "Execution Time": 2726.595}]
q20#####[{"Plan": {"Node Type": "Aggregate", "Strategy": "Sorted", "Partial Mode": "Simple", "Parallel Aware": false, "Startup Cost": 129332.86, "Total Cost": 129334.39, "Plan Rows": 34, "Plan Width": 40, "Actual Startup Time": 1052.301, "Actual Total Time": 1052.531, "Actual Rows": 2, "Actual Loops": 1, "Output": ["(date_part('year'::text, (orders.o_orderdate)::timestamp without time zone))", "(sum(CASE WHEN ((n2.n_name)::text = 'GERMANY'::text) THEN (lineitem.l_extendedprice * ('1'::numeric - lineitem.l_discount)) ELSE '0'::numeric END) / sum((lineitem.l_extendedprice * ('1'::numeric - lineitem.l_discount))))"], "Group Key": ["(date_part('year'::text, (orders.o_orderdate)::timestamp without time zone))"], "Plans": [{"Node Type": "Sort", "Parent Relationship": "Outer", "Parallel Aware": false, "Startup Cost": 129332.86, "Total Cost": 129332.95, "Plan Rows": 34, "Plan Width": 49, "Actual Startup Time": 1052.004, "Actual Total Time": 1052.163, "Actual Rows": 1156, "Actual Loops": 1, "Output": ["(date_part('year'::text, (orders.o_orderdate)::timestamp without time zone))", "n2.n_name", "lineitem.l_extendedprice", "lineitem.l_discount"], "Sort Key": ["(date_part('year'::text, (orders.o_orderdate)::timestamp without time zone))"], "Sort Method": "quicksort", "Sort Space Used": 139, "Sort Space Type": "Memory", "Plans": [{"Node Type": "Nested Loop", "Parent Relationship": "Outer", "Parallel Aware": false, "Join Type": "Inner", "Startup Cost": 31571.3, "Total Cost": 129332.0, "Plan Rows": 34, "Plan Width": 49, "Actual Startup Time": 274.637, "Actual Total Time": 1050.633, "Actual Rows": 1156, "Actual Loops": 1, "Output": ["date_part('year'::text, (orders.o_orderdate)::timestamp without time zone)", "n2.n_name", "lineitem.l_extendedprice", "lineitem.l_discount"], "Inner Unique": true, "Plans": [{"Node Type": "Hash Join", "Parent Relationship": "Outer", "Parallel Aware": false, "Join Type": "Inner", "Startup Cost": 31571.15, "Total Cost": 129325.89, "Plan Rows": 34, "Plan Width": 20, "Actual Startup Time": 274.617, "Actual Total Time": 1047.465, "Actual Rows": 1156, "Actual Loops": 1, "Output": ["lineitem.l_extendedprice", "lineitem.l_discount", "supplier.s_nationkey", "orders.o_orderdate"], "Inner Unique": false, "Hash Cond": "(lineitem.l_suppkey = supplier.s_suppkey)", "Plans": [{"Node Type": "Hash Join", "Parent Relationship": "Outer", "Parallel Aware": false, "Join Type": "Inner", "Startup Cost": 31347.65, "Total Cost": 129101.92, "Plan Rows": 34, "Plan Width": 20, "Actual Startup Time": 272.235, "Actual Total Time": 1044.02, "Actual Rows": 1156, "Actual Loops": 1, "Output": ["lineitem.l_extendedprice", "lineitem.l_discount", "lineitem.l_suppkey", "orders.o_orderdate"], "Inner Unique": false, "Hash Cond": "(lineitem.l_orderkey = orders.o_orderkey)", "Plans": [{"Node Type": "Hash Join", "Parent Relationship": "Outer", "Parallel Aware": false, "Join Type": "Inner", "Startup Cost": 3306.29, "Total Cost": 100985.63, "Plan Rows": 19889, "Plan Width": 20, "Actual Startup Time": 74.115, "Actual Total Time": 837.537, "Actual Rows": 18705, "Actual Loops": 1, "Output": ["lineitem.l_extendedprice", "lineitem.l_discount", "lineitem.l_suppkey", "lineitem.l_orderkey"], "Inner Unique": false, "Hash Cond": "(lineitem.l_partkey = part.p_partkey)", "Plans": [{"Node Type": "Seq Scan", "Parent Relationship": "Outer", "Parallel Aware": false, "Relation Name": "lineitem", "Schema": "public", "Alias": "lineitem", "Startup Cost": 0.0, "Total Cost": 86231.15, "Plan Rows": 2999815, "Plan Width": 24, "Actual Startup Time": 0.02, "Actual Total Time": 537.642, "Actual Rows": 2999671, "Actual Loops": 1, "Output": ["lineitem.l_orderkey", "lineitem.l_partkey", "lineitem.l_suppkey", "lineitem.l_linenumber", "lineitem.l_quantity", "lineitem.l_extendedprice", "lineitem.l_discount", "lineitem.l_tax", "lineitem.l_returnflag", "lineitem.l_linestatus", "lineitem.l_shipdate", "lineitem.l_commitdate", "lineitem.l_receiptdate", "lineitem.l_shipinstruct", "lineitem.l_shipmode", "lineitem.l_comment"]}, {"Node Type": "Hash", "Parent Relationship": "Inner", "Parallel Aware": false, "Startup Cost": 3298.0, "Total Cost": 3298.0, "Plan Rows": 663, "Plan Width": 4, "Actual Startup Time": 73.499, "Actual Total Time": 73.499, "Actual Rows": 622, "Actual Loops": 1, "Output": ["part.p_partkey"], "Hash Buckets": 1024, "Original Hash Buckets": 1024, "Hash Batches": 1, "Original Hash Batches": 1, "Peak Memory Usage": 30, "Plans": [{"Node Type": "Seq Scan", "Parent Relationship": "Outer", "Parallel Aware": false, "Relation Name": "part", "Schema": "public", "Alias": "part", "Startup Cost": 0.0, "Total Cost": 3298.0, "Plan Rows": 663, "Plan Width": 4, "Actual Startup Time": 0.028, "Actual Total Time": 73.108, "Actual Rows": 622, "Actual Loops": 1, "Output": ["part.p_partkey"], "Filter": "((part.p_type)::text = 'MEDIUM PLATED COPPER'::text)", "Rows Removed by Filter": 99378}]}]}, {"Node Type": "Hash", "Parent Relationship": "Inner", "Parallel Aware": false, "Startup Cost": 28025.12, "Total Cost": 28025.12, "Plan Rows": 1300, "Plan Width": 8, "Actual Startup Time": 197.394, "Actual Total Time": 197.465, "Actual Rows": 46000, "Actual Loops": 1, "Output": ["orders.o_orderdate", "orders.o_orderkey"], "Hash Buckets": 65536, "Original Hash Buckets": 2048, "Hash Batches": 1, "Original Hash Batches": 1, "Peak Memory Usage": 2309, "Plans": [{"Node Type": "Hash Join", "Parent Relationship": "Outer", "Parallel Aware": false, "Join Type": "Inner", "Startup Cost": 2867.1, "Total Cost": 28025.12, "Plan Rows": 1300, "Plan Width": 8, "Actual Startup Time": 22.683, "Actual Total Time": 186.989, "Actual Rows": 46000, "Actual Loops": 1, "Output": ["orders.o_orderdate", "orders.o_orderkey"], "Inner Unique": false, "Hash Cond": "(orders.o_custkey = customer.c_custkey)", "Plans": [{"Node Type": "Seq Scan", "Parent Relationship": "Outer", "Parallel Aware": false, "Relation Name": "orders", "Schema": "public", "Alias": "orders", "Startup Cost": 0.0, "Total Cost": 24300.0, "Plan Rows": 225336, "Plan Width": 12, "Actual Startup Time": 0.014, "Actual Total Time": 126.122, "Actual Rows": 228641, "Actual Loops": 1, "Output": ["orders.o_orderkey", "orders.o_custkey", "orders.o_orderstatus", "orders.o_totalprice", "orders.o_orderdate", "orders.o_orderpriority", "orders.o_clerk", "orders.o_shippriority", "orders.o_comment"], "Filter": "((orders.o_orderdate >= '1995-01-01'::date) AND (orders.o_orderdate <= '1996-12-31'::date))", "Rows Removed by Filter": 521359}, {"Node Type": "Hash", "Parent Relationship": "Inner", "Parallel Aware": false, "Startup Cost": 2861.68, "Total Cost": 2861.68, "Plan Rows": 433, "Plan Width": 4, "Actual Startup Time": 22.646, "Actual Total Time": 22.694, "Actual Rows": 14993, "Actual Loops": 1, "Output": ["customer.c_custkey"], "Hash Buckets": 16384, "Original Hash Buckets": 1024, "Hash Batches": 1, "Original Hash Batches": 1, "Peak Memory Usage": 656, "Plans": [{"Node Type": "Hash Join", "Parent Relationship": "Outer", "Parallel Aware": false, "Join Type": "Inner", "Startup Cost": 33.02, "Total Cost": 2861.68, "Plan Rows": 433, "Plan Width": 4, "Actual Startup Time": 0.102, "Actual Total Time": 20.082, "Actual Rows": 14993, "Actual Loops": 1, "Output": ["customer.c_custkey"], "Inner Unique": false, "Hash Cond": "(customer.c_nationkey = n1.n_nationkey)", "Plans": [{"Node Type": "Seq Scan", "Parent Relationship": "Outer", "Parallel Aware": false, "Relation Name": "customer", "Schema": "public", "Alias": "customer", "Startup Cost": 0.0, "Total Cost": 2543.0, "Plan Rows": 75000, "Plan Width": 8, "Actual Startup Time": 0.006, "Actual Total Time": 10.486, "Actual Rows": 75000, "Actual Loops": 1, "Output": ["customer.c_custkey", "customer.c_name", "customer.c_address", "customer.c_nationkey", "customer.c_phone", "customer.c_acctbal", "customer.c_mktsegment", "customer.c_comment"]}, {"Node Type": "Hash", "Parent Relationship": "Inner", "Parallel Aware": false, "Startup Cost": 32.99, "Total Cost": 32.99, "Plan Rows": 3, "Plan Width": 4, "Actual Startup Time": 0.068, "Actual Total Time": 0.103, "Actual Rows": 5, "Actual Loops": 1, "Output": ["n1.n_nationkey"], "Hash Buckets": 1024, "Original Hash Buckets": 1024, "Hash Batches": 1, "Original Hash Batches": 1, "Peak Memory Usage": 9, "Plans": [{"Node Type": "Hash Join", "Parent Relationship": "Outer", "Parallel Aware": false, "Join Type": "Inner", "Startup Cost": 16.54, "Total Cost": 32.99, "Plan Rows": 3, "Plan Width": 4, "Actual Startup Time": 0.06, "Actual Total Time": 0.087, "Actual Rows": 5, "Actual Loops": 1, "Output": ["n1.n_nationkey"], "Inner Unique": true, "Hash Cond": "(n1.n_regionkey = region.r_regionkey)", "Plans": [{"Node Type": "Seq Scan", "Parent Relationship": "Outer", "Parallel Aware": false, "Relation Name": "nation", "Schema": "public", "Alias": "n1", "Startup Cost": 0.0, "Total Cost": 15.1, "Plan Rows": 510, "Plan Width": 8, "Actual Startup Time": 0.004, "Actual Total Time": 0.011, "Actual Rows": 25, "Actual Loops": 1, "Output": ["n1.n_nationkey", "n1.n_name", "n1.n_regionkey", "n1.n_comment"]}, {"Node Type": "Hash", "Parent Relationship": "Inner", "Parallel Aware": false, "Startup Cost": 16.5, "Total Cost": 16.5, "Plan Rows": 3, "Plan Width": 4, "Actual Startup Time": 0.021, "Actual Total Time": 0.023, "Actual Rows": 1, "Actual Loops": 1, "Output": ["region.r_regionkey"], "Hash Buckets": 1024, "Original Hash Buckets": 1024, "Hash Batches": 1, "Original Hash Batches": 1, "Peak Memory Usage": 9, "Plans": [{"Node Type": "Seq Scan", "Parent Relationship": "Outer", "Parallel Aware": false, "Relation Name": "region", "Schema": "public", "Alias": "region", "Startup Cost": 0.0, "Total Cost": 16.5, "Plan Rows": 3, "Plan Width": 4, "Actual Startup Time": 0.012, "Actual Total Time": 0.012, "Actual Rows": 1, "Actual Loops": 1, "Output": ["region.r_regionkey"], "Filter": "((region.r_name)::text = 'EUROPE'::text)", "Rows Removed by Filter": 4}]}]}]}]}]}]}]}]}, {"Node Type": "Hash", "Parent Relationship": "Inner", "Parallel Aware": false, "Startup Cost": 161.0, "Total Cost": 161.0, "Plan Rows": 5000, "Plan Width": 8, "Actual Startup Time": 2.316, "Actual Total Time": 2.316, "Actual Rows": 5000, "Actual Loops": 1, "Output": ["supplier.s_suppkey", "supplier.s_nationkey"], "Hash Buckets": 8192, "Original Hash Buckets": 8192, "Hash Batches": 1, "Original Hash Batches": 1, "Peak Memory Usage": 260, "Plans": [{"Node Type": "Seq Scan", "Parent Relationship": "Outer", "Parallel Aware": false, "Relation Name": "supplier", "Schema": "public", "Alias": "supplier", "Startup Cost": 0.0, "Total Cost": 161.0, "Plan Rows": 5000, "Plan Width": 8, "Actual Startup Time": 0.007, "Actual Total Time": 0.852, "Actual Rows": 5000, "Actual Loops": 1, "Output": ["supplier.s_suppkey", "supplier.s_nationkey"]}]}]}, {"Node Type": "Index Scan", "Parent Relationship": "Inner", "Parallel Aware": false, "Scan Direction": "Forward", "Index Name": "nation_pkey", "Relation Name": "nation", "Schema": "public", "Alias": "n2", "Startup Cost": 0.15, "Total Cost": 0.17, "Plan Rows": 1, "Plan Width": 33, "Actual Startup Time": 0.002, "Actual Total Time": 0.002, "Actual Rows": 1, "Actual Loops": 1156, "Output": ["n2.n_nationkey", "n2.n_name", "n2.n_regionkey", "n2.n_comment"], "Index Cond": "(n2.n_nationkey = supplier.s_nationkey)", "Rows Removed by Index Recheck": 0}]}]}]}, "Planning Time": 4.297, "Triggers": [], "Execution Time": 1053.715}]
q21#####[{"Plan": {"Node Type": "Aggregate", "Strategy": "Sorted", "Partial Mode": "Simple", "Parallel Aware": false, "Startup Cost": 26293.93, "Total Cost": 26294.25, "Plan Rows": 9, "Plan Width": 98, "Actual Startup Time": 210.395, "Actual Total Time": 210.507, "Actual Rows": 4, "Actual Loops": 1, "Output": ["n1.n_name", "n2.n_name", "(date_part('year'::text, (lineitem.l_shipdate)::timestamp without time zone))", "sum((lineitem.l_extendedprice * ('1'::numeric - lineitem.l_discount)))"], "Group Key": ["n1.n_name", "n2.n_name", "(date_part('year'::text, (lineitem.l_shipdate)::timestamp without time zone))"], "Plans": [{"Node Type": "Sort", "Parent Relationship": "Outer", "Parallel Aware": false, "Startup Cost": 26293.93, "Total Cost": 26293.95, "Plan Rows": 9, "Plan Width": 78, "Actual Startup Time": 210.347, "Actual Total Time": 210.377, "Actual Rows": 599, "Actual Loops": 1, "Output": ["n1.n_name", "n2.n_name", "(date_part('year'::text, (lineitem.l_shipdate)::timestamp without time zone))", "lineitem.l_extendedprice", "lineitem.l_discount"], "Sort Key": ["n1.n_name", "n2.n_name", "(date_part('year'::text, (lineitem.l_shipdate)::timestamp without time zone))"], "Sort Method": "quicksort", "Sort Space Used": 71, "Sort Space Type": "Memory", "Plans": [{"Node Type": "Hash Join", "Parent Relationship": "Outer", "Parallel Aware": false, "Join Type": "Inner", "Startup Cost": 5327.32, "Total Cost": 26293.79, "Plan Rows": 9, "Plan Width": 78, "Actual Startup Time": 78.722, "Actual Total Time": 209.914, "Actual Rows": 599, "Actual Loops": 1, "Output": ["n1.n_name", "n2.n_name", "date_part('year'::text, (lineitem.l_shipdate)::timestamp without time zone)", "lineitem.l_extendedprice", "lineitem.l_discount"], "Inner Unique": false, "Hash Cond": "(lineitem.l_suppkey = supplier.s_suppkey)", "Join Filter": "((((n1.n_name)::text = 'MOZAMBIQUE'::text) AND ((n2.n_name)::text = 'GERMANY'::text)) OR (((n1.n_name)::text = 'GERMANY'::text) AND ((n2.n_name)::text = 'MOZAMBIQUE'::text)))", "Rows Removed by Join Filter": 579, "Plans": [{"Node Type": "Hash Join", "Parent Relationship": "Outer", "Parallel Aware": false, "Join Type": "Inner", "Startup Cost": 5273.84, "Total Cost": 26233.09, "Plan Rows": 1815, "Plan Width": 49, "Actual Startup Time": 76.948, "Actual Total Time": 207.046, "Actual Rows": 14780, "Actual Loops": 1, "Output": ["lineitem.l_shipdate", "lineitem.l_extendedprice", "lineitem.l_discount", "lineitem.l_suppkey", "n2.n_name"], "Inner Unique": false, "Hash Cond": "(lineitem.l_orderkey = orders.o_orderkey)", "Plans": [{"Node Type": "Seq Scan", "Parent Relationship": "Outer", "Parallel Aware": false, "Relation Name": "lineitem", "Schema": "public", "Alias": "lineitem", "Startup Cost": 0.0, "Total Cost": 20247.0, "Plan Rows": 185095, "Plan Width": 24, "Actual Startup Time": 0.028, "Actual Total Time": 112.517, "Actual Rows": 182585, "Actual Loops": 1, "Output": ["lineitem.l_orderkey", "lineitem.l_partkey", "lineitem.l_suppkey", "lineitem.l_linenumber", "lineitem.l_quantity", "lineitem.l_extendedprice", "lineitem.l_discount", "lineitem.l_tax", "lineitem.l_returnflag", "lineitem.l_linestatus", "lineitem.l_shipdate", "lineitem.l_commitdate", "lineitem.l_receiptdate", "lineitem.l_shipinstruct", "lineitem.l_shipmode", "lineitem.l_comment"], "Filter": "((lineitem.l_shipdate >= '1995-01-01'::date) AND (lineitem.l_shipdate <= '1996-12-31'::date))", "Rows Removed by Filter": 417415}, {"Node Type": "Hash", "Parent Relationship": "Inner", "Parallel Aware": false, "Startup Cost": 5255.45, "Total Cost": 5255.45, "Plan Rows": 1471, "Plan Width": 33, "Actual Startup Time": 76.885, "Actual Total Time": 76.889, "Actual Rows": 12058, "Actual Loops": 1, "Output": ["orders.o_orderkey", "n2.n_name"], "Hash Buckets": 16384, "Original Hash Buckets": 2048, "Hash Batches": 1, "Original Hash Batches": 1, "Peak Memory Usage": 664, "Plans": [{"Node Type": "Hash Join", "Parent Relationship": "Outer", "Parallel Aware": false, "Join Type": "Inner", "Startup Cost": 568.25, "Total Cost": 5255.45, "Plan Rows": 1471, "Plan Width": 33, "Actual Startup Time": 3.677, "Actual Total Time": 72.112, "Actual Rows": 12058, "Actual Loops": 1, "Output": ["orders.o_orderkey", "n2.n_name"], "Inner Unique": false, "Hash Cond": "(orders.o_custkey = customer.c_custkey)", "Plans": [{"Node Type": "Seq Scan", "Parent Relationship": "Outer", "Parallel Aware": false, "Relation Name": "orders", "Schema": "public", "Alias": "orders", "Startup Cost": 0.0, "Total Cost": 4110.0, "Plan Rows": 150000, "Plan Width": 8, "Actual Startup Time": 0.004, "Actual Total Time": 23.44, "Actual Rows": 150000, "Actual Loops": 1, "Output": ["orders.o_orderkey", "orders.o_custkey", "orders.o_orderstatus", "orders.o_totalprice", "orders.o_orderdate", "orders.o_orderpriority", "orders.o_clerk", "orders.o_shippriority", "orders.o_comment"]}, {"Node Type": "Hash", "Parent Relationship": "Inner", "Parallel Aware": false, "Startup Cost": 566.41, "Total Cost": 566.41, "Plan Rows": 147, "Plan Width": 33, "Actual Startup Time": 3.608, "Actual Total Time": 3.611, "Actual Rows": 1206, "Actual Loops": 1, "Output": ["customer.c_custkey", "n2.n_name"], "Hash Buckets": 2048, "Original Hash Buckets": 1024, "Hash Batches": 1, "Original Hash Batches": 1, "Peak Memory Usage": 70, "Plans": [{"Node Type": "Hash Join", "Parent Relationship": "Outer", "Parallel Aware": false, "Join Type": "Inner", "Startup Cost": 17.71, "Total Cost": 566.41, "Plan Rows": 147, "Plan Width": 33, "Actual Startup Time": 0.1, "Actual Total Time": 3.323, "Actual Rows": 1206, "Actual Loops": 1, "Output": ["customer.c_custkey", "n2.n_name"], "Inner Unique": true, "Hash Cond": "(customer.c_nationkey = n2.n_nationkey)", "Plans": [{"Node Type": "Seq Scan", "Parent Relationship": "Outer", "Parallel Aware": false, "Relation Name": "customer", "Schema": "public", "Alias": "customer", "Startup Cost": 0.0, "Total Cost": 509.0, "Plan Rows": 15000, "Plan Width": 8, "Actual Startup Time": 0.004, "Actual Total Time": 1.028, "Actual Rows": 15000, "Actual Loops": 1, "Output": ["customer.c_custkey", "customer.c_name", "customer.c_address", "customer.c_nationkey", "customer.c_phone", "customer.c_acctbal", "customer.c_mktsegment", "customer.c_comment"]}, {"Node Type": "Hash", "Parent Relationship": "Inner", "Parallel Aware": false, "Startup Cost": 17.65, "Total Cost": 17.65, "Plan Rows": 5, "Plan Width": 33, "Actual Startup Time": 0.026, "Actual Total Time": 0.027, "Actual Rows": 2, "Actual Loops": 1, "Output": ["n2.n_name", "n2.n_nationkey"], "Hash Buckets": 1024, "Original Hash Buckets": 1024, "Hash Batches": 1, "Original Hash Batches": 1, "Peak Memory Usage": 9, "Plans": [{"Node Type": "Seq Scan", "Parent Relationship": "Outer", "Parallel Aware": false, "Relation Name": "nation", "Schema": "public", "Alias": "n2", "Startup Cost": 0.0, "Total Cost": 17.65, "Plan Rows": 5, "Plan Width": 33, "Actual Startup Time": 0.007, "Actual Total Time": 0.01, "Actual Rows": 2, "Actual Loops": 1, "Output": ["n2.n_name", "n2.n_nationkey"], "Filter": "(((n2.n_name)::text = 'GERMANY'::text) OR ((n2.n_name)::text = 'MOZAMBIQUE'::text))", "Rows Removed by Filter": 23}]}]}]}]}]}]}, {"Node Type": "Hash", "Parent Relationship": "Inner", "Parallel Aware": false, "Startup Cost": 53.36, "Total Cost": 53.36, "Plan Rows": 10, "Plan Width": 33, "Actual Startup Time": 0.539, "Actual Total Time": 0.541, "Actual Rows": 84, "Actual Loops": 1, "Output": ["supplier.s_suppkey", "n1.n_name"], "Hash Buckets": 1024, "Original Hash Buckets": 1024, "Hash Batches": 1, "Original Hash Batches": 1, "Peak Memory Usage": 12, "Plans": [{"Node Type": "Hash Join", "Parent Relationship": "Outer", "Parallel Aware": false, "Join Type": "Inner", "Startup Cost": 17.71, "Total Cost": 53.36, "Plan Rows": 10, "Plan Width": 33, "Actual Startup Time": 0.103, "Actual Total Time": 0.509, "Actual Rows": 84, "Actual Loops": 1, "Output": ["supplier.s_suppkey", "n1.n_name"], "Inner Unique": true, "Hash Cond": "(supplier.s_nationkey = n1.n_nationkey)", "Plans": [{"Node Type": "Seq Scan", "Parent Relationship": "Outer", "Parallel Aware": false, "Relation Name": "supplier", "Schema": "public", "Alias": "supplier", "Startup Cost": 0.0, "Total Cost": 33.0, "Plan Rows": 1000, "Plan Width": 8, "Actual Startup Time": 0.006, "Actual Total Time": 0.288, "Actual Rows": 1000, "Actual Loops": 1, "Output": ["supplier.s_suppkey", "supplier.s_name", "supplier.s_address", "supplier.s_nationkey", "supplier.s_phone", "supplier.s_acctbal", "supplier.s_comment"]}, {"Node Type": "Hash", "Parent Relationship": "Inner", "Parallel Aware": false, "Startup Cost": 17.65, "Total Cost": 17.65, "Plan Rows": 5, "Plan Width": 33, "Actual Startup Time": 0.066, "Actual Total Time": 0.066, "Actual Rows": 2, "Actual Loops": 1, "Output": ["n1.n_name", "n1.n_nationkey"], "Hash Buckets": 1024, "Original Hash Buckets": 1024, "Hash Batches": 1, "Original Hash Batches": 1, "Peak Memory Usage": 9, "Plans": [{"Node Type": "Seq Scan", "Parent Relationship": "Outer", "Parallel Aware": false, "Relation Name": "nation", "Schema": "public", "Alias": "n1", "Startup Cost": 0.0, "Total Cost": 17.65, "Plan Rows": 5, "Plan Width": 33, "Actual Startup Time": 0.051, "Actual Total Time": 0.054, "Actual Rows": 2, "Actual Loops": 1, "Output": ["n1.n_name", "n1.n_nationkey"], "Filter": "(((n1.n_name)::text = 'MOZAMBIQUE'::text) OR ((n1.n_name)::text = 'GERMANY'::text))", "Rows Removed by Filter": 23}]}]}]}]}]}]}, "Planning Time": 2.303, "Triggers": [], "Execution Time": 210.629}]
q22#####[{"Plan": {"Node Type": "Aggregate", "Strategy": "Sorted", "Partial Mode": "Simple", "Parallel Aware": false, "Startup Cost": 129332.86, "Total Cost": 129334.39, "Plan Rows": 34, "Plan Width": 40, "Actual Startup Time": 607.244, "Actual Total Time": 607.404, "Actual Rows": 2, "Actual Loops": 1, "Output": ["(date_part('year'::text, (orders.o_orderdate)::timestamp without time zone))", "(sum(CASE WHEN ((n2.n_name)::text = 'CANADA'::text) THEN (lineitem.l_extendedprice * ('1'::numeric - lineitem.l_discount)) ELSE '0'::numeric END) / sum((lineitem.l_extendedprice * ('1'::numeric - lineitem.l_discount))))"], "Group Key": ["(date_part('year'::text, (orders.o_orderdate)::timestamp without time zone))"], "Plans": [{"Node Type": "Sort", "Parent Relationship": "Outer", "Parallel Aware": false, "Startup Cost": 129332.86, "Total Cost": 129332.95, "Plan Rows": 34, "Plan Width": 49, "Actual Startup Time": 607.073, "Actual Total Time": 607.126, "Actual Rows": 1263, "Actual Loops": 1, "Output": ["(date_part('year'::text, (orders.o_orderdate)::timestamp without time zone))", "n2.n_name", "lineitem.l_extendedprice", "lineitem.l_discount"], "Sort Key": ["(date_part('year'::text, (orders.o_orderdate)::timestamp without time zone))"], "Sort Method": "quicksort", "Sort Space Used": 147, "Sort Space Type": "Memory", "Plans": [{"Node Type": "Nested Loop", "Parent Relationship": "Outer", "Parallel Aware": false, "Join Type": "Inner", "Startup Cost": 31571.3, "Total Cost": 129332.0, "Plan Rows": 34, "Plan Width": 49, "Actual Startup Time": 179.345, "Actual Total Time": 606.767, "Actual Rows": 1263, "Actual Loops": 1, "Output": ["date_part('year'::text, (orders.o_orderdate)::timestamp without time zone)", "n2.n_name", "lineitem.l_extendedprice", "lineitem.l_discount"], "Inner Unique": true, "Plans": [{"Node Type": "Hash Join", "Parent Relationship": "Outer", "Parallel Aware": false, "Join Type": "Inner", "Startup Cost": 31571.15, "Total Cost": 129325.89, "Plan Rows": 34, "Plan Width": 20, "Actual Startup Time": 179.331, "Actual Total Time": 605.441, "Actual Rows": 1263, "Actual Loops": 1, "Output": ["lineitem.l_extendedprice", "lineitem.l_discount", "supplier.s_nationkey", "orders.o_orderdate"], "Inner Unique": false, "Hash Cond": "(lineitem.l_suppkey = supplier.s_suppkey)", "Plans": [{"Node Type": "Hash Join", "Parent Relationship": "Outer", "Parallel Aware": false, "Join Type": "Inner", "Startup Cost": 31347.65, "Total Cost": 129101.92, "Plan Rows": 34, "Plan Width": 20, "Actual Startup Time": 178.379, "Actual Total Time": 603.957, "Actual Rows": 1263, "Actual Loops": 1, "Output": ["lineitem.l_extendedprice", "lineitem.l_discount", "lineitem.l_suppkey", "orders.o_orderdate"], "Inner Unique": false, "Hash Cond": "(lineitem.l_orderkey = orders.o_orderkey)", "Plans": [{"Node Type": "Hash Join", "Parent Relationship": "Outer", "Parallel Aware": false, "Join Type": "Inner", "Startup Cost": 3306.29, "Total Cost": 100985.63, "Plan Rows": 19889, "Plan Width": 20, "Actual Startup Time": 74.523, "Actual Total Time": 494.639, "Actual Rows": 21230, "Actual Loops": 1, "Output": ["lineitem.l_extendedprice", "lineitem.l_discount", "lineitem.l_suppkey", "lineitem.l_orderkey"], "Inner Unique": false, "Hash Cond": "(lineitem.l_partkey = part.p_partkey)", "Plans": [{"Node Type": "Seq Scan", "Parent Relationship": "Outer", "Parallel Aware": false, "Relation Name": "lineitem", "Schema": "public", "Alias": "lineitem", "Startup Cost": 0.0, "Total Cost": 86231.15, "Plan Rows": 2999815, "Plan Width": 24, "Actual Startup Time": 0.01, "Actual Total Time": 252.765, "Actual Rows": 2999671, "Actual Loops": 1, "Output": ["lineitem.l_orderkey", "lineitem.l_partkey", "lineitem.l_suppkey", "lineitem.l_linenumber", "lineitem.l_quantity", "lineitem.l_extendedprice", "lineitem.l_discount", "lineitem.l_tax", "lineitem.l_returnflag", "lineitem.l_linestatus", "lineitem.l_shipdate", "lineitem.l_commitdate", "lineitem.l_receiptdate", "lineitem.l_shipinstruct", "lineitem.l_shipmode", "lineitem.l_comment"]}, {"Node Type": "Hash", "Parent Relationship": "Inner", "Parallel Aware": false, "Startup Cost": 3298.0, "Total Cost": 3298.0, "Plan Rows": 663, "Plan Width": 4, "Actual Startup Time": 74.464, "Actual Total Time": 74.465, "Actual Rows": 709, "Actual Loops": 1, "Output": ["part.p_partkey"], "Hash Buckets": 1024, "Original Hash Buckets": 1024, "Hash Batches": 1, "Original Hash Batches": 1, "Peak Memory Usage": 33, "Plans": [{"Node Type": "Seq Scan", "Parent Relationship": "Outer", "Parallel Aware": false, "Relation Name": "part", "Schema": "public", "Alias": "part", "Startup Cost": 0.0, "Total Cost": 3298.0, "Plan Rows": 663, "Plan Width": 4, "Actual Startup Time": 0.023, "Actual Total Time": 74.24, "Actual Rows": 709, "Actual Loops": 1, "Output": ["part.p_partkey"], "Filter": "((part.p_type)::text = 'LARGE PLATED BRASS'::text)", "Rows Removed by Filter": 99291}]}]}, {"Node Type": "Hash", "Parent Relationship": "Inner", "Parallel Aware": false, "Startup Cost": 28025.12, "Total Cost": 28025.12, "Plan Rows": 1300, "Plan Width": 8, "Actual Startup Time": 103.625, "Actual Total Time": 103.629, "Actual Rows": 45875, "Actual Loops": 1, "Output": ["orders.o_orderdate", "orders.o_orderkey"], "Hash Buckets": 65536, "Original Hash Buckets": 2048, "Hash Batches": 1, "Original Hash Batches": 1, "Peak Memory Usage": 2304, "Plans": [{"Node Type": "Hash Join", "Parent Relationship": "Outer", "Parallel Aware": false, "Join Type": "Inner", "Startup Cost": 2867.1, "Total Cost": 28025.12, "Plan Rows": 1300, "Plan Width": 8, "Actual Startup Time": 10.306, "Actual Total Time": 99.672, "Actual Rows": 45875, "Actual Loops": 1, "Output": ["orders.o_orderdate", "orders.o_orderkey"], "Inner Unique": false, "Hash Cond": "(orders.o_custkey = customer.c_custkey)", "Plans": [{"Node Type": "Seq Scan", "Parent Relationship": "Outer", "Parallel Aware": false, "Relation Name": "orders", "Schema": "public", "Alias": "orders", "Startup Cost": 0.0, "Total Cost": 24300.0, "Plan Rows": 225336, "Plan Width": 12, "Actual Startup Time": 0.013, "Actual Total Time": 72.185, "Actual Rows": 228641, "Actual Loops": 1, "Output": ["orders.o_orderkey", "orders.o_custkey", "orders.o_orderstatus", "orders.o_totalprice", "orders.o_orderdate", "orders.o_orderpriority", "orders.o_clerk", "orders.o_shippriority", "orders.o_comment"], "Filter": "((orders.o_orderdate >= '1995-01-01'::date) AND (orders.o_orderdate <= '1996-12-31'::date))", "Rows Removed by Filter": 521359}, {"Node Type": "Hash", "Parent Relationship": "Inner", "Parallel Aware": false, "Startup Cost": 2861.68, "Total Cost": 2861.68, "Plan Rows": 433, "Plan Width": 4, "Actual Startup Time": 10.286, "Actual Total Time": 10.288, "Actual Rows": 15048, "Actual Loops": 1, "Output": ["customer.c_custkey"], "Hash Buckets": 16384, "Original Hash Buckets": 1024, "Hash Batches": 1, "Original Hash Batches": 1, "Peak Memory Usage": 658, "Plans": [{"Node Type": "Hash Join", "Parent Relationship": "Outer", "Parallel Aware": false, "Join Type": "Inner", "Startup Cost": 33.02, "Total Cost": 2861.68, "Plan Rows": 433, "Plan Width": 4, "Actual Startup Time": 0.04, "Actual Total Time": 9.239, "Actual Rows": 15048, "Actual Loops": 1, "Output": ["customer.c_custkey"], "Inner Unique": false, "Hash Cond": "(customer.c_nationkey = n1.n_nationkey)", "Plans": [{"Node Type": "Seq Scan", "Parent Relationship": "Outer", "Parallel Aware": false, "Relation Name": "customer", "Schema": "public", "Alias": "customer", "Startup Cost": 0.0, "Total Cost": 2543.0, "Plan Rows": 75000, "Plan Width": 8, "Actual Startup Time": 0.002, "Actual Total Time": 3.348, "Actual Rows": 75000, "Actual Loops": 1, "Output": ["customer.c_custkey", "customer.c_name", "customer.c_address", "customer.c_nationkey", "customer.c_phone", "customer.c_acctbal", "customer.c_mktsegment", "customer.c_comment"]}, {"Node Type": "Hash", "Parent Relationship": "Inner", "Parallel Aware": false, "Startup Cost": 32.99, "Total Cost": 32.99, "Plan Rows": 3, "Plan Width": 4, "Actual Startup Time": 0.033, "Actual Total Time": 0.034, "Actual Rows": 5, "Actual Loops": 1, "Output": ["n1.n_nationkey"], "Hash Buckets": 1024, "Original Hash Buckets": 1024, "Hash Batches": 1, "Original Hash Batches": 1, "Peak Memory Usage": 9, "Plans": [{"Node Type": "Hash Join", "Parent Relationship": "Outer", "Parallel Aware": false, "Join Type": "Inner", "Startup Cost": 16.54, "Total Cost": 32.99, "Plan Rows": 3, "Plan Width": 4, "Actual Startup Time": 0.029, "Actual Total Time": 0.032, "Actual Rows": 5, "Actual Loops": 1, "Output": ["n1.n_nationkey"], "Inner Unique": true, "Hash Cond": "(n1.n_regionkey = region.r_regionkey)", "Plans": [{"Node Type": "Seq Scan", "Parent Relationship": "Outer", "Parallel Aware": false, "Relation Name": "nation", "Schema": "public", "Alias": "n1", "Startup Cost": 0.0, "Total Cost": 15.1, "Plan Rows": 510, "Plan Width": 8, "Actual Startup Time": 0.001, "Actual Total Time": 0.002, "Actual Rows": 25, "Actual Loops": 1, "Output": ["n1.n_nationkey", "n1.n_name", "n1.n_regionkey", "n1.n_comment"]}, {"Node Type": "Hash", "Parent Relationship": "Inner", "Parallel Aware": false, "Startup Cost": 16.5, "Total Cost": 16.5, "Plan Rows": 3, "Plan Width": 4, "Actual Startup Time": 0.005, "Actual Total Time": 0.006, "Actual Rows": 1, "Actual Loops": 1, "Output": ["region.r_regionkey"], "Hash Buckets": 1024, "Original Hash Buckets": 1024, "Hash Batches": 1, "Original Hash Batches": 1, "Peak Memory Usage": 9, "Plans": [{"Node Type": "Seq Scan", "Parent Relationship": "Outer", "Parallel Aware": false, "Relation Name": "region", "Schema": "public", "Alias": "region", "Startup Cost": 0.0, "Total Cost": 16.5, "Plan Rows": 3, "Plan Width": 4, "Actual Startup Time": 0.003, "Actual Total Time": 0.004, "Actual Rows": 1, "Actual Loops": 1, "Output": ["region.r_regionkey"], "Filter": "((region.r_name)::text = 'AMERICA'::text)", "Rows Removed by Filter": 4}]}]}]}]}]}]}]}]}, {"Node Type": "Hash", "Parent Relationship": "Inner", "Parallel Aware": false, "Startup Cost": 161.0, "Total Cost": 161.0, "Plan Rows": 5000, "Plan Width": 8, "Actual Startup Time": 0.938, "Actual Total Time": 0.939, "Actual Rows": 5000, "Actual Loops": 1, "Output": ["supplier.s_suppkey", "supplier.s_nationkey"], "Hash Buckets": 8192, "Original Hash Buckets": 8192, "Hash Batches": 1, "Original Hash Batches": 1, "Peak Memory Usage": 260, "Plans": [{"Node Type": "Seq Scan", "Parent Relationship": "Outer", "Parallel Aware": false, "Relation Name": "supplier", "Schema": "public", "Alias": "supplier", "Startup Cost": 0.0, "Total Cost": 161.0, "Plan Rows": 5000, "Plan Width": 8, "Actual Startup Time": 0.002, "Actual Total Time": 0.454, "Actual Rows": 5000, "Actual Loops": 1, "Output": ["supplier.s_suppkey", "supplier.s_nationkey"]}]}]}, {"Node Type": "Index Scan", "Parent Relationship": "Inner", "Parallel Aware": false, "Scan Direction": "Forward", "Index Name": "nation_pkey", "Relation Name": "nation", "Schema": "public", "Alias": "n2", "Startup Cost": 0.15, "Total Cost": 0.17, "Plan Rows": 1, "Plan Width": 33, "Actual Startup Time": 0.001, "Actual Total Time": 0.001, "Actual Rows": 1, "Actual Loops": 1263, "Output": ["n2.n_nationkey", "n2.n_name", "n2.n_regionkey", "n2.n_comment"], "Index Cond": "(n2.n_nationkey = supplier.s_nationkey)", "Rows Removed by Index Recheck": 0}]}]}]}, "Planning Time": 6.709, "Triggers": [], "Execution Time": 607.519}]
